[2019-08-15 10:37:31,276]: ---mrmd 2.0 start----
[2019-08-15 10:37:31,365]: ANOVA start...
[2019-08-15 10:37:31,382]: ANOVA end.
[2019-08-15 10:37:31,382]: mic start...
[2019-08-15 10:37:36,446]: mic end.
[2019-08-15 10:37:36,446]: mrmd start...
[2019-08-15 10:37:36,632]: mrmd end.
[2019-08-15 10:37:36,632]: mRMR start...
[2019-08-15 10:37:36,746]: mRMR end.
[2019-08-15 10:37:36,746]: lasso start...
[2019-08-15 10:37:36,770]: lasso end.
[2019-08-15 10:37:36,771]: lasso2 start...
[2019-08-15 10:37:37,385]: lasso2 end.
[2019-08-15 10:37:37,388]: rank start ...
[2019-08-15 10:37:37,397]: The final  rank is
[2019-08-15 10:37:37,398]: uncharger.uncharger.gap3 : 0.0091
[2019-08-15 10:37:37,398]: alphaticr.alphaticr.gap4 : 0.0086
[2019-08-15 10:37:37,398]: aromatic.uncharger.gap0 : 0.0082
[2019-08-15 10:37:37,398]: postivecharger.aromatic.gap3 : 0.0081
[2019-08-15 10:37:37,398]: uncharger.postivecharger.gap2 : 0.0080
[2019-08-15 10:37:37,398]: aromatic.uncharger.gap4 : 0.0080
[2019-08-15 10:37:37,398]: uncharger.aromatic.gap5 : 0.0080
[2019-08-15 10:37:37,399]: aromatic.negativecharger.gap0 : 0.0079
[2019-08-15 10:37:37,399]: negativecharger.alphaticr.gap4 : 0.0079
[2019-08-15 10:37:37,399]: postivecharger.negativecharger.gap5 : 0.0079
[2019-08-15 10:37:37,399]: alphaticr.alphaticr.gap0 : 0.0078
[2019-08-15 10:37:37,399]: alphaticr.postivecharger.gap3 : 0.0078
[2019-08-15 10:37:37,399]: postivecharger.uncharger.gap5 : 0.0077
[2019-08-15 10:37:37,399]: uncharger.alphaticr.gap3 : 0.0077
[2019-08-15 10:37:37,399]: alphaticr.aromatic.gap2 : 0.0077
[2019-08-15 10:37:37,399]: uncharger.uncharger.gap2 : 0.0076
[2019-08-15 10:37:37,399]: aromatic.postivecharger.gap5 : 0.0076
[2019-08-15 10:37:37,400]: alphaticr.negativecharger.gap4 : 0.0076
[2019-08-15 10:37:37,400]: postivecharger.postivecharger.gap4 : 0.0076
[2019-08-15 10:37:37,400]: uncharger.negativecharger.gap1 : 0.0076
[2019-08-15 10:37:37,400]: uncharger.aromatic.gap1 : 0.0076
[2019-08-15 10:37:37,400]: uncharger.negativecharger.gap5 : 0.0076
[2019-08-15 10:37:37,400]: aromatic.uncharger.gap5 : 0.0075
[2019-08-15 10:37:37,400]: alphaticr.alphaticr.gap5 : 0.0075
[2019-08-15 10:37:37,400]: uncharger.alphaticr.gap2 : 0.0075
[2019-08-15 10:37:37,400]: postivecharger.alphaticr.gap1 : 0.0075
[2019-08-15 10:37:37,400]: alphaticr.postivecharger.gap2 : 0.0075
[2019-08-15 10:37:37,400]: alphaticr.alphaticr.gap1 : 0.0074
[2019-08-15 10:37:37,401]: postivecharger.uncharger.gap0 : 0.0074
[2019-08-15 10:37:37,401]: alphaticr.negativecharger.gap3 : 0.0074
[2019-08-15 10:37:37,401]: postivecharger.uncharger.gap2 : 0.0074
[2019-08-15 10:37:37,401]: uncharger.postivecharger.gap5 : 0.0074
[2019-08-15 10:37:37,401]: aromatic.uncharger.gap2 : 0.0074
[2019-08-15 10:37:37,401]: aromatic.negativecharger.gap5 : 0.0074
[2019-08-15 10:37:37,401]: postivecharger.postivecharger.gap1 : 0.0074
[2019-08-15 10:37:37,401]: alphaticr.negativecharger.gap5 : 0.0074
[2019-08-15 10:37:37,401]: postivecharger.uncharger.gap3 : 0.0074
[2019-08-15 10:37:37,401]: negativecharger.uncharger.gap2 : 0.0073
[2019-08-15 10:37:37,401]: postivecharger.uncharger.gap4 : 0.0073
[2019-08-15 10:37:37,401]: postivecharger.alphaticr.gap3 : 0.0073
[2019-08-15 10:37:37,401]: postivecharger.alphaticr.gap0 : 0.0073
[2019-08-15 10:37:37,402]: uncharger.alphaticr.gap0 : 0.0073
[2019-08-15 10:37:37,402]: negativecharger.alphaticr.gap0 : 0.0073
[2019-08-15 10:37:37,402]: uncharger.alphaticr.gap5 : 0.0073
[2019-08-15 10:37:37,402]: aromatic.uncharger.gap1 : 0.0073
[2019-08-15 10:37:37,402]: uncharger.aromatic.gap0 : 0.0073
[2019-08-15 10:37:37,402]: uncharger.postivecharger.gap4 : 0.0073
[2019-08-15 10:37:37,402]: uncharger.postivecharger.gap0 : 0.0073
[2019-08-15 10:37:37,402]: uncharger.alphaticr.gap1 : 0.0072
[2019-08-15 10:37:37,402]: aromatic.alphaticr.gap4 : 0.0072
[2019-08-15 10:37:37,402]: alphaticr.postivecharger.gap4 : 0.0072
[2019-08-15 10:37:37,403]: uncharger.negativecharger.gap3 : 0.0071
[2019-08-15 10:37:37,403]: negativecharger.postivecharger.gap2 : 0.0071
[2019-08-15 10:37:37,403]: uncharger.postivecharger.gap1 : 0.0071
[2019-08-15 10:37:37,403]: negativecharger.alphaticr.gap3 : 0.0070
[2019-08-15 10:37:37,403]: negativecharger.alphaticr.gap5 : 0.0070
[2019-08-15 10:37:37,403]: alphaticr.aromatic.gap4 : 0.0070
[2019-08-15 10:37:37,403]: postivecharger.aromatic.gap5 : 0.0069
[2019-08-15 10:37:37,403]: postivecharger.negativecharger.gap0 : 0.0068
[2019-08-15 10:37:37,403]: negativecharger.aromatic.gap2 : 0.0068
[2019-08-15 10:37:37,403]: negativecharger.aromatic.gap3 : 0.0068
[2019-08-15 10:37:37,403]: aromatic.postivecharger.gap4 : 0.0068
[2019-08-15 10:37:37,403]: postivecharger.postivecharger.gap5 : 0.0068
[2019-08-15 10:37:37,404]: uncharger.aromatic.gap4 : 0.0067
[2019-08-15 10:37:37,404]: negativecharger.uncharger.gap5 : 0.0067
[2019-08-15 10:37:37,404]: aromatic.alphaticr.gap5 : 0.0066
[2019-08-15 10:37:37,404]: negativecharger.negativecharger.gap2 : 0.0066
[2019-08-15 10:37:37,404]: negativecharger.postivecharger.gap4 : 0.0066
[2019-08-15 10:37:37,404]: alphaticr.uncharger.gap4 : 0.0066
[2019-08-15 10:37:37,404]: uncharger.aromatic.gap3 : 0.0066
[2019-08-15 10:37:37,404]: aromatic.negativecharger.gap2 : 0.0065
[2019-08-15 10:37:37,404]: postivecharger.aromatic.gap1 : 0.0065
[2019-08-15 10:37:37,404]: aromatic.aromatic.gap0 : 0.0065
[2019-08-15 10:37:37,404]: aromatic.postivecharger.gap2 : 0.0065
[2019-08-15 10:37:37,404]: alphaticr.negativecharger.gap0 : 0.0065
[2019-08-15 10:37:37,405]: negativecharger.uncharger.gap3 : 0.0065
[2019-08-15 10:37:37,405]: alphaticr.postivecharger.gap5 : 0.0065
[2019-08-15 10:37:37,405]: alphaticr.negativecharger.gap1 : 0.0064
[2019-08-15 10:37:37,405]: aromatic.alphaticr.gap1 : 0.0064
[2019-08-15 10:37:37,405]: uncharger.postivecharger.gap3 : 0.0064
[2019-08-15 10:37:37,405]: aromatic.postivecharger.gap0 : 0.0064
[2019-08-15 10:37:37,405]: postivecharger.negativecharger.gap1 : 0.0064
[2019-08-15 10:37:37,405]: alphaticr.uncharger.gap0 : 0.0064
[2019-08-15 10:37:37,405]: alphaticr.uncharger.gap2 : 0.0063
[2019-08-15 10:37:37,405]: aromatic.postivecharger.gap3 : 0.0063
[2019-08-15 10:37:37,405]: negativecharger.negativecharger.gap4 : 0.0063
[2019-08-15 10:37:37,405]: uncharger.negativecharger.gap0 : 0.0063
[2019-08-15 10:37:37,405]: postivecharger.negativecharger.gap2 : 0.0063
[2019-08-15 10:37:37,406]: uncharger.negativecharger.gap4 : 0.0063
[2019-08-15 10:37:37,406]: postivecharger.aromatic.gap2 : 0.0063
[2019-08-15 10:37:37,406]: alphaticr.uncharger.gap5 : 0.0063
[2019-08-15 10:37:37,406]: alphaticr.aromatic.gap1 : 0.0062
[2019-08-15 10:37:37,406]: aromatic.aromatic.gap5 : 0.0062
[2019-08-15 10:37:37,406]: alphaticr.negativecharger.gap2 : 0.0062
[2019-08-15 10:37:37,406]: postivecharger.postivecharger.gap2 : 0.0062
[2019-08-15 10:37:37,406]: postivecharger.negativecharger.gap4 : 0.0062
[2019-08-15 10:37:37,406]: negativecharger.negativecharger.gap5 : 0.0062
[2019-08-15 10:37:37,407]: aromatic.negativecharger.gap1 : 0.0062
[2019-08-15 10:37:37,407]: uncharger.uncharger.gap5 : 0.0062
[2019-08-15 10:37:37,407]: negativecharger.uncharger.gap1 : 0.0062
[2019-08-15 10:37:37,407]: negativecharger.postivecharger.gap0 : 0.0062
[2019-08-15 10:37:37,407]: negativecharger.aromatic.gap5 : 0.0062
[2019-08-15 10:37:37,407]: negativecharger.uncharger.gap4 : 0.0062
[2019-08-15 10:37:37,407]: postivecharger.postivecharger.gap0 : 0.0062
[2019-08-15 10:37:37,407]: postivecharger.aromatic.gap0 : 0.0062
[2019-08-15 10:37:37,407]: negativecharger.alphaticr.gap1 : 0.0062
[2019-08-15 10:37:37,407]: aromatic.negativecharger.gap3 : 0.0062
[2019-08-15 10:37:37,407]: aromatic.aromatic.gap1 : 0.0062
[2019-08-15 10:37:37,407]: alphaticr.aromatic.gap5 : 0.0061
[2019-08-15 10:37:37,408]: postivecharger.aromatic.gap4 : 0.0061
[2019-08-15 10:37:37,408]: negativecharger.negativecharger.gap0 : 0.0061
[2019-08-15 10:37:37,408]: aromatic.aromatic.gap4 : 0.0061
[2019-08-15 10:37:37,408]: aromatic.negativecharger.gap4 : 0.0061
[2019-08-15 10:37:37,408]: postivecharger.uncharger.gap1 : 0.0061
[2019-08-15 10:37:37,408]: negativecharger.postivecharger.gap3 : 0.0061
[2019-08-15 10:37:37,408]: alphaticr.aromatic.gap0 : 0.0061
[2019-08-15 10:37:37,408]: uncharger.negativecharger.gap2 : 0.0061
[2019-08-15 10:37:37,408]: negativecharger.aromatic.gap4 : 0.0061
[2019-08-15 10:37:37,408]: alphaticr.alphaticr.gap3 : 0.0061
[2019-08-15 10:37:37,408]: negativecharger.aromatic.gap0 : 0.0061
[2019-08-15 10:37:37,408]: postivecharger.alphaticr.gap4 : 0.0061
[2019-08-15 10:37:37,409]: aromatic.aromatic.gap2 : 0.0061
[2019-08-15 10:37:37,409]: negativecharger.postivecharger.gap1 : 0.0060
[2019-08-15 10:37:37,409]: uncharger.aromatic.gap2 : 0.0060
[2019-08-15 10:37:37,409]: negativecharger.negativecharger.gap3 : 0.0060
[2019-08-15 10:37:37,409]: postivecharger.alphaticr.gap2 : 0.0060
[2019-08-15 10:37:37,409]: alphaticr.postivecharger.gap1 : 0.0060
[2019-08-15 10:37:37,409]: uncharger.uncharger.gap1 : 0.0060
[2019-08-15 10:37:37,409]: negativecharger.uncharger.gap0 : 0.0060
[2019-08-15 10:37:37,409]: alphaticr.alphaticr.gap2 : 0.0060
[2019-08-15 10:37:37,409]: negativecharger.negativecharger.gap1 : 0.0060
[2019-08-15 10:37:37,409]: alphaticr.uncharger.gap1 : 0.0059
[2019-08-15 10:37:37,409]: negativecharger.alphaticr.gap2 : 0.0059
[2019-08-15 10:37:37,410]: aromatic.uncharger.gap3 : 0.0059
[2019-08-15 10:37:37,410]: postivecharger.alphaticr.gap5 : 0.0059
[2019-08-15 10:37:37,410]: negativecharger.aromatic.gap1 : 0.0059
[2019-08-15 10:37:37,410]: uncharger.uncharger.gap0 : 0.0059
[2019-08-15 10:37:37,410]: negativecharger.postivecharger.gap5 : 0.0058
[2019-08-15 10:37:37,410]: alphaticr.aromatic.gap3 : 0.0058
[2019-08-15 10:37:37,410]: aromatic.postivecharger.gap1 : 0.0058
[2019-08-15 10:37:37,410]: alphaticr.postivecharger.gap0 : 0.0056
[2019-08-15 10:37:37,410]: uncharger.alphaticr.gap4 : 0.0055
[2019-08-15 10:37:37,410]: uncharger.uncharger.gap4 : 0.0055
[2019-08-15 10:37:37,410]: postivecharger.postivecharger.gap3 : 0.0052
[2019-08-15 10:37:37,410]: alphaticr.uncharger.gap3 : 0.0052
[2019-08-15 10:37:37,410]: aromatic.alphaticr.gap2 : 0.0052
[2019-08-15 10:37:37,411]: aromatic.alphaticr.gap0 : 0.0051
[2019-08-15 10:37:37,411]: postivecharger.negativecharger.gap3 : 0.0050
[2019-08-15 10:37:37,411]: aromatic.aromatic.gap3 : 0.0047
[2019-08-15 10:37:37,411]: aromatic.alphaticr.gap3 : 0.0047
[2019-08-15 10:37:37,411]: feature_rank end
[2019-08-15 10:37:37,440]: Start dimension reduction ...
[2019-08-15 10:37:41,435]: length=1 accuarcy=0.5818 f1=0.5811 precision=0.5808 recall=0.5818 roc=0.5783 
[2019-08-15 10:37:45,699]: length=6 accuarcy=0.6273 f1=0.6252 precision=0.6258 recall=0.6273 roc=0.6220 
[2019-08-15 10:37:49,846]: length=11 accuarcy=0.7273 f1=0.7262 precision=0.7270 recall=0.7273 roc=0.7232 
[2019-08-15 10:37:53,954]: length=16 accuarcy=0.7091 f1=0.7079 precision=0.7086 recall=0.7091 roc=0.7049 
[2019-08-15 10:37:58,136]: length=21 accuarcy=0.7273 f1=0.7268 precision=0.7268 recall=0.7273 roc=0.7245 
[2019-08-15 10:38:02,197]: length=26 accuarcy=0.7182 f1=0.7174 precision=0.7177 recall=0.7182 roc=0.7147 
[2019-08-15 10:38:06,393]: length=31 accuarcy=0.7636 f1=0.7627 precision=0.7638 recall=0.7636 roc=0.7597 
[2019-08-15 10:38:10,624]: length=36 accuarcy=0.7364 f1=0.7329 precision=0.7397 recall=0.7364 roc=0.7290 
[2019-08-15 10:38:14,790]: length=41 accuarcy=0.7364 f1=0.7362 precision=0.7361 recall=0.7364 roc=0.7343 
[2019-08-15 10:38:18,926]: length=46 accuarcy=0.7364 f1=0.7362 precision=0.7361 recall=0.7364 roc=0.7343 
[2019-08-15 10:38:23,021]: length=51 accuarcy=0.8000 f1=0.8000 precision=0.8000 recall=0.8000 roc=0.7989 
[2019-08-15 10:38:27,623]: length=56 accuarcy=0.7727 f1=0.7726 precision=0.7725 recall=0.7727 roc=0.7709 
[2019-08-15 10:38:31,825]: length=61 accuarcy=0.7273 f1=0.7268 precision=0.7268 recall=0.7273 roc=0.7245 
[2019-08-15 10:38:35,784]: length=66 accuarcy=0.7727 f1=0.7726 precision=0.7725 recall=0.7727 roc=0.7709 
[2019-08-15 10:38:40,337]: length=71 accuarcy=0.7636 f1=0.7632 precision=0.7634 recall=0.7636 roc=0.7611 
[2019-08-15 10:38:44,432]: length=76 accuarcy=0.7545 f1=0.7539 precision=0.7543 recall=0.7545 roc=0.7512 
[2019-08-15 10:38:48,919]: length=81 accuarcy=0.7545 f1=0.7544 precision=0.7543 recall=0.7545 roc=0.7526 
[2019-08-15 10:38:53,210]: length=86 accuarcy=0.7636 f1=0.7627 precision=0.7638 recall=0.7636 roc=0.7597 
[2019-08-15 10:38:57,833]: length=91 accuarcy=0.7727 f1=0.7715 precision=0.7735 recall=0.7727 roc=0.7682 
[2019-08-15 10:39:01,986]: length=96 accuarcy=0.7455 f1=0.7450 precision=0.7451 recall=0.7455 roc=0.7428 
[2019-08-15 10:39:06,644]: length=101 accuarcy=0.7545 f1=0.7532 precision=0.7550 recall=0.7545 roc=0.7499 
[2019-08-15 10:39:10,771]: length=106 accuarcy=0.7636 f1=0.7620 precision=0.7649 recall=0.7636 roc=0.7584 
[2019-08-15 10:39:14,940]: length=111 accuarcy=0.7455 f1=0.7450 precision=0.7451 recall=0.7455 roc=0.7428 
[2019-08-15 10:39:19,354]: length=116 accuarcy=0.7818 f1=0.7803 precision=0.7835 recall=0.7818 roc=0.7767 
[2019-08-15 10:39:23,985]: length=121 accuarcy=0.7636 f1=0.7627 precision=0.7638 recall=0.7636 roc=0.7597 
[2019-08-15 10:39:28,062]: length=126 accuarcy=0.7545 f1=0.7524 precision=0.7565 recall=0.7545 roc=0.7486 
[2019-08-15 10:39:32,228]: length=131 accuarcy=0.7545 f1=0.7539 precision=0.7543 recall=0.7545 roc=0.7512 
[2019-08-15 10:39:36,367]: length=136 accuarcy=0.7727 f1=0.7715 precision=0.7735 recall=0.7727 roc=0.7682 
[2019-08-15 10:39:40,513]: length=141 accuarcy=0.7455 f1=0.7437 precision=0.7464 recall=0.7455 roc=0.7401 
[2019-08-15 10:39:45,207]: length=146 accuarcy=0.7818 f1=0.7809 precision=0.7822 recall=0.7818 roc=0.7780 
[2019-08-15 10:39:49,468]: length=150 accuarcy=0.7364 f1=0.7356 precision=0.7360 recall=0.7364 roc=0.7330 
[2019-08-15 10:39:49,470]: ----------
[2019-08-15 10:39:49,470]: the max f1 = 0.8000
[2019-08-15 10:39:49,470]: ['uncharger.uncharger.gap3' 'alphaticr.alphaticr.gap4'
 'aromatic.uncharger.gap0' 'postivecharger.aromatic.gap3'
 'uncharger.postivecharger.gap2' 'aromatic.uncharger.gap4'
 'uncharger.aromatic.gap5' 'aromatic.negativecharger.gap0'
 'negativecharger.alphaticr.gap4' 'postivecharger.negativecharger.gap5'
 'alphaticr.alphaticr.gap0' 'alphaticr.postivecharger.gap3'
 'postivecharger.uncharger.gap5' 'uncharger.alphaticr.gap3'
 'alphaticr.aromatic.gap2' 'uncharger.uncharger.gap2'
 'aromatic.postivecharger.gap5' 'alphaticr.negativecharger.gap4'
 'postivecharger.postivecharger.gap4' 'uncharger.negativecharger.gap1'
 'uncharger.aromatic.gap1' 'uncharger.negativecharger.gap5'
 'aromatic.uncharger.gap5' 'alphaticr.alphaticr.gap5'
 'uncharger.alphaticr.gap2' 'postivecharger.alphaticr.gap1'
 'alphaticr.postivecharger.gap2' 'alphaticr.alphaticr.gap1'
 'postivecharger.uncharger.gap0' 'alphaticr.negativecharger.gap3'
 'postivecharger.uncharger.gap2' 'uncharger.postivecharger.gap5'
 'aromatic.uncharger.gap2' 'aromatic.negativecharger.gap5'
 'postivecharger.postivecharger.gap1' 'alphaticr.negativecharger.gap5'
 'postivecharger.uncharger.gap3' 'negativecharger.uncharger.gap2'
 'postivecharger.uncharger.gap4' 'postivecharger.alphaticr.gap3'
 'postivecharger.alphaticr.gap0' 'uncharger.alphaticr.gap0'
 'negativecharger.alphaticr.gap0' 'uncharger.alphaticr.gap5'
 'aromatic.uncharger.gap1' 'uncharger.aromatic.gap0'
 'uncharger.postivecharger.gap4' 'uncharger.postivecharger.gap0'
 'uncharger.alphaticr.gap1' 'aromatic.alphaticr.gap4'
 'alphaticr.postivecharger.gap4'],length = 51
[2019-08-15 10:39:49,470]: -----------
[2019-08-15 10:39:53,722]: ***confusion matrix***
[2019-08-15 10:39:53,722]:                pos_class      neg_class      
[2019-08-15 10:39:53,722]: pos_class      TP:48             FN:11             
[2019-08-15 10:39:53,722]: neg_class      FP:11             TN:40             
[2019-08-15 10:39:53,723]: f1 =0.8000 
[2019-08-15 10:39:53,724]: accuarcy = 0.8000 
[2019-08-15 10:39:53,724]: precision =0.8000 
[2019-08-15 10:39:53,725]: recall =0.8000
[2019-08-15 10:39:53,726]: roc area = 0.7989
[2019-08-15 10:39:53,731]: -----------
[2019-08-15 10:39:53,731]: The output by the terminal's log has been saved in the J:\多设备共享\work\MRMD2.0-github\Logs\201908151037.log.
[2019-08-15 10:39:53,731]: metrics have been saved in the J:\多设备共享\work\MRMD2.0-github\Results\meteixa.csv.
[2019-08-15 10:39:53,732]: reduced dimensional dataset has been saved in the J:\多设备共享\work\MRMD2.0-github\Results\rd.csv.
[2019-08-15 10:39:53,732]: ---mrmd 2.0 end---
