[2019-08-29 20:46:15,888]: ---mrmd 2.0 start----
[2019-08-29 20:46:15,949]: ANOVA start...
[2019-08-29 20:46:15,971]: ANOVA end.
[2019-08-29 20:46:15,971]: mic start...
[2019-08-29 20:46:28,833]: mic end.
[2019-08-29 20:46:28,833]: mrmd start...
[2019-08-29 20:46:29,379]: mrmd end.
[2019-08-29 20:46:29,380]: mRMR start...
[2019-08-29 20:46:33,092]: mRMR end.
[2019-08-29 20:46:33,093]: lasso start...
[2019-08-29 20:46:33,143]: lasso end.
[2019-08-29 20:46:33,144]: chi2 start...
[2019-08-29 20:46:33,181]: chi2 end.
[2019-08-29 20:46:33,182]: ref start...
[2019-08-29 20:46:34,561]: ref end.
[2019-08-29 20:46:34,575]: rank start ...
[2019-08-29 20:46:34,615]: The final  rank is
[2019-08-29 20:46:34,617]: Hopp_Woods_R : 0.0071
[2019-08-29 20:46:34,617]: basic_polar : 0.0070
[2019-08-29 20:46:34,617]: Rose_I : 0.0067
[2019-08-29 20:46:34,617]: Janin_W : 0.0067
[2019-08-29 20:46:34,618]: aromatic : 0.0067
[2019-08-29 20:46:34,618]: Janin_P : 0.0067
[2019-08-29 20:46:34,618]: Cornette_C : 0.0066
[2019-08-29 20:46:34,618]: Kyte_Doolittle_I : 0.0066
[2019-08-29 20:46:34,618]: Janin_D : 0.0066
[2019-08-29 20:46:34,618]: hydrophily : 0.0066
[2019-08-29 20:46:34,619]: Kyte_Doolittle_A : 0.0066
[2019-08-29 20:46:34,619]: Cornette_V : 0.0065
[2019-08-29 20:46:34,619]: Cornette_T : 0.0065
[2019-08-29 20:46:34,619]: Engelman_GES_W : 0.0065
[2019-08-29 20:46:34,619]: Engelman_GES_D : 0.0065
[2019-08-29 20:46:34,619]: Eisenberg_R : 0.0064
[2019-08-29 20:46:34,619]: Engelman_GES_S : 0.0064
[2019-08-29 20:46:34,620]: Engelman_GES_E : 0.0064
[2019-08-29 20:46:34,620]: Hopp_Woods_A : 0.0064
[2019-08-29 20:46:34,620]: Engelman_GES_N : 0.0064
[2019-08-29 20:46:34,620]: Hopp_Woods_I : 0.0064
[2019-08-29 20:46:34,620]: Rose_S : 0.0063
[2019-08-29 20:46:34,620]: Hopp_Woods_D : 0.0063
[2019-08-29 20:46:34,621]: Engelman_GES_R : 0.0063
[2019-08-29 20:46:34,621]: Janin_Q : 0.0062
[2019-08-29 20:46:34,621]: Cornette_F : 0.0062
[2019-08-29 20:46:34,621]: Janin_V : 0.0062
[2019-08-29 20:46:34,621]: Cornette_K : 0.0062
[2019-08-29 20:46:34,621]: Cornette_P : 0.0062
[2019-08-29 20:46:34,622]: Rose_H : 0.0062
[2019-08-29 20:46:34,622]: Eisenberg_N : 0.0061
[2019-08-29 20:46:34,622]: Cornette_D : 0.0061
[2019-08-29 20:46:34,622]: Engelman_GES_L : 0.0061
[2019-08-29 20:46:34,622]: Rose_L : 0.0061
[2019-08-29 20:46:34,622]: C : 0.0061
[2019-08-29 20:46:34,623]: Cornette_E : 0.0061
[2019-08-29 20:46:34,623]: Kyte_Doolittle_P : 0.0061
[2019-08-29 20:46:34,623]: Engelman_GES_F : 0.0060
[2019-08-29 20:46:34,623]: Janin_H : 0.0060
[2019-08-29 20:46:34,623]: Rose_Q : 0.0060
[2019-08-29 20:46:34,623]: Kyte_Doolittle_K : 0.0060
[2019-08-29 20:46:34,624]: Kyte_Doolittle_W : 0.0059
[2019-08-29 20:46:34,624]: Kyte_Doolittle_C : 0.0059
[2019-08-29 20:46:34,624]: Kyte_Doolittle_H : 0.0059
[2019-08-29 20:46:34,624]: K : 0.0059
[2019-08-29 20:46:34,624]: Hopp_Woods_F : 0.0059
[2019-08-29 20:46:34,624]: F : 0.0059
[2019-08-29 20:46:34,625]: Cornette_H : 0.0059
[2019-08-29 20:46:34,625]: Eisenberg_Y : 0.0059
[2019-08-29 20:46:34,625]: Janin_Y : 0.0059
[2019-08-29 20:46:34,625]: Kyte_Doolittle_L : 0.0058
[2019-08-29 20:46:34,625]: Rose_T : 0.0058
[2019-08-29 20:46:34,625]: Rose_R : 0.0058
[2019-08-29 20:46:34,625]: P : 0.0058
[2019-08-29 20:46:34,626]: Eisenberg_K : 0.0058
[2019-08-29 20:46:34,626]: Rose_W : 0.0058
[2019-08-29 20:46:34,626]: Cornette_S : 0.0058
[2019-08-29 20:46:34,626]: Eisenberg_D : 0.0058
[2019-08-29 20:46:34,626]: Rose_P : 0.0058
[2019-08-29 20:46:34,626]: I : 0.0058
[2019-08-29 20:46:34,627]: Rose_V : 0.0058
[2019-08-29 20:46:34,627]: nonpolar : 0.0058
[2019-08-29 20:46:34,627]: Kyte_Doolittle_N : 0.0058
[2019-08-29 20:46:34,627]: Q : 0.0057
[2019-08-29 20:46:34,627]: Engelman_GES_P : 0.0057
[2019-08-29 20:46:34,627]: Hopp_Woods_N : 0.0057
[2019-08-29 20:46:34,627]: S : 0.0057
[2019-08-29 20:46:34,628]: Janin_A : 0.0057
[2019-08-29 20:46:34,628]: Eisenberg_W : 0.0057
[2019-08-29 20:46:34,628]: Eisenberg_V : 0.0057
[2019-08-29 20:46:34,628]: Rose_M : 0.0057
[2019-08-29 20:46:34,628]: moderate : 0.0057
[2019-08-29 20:46:34,628]: alphatic : 0.0057
[2019-08-29 20:46:34,629]: Cornette_W : 0.0057
[2019-08-29 20:46:34,629]: Hopp_Woods_H : 0.0057
[2019-08-29 20:46:34,629]: Engelman_GES_Y : 0.0057
[2019-08-29 20:46:34,629]: Janin_L : 0.0056
[2019-08-29 20:46:34,629]: aliphatic : 0.0056
[2019-08-29 20:46:34,629]: Eisenberg_M : 0.0056
[2019-08-29 20:46:34,630]: Engelman_GES_Q : 0.0056
[2019-08-29 20:46:34,630]: Engelman_GES_T : 0.0056
[2019-08-29 20:46:34,630]: V : 0.0056
[2019-08-29 20:46:34,630]: Eisenberg_S : 0.0056
[2019-08-29 20:46:34,630]: Engelman_GES_K : 0.0056
[2019-08-29 20:46:34,630]: Eisenberg_T : 0.0056
[2019-08-29 20:46:34,630]: negativecharge : 0.0056
[2019-08-29 20:46:34,630]: T : 0.0056
[2019-08-29 20:46:34,631]: Janin_T : 0.0056
[2019-08-29 20:46:34,631]: Janin_I : 0.0056
[2019-08-29 20:46:34,631]: Kyte_Doolittle_Y : 0.0056
[2019-08-29 20:46:34,631]: Cornette_Q : 0.0056
[2019-08-29 20:46:34,631]: Eisenberg_Q : 0.0056
[2019-08-29 20:46:34,631]: Kyte_Doolittle_S : 0.0056
[2019-08-29 20:46:34,632]: Cornette_A : 0.0056
[2019-08-29 20:46:34,632]: Hopp_Woods_Q : 0.0056
[2019-08-29 20:46:34,632]: Kyte_Doolittle_M : 0.0056
[2019-08-29 20:46:34,632]: Kyte_Doolittle_F : 0.0056
[2019-08-29 20:46:34,633]: Kyte_Doolittle_D : 0.0056
[2019-08-29 20:46:34,633]: Kyte_Doolittle_R : 0.0056
[2019-08-29 20:46:34,633]: Hopp_Woods_M : 0.0056
[2019-08-29 20:46:34,633]: Y : 0.0056
[2019-08-29 20:46:34,633]: polar : 0.0056
[2019-08-29 20:46:34,633]: uncharge : 0.0056
[2019-08-29 20:46:34,634]: Rose_D : 0.0056
[2019-08-29 20:46:34,634]: Rose_A : 0.0055
[2019-08-29 20:46:34,634]: Hopp_Woods_V : 0.0055
[2019-08-29 20:46:34,634]: Kyte_Doolittle_E : 0.0055
[2019-08-29 20:46:34,634]: positve : 0.0055
[2019-08-29 20:46:34,634]: Cornette_Y : 0.0055
[2019-08-29 20:46:34,634]: Kyte_Doolittle_Q : 0.0055
[2019-08-29 20:46:34,635]: Engelman_GES_H : 0.0055
[2019-08-29 20:46:34,635]: Eisenberg_A : 0.0055
[2019-08-29 20:46:34,635]: Eisenberg_P : 0.0055
[2019-08-29 20:46:34,635]: Cornette_M : 0.0055
[2019-08-29 20:46:34,635]: postivecharge : 0.0055
[2019-08-29 20:46:34,635]: Hopp_Woods_S : 0.0055
[2019-08-29 20:46:34,636]: Hopp_Woods_L : 0.0055
[2019-08-29 20:46:34,636]: Engelman_GES_V : 0.0055
[2019-08-29 20:46:34,636]: Cornette_L : 0.0055
[2019-08-29 20:46:34,636]: Janin_K : 0.0055
[2019-08-29 20:46:34,636]: Engelman_GES_A : 0.0055
[2019-08-29 20:46:34,636]: Eisenberg_H : 0.0055
[2019-08-29 20:46:34,637]: Eisenberg_L : 0.0055
[2019-08-29 20:46:34,637]: D : 0.0055
[2019-08-29 20:46:34,637]: Hopp_Woods_Y : 0.0055
[2019-08-29 20:46:34,637]: Engelman_GES_G : 0.0055
[2019-08-29 20:46:34,637]: R : 0.0055
[2019-08-29 20:46:34,637]: G : 0.0055
[2019-08-29 20:46:34,637]: N : 0.0054
[2019-08-29 20:46:34,638]: Janin_F : 0.0054
[2019-08-29 20:46:34,638]: E : 0.0054
[2019-08-29 20:46:34,638]: Hopp_Woods_C : 0.0054
[2019-08-29 20:46:34,638]: Rose_F : 0.0054
[2019-08-29 20:46:34,638]: hydrophobicity : 0.0054
[2019-08-29 20:46:34,638]: Janin_E : 0.0054
[2019-08-29 20:46:34,639]: M : 0.0054
[2019-08-29 20:46:34,639]: Janin_M : 0.0054
[2019-08-29 20:46:34,639]: Hopp_Woods_K : 0.0054
[2019-08-29 20:46:34,639]: Eisenberg_I : 0.0054
[2019-08-29 20:46:34,639]: Hopp_Woods_E : 0.0054
[2019-08-29 20:46:34,640]: Janin_N : 0.0054
[2019-08-29 20:46:34,640]: H : 0.0054
[2019-08-29 20:46:34,640]: Engelman_GES_M : 0.0053
[2019-08-29 20:46:34,640]: Engelman_GES_C : 0.0053
[2019-08-29 20:46:34,640]: Rose_C : 0.0053
[2019-08-29 20:46:34,640]: Kyte_Doolittle_G : 0.0053
[2019-08-29 20:46:34,641]: neutral : 0.0053
[2019-08-29 20:46:34,641]: Eisenberg_C : 0.0053
[2019-08-29 20:46:34,641]: Rose_N : 0.0053
[2019-08-29 20:46:34,641]: Eisenberg_G : 0.0052
[2019-08-29 20:46:34,641]: Rose_K : 0.0052
[2019-08-29 20:46:34,641]: W : 0.0052
[2019-08-29 20:46:34,641]: Kyte_Doolittle_T : 0.0051
[2019-08-29 20:46:34,642]: negative : 0.0051
[2019-08-29 20:46:34,642]: Janin_R : 0.0051
[2019-08-29 20:46:34,642]: Janin_S : 0.0050
[2019-08-29 20:46:34,642]: Hopp_Woods_T : 0.0050
[2019-08-29 20:46:34,642]: Janin_G : 0.0050
[2019-08-29 20:46:34,642]: A : 0.0050
[2019-08-29 20:46:34,643]: Engelman_GES_I : 0.0050
[2019-08-29 20:46:34,643]: Rose_E : 0.0050
[2019-08-29 20:46:34,643]: Hopp_Woods_W : 0.0050
[2019-08-29 20:46:34,643]: Cornette_R : 0.0049
[2019-08-29 20:46:34,643]: Cornette_I : 0.0049
[2019-08-29 20:46:34,643]: Eisenberg_E : 0.0049
[2019-08-29 20:46:34,643]: Eisenberg_F : 0.0049
[2019-08-29 20:46:34,644]: Kyte_Doolittle_V : 0.0048
[2019-08-29 20:46:34,644]: Rose_Y : 0.0047
[2019-08-29 20:46:34,644]: L : 0.0047
[2019-08-29 20:46:34,644]: heterocyclics : 0.0047
[2019-08-29 20:46:34,644]: Janin_C : 0.0047
[2019-08-29 20:46:34,644]: acidic_polar : 0.0043
[2019-08-29 20:46:34,645]: aromatic.1 : 0.0043
[2019-08-29 20:46:34,645]: Rose_G : 0.0043
[2019-08-29 20:46:34,645]: Cornette_N : 0.0043
[2019-08-29 20:46:34,645]: Hopp_Woods_P : 0.0031
[2019-08-29 20:46:34,645]: Hopp_Woods_G : 0.0031
[2019-08-29 20:46:34,645]: Cornette_G : 0.0030
[2019-08-29 20:46:34,645]: feature_rank end
