[2019-08-26 14:01:37,403]: ---mrmd 2.0 start----
[2019-08-26 14:01:37,486]: ANOVA start...
[2019-08-26 14:01:37,505]: ANOVA end.
[2019-08-26 14:01:37,505]: mic start...
[2019-08-26 14:01:47,191]: mic end.
[2019-08-26 14:01:47,191]: mrmd start...
[2019-08-26 14:01:47,394]: mrmd end.
[2019-08-26 14:01:47,394]: mRMR start...
[2019-08-26 14:01:49,958]: mRMR end.
[2019-08-26 14:01:49,958]: lasso start...
[2019-08-26 14:01:49,994]: lasso end.
[2019-08-26 14:01:49,994]: chi2 start...
[2019-08-26 14:01:50,023]: chi2 end.
[2019-08-26 14:01:50,023]: ref start...
[2019-08-26 14:01:50,873]: ref end.
[2019-08-26 14:01:50,877]: rank start ...
[2019-08-26 14:01:50,888]: The final  rank is
[2019-08-26 14:01:50,888]: negativecharger.aromatic.gap2 : 0.0078
[2019-08-26 14:01:50,888]: aromatic.postivecharger.gap5 : 0.0078
[2019-08-26 14:01:50,889]: postivecharger.negativecharger.gap5 : 0.0078
[2019-08-26 14:01:50,889]: aromatic.uncharger.gap5 : 0.0078
[2019-08-26 14:01:50,889]: uncharger.aromatic.gap1 : 0.0078
[2019-08-26 14:01:50,889]: aromatic.uncharger.gap1 : 0.0078
[2019-08-26 14:01:50,889]: negativecharger.alphaticr.gap4 : 0.0078
[2019-08-26 14:01:50,889]: alphaticr.alphaticr.gap5 : 0.0077
[2019-08-26 14:01:50,889]: uncharger.uncharger.gap2 : 0.0076
[2019-08-26 14:01:50,889]: alphaticr.postivecharger.gap3 : 0.0076
[2019-08-26 14:01:50,889]: uncharger.postivecharger.gap1 : 0.0076
[2019-08-26 14:01:50,889]: uncharger.alphaticr.gap0 : 0.0076
[2019-08-26 14:01:50,889]: negativecharger.alphaticr.gap3 : 0.0076
[2019-08-26 14:01:50,890]: alphaticr.alphaticr.gap0 : 0.0075
[2019-08-26 14:01:50,890]: postivecharger.uncharger.gap3 : 0.0075
[2019-08-26 14:01:50,890]: alphaticr.aromatic.gap2 : 0.0075
[2019-08-26 14:01:50,890]: postivecharger.aromatic.gap3 : 0.0075
[2019-08-26 14:01:50,890]: uncharger.alphaticr.gap5 : 0.0075
[2019-08-26 14:01:50,890]: uncharger.aromatic.gap0 : 0.0074
[2019-08-26 14:01:50,890]: postivecharger.postivecharger.gap1 : 0.0074
[2019-08-26 14:01:50,890]: alphaticr.negativecharger.gap3 : 0.0074
[2019-08-26 14:01:50,890]: uncharger.uncharger.gap3 : 0.0074
[2019-08-26 14:01:50,890]: aromatic.negativecharger.gap5 : 0.0074
[2019-08-26 14:01:50,890]: aromatic.uncharger.gap4 : 0.0073
[2019-08-26 14:01:50,891]: uncharger.negativecharger.gap1 : 0.0073
[2019-08-26 14:01:50,891]: alphaticr.alphaticr.gap4 : 0.0073
[2019-08-26 14:01:50,891]: aromatic.alphaticr.gap4 : 0.0073
[2019-08-26 14:01:50,891]: aromatic.negativecharger.gap0 : 0.0073
[2019-08-26 14:01:50,891]: postivecharger.alphaticr.gap1 : 0.0073
[2019-08-26 14:01:50,891]: postivecharger.uncharger.gap0 : 0.0073
[2019-08-26 14:01:50,891]: alphaticr.alphaticr.gap1 : 0.0073
[2019-08-26 14:01:50,891]: uncharger.postivecharger.gap0 : 0.0073
[2019-08-26 14:01:50,891]: postivecharger.uncharger.gap2 : 0.0073
[2019-08-26 14:01:50,891]: alphaticr.aromatic.gap0 : 0.0073
[2019-08-26 14:01:50,892]: uncharger.alphaticr.gap1 : 0.0072
[2019-08-26 14:01:50,892]: postivecharger.alphaticr.gap0 : 0.0072
[2019-08-26 14:01:50,892]: postivecharger.uncharger.gap4 : 0.0072
[2019-08-26 14:01:50,892]: uncharger.postivecharger.gap2 : 0.0072
[2019-08-26 14:01:50,892]: uncharger.aromatic.gap5 : 0.0072
[2019-08-26 14:01:50,892]: uncharger.aromatic.gap3 : 0.0072
[2019-08-26 14:01:50,892]: uncharger.postivecharger.gap4 : 0.0072
[2019-08-26 14:01:50,892]: negativecharger.alphaticr.gap0 : 0.0071
[2019-08-26 14:01:50,892]: aromatic.uncharger.gap0 : 0.0071
[2019-08-26 14:01:50,892]: postivecharger.postivecharger.gap4 : 0.0071
[2019-08-26 14:01:50,892]: negativecharger.uncharger.gap2 : 0.0071
[2019-08-26 14:01:50,892]: uncharger.alphaticr.gap2 : 0.0071
[2019-08-26 14:01:50,893]: alphaticr.negativecharger.gap5 : 0.0070
[2019-08-26 14:01:50,893]: aromatic.postivecharger.gap4 : 0.0070
[2019-08-26 14:01:50,893]: negativecharger.aromatic.gap3 : 0.0070
[2019-08-26 14:01:50,893]: uncharger.postivecharger.gap5 : 0.0069
[2019-08-26 14:01:50,893]: aromatic.negativecharger.gap1 : 0.0069
[2019-08-26 14:01:50,893]: postivecharger.uncharger.gap5 : 0.0068
[2019-08-26 14:01:50,893]: negativecharger.postivecharger.gap1 : 0.0068
[2019-08-26 14:01:50,893]: aromatic.uncharger.gap2 : 0.0068
[2019-08-26 14:01:50,893]: alphaticr.negativecharger.gap0 : 0.0068
[2019-08-26 14:01:50,893]: postivecharger.alphaticr.gap5 : 0.0068
[2019-08-26 14:01:50,894]: negativecharger.alphaticr.gap1 : 0.0068
[2019-08-26 14:01:50,894]: negativecharger.uncharger.gap1 : 0.0068
[2019-08-26 14:01:50,894]: alphaticr.aromatic.gap1 : 0.0068
[2019-08-26 14:01:50,894]: aromatic.aromatic.gap4 : 0.0068
[2019-08-26 14:01:50,894]: aromatic.aromatic.gap0 : 0.0068
[2019-08-26 14:01:50,894]: negativecharger.alphaticr.gap5 : 0.0067
[2019-08-26 14:01:50,894]: negativecharger.postivecharger.gap2 : 0.0067
[2019-08-26 14:01:50,894]: uncharger.aromatic.gap4 : 0.0066
[2019-08-26 14:01:50,894]: aromatic.aromatic.gap1 : 0.0066
[2019-08-26 14:01:50,894]: aromatic.alphaticr.gap1 : 0.0066
[2019-08-26 14:01:50,894]: alphaticr.alphaticr.gap2 : 0.0066
[2019-08-26 14:01:50,894]: alphaticr.uncharger.gap4 : 0.0066
[2019-08-26 14:01:50,895]: negativecharger.uncharger.gap5 : 0.0066
[2019-08-26 14:01:50,895]: postivecharger.aromatic.gap4 : 0.0066
[2019-08-26 14:01:50,895]: postivecharger.negativecharger.gap0 : 0.0066
[2019-08-26 14:01:50,895]: uncharger.negativecharger.gap5 : 0.0066
[2019-08-26 14:01:50,895]: negativecharger.aromatic.gap5 : 0.0066
[2019-08-26 14:01:50,895]: postivecharger.aromatic.gap2 : 0.0065
[2019-08-26 14:01:50,895]: alphaticr.postivecharger.gap2 : 0.0065
[2019-08-26 14:01:50,895]: aromatic.aromatic.gap5 : 0.0065
[2019-08-26 14:01:50,895]: aromatic.negativecharger.gap3 : 0.0065
[2019-08-26 14:01:50,895]: aromatic.postivecharger.gap0 : 0.0065
[2019-08-26 14:01:50,895]: alphaticr.negativecharger.gap1 : 0.0065
[2019-08-26 14:01:50,896]: alphaticr.uncharger.gap5 : 0.0065
[2019-08-26 14:01:50,896]: negativecharger.negativecharger.gap2 : 0.0065
[2019-08-26 14:01:50,896]: postivecharger.postivecharger.gap0 : 0.0065
[2019-08-26 14:01:50,896]: uncharger.alphaticr.gap3 : 0.0065
[2019-08-26 14:01:50,896]: alphaticr.aromatic.gap5 : 0.0065
[2019-08-26 14:01:50,896]: alphaticr.uncharger.gap3 : 0.0065
[2019-08-26 14:01:50,896]: uncharger.aromatic.gap2 : 0.0065
[2019-08-26 14:01:50,896]: negativecharger.postivecharger.gap0 : 0.0065
[2019-08-26 14:01:50,897]: negativecharger.aromatic.gap0 : 0.0065
[2019-08-26 14:01:50,897]: negativecharger.alphaticr.gap2 : 0.0065
[2019-08-26 14:01:50,897]: aromatic.postivecharger.gap3 : 0.0065
[2019-08-26 14:01:50,897]: postivecharger.negativecharger.gap4 : 0.0065
[2019-08-26 14:01:50,897]: aromatic.negativecharger.gap4 : 0.0064
[2019-08-26 14:01:50,897]: uncharger.alphaticr.gap4 : 0.0064
[2019-08-26 14:01:50,897]: uncharger.negativecharger.gap4 : 0.0064
[2019-08-26 14:01:50,897]: negativecharger.negativecharger.gap1 : 0.0064
[2019-08-26 14:01:50,897]: aromatic.aromatic.gap3 : 0.0064
[2019-08-26 14:01:50,897]: postivecharger.postivecharger.gap2 : 0.0064
[2019-08-26 14:01:50,897]: postivecharger.aromatic.gap1 : 0.0064
[2019-08-26 14:01:50,898]: negativecharger.uncharger.gap0 : 0.0064
[2019-08-26 14:01:50,898]: postivecharger.alphaticr.gap2 : 0.0064
[2019-08-26 14:01:50,898]: alphaticr.aromatic.gap3 : 0.0064
[2019-08-26 14:01:50,898]: postivecharger.alphaticr.gap3 : 0.0064
[2019-08-26 14:01:50,898]: alphaticr.uncharger.gap0 : 0.0064
[2019-08-26 14:01:50,898]: negativecharger.aromatic.gap1 : 0.0064
[2019-08-26 14:01:50,898]: alphaticr.postivecharger.gap1 : 0.0064
[2019-08-26 14:01:50,898]: alphaticr.postivecharger.gap4 : 0.0064
[2019-08-26 14:01:50,898]: uncharger.uncharger.gap4 : 0.0064
[2019-08-26 14:01:50,898]: postivecharger.uncharger.gap1 : 0.0064
[2019-08-26 14:01:50,898]: negativecharger.postivecharger.gap4 : 0.0064
[2019-08-26 14:01:50,899]: postivecharger.postivecharger.gap5 : 0.0064
[2019-08-26 14:01:50,899]: alphaticr.alphaticr.gap3 : 0.0064
[2019-08-26 14:01:50,899]: postivecharger.negativecharger.gap1 : 0.0064
[2019-08-26 14:01:50,899]: negativecharger.negativecharger.gap4 : 0.0063
[2019-08-26 14:01:50,900]: aromatic.uncharger.gap3 : 0.0063
[2019-08-26 14:01:50,900]: alphaticr.negativecharger.gap4 : 0.0063
[2019-08-26 14:01:50,900]: postivecharger.negativecharger.gap2 : 0.0063
[2019-08-26 14:01:50,900]: postivecharger.aromatic.gap0 : 0.0063
[2019-08-26 14:01:50,900]: uncharger.negativecharger.gap3 : 0.0063
[2019-08-26 14:01:50,900]: uncharger.negativecharger.gap2 : 0.0063
[2019-08-26 14:01:50,900]: negativecharger.negativecharger.gap0 : 0.0063
[2019-08-26 14:01:50,900]: uncharger.negativecharger.gap0 : 0.0063
[2019-08-26 14:01:50,900]: alphaticr.aromatic.gap4 : 0.0063
[2019-08-26 14:01:50,901]: aromatic.postivecharger.gap2 : 0.0063
[2019-08-26 14:01:50,901]: negativecharger.postivecharger.gap3 : 0.0063
[2019-08-26 14:01:50,901]: postivecharger.alphaticr.gap4 : 0.0063
[2019-08-26 14:01:50,901]: postivecharger.aromatic.gap5 : 0.0063
[2019-08-26 14:01:50,901]: aromatic.aromatic.gap2 : 0.0063
[2019-08-26 14:01:50,901]: aromatic.negativecharger.gap2 : 0.0062
[2019-08-26 14:01:50,901]: alphaticr.negativecharger.gap2 : 0.0062
[2019-08-26 14:01:50,901]: negativecharger.uncharger.gap4 : 0.0062
[2019-08-26 14:01:50,901]: alphaticr.uncharger.gap2 : 0.0062
[2019-08-26 14:01:50,901]: negativecharger.uncharger.gap3 : 0.0062
[2019-08-26 14:01:50,902]: uncharger.uncharger.gap0 : 0.0061
[2019-08-26 14:01:50,902]: negativecharger.aromatic.gap4 : 0.0060
[2019-08-26 14:01:50,902]: uncharger.postivecharger.gap3 : 0.0060
[2019-08-26 14:01:50,902]: uncharger.uncharger.gap1 : 0.0059
[2019-08-26 14:01:50,902]: alphaticr.postivecharger.gap5 : 0.0059
[2019-08-26 14:01:50,902]: aromatic.alphaticr.gap2 : 0.0058
[2019-08-26 14:01:50,902]: aromatic.alphaticr.gap5 : 0.0058
[2019-08-26 14:01:50,902]: alphaticr.uncharger.gap1 : 0.0058
[2019-08-26 14:01:50,902]: postivecharger.negativecharger.gap3 : 0.0056
[2019-08-26 14:01:50,902]: negativecharger.negativecharger.gap5 : 0.0056
[2019-08-26 14:01:50,902]: alphaticr.postivecharger.gap0 : 0.0056
[2019-08-26 14:01:50,903]: negativecharger.postivecharger.gap5 : 0.0054
[2019-08-26 14:01:50,903]: aromatic.postivecharger.gap1 : 0.0054
[2019-08-26 14:01:50,903]: postivecharger.postivecharger.gap3 : 0.0054
[2019-08-26 14:01:50,903]: negativecharger.negativecharger.gap3 : 0.0053
[2019-08-26 14:01:50,903]: uncharger.uncharger.gap5 : 0.0048
[2019-08-26 14:01:50,903]: aromatic.alphaticr.gap0 : 0.0048
[2019-08-26 14:01:50,903]: aromatic.alphaticr.gap3 : 0.0046
[2019-08-26 14:01:50,903]: feature_rank end
[2019-08-26 14:01:50,953]: Start dimension reduction ...
[2019-08-26 14:01:58,962]: length=1 f1=0.5279 accuarcy=0.5273 precision=0.5299 recall=0.5273 auc=0.5274 
[2019-08-26 14:02:06,722]: length=21 f1=0.7524 accuarcy=0.7545 precision=0.7565 recall=0.7545 auc=0.7486 
[2019-08-26 14:02:14,410]: length=41 f1=0.7818 accuarcy=0.7818 precision=0.7818 recall=0.7818 auc=0.7807 
[2019-08-26 14:02:22,115]: length=61 f1=0.7721 accuarcy=0.7727 precision=0.7726 recall=0.7727 auc=0.7695 
[2019-08-26 14:02:30,233]: length=81 f1=0.7356 accuarcy=0.7364 precision=0.7360 recall=0.7364 auc=0.7330 
[2019-08-26 14:02:38,695]: length=101 f1=0.7809 accuarcy=0.7818 precision=0.7822 recall=0.7818 auc=0.7780 
[2019-08-26 14:02:47,323]: length=121 f1=0.7803 accuarcy=0.7818 precision=0.7835 recall=0.7818 auc=0.7767 
[2019-08-26 14:02:55,589]: length=141 f1=0.7803 accuarcy=0.7818 precision=0.7835 recall=0.7818 auc=0.7767 
[2019-08-26 14:03:04,150]: length=150 f1=0.7427 accuarcy=0.7455 precision=0.7481 recall=0.7455 auc=0.7388 
[2019-08-26 14:03:04,155]: ----------
[2019-08-26 14:03:04,155]: the max f1 = 0.7818
[2019-08-26 14:03:04,155]: ['negativecharger.aromatic.gap2' 'aromatic.postivecharger.gap5'
 'postivecharger.negativecharger.gap5' 'aromatic.uncharger.gap5'
 'uncharger.aromatic.gap1' 'aromatic.uncharger.gap1'
 'negativecharger.alphaticr.gap4' 'alphaticr.alphaticr.gap5'
 'uncharger.uncharger.gap2' 'alphaticr.postivecharger.gap3'
 'uncharger.postivecharger.gap1' 'uncharger.alphaticr.gap0'
 'negativecharger.alphaticr.gap3' 'alphaticr.alphaticr.gap0'
 'postivecharger.uncharger.gap3' 'alphaticr.aromatic.gap2'
 'postivecharger.aromatic.gap3' 'uncharger.alphaticr.gap5'
 'uncharger.aromatic.gap0' 'postivecharger.postivecharger.gap1'
 'alphaticr.negativecharger.gap3' 'uncharger.uncharger.gap3'
 'aromatic.negativecharger.gap5' 'aromatic.uncharger.gap4'
 'uncharger.negativecharger.gap1' 'alphaticr.alphaticr.gap4'
 'aromatic.alphaticr.gap4' 'aromatic.negativecharger.gap0'
 'postivecharger.alphaticr.gap1' 'postivecharger.uncharger.gap0'
 'alphaticr.alphaticr.gap1' 'uncharger.postivecharger.gap0'
 'postivecharger.uncharger.gap2' 'alphaticr.aromatic.gap0'
 'uncharger.alphaticr.gap1' 'postivecharger.alphaticr.gap0'
 'postivecharger.uncharger.gap4' 'uncharger.postivecharger.gap2'
 'uncharger.aromatic.gap5' 'uncharger.aromatic.gap3'
 'uncharger.postivecharger.gap4'],length = 41
[2019-08-26 14:03:04,155]: -----------
[2019-08-26 14:03:12,083]: ***confusion matrix***
[2019-08-26 14:03:12,083]:                pos_class      neg_class      
[2019-08-26 14:03:12,083]: pos_class      TP:47             FN:12             
[2019-08-26 14:03:12,083]: neg_class      FP:12             TN:39             
[2019-08-26 14:03:12,084]: f1 =0.7818 
[2019-08-26 14:03:12,084]: accuarcy = 0.7818 
[2019-08-26 14:03:12,085]: precision =0.7818 
[2019-08-26 14:03:12,085]: recall =0.7818
[2019-08-26 14:03:12,086]: auc = 0.7807
[2019-08-26 14:03:12,121]: -----------
[2019-08-26 14:03:12,121]: The output by the terminal's log has been saved in the J:\多设备共享\work\MRMD2.0-github\Logs\201908261401.log.
[2019-08-26 14:03:12,121]: metrics have been saved in the J:\多设备共享\work\MRMD2.0-github\Results\150_2.csv.
[2019-08-26 14:03:12,121]: reduced dimensional dataset has been saved in the J:\多设备共享\work\MRMD2.0-github\Results\150_1.csv.
[2019-08-26 14:03:12,122]: ---mrmd 2.0 end---
