[2019-08-15 10:22:11,891]: ---mrmd 2.0 start----
[2019-08-15 10:22:11,991]: ANOVA start...
[2019-08-15 10:22:12,008]: ANOVA end.
[2019-08-15 10:22:12,008]: mic start...
[2019-08-15 10:22:20,320]: mic end.
[2019-08-15 10:22:20,320]: mrmd start...
[2019-08-15 10:22:20,627]: mrmd end.
[2019-08-15 10:22:20,628]: mRMR start...
[2019-08-15 10:22:20,818]: mRMR end.
[2019-08-15 10:22:20,819]: lasso start...
[2019-08-15 10:22:20,880]: lasso end.
[2019-08-15 10:22:20,880]: lasso2 start...
[2019-08-15 10:22:22,722]: lasso2 end.
[2019-08-15 10:22:22,725]: rank start ...
[2019-08-15 10:22:22,735]: The final  rank is
[2019-08-15 10:22:22,735]: uncharger.uncharger.gap3 : 0.0091
[2019-08-15 10:22:22,735]: alphaticr.alphaticr.gap4 : 0.0086
[2019-08-15 10:22:22,735]: aromatic.uncharger.gap0 : 0.0082
[2019-08-15 10:22:22,736]: postivecharger.aromatic.gap3 : 0.0081
[2019-08-15 10:22:22,736]: uncharger.postivecharger.gap2 : 0.0080
[2019-08-15 10:22:22,736]: aromatic.uncharger.gap4 : 0.0080
[2019-08-15 10:22:22,736]: uncharger.aromatic.gap5 : 0.0080
[2019-08-15 10:22:22,736]: aromatic.negativecharger.gap0 : 0.0079
[2019-08-15 10:22:22,736]: negativecharger.alphaticr.gap4 : 0.0079
[2019-08-15 10:22:22,736]: postivecharger.negativecharger.gap5 : 0.0079
[2019-08-15 10:22:22,736]: alphaticr.alphaticr.gap0 : 0.0078
[2019-08-15 10:22:22,736]: alphaticr.postivecharger.gap3 : 0.0078
[2019-08-15 10:22:22,736]: postivecharger.uncharger.gap5 : 0.0077
[2019-08-15 10:22:22,736]: uncharger.alphaticr.gap3 : 0.0077
[2019-08-15 10:22:22,736]: alphaticr.aromatic.gap2 : 0.0077
[2019-08-15 10:22:22,737]: uncharger.uncharger.gap2 : 0.0076
[2019-08-15 10:22:22,737]: aromatic.postivecharger.gap5 : 0.0076
[2019-08-15 10:22:22,737]: alphaticr.negativecharger.gap4 : 0.0076
[2019-08-15 10:22:22,737]: postivecharger.postivecharger.gap4 : 0.0076
[2019-08-15 10:22:22,737]: uncharger.negativecharger.gap1 : 0.0076
[2019-08-15 10:22:22,737]: uncharger.aromatic.gap1 : 0.0076
[2019-08-15 10:22:22,737]: uncharger.negativecharger.gap5 : 0.0076
[2019-08-15 10:22:22,737]: aromatic.uncharger.gap5 : 0.0075
[2019-08-15 10:22:22,737]: alphaticr.alphaticr.gap5 : 0.0075
[2019-08-15 10:22:22,737]: uncharger.alphaticr.gap2 : 0.0075
[2019-08-15 10:22:22,737]: postivecharger.alphaticr.gap1 : 0.0075
[2019-08-15 10:22:22,737]: alphaticr.postivecharger.gap2 : 0.0075
[2019-08-15 10:22:22,737]: alphaticr.alphaticr.gap1 : 0.0074
[2019-08-15 10:22:22,738]: postivecharger.uncharger.gap0 : 0.0074
[2019-08-15 10:22:22,738]: alphaticr.negativecharger.gap3 : 0.0074
[2019-08-15 10:22:22,738]: postivecharger.uncharger.gap2 : 0.0074
[2019-08-15 10:22:22,738]: uncharger.postivecharger.gap5 : 0.0074
[2019-08-15 10:22:22,738]: aromatic.uncharger.gap2 : 0.0074
[2019-08-15 10:22:22,738]: aromatic.negativecharger.gap5 : 0.0074
[2019-08-15 10:22:22,738]: postivecharger.postivecharger.gap1 : 0.0074
[2019-08-15 10:22:22,738]: alphaticr.negativecharger.gap5 : 0.0074
[2019-08-15 10:22:22,738]: postivecharger.uncharger.gap3 : 0.0074
[2019-08-15 10:22:22,739]: negativecharger.uncharger.gap2 : 0.0073
[2019-08-15 10:22:22,739]: postivecharger.uncharger.gap4 : 0.0073
[2019-08-15 10:22:22,739]: postivecharger.alphaticr.gap3 : 0.0073
[2019-08-15 10:22:22,739]: postivecharger.alphaticr.gap0 : 0.0073
[2019-08-15 10:22:22,739]: uncharger.alphaticr.gap0 : 0.0073
[2019-08-15 10:22:22,739]: negativecharger.alphaticr.gap0 : 0.0073
[2019-08-15 10:22:22,739]: uncharger.alphaticr.gap5 : 0.0073
[2019-08-15 10:22:22,739]: aromatic.uncharger.gap1 : 0.0073
[2019-08-15 10:22:22,739]: uncharger.aromatic.gap0 : 0.0073
[2019-08-15 10:22:22,739]: uncharger.postivecharger.gap4 : 0.0073
[2019-08-15 10:22:22,739]: uncharger.postivecharger.gap0 : 0.0073
[2019-08-15 10:22:22,740]: uncharger.alphaticr.gap1 : 0.0072
[2019-08-15 10:22:22,740]: aromatic.alphaticr.gap4 : 0.0072
[2019-08-15 10:22:22,740]: alphaticr.postivecharger.gap4 : 0.0072
[2019-08-15 10:22:22,740]: uncharger.negativecharger.gap3 : 0.0071
[2019-08-15 10:22:22,740]: negativecharger.postivecharger.gap2 : 0.0071
[2019-08-15 10:22:22,740]: uncharger.postivecharger.gap1 : 0.0071
[2019-08-15 10:22:22,740]: negativecharger.alphaticr.gap3 : 0.0070
[2019-08-15 10:22:22,740]: negativecharger.alphaticr.gap5 : 0.0070
[2019-08-15 10:22:22,741]: alphaticr.aromatic.gap4 : 0.0070
[2019-08-15 10:22:22,741]: postivecharger.aromatic.gap5 : 0.0069
[2019-08-15 10:22:22,741]: postivecharger.negativecharger.gap0 : 0.0068
[2019-08-15 10:22:22,741]: negativecharger.aromatic.gap2 : 0.0068
[2019-08-15 10:22:22,741]: negativecharger.aromatic.gap3 : 0.0068
[2019-08-15 10:22:22,741]: aromatic.postivecharger.gap4 : 0.0068
[2019-08-15 10:22:22,741]: postivecharger.postivecharger.gap5 : 0.0068
[2019-08-15 10:22:22,741]: uncharger.aromatic.gap4 : 0.0067
[2019-08-15 10:22:22,741]: negativecharger.uncharger.gap5 : 0.0067
[2019-08-15 10:22:22,741]: aromatic.alphaticr.gap5 : 0.0066
[2019-08-15 10:22:22,742]: negativecharger.negativecharger.gap2 : 0.0066
[2019-08-15 10:22:22,742]: negativecharger.postivecharger.gap4 : 0.0066
[2019-08-15 10:22:22,742]: alphaticr.uncharger.gap4 : 0.0066
[2019-08-15 10:22:22,742]: uncharger.aromatic.gap3 : 0.0066
[2019-08-15 10:22:22,742]: aromatic.negativecharger.gap2 : 0.0065
[2019-08-15 10:22:22,742]: postivecharger.aromatic.gap1 : 0.0065
[2019-08-15 10:22:22,742]: aromatic.aromatic.gap0 : 0.0065
[2019-08-15 10:22:22,742]: aromatic.postivecharger.gap2 : 0.0065
[2019-08-15 10:22:22,742]: alphaticr.negativecharger.gap0 : 0.0065
[2019-08-15 10:22:22,742]: negativecharger.uncharger.gap3 : 0.0065
[2019-08-15 10:22:22,742]: alphaticr.postivecharger.gap5 : 0.0065
[2019-08-15 10:22:22,742]: alphaticr.negativecharger.gap1 : 0.0064
[2019-08-15 10:22:22,743]: aromatic.alphaticr.gap1 : 0.0064
[2019-08-15 10:22:22,743]: uncharger.postivecharger.gap3 : 0.0064
[2019-08-15 10:22:22,743]: aromatic.postivecharger.gap0 : 0.0064
[2019-08-15 10:22:22,743]: postivecharger.negativecharger.gap1 : 0.0064
[2019-08-15 10:22:22,743]: alphaticr.uncharger.gap0 : 0.0064
[2019-08-15 10:22:22,743]: alphaticr.uncharger.gap2 : 0.0063
[2019-08-15 10:22:22,743]: aromatic.postivecharger.gap3 : 0.0063
[2019-08-15 10:22:22,743]: negativecharger.negativecharger.gap4 : 0.0063
[2019-08-15 10:22:22,743]: uncharger.negativecharger.gap0 : 0.0063
[2019-08-15 10:22:22,744]: postivecharger.negativecharger.gap2 : 0.0063
[2019-08-15 10:22:22,744]: uncharger.negativecharger.gap4 : 0.0063
[2019-08-15 10:22:22,744]: postivecharger.aromatic.gap2 : 0.0063
[2019-08-15 10:22:22,744]: alphaticr.uncharger.gap5 : 0.0063
[2019-08-15 10:22:22,744]: alphaticr.aromatic.gap1 : 0.0062
[2019-08-15 10:22:22,744]: aromatic.aromatic.gap5 : 0.0062
[2019-08-15 10:22:22,744]: alphaticr.negativecharger.gap2 : 0.0062
[2019-08-15 10:22:22,744]: postivecharger.postivecharger.gap2 : 0.0062
[2019-08-15 10:22:22,744]: postivecharger.negativecharger.gap4 : 0.0062
[2019-08-15 10:22:22,744]: negativecharger.negativecharger.gap5 : 0.0062
[2019-08-15 10:22:22,744]: aromatic.negativecharger.gap1 : 0.0062
[2019-08-15 10:22:22,745]: uncharger.uncharger.gap5 : 0.0062
[2019-08-15 10:22:22,745]: negativecharger.uncharger.gap1 : 0.0062
[2019-08-15 10:22:22,745]: negativecharger.postivecharger.gap0 : 0.0062
[2019-08-15 10:22:22,745]: negativecharger.aromatic.gap5 : 0.0062
[2019-08-15 10:22:22,745]: negativecharger.uncharger.gap4 : 0.0062
[2019-08-15 10:22:22,745]: postivecharger.postivecharger.gap0 : 0.0062
[2019-08-15 10:22:22,745]: postivecharger.aromatic.gap0 : 0.0062
[2019-08-15 10:22:22,745]: negativecharger.alphaticr.gap1 : 0.0062
[2019-08-15 10:22:22,745]: aromatic.negativecharger.gap3 : 0.0062
[2019-08-15 10:22:22,745]: aromatic.aromatic.gap1 : 0.0062
[2019-08-15 10:22:22,746]: alphaticr.aromatic.gap5 : 0.0061
[2019-08-15 10:22:22,746]: postivecharger.aromatic.gap4 : 0.0061
[2019-08-15 10:22:22,746]: negativecharger.negativecharger.gap0 : 0.0061
[2019-08-15 10:22:22,746]: aromatic.aromatic.gap4 : 0.0061
[2019-08-15 10:22:22,747]: aromatic.negativecharger.gap4 : 0.0061
[2019-08-15 10:22:22,747]: postivecharger.uncharger.gap1 : 0.0061
[2019-08-15 10:22:22,747]: negativecharger.postivecharger.gap3 : 0.0061
[2019-08-15 10:22:22,747]: alphaticr.aromatic.gap0 : 0.0061
[2019-08-15 10:22:22,747]: uncharger.negativecharger.gap2 : 0.0061
[2019-08-15 10:22:22,747]: negativecharger.aromatic.gap4 : 0.0061
[2019-08-15 10:22:22,748]: alphaticr.alphaticr.gap3 : 0.0061
[2019-08-15 10:22:22,748]: negativecharger.aromatic.gap0 : 0.0061
[2019-08-15 10:22:22,748]: postivecharger.alphaticr.gap4 : 0.0061
[2019-08-15 10:22:22,748]: aromatic.aromatic.gap2 : 0.0061
[2019-08-15 10:22:22,748]: negativecharger.postivecharger.gap1 : 0.0060
[2019-08-15 10:22:22,748]: uncharger.aromatic.gap2 : 0.0060
[2019-08-15 10:22:22,748]: negativecharger.negativecharger.gap3 : 0.0060
[2019-08-15 10:22:22,748]: postivecharger.alphaticr.gap2 : 0.0060
[2019-08-15 10:22:22,749]: alphaticr.postivecharger.gap1 : 0.0060
[2019-08-15 10:22:22,749]: uncharger.uncharger.gap1 : 0.0060
[2019-08-15 10:22:22,749]: negativecharger.uncharger.gap0 : 0.0060
[2019-08-15 10:22:22,749]: alphaticr.alphaticr.gap2 : 0.0060
[2019-08-15 10:22:22,750]: negativecharger.negativecharger.gap1 : 0.0060
[2019-08-15 10:22:22,750]: alphaticr.uncharger.gap1 : 0.0059
[2019-08-15 10:22:22,750]: negativecharger.alphaticr.gap2 : 0.0059
[2019-08-15 10:22:22,750]: aromatic.uncharger.gap3 : 0.0059
[2019-08-15 10:22:22,750]: postivecharger.alphaticr.gap5 : 0.0059
[2019-08-15 10:22:22,750]: negativecharger.aromatic.gap1 : 0.0059
[2019-08-15 10:22:22,750]: uncharger.uncharger.gap0 : 0.0059
[2019-08-15 10:22:22,750]: negativecharger.postivecharger.gap5 : 0.0058
[2019-08-15 10:22:22,750]: alphaticr.aromatic.gap3 : 0.0058
[2019-08-15 10:22:22,750]: aromatic.postivecharger.gap1 : 0.0058
[2019-08-15 10:22:22,751]: alphaticr.postivecharger.gap0 : 0.0056
[2019-08-15 10:22:22,751]: uncharger.alphaticr.gap4 : 0.0055
[2019-08-15 10:22:22,751]: uncharger.uncharger.gap4 : 0.0055
[2019-08-15 10:22:22,751]: postivecharger.postivecharger.gap3 : 0.0052
[2019-08-15 10:22:22,751]: alphaticr.uncharger.gap3 : 0.0052
[2019-08-15 10:22:22,751]: aromatic.alphaticr.gap2 : 0.0052
[2019-08-15 10:22:22,751]: aromatic.alphaticr.gap0 : 0.0051
[2019-08-15 10:22:22,752]: postivecharger.negativecharger.gap3 : 0.0050
[2019-08-15 10:22:22,752]: aromatic.aromatic.gap3 : 0.0047
[2019-08-15 10:22:22,752]: aromatic.alphaticr.gap3 : 0.0047
[2019-08-15 10:22:22,752]: feature_rank end
[2019-08-15 10:22:22,798]: Start dimension reduction ...
[2019-08-15 10:22:30,567]: length=1 accuarcy=0.5818 f1=0.5811 precision=0.5808 recall=0.5818 roc=0.5783 
[2019-08-15 10:22:38,020]: length=6 accuarcy=0.6273 f1=0.6252 precision=0.6258 recall=0.6273 roc=0.6220 
[2019-08-15 10:22:45,335]: length=11 accuarcy=0.7273 f1=0.7262 precision=0.7270 recall=0.7273 roc=0.7232 
[2019-08-15 10:22:52,719]: length=16 accuarcy=0.7091 f1=0.7079 precision=0.7086 recall=0.7091 roc=0.7049 
[2019-08-15 10:23:00,440]: length=21 accuarcy=0.7273 f1=0.7268 precision=0.7268 recall=0.7273 roc=0.7245 
[2019-08-15 10:23:07,605]: length=26 accuarcy=0.7182 f1=0.7174 precision=0.7177 recall=0.7182 roc=0.7147 
[2019-08-15 10:23:15,496]: length=31 accuarcy=0.7636 f1=0.7627 precision=0.7638 recall=0.7636 roc=0.7597 
[2019-08-15 10:23:22,590]: length=36 accuarcy=0.7364 f1=0.7329 precision=0.7397 recall=0.7364 roc=0.7290 
[2019-08-15 10:23:30,619]: length=41 accuarcy=0.7364 f1=0.7362 precision=0.7361 recall=0.7364 roc=0.7343 
[2019-08-15 10:23:38,128]: length=46 accuarcy=0.7364 f1=0.7362 precision=0.7361 recall=0.7364 roc=0.7343 
[2019-08-15 10:23:45,877]: length=51 accuarcy=0.8000 f1=0.8000 precision=0.8000 recall=0.8000 roc=0.7989 
[2019-08-15 10:23:54,058]: length=56 accuarcy=0.7727 f1=0.7726 precision=0.7725 recall=0.7727 roc=0.7709 
[2019-08-15 10:24:02,202]: length=61 accuarcy=0.7273 f1=0.7268 precision=0.7268 recall=0.7273 roc=0.7245 
[2019-08-15 10:24:09,659]: length=66 accuarcy=0.7727 f1=0.7726 precision=0.7725 recall=0.7727 roc=0.7709 
[2019-08-15 10:24:17,214]: length=71 accuarcy=0.7636 f1=0.7632 precision=0.7634 recall=0.7636 roc=0.7611 
[2019-08-15 10:24:25,036]: length=76 accuarcy=0.7545 f1=0.7539 precision=0.7543 recall=0.7545 roc=0.7512 
[2019-08-15 10:24:32,429]: length=81 accuarcy=0.7545 f1=0.7544 precision=0.7543 recall=0.7545 roc=0.7526 
[2019-08-15 10:24:40,328]: length=86 accuarcy=0.7636 f1=0.7627 precision=0.7638 recall=0.7636 roc=0.7597 
[2019-08-15 10:24:47,774]: length=91 accuarcy=0.7727 f1=0.7715 precision=0.7735 recall=0.7727 roc=0.7682 
[2019-08-15 10:24:55,761]: length=96 accuarcy=0.7455 f1=0.7450 precision=0.7451 recall=0.7455 roc=0.7428 
[2019-08-15 10:25:04,432]: length=101 accuarcy=0.7545 f1=0.7532 precision=0.7550 recall=0.7545 roc=0.7499 
[2019-08-15 10:25:13,134]: length=106 accuarcy=0.7636 f1=0.7620 precision=0.7649 recall=0.7636 roc=0.7584 
[2019-08-15 10:25:22,113]: length=111 accuarcy=0.7455 f1=0.7450 precision=0.7451 recall=0.7455 roc=0.7428 
[2019-08-15 10:25:32,017]: length=116 accuarcy=0.7818 f1=0.7803 precision=0.7835 recall=0.7818 roc=0.7767 
[2019-08-15 10:25:39,528]: length=121 accuarcy=0.7636 f1=0.7627 precision=0.7638 recall=0.7636 roc=0.7597 
[2019-08-15 10:25:47,685]: length=126 accuarcy=0.7545 f1=0.7524 precision=0.7565 recall=0.7545 roc=0.7486 
[2019-08-15 10:25:55,370]: length=131 accuarcy=0.7545 f1=0.7539 precision=0.7543 recall=0.7545 roc=0.7512 
[2019-08-15 10:26:03,790]: length=136 accuarcy=0.7727 f1=0.7715 precision=0.7735 recall=0.7727 roc=0.7682 
[2019-08-15 10:26:08,474]: length=141 accuarcy=0.7455 f1=0.7437 precision=0.7464 recall=0.7455 roc=0.7401 
[2019-08-15 10:26:12,806]: length=146 accuarcy=0.7818 f1=0.7809 precision=0.7822 recall=0.7818 roc=0.7780 
[2019-08-15 10:26:16,941]: length=150 accuarcy=0.7364 f1=0.7356 precision=0.7360 recall=0.7364 roc=0.7330 
[2019-08-15 10:26:16,942]: ----------
[2019-08-15 10:26:16,942]: the max f1 = 0.8000
[2019-08-15 10:26:16,942]: ['uncharger.uncharger.gap3' 'alphaticr.alphaticr.gap4'
 'aromatic.uncharger.gap0' 'postivecharger.aromatic.gap3'
 'uncharger.postivecharger.gap2' 'aromatic.uncharger.gap4'
 'uncharger.aromatic.gap5' 'aromatic.negativecharger.gap0'
 'negativecharger.alphaticr.gap4' 'postivecharger.negativecharger.gap5'
 'alphaticr.alphaticr.gap0' 'alphaticr.postivecharger.gap3'
 'postivecharger.uncharger.gap5' 'uncharger.alphaticr.gap3'
 'alphaticr.aromatic.gap2' 'uncharger.uncharger.gap2'
 'aromatic.postivecharger.gap5' 'alphaticr.negativecharger.gap4'
 'postivecharger.postivecharger.gap4' 'uncharger.negativecharger.gap1'
 'uncharger.aromatic.gap1' 'uncharger.negativecharger.gap5'
 'aromatic.uncharger.gap5' 'alphaticr.alphaticr.gap5'
 'uncharger.alphaticr.gap2' 'postivecharger.alphaticr.gap1'
 'alphaticr.postivecharger.gap2' 'alphaticr.alphaticr.gap1'
 'postivecharger.uncharger.gap0' 'alphaticr.negativecharger.gap3'
 'postivecharger.uncharger.gap2' 'uncharger.postivecharger.gap5'
 'aromatic.uncharger.gap2' 'aromatic.negativecharger.gap5'
 'postivecharger.postivecharger.gap1' 'alphaticr.negativecharger.gap5'
 'postivecharger.uncharger.gap3' 'negativecharger.uncharger.gap2'
 'postivecharger.uncharger.gap4' 'postivecharger.alphaticr.gap3'
 'postivecharger.alphaticr.gap0' 'uncharger.alphaticr.gap0'
 'negativecharger.alphaticr.gap0' 'uncharger.alphaticr.gap5'
 'aromatic.uncharger.gap1' 'uncharger.aromatic.gap0'
 'uncharger.postivecharger.gap4' 'uncharger.postivecharger.gap0'
 'uncharger.alphaticr.gap1' 'aromatic.alphaticr.gap4'
 'alphaticr.postivecharger.gap4'],length = 51
[2019-08-15 10:26:16,943]: -----------
[2019-08-15 10:26:21,148]: ***confusion matrix***
[2019-08-15 10:26:21,148]:                pos_class      neg_class      
[2019-08-15 10:26:21,148]: pos_class      TP:48             FN:11             
[2019-08-15 10:26:21,148]: neg_class      FP:11             TN:40             
[2019-08-15 10:26:21,154]: accuarcy = 0.8000 
[2019-08-15 10:26:21,155]: precision =0.8000 
[2019-08-15 10:26:21,157]: recall =0.8000
[2019-08-15 10:26:21,159]: f1 =0.8000 
[2019-08-15 10:26:21,159]: roc area = 0.7989
[2019-08-15 10:26:21,169]: -----------
[2019-08-15 10:26:21,169]: The output by the terminal's log has been saved in the J:\多设备共享\work\MRMD2.0-github\Logs\201908151022.log.
[2019-08-15 10:26:21,170]: metrics have been saved in the J:\多设备共享\work\MRMD2.0-github\Results\meteixa.csv.
[2019-08-15 10:26:21,171]: reduced dimensional dataset has been saved in the J:\多设备共享\work\MRMD2.0-github\Results\rd.csv.
[2019-08-15 10:26:21,171]: ---mrmd 2.0 end---
