[2019-08-24 10:23:13,230]: ---mrmd 2.0 start----
[2019-08-24 10:23:13,242]: ANOVA start...
[2019-08-24 10:23:13,254]: ANOVA end.
[2019-08-24 10:23:13,254]: mic start...
[2019-08-24 10:23:22,476]: mic end.
[2019-08-24 10:23:22,476]: mrmd start...
[2019-08-24 10:23:22,731]: mrmd end.
[2019-08-24 10:23:22,731]: mRMR start...
[2019-08-24 10:23:33,225]: mRMR end.
[2019-08-24 10:23:33,226]: lasso start...
[2019-08-24 10:23:33,260]: lasso end.
[2019-08-24 10:23:33,260]: chi2 start...
[2019-08-24 10:23:33,285]: chi2 end.
[2019-08-24 10:23:33,285]: ref start...
[2019-08-24 10:23:34,521]: ref end.
[2019-08-24 10:23:34,525]: rank start ...
[2019-08-24 10:23:34,549]: The final  rank is
[2019-08-24 10:23:34,549]: A : 0.0058
[2019-08-24 10:23:34,549]: C : 0.0058
[2019-08-24 10:23:34,550]: D : 0.0058
[2019-08-24 10:23:34,550]: E : 0.0058
[2019-08-24 10:23:34,550]: F : 0.0058
[2019-08-24 10:23:34,550]: G : 0.0058
[2019-08-24 10:23:34,550]: I : 0.0058
[2019-08-24 10:23:34,550]: K : 0.0058
[2019-08-24 10:23:34,550]: L : 0.0058
[2019-08-24 10:23:34,550]: M : 0.0058
[2019-08-24 10:23:34,550]: P : 0.0058
[2019-08-24 10:23:34,550]: Q : 0.0058
[2019-08-24 10:23:34,551]: R : 0.0058
[2019-08-24 10:23:34,551]: S : 0.0058
[2019-08-24 10:23:34,551]: V : 0.0058
[2019-08-24 10:23:34,551]: W : 0.0058
[2019-08-24 10:23:34,551]: Y : 0.0058
[2019-08-24 10:23:34,551]: aromatic : 0.0058
[2019-08-24 10:23:34,551]: postivecharge : 0.0058
[2019-08-24 10:23:34,551]: negativecharge : 0.0058
[2019-08-24 10:23:34,551]: uncharge : 0.0058
[2019-08-24 10:23:34,551]: Cornette_A : 0.0058
[2019-08-24 10:23:34,551]: Cornette_C : 0.0058
[2019-08-24 10:23:34,551]: Cornette_D : 0.0058
[2019-08-24 10:23:34,552]: Cornette_E : 0.0058
[2019-08-24 10:23:34,552]: Cornette_F : 0.0058
[2019-08-24 10:23:34,552]: Cornette_H : 0.0058
[2019-08-24 10:23:34,552]: Cornette_I : 0.0058
[2019-08-24 10:23:34,552]: Cornette_L : 0.0058
[2019-08-24 10:23:34,552]: Cornette_N : 0.0058
[2019-08-24 10:23:34,552]: Cornette_P : 0.0058
[2019-08-24 10:23:34,552]: Cornette_Q : 0.0058
[2019-08-24 10:23:34,552]: Cornette_R : 0.0058
[2019-08-24 10:23:34,552]: Cornette_S : 0.0058
[2019-08-24 10:23:34,552]: Cornette_V : 0.0058
[2019-08-24 10:23:34,552]: Cornette_W : 0.0058
[2019-08-24 10:23:34,553]: Cornette_Y : 0.0058
[2019-08-24 10:23:34,553]: Eisenberg_A : 0.0058
[2019-08-24 10:23:34,553]: Eisenberg_C : 0.0058
[2019-08-24 10:23:34,553]: Eisenberg_D : 0.0058
[2019-08-24 10:23:34,553]: Eisenberg_F : 0.0058
[2019-08-24 10:23:34,553]: Eisenberg_G : 0.0058
[2019-08-24 10:23:34,553]: Eisenberg_H : 0.0058
[2019-08-24 10:23:34,553]: Eisenberg_I : 0.0058
[2019-08-24 10:23:34,553]: Eisenberg_L : 0.0058
[2019-08-24 10:23:34,553]: Eisenberg_M : 0.0058
[2019-08-24 10:23:34,553]: Eisenberg_N : 0.0058
[2019-08-24 10:23:34,554]: Eisenberg_P : 0.0058
[2019-08-24 10:23:34,554]: Eisenberg_R : 0.0058
[2019-08-24 10:23:34,554]: Eisenberg_S : 0.0058
[2019-08-24 10:23:34,554]: Eisenberg_T : 0.0058
[2019-08-24 10:23:34,554]: Eisenberg_W : 0.0058
[2019-08-24 10:23:34,554]: Eisenberg_Y : 0.0058
[2019-08-24 10:23:34,554]: Engelman_GES_C : 0.0058
[2019-08-24 10:23:34,554]: Engelman_GES_D : 0.0058
[2019-08-24 10:23:34,554]: Engelman_GES_E : 0.0058
[2019-08-24 10:23:34,554]: Engelman_GES_F : 0.0058
[2019-08-24 10:23:34,554]: Engelman_GES_G : 0.0058
[2019-08-24 10:23:34,554]: Engelman_GES_H : 0.0058
[2019-08-24 10:23:34,555]: Engelman_GES_I : 0.0058
[2019-08-24 10:23:34,555]: Engelman_GES_K : 0.0058
[2019-08-24 10:23:34,555]: Engelman_GES_M : 0.0058
[2019-08-24 10:23:34,555]: Engelman_GES_P : 0.0058
[2019-08-24 10:23:34,555]: Engelman_GES_Q : 0.0058
[2019-08-24 10:23:34,555]: Engelman_GES_R : 0.0058
[2019-08-24 10:23:34,555]: Engelman_GES_S : 0.0058
[2019-08-24 10:23:34,555]: Engelman_GES_T : 0.0058
[2019-08-24 10:23:34,555]: Engelman_GES_V : 0.0058
[2019-08-24 10:23:34,555]: Engelman_GES_W : 0.0058
[2019-08-24 10:23:34,555]: Engelman_GES_Y : 0.0058
[2019-08-24 10:23:34,555]: Hopp_Woods_A : 0.0058
[2019-08-24 10:23:34,556]: Hopp_Woods_C : 0.0058
[2019-08-24 10:23:34,556]: Hopp_Woods_D : 0.0058
[2019-08-24 10:23:34,556]: Hopp_Woods_E : 0.0058
[2019-08-24 10:23:34,556]: Hopp_Woods_F : 0.0058
[2019-08-24 10:23:34,556]: Hopp_Woods_H : 0.0058
[2019-08-24 10:23:34,556]: Hopp_Woods_I : 0.0058
[2019-08-24 10:23:34,556]: Hopp_Woods_K : 0.0058
[2019-08-24 10:23:34,556]: Hopp_Woods_L : 0.0058
[2019-08-24 10:23:34,556]: Hopp_Woods_N : 0.0058
[2019-08-24 10:23:34,556]: Hopp_Woods_Q : 0.0058
[2019-08-24 10:23:34,556]: Hopp_Woods_R : 0.0058
[2019-08-24 10:23:34,557]: Hopp_Woods_S : 0.0058
[2019-08-24 10:23:34,557]: Hopp_Woods_T : 0.0058
[2019-08-24 10:23:34,557]: Hopp_Woods_W : 0.0058
[2019-08-24 10:23:34,557]: Janin_A : 0.0058
[2019-08-24 10:23:34,557]: Janin_C : 0.0058
[2019-08-24 10:23:34,557]: Janin_D : 0.0058
[2019-08-24 10:23:34,557]: Janin_F : 0.0058
[2019-08-24 10:23:34,557]: Janin_G : 0.0058
[2019-08-24 10:23:34,557]: Janin_I : 0.0058
[2019-08-24 10:23:34,557]: Janin_K : 0.0058
[2019-08-24 10:23:34,557]: Janin_L : 0.0058
[2019-08-24 10:23:34,557]: Janin_P : 0.0058
[2019-08-24 10:23:34,558]: Janin_Q : 0.0058
[2019-08-24 10:23:34,558]: Janin_R : 0.0058
[2019-08-24 10:23:34,558]: Janin_W : 0.0058
[2019-08-24 10:23:34,558]: Kyte_Doolittle_A : 0.0058
[2019-08-24 10:23:34,558]: Kyte_Doolittle_C : 0.0058
[2019-08-24 10:23:34,558]: Kyte_Doolittle_D : 0.0058
[2019-08-24 10:23:34,558]: Kyte_Doolittle_E : 0.0058
[2019-08-24 10:23:34,558]: Kyte_Doolittle_F : 0.0058
[2019-08-24 10:23:34,558]: Kyte_Doolittle_I : 0.0058
[2019-08-24 10:23:34,558]: Kyte_Doolittle_L : 0.0058
[2019-08-24 10:23:34,558]: Kyte_Doolittle_P : 0.0058
[2019-08-24 10:23:34,558]: Kyte_Doolittle_Q : 0.0058
[2019-08-24 10:23:34,559]: Kyte_Doolittle_R : 0.0058
[2019-08-24 10:23:34,559]: Kyte_Doolittle_S : 0.0058
[2019-08-24 10:23:34,559]: Kyte_Doolittle_T : 0.0058
[2019-08-24 10:23:34,559]: Kyte_Doolittle_V : 0.0058
[2019-08-24 10:23:34,559]: Kyte_Doolittle_Y : 0.0058
[2019-08-24 10:23:34,559]: Rose_C : 0.0058
[2019-08-24 10:23:34,559]: Rose_D : 0.0058
[2019-08-24 10:23:34,559]: Rose_E : 0.0058
[2019-08-24 10:23:34,559]: Rose_H : 0.0058
[2019-08-24 10:23:34,559]: Rose_I : 0.0058
[2019-08-24 10:23:34,559]: Rose_K : 0.0058
[2019-08-24 10:23:34,559]: Rose_L : 0.0058
[2019-08-24 10:23:34,560]: Rose_N : 0.0058
[2019-08-24 10:23:34,560]: Rose_P : 0.0058
[2019-08-24 10:23:34,560]: Rose_R : 0.0058
[2019-08-24 10:23:34,560]: Rose_S : 0.0058
[2019-08-24 10:23:34,560]: Rose_T : 0.0058
[2019-08-24 10:23:34,560]: Rose_V : 0.0058
[2019-08-24 10:23:34,560]: Rose_Y : 0.0058
[2019-08-24 10:23:34,560]: hydrophobicity : 0.0058
[2019-08-24 10:23:34,560]: moderate : 0.0058
[2019-08-24 10:23:34,560]: hydrophily : 0.0058
[2019-08-24 10:23:34,560]: positve : 0.0058
[2019-08-24 10:23:34,561]: negative : 0.0058
[2019-08-24 10:23:34,561]: polar : 0.0058
[2019-08-24 10:23:34,561]: nonpolar : 0.0058
[2019-08-24 10:23:34,561]: acidic_polar : 0.0058
[2019-08-24 10:23:34,561]: aliphatic : 0.0058
[2019-08-24 10:23:34,561]: Janin_S : 0.0058
[2019-08-24 10:23:34,561]: Engelman_GES_N : 0.0058
[2019-08-24 10:23:34,561]: Janin_H : 0.0058
[2019-08-24 10:23:34,561]: Kyte_Doolittle_K : 0.0058
[2019-08-24 10:23:34,561]: Engelman_GES_L : 0.0058
[2019-08-24 10:23:34,561]: Janin_N : 0.0058
[2019-08-24 10:23:34,561]: Cornette_T : 0.0058
[2019-08-24 10:23:34,562]: Hopp_Woods_M : 0.0058
[2019-08-24 10:23:34,562]: Kyte_Doolittle_H : 0.0058
[2019-08-24 10:23:34,562]: N : 0.0058
[2019-08-24 10:23:34,562]: Rose_F : 0.0058
[2019-08-24 10:23:34,562]: Eisenberg_Q : 0.0058
[2019-08-24 10:23:34,562]: Hopp_Woods_Y : 0.0058
[2019-08-24 10:23:34,562]: heterocyclics : 0.0058
[2019-08-24 10:23:34,562]: Hopp_Woods_V : 0.0058
[2019-08-24 10:23:34,563]: H : 0.0058
[2019-08-24 10:23:34,563]: Kyte_Doolittle_W : 0.0057
[2019-08-24 10:23:34,563]: Janin_Y : 0.0057
[2019-08-24 10:23:34,563]: neutral : 0.0057
[2019-08-24 10:23:34,563]: Kyte_Doolittle_M : 0.0057
[2019-08-24 10:23:34,563]: Rose_W : 0.0057
[2019-08-24 10:23:34,563]: Kyte_Doolittle_N : 0.0057
[2019-08-24 10:23:34,563]: Cornette_M : 0.0056
[2019-08-24 10:23:34,563]: Janin_T : 0.0056
[2019-08-24 10:23:34,563]: Janin_E : 0.0056
[2019-08-24 10:23:34,563]: T : 0.0055
[2019-08-24 10:23:34,564]: Eisenberg_V : 0.0055
[2019-08-24 10:23:34,564]: Rose_A : 0.0054
[2019-08-24 10:23:34,564]: Engelman_GES_A : 0.0054
[2019-08-24 10:23:34,564]: Eisenberg_E : 0.0053
[2019-08-24 10:23:34,564]: alphatic : 0.0052
[2019-08-24 10:23:34,564]: basic_polar : 0.0051
[2019-08-24 10:23:34,564]: Rose_Q : 0.0050
[2019-08-24 10:23:34,564]: Rose_G : 0.0048
[2019-08-24 10:23:34,564]: aromatic.1 : 0.0047
[2019-08-24 10:23:34,564]: Kyte_Doolittle_G : 0.0045
[2019-08-24 10:23:34,564]: Eisenberg_K : 0.0042
[2019-08-24 10:23:34,564]: Janin_V : 0.0039
[2019-08-24 10:23:34,565]: Cornette_K : 0.0036
[2019-08-24 10:23:34,565]: Janin_M : 0.0032
[2019-08-24 10:23:34,565]: Rose_M : 0.0028
[2019-08-24 10:23:34,565]: Cornette_G : 0.0022
[2019-08-24 10:23:34,565]: Hopp_Woods_P : 0.0016
[2019-08-24 10:23:34,565]: Hopp_Woods_G : 0.0009
[2019-08-24 10:23:34,565]: feature_rank end
[2019-08-24 10:23:34,585]: Start dimension reduction ...
[2019-08-24 10:23:42,637]: length=1 f1=0.5877 accuarcy=0.5870 precision=0.5974 recall=0.5870 roc=0.5916 
