[2019-08-14 11:03:30,785]: ---mrmd 2.0 start----
[2019-08-14 11:03:30,875]: ANOVA start...
[2019-08-14 11:03:30,895]: ANOVA end.
[2019-08-14 11:03:30,895]: mic start...
[2019-08-14 11:03:36,902]: mic end.
[2019-08-14 11:03:36,902]: mrmd start...
[2019-08-14 11:03:37,072]: mrmd end.
[2019-08-14 11:03:37,072]: mRMR start...
[2019-08-14 11:03:37,192]: mRMR end.
[2019-08-14 11:03:37,192]: lasso start...
[2019-08-14 11:03:37,212]: lasso end.
[2019-08-14 11:03:37,212]: lasso2 start...
[2019-08-14 11:03:37,822]: lasso2 end.
[2019-08-14 11:03:37,832]: rank start ...
[2019-08-14 11:03:37,842]: The final  rank is
[2019-08-14 11:03:37,842]: uncharger.uncharger.gap3 : 0.0091
[2019-08-14 11:03:37,842]: alphaticr.alphaticr.gap4 : 0.0086
[2019-08-14 11:03:37,842]: aromatic.uncharger.gap0 : 0.0082
[2019-08-14 11:03:37,842]: postivecharger.aromatic.gap3 : 0.0081
[2019-08-14 11:03:37,842]: uncharger.postivecharger.gap2 : 0.0080
[2019-08-14 11:03:37,842]: aromatic.uncharger.gap4 : 0.0080
[2019-08-14 11:03:37,842]: uncharger.aromatic.gap5 : 0.0080
[2019-08-14 11:03:37,842]: aromatic.negativecharger.gap0 : 0.0079
[2019-08-14 11:03:37,842]: negativecharger.alphaticr.gap4 : 0.0079
[2019-08-14 11:03:37,842]: postivecharger.negativecharger.gap5 : 0.0079
[2019-08-14 11:03:37,842]: alphaticr.alphaticr.gap0 : 0.0078
[2019-08-14 11:03:37,842]: alphaticr.postivecharger.gap3 : 0.0078
[2019-08-14 11:03:37,842]: postivecharger.uncharger.gap5 : 0.0077
[2019-08-14 11:03:37,842]: uncharger.alphaticr.gap3 : 0.0077
[2019-08-14 11:03:37,842]: alphaticr.aromatic.gap2 : 0.0077
[2019-08-14 11:03:37,842]: uncharger.uncharger.gap2 : 0.0076
[2019-08-14 11:03:37,842]: aromatic.postivecharger.gap5 : 0.0076
[2019-08-14 11:03:37,842]: alphaticr.negativecharger.gap4 : 0.0076
[2019-08-14 11:03:37,842]: postivecharger.postivecharger.gap4 : 0.0076
[2019-08-14 11:03:37,842]: uncharger.negativecharger.gap1 : 0.0076
[2019-08-14 11:03:37,842]: uncharger.aromatic.gap1 : 0.0076
[2019-08-14 11:03:37,842]: uncharger.negativecharger.gap5 : 0.0076
[2019-08-14 11:03:37,842]: aromatic.uncharger.gap5 : 0.0075
[2019-08-14 11:03:37,842]: alphaticr.alphaticr.gap5 : 0.0075
[2019-08-14 11:03:37,842]: uncharger.alphaticr.gap2 : 0.0075
[2019-08-14 11:03:37,842]: postivecharger.alphaticr.gap1 : 0.0075
[2019-08-14 11:03:37,842]: alphaticr.postivecharger.gap2 : 0.0075
[2019-08-14 11:03:37,842]: alphaticr.alphaticr.gap1 : 0.0074
[2019-08-14 11:03:37,842]: postivecharger.uncharger.gap0 : 0.0074
[2019-08-14 11:03:37,842]: alphaticr.negativecharger.gap3 : 0.0074
[2019-08-14 11:03:37,842]: postivecharger.uncharger.gap2 : 0.0074
[2019-08-14 11:03:37,842]: uncharger.postivecharger.gap5 : 0.0074
[2019-08-14 11:03:37,842]: aromatic.uncharger.gap2 : 0.0074
[2019-08-14 11:03:37,842]: aromatic.negativecharger.gap5 : 0.0074
[2019-08-14 11:03:37,842]: postivecharger.postivecharger.gap1 : 0.0074
[2019-08-14 11:03:37,842]: alphaticr.negativecharger.gap5 : 0.0074
[2019-08-14 11:03:37,842]: postivecharger.uncharger.gap3 : 0.0074
[2019-08-14 11:03:37,842]: negativecharger.uncharger.gap2 : 0.0073
[2019-08-14 11:03:37,842]: postivecharger.uncharger.gap4 : 0.0073
[2019-08-14 11:03:37,842]: postivecharger.alphaticr.gap3 : 0.0073
[2019-08-14 11:03:37,842]: postivecharger.alphaticr.gap0 : 0.0073
[2019-08-14 11:03:37,842]: uncharger.alphaticr.gap0 : 0.0073
[2019-08-14 11:03:37,842]: negativecharger.alphaticr.gap0 : 0.0073
[2019-08-14 11:03:37,842]: uncharger.alphaticr.gap5 : 0.0073
[2019-08-14 11:03:37,842]: aromatic.uncharger.gap1 : 0.0073
[2019-08-14 11:03:37,842]: uncharger.aromatic.gap0 : 0.0073
[2019-08-14 11:03:37,842]: uncharger.postivecharger.gap4 : 0.0073
[2019-08-14 11:03:37,842]: uncharger.postivecharger.gap0 : 0.0073
[2019-08-14 11:03:37,842]: uncharger.alphaticr.gap1 : 0.0072
[2019-08-14 11:03:37,842]: aromatic.alphaticr.gap4 : 0.0072
[2019-08-14 11:03:37,842]: alphaticr.postivecharger.gap4 : 0.0072
[2019-08-14 11:03:37,842]: uncharger.negativecharger.gap3 : 0.0071
[2019-08-14 11:03:37,842]: negativecharger.postivecharger.gap2 : 0.0071
[2019-08-14 11:03:37,842]: uncharger.postivecharger.gap1 : 0.0071
[2019-08-14 11:03:37,842]: negativecharger.alphaticr.gap3 : 0.0070
[2019-08-14 11:03:37,842]: negativecharger.alphaticr.gap5 : 0.0070
[2019-08-14 11:03:37,842]: alphaticr.aromatic.gap4 : 0.0070
[2019-08-14 11:03:37,842]: postivecharger.aromatic.gap5 : 0.0069
[2019-08-14 11:03:37,842]: postivecharger.negativecharger.gap0 : 0.0068
[2019-08-14 11:03:37,842]: negativecharger.aromatic.gap2 : 0.0068
[2019-08-14 11:03:37,842]: negativecharger.aromatic.gap3 : 0.0068
[2019-08-14 11:03:37,842]: aromatic.postivecharger.gap4 : 0.0068
[2019-08-14 11:03:37,842]: postivecharger.postivecharger.gap5 : 0.0068
[2019-08-14 11:03:37,842]: uncharger.aromatic.gap4 : 0.0067
[2019-08-14 11:03:37,842]: negativecharger.uncharger.gap5 : 0.0067
[2019-08-14 11:03:37,842]: aromatic.alphaticr.gap5 : 0.0066
[2019-08-14 11:03:37,842]: negativecharger.negativecharger.gap2 : 0.0066
[2019-08-14 11:03:37,842]: negativecharger.postivecharger.gap4 : 0.0066
[2019-08-14 11:03:37,842]: alphaticr.uncharger.gap4 : 0.0066
[2019-08-14 11:03:37,842]: uncharger.aromatic.gap3 : 0.0066
[2019-08-14 11:03:37,842]: aromatic.negativecharger.gap2 : 0.0065
[2019-08-14 11:03:37,842]: postivecharger.aromatic.gap1 : 0.0065
[2019-08-14 11:03:37,842]: aromatic.aromatic.gap0 : 0.0065
[2019-08-14 11:03:37,842]: aromatic.postivecharger.gap2 : 0.0065
[2019-08-14 11:03:37,842]: alphaticr.negativecharger.gap0 : 0.0065
[2019-08-14 11:03:37,842]: negativecharger.uncharger.gap3 : 0.0065
[2019-08-14 11:03:37,842]: alphaticr.postivecharger.gap5 : 0.0065
[2019-08-14 11:03:37,842]: alphaticr.negativecharger.gap1 : 0.0064
[2019-08-14 11:03:37,842]: aromatic.alphaticr.gap1 : 0.0064
[2019-08-14 11:03:37,842]: uncharger.postivecharger.gap3 : 0.0064
[2019-08-14 11:03:37,842]: aromatic.postivecharger.gap0 : 0.0064
[2019-08-14 11:03:37,842]: postivecharger.negativecharger.gap1 : 0.0064
[2019-08-14 11:03:37,842]: alphaticr.uncharger.gap0 : 0.0064
[2019-08-14 11:03:37,842]: alphaticr.uncharger.gap2 : 0.0063
[2019-08-14 11:03:37,842]: aromatic.postivecharger.gap3 : 0.0063
[2019-08-14 11:03:37,842]: negativecharger.negativecharger.gap4 : 0.0063
[2019-08-14 11:03:37,842]: uncharger.negativecharger.gap0 : 0.0063
[2019-08-14 11:03:37,842]: postivecharger.negativecharger.gap2 : 0.0063
[2019-08-14 11:03:37,842]: uncharger.negativecharger.gap4 : 0.0063
[2019-08-14 11:03:37,842]: postivecharger.aromatic.gap2 : 0.0063
[2019-08-14 11:03:37,842]: alphaticr.uncharger.gap5 : 0.0063
[2019-08-14 11:03:37,842]: alphaticr.aromatic.gap1 : 0.0062
[2019-08-14 11:03:37,842]: aromatic.aromatic.gap5 : 0.0062
[2019-08-14 11:03:37,842]: alphaticr.negativecharger.gap2 : 0.0062
[2019-08-14 11:03:37,842]: postivecharger.postivecharger.gap2 : 0.0062
[2019-08-14 11:03:37,842]: postivecharger.negativecharger.gap4 : 0.0062
[2019-08-14 11:03:37,842]: negativecharger.negativecharger.gap5 : 0.0062
[2019-08-14 11:03:37,842]: aromatic.negativecharger.gap1 : 0.0062
[2019-08-14 11:03:37,842]: uncharger.uncharger.gap5 : 0.0062
[2019-08-14 11:03:37,842]: negativecharger.uncharger.gap1 : 0.0062
[2019-08-14 11:03:37,852]: negativecharger.postivecharger.gap0 : 0.0062
[2019-08-14 11:03:37,852]: negativecharger.aromatic.gap5 : 0.0062
[2019-08-14 11:03:37,852]: negativecharger.uncharger.gap4 : 0.0062
[2019-08-14 11:03:37,852]: postivecharger.postivecharger.gap0 : 0.0062
[2019-08-14 11:03:37,852]: postivecharger.aromatic.gap0 : 0.0062
[2019-08-14 11:03:37,852]: negativecharger.alphaticr.gap1 : 0.0062
[2019-08-14 11:03:37,852]: aromatic.negativecharger.gap3 : 0.0062
[2019-08-14 11:03:37,852]: aromatic.aromatic.gap1 : 0.0062
[2019-08-14 11:03:37,852]: alphaticr.aromatic.gap5 : 0.0061
[2019-08-14 11:03:37,852]: postivecharger.aromatic.gap4 : 0.0061
[2019-08-14 11:03:37,852]: negativecharger.negativecharger.gap0 : 0.0061
[2019-08-14 11:03:37,852]: aromatic.aromatic.gap4 : 0.0061
[2019-08-14 11:03:37,852]: aromatic.negativecharger.gap4 : 0.0061
[2019-08-14 11:03:37,852]: postivecharger.uncharger.gap1 : 0.0061
[2019-08-14 11:03:37,852]: negativecharger.postivecharger.gap3 : 0.0061
[2019-08-14 11:03:37,852]: alphaticr.aromatic.gap0 : 0.0061
[2019-08-14 11:03:37,852]: uncharger.negativecharger.gap2 : 0.0061
[2019-08-14 11:03:37,852]: negativecharger.aromatic.gap4 : 0.0061
[2019-08-14 11:03:37,852]: alphaticr.alphaticr.gap3 : 0.0061
[2019-08-14 11:03:37,852]: negativecharger.aromatic.gap0 : 0.0061
[2019-08-14 11:03:37,852]: postivecharger.alphaticr.gap4 : 0.0061
[2019-08-14 11:03:37,852]: aromatic.aromatic.gap2 : 0.0061
[2019-08-14 11:03:37,852]: negativecharger.postivecharger.gap1 : 0.0060
[2019-08-14 11:03:37,852]: uncharger.aromatic.gap2 : 0.0060
[2019-08-14 11:03:37,852]: negativecharger.negativecharger.gap3 : 0.0060
[2019-08-14 11:03:37,852]: postivecharger.alphaticr.gap2 : 0.0060
[2019-08-14 11:03:37,852]: alphaticr.postivecharger.gap1 : 0.0060
[2019-08-14 11:03:37,852]: uncharger.uncharger.gap1 : 0.0060
[2019-08-14 11:03:37,852]: negativecharger.uncharger.gap0 : 0.0060
[2019-08-14 11:03:37,852]: alphaticr.alphaticr.gap2 : 0.0060
[2019-08-14 11:03:37,852]: negativecharger.negativecharger.gap1 : 0.0060
[2019-08-14 11:03:37,852]: alphaticr.uncharger.gap1 : 0.0059
[2019-08-14 11:03:37,852]: negativecharger.alphaticr.gap2 : 0.0059
[2019-08-14 11:03:37,852]: aromatic.uncharger.gap3 : 0.0059
[2019-08-14 11:03:37,852]: postivecharger.alphaticr.gap5 : 0.0059
[2019-08-14 11:03:37,852]: negativecharger.aromatic.gap1 : 0.0059
[2019-08-14 11:03:37,852]: uncharger.uncharger.gap0 : 0.0059
[2019-08-14 11:03:37,852]: negativecharger.postivecharger.gap5 : 0.0058
[2019-08-14 11:03:37,852]: alphaticr.aromatic.gap3 : 0.0058
[2019-08-14 11:03:37,852]: aromatic.postivecharger.gap1 : 0.0058
[2019-08-14 11:03:37,852]: alphaticr.postivecharger.gap0 : 0.0056
[2019-08-14 11:03:37,852]: uncharger.alphaticr.gap4 : 0.0055
[2019-08-14 11:03:37,852]: uncharger.uncharger.gap4 : 0.0055
[2019-08-14 11:03:37,852]: postivecharger.postivecharger.gap3 : 0.0052
[2019-08-14 11:03:37,852]: alphaticr.uncharger.gap3 : 0.0052
[2019-08-14 11:03:37,852]: aromatic.alphaticr.gap2 : 0.0052
[2019-08-14 11:03:37,852]: aromatic.alphaticr.gap0 : 0.0051
[2019-08-14 11:03:37,852]: postivecharger.negativecharger.gap3 : 0.0050
[2019-08-14 11:03:37,852]: aromatic.aromatic.gap3 : 0.0047
[2019-08-14 11:03:37,852]: aromatic.alphaticr.gap3 : 0.0047
[2019-08-14 11:03:37,852]: feature_rank end
[2019-08-14 11:03:37,871]: Start dimension reduction ...
[2019-08-14 11:03:39,301]: length=1 f1=0.6169 accuarcy=0.6364  precision=0.6439 recall=0.6364 roc=0.6167 
[2019-08-14 11:03:40,870]: length=31 f1=0.7653 accuarcy=0.7727  precision=0.7896 recall=0.7727 roc=0.7583 
[2019-08-14 11:03:42,629]: length=61 f1=0.8151 accuarcy=0.8182  precision=0.8263 recall=0.8182 roc=0.8083 
[2019-08-14 11:03:44,488]: length=91 f1=0.7544 accuarcy=0.7727  precision=0.8396 recall=0.7727 roc=0.7500 
[2019-08-14 11:03:46,397]: length=121 f1=0.6714 accuarcy=0.6818  precision=0.6883 recall=0.6818 roc=0.6667 
[2019-08-14 11:03:48,466]: length=150 f1=0.8182 accuarcy=0.8182  precision=0.8182 recall=0.8182 roc=0.8167 
[2019-08-14 11:03:48,466]: ----------
[2019-08-14 11:03:48,466]: the max acc = 0.8182
[2019-08-14 11:03:48,466]: ['uncharger.uncharger.gap3' 'alphaticr.alphaticr.gap4'
 'aromatic.uncharger.gap0' 'postivecharger.aromatic.gap3'
 'uncharger.postivecharger.gap2' 'aromatic.uncharger.gap4'
 'uncharger.aromatic.gap5' 'aromatic.negativecharger.gap0'
 'negativecharger.alphaticr.gap4' 'postivecharger.negativecharger.gap5'
 'alphaticr.alphaticr.gap0' 'alphaticr.postivecharger.gap3'
 'postivecharger.uncharger.gap5' 'uncharger.alphaticr.gap3'
 'alphaticr.aromatic.gap2' 'uncharger.uncharger.gap2'
 'aromatic.postivecharger.gap5' 'alphaticr.negativecharger.gap4'
 'postivecharger.postivecharger.gap4' 'uncharger.negativecharger.gap1'
 'uncharger.aromatic.gap1' 'uncharger.negativecharger.gap5'
 'aromatic.uncharger.gap5' 'alphaticr.alphaticr.gap5'
 'uncharger.alphaticr.gap2' 'postivecharger.alphaticr.gap1'
 'alphaticr.postivecharger.gap2' 'alphaticr.alphaticr.gap1'
 'postivecharger.uncharger.gap0' 'alphaticr.negativecharger.gap3'
 'postivecharger.uncharger.gap2' 'uncharger.postivecharger.gap5'
 'aromatic.uncharger.gap2' 'aromatic.negativecharger.gap5'
 'postivecharger.postivecharger.gap1' 'alphaticr.negativecharger.gap5'
 'postivecharger.uncharger.gap3' 'negativecharger.uncharger.gap2'
 'postivecharger.uncharger.gap4' 'postivecharger.alphaticr.gap3'
 'postivecharger.alphaticr.gap0' 'uncharger.alphaticr.gap0'
 'negativecharger.alphaticr.gap0' 'uncharger.alphaticr.gap5'
 'aromatic.uncharger.gap1' 'uncharger.aromatic.gap0'
 'uncharger.postivecharger.gap4' 'uncharger.postivecharger.gap0'
 'uncharger.alphaticr.gap1' 'aromatic.alphaticr.gap4'
 'alphaticr.postivecharger.gap4' 'uncharger.negativecharger.gap3'
 'negativecharger.postivecharger.gap2' 'uncharger.postivecharger.gap1'
 'negativecharger.alphaticr.gap3' 'negativecharger.alphaticr.gap5'
 'alphaticr.aromatic.gap4' 'postivecharger.aromatic.gap5'
 'postivecharger.negativecharger.gap0' 'negativecharger.aromatic.gap2'
 'negativecharger.aromatic.gap3' 'aromatic.postivecharger.gap4'
 'postivecharger.postivecharger.gap5' 'uncharger.aromatic.gap4'
 'negativecharger.uncharger.gap5' 'aromatic.alphaticr.gap5'
 'negativecharger.negativecharger.gap2'
 'negativecharger.postivecharger.gap4' 'alphaticr.uncharger.gap4'
 'uncharger.aromatic.gap3' 'aromatic.negativecharger.gap2'
 'postivecharger.aromatic.gap1' 'aromatic.aromatic.gap0'
 'aromatic.postivecharger.gap2' 'alphaticr.negativecharger.gap0'
 'negativecharger.uncharger.gap3' 'alphaticr.postivecharger.gap5'
 'alphaticr.negativecharger.gap1' 'aromatic.alphaticr.gap1'
 'uncharger.postivecharger.gap3' 'aromatic.postivecharger.gap0'
 'postivecharger.negativecharger.gap1' 'alphaticr.uncharger.gap0'
 'alphaticr.uncharger.gap2' 'aromatic.postivecharger.gap3'
 'negativecharger.negativecharger.gap4' 'uncharger.negativecharger.gap0'
 'postivecharger.negativecharger.gap2' 'uncharger.negativecharger.gap4'
 'postivecharger.aromatic.gap2' 'alphaticr.uncharger.gap5'
 'alphaticr.aromatic.gap1' 'aromatic.aromatic.gap5'
 'alphaticr.negativecharger.gap2' 'postivecharger.postivecharger.gap2'
 'postivecharger.negativecharger.gap4'
 'negativecharger.negativecharger.gap5' 'aromatic.negativecharger.gap1'
 'uncharger.uncharger.gap5' 'negativecharger.uncharger.gap1'
 'negativecharger.postivecharger.gap0' 'negativecharger.aromatic.gap5'
 'negativecharger.uncharger.gap4' 'postivecharger.postivecharger.gap0'
 'postivecharger.aromatic.gap0' 'negativecharger.alphaticr.gap1'
 'aromatic.negativecharger.gap3' 'aromatic.aromatic.gap1'
 'alphaticr.aromatic.gap5' 'postivecharger.aromatic.gap4'
 'negativecharger.negativecharger.gap0' 'aromatic.aromatic.gap4'
 'aromatic.negativecharger.gap4' 'postivecharger.uncharger.gap1'
 'negativecharger.postivecharger.gap3' 'alphaticr.aromatic.gap0'
 'uncharger.negativecharger.gap2' 'negativecharger.aromatic.gap4'
 'alphaticr.alphaticr.gap3' 'negativecharger.aromatic.gap0'
 'postivecharger.alphaticr.gap4' 'aromatic.aromatic.gap2'
 'negativecharger.postivecharger.gap1' 'uncharger.aromatic.gap2'
 'negativecharger.negativecharger.gap3' 'postivecharger.alphaticr.gap2'
 'alphaticr.postivecharger.gap1' 'uncharger.uncharger.gap1'
 'negativecharger.uncharger.gap0' 'alphaticr.alphaticr.gap2'
 'negativecharger.negativecharger.gap1' 'alphaticr.uncharger.gap1'
 'negativecharger.alphaticr.gap2' 'aromatic.uncharger.gap3'
 'postivecharger.alphaticr.gap5' 'negativecharger.aromatic.gap1'
 'uncharger.uncharger.gap0' 'negativecharger.postivecharger.gap5'
 'alphaticr.aromatic.gap3' 'aromatic.postivecharger.gap1'
 'alphaticr.postivecharger.gap0' 'uncharger.alphaticr.gap4'
 'uncharger.uncharger.gap4' 'postivecharger.postivecharger.gap3'
 'alphaticr.uncharger.gap3' 'aromatic.alphaticr.gap2'
 'aromatic.alphaticr.gap0' 'postivecharger.negativecharger.gap3'
 'aromatic.aromatic.gap3' 'aromatic.alphaticr.gap3'],length = 150
[2019-08-14 11:03:48,476]: -----------
[2019-08-14 11:03:48,476]: ***confusion matrix***
[2019-08-14 11:03:48,476]:                pos_class      neg_class      
[2019-08-14 11:03:48,476]: pos_class      TP:10             FN:2              
[2019-08-14 11:03:48,476]: neg_class      FP:2              TN:8              
[2019-08-14 11:03:48,476]: f1 =0.8181818181818182 
[2019-08-14 11:03:48,476]: accuarcy = 0.8181818181818182 
[2019-08-14 11:03:48,476]: precision =0.8181818181818182 
[2019-08-14 11:03:48,476]: recall =0.8181818181818182
[2019-08-14 11:03:48,476]: roc area = 0.8166666666666668
[2019-08-14 11:03:48,516]: -----------
[2019-08-14 11:03:48,516]: The output by the terminal's log has been saved in the J:\多设备共享\work\MRMD2.0-github\Logs\201908141103.log.
[2019-08-14 11:03:48,516]: metrics have been saved in the J:\多设备共享\work\MRMD2.0-github\Results\rd.csv.
[2019-08-14 11:03:48,516]: reduced dimensional dataset has been saved in the J:\多设备共享\work\MRMD2.0-github\Results\m.csv.
[2019-08-14 11:03:48,516]: ---mrmd 2.0 end---
