[2019-08-02 21:42:58,515]: ---mrmd 2.0 start----
[2019-08-02 21:43:00,277]: ANOVA start...
[2019-08-02 21:43:01,019]: ANOVA end.
[2019-08-02 21:43:01,020]: mic start...
[2019-08-02 21:43:31,542]: mic end.
[2019-08-02 21:43:31,543]: mrmd start...
[2019-08-02 21:43:44,821]: mrmd end.
[2019-08-02 21:43:44,823]: mRMR start...
[2019-08-03 02:34:08,265]: mRMR end.
[2019-08-03 02:34:08,273]: lasso start...
[2019-08-03 02:34:08,879]: lasso end.
[2019-08-03 02:35:28,938]: rank start ...
[2019-08-03 02:35:28,998]: The final  rank is
[2019-08-03 02:35:28,998]: 192_DACC : 0.0033
[2019-08-03 02:35:28,998]: 288_DACC : 0.0033
[2019-08-03 02:35:29,289]: 15_DACC : 0.0032
[2019-08-03 02:35:29,289]: 27_DACC : 0.0032
[2019-08-03 02:35:29,289]: 41_DACC : 0.0031
[2019-08-03 02:35:29,289]: 8_DACC : 0.0031
[2019-08-03 02:35:29,289]: 343_DACC : 0.0031
[2019-08-03 02:35:29,289]: 57_DACC : 0.0031
[2019-08-03 02:35:29,290]: 30_DACC : 0.0031
[2019-08-03 02:35:29,290]: 11_DACC : 0.0031
[2019-08-03 02:35:29,290]: 24_DACC : 0.0030
[2019-08-03 02:35:29,290]: 142_DACC : 0.0030
[2019-08-03 02:35:29,290]: 3_DACC : 0.0030
[2019-08-03 02:35:29,290]: 62_DACC : 0.0030
[2019-08-03 02:35:29,290]: UA_PC-PseDNC-General : 0.0030
[2019-08-03 02:35:29,291]: 112_DACC : 0.0030
[2019-08-03 02:35:29,291]: 227_DACC : 0.0030
[2019-08-03 02:35:29,291]: 68_DACC : 0.0030
[2019-08-03 02:35:29,291]: 2_DACC : 0.0029
[2019-08-03 02:35:29,291]: 197_DACC : 0.0029
[2019-08-03 02:35:29,291]: 17_DACC : 0.0029
[2019-08-03 02:35:29,291]: 14_DACC : 0.0029
[2019-08-03 02:35:29,291]: 103_DACC : 0.0029
[2019-08-03 02:35:29,291]: 10_DACC : 0.0029
[2019-08-03 02:35:29,291]: 338_DACC : 0.0028
[2019-08-03 02:35:29,291]: 319_DACC : 0.0028
[2019-08-03 02:35:29,292]: 18_DACC : 0.0028
[2019-08-03 02:35:29,292]: 312_DACC : 0.0028
[2019-08-03 02:35:29,292]: 32_DACC : 0.0028
[2019-08-03 02:35:29,292]: 39_DACC : 0.0028
[2019-08-03 02:35:29,292]: 52_DAC : 0.0028
[2019-08-03 02:35:29,292]: 36_DACC : 0.0028
[2019-08-03 02:35:29,292]: 52_DACC : 0.0028
[2019-08-03 02:35:29,292]: CU_PC-PseDNC-General : 0.0028
[2019-08-03 02:35:29,293]: 59_DACC : 0.0028
[2019-08-03 02:35:29,293]: 302_DACC : 0.0028
[2019-08-03 02:35:29,293]: 44_DACC : 0.0028
[2019-08-03 02:35:29,293]: 188_DACC : 0.0028
[2019-08-03 02:35:29,293]: 21_DACC : 0.0027
[2019-08-03 02:35:29,293]: 54_DACC : 0.0027
[2019-08-03 02:35:29,293]: 53_DACC : 0.0027
[2019-08-03 02:35:29,293]: 33_DACC : 0.0027
[2019-08-03 02:35:29,293]: CA_PC-PseDNC-General : 0.0027
[2019-08-03 02:35:29,293]: 341_DACC : 0.0027
[2019-08-03 02:35:29,293]: 136_DACC : 0.0027
[2019-08-03 02:35:29,294]: 34_DACC : 0.0027
[2019-08-03 02:35:29,294]: 223_DACC : 0.0027
[2019-08-03 02:35:29,294]: lambda2_PC-PseDNC-General : 0.0027
[2019-08-03 02:35:29,294]: 126_DACC : 0.0026
[2019-08-03 02:35:29,294]: 22_DAC : 0.0026
[2019-08-03 02:35:29,294]: 164_DACC : 0.0026
[2019-08-03 02:35:29,294]: 80_DACC : 0.0026
[2019-08-03 02:35:29,294]: 5_DACC : 0.0026
[2019-08-03 02:35:29,294]: 42_DACC : 0.0026
[2019-08-03 02:35:29,295]: 22_DACC : 0.0026
[2019-08-03 02:35:29,295]: 203_DACC : 0.0026
[2019-08-03 02:35:29,295]: 58_DACC : 0.0026
[2019-08-03 02:35:29,295]: 29_DACC : 0.0026
[2019-08-03 02:35:29,295]: 221_DACC : 0.0026
[2019-08-03 02:35:29,295]: 348_DACC : 0.0026
[2019-08-03 02:35:29,295]: 20_DACC : 0.0026
[2019-08-03 02:35:29,295]: 202_DACC : 0.0026
[2019-08-03 02:35:29,295]: 347_DACC : 0.0026
[2019-08-03 02:35:29,295]: 158_DACC : 0.0026
[2019-08-03 02:35:29,296]: 13_DACC : 0.0026
[2019-08-03 02:35:29,296]: 248_DACC : 0.0026
[2019-08-03 02:35:29,296]: 342_DACC : 0.0026
[2019-08-03 02:35:29,296]: 222_DACC : 0.0026
[2019-08-03 02:35:29,296]: 23_DACC : 0.0026
[2019-08-03 02:35:29,296]: 282_DACC : 0.0026
[2019-08-03 02:35:29,297]: 127_DACC : 0.0026
[2019-08-03 02:35:29,297]: 35_DACC : 0.0025
[2019-08-03 02:35:29,297]: 271_DACC : 0.0025
[2019-08-03 02:35:29,297]: 339_DACC : 0.0025
[2019-08-03 02:35:29,297]: lambda10_PC-PseDNC-General : 0.0025
[2019-08-03 02:35:29,297]: 346_DACC : 0.0025
[2019-08-03 02:35:29,297]: 107_DACC : 0.0025
[2019-08-03 02:35:29,297]: 56_DACC : 0.0025
[2019-08-03 02:35:29,297]: 228_DACC : 0.0025
[2019-08-03 02:35:29,297]: 122_DACC : 0.0025
[2019-08-03 02:35:29,298]: 16_DACC : 0.0025
[2019-08-03 02:35:29,298]: 297_DACC : 0.0025
[2019-08-03 02:35:29,298]: 161_DACC : 0.0025
[2019-08-03 02:35:29,298]: 97_DACC : 0.0025
[2019-08-03 02:35:29,298]: lambda4_PC-PseDNC-General : 0.0025
[2019-08-03 02:35:29,298]: 167_DACC : 0.0025
[2019-08-03 02:35:29,298]: GA_PC-PseDNC-General : 0.0025
[2019-08-03 02:35:29,298]: 159_DACC : 0.0025
[2019-08-03 02:35:29,298]: 279_DACC : 0.0025
[2019-08-03 02:35:29,298]: 213_DACC : 0.0025
[2019-08-03 02:35:29,298]: 113_DACC : 0.0025
[2019-08-03 02:35:29,299]: 352_DACC : 0.0025
[2019-08-03 02:35:29,299]: 229_DACC : 0.0025
[2019-08-03 02:35:29,299]: 77_DACC : 0.0025
[2019-08-03 02:35:29,299]: 28_DACC : 0.0025
[2019-08-03 02:35:29,299]: GC_PC-PseDNC-General : 0.0025
[2019-08-03 02:35:29,299]: 37_DACC : 0.0025
[2019-08-03 02:35:29,299]: 19_DACC : 0.0025
[2019-08-03 02:35:29,299]: 353_DACC : 0.0025
[2019-08-03 02:35:29,299]: 196_DACC : 0.0025
[2019-08-03 02:35:29,299]: 354_DACC : 0.0025
[2019-08-03 02:35:29,299]: lambda8_PC-PseDNC-General : 0.0025
[2019-08-03 02:35:29,300]: 357_DACC : 0.0025
[2019-08-03 02:35:29,300]: 133_DACC : 0.0025
[2019-08-03 02:35:29,300]: 70_DACC : 0.0025
[2019-08-03 02:35:29,300]: 102_DACC : 0.0025
[2019-08-03 02:35:29,300]: 257_DACC : 0.0025
[2019-08-03 02:35:29,300]: 98_DACC : 0.0025
[2019-08-03 02:35:29,300]: 264_DACC : 0.0024
[2019-08-03 02:35:29,300]: 114_DACC : 0.0024
[2019-08-03 02:35:29,300]: 315_DACC : 0.0024
[2019-08-03 02:35:29,300]: 324_DACC : 0.0024
[2019-08-03 02:35:29,300]: 163_DACC : 0.0024
[2019-08-03 02:35:29,300]: 82_DACC : 0.0024
[2019-08-03 02:35:29,300]: 336_DACC : 0.0024
[2019-08-03 02:35:29,301]: 308_DACC : 0.0024
[2019-08-03 02:35:29,301]: 43_DACC : 0.0024
[2019-08-03 02:35:29,301]: 79_DACC : 0.0024
[2019-08-03 02:35:29,301]: 310_DACC : 0.0024
[2019-08-03 02:35:29,301]: 147_DACC : 0.0024
[2019-08-03 02:35:29,301]: 151_DACC : 0.0024
[2019-08-03 02:35:29,301]: 232_DACC : 0.0024
[2019-08-03 02:35:29,301]: 129_DACC : 0.0024
[2019-08-03 02:35:29,301]: 280_DACC : 0.0024
[2019-08-03 02:35:29,301]: 72_DACC : 0.0024
[2019-08-03 02:35:29,301]: 177_DACC : 0.0024
[2019-08-03 02:35:29,301]: 349_DACC : 0.0024
[2019-08-03 02:35:29,302]: lambda7_PC-PseDNC-General : 0.0024
[2019-08-03 02:35:29,302]: 225_DACC : 0.0024
[2019-08-03 02:35:29,302]: GU_PC-PseDNC-General : 0.0024
[2019-08-03 02:35:29,302]: 26_DACC : 0.0024
[2019-08-03 02:35:29,302]: 307_DACC : 0.0024
[2019-08-03 02:35:29,302]: 170_DACC : 0.0024
[2019-08-03 02:35:29,302]: 137_DACC : 0.0024
[2019-08-03 02:35:29,302]: 104_DACC : 0.0024
[2019-08-03 02:35:29,303]: 143_DACC : 0.0024
[2019-08-03 02:35:29,303]: UG_PC-PseDNC-General : 0.0024
[2019-08-03 02:35:29,303]: 168_DACC : 0.0024
[2019-08-03 02:35:29,303]: 246_DACC : 0.0024
[2019-08-03 02:35:29,303]: 67_DACC : 0.0024
[2019-08-03 02:35:29,303]: 314_DACC : 0.0024
[2019-08-03 02:35:29,303]: 253_DACC : 0.0024
[2019-08-03 02:35:29,303]: CC_PC-PseDNC-General : 0.0024
[2019-08-03 02:35:29,303]: 199_DACC : 0.0024
[2019-08-03 02:35:29,303]: 328_DACC : 0.0024
[2019-08-03 02:35:29,303]: 135_DACC : 0.0024
[2019-08-03 02:35:29,303]: 254_DACC : 0.0024
[2019-08-03 02:35:29,304]: 316_DACC : 0.0024
[2019-08-03 02:35:29,304]: 123_DACC : 0.0024
[2019-08-03 02:35:29,304]: 198_DACC : 0.0024
[2019-08-03 02:35:29,304]: 313_DACC : 0.0024
[2019-08-03 02:35:29,304]: 100_DACC : 0.0024
[2019-08-03 02:35:29,304]: 131_DACC : 0.0024
[2019-08-03 02:35:29,304]: 217_DACC : 0.0024
[2019-08-03 02:35:29,304]: 162_DACC : 0.0024
[2019-08-03 02:35:29,304]: 263_DACC : 0.0024
[2019-08-03 02:35:29,304]: 140_DACC : 0.0024
[2019-08-03 02:35:29,304]: 258_DACC : 0.0024
[2019-08-03 02:35:29,304]: 144_DACC : 0.0024
[2019-08-03 02:35:29,305]: 73_DACC : 0.0024
[2019-08-03 02:35:29,305]: 172_DACC : 0.0024
[2019-08-03 02:35:29,305]: 156_DACC : 0.0024
[2019-08-03 02:35:29,305]: 262_DACC : 0.0024
[2019-08-03 02:35:29,305]: 283_DACC : 0.0024
[2019-08-03 02:35:29,305]: 219_DACC : 0.0024
[2019-08-03 02:35:29,305]: 259_DACC : 0.0024
[2019-08-03 02:35:29,305]: UU_PC-PseDNC-General : 0.0024
[2019-08-03 02:35:29,305]: 173_DACC : 0.0024
[2019-08-03 02:35:29,305]: 207_DACC : 0.0024
[2019-08-03 02:35:29,305]: AU_PC-PseDNC-General : 0.0024
[2019-08-03 02:35:29,305]: 138_DACC : 0.0024
[2019-08-03 02:35:29,306]: 285_DACC : 0.0024
[2019-08-03 02:35:29,306]: 276_DACC : 0.0024
[2019-08-03 02:35:29,306]: 186_DACC : 0.0024
[2019-08-03 02:35:29,306]: 48_DACC : 0.0023
[2019-08-03 02:35:29,306]: 216_DACC : 0.0023
[2019-08-03 02:35:29,306]: 69_DACC : 0.0023
[2019-08-03 02:35:29,306]: 187_DACC : 0.0023
[2019-08-03 02:35:29,306]: 76_DACC : 0.0023
[2019-08-03 02:35:29,306]: 106_DACC : 0.0023
[2019-08-03 02:35:29,306]: 93_DACC : 0.0023
[2019-08-03 02:35:29,306]: 200_DACC : 0.0023
[2019-08-03 02:35:29,306]: 239_DACC : 0.0023
[2019-08-03 02:35:29,307]: 301_DACC : 0.0023
[2019-08-03 02:35:29,307]: 63_DACC : 0.0023
[2019-08-03 02:35:29,307]: 226_DACC : 0.0023
[2019-08-03 02:35:29,307]: 149_DACC : 0.0023
[2019-08-03 02:35:29,307]: 299_DACC : 0.0023
[2019-08-03 02:35:29,307]: 92_DACC : 0.0023
[2019-08-03 02:35:29,307]: 30_DAC : 0.0023
[2019-08-03 02:35:29,307]: 8_DAC : 0.0023
[2019-08-03 02:35:29,307]: 237_DACC : 0.0023
[2019-08-03 02:35:29,307]: 243_DACC : 0.0023
[2019-08-03 02:35:29,308]: 358_DACC : 0.0023
[2019-08-03 02:35:29,308]: 252_DACC : 0.0023
[2019-08-03 02:35:29,308]: 193_DACC : 0.0023
[2019-08-03 02:35:29,308]: 179_DACC : 0.0023
[2019-08-03 02:35:29,308]: 337_DACC : 0.0023
[2019-08-03 02:35:29,308]: 250_DACC : 0.0023
[2019-08-03 02:35:29,308]: 4_DACC : 0.0023
[2019-08-03 02:35:29,308]: GG_PC-PseDNC-General : 0.0023
[2019-08-03 02:35:29,308]: 238_DACC : 0.0023
[2019-08-03 02:35:29,308]: 47_DACC : 0.0023
[2019-08-03 02:35:29,308]: 277_DACC : 0.0023
[2019-08-03 02:35:29,308]: 211_DACC : 0.0023
[2019-08-03 02:35:29,309]: 132_DACC : 0.0023
[2019-08-03 02:35:29,309]: 247_DACC : 0.0023
[2019-08-03 02:35:29,309]: 233_DACC : 0.0023
[2019-08-03 02:35:29,309]: 209_DACC : 0.0023
[2019-08-03 02:35:29,309]: 182_DACC : 0.0023
[2019-08-03 02:35:29,309]: 333_DACC : 0.0023
[2019-08-03 02:35:29,309]: 178_DACC : 0.0023
[2019-08-03 02:35:29,309]: 183_DACC : 0.0023
[2019-08-03 02:35:29,309]: 286_DACC : 0.0023
[2019-08-03 02:35:29,309]: 153_DACC : 0.0023
[2019-08-03 02:35:29,309]: 256_DACC : 0.0023
[2019-08-03 02:35:29,309]: lambda6_PC-PseDNC-General : 0.0023
[2019-08-03 02:35:29,310]: 50_DACC : 0.0023
[2019-08-03 02:35:29,310]: 105_DACC : 0.0023
[2019-08-03 02:35:29,310]: 287_DACC : 0.0023
[2019-08-03 02:35:29,310]: 61_DACC : 0.0023
[2019-08-03 02:35:29,310]: 306_DACC : 0.0023
[2019-08-03 02:35:29,310]: 251_DACC : 0.0022
[2019-08-03 02:35:29,310]: 318_DACC : 0.0022
[2019-08-03 02:35:29,310]: 230_DACC : 0.0022
[2019-08-03 02:35:29,310]: 190_DACC : 0.0022
[2019-08-03 02:35:29,310]: 270_DACC : 0.0022
[2019-08-03 02:35:29,310]: lambda1_PC-PseDNC-General : 0.0022
[2019-08-03 02:35:29,310]: 78_DACC : 0.0022
[2019-08-03 02:35:29,310]: 40_DACC : 0.0022
[2019-08-03 02:35:29,311]: 345_DACC : 0.0022
[2019-08-03 02:35:29,311]: 292_DACC : 0.0022
[2019-08-03 02:35:29,311]: 323_DACC : 0.0022
[2019-08-03 02:35:29,311]: 9_DACC : 0.0022
[2019-08-03 02:35:29,311]: 157_DACC : 0.0022
[2019-08-03 02:35:29,311]: 294_DACC : 0.0022
[2019-08-03 02:35:29,311]: 38_DACC : 0.0022
[2019-08-03 02:35:29,311]: 204_DACC : 0.0022
[2019-08-03 02:35:29,311]: 267_DACC : 0.0022
[2019-08-03 02:35:29,311]: 311_DACC : 0.0022
[2019-08-03 02:35:29,312]: 99_DACC : 0.0022
[2019-08-03 02:35:29,312]: 344_DACC : 0.0022
[2019-08-03 02:35:29,312]: 117_DACC : 0.0022
[2019-08-03 02:35:29,312]: 20_DAC : 0.0022
[2019-08-03 02:35:29,312]: 4_DAC : 0.0022
[2019-08-03 02:35:29,312]: 298_DACC : 0.0022
[2019-08-03 02:35:29,312]: 115_DACC : 0.0022
[2019-08-03 02:35:29,312]: 265_DACC : 0.0022
[2019-08-03 02:35:29,312]: lambda3_PC-PseDNC-General : 0.0022
[2019-08-03 02:35:29,312]: 39_DAC : 0.0022
[2019-08-03 02:35:29,312]: 119_DACC : 0.0022
[2019-08-03 02:35:29,312]: 293_DACC : 0.0021
[2019-08-03 02:35:29,312]: 134_DACC : 0.0021
[2019-08-03 02:35:29,313]: 242_DACC : 0.0021
[2019-08-03 02:35:29,313]: 116_DACC : 0.0021
[2019-08-03 02:35:29,313]: 60_DAC : 0.0021
[2019-08-03 02:35:29,313]: 195_DACC : 0.0021
[2019-08-03 02:35:29,313]: 44_DAC : 0.0021
[2019-08-03 02:35:29,313]: 289_DACC : 0.0021
[2019-08-03 02:35:29,313]: 218_DACC : 0.0021
[2019-08-03 02:35:29,313]: 317_DACC : 0.0021
[2019-08-03 02:35:29,313]: 141_DACC : 0.0021
[2019-08-03 02:35:29,313]: 95_DACC : 0.0021
[2019-08-03 02:35:29,313]: 130_DACC : 0.0021
[2019-08-03 02:35:29,314]: 25_DACC : 0.0021
[2019-08-03 02:35:29,314]: 152_DACC : 0.0021
[2019-08-03 02:35:29,314]: 12_DACC : 0.0021
[2019-08-03 02:35:29,314]: 290_DACC : 0.0021
[2019-08-03 02:35:29,314]: 214_DACC : 0.0021
[2019-08-03 02:35:29,314]: 110_DACC : 0.0021
[2019-08-03 02:35:29,314]: 16_DAC : 0.0021
[2019-08-03 02:35:29,314]: 65_DACC : 0.0021
[2019-08-03 02:35:29,314]: 268_DACC : 0.0021
[2019-08-03 02:35:29,314]: 175_DACC : 0.0021
[2019-08-03 02:35:29,314]: 220_DACC : 0.0021
[2019-08-03 02:35:29,314]: 154_DACC : 0.0021
[2019-08-03 02:35:29,314]: 322_DACC : 0.0021
[2019-08-03 02:35:29,315]: 90_DACC : 0.0021
[2019-08-03 02:35:29,315]: 332_DACC : 0.0021
[2019-08-03 02:35:29,315]: 101_DACC : 0.0021
[2019-08-03 02:35:29,315]: 89_DACC : 0.0021
[2019-08-03 02:35:29,315]: 96_DACC : 0.0021
[2019-08-03 02:35:29,315]: 329_DACC : 0.0021
[2019-08-03 02:35:29,315]: 184_DACC : 0.0021
[2019-08-03 02:35:29,315]: 201_DACC : 0.0021
[2019-08-03 02:35:29,315]: 212_DACC : 0.0021
[2019-08-03 02:35:29,315]: 281_DACC : 0.0021
[2019-08-03 02:35:29,315]: AC_PC-PseDNC-General : 0.0021
[2019-08-03 02:35:29,315]: 118_DACC : 0.0021
[2019-08-03 02:35:29,316]: 189_DACC : 0.0021
[2019-08-03 02:35:29,316]: 6_DACC : 0.0021
[2019-08-03 02:35:29,316]: 176_DACC : 0.0021
[2019-08-03 02:35:29,316]: AG_PC-PseDNC-General : 0.0021
[2019-08-03 02:35:29,316]: 261_DACC : 0.0021
[2019-08-03 02:35:29,316]: 66_DACC : 0.0021
[2019-08-03 02:35:29,317]: 84_DACC : 0.0021
[2019-08-03 02:35:29,317]: 28_DAC : 0.0021
[2019-08-03 02:35:29,317]: 359_DACC : 0.0021
[2019-08-03 02:35:29,317]: 81_DACC : 0.0021
[2019-08-03 02:35:29,317]: 58_DAC : 0.0021
[2019-08-03 02:35:29,317]: 169_DACC : 0.0021
[2019-08-03 02:35:29,317]: 148_DACC : 0.0021
[2019-08-03 02:35:29,317]: 155_DACC : 0.0021
[2019-08-03 02:35:29,317]: 240_DACC : 0.0021
[2019-08-03 02:35:29,317]: 85_DACC : 0.0021
[2019-08-03 02:35:29,317]: 64_DACC : 0.0021
[2019-08-03 02:35:29,318]: 206_DACC : 0.0021
[2019-08-03 02:35:29,318]: 165_DACC : 0.0021
[2019-08-03 02:35:29,318]: 194_DACC : 0.0021
[2019-08-03 02:35:29,318]: 146_DACC : 0.0021
[2019-08-03 02:35:29,318]: 284_DACC : 0.0020
[2019-08-03 02:35:29,318]: 327_DACC : 0.0020
[2019-08-03 02:35:29,318]: 235_DACC : 0.0020
[2019-08-03 02:35:29,318]: 71_DACC : 0.0020
[2019-08-03 02:35:29,318]: 224_DACC : 0.0020
[2019-08-03 02:35:29,318]: 31_DACC : 0.0020
[2019-08-03 02:35:29,318]: 180_DACC : 0.0020
[2019-08-03 02:35:29,319]: 139_DACC : 0.0020
[2019-08-03 02:35:29,319]: 75_DACC : 0.0020
[2019-08-03 02:35:29,319]: 191_DACC : 0.0020
[2019-08-03 02:35:29,319]: 120_DACC : 0.0020
[2019-08-03 02:35:29,319]: 278_DACC : 0.0020
[2019-08-03 02:35:29,319]: lambda9_PC-PseDNC-General : 0.0020
[2019-08-03 02:35:29,319]: 7_DACC : 0.0020
[2019-08-03 02:35:29,319]: 340_DACC : 0.0020
[2019-08-03 02:35:29,319]: AA_PC-PseDNC-General : 0.0020
[2019-08-03 02:35:29,319]: 87_DACC : 0.0020
[2019-08-03 02:35:29,319]: 51_DAC : 0.0020
[2019-08-03 02:35:29,319]: 249_DACC : 0.0020
[2019-08-03 02:35:29,320]: 111_DACC : 0.0020
[2019-08-03 02:35:29,320]: 145_DACC : 0.0020
[2019-08-03 02:35:29,320]: 321_DACC : 0.0020
[2019-08-03 02:35:29,320]: 86_DACC : 0.0020
[2019-08-03 02:35:29,320]: 350_DACC : 0.0020
[2019-08-03 02:35:29,320]: 260_DACC : 0.0020
[2019-08-03 02:35:29,320]: 15_DAC : 0.0020
[2019-08-03 02:35:29,320]: 356_DACC : 0.0020
[2019-08-03 02:35:29,320]: 121_DACC : 0.0020
[2019-08-03 02:35:29,320]: 234_DACC : 0.0020
[2019-08-03 02:35:29,320]: 91_DACC : 0.0020
[2019-08-03 02:35:29,320]: 275_DACC : 0.0020
[2019-08-03 02:35:29,321]: 109_DACC : 0.0020
[2019-08-03 02:35:29,321]: 304_DACC : 0.0020
[2019-08-03 02:35:29,321]: 46_DACC : 0.0020
[2019-08-03 02:35:29,321]: 266_DACC : 0.0020
[2019-08-03 02:35:29,321]: 244_DACC : 0.0020
[2019-08-03 02:35:29,321]: 74_DACC : 0.0020
[2019-08-03 02:35:29,321]: 108_DACC : 0.0020
[2019-08-03 02:35:29,321]: 355_DACC : 0.0020
[2019-08-03 02:35:29,321]: 124_DACC : 0.0020
[2019-08-03 02:35:29,321]: 171_DACC : 0.0020
[2019-08-03 02:35:29,321]: 300_DACC : 0.0020
[2019-08-03 02:35:29,322]: 208_DACC : 0.0020
[2019-08-03 02:35:29,322]: 150_DACC : 0.0020
[2019-08-03 02:35:29,322]: 303_DACC : 0.0020
[2019-08-03 02:35:29,322]: 1_DACC : 0.0020
[2019-08-03 02:35:29,322]: 10_DAC : 0.0020
[2019-08-03 02:35:29,322]: 273_DACC : 0.0020
[2019-08-03 02:35:29,322]: 125_DACC : 0.0020
[2019-08-03 02:35:29,322]: 45_DACC : 0.0020
[2019-08-03 02:35:29,322]: lambda5_PC-PseDNC-General : 0.0020
[2019-08-03 02:35:29,322]: 174_DACC : 0.0020
[2019-08-03 02:35:29,322]: 334_DACC : 0.0020
[2019-08-03 02:35:29,322]: 272_DACC : 0.0020
[2019-08-03 02:35:29,322]: 38_DAC : 0.0020
[2019-08-03 02:35:29,323]: 83_DACC : 0.0020
[2019-08-03 02:35:29,323]: 325_DACC : 0.0019
[2019-08-03 02:35:29,323]: 269_DACC : 0.0019
[2019-08-03 02:35:29,323]: 320_DACC : 0.0019
[2019-08-03 02:35:29,323]: 88_DACC : 0.0019
[2019-08-03 02:35:29,323]: 2_DAC : 0.0019
[2019-08-03 02:35:29,323]: 166_DACC : 0.0019
[2019-08-03 02:35:29,323]: 34_DAC : 0.0019
[2019-08-03 02:35:29,323]: 331_DACC : 0.0019
[2019-08-03 02:35:29,323]: 60_DACC : 0.0019
[2019-08-03 02:35:29,323]: CG_PC-PseDNC-General : 0.0019
[2019-08-03 02:35:29,324]: 241_DACC : 0.0019
[2019-08-03 02:35:29,324]: 236_DACC : 0.0019
[2019-08-03 02:35:29,324]: 185_DACC : 0.0019
[2019-08-03 02:35:29,324]: 14_DAC : 0.0019
[2019-08-03 02:35:29,324]: 33_DAC : 0.0019
[2019-08-03 02:35:29,324]: 181_DACC : 0.0019
[2019-08-03 02:35:29,324]: 32_DAC : 0.0019
[2019-08-03 02:35:29,324]: 245_DACC : 0.0019
[2019-08-03 02:35:29,324]: 330_DACC : 0.0019
[2019-08-03 02:35:29,324]: 210_DACC : 0.0019
[2019-08-03 02:35:29,324]: 309_DACC : 0.0019
[2019-08-03 02:35:29,324]: 49_DACC : 0.0019
[2019-08-03 02:35:29,324]: 17_DAC : 0.0019
[2019-08-03 02:35:29,325]: 51_DACC : 0.0019
[2019-08-03 02:35:29,325]: 24_DAC : 0.0019
[2019-08-03 02:35:29,325]: 296_DACC : 0.0019
[2019-08-03 02:35:29,325]: 255_DACC : 0.0019
[2019-08-03 02:35:29,325]: 215_DACC : 0.0019
[2019-08-03 02:35:29,325]: 18_DAC : 0.0019
[2019-08-03 02:35:29,325]: 55_DACC : 0.0018
[2019-08-03 02:35:29,325]: 57_DAC : 0.0018
[2019-08-03 02:35:29,325]: 128_DACC : 0.0018
[2019-08-03 02:35:29,325]: 59_DAC : 0.0018
[2019-08-03 02:35:29,325]: 41_DAC : 0.0018
[2019-08-03 02:35:29,325]: 27_DAC : 0.0018
[2019-08-03 02:35:29,326]: 335_DACC : 0.0018
[2019-08-03 02:35:29,326]: 351_DACC : 0.0018
[2019-08-03 02:35:29,326]: 11_DAC : 0.0018
[2019-08-03 02:35:29,326]: 231_DACC : 0.0018
[2019-08-03 02:35:29,326]: 326_DACC : 0.0018
[2019-08-03 02:35:29,326]: 291_DACC : 0.0018
[2019-08-03 02:35:29,326]: 205_DACC : 0.0018
[2019-08-03 02:35:29,326]: 29_DAC : 0.0018
[2019-08-03 02:35:29,326]: 54_DAC : 0.0018
[2019-08-03 02:35:29,326]: 13_DAC : 0.0018
[2019-08-03 02:35:29,326]: 53_DAC : 0.0018
[2019-08-03 02:35:29,326]: 305_DACC : 0.0017
[2019-08-03 02:35:29,327]: 42_DAC : 0.0017
[2019-08-03 02:35:29,327]: 21_DAC : 0.0017
[2019-08-03 02:35:29,327]: 43_DAC : 0.0017
[2019-08-03 02:35:29,327]: 160_DACC : 0.0017
[2019-08-03 02:35:29,327]: 5_DAC : 0.0017
[2019-08-03 02:35:29,327]: 23_DAC : 0.0017
[2019-08-03 02:35:29,327]: 94_DACC : 0.0017
[2019-08-03 02:35:29,327]: 37_DAC : 0.0017
[2019-08-03 02:35:29,327]: 50_DAC : 0.0017
[2019-08-03 02:35:29,327]: 19_DAC : 0.0017
[2019-08-03 02:35:29,327]: 35_DAC : 0.0017
[2019-08-03 02:35:29,328]: 360_DACC : 0.0016
[2019-08-03 02:35:29,328]: 56_DAC : 0.0016
[2019-08-03 02:35:29,328]: 295_DACC : 0.0016
[2019-08-03 02:35:29,328]: 26_DAC : 0.0016
[2019-08-03 02:35:29,328]: 48_DAC : 0.0016
[2019-08-03 02:35:29,328]: 12_DAC : 0.0016
[2019-08-03 02:35:29,328]: 274_DACC : 0.0016
[2019-08-03 02:35:29,328]: 1_DAC : 0.0016
[2019-08-03 02:35:29,328]: UC_PC-PseDNC-General : 0.0016
[2019-08-03 02:35:29,328]: 9_DAC : 0.0016
[2019-08-03 02:35:29,328]: 40_DAC : 0.0016
[2019-08-03 02:35:29,328]: 45_DAC : 0.0015
[2019-08-03 02:35:29,329]: 47_DAC : 0.0015
[2019-08-03 02:35:29,329]: 6_DAC : 0.0015
[2019-08-03 02:35:29,329]: 25_DAC : 0.0015
[2019-08-03 02:35:29,329]: 31_DAC : 0.0015
[2019-08-03 02:35:29,329]: 36_DAC : 0.0015
[2019-08-03 02:35:29,329]: 3_DAC : 0.0015
[2019-08-03 02:35:29,329]: 49_DAC : 0.0014
[2019-08-03 02:35:29,329]: 7_DAC : 0.0014
[2019-08-03 02:35:29,329]: 55_DAC : 0.0014
[2019-08-03 02:35:29,329]: 46_DAC : 0.0012
[2019-08-03 02:35:29,329]: feature_rank end
[2019-08-03 02:35:29,627]: Start dimension reduction ...
[2019-08-03 02:35:41,417]: length=1 accuarcy=0.4719 f1=0.4717 precision=0.4717 recall=0.4717 roc=0.4717 
[2019-08-03 02:35:53,655]: length=2 accuarcy=0.5193 f1=0.5190 precision=0.5192 recall=0.5192 roc=0.5192 
[2019-08-03 02:36:06,015]: length=3 accuarcy=0.4745 f1=0.4747 precision=0.4747 recall=0.4747 roc=0.4747 
[2019-08-03 02:36:18,661]: length=4 accuarcy=0.4575 f1=0.4576 precision=0.4576 recall=0.4576 roc=0.4576 
[2019-08-03 02:36:31,589]: length=5 accuarcy=0.4869 f1=0.4868 precision=0.4869 recall=0.4869 roc=0.4869 
[2019-08-03 02:36:44,234]: length=6 accuarcy=0.5034 f1=0.5030 precision=0.5030 recall=0.5030 roc=0.5030 
[2019-08-03 02:36:57,309]: length=7 accuarcy=0.4891 f1=0.4888 precision=0.4889 recall=0.4889 roc=0.4889 
[2019-08-03 02:37:10,166]: length=8 accuarcy=0.4799 f1=0.4797 precision=0.4798 recall=0.4798 roc=0.4798 
[2019-08-03 02:37:23,545]: length=9 accuarcy=0.4798 f1=0.4795 precision=0.4798 recall=0.4798 roc=0.4798 
[2019-08-03 02:37:37,001]: length=10 accuarcy=0.5052 f1=0.5049 precision=0.5051 recall=0.5051 roc=0.5051 
[2019-08-03 02:37:50,353]: length=11 accuarcy=0.5062 f1=0.5059 precision=0.5061 recall=0.5061 roc=0.5061 
[2019-08-03 02:38:03,317]: length=12 accuarcy=0.5132 f1=0.5130 precision=0.5131 recall=0.5131 roc=0.5131 
[2019-08-03 02:38:16,260]: length=13 accuarcy=0.5060 f1=0.5059 precision=0.5061 recall=0.5061 roc=0.5061 
[2019-08-03 02:38:29,158]: length=14 accuarcy=0.4941 f1=0.4938 precision=0.4939 recall=0.4939 roc=0.4939 
[2019-08-03 02:38:42,374]: length=15 accuarcy=0.5092 f1=0.5091 precision=0.5091 recall=0.5091 roc=0.5091 
[2019-08-03 02:38:55,660]: length=16 accuarcy=0.5154 f1=0.5148 precision=0.5152 recall=0.5152 roc=0.5152 
[2019-08-03 02:39:09,259]: length=17 accuarcy=0.5244 f1=0.5239 precision=0.5243 recall=0.5242 roc=0.5242 
[2019-08-03 02:39:22,641]: length=18 accuarcy=0.5193 f1=0.5188 precision=0.5193 recall=0.5192 roc=0.5192 
[2019-08-03 02:39:36,236]: length=19 accuarcy=0.5276 f1=0.5266 precision=0.5274 recall=0.5273 roc=0.5273 
[2019-08-03 02:39:49,892]: length=20 accuarcy=0.5506 f1=0.5494 precision=0.5510 recall=0.5505 roc=0.5505 
[2019-08-03 02:40:03,342]: length=21 accuarcy=0.5255 f1=0.5249 precision=0.5253 recall=0.5253 roc=0.5253 
[2019-08-03 02:40:16,703]: length=22 accuarcy=0.5294 f1=0.5289 precision=0.5294 recall=0.5293 roc=0.5293 
[2019-08-03 02:40:30,221]: length=23 accuarcy=0.5609 f1=0.5605 precision=0.5607 recall=0.5606 roc=0.5606 
[2019-08-03 02:40:43,774]: length=24 accuarcy=0.5459 f1=0.5451 precision=0.5456 recall=0.5455 roc=0.5455 
[2019-08-03 02:40:57,995]: length=25 accuarcy=0.5267 f1=0.5259 precision=0.5264 recall=0.5263 roc=0.5263 
[2019-08-03 02:41:11,967]: length=26 accuarcy=0.5253 f1=0.5249 precision=0.5253 recall=0.5253 roc=0.5253 
[2019-08-03 02:41:25,733]: length=27 accuarcy=0.5294 f1=0.5292 precision=0.5293 recall=0.5293 roc=0.5293 
[2019-08-03 02:41:39,781]: length=28 accuarcy=0.5356 f1=0.5347 precision=0.5356 recall=0.5354 roc=0.5354 
[2019-08-03 02:41:53,845]: length=29 accuarcy=0.5275 f1=0.5256 precision=0.5277 recall=0.5273 roc=0.5273 
[2019-08-03 02:42:07,886]: length=30 accuarcy=0.5326 f1=0.5317 precision=0.5325 recall=0.5323 roc=0.5323 
[2019-08-03 02:42:22,318]: length=31 accuarcy=0.5558 f1=0.5545 precision=0.5561 recall=0.5556 roc=0.5556 
[2019-08-03 02:42:36,069]: length=32 accuarcy=0.5366 f1=0.5363 precision=0.5364 recall=0.5364 roc=0.5364 
[2019-08-03 02:42:50,304]: length=33 accuarcy=0.5265 f1=0.5259 precision=0.5264 recall=0.5263 roc=0.5263 
[2019-08-03 02:43:04,200]: length=34 accuarcy=0.5335 f1=0.5331 precision=0.5334 recall=0.5333 roc=0.5333 
[2019-08-03 02:43:18,123]: length=35 accuarcy=0.5488 f1=0.5480 precision=0.5487 recall=0.5485 roc=0.5485 
[2019-08-03 02:43:32,723]: length=36 accuarcy=0.5264 f1=0.5259 precision=0.5264 recall=0.5263 roc=0.5263 
[2019-08-03 02:43:47,140]: length=37 accuarcy=0.5284 f1=0.5268 precision=0.5286 recall=0.5283 roc=0.5283 
[2019-08-03 02:44:01,810]: length=38 accuarcy=0.5336 f1=0.5331 precision=0.5334 recall=0.5333 roc=0.5333 
[2019-08-03 02:44:16,231]: length=39 accuarcy=0.5316 f1=0.5308 precision=0.5314 recall=0.5313 roc=0.5313 
[2019-08-03 02:44:30,609]: length=40 accuarcy=0.5407 f1=0.5402 precision=0.5405 recall=0.5404 roc=0.5404 
[2019-08-03 02:44:44,996]: length=41 accuarcy=0.5497 f1=0.5490 precision=0.5497 recall=0.5495 roc=0.5495 
[2019-08-03 02:44:59,771]: length=42 accuarcy=0.5378 f1=0.5370 precision=0.5375 recall=0.5374 roc=0.5374 
[2019-08-03 02:45:13,986]: length=43 accuarcy=0.5488 f1=0.5482 precision=0.5486 recall=0.5485 roc=0.5485 
[2019-08-03 02:45:28,297]: length=44 accuarcy=0.5246 f1=0.5239 precision=0.5243 recall=0.5242 roc=0.5242 
[2019-08-03 02:45:42,694]: length=45 accuarcy=0.5446 f1=0.5442 precision=0.5446 recall=0.5444 roc=0.5444 
[2019-08-03 02:45:57,575]: length=46 accuarcy=0.5487 f1=0.5478 precision=0.5488 recall=0.5485 roc=0.5485 
[2019-08-03 02:46:11,898]: length=47 accuarcy=0.5476 f1=0.5475 precision=0.5475 recall=0.5475 roc=0.5475 
[2019-08-03 02:46:26,161]: length=48 accuarcy=0.5476 f1=0.5472 precision=0.5476 recall=0.5475 roc=0.5475 
[2019-08-03 02:46:41,024]: length=49 accuarcy=0.5224 f1=0.5217 precision=0.5223 recall=0.5222 roc=0.5222 
[2019-08-03 02:46:56,351]: length=50 accuarcy=0.5395 f1=0.5392 precision=0.5394 recall=0.5394 roc=0.5394 
[2019-08-03 02:47:11,183]: length=51 accuarcy=0.5449 f1=0.5442 precision=0.5445 recall=0.5444 roc=0.5444 
[2019-08-03 02:47:25,861]: length=52 accuarcy=0.5386 f1=0.5382 precision=0.5384 recall=0.5384 roc=0.5384 
[2019-08-03 02:47:40,593]: length=53 accuarcy=0.5599 f1=0.5596 precision=0.5596 recall=0.5596 roc=0.5596 
[2019-08-03 02:47:55,508]: length=54 accuarcy=0.5344 f1=0.5342 precision=0.5344 recall=0.5343 roc=0.5343 
[2019-08-03 02:48:10,119]: length=55 accuarcy=0.5486 f1=0.5481 precision=0.5487 recall=0.5485 roc=0.5485 
[2019-08-03 02:48:24,768]: length=56 accuarcy=0.5546 f1=0.5544 precision=0.5546 recall=0.5545 roc=0.5545 
[2019-08-03 02:48:39,631]: length=57 accuarcy=0.5396 f1=0.5393 precision=0.5394 recall=0.5394 roc=0.5394 
[2019-08-03 02:48:54,608]: length=58 accuarcy=0.5628 f1=0.5623 precision=0.5628 recall=0.5626 roc=0.5626 
[2019-08-03 02:49:09,463]: length=59 accuarcy=0.5266 f1=0.5259 precision=0.5263 recall=0.5263 roc=0.5263 
[2019-08-03 02:49:24,405]: length=60 accuarcy=0.5385 f1=0.5383 precision=0.5384 recall=0.5384 roc=0.5384 
[2019-08-03 02:49:38,911]: length=61 accuarcy=0.5316 f1=0.5313 precision=0.5313 recall=0.5313 roc=0.5313 
[2019-08-03 02:49:54,114]: length=62 accuarcy=0.5274 f1=0.5265 precision=0.5275 recall=0.5273 roc=0.5273 
[2019-08-03 02:50:08,734]: length=63 accuarcy=0.5559 f1=0.5552 precision=0.5557 recall=0.5556 roc=0.5556 
[2019-08-03 02:50:23,910]: length=64 accuarcy=0.5336 f1=0.5330 precision=0.5334 recall=0.5333 roc=0.5333 
[2019-08-03 02:50:38,823]: length=65 accuarcy=0.5385 f1=0.5382 precision=0.5384 recall=0.5384 roc=0.5384 
[2019-08-03 02:50:54,276]: length=66 accuarcy=0.5495 f1=0.5493 precision=0.5496 recall=0.5495 roc=0.5495 
[2019-08-03 02:51:09,262]: length=67 accuarcy=0.5537 f1=0.5531 precision=0.5537 recall=0.5535 roc=0.5535 
[2019-08-03 02:51:24,292]: length=68 accuarcy=0.5548 f1=0.5543 precision=0.5547 recall=0.5545 roc=0.5545 
[2019-08-03 02:51:39,365]: length=69 accuarcy=0.5344 f1=0.5343 precision=0.5344 recall=0.5343 roc=0.5343 
[2019-08-03 02:51:54,595]: length=70 accuarcy=0.5375 f1=0.5369 precision=0.5375 recall=0.5374 roc=0.5374 
[2019-08-03 02:52:09,415]: length=71 accuarcy=0.5436 f1=0.5434 precision=0.5434 recall=0.5434 roc=0.5434 
[2019-08-03 02:52:24,849]: length=72 accuarcy=0.5376 f1=0.5373 precision=0.5374 recall=0.5374 roc=0.5374 
[2019-08-03 02:52:39,923]: length=73 accuarcy=0.5383 f1=0.5384 precision=0.5384 recall=0.5384 roc=0.5384 
[2019-08-03 02:52:55,109]: length=74 accuarcy=0.5313 f1=0.5312 precision=0.5313 recall=0.5313 roc=0.5313 
[2019-08-03 02:53:10,273]: length=75 accuarcy=0.5525 f1=0.5518 precision=0.5529 recall=0.5525 roc=0.5525 
[2019-08-03 02:53:25,257]: length=76 accuarcy=0.5516 f1=0.5511 precision=0.5517 recall=0.5515 roc=0.5515 
[2019-08-03 02:53:40,656]: length=77 accuarcy=0.5578 f1=0.5573 precision=0.5577 recall=0.5576 roc=0.5576 
[2019-08-03 02:53:56,154]: length=78 accuarcy=0.5447 f1=0.5437 precision=0.5447 recall=0.5444 roc=0.5444 
[2019-08-03 02:54:11,284]: length=79 accuarcy=0.5282 f1=0.5281 precision=0.5283 recall=0.5283 roc=0.5283 
[2019-08-03 02:54:26,390]: length=80 accuarcy=0.5345 f1=0.5343 precision=0.5344 recall=0.5343 roc=0.5343 
[2019-08-03 02:54:41,879]: length=81 accuarcy=0.5325 f1=0.5321 precision=0.5324 recall=0.5323 roc=0.5323 
[2019-08-03 02:54:57,511]: length=82 accuarcy=0.5302 f1=0.5294 precision=0.5305 recall=0.5303 roc=0.5303 
[2019-08-03 02:55:13,067]: length=83 accuarcy=0.5384 f1=0.5383 precision=0.5384 recall=0.5384 roc=0.5384 
[2019-08-03 02:55:28,432]: length=84 accuarcy=0.5335 f1=0.5331 precision=0.5334 recall=0.5333 roc=0.5333 
[2019-08-03 02:55:43,821]: length=85 accuarcy=0.5225 f1=0.5219 precision=0.5223 recall=0.5222 roc=0.5222 
[2019-08-03 02:55:59,663]: length=86 accuarcy=0.5485 f1=0.5484 precision=0.5485 recall=0.5485 roc=0.5485 
[2019-08-03 02:56:15,381]: length=87 accuarcy=0.5445 f1=0.5441 precision=0.5446 recall=0.5444 roc=0.5444 
[2019-08-03 02:56:31,156]: length=88 accuarcy=0.5384 f1=0.5379 precision=0.5385 recall=0.5384 roc=0.5384 
[2019-08-03 02:56:46,729]: length=89 accuarcy=0.5446 f1=0.5439 precision=0.5446 recall=0.5444 roc=0.5444 
[2019-08-03 02:57:04,685]: length=90 accuarcy=0.5577 f1=0.5573 precision=0.5577 recall=0.5576 roc=0.5576 
[2019-08-03 02:57:20,894]: length=91 accuarcy=0.5367 f1=0.5358 precision=0.5365 recall=0.5364 roc=0.5364 
[2019-08-03 02:57:36,674]: length=92 accuarcy=0.5365 f1=0.5357 precision=0.5366 recall=0.5364 roc=0.5364 
[2019-08-03 02:57:52,272]: length=93 accuarcy=0.5385 f1=0.5376 precision=0.5386 recall=0.5384 roc=0.5384 
[2019-08-03 02:58:08,259]: length=94 accuarcy=0.5809 f1=0.5802 precision=0.5813 recall=0.5808 roc=0.5808 
[2019-08-03 02:58:23,870]: length=95 accuarcy=0.5606 f1=0.5594 precision=0.5613 recall=0.5606 roc=0.5606 
[2019-08-03 02:58:39,272]: length=96 accuarcy=0.5396 f1=0.5387 precision=0.5396 recall=0.5394 roc=0.5394 
[2019-08-03 02:58:54,720]: length=97 accuarcy=0.5394 f1=0.5391 precision=0.5395 recall=0.5394 roc=0.5394 
[2019-08-03 02:59:10,564]: length=98 accuarcy=0.5343 f1=0.5343 precision=0.5344 recall=0.5343 roc=0.5343 
[2019-08-03 02:59:26,186]: length=99 accuarcy=0.5395 f1=0.5386 precision=0.5397 recall=0.5394 roc=0.5394 
[2019-08-03 02:59:41,884]: length=100 accuarcy=0.5748 f1=0.5734 precision=0.5757 recall=0.5747 roc=0.5747 
[2019-08-03 02:59:57,734]: length=101 accuarcy=0.5506 f1=0.5503 precision=0.5506 recall=0.5505 roc=0.5505 
[2019-08-03 03:00:13,616]: length=102 accuarcy=0.5538 f1=0.5531 precision=0.5537 recall=0.5535 roc=0.5535 
[2019-08-03 03:00:29,204]: length=103 accuarcy=0.5313 f1=0.5312 precision=0.5313 recall=0.5313 roc=0.5313 
[2019-08-03 03:00:44,790]: length=104 accuarcy=0.5386 f1=0.5381 precision=0.5385 recall=0.5384 roc=0.5384 
[2019-08-03 03:01:00,905]: length=105 accuarcy=0.5538 f1=0.5534 precision=0.5536 recall=0.5535 roc=0.5535 
[2019-08-03 03:01:17,013]: length=106 accuarcy=0.5547 f1=0.5542 precision=0.5547 recall=0.5545 roc=0.5545 
[2019-08-03 03:01:33,356]: length=107 accuarcy=0.5678 f1=0.5677 precision=0.5677 recall=0.5677 roc=0.5677 
[2019-08-03 03:01:49,307]: length=108 accuarcy=0.5436 f1=0.5431 precision=0.5436 recall=0.5434 roc=0.5434 
[2019-08-03 03:02:05,929]: length=109 accuarcy=0.5565 f1=0.5563 precision=0.5567 recall=0.5566 roc=0.5566 
[2019-08-03 03:02:21,889]: length=110 accuarcy=0.5557 f1=0.5554 precision=0.5556 recall=0.5556 roc=0.5556 
[2019-08-03 03:02:37,920]: length=111 accuarcy=0.5537 f1=0.5534 precision=0.5536 recall=0.5535 roc=0.5535 
[2019-08-03 03:02:53,838]: length=112 accuarcy=0.5728 f1=0.5723 precision=0.5731 recall=0.5727 roc=0.5727 
[2019-08-03 03:03:10,100]: length=113 accuarcy=0.5717 f1=0.5716 precision=0.5718 recall=0.5717 roc=0.5717 
[2019-08-03 03:03:26,215]: length=114 accuarcy=0.5445 f1=0.5437 precision=0.5448 recall=0.5444 roc=0.5444 
[2019-08-03 03:03:42,093]: length=115 accuarcy=0.5386 f1=0.5380 precision=0.5385 recall=0.5384 roc=0.5384 
[2019-08-03 03:03:58,115]: length=116 accuarcy=0.5736 f1=0.5730 precision=0.5743 recall=0.5737 roc=0.5737 
[2019-08-03 03:04:14,240]: length=117 accuarcy=0.5556 f1=0.5554 precision=0.5556 recall=0.5556 roc=0.5556 
[2019-08-03 03:04:29,855]: length=118 accuarcy=0.5475 f1=0.5473 precision=0.5475 recall=0.5475 roc=0.5475 
[2019-08-03 03:04:45,676]: length=119 accuarcy=0.5465 f1=0.5464 precision=0.5465 recall=0.5465 roc=0.5465 
[2019-08-03 03:05:01,537]: length=120 accuarcy=0.5647 f1=0.5646 precision=0.5647 recall=0.5646 roc=0.5646 
[2019-08-03 03:05:17,984]: length=121 accuarcy=0.5679 f1=0.5673 precision=0.5679 recall=0.5677 roc=0.5677 
[2019-08-03 03:05:34,429]: length=122 accuarcy=0.5516 f1=0.5514 precision=0.5516 recall=0.5515 roc=0.5515 
[2019-08-03 03:05:50,651]: length=123 accuarcy=0.5588 f1=0.5584 precision=0.5587 recall=0.5586 roc=0.5586 
[2019-08-03 03:06:06,851]: length=124 accuarcy=0.5426 f1=0.5420 precision=0.5426 recall=0.5424 roc=0.5424 
[2019-08-03 03:06:23,601]: length=125 accuarcy=0.5506 f1=0.5501 precision=0.5507 recall=0.5505 roc=0.5505 
[2019-08-03 03:06:39,916]: length=126 accuarcy=0.5619 f1=0.5609 precision=0.5620 recall=0.5616 roc=0.5616 
[2019-08-03 03:06:56,113]: length=127 accuarcy=0.5716 f1=0.5716 precision=0.5718 recall=0.5717 roc=0.5717 
[2019-08-03 03:07:12,695]: length=128 accuarcy=0.5464 f1=0.5461 precision=0.5466 recall=0.5465 roc=0.5465 
[2019-08-03 03:07:28,962]: length=129 accuarcy=0.5598 f1=0.5596 precision=0.5596 recall=0.5596 roc=0.5596 
[2019-08-03 03:07:45,215]: length=130 accuarcy=0.5648 f1=0.5646 precision=0.5647 recall=0.5646 roc=0.5646 
[2019-08-03 03:08:01,735]: length=131 accuarcy=0.5307 f1=0.5302 precision=0.5303 recall=0.5303 roc=0.5303 
[2019-08-03 03:08:18,094]: length=132 accuarcy=0.5577 f1=0.5574 precision=0.5577 recall=0.5576 roc=0.5576 
[2019-08-03 03:08:34,312]: length=133 accuarcy=0.5688 f1=0.5685 precision=0.5688 recall=0.5687 roc=0.5687 
[2019-08-03 03:08:50,498]: length=134 accuarcy=0.5396 f1=0.5393 precision=0.5394 recall=0.5394 roc=0.5394 
[2019-08-03 03:09:06,608]: length=135 accuarcy=0.5356 f1=0.5352 precision=0.5354 recall=0.5354 roc=0.5354 
[2019-08-03 03:09:23,416]: length=136 accuarcy=0.5677 f1=0.5675 precision=0.5678 recall=0.5677 roc=0.5677 
[2019-08-03 03:09:39,440]: length=137 accuarcy=0.5474 f1=0.5475 precision=0.5475 recall=0.5475 roc=0.5475 
[2019-08-03 03:09:55,528]: length=138 accuarcy=0.5447 f1=0.5444 precision=0.5445 recall=0.5444 roc=0.5444 
[2019-08-03 03:10:11,869]: length=139 accuarcy=0.5577 f1=0.5573 precision=0.5577 recall=0.5576 roc=0.5576 
[2019-08-03 03:10:28,142]: length=140 accuarcy=0.5514 f1=0.5513 precision=0.5516 recall=0.5515 roc=0.5515 
[2019-08-03 03:10:44,266]: length=141 accuarcy=0.5649 f1=0.5645 precision=0.5647 recall=0.5646 roc=0.5646 
[2019-08-03 03:11:00,276]: length=142 accuarcy=0.5617 f1=0.5616 precision=0.5616 recall=0.5616 roc=0.5616 
[2019-08-03 03:11:16,572]: length=143 accuarcy=0.5558 f1=0.5555 precision=0.5556 recall=0.5556 roc=0.5556 
[2019-08-03 03:11:33,491]: length=144 accuarcy=0.5749 f1=0.5746 precision=0.5748 recall=0.5747 roc=0.5747 
[2019-08-03 03:11:49,973]: length=145 accuarcy=0.5626 f1=0.5626 precision=0.5626 recall=0.5626 roc=0.5626 
[2019-08-03 03:12:06,460]: length=146 accuarcy=0.5494 f1=0.5490 precision=0.5497 recall=0.5495 roc=0.5495 
[2019-08-03 03:12:22,965]: length=147 accuarcy=0.5556 f1=0.5555 precision=0.5556 recall=0.5556 roc=0.5556 
[2019-08-03 03:12:39,327]: length=148 accuarcy=0.5536 f1=0.5534 precision=0.5536 recall=0.5535 roc=0.5535 
[2019-08-03 03:12:56,174]: length=149 accuarcy=0.5436 f1=0.5433 precision=0.5435 recall=0.5434 roc=0.5434 
[2019-08-03 03:13:12,804]: length=150 accuarcy=0.5576 f1=0.5567 precision=0.5580 recall=0.5576 roc=0.5576 
[2019-08-03 03:13:29,706]: length=151 accuarcy=0.5658 f1=0.5656 precision=0.5657 recall=0.5657 roc=0.5657 
[2019-08-03 03:13:46,120]: length=152 accuarcy=0.5697 f1=0.5692 precision=0.5700 recall=0.5697 roc=0.5697 
[2019-08-03 03:14:02,454]: length=153 accuarcy=0.5717 f1=0.5717 precision=0.5717 recall=0.5717 roc=0.5717 
[2019-08-03 03:14:19,105]: length=154 accuarcy=0.5647 f1=0.5646 precision=0.5647 recall=0.5646 roc=0.5646 
[2019-08-03 03:14:35,851]: length=155 accuarcy=0.5667 f1=0.5660 precision=0.5671 recall=0.5667 roc=0.5667 
[2019-08-03 03:14:52,431]: length=156 accuarcy=0.5686 f1=0.5680 precision=0.5691 recall=0.5687 roc=0.5687 
[2019-08-03 03:15:09,094]: length=157 accuarcy=0.5425 f1=0.5424 precision=0.5424 recall=0.5424 roc=0.5424 
[2019-08-03 03:15:25,911]: length=158 accuarcy=0.5344 f1=0.5340 precision=0.5344 recall=0.5343 roc=0.5343 
[2019-08-03 03:15:42,449]: length=159 accuarcy=0.5425 f1=0.5421 precision=0.5426 recall=0.5424 roc=0.5424 
[2019-08-03 03:15:59,091]: length=160 accuarcy=0.5575 f1=0.5567 precision=0.5580 recall=0.5576 roc=0.5576 
[2019-08-03 03:16:16,170]: length=161 accuarcy=0.5535 f1=0.5527 precision=0.5539 recall=0.5535 roc=0.5535 
[2019-08-03 03:16:33,096]: length=162 accuarcy=0.5637 f1=0.5635 precision=0.5637 recall=0.5636 roc=0.5636 
[2019-08-03 03:16:49,771]: length=163 accuarcy=0.5728 f1=0.5726 precision=0.5728 recall=0.5727 roc=0.5727 
[2019-08-03 03:17:06,370]: length=164 accuarcy=0.5656 f1=0.5656 precision=0.5657 recall=0.5657 roc=0.5657 
[2019-08-03 03:17:23,257]: length=165 accuarcy=0.5720 f1=0.5717 precision=0.5717 recall=0.5717 roc=0.5717 
[2019-08-03 03:17:40,004]: length=166 accuarcy=0.5518 f1=0.5511 precision=0.5517 recall=0.5515 roc=0.5515 
[2019-08-03 03:17:56,768]: length=167 accuarcy=0.5606 f1=0.5603 precision=0.5608 recall=0.5606 roc=0.5606 
[2019-08-03 03:18:13,321]: length=168 accuarcy=0.5688 f1=0.5686 precision=0.5687 recall=0.5687 roc=0.5687 
[2019-08-03 03:18:30,327]: length=169 accuarcy=0.5546 f1=0.5545 precision=0.5546 recall=0.5545 roc=0.5545 
[2019-08-03 03:18:47,382]: length=170 accuarcy=0.5596 f1=0.5591 precision=0.5599 recall=0.5596 roc=0.5596 
[2019-08-03 03:19:04,601]: length=171 accuarcy=0.5464 f1=0.5462 precision=0.5466 recall=0.5465 roc=0.5465 
[2019-08-03 03:19:21,770]: length=172 accuarcy=0.5718 f1=0.5717 precision=0.5718 recall=0.5717 roc=0.5717 
[2019-08-03 03:19:38,651]: length=173 accuarcy=0.5627 f1=0.5625 precision=0.5627 recall=0.5626 roc=0.5626 
[2019-08-03 03:19:55,379]: length=174 accuarcy=0.5577 f1=0.5576 precision=0.5576 recall=0.5576 roc=0.5576 
[2019-08-03 03:20:12,382]: length=175 accuarcy=0.5645 f1=0.5646 precision=0.5647 recall=0.5646 roc=0.5646 
[2019-08-03 03:20:29,423]: length=176 accuarcy=0.5486 f1=0.5479 precision=0.5487 recall=0.5485 roc=0.5485 
[2019-08-03 03:20:46,478]: length=177 accuarcy=0.5637 f1=0.5636 precision=0.5636 recall=0.5636 roc=0.5636 
[2019-08-03 03:21:03,588]: length=178 accuarcy=0.5545 f1=0.5544 precision=0.5546 recall=0.5545 roc=0.5545 
[2019-08-03 03:21:20,488]: length=179 accuarcy=0.5464 f1=0.5465 precision=0.5465 recall=0.5465 roc=0.5465 
[2019-08-03 03:21:37,996]: length=180 accuarcy=0.5627 f1=0.5626 precision=0.5626 recall=0.5626 roc=0.5626 
[2019-08-03 03:21:55,200]: length=181 accuarcy=0.5658 f1=0.5656 precision=0.5657 recall=0.5657 roc=0.5657 
[2019-08-03 03:22:12,638]: length=182 accuarcy=0.5596 f1=0.5595 precision=0.5597 recall=0.5596 roc=0.5596 
[2019-08-03 03:22:29,855]: length=183 accuarcy=0.5538 f1=0.5533 precision=0.5536 recall=0.5535 roc=0.5535 
[2019-08-03 03:22:46,845]: length=184 accuarcy=0.5405 f1=0.5403 precision=0.5404 recall=0.5404 roc=0.5404 
[2019-08-03 03:23:03,843]: length=185 accuarcy=0.5557 f1=0.5555 precision=0.5556 recall=0.5556 roc=0.5556 
[2019-08-03 03:23:20,971]: length=186 accuarcy=0.5778 f1=0.5774 precision=0.5780 recall=0.5778 roc=0.5778 
[2019-08-03 03:23:38,381]: length=187 accuarcy=0.5687 f1=0.5685 precision=0.5688 recall=0.5687 roc=0.5687 
[2019-08-03 03:23:56,095]: length=188 accuarcy=0.5597 f1=0.5592 precision=0.5598 recall=0.5596 roc=0.5596 
[2019-08-03 03:24:14,336]: length=189 accuarcy=0.5697 f1=0.5695 precision=0.5698 recall=0.5697 roc=0.5697 
[2019-08-03 03:24:31,975]: length=190 accuarcy=0.5749 f1=0.5746 precision=0.5749 recall=0.5747 roc=0.5747 
[2019-08-03 03:24:49,391]: length=191 accuarcy=0.5646 f1=0.5646 precision=0.5647 recall=0.5646 roc=0.5646 
[2019-08-03 03:25:06,759]: length=192 accuarcy=0.5676 f1=0.5676 precision=0.5677 recall=0.5677 roc=0.5677 
[2019-08-03 03:25:23,809]: length=193 accuarcy=0.5484 f1=0.5484 precision=0.5485 recall=0.5485 roc=0.5485 
[2019-08-03 03:25:40,981]: length=194 accuarcy=0.5524 f1=0.5524 precision=0.5526 recall=0.5525 roc=0.5525 
[2019-08-03 03:25:58,128]: length=195 accuarcy=0.5605 f1=0.5601 precision=0.5609 recall=0.5606 roc=0.5606 
[2019-08-03 03:26:15,752]: length=196 accuarcy=0.5564 f1=0.5564 precision=0.5566 recall=0.5566 roc=0.5566 
[2019-08-03 03:26:33,417]: length=197 accuarcy=0.5697 f1=0.5692 precision=0.5700 recall=0.5697 roc=0.5697 
[2019-08-03 03:26:50,823]: length=198 accuarcy=0.5556 f1=0.5551 precision=0.5558 recall=0.5556 roc=0.5556 
[2019-08-03 03:27:08,260]: length=199 accuarcy=0.5657 f1=0.5654 precision=0.5658 recall=0.5657 roc=0.5657 
[2019-08-03 03:27:26,349]: length=200 accuarcy=0.5667 f1=0.5665 precision=0.5668 recall=0.5667 roc=0.5667 
[2019-08-03 03:27:43,898]: length=201 accuarcy=0.5495 f1=0.5492 precision=0.5496 recall=0.5495 roc=0.5495 
[2019-08-03 03:28:01,171]: length=202 accuarcy=0.5556 f1=0.5552 precision=0.5557 recall=0.5556 roc=0.5556 
[2019-08-03 03:28:18,364]: length=203 accuarcy=0.5606 f1=0.5606 precision=0.5606 recall=0.5606 roc=0.5606 
[2019-08-03 03:28:35,746]: length=204 accuarcy=0.5707 f1=0.5703 precision=0.5710 recall=0.5707 roc=0.5707 
[2019-08-03 03:28:53,322]: length=205 accuarcy=0.5645 f1=0.5642 precision=0.5649 recall=0.5646 roc=0.5646 
[2019-08-03 03:29:10,652]: length=206 accuarcy=0.5567 f1=0.5564 precision=0.5567 recall=0.5566 roc=0.5566 
[2019-08-03 03:29:28,323]: length=207 accuarcy=0.5605 f1=0.5601 precision=0.5609 recall=0.5606 roc=0.5606 
[2019-08-03 03:29:46,351]: length=208 accuarcy=0.5627 f1=0.5623 precision=0.5628 recall=0.5626 roc=0.5626 
[2019-08-03 03:30:04,006]: length=209 accuarcy=0.5568 f1=0.5565 precision=0.5566 recall=0.5566 roc=0.5566 
[2019-08-03 03:30:21,624]: length=210 accuarcy=0.5809 f1=0.5808 precision=0.5808 recall=0.5808 roc=0.5808 
[2019-08-03 03:30:39,389]: length=211 accuarcy=0.5636 f1=0.5632 precision=0.5639 recall=0.5636 roc=0.5636 
[2019-08-03 03:30:56,876]: length=212 accuarcy=0.5515 f1=0.5514 precision=0.5516 recall=0.5515 roc=0.5515 
[2019-08-03 03:31:14,632]: length=213 accuarcy=0.5726 f1=0.5726 precision=0.5728 recall=0.5727 roc=0.5727 
[2019-08-03 03:31:32,262]: length=214 accuarcy=0.5415 f1=0.5409 precision=0.5416 recall=0.5414 roc=0.5414 
[2019-08-03 03:31:49,842]: length=215 accuarcy=0.5738 f1=0.5737 precision=0.5738 recall=0.5737 roc=0.5737 
[2019-08-03 03:32:07,093]: length=216 accuarcy=0.5565 f1=0.5562 precision=0.5568 recall=0.5566 roc=0.5566 
[2019-08-03 03:32:24,939]: length=217 accuarcy=0.5557 f1=0.5555 precision=0.5556 recall=0.5556 roc=0.5556 
[2019-08-03 03:32:42,534]: length=218 accuarcy=0.5656 f1=0.5656 precision=0.5657 recall=0.5657 roc=0.5657 
[2019-08-03 03:33:00,117]: length=219 accuarcy=0.5587 f1=0.5572 precision=0.5593 recall=0.5586 roc=0.5586 
[2019-08-03 03:33:17,524]: length=220 accuarcy=0.5455 f1=0.5453 precision=0.5455 recall=0.5455 roc=0.5455 
[2019-08-03 03:33:34,870]: length=221 accuarcy=0.5595 f1=0.5590 precision=0.5599 recall=0.5596 roc=0.5596 
[2019-08-03 03:33:52,765]: length=222 accuarcy=0.5789 f1=0.5783 precision=0.5791 recall=0.5788 roc=0.5788 
[2019-08-03 03:34:10,371]: length=223 accuarcy=0.5555 f1=0.5550 precision=0.5558 recall=0.5556 roc=0.5556 
[2019-08-03 03:34:27,974]: length=224 accuarcy=0.5506 f1=0.5498 precision=0.5508 recall=0.5505 roc=0.5505 
[2019-08-03 03:34:46,209]: length=225 accuarcy=0.5476 f1=0.5472 precision=0.5476 recall=0.5475 roc=0.5475 
[2019-08-03 03:35:04,421]: length=226 accuarcy=0.5738 f1=0.5737 precision=0.5737 recall=0.5737 roc=0.5737 
[2019-08-03 03:35:22,456]: length=227 accuarcy=0.5669 f1=0.5662 precision=0.5670 recall=0.5667 roc=0.5667 
[2019-08-03 03:35:40,263]: length=228 accuarcy=0.5534 f1=0.5535 precision=0.5536 recall=0.5535 roc=0.5535 
[2019-08-03 03:35:58,303]: length=229 accuarcy=0.5767 f1=0.5762 precision=0.5772 recall=0.5768 roc=0.5768 
[2019-08-03 03:36:16,500]: length=230 accuarcy=0.5719 f1=0.5704 precision=0.5726 recall=0.5717 roc=0.5717 
[2019-08-03 03:36:34,817]: length=231 accuarcy=0.5637 f1=0.5633 precision=0.5638 recall=0.5636 roc=0.5636 
[2019-08-03 03:36:52,917]: length=232 accuarcy=0.5464 f1=0.5463 precision=0.5465 recall=0.5465 roc=0.5465 
[2019-08-03 03:37:10,518]: length=233 accuarcy=0.5829 f1=0.5826 precision=0.5830 recall=0.5828 roc=0.5828 
[2019-08-03 03:37:28,420]: length=234 accuarcy=0.5758 f1=0.5750 precision=0.5763 recall=0.5758 roc=0.5758 
[2019-08-03 03:37:46,707]: length=235 accuarcy=0.5516 f1=0.5510 precision=0.5518 recall=0.5515 roc=0.5515 
[2019-08-03 03:38:04,379]: length=236 accuarcy=0.5426 f1=0.5423 precision=0.5425 recall=0.5424 roc=0.5424 
[2019-08-03 03:38:22,740]: length=237 accuarcy=0.5637 f1=0.5635 precision=0.5637 recall=0.5636 roc=0.5636 
[2019-08-03 03:38:40,594]: length=238 accuarcy=0.5466 f1=0.5460 precision=0.5466 recall=0.5465 roc=0.5465 
[2019-08-03 03:38:58,465]: length=239 accuarcy=0.5535 f1=0.5531 precision=0.5537 recall=0.5535 roc=0.5535 
[2019-08-03 03:39:16,354]: length=240 accuarcy=0.5596 f1=0.5589 precision=0.5599 recall=0.5596 roc=0.5596 
[2019-08-03 03:39:34,510]: length=241 accuarcy=0.5607 f1=0.5595 precision=0.5612 recall=0.5606 roc=0.5606 
[2019-08-03 03:39:52,828]: length=242 accuarcy=0.5394 f1=0.5391 precision=0.5395 recall=0.5394 roc=0.5394 
[2019-08-03 03:40:10,877]: length=243 accuarcy=0.5546 f1=0.5541 precision=0.5548 recall=0.5545 roc=0.5545 
[2019-08-03 03:40:28,825]: length=244 accuarcy=0.5638 f1=0.5631 precision=0.5639 recall=0.5636 roc=0.5636 
[2019-08-03 03:40:46,889]: length=245 accuarcy=0.5464 f1=0.5462 precision=0.5466 recall=0.5465 roc=0.5465 
[2019-08-03 03:41:04,644]: length=246 accuarcy=0.5687 f1=0.5685 precision=0.5688 recall=0.5687 roc=0.5687 
[2019-08-03 03:41:23,169]: length=247 accuarcy=0.5749 f1=0.5743 precision=0.5751 recall=0.5747 roc=0.5747 
[2019-08-03 03:41:40,963]: length=248 accuarcy=0.5515 f1=0.5505 precision=0.5520 recall=0.5515 roc=0.5515 
[2019-08-03 03:42:01,991]: length=249 accuarcy=0.5777 f1=0.5772 precision=0.5782 recall=0.5778 roc=0.5778 
[2019-08-03 03:42:20,521]: length=250 accuarcy=0.5678 f1=0.5675 precision=0.5678 recall=0.5677 roc=0.5677 
[2019-08-03 03:42:38,903]: length=251 accuarcy=0.5536 f1=0.5528 precision=0.5539 recall=0.5535 roc=0.5535 
[2019-08-03 03:42:56,927]: length=252 accuarcy=0.5525 f1=0.5524 precision=0.5526 recall=0.5525 roc=0.5525 
[2019-08-03 03:43:14,912]: length=253 accuarcy=0.5627 f1=0.5619 precision=0.5630 recall=0.5626 roc=0.5626 
[2019-08-03 03:43:32,784]: length=254 accuarcy=0.5608 f1=0.5604 precision=0.5607 recall=0.5606 roc=0.5606 
[2019-08-03 03:43:50,884]: length=255 accuarcy=0.5504 f1=0.5501 precision=0.5507 recall=0.5505 roc=0.5505 
[2019-08-03 03:44:09,466]: length=256 accuarcy=0.5617 f1=0.5608 precision=0.5621 recall=0.5616 roc=0.5616 
[2019-08-03 03:44:27,459]: length=257 accuarcy=0.5597 f1=0.5591 precision=0.5598 recall=0.5596 roc=0.5596 
[2019-08-03 03:44:45,767]: length=258 accuarcy=0.5628 f1=0.5619 precision=0.5630 recall=0.5626 roc=0.5626 
[2019-08-03 03:45:04,171]: length=259 accuarcy=0.5587 f1=0.5578 precision=0.5590 recall=0.5586 roc=0.5586 
[2019-08-03 03:45:22,412]: length=260 accuarcy=0.5709 f1=0.5702 precision=0.5711 recall=0.5707 roc=0.5707 
[2019-08-03 03:45:40,341]: length=261 accuarcy=0.5393 f1=0.5384 precision=0.5397 recall=0.5394 roc=0.5394 
[2019-08-03 03:45:58,834]: length=262 accuarcy=0.5396 f1=0.5392 precision=0.5395 recall=0.5394 roc=0.5394 
[2019-08-03 03:46:17,586]: length=263 accuarcy=0.5647 f1=0.5644 precision=0.5648 recall=0.5646 roc=0.5646 
[2019-08-03 03:46:35,742]: length=264 accuarcy=0.5554 f1=0.5547 precision=0.5560 recall=0.5556 roc=0.5556 
[2019-08-03 03:46:54,386]: length=265 accuarcy=0.5606 f1=0.5601 precision=0.5609 recall=0.5606 roc=0.5606 
[2019-08-03 03:47:12,718]: length=266 accuarcy=0.5546 f1=0.5537 precision=0.5550 recall=0.5545 roc=0.5545 
[2019-08-03 03:47:31,433]: length=267 accuarcy=0.5648 f1=0.5646 precision=0.5647 recall=0.5646 roc=0.5646 
[2019-08-03 03:47:49,595]: length=268 accuarcy=0.5788 f1=0.5786 precision=0.5790 recall=0.5788 roc=0.5788 
[2019-08-03 03:48:08,485]: length=269 accuarcy=0.5647 f1=0.5644 precision=0.5648 recall=0.5646 roc=0.5646 
[2019-08-03 03:48:26,646]: length=270 accuarcy=0.5628 f1=0.5623 precision=0.5628 recall=0.5626 roc=0.5626 
[2019-08-03 03:48:45,294]: length=271 accuarcy=0.5445 f1=0.5443 precision=0.5445 recall=0.5444 roc=0.5444 
[2019-08-03 03:49:03,767]: length=272 accuarcy=0.5584 f1=0.5578 precision=0.5590 recall=0.5586 roc=0.5586 
[2019-08-03 03:49:21,985]: length=273 accuarcy=0.5666 f1=0.5666 precision=0.5667 recall=0.5667 roc=0.5667 
[2019-08-03 03:49:40,479]: length=274 accuarcy=0.5787 f1=0.5777 precision=0.5796 recall=0.5788 roc=0.5788 
[2019-08-03 03:49:59,365]: length=275 accuarcy=0.5434 f1=0.5433 precision=0.5435 recall=0.5434 roc=0.5434 
[2019-08-03 03:50:17,701]: length=276 accuarcy=0.5607 f1=0.5593 precision=0.5613 recall=0.5606 roc=0.5606 
[2019-08-03 03:50:36,146]: length=277 accuarcy=0.5465 f1=0.5460 precision=0.5467 recall=0.5465 roc=0.5465 
[2019-08-03 03:50:54,345]: length=278 accuarcy=0.5705 f1=0.5702 precision=0.5710 recall=0.5707 roc=0.5707 
[2019-08-03 03:51:13,009]: length=279 accuarcy=0.5657 f1=0.5650 precision=0.5660 recall=0.5657 roc=0.5657 
[2019-08-03 03:51:31,814]: length=280 accuarcy=0.5678 f1=0.5671 precision=0.5680 recall=0.5677 roc=0.5677 
[2019-08-03 03:51:50,134]: length=281 accuarcy=0.5474 f1=0.5469 precision=0.5477 recall=0.5475 roc=0.5475 
[2019-08-03 03:52:08,383]: length=282 accuarcy=0.5669 f1=0.5665 precision=0.5667 recall=0.5667 roc=0.5667 
[2019-08-03 03:52:26,711]: length=283 accuarcy=0.5798 f1=0.5789 precision=0.5805 recall=0.5798 roc=0.5798 
[2019-08-03 03:52:45,166]: length=284 accuarcy=0.5526 f1=0.5521 precision=0.5527 recall=0.5525 roc=0.5525 
[2019-08-03 03:53:03,603]: length=285 accuarcy=0.5588 f1=0.5583 precision=0.5588 recall=0.5586 roc=0.5586 
[2019-08-03 03:53:22,323]: length=286 accuarcy=0.5624 f1=0.5624 precision=0.5627 recall=0.5626 roc=0.5626 
[2019-08-03 03:53:40,408]: length=287 accuarcy=0.5728 f1=0.5725 precision=0.5729 recall=0.5727 roc=0.5727 
[2019-08-03 03:53:58,657]: length=288 accuarcy=0.5464 f1=0.5461 precision=0.5466 recall=0.5465 roc=0.5465 
[2019-08-03 03:54:17,374]: length=289 accuarcy=0.5746 f1=0.5746 precision=0.5749 recall=0.5747 roc=0.5747 
[2019-08-03 03:54:36,055]: length=290 accuarcy=0.5598 f1=0.5589 precision=0.5600 recall=0.5596 roc=0.5596 
[2019-08-03 03:54:54,768]: length=291 accuarcy=0.5588 f1=0.5578 precision=0.5590 recall=0.5586 roc=0.5586 
[2019-08-03 03:55:13,446]: length=292 accuarcy=0.5618 f1=0.5614 precision=0.5618 recall=0.5616 roc=0.5616 
[2019-08-03 03:55:31,984]: length=293 accuarcy=0.5688 f1=0.5679 precision=0.5692 recall=0.5687 roc=0.5687 
[2019-08-03 03:55:50,624]: length=294 accuarcy=0.5437 f1=0.5425 precision=0.5438 recall=0.5434 roc=0.5434 
[2019-08-03 03:56:09,858]: length=295 accuarcy=0.5688 f1=0.5679 precision=0.5692 recall=0.5687 roc=0.5687 
[2019-08-03 03:56:29,142]: length=296 accuarcy=0.5728 f1=0.5724 precision=0.5730 recall=0.5727 roc=0.5727 
[2019-08-03 03:56:48,169]: length=297 accuarcy=0.5493 f1=0.5492 precision=0.5496 recall=0.5495 roc=0.5495 
[2019-08-03 03:57:09,841]: length=298 accuarcy=0.5646 f1=0.5645 precision=0.5648 recall=0.5646 roc=0.5646 
[2019-08-03 03:57:28,714]: length=299 accuarcy=0.5616 f1=0.5607 precision=0.5622 recall=0.5616 roc=0.5616 
[2019-08-03 03:57:48,192]: length=300 accuarcy=0.5507 f1=0.5502 precision=0.5506 recall=0.5505 roc=0.5505 
[2019-08-03 03:58:07,219]: length=301 accuarcy=0.5666 f1=0.5661 precision=0.5670 recall=0.5667 roc=0.5667 
[2019-08-03 03:58:26,199]: length=302 accuarcy=0.5527 f1=0.5525 precision=0.5526 recall=0.5525 roc=0.5525 
[2019-08-03 03:58:44,576]: length=303 accuarcy=0.5486 f1=0.5484 precision=0.5485 recall=0.5485 roc=0.5485 
[2019-08-03 03:59:03,238]: length=304 accuarcy=0.5798 f1=0.5788 precision=0.5806 recall=0.5798 roc=0.5798 
[2019-08-03 03:59:21,854]: length=305 accuarcy=0.5677 f1=0.5675 precision=0.5678 recall=0.5677 roc=0.5677 
[2019-08-03 03:59:40,205]: length=306 accuarcy=0.5728 f1=0.5718 precision=0.5733 recall=0.5727 roc=0.5727 
[2019-08-03 03:59:59,045]: length=307 accuarcy=0.5591 f1=0.5585 precision=0.5587 recall=0.5586 roc=0.5586 
[2019-08-03 04:00:17,852]: length=308 accuarcy=0.5669 f1=0.5659 precision=0.5671 recall=0.5667 roc=0.5667 
[2019-08-03 04:00:36,685]: length=309 accuarcy=0.5739 f1=0.5734 precision=0.5739 recall=0.5737 roc=0.5737 
[2019-08-03 04:00:55,764]: length=310 accuarcy=0.5487 f1=0.5479 precision=0.5488 recall=0.5485 roc=0.5485 
[2019-08-03 04:01:14,169]: length=311 accuarcy=0.5698 f1=0.5695 precision=0.5698 recall=0.5697 roc=0.5697 
[2019-08-03 04:01:32,545]: length=312 accuarcy=0.5616 f1=0.5612 precision=0.5618 recall=0.5616 roc=0.5616 
[2019-08-03 04:01:51,224]: length=313 accuarcy=0.5566 f1=0.5564 precision=0.5566 recall=0.5566 roc=0.5566 
[2019-08-03 04:02:09,739]: length=314 accuarcy=0.5659 f1=0.5655 precision=0.5658 recall=0.5657 roc=0.5657 
[2019-08-03 04:02:28,455]: length=315 accuarcy=0.5747 f1=0.5738 precision=0.5754 recall=0.5747 roc=0.5747 
[2019-08-03 04:02:47,014]: length=316 accuarcy=0.5819 f1=0.5812 precision=0.5823 recall=0.5818 roc=0.5818 
[2019-08-03 04:03:05,666]: length=317 accuarcy=0.5860 f1=0.5859 precision=0.5859 recall=0.5859 roc=0.5859 
[2019-08-03 04:03:24,564]: length=318 accuarcy=0.5619 f1=0.5609 precision=0.5620 recall=0.5616 roc=0.5616 
[2019-08-03 04:03:42,949]: length=319 accuarcy=0.5569 f1=0.5561 precision=0.5568 recall=0.5566 roc=0.5566 
[2019-08-03 04:04:01,580]: length=320 accuarcy=0.5656 f1=0.5649 precision=0.5661 recall=0.5657 roc=0.5657 
[2019-08-03 04:04:20,284]: length=321 accuarcy=0.5346 f1=0.5343 precision=0.5344 recall=0.5343 roc=0.5343 
[2019-08-03 04:04:38,829]: length=322 accuarcy=0.5727 f1=0.5725 precision=0.5729 recall=0.5727 roc=0.5727 
[2019-08-03 04:04:57,087]: length=323 accuarcy=0.5779 f1=0.5775 precision=0.5780 recall=0.5778 roc=0.5778 
[2019-08-03 04:05:16,624]: length=324 accuarcy=0.5617 f1=0.5607 precision=0.5621 recall=0.5616 roc=0.5616 
[2019-08-03 04:05:35,290]: length=325 accuarcy=0.5618 f1=0.5615 precision=0.5617 recall=0.5616 roc=0.5616 
[2019-08-03 04:05:54,286]: length=326 accuarcy=0.5707 f1=0.5706 precision=0.5708 recall=0.5707 roc=0.5707 
[2019-08-03 04:06:13,271]: length=327 accuarcy=0.5558 f1=0.5547 precision=0.5560 recall=0.5556 roc=0.5556 
[2019-08-03 04:06:32,047]: length=328 accuarcy=0.5616 f1=0.5610 precision=0.5620 recall=0.5616 roc=0.5616 
[2019-08-03 04:06:50,755]: length=329 accuarcy=0.5841 f1=0.5834 precision=0.5842 recall=0.5838 roc=0.5838 
[2019-08-03 04:07:09,565]: length=330 accuarcy=0.5627 f1=0.5625 precision=0.5627 recall=0.5626 roc=0.5626 
[2019-08-03 04:07:28,667]: length=331 accuarcy=0.5728 f1=0.5727 precision=0.5727 recall=0.5727 roc=0.5727 
[2019-08-03 04:07:47,551]: length=332 accuarcy=0.5487 f1=0.5485 precision=0.5485 recall=0.5485 roc=0.5485 
[2019-08-03 04:08:06,492]: length=333 accuarcy=0.5627 f1=0.5619 precision=0.5630 recall=0.5626 roc=0.5626 
[2019-08-03 04:08:25,674]: length=334 accuarcy=0.5627 f1=0.5619 precision=0.5631 recall=0.5626 roc=0.5626 
[2019-08-03 04:08:44,629]: length=335 accuarcy=0.5700 f1=0.5688 precision=0.5703 recall=0.5697 roc=0.5697 
[2019-08-03 04:09:03,758]: length=336 accuarcy=0.5453 f1=0.5453 precision=0.5455 recall=0.5455 roc=0.5455 
[2019-08-03 04:09:22,576]: length=337 accuarcy=0.5638 f1=0.5632 precision=0.5639 recall=0.5636 roc=0.5636 
[2019-08-03 04:09:41,202]: length=338 accuarcy=0.5668 f1=0.5658 precision=0.5672 recall=0.5667 roc=0.5667 
[2019-08-03 04:10:00,278]: length=339 accuarcy=0.5686 f1=0.5678 precision=0.5693 recall=0.5687 roc=0.5687 
[2019-08-03 04:10:19,310]: length=340 accuarcy=0.5626 f1=0.5622 precision=0.5629 recall=0.5626 roc=0.5626 
[2019-08-03 04:10:37,697]: length=341 accuarcy=0.5657 f1=0.5653 precision=0.5659 recall=0.5657 roc=0.5657 
[2019-08-03 04:10:56,142]: length=342 accuarcy=0.5700 f1=0.5694 precision=0.5699 recall=0.5697 roc=0.5697 
[2019-08-03 04:11:15,340]: length=343 accuarcy=0.5790 f1=0.5786 precision=0.5790 recall=0.5788 roc=0.5788 
[2019-08-03 04:11:34,475]: length=344 accuarcy=0.5858 f1=0.5858 precision=0.5859 recall=0.5859 roc=0.5859 
[2019-08-03 04:11:53,164]: length=345 accuarcy=0.5607 f1=0.5597 precision=0.5611 recall=0.5606 roc=0.5606 
[2019-08-03 04:12:12,173]: length=346 accuarcy=0.5635 f1=0.5636 precision=0.5637 recall=0.5636 roc=0.5636 
[2019-08-03 04:12:31,279]: length=347 accuarcy=0.5758 f1=0.5755 precision=0.5759 recall=0.5758 roc=0.5758 
[2019-08-03 04:12:50,019]: length=348 accuarcy=0.5697 f1=0.5689 precision=0.5702 recall=0.5697 roc=0.5697 
[2019-08-03 04:13:08,838]: length=349 accuarcy=0.5555 f1=0.5555 precision=0.5556 recall=0.5556 roc=0.5556 
[2019-08-03 04:13:27,712]: length=350 accuarcy=0.5667 f1=0.5666 precision=0.5667 recall=0.5667 roc=0.5667 
[2019-08-03 04:13:46,389]: length=351 accuarcy=0.5718 f1=0.5716 precision=0.5718 recall=0.5717 roc=0.5717 
[2019-08-03 04:14:05,259]: length=352 accuarcy=0.5394 f1=0.5393 precision=0.5394 recall=0.5394 roc=0.5394 
[2019-08-03 04:14:24,126]: length=353 accuarcy=0.5587 f1=0.5584 precision=0.5587 recall=0.5586 roc=0.5586 
[2019-08-03 04:14:42,938]: length=354 accuarcy=0.5496 f1=0.5486 precision=0.5499 recall=0.5495 roc=0.5495 
[2019-08-03 04:15:01,884]: length=355 accuarcy=0.5547 f1=0.5544 precision=0.5546 recall=0.5545 roc=0.5545 
[2019-08-03 04:15:20,611]: length=356 accuarcy=0.5507 f1=0.5503 precision=0.5506 recall=0.5505 roc=0.5505 
[2019-08-03 04:15:39,475]: length=357 accuarcy=0.5616 f1=0.5611 precision=0.5619 recall=0.5616 roc=0.5616 
[2019-08-03 04:15:58,016]: length=358 accuarcy=0.5830 f1=0.5824 precision=0.5832 recall=0.5828 roc=0.5828 
[2019-08-03 04:16:17,910]: length=359 accuarcy=0.5617 f1=0.5613 precision=0.5618 recall=0.5616 roc=0.5616 
[2019-08-03 04:16:36,828]: length=360 accuarcy=0.5708 f1=0.5698 precision=0.5713 recall=0.5707 roc=0.5707 
[2019-08-03 04:16:56,198]: length=361 accuarcy=0.5760 f1=0.5755 precision=0.5759 recall=0.5758 roc=0.5758 
[2019-08-03 04:17:15,203]: length=362 accuarcy=0.5729 f1=0.5727 precision=0.5728 recall=0.5727 roc=0.5727 
[2019-08-03 04:17:34,524]: length=363 accuarcy=0.5436 f1=0.5431 precision=0.5436 recall=0.5434 roc=0.5434 
[2019-08-03 04:17:53,448]: length=364 accuarcy=0.5656 f1=0.5651 precision=0.5660 recall=0.5657 roc=0.5657 
[2019-08-03 04:18:12,895]: length=365 accuarcy=0.5445 f1=0.5444 precision=0.5445 recall=0.5444 roc=0.5444 
[2019-08-03 04:18:32,973]: length=366 accuarcy=0.5507 f1=0.5505 precision=0.5505 recall=0.5505 roc=0.5505 
[2019-08-03 04:18:52,280]: length=367 accuarcy=0.5656 f1=0.5652 precision=0.5659 recall=0.5657 roc=0.5657 
[2019-08-03 04:19:11,467]: length=368 accuarcy=0.5729 f1=0.5718 precision=0.5734 recall=0.5727 roc=0.5727 
[2019-08-03 04:19:30,557]: length=369 accuarcy=0.5535 f1=0.5535 precision=0.5535 recall=0.5535 roc=0.5535 
[2019-08-03 04:19:49,807]: length=370 accuarcy=0.5749 f1=0.5746 precision=0.5749 recall=0.5747 roc=0.5747 
[2019-08-03 04:20:09,145]: length=371 accuarcy=0.5636 f1=0.5632 precision=0.5639 recall=0.5636 roc=0.5636 
[2019-08-03 04:20:28,403]: length=372 accuarcy=0.5578 f1=0.5569 precision=0.5579 recall=0.5576 roc=0.5576 
[2019-08-03 04:20:47,755]: length=373 accuarcy=0.5586 f1=0.5577 precision=0.5591 recall=0.5586 roc=0.5586 
[2019-08-03 04:21:06,706]: length=374 accuarcy=0.5677 f1=0.5674 precision=0.5679 recall=0.5677 roc=0.5677 
[2019-08-03 04:21:25,632]: length=375 accuarcy=0.5687 f1=0.5685 precision=0.5688 recall=0.5687 roc=0.5687 
[2019-08-03 04:21:45,066]: length=376 accuarcy=0.5779 f1=0.5772 precision=0.5782 recall=0.5778 roc=0.5778 
[2019-08-03 04:22:04,077]: length=377 accuarcy=0.5729 f1=0.5723 precision=0.5731 recall=0.5727 roc=0.5727 
[2019-08-03 04:22:23,008]: length=378 accuarcy=0.5697 f1=0.5688 precision=0.5703 recall=0.5697 roc=0.5697 
[2019-08-03 04:22:42,613]: length=379 accuarcy=0.5898 f1=0.5885 precision=0.5912 recall=0.5899 roc=0.5899 
[2019-08-03 04:23:01,961]: length=380 accuarcy=0.5454 f1=0.5450 precision=0.5456 recall=0.5455 roc=0.5455 
[2019-08-03 04:23:21,009]: length=381 accuarcy=0.5837 f1=0.5834 precision=0.5842 recall=0.5838 roc=0.5838 
[2019-08-03 04:23:40,008]: length=382 accuarcy=0.5556 f1=0.5551 precision=0.5558 recall=0.5556 roc=0.5556 
[2019-08-03 04:23:59,138]: length=383 accuarcy=0.5656 f1=0.5644 precision=0.5664 recall=0.5657 roc=0.5657 
[2019-08-03 04:24:18,238]: length=384 accuarcy=0.5566 f1=0.5564 precision=0.5566 recall=0.5566 roc=0.5566 
[2019-08-03 04:24:37,762]: length=385 accuarcy=0.5586 f1=0.5581 precision=0.5588 recall=0.5586 roc=0.5586 
[2019-08-03 04:24:56,818]: length=386 accuarcy=0.5638 f1=0.5635 precision=0.5637 recall=0.5636 roc=0.5636 
[2019-08-03 04:25:16,542]: length=387 accuarcy=0.5639 f1=0.5627 precision=0.5642 recall=0.5636 roc=0.5636 
[2019-08-03 04:25:35,808]: length=388 accuarcy=0.5667 f1=0.5659 precision=0.5671 recall=0.5667 roc=0.5667 
[2019-08-03 04:25:54,523]: length=389 accuarcy=0.5767 f1=0.5765 precision=0.5769 recall=0.5768 roc=0.5768 
[2019-08-03 04:26:14,140]: length=390 accuarcy=0.5717 f1=0.5709 precision=0.5723 recall=0.5717 roc=0.5717 
[2019-08-03 04:26:33,395]: length=391 accuarcy=0.5515 f1=0.5513 precision=0.5516 recall=0.5515 roc=0.5515 
[2019-08-03 04:26:52,552]: length=392 accuarcy=0.5505 f1=0.5502 precision=0.5506 recall=0.5505 roc=0.5505 
[2019-08-03 04:27:11,905]: length=393 accuarcy=0.5828 f1=0.5818 precision=0.5836 recall=0.5828 roc=0.5828 
[2019-08-03 04:27:31,137]: length=394 accuarcy=0.5838 f1=0.5831 precision=0.5844 recall=0.5838 roc=0.5838 
[2019-08-03 04:27:50,624]: length=395 accuarcy=0.5757 f1=0.5751 precision=0.5763 recall=0.5758 roc=0.5758 
[2019-08-03 04:28:09,876]: length=396 accuarcy=0.5678 f1=0.5673 precision=0.5679 recall=0.5677 roc=0.5677 
[2019-08-03 04:28:28,915]: length=397 accuarcy=0.5868 f1=0.5854 precision=0.5881 recall=0.5869 roc=0.5869 
[2019-08-03 04:28:48,550]: length=398 accuarcy=0.5708 f1=0.5705 precision=0.5708 recall=0.5707 roc=0.5707 
[2019-08-03 04:29:09,269]: length=399 accuarcy=0.5810 f1=0.5803 precision=0.5812 recall=0.5808 roc=0.5808 
[2019-08-03 04:29:29,130]: length=400 accuarcy=0.5697 f1=0.5689 precision=0.5702 recall=0.5697 roc=0.5697 
[2019-08-03 04:29:49,310]: length=401 accuarcy=0.5355 f1=0.5348 precision=0.5355 recall=0.5354 roc=0.5354 
[2019-08-03 04:30:09,384]: length=402 accuarcy=0.5537 f1=0.5533 precision=0.5537 recall=0.5535 roc=0.5535 
[2019-08-03 04:30:28,919]: length=403 accuarcy=0.5757 f1=0.5741 precision=0.5770 recall=0.5758 roc=0.5758 
[2019-08-03 04:30:48,486]: length=404 accuarcy=0.5687 f1=0.5681 precision=0.5691 recall=0.5687 roc=0.5687 
[2019-08-03 04:31:08,047]: length=405 accuarcy=0.5820 f1=0.5801 precision=0.5832 recall=0.5818 roc=0.5818 
[2019-08-03 04:31:27,757]: length=406 accuarcy=0.5659 f1=0.5654 precision=0.5658 recall=0.5657 roc=0.5657 
[2019-08-03 04:31:47,502]: length=407 accuarcy=0.5689 f1=0.5683 precision=0.5690 recall=0.5687 roc=0.5687 
[2019-08-03 04:32:07,446]: length=408 accuarcy=0.5497 f1=0.5486 precision=0.5499 recall=0.5495 roc=0.5495 
[2019-08-03 04:32:27,791]: length=409 accuarcy=0.5636 f1=0.5626 precision=0.5642 recall=0.5636 roc=0.5636 
[2019-08-03 04:32:48,084]: length=410 accuarcy=0.5535 f1=0.5527 precision=0.5539 recall=0.5535 roc=0.5535 
[2019-08-03 04:33:08,102]: length=411 accuarcy=0.5629 f1=0.5614 precision=0.5634 recall=0.5626 roc=0.5626 
[2019-08-03 04:33:28,421]: length=412 accuarcy=0.5618 f1=0.5606 precision=0.5622 recall=0.5616 roc=0.5616 
[2019-08-03 04:33:49,051]: length=413 accuarcy=0.5718 f1=0.5713 precision=0.5720 recall=0.5717 roc=0.5717 
[2019-08-03 04:34:09,014]: length=414 accuarcy=0.5667 f1=0.5660 precision=0.5671 recall=0.5667 roc=0.5667 
[2019-08-03 04:34:29,323]: length=415 accuarcy=0.5728 f1=0.5721 precision=0.5732 recall=0.5727 roc=0.5727 
[2019-08-03 04:34:50,422]: length=416 accuarcy=0.5566 f1=0.5562 precision=0.5568 recall=0.5566 roc=0.5566 
[2019-08-03 04:35:11,700]: length=417 accuarcy=0.5596 f1=0.5592 precision=0.5598 recall=0.5596 roc=0.5596 
[2019-08-03 04:35:32,273]: length=418 accuarcy=0.5819 f1=0.5815 precision=0.5820 recall=0.5818 roc=0.5818 
[2019-08-03 04:35:52,625]: length=419 accuarcy=0.5656 f1=0.5655 precision=0.5657 recall=0.5657 roc=0.5657 
[2019-08-03 04:36:12,774]: length=420 accuarcy=0.5665 f1=0.5661 precision=0.5670 recall=0.5667 roc=0.5667 
[2019-08-03 04:36:33,033]: length=421 accuarcy=0.5646 f1=0.5645 precision=0.5647 recall=0.5646 roc=0.5646 
[2019-08-03 04:36:53,228]: length=422 accuarcy=0.5637 f1=0.5634 precision=0.5638 recall=0.5636 roc=0.5636 
[2019-08-03 04:37:13,135]: length=423 accuarcy=0.5617 f1=0.5613 precision=0.5618 recall=0.5616 roc=0.5616 
[2019-08-03 04:37:32,883]: length=424 accuarcy=0.5758 f1=0.5757 precision=0.5758 recall=0.5758 roc=0.5758 
[2019-08-03 04:37:52,673]: length=425 accuarcy=0.5596 f1=0.5594 precision=0.5597 recall=0.5596 roc=0.5596 
[2019-08-03 04:38:12,169]: length=426 accuarcy=0.5689 f1=0.5679 precision=0.5692 recall=0.5687 roc=0.5687 
[2019-08-03 04:38:31,959]: length=427 accuarcy=0.5667 f1=0.5656 precision=0.5673 recall=0.5667 roc=0.5667 
[2019-08-03 04:38:51,774]: length=428 accuarcy=0.5558 f1=0.5550 precision=0.5558 recall=0.5556 roc=0.5556 
[2019-08-03 04:39:11,874]: length=429 accuarcy=0.5788 f1=0.5780 precision=0.5794 recall=0.5788 roc=0.5788 
[2019-08-03 04:39:31,148]: length=430 accuarcy=0.5608 f1=0.5599 precision=0.5610 recall=0.5606 roc=0.5606 
[2019-08-03 04:39:51,008]: length=431 accuarcy=0.5648 f1=0.5642 precision=0.5649 recall=0.5646 roc=0.5646 
[2019-08-03 04:40:10,629]: length=432 accuarcy=0.5938 f1=0.5933 precision=0.5946 recall=0.5939 roc=0.5939 
[2019-08-03 04:40:30,240]: length=433 accuarcy=0.5677 f1=0.5674 precision=0.5678 recall=0.5677 roc=0.5677 
[2019-08-03 04:40:50,257]: length=434 accuarcy=0.5828 f1=0.5822 precision=0.5833 recall=0.5828 roc=0.5828 
[2019-08-03 04:41:10,537]: length=435 accuarcy=0.5679 f1=0.5672 precision=0.5680 recall=0.5677 roc=0.5677 
[2019-08-03 04:41:30,165]: length=436 accuarcy=0.5625 f1=0.5623 precision=0.5628 recall=0.5626 roc=0.5626 
[2019-08-03 04:41:50,428]: length=437 accuarcy=0.5524 f1=0.5518 precision=0.5529 recall=0.5525 roc=0.5525 
[2019-08-03 04:42:10,180]: length=438 accuarcy=0.5586 f1=0.5582 precision=0.5588 recall=0.5586 roc=0.5586 
[2019-08-03 04:42:30,137]: length=439 accuarcy=0.5718 f1=0.5713 precision=0.5720 recall=0.5717 roc=0.5717 
[2019-08-03 04:42:49,846]: length=440 accuarcy=0.5676 f1=0.5676 precision=0.5677 recall=0.5677 roc=0.5677 
[2019-08-03 04:43:10,172]: length=441 accuarcy=0.5789 f1=0.5784 precision=0.5791 recall=0.5788 roc=0.5788 
[2019-08-03 04:43:30,109]: length=442 accuarcy=0.5961 f1=0.5957 precision=0.5962 recall=0.5960 roc=0.5960 
[2019-08-03 04:43:50,066]: length=443 accuarcy=0.5574 f1=0.5571 precision=0.5578 recall=0.5576 roc=0.5576 
[2019-08-03 04:44:10,080]: length=444 accuarcy=0.5636 f1=0.5625 precision=0.5643 recall=0.5636 roc=0.5636 
[2019-08-03 04:44:30,227]: length=445 accuarcy=0.5747 f1=0.5745 precision=0.5749 recall=0.5747 roc=0.5747 
[2019-08-03 04:44:50,259]: length=446 accuarcy=0.5797 f1=0.5791 precision=0.5803 recall=0.5798 roc=0.5798 
[2019-08-03 04:44:50,260]: ----------
[2019-08-03 04:44:50,260]: the max acc = 0.5961
[2019-08-03 04:44:50,262]: ['192_DACC' '288_DACC' '15_DACC' '27_DACC' '41_DACC' '8_DACC' '343_DACC'
 '57_DACC' '30_DACC' '11_DACC' '24_DACC' '142_DACC' '3_DACC' '62_DACC'
 'UA_PC-PseDNC-General' '112_DACC' '227_DACC' '68_DACC' '2_DACC'
 '197_DACC' '17_DACC' '14_DACC' '103_DACC' '10_DACC' '338_DACC' '319_DACC'
 '18_DACC' '312_DACC' '32_DACC' '39_DACC' '52_DAC' '36_DACC' '52_DACC'
 'CU_PC-PseDNC-General' '59_DACC' '302_DACC' '44_DACC' '188_DACC'
 '21_DACC' '54_DACC' '53_DACC' '33_DACC' 'CA_PC-PseDNC-General' '341_DACC'
 '136_DACC' '34_DACC' '223_DACC' 'lambda2_PC-PseDNC-General' '126_DACC'
 '22_DAC' '164_DACC' '80_DACC' '5_DACC' '42_DACC' '22_DACC' '203_DACC'
 '58_DACC' '29_DACC' '221_DACC' '348_DACC' '20_DACC' '202_DACC' '347_DACC'
 '158_DACC' '13_DACC' '248_DACC' '342_DACC' '222_DACC' '23_DACC'
 '282_DACC' '127_DACC' '35_DACC' '271_DACC' '339_DACC'
 'lambda10_PC-PseDNC-General' '346_DACC' '107_DACC' '56_DACC' '228_DACC'
 '122_DACC' '16_DACC' '297_DACC' '161_DACC' '97_DACC'
 'lambda4_PC-PseDNC-General' '167_DACC' 'GA_PC-PseDNC-General' '159_DACC'
 '279_DACC' '213_DACC' '113_DACC' '352_DACC' '229_DACC' '77_DACC'
 '28_DACC' 'GC_PC-PseDNC-General' '37_DACC' '19_DACC' '353_DACC'
 '196_DACC' '354_DACC' 'lambda8_PC-PseDNC-General' '357_DACC' '133_DACC'
 '70_DACC' '102_DACC' '257_DACC' '98_DACC' '264_DACC' '114_DACC'
 '315_DACC' '324_DACC' '163_DACC' '82_DACC' '336_DACC' '308_DACC'
 '43_DACC' '79_DACC' '310_DACC' '147_DACC' '151_DACC' '232_DACC'
 '129_DACC' '280_DACC' '72_DACC' '177_DACC' '349_DACC'
 'lambda7_PC-PseDNC-General' '225_DACC' 'GU_PC-PseDNC-General' '26_DACC'
 '307_DACC' '170_DACC' '137_DACC' '104_DACC' '143_DACC'
 'UG_PC-PseDNC-General' '168_DACC' '246_DACC' '67_DACC' '314_DACC'
 '253_DACC' 'CC_PC-PseDNC-General' '199_DACC' '328_DACC' '135_DACC'
 '254_DACC' '316_DACC' '123_DACC' '198_DACC' '313_DACC' '100_DACC'
 '131_DACC' '217_DACC' '162_DACC' '263_DACC' '140_DACC' '258_DACC'
 '144_DACC' '73_DACC' '172_DACC' '156_DACC' '262_DACC' '283_DACC'
 '219_DACC' '259_DACC' 'UU_PC-PseDNC-General' '173_DACC' '207_DACC'
 'AU_PC-PseDNC-General' '138_DACC' '285_DACC' '276_DACC' '186_DACC'
 '48_DACC' '216_DACC' '69_DACC' '187_DACC' '76_DACC' '106_DACC' '93_DACC'
 '200_DACC' '239_DACC' '301_DACC' '63_DACC' '226_DACC' '149_DACC'
 '299_DACC' '92_DACC' '30_DAC' '8_DAC' '237_DACC' '243_DACC' '358_DACC'
 '252_DACC' '193_DACC' '179_DACC' '337_DACC' '250_DACC' '4_DACC'
 'GG_PC-PseDNC-General' '238_DACC' '47_DACC' '277_DACC' '211_DACC'
 '132_DACC' '247_DACC' '233_DACC' '209_DACC' '182_DACC' '333_DACC'
 '178_DACC' '183_DACC' '286_DACC' '153_DACC' '256_DACC'
 'lambda6_PC-PseDNC-General' '50_DACC' '105_DACC' '287_DACC' '61_DACC'
 '306_DACC' '251_DACC' '318_DACC' '230_DACC' '190_DACC' '270_DACC'
 'lambda1_PC-PseDNC-General' '78_DACC' '40_DACC' '345_DACC' '292_DACC'
 '323_DACC' '9_DACC' '157_DACC' '294_DACC' '38_DACC' '204_DACC' '267_DACC'
 '311_DACC' '99_DACC' '344_DACC' '117_DACC' '20_DAC' '4_DAC' '298_DACC'
 '115_DACC' '265_DACC' 'lambda3_PC-PseDNC-General' '39_DAC' '119_DACC'
 '293_DACC' '134_DACC' '242_DACC' '116_DACC' '60_DAC' '195_DACC' '44_DAC'
 '289_DACC' '218_DACC' '317_DACC' '141_DACC' '95_DACC' '130_DACC'
 '25_DACC' '152_DACC' '12_DACC' '290_DACC' '214_DACC' '110_DACC' '16_DAC'
 '65_DACC' '268_DACC' '175_DACC' '220_DACC' '154_DACC' '322_DACC'
 '90_DACC' '332_DACC' '101_DACC' '89_DACC' '96_DACC' '329_DACC' '184_DACC'
 '201_DACC' '212_DACC' '281_DACC' 'AC_PC-PseDNC-General' '118_DACC'
 '189_DACC' '6_DACC' '176_DACC' 'AG_PC-PseDNC-General' '261_DACC'
 '66_DACC' '84_DACC' '28_DAC' '359_DACC' '81_DACC' '58_DAC' '169_DACC'
 '148_DACC' '155_DACC' '240_DACC' '85_DACC' '64_DACC' '206_DACC'
 '165_DACC' '194_DACC' '146_DACC' '284_DACC' '327_DACC' '235_DACC'
 '71_DACC' '224_DACC' '31_DACC' '180_DACC' '139_DACC' '75_DACC' '191_DACC'
 '120_DACC' '278_DACC' 'lambda9_PC-PseDNC-General' '7_DACC' '340_DACC'
 'AA_PC-PseDNC-General' '87_DACC' '51_DAC' '249_DACC' '111_DACC'
 '145_DACC' '321_DACC' '86_DACC' '350_DACC' '260_DACC' '15_DAC' '356_DACC'
 '121_DACC' '234_DACC' '91_DACC' '275_DACC' '109_DACC' '304_DACC'
 '46_DACC' '266_DACC' '244_DACC' '74_DACC' '108_DACC' '355_DACC'
 '124_DACC' '171_DACC' '300_DACC' '208_DACC' '150_DACC' '303_DACC'
 '1_DACC' '10_DAC' '273_DACC' '125_DACC' '45_DACC'
 'lambda5_PC-PseDNC-General' '174_DACC' '334_DACC' '272_DACC' '38_DAC'
 '83_DACC' '325_DACC' '269_DACC' '320_DACC' '88_DACC' '2_DAC' '166_DACC'
 '34_DAC' '331_DACC' '60_DACC' 'CG_PC-PseDNC-General' '241_DACC'
 '236_DACC' '185_DACC' '14_DAC' '33_DAC' '181_DACC' '32_DAC' '245_DACC'
 '330_DACC' '210_DACC' '309_DACC' '49_DACC' '17_DAC' '51_DACC' '24_DAC'
 '296_DACC' '255_DACC' '215_DACC' '18_DAC' '55_DACC' '57_DAC' '128_DACC'
 '59_DAC' '41_DAC' '27_DAC' '335_DACC' '351_DACC' '11_DAC' '231_DACC'
 '326_DACC' '291_DACC' '205_DACC' '29_DAC' '54_DAC' '13_DAC' '53_DAC'
 '305_DACC' '42_DAC' '21_DAC' '43_DAC' '160_DACC' '5_DAC' '23_DAC'
 '94_DACC' '37_DAC' '50_DAC' '19_DAC' '35_DAC' '360_DACC' '56_DAC'
 '295_DACC' '26_DAC' '48_DAC' '12_DAC' '274_DACC' '1_DAC'
 'UC_PC-PseDNC-General' '9_DAC' '40_DAC' '45_DAC' '47_DAC' '6_DAC'
 '25_DAC' '31_DAC' '36_DAC' '3_DAC'],length = 442
[2019-08-03 04:44:50,264]: -----------
[2019-08-03 04:44:59,577]: ***confusion matrix***
[2019-08-03 04:44:59,577]:                pos_class      neg_class      
[2019-08-03 04:44:59,577]: pos_class      TP:282            FN:213            
[2019-08-03 04:44:59,578]: neg_class      FP:187            TN:308            
[2019-08-03 04:44:59,578]: accuarcy = 0.5959595959595959 
[2019-08-03 04:44:59,579]: precision =0.5962250715165603 
[2019-08-03 04:44:59,579]: recall =0.5959595959595959
[2019-08-03 04:44:59,581]: f1 =0.595680726631163 
[2019-08-03 04:44:59,581]: roc area = 0.595959595959596
[2019-08-03 04:45:00,264]: -----------
[2019-08-03 04:45:00,265]: The output by the terminal's log has been saved in the G:\\work\MRMD2.0-github\Logs\201908022142.log.
[2019-08-03 04:45:00,265]: metrics have been saved in the G:\\work\MRMD2.0-github\Results\meteics_CKSAAGP.csv.
[2019-08-03 04:45:00,265]: reduced dimensional dataset has been saved in the G:\\work\MRMD2.0-github\Results\testRDCKSAAGP.csv.
[2019-08-03 04:45:00,265]: ---mrmd 2.0 end---
