[2019-08-14 20:12:12,418]: ---mrmd 2.0 start----
[2019-08-14 20:12:12,510]: ANOVA start...
[2019-08-14 20:12:12,527]: ANOVA end.
[2019-08-14 20:12:12,527]: mic start...
[2019-08-14 20:12:18,062]: mic end.
[2019-08-14 20:12:18,063]: mrmd start...
[2019-08-14 20:12:18,255]: mrmd end.
[2019-08-14 20:12:18,255]: mRMR start...
[2019-08-14 20:12:25,814]: mRMR end.
[2019-08-14 20:12:25,814]: lasso start...
[2019-08-14 20:12:25,839]: lasso end.
[2019-08-14 20:12:25,840]: lasso2 start...
[2019-08-14 20:12:26,461]: lasso2 end.
[2019-08-14 20:12:26,464]: rank start ...
[2019-08-14 20:12:26,473]: The final  rank is
[2019-08-14 20:12:26,474]: aromatic.uncharger.gap5 : 0.0080
[2019-08-14 20:12:26,474]: aromatic.uncharger.gap0 : 0.0078
[2019-08-14 20:12:26,474]: uncharger.postivecharger.gap0 : 0.0077
[2019-08-14 20:12:26,474]: uncharger.aromatic.gap5 : 0.0077
[2019-08-14 20:12:26,474]: uncharger.aromatic.gap1 : 0.0077
[2019-08-14 20:12:26,474]: alphaticr.alphaticr.gap5 : 0.0077
[2019-08-14 20:12:26,474]: uncharger.uncharger.gap3 : 0.0077
[2019-08-14 20:12:26,475]: aromatic.uncharger.gap4 : 0.0077
[2019-08-14 20:12:26,475]: alphaticr.alphaticr.gap0 : 0.0077
[2019-08-14 20:12:26,475]: postivecharger.negativecharger.gap5 : 0.0076
[2019-08-14 20:12:26,475]: aromatic.negativecharger.gap0 : 0.0076
[2019-08-14 20:12:26,475]: aromatic.postivecharger.gap5 : 0.0076
[2019-08-14 20:12:26,475]: alphaticr.postivecharger.gap3 : 0.0076
[2019-08-14 20:12:26,475]: aromatic.uncharger.gap2 : 0.0076
[2019-08-14 20:12:26,475]: postivecharger.postivecharger.gap4 : 0.0076
[2019-08-14 20:12:26,475]: postivecharger.uncharger.gap5 : 0.0076
[2019-08-14 20:12:26,475]: uncharger.postivecharger.gap2 : 0.0076
[2019-08-14 20:12:26,475]: postivecharger.uncharger.gap3 : 0.0075
[2019-08-14 20:12:26,475]: alphaticr.aromatic.gap2 : 0.0075
[2019-08-14 20:12:26,475]: uncharger.postivecharger.gap1 : 0.0075
[2019-08-14 20:12:26,475]: alphaticr.postivecharger.gap2 : 0.0075
[2019-08-14 20:12:26,475]: uncharger.negativecharger.gap1 : 0.0075
[2019-08-14 20:12:26,476]: aromatic.alphaticr.gap4 : 0.0075
[2019-08-14 20:12:26,476]: postivecharger.alphaticr.gap3 : 0.0074
[2019-08-14 20:12:26,476]: uncharger.alphaticr.gap5 : 0.0074
[2019-08-14 20:12:26,476]: postivecharger.uncharger.gap0 : 0.0074
[2019-08-14 20:12:26,476]: negativecharger.alphaticr.gap4 : 0.0074
[2019-08-14 20:12:26,476]: postivecharger.aromatic.gap3 : 0.0074
[2019-08-14 20:12:26,476]: postivecharger.postivecharger.gap1 : 0.0074
[2019-08-14 20:12:26,476]: negativecharger.uncharger.gap2 : 0.0074
[2019-08-14 20:12:26,476]: alphaticr.alphaticr.gap4 : 0.0074
[2019-08-14 20:12:26,476]: postivecharger.alphaticr.gap0 : 0.0074
[2019-08-14 20:12:26,476]: uncharger.alphaticr.gap0 : 0.0074
[2019-08-14 20:12:26,476]: uncharger.aromatic.gap0 : 0.0073
[2019-08-14 20:12:26,476]: negativecharger.alphaticr.gap3 : 0.0073
[2019-08-14 20:12:26,476]: uncharger.uncharger.gap2 : 0.0073
[2019-08-14 20:12:26,476]: alphaticr.alphaticr.gap1 : 0.0073
[2019-08-14 20:12:26,476]: uncharger.alphaticr.gap2 : 0.0073
[2019-08-14 20:12:26,477]: alphaticr.negativecharger.gap3 : 0.0073
[2019-08-14 20:12:26,477]: uncharger.alphaticr.gap1 : 0.0073
[2019-08-14 20:12:26,477]: postivecharger.uncharger.gap2 : 0.0073
[2019-08-14 20:12:26,477]: negativecharger.alphaticr.gap0 : 0.0073
[2019-08-14 20:12:26,477]: postivecharger.uncharger.gap4 : 0.0073
[2019-08-14 20:12:26,477]: aromatic.negativecharger.gap5 : 0.0073
[2019-08-14 20:12:26,477]: uncharger.postivecharger.gap4 : 0.0073
[2019-08-14 20:12:26,477]: uncharger.postivecharger.gap5 : 0.0072
[2019-08-14 20:12:26,477]: negativecharger.aromatic.gap2 : 0.0072
[2019-08-14 20:12:26,477]: aromatic.uncharger.gap1 : 0.0072
[2019-08-14 20:12:26,477]: uncharger.negativecharger.gap5 : 0.0072
[2019-08-14 20:12:26,477]: uncharger.aromatic.gap4 : 0.0071
[2019-08-14 20:12:26,477]: postivecharger.alphaticr.gap1 : 0.0071
[2019-08-14 20:12:26,477]: postivecharger.aromatic.gap5 : 0.0070
[2019-08-14 20:12:26,477]: alphaticr.negativecharger.gap5 : 0.0070
[2019-08-14 20:12:26,478]: negativecharger.negativecharger.gap2 : 0.0070
[2019-08-14 20:12:26,478]: negativecharger.postivecharger.gap2 : 0.0069
[2019-08-14 20:12:26,478]: aromatic.postivecharger.gap4 : 0.0069
[2019-08-14 20:12:26,478]: aromatic.alphaticr.gap5 : 0.0069
[2019-08-14 20:12:26,478]: postivecharger.negativecharger.gap0 : 0.0069
[2019-08-14 20:12:26,478]: uncharger.aromatic.gap3 : 0.0068
[2019-08-14 20:12:26,478]: postivecharger.postivecharger.gap5 : 0.0067
[2019-08-14 20:12:26,478]: negativecharger.aromatic.gap3 : 0.0067
[2019-08-14 20:12:26,478]: negativecharger.alphaticr.gap5 : 0.0067
[2019-08-14 20:12:26,478]: negativecharger.postivecharger.gap4 : 0.0067
[2019-08-14 20:12:26,479]: negativecharger.uncharger.gap1 : 0.0067
[2019-08-14 20:12:26,479]: postivecharger.negativecharger.gap1 : 0.0066
[2019-08-14 20:12:26,479]: uncharger.alphaticr.gap3 : 0.0066
[2019-08-14 20:12:26,479]: postivecharger.aromatic.gap1 : 0.0066
[2019-08-14 20:12:26,479]: aromatic.aromatic.gap0 : 0.0066
[2019-08-14 20:12:26,479]: alphaticr.negativecharger.gap0 : 0.0066
[2019-08-14 20:12:26,479]: negativecharger.uncharger.gap5 : 0.0066
[2019-08-14 20:12:26,479]: aromatic.negativecharger.gap2 : 0.0065
[2019-08-14 20:12:26,479]: postivecharger.alphaticr.gap2 : 0.0065
[2019-08-14 20:12:26,479]: aromatic.negativecharger.gap1 : 0.0065
[2019-08-14 20:12:26,479]: aromatic.postivecharger.gap0 : 0.0065
[2019-08-14 20:12:26,479]: negativecharger.aromatic.gap1 : 0.0065
[2019-08-14 20:12:26,479]: alphaticr.uncharger.gap0 : 0.0065
[2019-08-14 20:12:26,479]: alphaticr.uncharger.gap5 : 0.0065
[2019-08-14 20:12:26,480]: postivecharger.negativecharger.gap2 : 0.0065
[2019-08-14 20:12:26,480]: aromatic.aromatic.gap5 : 0.0065
[2019-08-14 20:12:26,480]: postivecharger.postivecharger.gap2 : 0.0065
[2019-08-14 20:12:26,480]: negativecharger.postivecharger.gap1 : 0.0065
[2019-08-14 20:12:26,480]: aromatic.alphaticr.gap1 : 0.0064
[2019-08-14 20:12:26,480]: negativecharger.aromatic.gap5 : 0.0064
[2019-08-14 20:12:26,480]: negativecharger.negativecharger.gap4 : 0.0064
[2019-08-14 20:12:26,480]: alphaticr.negativecharger.gap4 : 0.0064
[2019-08-14 20:12:26,480]: alphaticr.postivecharger.gap5 : 0.0064
[2019-08-14 20:12:26,480]: uncharger.negativecharger.gap4 : 0.0064
[2019-08-14 20:12:26,480]: negativecharger.uncharger.gap4 : 0.0064
[2019-08-14 20:12:26,480]: negativecharger.negativecharger.gap5 : 0.0064
[2019-08-14 20:12:26,480]: postivecharger.negativecharger.gap4 : 0.0064
[2019-08-14 20:12:26,480]: uncharger.negativecharger.gap0 : 0.0064
[2019-08-14 20:12:26,480]: aromatic.postivecharger.gap3 : 0.0064
[2019-08-14 20:12:26,481]: negativecharger.alphaticr.gap1 : 0.0064
[2019-08-14 20:12:26,481]: alphaticr.aromatic.gap5 : 0.0064
[2019-08-14 20:12:26,481]: alphaticr.negativecharger.gap1 : 0.0064
[2019-08-14 20:12:26,481]: aromatic.aromatic.gap4 : 0.0063
[2019-08-14 20:12:26,481]: alphaticr.uncharger.gap2 : 0.0063
[2019-08-14 20:12:26,481]: alphaticr.postivecharger.gap4 : 0.0063
[2019-08-14 20:12:26,481]: negativecharger.postivecharger.gap0 : 0.0063
[2019-08-14 20:12:26,481]: postivecharger.uncharger.gap1 : 0.0063
[2019-08-14 20:12:26,481]: alphaticr.aromatic.gap1 : 0.0063
[2019-08-14 20:12:26,481]: aromatic.aromatic.gap1 : 0.0063
[2019-08-14 20:12:26,481]: uncharger.negativecharger.gap2 : 0.0063
[2019-08-14 20:12:26,481]: postivecharger.aromatic.gap4 : 0.0063
[2019-08-14 20:12:26,481]: uncharger.aromatic.gap2 : 0.0063
[2019-08-14 20:12:26,481]: alphaticr.alphaticr.gap3 : 0.0063
[2019-08-14 20:12:26,481]: postivecharger.alphaticr.gap4 : 0.0063
[2019-08-14 20:12:26,482]: negativecharger.negativecharger.gap1 : 0.0063
[2019-08-14 20:12:26,482]: postivecharger.alphaticr.gap5 : 0.0062
[2019-08-14 20:12:26,482]: alphaticr.alphaticr.gap2 : 0.0062
[2019-08-14 20:12:26,482]: negativecharger.uncharger.gap0 : 0.0062
[2019-08-14 20:12:26,482]: postivecharger.postivecharger.gap0 : 0.0062
[2019-08-14 20:12:26,482]: negativecharger.aromatic.gap4 : 0.0062
[2019-08-14 20:12:26,482]: alphaticr.postivecharger.gap1 : 0.0062
[2019-08-14 20:12:26,482]: postivecharger.aromatic.gap2 : 0.0062
[2019-08-14 20:12:26,482]: aromatic.aromatic.gap2 : 0.0062
[2019-08-14 20:12:26,482]: alphaticr.negativecharger.gap2 : 0.0062
[2019-08-14 20:12:26,482]: negativecharger.postivecharger.gap3 : 0.0062
[2019-08-14 20:12:26,482]: negativecharger.negativecharger.gap0 : 0.0062
[2019-08-14 20:12:26,482]: aromatic.negativecharger.gap3 : 0.0062
[2019-08-14 20:12:26,482]: alphaticr.aromatic.gap3 : 0.0062
[2019-08-14 20:12:26,482]: postivecharger.aromatic.gap0 : 0.0062
[2019-08-14 20:12:26,483]: negativecharger.alphaticr.gap2 : 0.0061
[2019-08-14 20:12:26,483]: alphaticr.aromatic.gap0 : 0.0061
[2019-08-14 20:12:26,483]: negativecharger.aromatic.gap0 : 0.0061
[2019-08-14 20:12:26,483]: negativecharger.postivecharger.gap5 : 0.0061
[2019-08-14 20:12:26,483]: uncharger.uncharger.gap0 : 0.0061
[2019-08-14 20:12:26,483]: aromatic.postivecharger.gap1 : 0.0061
[2019-08-14 20:12:26,483]: aromatic.uncharger.gap3 : 0.0061
[2019-08-14 20:12:26,483]: negativecharger.uncharger.gap3 : 0.0061
[2019-08-14 20:12:26,483]: aromatic.negativecharger.gap4 : 0.0061
[2019-08-14 20:12:26,483]: uncharger.negativecharger.gap3 : 0.0061
[2019-08-14 20:12:26,483]: uncharger.uncharger.gap1 : 0.0060
[2019-08-14 20:12:26,483]: negativecharger.negativecharger.gap3 : 0.0060
[2019-08-14 20:12:26,483]: alphaticr.aromatic.gap4 : 0.0059
[2019-08-14 20:12:26,483]: aromatic.postivecharger.gap2 : 0.0059
[2019-08-14 20:12:26,483]: uncharger.uncharger.gap4 : 0.0059
[2019-08-14 20:12:26,484]: uncharger.alphaticr.gap4 : 0.0058
[2019-08-14 20:12:26,484]: alphaticr.postivecharger.gap0 : 0.0057
[2019-08-14 20:12:26,484]: uncharger.postivecharger.gap3 : 0.0056
[2019-08-14 20:12:26,484]: postivecharger.postivecharger.gap3 : 0.0056
[2019-08-14 20:12:26,484]: alphaticr.uncharger.gap3 : 0.0055
[2019-08-14 20:12:26,484]: alphaticr.uncharger.gap4 : 0.0055
[2019-08-14 20:12:26,484]: aromatic.alphaticr.gap0 : 0.0055
[2019-08-14 20:12:26,484]: alphaticr.uncharger.gap1 : 0.0055
[2019-08-14 20:12:26,484]: aromatic.alphaticr.gap2 : 0.0055
[2019-08-14 20:12:26,484]: postivecharger.negativecharger.gap3 : 0.0054
[2019-08-14 20:12:26,484]: uncharger.uncharger.gap5 : 0.0051
[2019-08-14 20:12:26,484]: aromatic.aromatic.gap3 : 0.0051
[2019-08-14 20:12:26,484]: aromatic.alphaticr.gap3 : 0.0051
[2019-08-14 20:12:26,484]: feature_rank end
[2019-08-14 20:12:26,511]: Start dimension reduction ...
[2019-08-14 20:12:34,528]: length=1 accuarcy=0.4991 f1=0.5003 precision=0.5007 recall=0.5000 roc=0.4980 
[2019-08-14 20:12:42,674]: length=2 accuarcy=0.4783 f1=0.4825 precision=0.4838 recall=0.4818 roc=0.4811 
[2019-08-14 20:12:50,573]: length=3 accuarcy=0.5155 f1=0.5139 precision=0.5138 recall=0.5182 roc=0.5110 
[2019-08-14 20:12:59,080]: length=4 accuarcy=0.6520 f1=0.6532 precision=0.6535 recall=0.6545 roc=0.6500 
[2019-08-14 20:13:07,079]: length=5 accuarcy=0.6662 f1=0.6704 precision=0.6722 recall=0.6727 roc=0.6670 
[2019-08-14 20:13:15,303]: length=6 accuarcy=0.6762 f1=0.6790 precision=0.6818 recall=0.6818 roc=0.6755 
[2019-08-14 20:13:23,385]: length=7 accuarcy=0.6753 f1=0.6816 precision=0.6815 recall=0.6818 roc=0.6795 
[2019-08-14 20:13:31,724]: length=8 accuarcy=0.6686 f1=0.6704 precision=0.6722 recall=0.6727 roc=0.6670 
[2019-08-14 20:13:39,580]: length=9 accuarcy=0.6944 f1=0.6984 precision=0.6997 recall=0.7000 roc=0.6951 
[2019-08-14 20:13:47,517]: length=10 accuarcy=0.6489 f1=0.6521 precision=0.6536 recall=0.6545 roc=0.6487 
[2019-08-14 20:13:56,010]: length=11 accuarcy=0.7482 f1=0.7549 precision=0.7563 recall=0.7545 roc=0.7552 
[2019-08-14 20:14:05,700]: length=12 accuarcy=0.6594 f1=0.6638 precision=0.6641 recall=0.6636 roc=0.6625 
[2019-08-14 20:14:15,051]: length=13 accuarcy=0.6861 f1=0.6912 precision=0.6920 recall=0.6909 roc=0.6906 
[2019-08-14 20:14:24,135]: length=14 accuarcy=0.7108 f1=0.7180 precision=0.7179 recall=0.7182 roc=0.7160 
[2019-08-14 20:14:32,962]: length=15 accuarcy=0.6845 f1=0.6912 precision=0.6920 recall=0.6909 roc=0.6906 
[2019-08-14 20:14:41,362]: length=16 accuarcy=0.6918 f1=0.6998 precision=0.6997 recall=0.7000 roc=0.6977 
[2019-08-14 20:14:50,864]: length=17 accuarcy=0.6936 f1=0.6984 precision=0.6997 recall=0.7000 roc=0.6951 
[2019-08-14 20:15:00,674]: length=18 accuarcy=0.7391 f1=0.7444 precision=0.7454 recall=0.7455 roc=0.7414 
[2019-08-14 20:15:11,154]: length=19 accuarcy=0.6944 f1=0.6984 precision=0.6997 recall=0.7000 roc=0.6951 
[2019-08-14 20:15:19,468]: length=20 accuarcy=0.7217 f1=0.7262 precision=0.7270 recall=0.7273 roc=0.7232 
