[2019-08-02 21:47:33,536]: ---mrmd 2.0 start----
[2019-08-02 21:47:36,443]: ANOVA start...
[2019-08-02 21:47:37,496]: ANOVA end.
[2019-08-02 21:47:37,497]: mic start...
[2019-08-02 21:48:09,234]: mic end.
[2019-08-02 21:48:09,235]: mrmd start...
[2019-08-02 21:48:18,083]: mrmd end.
[2019-08-02 21:48:18,085]: mRMR start...
[2019-08-02 23:34:18,160]: mRMR end.
[2019-08-02 23:34:18,164]: lasso start...
[2019-08-02 23:34:18,726]: lasso end.
[2019-08-02 23:35:56,246]: rank start ...
[2019-08-02 23:35:56,317]: The final  rank is
[2019-08-02 23:35:56,318]: 292_DACC : 0.0029
[2019-08-02 23:35:56,318]: 307_DACC : 0.0028
[2019-08-02 23:35:56,663]: 41_DACC : 0.0028
[2019-08-02 23:35:56,663]: 346_DACC : 0.0028
[2019-08-02 23:35:56,663]: 82_DACC : 0.0028
[2019-08-02 23:35:56,663]: 257_DACC : 0.0028
[2019-08-02 23:35:56,663]: 91_DACC : 0.0028
[2019-08-02 23:35:56,663]: 59_DACC : 0.0028
[2019-08-02 23:35:56,664]: 348_DACC : 0.0028
[2019-08-02 23:35:56,664]: 48_DACC : 0.0028
[2019-08-02 23:35:56,664]: 179_DACC : 0.0028
[2019-08-02 23:35:56,664]: 92_DACC : 0.0028
[2019-08-02 23:35:56,664]: 168_DACC : 0.0028
[2019-08-02 23:35:56,664]: AC_Kmer2 : 0.0028
[2019-08-02 23:35:56,664]: 336_DACC : 0.0028
[2019-08-02 23:35:56,664]: 276_DACC : 0.0028
[2019-08-02 23:35:56,664]: 68_DACC : 0.0028
[2019-08-02 23:35:56,664]: 77_DACC : 0.0028
[2019-08-02 23:35:56,664]: 278_DACC : 0.0028
[2019-08-02 23:35:56,665]: 56_DACC : 0.0028
[2019-08-02 23:35:56,665]: 258_DACC : 0.0028
[2019-08-02 23:35:56,665]: 313_DACC : 0.0028
[2019-08-02 23:35:56,665]: 267_DACC : 0.0027
[2019-08-02 23:35:56,665]: 229_DACC : 0.0027
[2019-08-02 23:35:56,665]: 2_DACC : 0.0027
[2019-08-02 23:35:56,665]: 182_DACC : 0.0027
[2019-08-02 23:35:56,665]: 310_DACC : 0.0027
[2019-08-02 23:35:56,666]: 237_DACC : 0.0027
[2019-08-02 23:35:56,666]: 9_DACC : 0.0027
[2019-08-02 23:35:56,666]: lambda8_PC-PseDNC-General : 0.0027
[2019-08-02 23:35:56,666]: 306_DACC : 0.0027
[2019-08-02 23:35:56,666]: 159_DACC : 0.0027
[2019-08-02 23:35:56,666]: 54_DACC : 0.0027
[2019-08-02 23:35:56,666]: CU_Kmer2 : 0.0027
[2019-08-02 23:35:56,666]: 219_DACC : 0.0027
[2019-08-02 23:35:56,666]: 339_DACC : 0.0027
[2019-08-02 23:35:56,666]: 186_DACC : 0.0027
[2019-08-02 23:35:56,667]: 190_DACC : 0.0027
[2019-08-02 23:35:56,667]: 157_DACC : 0.0027
[2019-08-02 23:35:56,667]: 173_DACC : 0.0027
[2019-08-02 23:35:56,667]: 144_DACC : 0.0027
[2019-08-02 23:35:56,667]: 187_DACC : 0.0027
[2019-08-02 23:35:56,667]: 129_DACC : 0.0027
[2019-08-02 23:35:56,667]: 279_DACC : 0.0027
[2019-08-02 23:35:56,667]: 36_DACC : 0.0027
[2019-08-02 23:35:56,667]: 344_DACC : 0.0027
[2019-08-02 23:35:56,667]: 58_DACC : 0.0027
[2019-08-02 23:35:56,668]: 63_DACC : 0.0027
[2019-08-02 23:35:56,668]: 263_DACC : 0.0027
[2019-08-02 23:35:56,668]: 15_DACC : 0.0027
[2019-08-02 23:35:56,668]: 203_DACC : 0.0027
[2019-08-02 23:35:56,668]: 66_DACC : 0.0027
[2019-08-02 23:35:56,668]: 287_DACC : 0.0027
[2019-08-02 23:35:56,668]: 167_DACC : 0.0027
[2019-08-02 23:35:56,668]: 10_DACC : 0.0027
[2019-08-02 23:35:56,668]: 243_DACC : 0.0027
[2019-08-02 23:35:56,668]: 149_DACC : 0.0027
[2019-08-02 23:35:56,668]: 132_DACC : 0.0027
[2019-08-02 23:35:56,669]: 341_DACC : 0.0027
[2019-08-02 23:35:56,669]: 233_DACC : 0.0027
[2019-08-02 23:35:56,669]: 62_DACC : 0.0027
[2019-08-02 23:35:56,669]: GC_Kmer2 : 0.0027
[2019-08-02 23:35:56,669]: 136_DACC : 0.0027
[2019-08-02 23:35:56,669]: 283_DACC : 0.0027
[2019-08-02 23:35:56,669]: 14_DACC : 0.0027
[2019-08-02 23:35:56,669]: GG_Kmer2 : 0.0027
[2019-08-02 23:35:56,669]: 253_DACC : 0.0027
[2019-08-02 23:35:56,669]: 178_DACC : 0.0027
[2019-08-02 23:35:56,669]: 47_DACC : 0.0027
[2019-08-02 23:35:56,670]: 140_DACC : 0.0027
[2019-08-02 23:35:56,670]: 226_DACC : 0.0027
[2019-08-02 23:35:56,670]: 24_DACC : 0.0027
[2019-08-02 23:35:56,670]: 328_DACC : 0.0027
[2019-08-02 23:35:56,670]: 319_DACC : 0.0027
[2019-08-02 23:35:56,670]: 223_DACC : 0.0027
[2019-08-02 23:35:56,670]: 299_DACC : 0.0027
[2019-08-02 23:35:56,671]: 259_DACC : 0.0027
[2019-08-02 23:35:56,671]: 333_DACC : 0.0027
[2019-08-02 23:35:56,671]: 200_DACC : 0.0027
[2019-08-02 23:35:56,671]: 172_DACC : 0.0027
[2019-08-02 23:35:56,671]: 22_DACC : 0.0027
[2019-08-02 23:35:56,672]: 232_DACC : 0.0027
[2019-08-02 23:35:56,672]: 39_DACC : 0.0027
[2019-08-02 23:35:56,672]: 322_DACC : 0.0027
[2019-08-02 23:35:56,672]: 248_DACC : 0.0027
[2019-08-02 23:35:56,672]: 317_DACC : 0.0027
[2019-08-02 23:35:56,672]: 280_DACC : 0.0027
[2019-08-02 23:35:56,673]: 202_DACC : 0.0027
[2019-08-02 23:35:56,673]: 271_DACC : 0.0027
[2019-08-02 23:35:56,673]: CA_Kmer2 : 0.0027
[2019-08-02 23:35:56,673]: 342_DACC : 0.0027
[2019-08-02 23:35:56,673]: 262_DACC : 0.0027
[2019-08-02 23:35:56,673]: 147_DACC : 0.0027
[2019-08-02 23:35:56,674]: 254_DACC : 0.0027
[2019-08-02 23:35:56,674]: 359_DACC : 0.0027
[2019-08-02 23:35:56,674]: 340_DACC : 0.0027
[2019-08-02 23:35:56,674]: 53_DACC : 0.0027
[2019-08-02 23:35:56,674]: 38_DACC : 0.0027
[2019-08-02 23:35:56,674]: 96_DACC : 0.0027
[2019-08-02 23:35:56,674]: 225_DACC : 0.0027
[2019-08-02 23:35:56,674]: CC_PC-PseDNC-General : 0.0027
[2019-08-02 23:35:56,674]: 246_DACC : 0.0027
[2019-08-02 23:35:56,674]: 151_DACC : 0.0027
[2019-08-02 23:35:56,674]: 112_DACC : 0.0027
[2019-08-02 23:35:56,675]: 161_DACC : 0.0027
[2019-08-02 23:35:56,675]: 264_DACC : 0.0027
[2019-08-02 23:35:56,675]: 114_DACC : 0.0027
[2019-08-02 23:35:56,675]: GU_Kmer2 : 0.0027
[2019-08-02 23:35:56,675]: 27_DACC : 0.0027
[2019-08-02 23:35:56,676]: 217_DACC : 0.0027
[2019-08-02 23:35:56,676]: 191_DACC : 0.0027
[2019-08-02 23:35:56,676]: 358_DACC : 0.0027
[2019-08-02 23:35:56,676]: 239_DACC : 0.0027
[2019-08-02 23:35:56,676]: 71_DACC : 0.0027
[2019-08-02 23:35:56,676]: 216_DACC : 0.0027
[2019-08-02 23:35:56,676]: 123_DACC : 0.0027
[2019-08-02 23:35:56,676]: 26_DACC : 0.0027
[2019-08-02 23:35:56,676]: 209_DACC : 0.0027
[2019-08-02 23:35:56,677]: 126_DACC : 0.0027
[2019-08-02 23:35:56,677]: 170_DACC : 0.0027
[2019-08-02 23:35:56,677]: 76_DACC : 0.0027
[2019-08-02 23:35:56,677]: UU_Kmer2 : 0.0027
[2019-08-02 23:35:56,677]: 28_DACC : 0.0027
[2019-08-02 23:35:56,677]: 277_DACC : 0.0027
[2019-08-02 23:35:56,677]: 3_DACC : 0.0027
[2019-08-02 23:35:56,677]: 108_DACC : 0.0027
[2019-08-02 23:35:56,677]: 142_DACC : 0.0027
[2019-08-02 23:35:56,677]: UU_PC-PseDNC-General : 0.0027
[2019-08-02 23:35:56,677]: 67_DACC : 0.0027
[2019-08-02 23:35:56,678]: 61_DACC : 0.0027
[2019-08-02 23:35:56,678]: 138_DACC : 0.0027
[2019-08-02 23:35:56,678]: 102_DACC : 0.0027
[2019-08-02 23:35:56,678]: 324_DACC : 0.0026
[2019-08-02 23:35:56,678]: lambda7_PC-PseDNC-General : 0.0026
[2019-08-02 23:35:56,678]: 163_DACC : 0.0026
[2019-08-02 23:35:56,678]: 122_DACC : 0.0026
[2019-08-02 23:35:56,678]: 104_DACC : 0.0026
[2019-08-02 23:35:56,678]: 156_DACC : 0.0026
[2019-08-02 23:35:56,678]: 207_DACC : 0.0026
[2019-08-02 23:35:56,678]: 315_DACC : 0.0026
[2019-08-02 23:35:56,679]: 250_DACC : 0.0026
[2019-08-02 23:35:56,679]: UA_PC-PseDNC-General : 0.0026
[2019-08-02 23:35:56,679]: 288_DACC : 0.0026
[2019-08-02 23:35:56,679]: 347_DACC : 0.0026
[2019-08-02 23:35:56,679]: 103_DACC : 0.0026
[2019-08-02 23:35:56,679]: 256_DACC : 0.0026
[2019-08-02 23:35:56,679]: 343_DACC : 0.0026
[2019-08-02 23:35:56,679]: 302_DACC : 0.0026
[2019-08-02 23:35:56,679]: 70_DACC : 0.0026
[2019-08-02 23:35:56,680]: 177_DACC : 0.0026
[2019-08-02 23:35:56,680]: 143_DACC : 0.0026
[2019-08-02 23:35:56,680]: 113_DACC : 0.0026
[2019-08-02 23:35:56,680]: 60_DACC : 0.0026
[2019-08-02 23:35:56,680]: 183_DACC : 0.0026
[2019-08-02 23:35:56,680]: 162_DACC : 0.0026
[2019-08-02 23:35:56,680]: 45_DACC : 0.0026
[2019-08-02 23:35:56,681]: 312_DACC : 0.0026
[2019-08-02 23:35:56,681]: 105_DACC : 0.0026
[2019-08-02 23:35:56,681]: 193_DACC : 0.0026
[2019-08-02 23:35:56,681]: 294_DACC : 0.0026
[2019-08-02 23:35:56,681]: 199_DACC : 0.0026
[2019-08-02 23:35:56,681]: 30_DACC : 0.0026
[2019-08-02 23:35:56,681]: 98_DACC : 0.0026
[2019-08-02 23:35:56,682]: 286_DACC : 0.0026
[2019-08-02 23:35:56,682]: 353_DACC : 0.0026
[2019-08-02 23:35:56,682]: 247_DACC : 0.0026
[2019-08-02 23:35:56,682]: 57_DACC : 0.0026
[2019-08-02 23:35:56,682]: 52_DACC : 0.0026
[2019-08-02 23:35:56,682]: 318_DACC : 0.0026
[2019-08-02 23:35:56,683]: 195_DACC : 0.0026
[2019-08-02 23:35:56,683]: 11_DACC : 0.0026
[2019-08-02 23:35:56,683]: 72_DACC : 0.0026
[2019-08-02 23:35:56,683]: 133_DACC : 0.0026
[2019-08-02 23:35:56,683]: 337_DACC : 0.0026
[2019-08-02 23:35:56,683]: 97_DACC : 0.0026
[2019-08-02 23:35:56,683]: 20_DACC : 0.0026
[2019-08-02 23:35:56,683]: 196_DACC : 0.0026
[2019-08-02 23:35:56,684]: 107_DACC : 0.0026
[2019-08-02 23:35:56,684]: 153_DACC : 0.0026
[2019-08-02 23:35:56,684]: 8_DACC : 0.0026
[2019-08-02 23:35:56,684]: 192_DACC : 0.0026
[2019-08-02 23:35:56,684]: 345_DACC : 0.0026
[2019-08-02 23:35:56,684]: 32_DACC : 0.0026
[2019-08-02 23:35:56,685]: 238_DACC : 0.0026
[2019-08-02 23:35:56,685]: 357_DACC : 0.0026
[2019-08-02 23:35:56,685]: 301_DACC : 0.0026
[2019-08-02 23:35:56,685]: 50_DACC : 0.0026
[2019-08-02 23:35:56,685]: 314_DACC : 0.0026
[2019-08-02 23:35:56,685]: 51_DACC : 0.0026
[2019-08-02 23:35:56,686]: 352_DACC : 0.0026
[2019-08-02 23:35:56,686]: 127_DACC : 0.0026
[2019-08-02 23:35:56,686]: 230_DACC : 0.0026
[2019-08-02 23:35:56,686]: 73_DACC : 0.0026
[2019-08-02 23:35:56,686]: 213_DACC : 0.0026
[2019-08-02 23:35:56,686]: 325_DACC : 0.0026
[2019-08-02 23:35:56,687]: 316_DACC : 0.0026
[2019-08-02 23:35:56,687]: 197_DACC : 0.0026
[2019-08-02 23:35:56,687]: 198_DACC : 0.0026
[2019-08-02 23:35:56,687]: 297_DACC : 0.0026
[2019-08-02 23:35:56,687]: 211_DACC : 0.0026
[2019-08-02 23:35:56,687]: AU_PC-PseDNC-General : 0.0026
[2019-08-02 23:35:56,687]: 222_DACC : 0.0026
[2019-08-02 23:35:56,688]: 44_DACC : 0.0026
[2019-08-02 23:35:56,688]: 188_DACC : 0.0026
[2019-08-02 23:35:56,688]: UC_Kmer2 : 0.0026
[2019-08-02 23:35:56,688]: 110_DACC : 0.0026
[2019-08-02 23:35:56,688]: UG_Kmer2 : 0.0026
[2019-08-02 23:35:56,688]: 78_DACC : 0.0025
[2019-08-02 23:35:56,688]: CG_Kmer2 : 0.0025
[2019-08-02 23:35:56,688]: 46_DACC : 0.0025
[2019-08-02 23:35:56,688]: 308_DACC : 0.0025
[2019-08-02 23:35:56,688]: 33_DACC : 0.0025
[2019-08-02 23:35:56,688]: 137_DACC : 0.0025
[2019-08-02 23:35:56,689]: 37_DACC : 0.0025
[2019-08-02 23:35:56,689]: 205_DACC : 0.0025
[2019-08-02 23:35:56,689]: 329_DACC : 0.0025
[2019-08-02 23:35:56,689]: 228_DACC : 0.0025
[2019-08-02 23:35:56,689]: 85_DACC : 0.0024
[2019-08-02 23:35:56,689]: 221_DACC : 0.0024
[2019-08-02 23:35:56,689]: 266_DACC : 0.0024
[2019-08-02 23:35:56,690]: 215_DACC : 0.0024
[2019-08-02 23:35:56,690]: 355_DACC : 0.0024
[2019-08-02 23:35:56,690]: 100_DACC : 0.0024
[2019-08-02 23:35:56,690]: 90_DACC : 0.0024
[2019-08-02 23:35:56,690]: 83_DACC : 0.0024
[2019-08-02 23:35:56,690]: 164_DACC : 0.0024
[2019-08-02 23:35:56,690]: 19_DACC : 0.0024
[2019-08-02 23:35:56,690]: 146_DACC : 0.0024
[2019-08-02 23:35:56,690]: 86_DACC : 0.0024
[2019-08-02 23:35:56,690]: 55_DACC : 0.0024
[2019-08-02 23:35:56,690]: 285_DACC : 0.0024
[2019-08-02 23:35:56,691]: 235_DACC : 0.0024
[2019-08-02 23:35:56,691]: 158_DACC : 0.0024
[2019-08-02 23:35:56,691]: 21_DACC : 0.0024
[2019-08-02 23:35:56,691]: 261_DACC : 0.0024
[2019-08-02 23:35:56,691]: 87_DACC : 0.0024
[2019-08-02 23:35:56,691]: 16_DACC : 0.0024
[2019-08-02 23:35:56,691]: 169_DACC : 0.0024
[2019-08-02 23:35:56,692]: 69_DACC : 0.0024
[2019-08-02 23:35:56,692]: 118_DACC : 0.0024
[2019-08-02 23:35:56,692]: 34_DACC : 0.0024
[2019-08-02 23:35:56,692]: 291_DACC : 0.0024
[2019-08-02 23:35:56,692]: 154_DACC : 0.0024
[2019-08-02 23:35:56,692]: 43_DACC : 0.0024
[2019-08-02 23:35:56,692]: lambda4_PC-PseDNC-General : 0.0024
[2019-08-02 23:35:56,693]: 309_DACC : 0.0024
[2019-08-02 23:35:56,693]: 356_DACC : 0.0024
[2019-08-02 23:35:56,693]: 326_DACC : 0.0024
[2019-08-02 23:35:56,693]: 29_DACC : 0.0023
[2019-08-02 23:35:56,693]: 350_DACC : 0.0023
[2019-08-02 23:35:56,693]: 218_DACC : 0.0023
[2019-08-02 23:35:56,693]: 1_DACC : 0.0023
[2019-08-02 23:35:56,694]: 293_DACC : 0.0023
[2019-08-02 23:35:56,694]: 194_DACC : 0.0023
[2019-08-02 23:35:56,694]: 95_DACC : 0.0023
[2019-08-02 23:35:56,694]: 260_DACC : 0.0023
[2019-08-02 23:35:56,694]: 245_DACC : 0.0023
[2019-08-02 23:35:56,694]: AA_Kmer2 : 0.0023
[2019-08-02 23:35:56,694]: 115_DACC : 0.0023
[2019-08-02 23:35:56,694]: 265_DACC : 0.0023
[2019-08-02 23:35:56,694]: 181_DACC : 0.0023
[2019-08-02 23:35:56,695]: 349_DACC : 0.0023
[2019-08-02 23:35:56,695]: 244_DACC : 0.0023
[2019-08-02 23:35:56,695]: 184_DACC : 0.0023
[2019-08-02 23:35:56,695]: 180_DACC : 0.0023
[2019-08-02 23:35:56,695]: 7_DACC : 0.0023
[2019-08-02 23:35:56,695]: AU_Kmer2 : 0.0023
[2019-08-02 23:35:56,695]: 354_DACC : 0.0023
[2019-08-02 23:35:56,695]: 99_DACC : 0.0023
[2019-08-02 23:35:56,695]: 131_DACC : 0.0023
[2019-08-02 23:35:56,695]: 120_DACC : 0.0023
[2019-08-02 23:35:56,696]: CC_Kmer2 : 0.0023
[2019-08-02 23:35:56,696]: CA_PC-PseDNC-General : 0.0023
[2019-08-02 23:35:56,696]: 335_DACC : 0.0023
[2019-08-02 23:35:56,696]: 204_DACC : 0.0023
[2019-08-02 23:35:56,696]: 311_DACC : 0.0023
[2019-08-02 23:35:56,696]: 116_DACC : 0.0023
[2019-08-02 23:35:56,696]: 155_DACC : 0.0023
[2019-08-02 23:35:56,696]: 327_DACC : 0.0023
[2019-08-02 23:35:56,697]: 240_DACC : 0.0023
[2019-08-02 23:35:56,697]: 214_DACC : 0.0023
[2019-08-02 23:35:56,697]: 304_DACC : 0.0023
[2019-08-02 23:35:56,697]: 5_DACC : 0.0023
[2019-08-02 23:35:56,697]: 241_DACC : 0.0023
[2019-08-02 23:35:56,697]: 89_DACC : 0.0023
[2019-08-02 23:35:56,697]: 220_DACC : 0.0023
[2019-08-02 23:35:56,697]: 252_DACC : 0.0023
[2019-08-02 23:35:56,697]: 320_DACC : 0.0023
[2019-08-02 23:35:56,697]: 165_DACC : 0.0023
[2019-08-02 23:35:56,698]: 111_DACC : 0.0023
[2019-08-02 23:35:56,698]: 330_DACC : 0.0023
[2019-08-02 23:35:56,698]: 65_DACC : 0.0023
[2019-08-02 23:35:56,698]: 18_DACC : 0.0023
[2019-08-02 23:35:56,698]: 176_DACC : 0.0023
[2019-08-02 23:35:56,698]: 6_DACC : 0.0023
[2019-08-02 23:35:56,698]: 201_DACC : 0.0023
[2019-08-02 23:35:56,698]: 4_DACC : 0.0023
[2019-08-02 23:35:56,698]: GC_PC-PseDNC-General : 0.0023
[2019-08-02 23:35:56,698]: 300_DACC : 0.0023
[2019-08-02 23:35:56,698]: 171_DACC : 0.0023
[2019-08-02 23:35:56,699]: CU_PC-PseDNC-General : 0.0023
[2019-08-02 23:35:56,699]: 130_DACC : 0.0023
[2019-08-02 23:35:56,699]: 289_DACC : 0.0023
[2019-08-02 23:35:56,699]: lambda1_PC-PseDNC-General : 0.0023
[2019-08-02 23:35:56,699]: 80_DACC : 0.0023
[2019-08-02 23:35:56,699]: 231_DACC : 0.0023
[2019-08-02 23:35:56,699]: 135_DACC : 0.0023
[2019-08-02 23:35:56,699]: 275_DACC : 0.0023
[2019-08-02 23:35:56,699]: 79_DACC : 0.0023
[2019-08-02 23:35:56,699]: 64_DACC : 0.0023
[2019-08-02 23:35:56,699]: 125_DACC : 0.0023
[2019-08-02 23:35:56,700]: 119_DACC : 0.0023
[2019-08-02 23:35:56,700]: lambda3_PC-PseDNC-General : 0.0023
[2019-08-02 23:35:56,700]: lambda9_PC-PseDNC-General : 0.0023
[2019-08-02 23:35:56,700]: 272_DACC : 0.0023
[2019-08-02 23:35:56,700]: 212_DACC : 0.0023
[2019-08-02 23:35:56,700]: 249_DACC : 0.0023
[2019-08-02 23:35:56,701]: 139_DACC : 0.0023
[2019-08-02 23:35:56,701]: 242_DACC : 0.0023
[2019-08-02 23:35:56,701]: AA_PC-PseDNC-General : 0.0023
[2019-08-02 23:35:56,701]: 174_DACC : 0.0023
[2019-08-02 23:35:56,701]: 148_DACC : 0.0023
[2019-08-02 23:35:56,701]: 150_DACC : 0.0023
[2019-08-02 23:35:56,701]: UC_PC-PseDNC-General : 0.0023
[2019-08-02 23:35:56,702]: lambda10_PC-PseDNC-General : 0.0023
[2019-08-02 23:35:56,702]: 74_DACC : 0.0023
[2019-08-02 23:35:56,702]: 323_DACC : 0.0023
[2019-08-02 23:35:56,702]: 25_DACC : 0.0023
[2019-08-02 23:35:56,702]: 185_DACC : 0.0023
[2019-08-02 23:35:56,702]: 94_DACC : 0.0023
[2019-08-02 23:35:56,702]: 88_DACC : 0.0023
[2019-08-02 23:35:56,702]: 12_DACC : 0.0023
[2019-08-02 23:35:56,702]: 334_DACC : 0.0023
[2019-08-02 23:35:56,702]: GA_Kmer2 : 0.0023
[2019-08-02 23:35:56,703]: 224_DACC : 0.0023
[2019-08-02 23:35:56,703]: 17_DACC : 0.0023
[2019-08-02 23:35:56,703]: 321_DACC : 0.0023
[2019-08-02 23:35:56,703]: 331_DACC : 0.0023
[2019-08-02 23:35:56,703]: 109_DACC : 0.0023
[2019-08-02 23:35:56,703]: 121_DACC : 0.0023
[2019-08-02 23:35:56,703]: 23_DACC : 0.0023
[2019-08-02 23:35:56,704]: 166_DACC : 0.0023
[2019-08-02 23:35:56,704]: 101_DACC : 0.0023
[2019-08-02 23:35:56,704]: lambda6_PC-PseDNC-General : 0.0023
[2019-08-02 23:35:56,704]: 42_DACC : 0.0023
[2019-08-02 23:35:56,704]: 206_DACC : 0.0023
[2019-08-02 23:35:56,704]: 141_DACC : 0.0023
[2019-08-02 23:35:56,705]: AG_PC-PseDNC-General : 0.0023
[2019-08-02 23:35:56,705]: 128_DACC : 0.0023
[2019-08-02 23:35:56,705]: 234_DACC : 0.0023
[2019-08-02 23:35:56,705]: 152_DACC : 0.0023
[2019-08-02 23:35:56,705]: 255_DACC : 0.0023
[2019-08-02 23:35:56,705]: AC_PC-PseDNC-General : 0.0023
[2019-08-02 23:35:56,705]: 236_DACC : 0.0023
[2019-08-02 23:35:56,706]: 251_DACC : 0.0023
[2019-08-02 23:35:56,706]: GU_PC-PseDNC-General : 0.0023
[2019-08-02 23:35:56,706]: 332_DACC : 0.0023
[2019-08-02 23:35:56,706]: 281_DACC : 0.0023
[2019-08-02 23:35:56,706]: 290_DACC : 0.0023
[2019-08-02 23:35:56,706]: 93_DACC : 0.0023
[2019-08-02 23:35:56,706]: GA_PC-PseDNC-General : 0.0023
[2019-08-02 23:35:56,707]: 145_DACC : 0.0023
[2019-08-02 23:35:56,707]: 269_DACC : 0.0023
[2019-08-02 23:35:56,707]: 296_DACC : 0.0023
[2019-08-02 23:35:56,707]: GG_PC-PseDNC-General : 0.0023
[2019-08-02 23:35:56,707]: 81_DACC : 0.0023
[2019-08-02 23:35:56,707]: 189_DACC : 0.0023
[2019-08-02 23:35:56,707]: 268_DACC : 0.0023
[2019-08-02 23:35:56,707]: 84_DACC : 0.0023
[2019-08-02 23:35:56,708]: 40_DACC : 0.0022
[2019-08-02 23:35:56,708]: 270_DACC : 0.0022
[2019-08-02 23:35:56,708]: 75_DACC : 0.0022
[2019-08-02 23:35:56,708]: 35_DACC : 0.0022
[2019-08-02 23:35:56,708]: 208_DACC : 0.0022
[2019-08-02 23:35:56,708]: 303_DACC : 0.0022
[2019-08-02 23:35:56,708]: 117_DACC : 0.0022
[2019-08-02 23:35:56,708]: 282_DACC : 0.0022
[2019-08-02 23:35:56,708]: 298_DACC : 0.0022
[2019-08-02 23:35:56,708]: 13_DACC : 0.0022
[2019-08-02 23:35:56,709]: 338_DACC : 0.0022
[2019-08-02 23:35:56,709]: CG_PC-PseDNC-General : 0.0022
[2019-08-02 23:35:56,709]: 124_DACC : 0.0022
[2019-08-02 23:35:56,709]: 284_DACC : 0.0022
[2019-08-02 23:35:56,709]: UG_PC-PseDNC-General : 0.0022
[2019-08-02 23:35:56,709]: UA_Kmer2 : 0.0022
[2019-08-02 23:35:56,709]: 160_DACC : 0.0022
[2019-08-02 23:35:56,709]: 295_DACC : 0.0022
[2019-08-02 23:35:56,709]: 273_DACC : 0.0022
[2019-08-02 23:35:56,709]: 175_DACC : 0.0020
[2019-08-02 23:35:56,709]: 210_DACC : 0.0020
[2019-08-02 23:35:56,710]: 351_DACC : 0.0020
[2019-08-02 23:35:56,710]: 360_DACC : 0.0020
[2019-08-02 23:35:56,710]: 305_DACC : 0.0020
[2019-08-02 23:35:56,710]: lambda2_PC-PseDNC-General : 0.0020
[2019-08-02 23:35:56,710]: 134_DACC : 0.0020
[2019-08-02 23:35:56,710]: 31_DACC : 0.0020
[2019-08-02 23:35:56,710]: lambda5_PC-PseDNC-General : 0.0020
[2019-08-02 23:35:56,710]: 106_DACC : 0.0020
[2019-08-02 23:35:56,710]: 227_DACC : 0.0020
[2019-08-02 23:35:56,710]: 49_DACC : 0.0019
[2019-08-02 23:35:56,711]: 274_DACC : 0.0018
[2019-08-02 23:35:56,711]: AG_Kmer2 : 0.0018
[2019-08-02 23:35:56,711]: feature_rank end
[2019-08-02 23:35:56,992]: Start dimension reduction ...
[2019-08-02 23:36:12,411]: length=1 accuarcy=0.5524 f1=0.5525 precision=0.5525 recall=0.5525 roc=0.5525 
[2019-08-02 23:36:28,203]: length=2 accuarcy=0.5303 f1=0.5303 precision=0.5303 recall=0.5303 roc=0.5303 
[2019-08-02 23:36:43,773]: length=3 accuarcy=0.5059 f1=0.5060 precision=0.5061 recall=0.5061 roc=0.5061 
[2019-08-02 23:37:00,491]: length=4 accuarcy=0.4961 f1=0.4958 precision=0.4960 recall=0.4960 roc=0.4960 
[2019-08-02 23:37:16,745]: length=5 accuarcy=0.4870 f1=0.4868 precision=0.4869 recall=0.4869 roc=0.4869 
[2019-08-02 23:37:32,862]: length=6 accuarcy=0.5232 f1=0.5229 precision=0.5233 recall=0.5232 roc=0.5232 
[2019-08-02 23:37:48,790]: length=7 accuarcy=0.5283 f1=0.5282 precision=0.5283 recall=0.5283 roc=0.5283 
[2019-08-02 23:38:05,478]: length=8 accuarcy=0.5222 f1=0.5219 precision=0.5223 recall=0.5222 roc=0.5222 
[2019-08-02 23:38:22,231]: length=9 accuarcy=0.5323 f1=0.5318 precision=0.5325 recall=0.5323 roc=0.5323 
[2019-08-02 23:38:39,881]: length=10 accuarcy=0.5333 f1=0.5332 precision=0.5334 recall=0.5333 roc=0.5333 
[2019-08-02 23:38:56,751]: length=11 accuarcy=0.5312 f1=0.5310 precision=0.5314 recall=0.5313 roc=0.5313 
[2019-08-02 23:39:13,805]: length=12 accuarcy=0.5362 f1=0.5363 precision=0.5364 recall=0.5364 roc=0.5364 
[2019-08-02 23:39:30,533]: length=13 accuarcy=0.5504 f1=0.5499 precision=0.5508 recall=0.5505 roc=0.5505 
[2019-08-02 23:39:46,797]: length=14 accuarcy=0.5230 f1=0.5232 precision=0.5232 recall=0.5232 roc=0.5232 
[2019-08-02 23:40:03,869]: length=15 accuarcy=0.5314 f1=0.5311 precision=0.5314 recall=0.5313 roc=0.5313 
[2019-08-02 23:40:21,742]: length=16 accuarcy=0.5516 f1=0.5515 precision=0.5515 recall=0.5515 roc=0.5515 
[2019-08-02 23:40:39,390]: length=17 accuarcy=0.5466 f1=0.5465 precision=0.5465 recall=0.5465 roc=0.5465 
[2019-08-02 23:40:56,806]: length=18 accuarcy=0.5656 f1=0.5656 precision=0.5657 recall=0.5657 roc=0.5657 
[2019-08-02 23:41:14,887]: length=19 accuarcy=0.5728 f1=0.5727 precision=0.5728 recall=0.5727 roc=0.5727 
[2019-08-02 23:41:32,986]: length=20 accuarcy=0.5596 f1=0.5596 precision=0.5596 recall=0.5596 roc=0.5596 
[2019-08-02 23:41:50,387]: length=21 accuarcy=0.5345 f1=0.5343 precision=0.5344 recall=0.5343 roc=0.5343 
[2019-08-02 23:42:07,787]: length=22 accuarcy=0.5536 f1=0.5534 precision=0.5536 recall=0.5535 roc=0.5535 
[2019-08-02 23:42:25,001]: length=23 accuarcy=0.5496 f1=0.5493 precision=0.5496 recall=0.5495 roc=0.5495 
[2019-08-02 23:42:42,330]: length=24 accuarcy=0.5293 f1=0.5293 precision=0.5293 recall=0.5293 roc=0.5293 
[2019-08-02 23:43:00,734]: length=25 accuarcy=0.5514 f1=0.5514 precision=0.5515 recall=0.5515 roc=0.5515 
[2019-08-02 23:43:18,626]: length=26 accuarcy=0.5677 f1=0.5677 precision=0.5677 recall=0.5677 roc=0.5677 
[2019-08-02 23:43:36,101]: length=27 accuarcy=0.5716 f1=0.5717 precision=0.5717 recall=0.5717 roc=0.5717 
[2019-08-02 23:43:54,304]: length=28 accuarcy=0.5728 f1=0.5725 precision=0.5729 recall=0.5727 roc=0.5727 
[2019-08-02 23:44:12,571]: length=29 accuarcy=0.5546 f1=0.5545 precision=0.5545 recall=0.5545 roc=0.5545 
[2019-08-02 23:44:30,311]: length=30 accuarcy=0.5718 f1=0.5717 precision=0.5717 recall=0.5717 roc=0.5717 
[2019-08-02 23:44:48,098]: length=31 accuarcy=0.5669 f1=0.5666 precision=0.5667 recall=0.5667 roc=0.5667 
[2019-08-02 23:45:06,210]: length=32 accuarcy=0.5717 f1=0.5717 precision=0.5717 recall=0.5717 roc=0.5717 
[2019-08-02 23:45:23,814]: length=33 accuarcy=0.5557 f1=0.5556 precision=0.5556 recall=0.5556 roc=0.5556 
[2019-08-02 23:45:41,887]: length=34 accuarcy=0.5444 f1=0.5441 precision=0.5446 recall=0.5444 roc=0.5444 
[2019-08-02 23:46:00,153]: length=35 accuarcy=0.5656 f1=0.5656 precision=0.5657 recall=0.5657 roc=0.5657 
[2019-08-02 23:46:19,106]: length=36 accuarcy=0.5645 f1=0.5646 precision=0.5647 recall=0.5646 roc=0.5646 
[2019-08-02 23:46:37,724]: length=37 accuarcy=0.5656 f1=0.5654 precision=0.5658 recall=0.5657 roc=0.5657 
[2019-08-02 23:46:56,274]: length=38 accuarcy=0.5689 f1=0.5687 precision=0.5687 recall=0.5687 roc=0.5687 
[2019-08-02 23:47:15,128]: length=39 accuarcy=0.5748 f1=0.5747 precision=0.5748 recall=0.5747 roc=0.5747 
[2019-08-02 23:47:33,718]: length=40 accuarcy=0.5515 f1=0.5514 precision=0.5515 recall=0.5515 roc=0.5515 
[2019-08-02 23:47:52,108]: length=41 accuarcy=0.5554 f1=0.5556 precision=0.5556 recall=0.5556 roc=0.5556 
[2019-08-02 23:48:10,110]: length=42 accuarcy=0.5646 f1=0.5646 precision=0.5647 recall=0.5646 roc=0.5646 
[2019-08-02 23:48:28,351]: length=43 accuarcy=0.5658 f1=0.5656 precision=0.5657 recall=0.5657 roc=0.5657 
[2019-08-02 23:48:46,453]: length=44 accuarcy=0.5505 f1=0.5505 precision=0.5505 recall=0.5505 roc=0.5505 
[2019-08-02 23:49:05,238]: length=45 accuarcy=0.5537 f1=0.5535 precision=0.5535 recall=0.5535 roc=0.5535 
[2019-08-02 23:49:24,011]: length=46 accuarcy=0.5677 f1=0.5672 precision=0.5680 recall=0.5677 roc=0.5677 
[2019-08-02 23:49:42,587]: length=47 accuarcy=0.5605 f1=0.5605 precision=0.5606 recall=0.5606 roc=0.5606 
[2019-08-02 23:50:00,743]: length=48 accuarcy=0.5464 f1=0.5464 precision=0.5465 recall=0.5465 roc=0.5465 
[2019-08-02 23:50:20,515]: length=49 accuarcy=0.5636 f1=0.5635 precision=0.5637 recall=0.5636 roc=0.5636 
[2019-08-02 23:50:39,757]: length=50 accuarcy=0.5475 f1=0.5473 precision=0.5476 recall=0.5475 roc=0.5475 
[2019-08-02 23:50:58,430]: length=51 accuarcy=0.5658 f1=0.5655 precision=0.5657 recall=0.5657 roc=0.5657 
[2019-08-02 23:51:18,360]: length=52 accuarcy=0.5807 f1=0.5807 precision=0.5809 recall=0.5808 roc=0.5808 
[2019-08-02 23:51:37,611]: length=53 accuarcy=0.5667 f1=0.5666 precision=0.5667 recall=0.5667 roc=0.5667 
[2019-08-02 23:51:56,685]: length=54 accuarcy=0.5928 f1=0.5928 precision=0.5930 recall=0.5929 roc=0.5929 
[2019-08-02 23:52:15,659]: length=55 accuarcy=0.5818 f1=0.5816 precision=0.5820 recall=0.5818 roc=0.5818 
[2019-08-02 23:52:34,405]: length=56 accuarcy=0.5697 f1=0.5696 precision=0.5698 recall=0.5697 roc=0.5697 
[2019-08-02 23:52:53,095]: length=57 accuarcy=0.5787 f1=0.5784 precision=0.5791 recall=0.5788 roc=0.5788 
[2019-08-02 23:53:11,708]: length=58 accuarcy=0.5940 f1=0.5938 precision=0.5941 recall=0.5939 roc=0.5939 
[2019-08-02 23:53:30,467]: length=59 accuarcy=0.5525 f1=0.5523 precision=0.5526 recall=0.5525 roc=0.5525 
[2019-08-02 23:53:48,600]: length=60 accuarcy=0.5806 f1=0.5807 precision=0.5809 recall=0.5808 roc=0.5808 
[2019-08-02 23:54:07,607]: length=61 accuarcy=0.5728 f1=0.5727 precision=0.5727 recall=0.5727 roc=0.5727 
[2019-08-02 23:54:26,500]: length=62 accuarcy=0.5666 f1=0.5667 precision=0.5667 recall=0.5667 roc=0.5667 
[2019-08-02 23:54:45,729]: length=63 accuarcy=0.5526 f1=0.5525 precision=0.5525 recall=0.5525 roc=0.5525 
[2019-08-02 23:55:04,884]: length=64 accuarcy=0.5658 f1=0.5655 precision=0.5658 recall=0.5657 roc=0.5657 
[2019-08-02 23:55:24,877]: length=65 accuarcy=0.5678 f1=0.5676 precision=0.5677 recall=0.5677 roc=0.5677 
[2019-08-02 23:55:44,153]: length=66 accuarcy=0.5807 f1=0.5808 precision=0.5808 recall=0.5808 roc=0.5808 
[2019-08-02 23:56:03,457]: length=67 accuarcy=0.5908 f1=0.5908 precision=0.5910 recall=0.5909 roc=0.5909 
[2019-08-02 23:56:23,207]: length=68 accuarcy=0.5535 f1=0.5535 precision=0.5536 recall=0.5535 roc=0.5535 
[2019-08-02 23:56:42,478]: length=69 accuarcy=0.5606 f1=0.5605 precision=0.5606 recall=0.5606 roc=0.5606 
[2019-08-02 23:57:04,581]: length=70 accuarcy=0.5657 f1=0.5656 precision=0.5657 recall=0.5657 roc=0.5657 
[2019-08-02 23:57:25,164]: length=71 accuarcy=0.5696 f1=0.5697 precision=0.5697 recall=0.5697 roc=0.5697 
[2019-08-02 23:57:44,726]: length=72 accuarcy=0.5910 f1=0.5907 precision=0.5911 recall=0.5909 roc=0.5909 
[2019-08-02 23:58:03,954]: length=73 accuarcy=0.5768 f1=0.5765 precision=0.5770 recall=0.5768 roc=0.5768 
[2019-08-02 23:58:23,854]: length=74 accuarcy=0.5738 f1=0.5737 precision=0.5737 recall=0.5737 roc=0.5737 
[2019-08-02 23:58:43,342]: length=75 accuarcy=0.5688 f1=0.5686 precision=0.5687 recall=0.5687 roc=0.5687 
[2019-08-02 23:59:03,072]: length=76 accuarcy=0.5837 f1=0.5836 precision=0.5840 recall=0.5838 roc=0.5838 
[2019-08-02 23:59:23,088]: length=77 accuarcy=0.5657 f1=0.5652 precision=0.5659 recall=0.5657 roc=0.5657 
[2019-08-02 23:59:42,271]: length=78 accuarcy=0.5587 f1=0.5583 precision=0.5587 recall=0.5586 roc=0.5586 
[2019-08-03 00:00:02,062]: length=79 accuarcy=0.5646 f1=0.5642 precision=0.5649 recall=0.5646 roc=0.5646 
[2019-08-03 00:00:21,679]: length=80 accuarcy=0.5669 f1=0.5665 precision=0.5668 recall=0.5667 roc=0.5667 
[2019-08-03 00:00:41,999]: length=81 accuarcy=0.5739 f1=0.5736 precision=0.5739 recall=0.5737 roc=0.5737 
[2019-08-03 00:01:02,041]: length=82 accuarcy=0.5556 f1=0.5552 precision=0.5557 recall=0.5556 roc=0.5556 
[2019-08-03 00:01:22,534]: length=83 accuarcy=0.5780 f1=0.5775 precision=0.5780 recall=0.5778 roc=0.5778 
[2019-08-03 00:01:42,506]: length=84 accuarcy=0.5870 f1=0.5869 precision=0.5869 recall=0.5869 roc=0.5869 
[2019-08-03 00:02:02,093]: length=85 accuarcy=0.5544 f1=0.5544 precision=0.5546 recall=0.5545 roc=0.5545 
[2019-08-03 00:02:22,861]: length=86 accuarcy=0.5737 f1=0.5731 precision=0.5742 recall=0.5737 roc=0.5737 
[2019-08-03 00:02:43,372]: length=87 accuarcy=0.5677 f1=0.5675 precision=0.5678 recall=0.5677 roc=0.5677 
[2019-08-03 00:03:03,446]: length=88 accuarcy=0.5698 f1=0.5693 precision=0.5700 recall=0.5697 roc=0.5697 
[2019-08-03 00:03:23,299]: length=89 accuarcy=0.5627 f1=0.5626 precision=0.5626 recall=0.5626 roc=0.5626 
[2019-08-03 00:03:43,552]: length=90 accuarcy=0.5880 f1=0.5875 precision=0.5882 recall=0.5879 roc=0.5879 
[2019-08-03 00:04:03,693]: length=91 accuarcy=0.5495 f1=0.5493 precision=0.5496 recall=0.5495 roc=0.5495 
[2019-08-03 00:04:23,738]: length=92 accuarcy=0.5728 f1=0.5723 precision=0.5731 recall=0.5727 roc=0.5727 
[2019-08-03 00:04:44,534]: length=93 accuarcy=0.5577 f1=0.5570 precision=0.5579 recall=0.5576 roc=0.5576 
[2019-08-03 00:05:04,645]: length=94 accuarcy=0.5525 f1=0.5524 precision=0.5526 recall=0.5525 roc=0.5525 
[2019-08-03 00:05:24,573]: length=95 accuarcy=0.5769 f1=0.5764 precision=0.5770 recall=0.5768 roc=0.5768 
[2019-08-03 00:05:44,508]: length=96 accuarcy=0.5820 f1=0.5818 precision=0.5818 recall=0.5818 roc=0.5818 
[2019-08-03 00:06:05,204]: length=97 accuarcy=0.5556 f1=0.5554 precision=0.5556 recall=0.5556 roc=0.5556 
[2019-08-03 00:06:25,606]: length=98 accuarcy=0.5931 f1=0.5928 precision=0.5931 recall=0.5929 roc=0.5929 
[2019-08-03 00:06:46,242]: length=99 accuarcy=0.5515 f1=0.5508 precision=0.5519 recall=0.5515 roc=0.5515 
[2019-08-03 00:07:07,058]: length=100 accuarcy=0.5464 f1=0.5463 precision=0.5465 recall=0.5465 roc=0.5465 
[2019-08-03 00:07:27,814]: length=101 accuarcy=0.5426 f1=0.5423 precision=0.5425 recall=0.5424 roc=0.5424 
[2019-08-03 00:07:48,717]: length=102 accuarcy=0.5466 f1=0.5461 precision=0.5466 recall=0.5465 roc=0.5465 
[2019-08-03 00:08:09,335]: length=103 accuarcy=0.5789 f1=0.5788 precision=0.5788 recall=0.5788 roc=0.5788 
[2019-08-03 00:08:30,465]: length=104 accuarcy=0.5650 f1=0.5646 precision=0.5647 recall=0.5646 roc=0.5646 
[2019-08-03 00:08:50,976]: length=105 accuarcy=0.5868 f1=0.5867 precision=0.5870 recall=0.5869 roc=0.5869 
[2019-08-03 00:09:11,088]: length=106 accuarcy=0.5667 f1=0.5666 precision=0.5667 recall=0.5667 roc=0.5667 
[2019-08-03 00:09:31,706]: length=107 accuarcy=0.5778 f1=0.5776 precision=0.5779 recall=0.5778 roc=0.5778 
[2019-08-03 00:09:52,242]: length=108 accuarcy=0.5797 f1=0.5796 precision=0.5800 recall=0.5798 roc=0.5798 
[2019-08-03 00:10:12,645]: length=109 accuarcy=0.5505 f1=0.5504 precision=0.5505 recall=0.5505 roc=0.5505 
[2019-08-03 00:10:33,411]: length=110 accuarcy=0.5658 f1=0.5654 precision=0.5658 recall=0.5657 roc=0.5657 
[2019-08-03 00:10:54,379]: length=111 accuarcy=0.5366 f1=0.5361 precision=0.5365 recall=0.5364 roc=0.5364 
[2019-08-03 00:11:15,016]: length=112 accuarcy=0.5757 f1=0.5758 precision=0.5758 recall=0.5758 roc=0.5758 
[2019-08-03 00:11:35,819]: length=113 accuarcy=0.5789 f1=0.5788 precision=0.5788 recall=0.5788 roc=0.5788 
[2019-08-03 00:11:56,886]: length=114 accuarcy=0.5496 f1=0.5494 precision=0.5495 recall=0.5495 roc=0.5495 
[2019-08-03 00:12:17,924]: length=115 accuarcy=0.5738 f1=0.5737 precision=0.5737 recall=0.5737 roc=0.5737 
[2019-08-03 00:12:38,243]: length=116 accuarcy=0.5769 f1=0.5764 precision=0.5770 recall=0.5768 roc=0.5768 
[2019-08-03 00:12:58,522]: length=117 accuarcy=0.5625 f1=0.5624 precision=0.5627 recall=0.5626 roc=0.5626 
[2019-08-03 00:13:19,636]: length=118 accuarcy=0.5676 f1=0.5677 precision=0.5677 recall=0.5677 roc=0.5677 
[2019-08-03 00:13:40,486]: length=119 accuarcy=0.5545 f1=0.5544 precision=0.5546 recall=0.5545 roc=0.5545 
[2019-08-03 00:14:02,309]: length=120 accuarcy=0.5830 f1=0.5817 precision=0.5837 recall=0.5828 roc=0.5828 
[2019-08-03 00:14:25,153]: length=121 accuarcy=0.5767 f1=0.5767 precision=0.5768 recall=0.5768 roc=0.5768 
[2019-08-03 00:14:46,478]: length=122 accuarcy=0.5838 f1=0.5836 precision=0.5840 recall=0.5838 roc=0.5838 
[2019-08-03 00:15:07,619]: length=123 accuarcy=0.5706 f1=0.5706 precision=0.5708 recall=0.5707 roc=0.5707 
[2019-08-03 00:15:28,837]: length=124 accuarcy=0.5615 f1=0.5608 precision=0.5621 recall=0.5616 roc=0.5616 
[2019-08-03 00:15:50,257]: length=125 accuarcy=0.5788 f1=0.5787 precision=0.5789 recall=0.5788 roc=0.5788 
[2019-08-03 00:16:11,720]: length=126 accuarcy=0.5849 f1=0.5844 precision=0.5852 recall=0.5848 roc=0.5848 
[2019-08-03 00:16:33,561]: length=127 accuarcy=0.5597 f1=0.5594 precision=0.5597 recall=0.5596 roc=0.5596 
[2019-08-03 00:16:54,835]: length=128 accuarcy=0.5808 f1=0.5806 precision=0.5810 recall=0.5808 roc=0.5808 
[2019-08-03 00:17:16,269]: length=129 accuarcy=0.5707 f1=0.5707 precision=0.5707 recall=0.5707 roc=0.5707 
[2019-08-03 00:17:37,816]: length=130 accuarcy=0.5778 f1=0.5773 precision=0.5781 recall=0.5778 roc=0.5778 
[2019-08-03 00:17:59,534]: length=131 accuarcy=0.5717 f1=0.5715 precision=0.5719 recall=0.5717 roc=0.5717 
[2019-08-03 00:18:20,626]: length=132 accuarcy=0.5253 f1=0.5250 precision=0.5253 recall=0.5253 roc=0.5253 
[2019-08-03 00:18:41,834]: length=133 accuarcy=0.5726 f1=0.5726 precision=0.5728 recall=0.5727 roc=0.5727 
[2019-08-03 00:19:03,349]: length=134 accuarcy=0.5699 f1=0.5697 precision=0.5697 recall=0.5697 roc=0.5697 
[2019-08-03 00:19:24,850]: length=135 accuarcy=0.5736 f1=0.5736 precision=0.5738 recall=0.5737 roc=0.5737 
[2019-08-03 00:19:45,949]: length=136 accuarcy=0.5467 f1=0.5464 precision=0.5465 recall=0.5465 roc=0.5465 
[2019-08-03 00:20:07,418]: length=137 accuarcy=0.5536 f1=0.5535 precision=0.5535 recall=0.5535 roc=0.5535 
[2019-08-03 00:20:28,613]: length=138 accuarcy=0.5564 f1=0.5565 precision=0.5566 recall=0.5566 roc=0.5566 
[2019-08-03 00:20:49,918]: length=139 accuarcy=0.5555 f1=0.5554 precision=0.5556 recall=0.5556 roc=0.5556 
[2019-08-03 00:21:11,566]: length=140 accuarcy=0.5907 f1=0.5907 precision=0.5911 recall=0.5909 roc=0.5909 
[2019-08-03 00:21:32,554]: length=141 accuarcy=0.5688 f1=0.5684 precision=0.5689 recall=0.5687 roc=0.5687 
[2019-08-03 00:21:53,848]: length=142 accuarcy=0.5566 f1=0.5562 precision=0.5568 recall=0.5566 roc=0.5566 
[2019-08-03 00:22:15,174]: length=143 accuarcy=0.5658 f1=0.5651 precision=0.5660 recall=0.5657 roc=0.5657 
[2019-08-03 00:22:37,267]: length=144 accuarcy=0.5605 f1=0.5602 precision=0.5608 recall=0.5606 roc=0.5606 
[2019-08-03 00:22:59,292]: length=145 accuarcy=0.5658 f1=0.5656 precision=0.5657 recall=0.5657 roc=0.5657 
[2019-08-03 00:23:20,617]: length=146 accuarcy=0.5678 f1=0.5675 precision=0.5678 recall=0.5677 roc=0.5677 
[2019-08-03 00:23:41,671]: length=147 accuarcy=0.5685 f1=0.5687 precision=0.5687 recall=0.5687 roc=0.5687 
[2019-08-03 00:24:03,389]: length=148 accuarcy=0.5527 f1=0.5524 precision=0.5526 recall=0.5525 roc=0.5525 
[2019-08-03 00:24:25,541]: length=149 accuarcy=0.5474 f1=0.5474 precision=0.5475 recall=0.5475 roc=0.5475 
[2019-08-03 00:24:48,079]: length=150 accuarcy=0.5888 f1=0.5886 precision=0.5892 recall=0.5889 roc=0.5889 
[2019-08-03 00:25:10,270]: length=151 accuarcy=0.5433 f1=0.5431 precision=0.5436 recall=0.5434 roc=0.5434 
[2019-08-03 00:25:32,365]: length=152 accuarcy=0.5646 f1=0.5645 precision=0.5647 recall=0.5646 roc=0.5646 
[2019-08-03 00:25:54,204]: length=153 accuarcy=0.5636 f1=0.5636 precision=0.5637 recall=0.5636 roc=0.5636 
[2019-08-03 00:26:15,642]: length=154 accuarcy=0.5414 f1=0.5413 precision=0.5415 recall=0.5414 roc=0.5414 
[2019-08-03 00:26:37,250]: length=155 accuarcy=0.5574 f1=0.5575 precision=0.5576 recall=0.5576 roc=0.5576 
[2019-08-03 00:26:59,290]: length=156 accuarcy=0.5607 f1=0.5597 precision=0.5611 recall=0.5606 roc=0.5606 
[2019-08-03 00:27:20,980]: length=157 accuarcy=0.5466 f1=0.5465 precision=0.5465 recall=0.5465 roc=0.5465 
[2019-08-03 00:27:42,965]: length=158 accuarcy=0.5444 f1=0.5444 precision=0.5445 recall=0.5444 roc=0.5444 
[2019-08-03 00:28:05,322]: length=159 accuarcy=0.5484 f1=0.5484 precision=0.5485 recall=0.5485 roc=0.5485 
[2019-08-03 00:28:27,002]: length=160 accuarcy=0.5506 f1=0.5503 precision=0.5506 recall=0.5505 roc=0.5505 
[2019-08-03 00:28:48,886]: length=161 accuarcy=0.5607 f1=0.5606 precision=0.5606 recall=0.5606 roc=0.5606 
[2019-08-03 00:29:11,024]: length=162 accuarcy=0.5625 f1=0.5626 precision=0.5627 recall=0.5626 roc=0.5626 
[2019-08-03 00:29:32,934]: length=163 accuarcy=0.5677 f1=0.5677 precision=0.5677 recall=0.5677 roc=0.5677 
[2019-08-03 00:29:53,914]: length=164 accuarcy=0.5636 f1=0.5634 precision=0.5638 recall=0.5636 roc=0.5636 
[2019-08-03 00:30:16,253]: length=165 accuarcy=0.5737 f1=0.5734 precision=0.5739 recall=0.5737 roc=0.5737 
[2019-08-03 00:30:38,101]: length=166 accuarcy=0.5513 f1=0.5514 precision=0.5516 recall=0.5515 roc=0.5515 
[2019-08-03 00:31:00,509]: length=167 accuarcy=0.5425 f1=0.5422 precision=0.5425 recall=0.5424 roc=0.5424 
[2019-08-03 00:31:21,817]: length=168 accuarcy=0.5664 f1=0.5666 precision=0.5667 recall=0.5667 roc=0.5667 
[2019-08-03 00:31:43,446]: length=169 accuarcy=0.5684 f1=0.5686 precision=0.5688 recall=0.5687 roc=0.5687 
[2019-08-03 00:32:05,652]: length=170 accuarcy=0.5636 f1=0.5636 precision=0.5637 recall=0.5636 roc=0.5636 
[2019-08-03 00:32:27,798]: length=171 accuarcy=0.5493 f1=0.5494 precision=0.5495 recall=0.5495 roc=0.5495 
[2019-08-03 00:32:50,003]: length=172 accuarcy=0.5717 f1=0.5714 precision=0.5719 recall=0.5717 roc=0.5717 
[2019-08-03 00:33:12,727]: length=173 accuarcy=0.5636 f1=0.5636 precision=0.5636 recall=0.5636 roc=0.5636 
[2019-08-03 00:33:35,113]: length=174 accuarcy=0.5576 f1=0.5571 precision=0.5578 recall=0.5576 roc=0.5576 
[2019-08-03 00:33:57,372]: length=175 accuarcy=0.5636 f1=0.5634 precision=0.5638 recall=0.5636 roc=0.5636 
[2019-08-03 00:34:19,747]: length=176 accuarcy=0.5505 f1=0.5501 precision=0.5507 recall=0.5505 roc=0.5505 
[2019-08-03 00:34:41,943]: length=177 accuarcy=0.5534 f1=0.5535 precision=0.5535 recall=0.5535 roc=0.5535 
[2019-08-03 00:35:04,474]: length=178 accuarcy=0.5758 f1=0.5752 precision=0.5762 recall=0.5758 roc=0.5758 
[2019-08-03 00:35:27,429]: length=179 accuarcy=0.5606 f1=0.5606 precision=0.5606 recall=0.5606 roc=0.5606 
[2019-08-03 00:35:50,081]: length=180 accuarcy=0.5464 f1=0.5460 precision=0.5467 recall=0.5465 roc=0.5465 
[2019-08-03 00:36:13,110]: length=181 accuarcy=0.5617 f1=0.5616 precision=0.5616 recall=0.5616 roc=0.5616 
[2019-08-03 00:36:35,247]: length=182 accuarcy=0.5757 f1=0.5758 precision=0.5758 recall=0.5758 roc=0.5758 
[2019-08-03 00:36:57,087]: length=183 accuarcy=0.5707 f1=0.5705 precision=0.5709 recall=0.5707 roc=0.5707 
[2019-08-03 00:37:19,726]: length=184 accuarcy=0.5626 f1=0.5626 precision=0.5626 recall=0.5626 roc=0.5626 
[2019-08-03 00:37:42,387]: length=185 accuarcy=0.5696 f1=0.5697 precision=0.5697 recall=0.5697 roc=0.5697 
[2019-08-03 00:38:05,546]: length=186 accuarcy=0.5748 f1=0.5746 precision=0.5748 recall=0.5747 roc=0.5747 
[2019-08-03 00:38:27,868]: length=187 accuarcy=0.5566 f1=0.5564 precision=0.5566 recall=0.5566 roc=0.5566 
[2019-08-03 00:38:49,967]: length=188 accuarcy=0.5373 f1=0.5374 precision=0.5374 recall=0.5374 roc=0.5374 
[2019-08-03 00:39:12,973]: length=189 accuarcy=0.5728 f1=0.5725 precision=0.5729 recall=0.5727 roc=0.5727 
[2019-08-03 00:39:35,314]: length=190 accuarcy=0.5698 f1=0.5695 precision=0.5698 recall=0.5697 roc=0.5697 
[2019-08-03 00:39:58,140]: length=191 accuarcy=0.5657 f1=0.5655 precision=0.5657 recall=0.5657 roc=0.5657 
[2019-08-03 00:40:20,608]: length=192 accuarcy=0.5556 f1=0.5553 precision=0.5557 recall=0.5556 roc=0.5556 
[2019-08-03 00:40:43,590]: length=193 accuarcy=0.5696 f1=0.5693 precision=0.5700 recall=0.5697 roc=0.5697 
[2019-08-03 00:41:06,579]: length=194 accuarcy=0.5567 f1=0.5561 precision=0.5568 recall=0.5566 roc=0.5566 
[2019-08-03 00:41:29,956]: length=195 accuarcy=0.5507 f1=0.5504 precision=0.5506 recall=0.5505 roc=0.5505 
[2019-08-03 00:41:52,946]: length=196 accuarcy=0.5778 f1=0.5777 precision=0.5778 recall=0.5778 roc=0.5778 
[2019-08-03 00:42:15,625]: length=197 accuarcy=0.5606 f1=0.5604 precision=0.5607 recall=0.5606 roc=0.5606 
[2019-08-03 00:42:38,386]: length=198 accuarcy=0.5573 f1=0.5575 precision=0.5576 recall=0.5576 roc=0.5576 
[2019-08-03 00:43:01,015]: length=199 accuarcy=0.5717 f1=0.5717 precision=0.5717 recall=0.5717 roc=0.5717 
[2019-08-03 00:43:24,528]: length=200 accuarcy=0.5446 f1=0.5444 precision=0.5444 recall=0.5444 roc=0.5444 
[2019-08-03 00:43:47,325]: length=201 accuarcy=0.5493 f1=0.5491 precision=0.5497 recall=0.5495 roc=0.5495 
[2019-08-03 00:44:10,600]: length=202 accuarcy=0.5536 f1=0.5535 precision=0.5535 recall=0.5535 roc=0.5535 
[2019-08-03 00:44:33,179]: length=203 accuarcy=0.5657 f1=0.5654 precision=0.5658 recall=0.5657 roc=0.5657 
[2019-08-03 00:44:55,682]: length=204 accuarcy=0.5890 f1=0.5888 precision=0.5890 recall=0.5889 roc=0.5889 
[2019-08-03 00:45:19,024]: length=205 accuarcy=0.5567 f1=0.5565 precision=0.5566 recall=0.5566 roc=0.5566 
[2019-08-03 00:45:42,265]: length=206 accuarcy=0.5659 f1=0.5654 precision=0.5658 recall=0.5657 roc=0.5657 
[2019-08-03 00:46:05,448]: length=207 accuarcy=0.5656 f1=0.5656 precision=0.5657 recall=0.5657 roc=0.5657 
[2019-08-03 00:46:28,856]: length=208 accuarcy=0.5305 f1=0.5301 precision=0.5303 recall=0.5303 roc=0.5303 
[2019-08-03 00:46:51,754]: length=209 accuarcy=0.5728 f1=0.5727 precision=0.5727 recall=0.5727 roc=0.5727 
[2019-08-03 00:47:14,462]: length=210 accuarcy=0.5464 f1=0.5460 precision=0.5466 recall=0.5465 roc=0.5465 
[2019-08-03 00:47:37,385]: length=211 accuarcy=0.5638 f1=0.5630 precision=0.5640 recall=0.5636 roc=0.5636 
[2019-08-03 00:47:59,517]: length=212 accuarcy=0.5628 f1=0.5621 precision=0.5629 recall=0.5626 roc=0.5626 
[2019-08-03 00:48:23,076]: length=213 accuarcy=0.5756 f1=0.5756 precision=0.5759 recall=0.5758 roc=0.5758 
[2019-08-03 00:48:45,679]: length=214 accuarcy=0.5687 f1=0.5687 precision=0.5687 recall=0.5687 roc=0.5687 
[2019-08-03 00:49:08,835]: length=215 accuarcy=0.5817 f1=0.5818 precision=0.5818 recall=0.5818 roc=0.5818 
[2019-08-03 00:49:31,985]: length=216 accuarcy=0.5608 f1=0.5603 precision=0.5608 recall=0.5606 roc=0.5606 
[2019-08-03 00:49:54,918]: length=217 accuarcy=0.5395 f1=0.5394 precision=0.5394 recall=0.5394 roc=0.5394 
[2019-08-03 00:50:17,705]: length=218 accuarcy=0.5604 f1=0.5606 precision=0.5606 recall=0.5606 roc=0.5606 
[2019-08-03 00:50:40,846]: length=219 accuarcy=0.5668 f1=0.5657 precision=0.5673 recall=0.5667 roc=0.5667 
[2019-08-03 00:51:03,902]: length=220 accuarcy=0.5626 f1=0.5619 precision=0.5630 recall=0.5626 roc=0.5626 
[2019-08-03 00:51:26,828]: length=221 accuarcy=0.5717 f1=0.5715 precision=0.5719 recall=0.5717 roc=0.5717 
[2019-08-03 00:51:49,121]: length=222 accuarcy=0.5718 f1=0.5716 precision=0.5718 recall=0.5717 roc=0.5717 
[2019-08-03 00:52:11,700]: length=223 accuarcy=0.5755 f1=0.5753 precision=0.5761 recall=0.5758 roc=0.5758 
[2019-08-03 00:52:34,079]: length=224 accuarcy=0.5718 f1=0.5712 precision=0.5721 recall=0.5717 roc=0.5717 
[2019-08-03 00:52:57,212]: length=225 accuarcy=0.5618 f1=0.5613 precision=0.5618 recall=0.5616 roc=0.5616 
[2019-08-03 00:53:20,444]: length=226 accuarcy=0.5525 f1=0.5524 precision=0.5526 recall=0.5525 roc=0.5525 
[2019-08-03 00:53:43,674]: length=227 accuarcy=0.5458 f1=0.5454 precision=0.5455 recall=0.5455 roc=0.5455 
[2019-08-03 00:54:06,752]: length=228 accuarcy=0.5565 f1=0.5564 precision=0.5567 recall=0.5566 roc=0.5566 
[2019-08-03 00:54:29,852]: length=229 accuarcy=0.5799 f1=0.5795 precision=0.5801 recall=0.5798 roc=0.5798 
[2019-08-03 00:54:52,961]: length=230 accuarcy=0.5687 f1=0.5686 precision=0.5687 recall=0.5687 roc=0.5687 
[2019-08-03 00:55:15,808]: length=231 accuarcy=0.5887 f1=0.5884 precision=0.5893 recall=0.5889 roc=0.5889 
[2019-08-03 00:55:39,147]: length=232 accuarcy=0.5639 f1=0.5632 precision=0.5639 recall=0.5636 roc=0.5636 
[2019-08-03 00:56:02,275]: length=233 accuarcy=0.5485 f1=0.5483 precision=0.5486 recall=0.5485 roc=0.5485 
[2019-08-03 00:56:25,585]: length=234 accuarcy=0.5647 f1=0.5645 precision=0.5647 recall=0.5646 roc=0.5646 
[2019-08-03 00:56:48,979]: length=235 accuarcy=0.5799 f1=0.5795 precision=0.5800 recall=0.5798 roc=0.5798 
[2019-08-03 00:57:15,272]: length=236 accuarcy=0.5579 f1=0.5575 precision=0.5576 recall=0.5576 roc=0.5576 
[2019-08-03 00:57:39,508]: length=237 accuarcy=0.5728 f1=0.5722 precision=0.5731 recall=0.5727 roc=0.5727 
[2019-08-03 00:58:02,876]: length=238 accuarcy=0.5596 f1=0.5590 precision=0.5599 recall=0.5596 roc=0.5596 
[2019-08-03 00:58:26,460]: length=239 accuarcy=0.5456 f1=0.5449 precision=0.5457 recall=0.5455 roc=0.5455 
[2019-08-03 00:58:49,787]: length=240 accuarcy=0.5576 f1=0.5574 precision=0.5577 recall=0.5576 roc=0.5576 
[2019-08-03 00:59:12,768]: length=241 accuarcy=0.5425 f1=0.5419 precision=0.5426 recall=0.5424 roc=0.5424 
[2019-08-03 00:59:35,961]: length=242 accuarcy=0.5637 f1=0.5635 precision=0.5637 recall=0.5636 roc=0.5636 
[2019-08-03 00:59:59,476]: length=243 accuarcy=0.5607 f1=0.5602 precision=0.5608 recall=0.5606 roc=0.5606 
[2019-08-03 01:00:22,568]: length=244 accuarcy=0.5716 f1=0.5713 precision=0.5720 recall=0.5717 roc=0.5717 
[2019-08-03 01:00:46,224]: length=245 accuarcy=0.5577 f1=0.5573 precision=0.5577 recall=0.5576 roc=0.5576 
[2019-08-03 01:01:09,327]: length=246 accuarcy=0.5819 f1=0.5816 precision=0.5820 recall=0.5818 roc=0.5818 
[2019-08-03 01:01:33,098]: length=247 accuarcy=0.5818 f1=0.5815 precision=0.5820 recall=0.5818 roc=0.5818 
[2019-08-03 01:01:56,207]: length=248 accuarcy=0.5637 f1=0.5629 precision=0.5641 recall=0.5636 roc=0.5636 
[2019-08-03 01:02:19,356]: length=249 accuarcy=0.5797 f1=0.5794 precision=0.5801 recall=0.5798 roc=0.5798 
[2019-08-03 01:02:43,052]: length=250 accuarcy=0.5606 f1=0.5603 precision=0.5608 recall=0.5606 roc=0.5606 
[2019-08-03 01:03:06,391]: length=251 accuarcy=0.5648 f1=0.5645 precision=0.5647 recall=0.5646 roc=0.5646 
[2019-08-03 01:03:29,847]: length=252 accuarcy=0.5663 f1=0.5666 precision=0.5667 recall=0.5667 roc=0.5667 
[2019-08-03 01:03:53,415]: length=253 accuarcy=0.5707 f1=0.5705 precision=0.5708 recall=0.5707 roc=0.5707 
[2019-08-03 01:04:16,406]: length=254 accuarcy=0.5651 f1=0.5645 precision=0.5647 recall=0.5646 roc=0.5646 
[2019-08-03 01:04:39,917]: length=255 accuarcy=0.5715 f1=0.5714 precision=0.5719 recall=0.5717 roc=0.5717 
[2019-08-03 01:05:03,256]: length=256 accuarcy=0.5728 f1=0.5721 precision=0.5731 recall=0.5727 roc=0.5727 
[2019-08-03 01:05:27,439]: length=257 accuarcy=0.5659 f1=0.5656 precision=0.5657 recall=0.5657 roc=0.5657 
[2019-08-03 01:05:51,123]: length=258 accuarcy=0.5635 f1=0.5634 precision=0.5638 recall=0.5636 roc=0.5636 
[2019-08-03 01:06:15,024]: length=259 accuarcy=0.5615 f1=0.5614 precision=0.5618 recall=0.5616 roc=0.5616 
[2019-08-03 01:06:38,936]: length=260 accuarcy=0.5645 f1=0.5639 precision=0.5651 recall=0.5646 roc=0.5646 
[2019-08-03 01:07:02,656]: length=261 accuarcy=0.5708 f1=0.5703 precision=0.5710 recall=0.5707 roc=0.5707 
[2019-08-03 01:07:26,789]: length=262 accuarcy=0.5698 f1=0.5692 precision=0.5700 recall=0.5697 roc=0.5697 
[2019-08-03 01:07:51,094]: length=263 accuarcy=0.5718 f1=0.5717 precision=0.5717 recall=0.5717 roc=0.5717 
[2019-08-03 01:08:14,748]: length=264 accuarcy=0.5818 f1=0.5818 precision=0.5818 recall=0.5818 roc=0.5818 
[2019-08-03 01:08:38,628]: length=265 accuarcy=0.5748 f1=0.5739 precision=0.5754 recall=0.5747 roc=0.5747 
[2019-08-03 01:09:02,535]: length=266 accuarcy=0.5740 f1=0.5732 precision=0.5741 recall=0.5737 roc=0.5737 
[2019-08-03 01:09:26,157]: length=267 accuarcy=0.5534 f1=0.5534 precision=0.5536 recall=0.5535 roc=0.5535 
[2019-08-03 01:09:50,225]: length=268 accuarcy=0.5707 f1=0.5704 precision=0.5709 recall=0.5707 roc=0.5707 
[2019-08-03 01:10:13,804]: length=269 accuarcy=0.5668 f1=0.5666 precision=0.5667 recall=0.5667 roc=0.5667 
[2019-08-03 01:10:37,421]: length=270 accuarcy=0.5564 f1=0.5564 precision=0.5567 recall=0.5566 roc=0.5566 
[2019-08-03 01:11:00,995]: length=271 accuarcy=0.5638 f1=0.5636 precision=0.5637 recall=0.5636 roc=0.5636 
[2019-08-03 01:11:24,502]: length=272 accuarcy=0.5809 f1=0.5804 precision=0.5811 recall=0.5808 roc=0.5808 
[2019-08-03 01:11:48,118]: length=273 accuarcy=0.5878 f1=0.5873 precision=0.5883 recall=0.5879 roc=0.5879 
[2019-08-03 01:12:11,790]: length=274 accuarcy=0.5717 f1=0.5715 precision=0.5718 recall=0.5717 roc=0.5717 
[2019-08-03 01:12:35,281]: length=275 accuarcy=0.5576 f1=0.5569 precision=0.5580 recall=0.5576 roc=0.5576 
[2019-08-03 01:12:59,177]: length=276 accuarcy=0.5716 f1=0.5716 precision=0.5718 recall=0.5717 roc=0.5717 
[2019-08-03 01:13:22,919]: length=277 accuarcy=0.5838 f1=0.5826 precision=0.5848 recall=0.5838 roc=0.5838 
[2019-08-03 01:13:46,957]: length=278 accuarcy=0.5715 f1=0.5715 precision=0.5718 recall=0.5717 roc=0.5717 
[2019-08-03 01:14:12,228]: length=279 accuarcy=0.5900 f1=0.5895 precision=0.5902 recall=0.5899 roc=0.5899 
[2019-08-03 01:14:36,318]: length=280 accuarcy=0.5636 f1=0.5635 precision=0.5637 recall=0.5636 roc=0.5636 
[2019-08-03 01:14:59,722]: length=281 accuarcy=0.5677 f1=0.5674 precision=0.5679 recall=0.5677 roc=0.5677 
[2019-08-03 01:15:23,344]: length=282 accuarcy=0.5779 f1=0.5774 precision=0.5781 recall=0.5778 roc=0.5778 
[2019-08-03 01:15:47,005]: length=283 accuarcy=0.5698 f1=0.5696 precision=0.5697 recall=0.5697 roc=0.5697 
[2019-08-03 01:16:10,521]: length=284 accuarcy=0.5636 f1=0.5634 precision=0.5638 recall=0.5636 roc=0.5636 
[2019-08-03 01:16:34,211]: length=285 accuarcy=0.5708 f1=0.5703 precision=0.5710 recall=0.5707 roc=0.5707 
[2019-08-03 01:16:57,624]: length=286 accuarcy=0.5857 f1=0.5856 precision=0.5861 recall=0.5859 roc=0.5859 
[2019-08-03 01:17:20,742]: length=287 accuarcy=0.5849 f1=0.5847 precision=0.5850 recall=0.5848 roc=0.5848 
[2019-08-03 01:17:44,128]: length=288 accuarcy=0.5809 f1=0.5799 precision=0.5815 recall=0.5808 roc=0.5808 
[2019-08-03 01:18:08,163]: length=289 accuarcy=0.5605 f1=0.5602 precision=0.5608 recall=0.5606 roc=0.5606 
[2019-08-03 01:18:32,011]: length=290 accuarcy=0.5567 f1=0.5560 precision=0.5568 recall=0.5566 roc=0.5566 
[2019-08-03 01:18:56,551]: length=291 accuarcy=0.5585 f1=0.5580 precision=0.5589 recall=0.5586 roc=0.5586 
[2019-08-03 01:19:20,378]: length=292 accuarcy=0.5544 f1=0.5542 precision=0.5547 recall=0.5545 roc=0.5545 
[2019-08-03 01:19:44,412]: length=293 accuarcy=0.5799 f1=0.5798 precision=0.5798 recall=0.5798 roc=0.5798 
[2019-08-03 01:20:08,813]: length=294 accuarcy=0.5536 f1=0.5535 precision=0.5535 recall=0.5535 roc=0.5535 
[2019-08-03 01:20:32,549]: length=295 accuarcy=0.5879 f1=0.5874 precision=0.5882 recall=0.5879 roc=0.5879 
[2019-08-03 01:20:56,426]: length=296 accuarcy=0.5607 f1=0.5604 precision=0.5607 recall=0.5606 roc=0.5606 
[2019-08-03 01:21:20,118]: length=297 accuarcy=0.5768 f1=0.5767 precision=0.5768 recall=0.5768 roc=0.5768 
[2019-08-03 01:21:43,873]: length=298 accuarcy=0.5637 f1=0.5635 precision=0.5637 recall=0.5636 roc=0.5636 
[2019-08-03 01:22:07,865]: length=299 accuarcy=0.5707 f1=0.5706 precision=0.5708 recall=0.5707 roc=0.5707 
[2019-08-03 01:22:32,214]: length=300 accuarcy=0.5606 f1=0.5604 precision=0.5607 recall=0.5606 roc=0.5606 
[2019-08-03 01:22:56,357]: length=301 accuarcy=0.5628 f1=0.5621 precision=0.5629 recall=0.5626 roc=0.5626 
[2019-08-03 01:23:20,056]: length=302 accuarcy=0.5708 f1=0.5700 precision=0.5711 recall=0.5707 roc=0.5707 
[2019-08-03 01:23:43,591]: length=303 accuarcy=0.5617 f1=0.5613 precision=0.5618 recall=0.5616 roc=0.5616 
[2019-08-03 01:24:07,990]: length=304 accuarcy=0.5627 f1=0.5621 precision=0.5629 recall=0.5626 roc=0.5626 
[2019-08-03 01:24:32,111]: length=305 accuarcy=0.5819 f1=0.5812 precision=0.5823 recall=0.5818 roc=0.5818 
[2019-08-03 01:24:55,656]: length=306 accuarcy=0.5518 f1=0.5509 precision=0.5518 recall=0.5515 roc=0.5515 
[2019-08-03 01:25:19,075]: length=307 accuarcy=0.5667 f1=0.5662 precision=0.5670 recall=0.5667 roc=0.5667 
[2019-08-03 01:25:43,580]: length=308 accuarcy=0.5596 f1=0.5593 precision=0.5597 recall=0.5596 roc=0.5596 
[2019-08-03 01:26:07,514]: length=309 accuarcy=0.5546 f1=0.5543 precision=0.5547 recall=0.5545 roc=0.5545 
[2019-08-03 01:26:31,109]: length=310 accuarcy=0.5790 f1=0.5788 precision=0.5788 recall=0.5788 roc=0.5788 
[2019-08-03 01:26:55,068]: length=311 accuarcy=0.5718 f1=0.5712 precision=0.5721 recall=0.5717 roc=0.5717 
[2019-08-03 01:27:18,365]: length=312 accuarcy=0.5670 f1=0.5658 precision=0.5672 recall=0.5667 roc=0.5667 
[2019-08-03 01:27:42,512]: length=313 accuarcy=0.5577 f1=0.5569 precision=0.5579 recall=0.5576 roc=0.5576 
[2019-08-03 01:28:06,862]: length=314 accuarcy=0.5697 f1=0.5694 precision=0.5699 recall=0.5697 roc=0.5697 
[2019-08-03 01:28:30,886]: length=315 accuarcy=0.5757 f1=0.5750 precision=0.5763 recall=0.5758 roc=0.5758 
[2019-08-03 01:28:54,664]: length=316 accuarcy=0.5668 f1=0.5663 precision=0.5669 recall=0.5667 roc=0.5667 
[2019-08-03 01:29:18,968]: length=317 accuarcy=0.5796 f1=0.5794 precision=0.5801 recall=0.5798 roc=0.5798 
[2019-08-03 01:29:43,126]: length=318 accuarcy=0.5769 f1=0.5761 precision=0.5772 recall=0.5768 roc=0.5768 
[2019-08-03 01:30:07,387]: length=319 accuarcy=0.5749 f1=0.5739 precision=0.5753 recall=0.5747 roc=0.5747 
[2019-08-03 01:30:31,193]: length=320 accuarcy=0.5768 f1=0.5765 precision=0.5769 recall=0.5768 roc=0.5768 
[2019-08-03 01:30:55,118]: length=321 accuarcy=0.5807 f1=0.5805 precision=0.5810 recall=0.5808 roc=0.5808 
[2019-08-03 01:31:18,800]: length=322 accuarcy=0.5739 f1=0.5732 precision=0.5741 recall=0.5737 roc=0.5737 
[2019-08-03 01:31:42,454]: length=323 accuarcy=0.5738 f1=0.5730 precision=0.5743 recall=0.5737 roc=0.5737 
[2019-08-03 01:32:06,824]: length=324 accuarcy=0.5434 f1=0.5433 precision=0.5435 recall=0.5434 roc=0.5434 
[2019-08-03 01:32:30,931]: length=325 accuarcy=0.5838 f1=0.5832 precision=0.5844 recall=0.5838 roc=0.5838 
[2019-08-03 01:32:55,631]: length=326 accuarcy=0.5728 f1=0.5725 precision=0.5729 recall=0.5727 roc=0.5727 
[2019-08-03 01:33:20,694]: length=327 accuarcy=0.5707 f1=0.5703 precision=0.5710 recall=0.5707 roc=0.5707 
[2019-08-03 01:33:45,175]: length=328 accuarcy=0.5686 f1=0.5685 precision=0.5688 recall=0.5687 roc=0.5687 
[2019-08-03 01:34:09,745]: length=329 accuarcy=0.5607 f1=0.5606 precision=0.5606 recall=0.5606 roc=0.5606 
[2019-08-03 01:34:33,256]: length=330 accuarcy=0.5636 f1=0.5632 precision=0.5639 recall=0.5636 roc=0.5636 
[2019-08-03 01:34:57,813]: length=331 accuarcy=0.5606 f1=0.5597 precision=0.5611 recall=0.5606 roc=0.5606 
[2019-08-03 01:35:21,989]: length=332 accuarcy=0.5776 f1=0.5769 precision=0.5785 recall=0.5778 roc=0.5778 
[2019-08-03 01:35:46,387]: length=333 accuarcy=0.5395 f1=0.5392 precision=0.5395 recall=0.5394 roc=0.5394 
[2019-08-03 01:36:10,822]: length=334 accuarcy=0.5566 f1=0.5562 precision=0.5568 recall=0.5566 roc=0.5566 
[2019-08-03 01:36:34,692]: length=335 accuarcy=0.5688 f1=0.5679 precision=0.5692 recall=0.5687 roc=0.5687 
[2019-08-03 01:36:58,376]: length=336 accuarcy=0.5516 f1=0.5507 precision=0.5519 recall=0.5515 roc=0.5515 
[2019-08-03 01:37:23,084]: length=337 accuarcy=0.5830 f1=0.5827 precision=0.5829 recall=0.5828 roc=0.5828 
[2019-08-03 01:37:46,841]: length=338 accuarcy=0.5676 f1=0.5676 precision=0.5677 recall=0.5677 roc=0.5677 
[2019-08-03 01:38:11,563]: length=339 accuarcy=0.5598 f1=0.5587 precision=0.5601 recall=0.5596 roc=0.5596 
[2019-08-03 01:38:35,624]: length=340 accuarcy=0.5607 f1=0.5603 precision=0.5608 recall=0.5606 roc=0.5606 
[2019-08-03 01:38:59,900]: length=341 accuarcy=0.5597 f1=0.5593 precision=0.5597 recall=0.5596 roc=0.5596 
[2019-08-03 01:39:24,264]: length=342 accuarcy=0.5535 f1=0.5526 precision=0.5540 recall=0.5535 roc=0.5535 
[2019-08-03 01:39:48,347]: length=343 accuarcy=0.5799 f1=0.5797 precision=0.5799 recall=0.5798 roc=0.5798 
[2019-08-03 01:40:12,588]: length=344 accuarcy=0.5687 f1=0.5687 precision=0.5687 recall=0.5687 roc=0.5687 
[2019-08-03 01:40:37,146]: length=345 accuarcy=0.5768 f1=0.5762 precision=0.5772 recall=0.5768 roc=0.5768 
[2019-08-03 01:41:01,642]: length=346 accuarcy=0.5717 f1=0.5707 precision=0.5724 recall=0.5717 roc=0.5717 
[2019-08-03 01:41:26,326]: length=347 accuarcy=0.5719 f1=0.5713 precision=0.5720 recall=0.5717 roc=0.5717 
[2019-08-03 01:41:50,852]: length=348 accuarcy=0.5657 f1=0.5656 precision=0.5657 recall=0.5657 roc=0.5657 
[2019-08-03 01:42:14,891]: length=349 accuarcy=0.5608 f1=0.5595 precision=0.5612 recall=0.5606 roc=0.5606 
[2019-08-03 01:42:38,857]: length=350 accuarcy=0.5778 f1=0.5769 precision=0.5785 recall=0.5778 roc=0.5778 
[2019-08-03 01:43:03,225]: length=351 accuarcy=0.5839 f1=0.5832 precision=0.5844 recall=0.5838 roc=0.5838 
[2019-08-03 01:43:27,640]: length=352 accuarcy=0.5538 f1=0.5526 precision=0.5540 recall=0.5535 roc=0.5535 
[2019-08-03 01:43:51,885]: length=353 accuarcy=0.5648 f1=0.5644 precision=0.5648 recall=0.5646 roc=0.5646 
[2019-08-03 01:44:16,379]: length=354 accuarcy=0.5751 f1=0.5744 precision=0.5750 recall=0.5747 roc=0.5747 
[2019-08-03 01:44:41,201]: length=355 accuarcy=0.5736 f1=0.5736 precision=0.5738 recall=0.5737 roc=0.5737 
[2019-08-03 01:45:06,137]: length=356 accuarcy=0.5730 f1=0.5723 precision=0.5730 recall=0.5727 roc=0.5727 
[2019-08-03 01:45:30,848]: length=357 accuarcy=0.5696 f1=0.5690 precision=0.5702 recall=0.5697 roc=0.5697 
[2019-08-03 01:45:55,948]: length=358 accuarcy=0.5637 f1=0.5631 precision=0.5639 recall=0.5636 roc=0.5636 
[2019-08-03 01:46:20,404]: length=359 accuarcy=0.5749 f1=0.5746 precision=0.5749 recall=0.5747 roc=0.5747 
[2019-08-03 01:46:44,992]: length=360 accuarcy=0.5546 f1=0.5540 precision=0.5548 recall=0.5545 roc=0.5545 
[2019-08-03 01:47:10,358]: length=361 accuarcy=0.5778 f1=0.5774 precision=0.5781 recall=0.5778 roc=0.5778 
[2019-08-03 01:47:35,728]: length=362 accuarcy=0.5748 f1=0.5745 precision=0.5749 recall=0.5747 roc=0.5747 
[2019-08-03 01:48:00,548]: length=363 accuarcy=0.5828 f1=0.5827 precision=0.5829 recall=0.5828 roc=0.5828 
[2019-08-03 01:48:25,187]: length=364 accuarcy=0.5869 f1=0.5860 precision=0.5876 recall=0.5869 roc=0.5869 
[2019-08-03 01:48:49,861]: length=365 accuarcy=0.5646 f1=0.5640 precision=0.5651 recall=0.5646 roc=0.5646 
[2019-08-03 01:49:14,400]: length=366 accuarcy=0.5768 f1=0.5764 precision=0.5771 recall=0.5768 roc=0.5768 
[2019-08-03 01:49:39,232]: length=367 accuarcy=0.5727 f1=0.5720 precision=0.5732 recall=0.5727 roc=0.5727 
[2019-08-03 01:50:03,773]: length=368 accuarcy=0.5807 f1=0.5806 precision=0.5810 recall=0.5808 roc=0.5808 
[2019-08-03 01:50:28,254]: length=369 accuarcy=0.5668 f1=0.5663 precision=0.5669 recall=0.5667 roc=0.5667 
[2019-08-03 01:50:53,226]: length=370 accuarcy=0.5607 f1=0.5602 precision=0.5608 recall=0.5606 roc=0.5606 
[2019-08-03 01:51:18,756]: length=371 accuarcy=0.5605 f1=0.5601 precision=0.5609 recall=0.5606 roc=0.5606 
[2019-08-03 01:51:43,646]: length=372 accuarcy=0.5726 f1=0.5727 precision=0.5728 recall=0.5727 roc=0.5727 
[2019-08-03 01:52:08,902]: length=373 accuarcy=0.5740 f1=0.5733 precision=0.5740 recall=0.5737 roc=0.5737 
[2019-08-03 01:52:33,844]: length=374 accuarcy=0.5689 f1=0.5684 precision=0.5689 recall=0.5687 roc=0.5687 
[2019-08-03 01:52:58,699]: length=375 accuarcy=0.5759 f1=0.5754 precision=0.5760 recall=0.5758 roc=0.5758 
[2019-08-03 01:53:23,805]: length=376 accuarcy=0.5667 f1=0.5664 precision=0.5668 recall=0.5667 roc=0.5667 
[2019-08-03 01:53:48,897]: length=377 accuarcy=0.5708 f1=0.5700 precision=0.5712 recall=0.5707 roc=0.5707 
[2019-08-03 01:54:13,840]: length=378 accuarcy=0.5445 f1=0.5437 precision=0.5448 recall=0.5444 roc=0.5444 
[2019-08-03 01:54:38,558]: length=379 accuarcy=0.5637 f1=0.5634 precision=0.5638 recall=0.5636 roc=0.5636 
[2019-08-03 01:55:02,918]: length=380 accuarcy=0.5506 f1=0.5503 precision=0.5506 recall=0.5505 roc=0.5505 
[2019-08-03 01:55:27,949]: length=381 accuarcy=0.5547 f1=0.5544 precision=0.5546 recall=0.5545 roc=0.5545 
[2019-08-03 01:55:52,676]: length=382 accuarcy=0.5860 f1=0.5853 precision=0.5863 recall=0.5859 roc=0.5859 
[2019-08-03 01:56:17,549]: length=383 accuarcy=0.5839 f1=0.5832 precision=0.5843 recall=0.5838 roc=0.5838 
[2019-08-03 01:56:41,686]: length=384 accuarcy=0.5637 f1=0.5628 precision=0.5641 recall=0.5636 roc=0.5636 
[2019-08-03 01:57:09,172]: length=385 accuarcy=0.5769 f1=0.5764 precision=0.5771 recall=0.5768 roc=0.5768 
[2019-08-03 01:57:34,408]: length=386 accuarcy=0.5729 f1=0.5717 precision=0.5734 recall=0.5727 roc=0.5727 
[2019-08-03 01:57:59,477]: length=387 accuarcy=0.5596 f1=0.5585 precision=0.5602 recall=0.5596 roc=0.5596 
[2019-08-03 01:58:24,401]: length=388 accuarcy=0.5668 f1=0.5657 precision=0.5673 recall=0.5667 roc=0.5667 
[2019-08-03 01:58:48,846]: length=389 accuarcy=0.5668 f1=0.5659 precision=0.5671 recall=0.5667 roc=0.5667 
[2019-08-03 01:59:12,918]: length=390 accuarcy=0.5778 f1=0.5772 precision=0.5782 recall=0.5778 roc=0.5778 
[2019-08-03 01:59:37,333]: length=391 accuarcy=0.5677 f1=0.5665 precision=0.5684 recall=0.5677 roc=0.5677 
[2019-08-03 02:00:02,589]: length=392 accuarcy=0.5809 f1=0.5803 precision=0.5812 recall=0.5808 roc=0.5808 
[2019-08-03 02:00:27,979]: length=393 accuarcy=0.5746 f1=0.5740 precision=0.5753 recall=0.5747 roc=0.5747 
[2019-08-03 02:00:52,047]: length=394 accuarcy=0.5747 f1=0.5743 precision=0.5751 recall=0.5747 roc=0.5747 
[2019-08-03 02:01:17,051]: length=395 accuarcy=0.5649 f1=0.5640 precision=0.5651 recall=0.5646 roc=0.5646 
[2019-08-03 02:01:40,934]: length=396 accuarcy=0.5819 f1=0.5811 precision=0.5824 recall=0.5818 roc=0.5818 
[2019-08-03 02:02:05,755]: length=397 accuarcy=0.5708 f1=0.5703 precision=0.5710 recall=0.5707 roc=0.5707 
[2019-08-03 02:02:30,392]: length=398 accuarcy=0.5537 f1=0.5523 precision=0.5541 recall=0.5535 roc=0.5535 
[2019-08-03 02:02:55,088]: length=399 accuarcy=0.5767 f1=0.5763 precision=0.5771 recall=0.5768 roc=0.5768 
[2019-08-03 02:03:20,062]: length=400 accuarcy=0.5800 f1=0.5792 precision=0.5803 recall=0.5798 roc=0.5798 
[2019-08-03 02:03:44,810]: length=401 accuarcy=0.5567 f1=0.5561 precision=0.5568 recall=0.5566 roc=0.5566 
[2019-08-03 02:04:09,644]: length=402 accuarcy=0.5678 f1=0.5673 precision=0.5679 recall=0.5677 roc=0.5677 
[2019-08-03 02:04:09,645]: ----------
[2019-08-03 02:04:09,646]: the max acc = 0.5940
[2019-08-03 02:04:09,646]: ['292_DACC' '307_DACC' '41_DACC' '346_DACC' '82_DACC' '257_DACC' '91_DACC'
 '59_DACC' '348_DACC' '48_DACC' '179_DACC' '92_DACC' '168_DACC' 'AC_Kmer2'
 '336_DACC' '276_DACC' '68_DACC' '77_DACC' '278_DACC' '56_DACC' '258_DACC'
 '313_DACC' '267_DACC' '229_DACC' '2_DACC' '182_DACC' '310_DACC'
 '237_DACC' '9_DACC' 'lambda8_PC-PseDNC-General' '306_DACC' '159_DACC'
 '54_DACC' 'CU_Kmer2' '219_DACC' '339_DACC' '186_DACC' '190_DACC'
 '157_DACC' '173_DACC' '144_DACC' '187_DACC' '129_DACC' '279_DACC'
 '36_DACC' '344_DACC' '58_DACC' '63_DACC' '263_DACC' '15_DACC' '203_DACC'
 '66_DACC' '287_DACC' '167_DACC' '10_DACC' '243_DACC' '149_DACC'
 '132_DACC'],length = 58
[2019-08-03 02:04:09,647]: -----------
[2019-08-03 02:04:18,303]: ***confusion matrix***
[2019-08-03 02:04:18,303]:                pos_class      neg_class      
[2019-08-03 02:04:18,303]: pos_class      TP:285            FN:210            
[2019-08-03 02:04:18,303]: neg_class      FP:192            TN:303            
[2019-08-03 02:04:18,304]: accuarcy = 0.593939393939394 
[2019-08-03 02:04:18,305]: precision =0.5940637757916805 
[2019-08-03 02:04:18,307]: recall =0.593939393939394
[2019-08-03 02:04:18,307]: f1 =0.593805114638448 
[2019-08-03 02:04:18,308]: roc area = 0.5939393939393939
[2019-08-03 02:04:18,430]: -----------
[2019-08-03 02:04:18,431]: The output by the terminal's log has been saved in the G:\\work\MRMD2.0-github\Logs\201908022147.log.
[2019-08-03 02:04:18,431]: metrics have been saved in the G:\\work\MRMD2.0-github\Results\meteics_CKSAAGP.csv.
[2019-08-03 02:04:18,431]: reduced dimensional dataset has been saved in the G:\\work\MRMD2.0-github\Results\testRDCKSAAGP.csv.
[2019-08-03 02:04:18,431]: ---mrmd 2.0 end---
