[2019-08-04 21:01:05,203]: ---mrmd 2.0 start----
[2019-08-04 21:01:05,417]: ANOVA start...
[2019-08-04 21:01:05,458]: ANOVA end.
[2019-08-04 21:01:05,459]: mic start...
[2019-08-04 21:01:16,986]: mic end.
[2019-08-04 21:01:16,986]: mrmd start...
[2019-08-04 21:01:17,351]: mrmd end.
[2019-08-04 21:01:17,351]: mRMR start...
[2019-08-04 21:01:33,745]: mRMR end.
[2019-08-04 21:01:33,745]: lasso start...
[2019-08-04 21:01:33,795]: lasso end.
[2019-08-04 21:01:35,129]: rank start ...
[2019-08-04 21:01:35,141]: The final  rank is
[2019-08-04 21:01:35,141]: Janin_P : 0.0078
[2019-08-04 21:01:35,141]: Janin_D : 0.0074
[2019-08-04 21:01:35,141]: Hopp_Woods_R : 0.0071
[2019-08-04 21:01:35,141]: Rose_I : 0.0069
[2019-08-04 21:01:35,141]: hydrophily : 0.0069
[2019-08-04 21:01:35,141]: Engelman_GES_D : 0.0069
[2019-08-04 21:01:35,141]: Cornette_C : 0.0069
[2019-08-04 21:01:35,141]: Cornette_T : 0.0068
[2019-08-04 21:01:35,141]: Kyte_Doolittle_I : 0.0068
[2019-08-04 21:01:35,141]: Engelman_GES_S : 0.0067
[2019-08-04 21:01:35,141]: Rose_P : 0.0067
[2019-08-04 21:01:35,141]: Cornette_V : 0.0067
[2019-08-04 21:01:35,141]: Kyte_Doolittle_A : 0.0067
[2019-08-04 21:01:35,141]: basic_polar : 0.0066
[2019-08-04 21:01:35,141]: Cornette_P : 0.0066
[2019-08-04 21:01:35,141]: Rose_R : 0.0065
[2019-08-04 21:01:35,141]: Rose_S : 0.0065
[2019-08-04 21:01:35,141]: Cornette_F : 0.0065
[2019-08-04 21:01:35,141]: Hopp_Woods_A : 0.0065
[2019-08-04 21:01:35,141]: Hopp_Woods_I : 0.0064
[2019-08-04 21:01:35,141]: Engelman_GES_Q : 0.0064
[2019-08-04 21:01:35,141]: Hopp_Woods_D : 0.0064
[2019-08-04 21:01:35,141]: polar : 0.0063
[2019-08-04 21:01:35,141]: Engelman_GES_R : 0.0063
[2019-08-04 21:01:35,141]: Eisenberg_R : 0.0063
[2019-08-04 21:01:35,141]: Engelman_GES_N : 0.0062
[2019-08-04 21:01:35,141]: Cornette_W : 0.0062
[2019-08-04 21:01:35,141]: Rose_L : 0.0062
[2019-08-04 21:01:35,141]: Cornette_K : 0.0062
[2019-08-04 21:01:35,141]: Rose_H : 0.0062
[2019-08-04 21:01:35,141]: Engelman_GES_W : 0.0062
[2019-08-04 21:01:35,141]: Eisenberg_N : 0.0062
[2019-08-04 21:01:35,141]: Rose_T : 0.0061
[2019-08-04 21:01:35,141]: C : 0.0061
[2019-08-04 21:01:35,141]: Engelman_GES_L : 0.0061
[2019-08-04 21:01:35,141]: Cornette_Y : 0.0060
[2019-08-04 21:01:35,141]: Kyte_Doolittle_W : 0.0060
[2019-08-04 21:01:35,141]: Janin_V : 0.0060
[2019-08-04 21:01:35,141]: alphatic : 0.0059
[2019-08-04 21:01:35,141]: nonpolar : 0.0059
[2019-08-04 21:01:35,141]: Kyte_Doolittle_C : 0.0059
[2019-08-04 21:01:35,141]: Hopp_Woods_T : 0.0059
[2019-08-04 21:01:35,141]: moderate : 0.0059
[2019-08-04 21:01:35,141]: Janin_F : 0.0059
[2019-08-04 21:01:35,141]: Janin_L : 0.0059
[2019-08-04 21:01:35,141]: Engelman_GES_Y : 0.0059
[2019-08-04 21:01:35,141]: Hopp_Woods_Q : 0.0059
[2019-08-04 21:01:35,141]: Engelman_GES_G : 0.0059
[2019-08-04 21:01:35,141]: Eisenberg_S : 0.0059
[2019-08-04 21:01:35,141]: Janin_H : 0.0059
[2019-08-04 21:01:35,141]: Kyte_Doolittle_Y : 0.0058
[2019-08-04 21:01:35,141]: Eisenberg_W : 0.0058
[2019-08-04 21:01:35,141]: postivecharge : 0.0058
[2019-08-04 21:01:35,141]: Hopp_Woods_C : 0.0058
[2019-08-04 21:01:35,141]: Janin_W : 0.0058
[2019-08-04 21:01:35,141]: W : 0.0058
[2019-08-04 21:01:35,141]: D : 0.0058
[2019-08-04 21:01:35,141]: Hopp_Woods_L : 0.0057
[2019-08-04 21:01:35,141]: aliphatic : 0.0057
[2019-08-04 21:01:35,141]: K : 0.0057
[2019-08-04 21:01:35,141]: Cornette_A : 0.0057
[2019-08-04 21:01:35,141]: Q : 0.0057
[2019-08-04 21:01:35,141]: Cornette_H : 0.0057
[2019-08-04 21:01:35,141]: Rose_D : 0.0057
[2019-08-04 21:01:35,141]: Rose_W : 0.0057
[2019-08-04 21:01:35,141]: Janin_Q : 0.0057
[2019-08-04 21:01:35,141]: Hopp_Woods_N : 0.0057
[2019-08-04 21:01:35,141]: Hopp_Woods_F : 0.0057
[2019-08-04 21:01:35,141]: Cornette_S : 0.0057
[2019-08-04 21:01:35,141]: Cornette_E : 0.0057
[2019-08-04 21:01:35,141]: Hopp_Woods_E : 0.0057
[2019-08-04 21:01:35,141]: Hopp_Woods_H : 0.0057
[2019-08-04 21:01:35,141]: positve : 0.0057
[2019-08-04 21:01:35,141]: Kyte_Doolittle_D : 0.0056
[2019-08-04 21:01:35,141]: Engelman_GES_P : 0.0056
[2019-08-04 21:01:35,141]: Kyte_Doolittle_K : 0.0056
[2019-08-04 21:01:35,141]: Cornette_Q : 0.0056
[2019-08-04 21:01:35,141]: Kyte_Doolittle_F : 0.0056
[2019-08-04 21:01:35,141]: Engelman_GES_A : 0.0056
[2019-08-04 21:01:35,141]: Kyte_Doolittle_H : 0.0056
[2019-08-04 21:01:35,141]: Engelman_GES_I : 0.0056
[2019-08-04 21:01:35,141]: Rose_M : 0.0056
[2019-08-04 21:01:35,141]: Kyte_Doolittle_L : 0.0056
[2019-08-04 21:01:35,141]: Engelman_GES_M : 0.0056
[2019-08-04 21:01:35,141]: Eisenberg_L : 0.0056
[2019-08-04 21:01:35,151]: Kyte_Doolittle_Q : 0.0056
[2019-08-04 21:01:35,151]: H : 0.0056
[2019-08-04 21:01:35,151]: Kyte_Doolittle_N : 0.0056
[2019-08-04 21:01:35,151]: Kyte_Doolittle_S : 0.0056
[2019-08-04 21:01:35,151]: Engelman_GES_F : 0.0056
[2019-08-04 21:01:35,151]: P : 0.0056
[2019-08-04 21:01:35,151]: Hopp_Woods_S : 0.0056
[2019-08-04 21:01:35,151]: Eisenberg_I : 0.0056
[2019-08-04 21:01:35,151]: G : 0.0056
[2019-08-04 21:01:35,151]: Hopp_Woods_V : 0.0056
[2019-08-04 21:01:35,151]: Janin_K : 0.0056
[2019-08-04 21:01:35,151]: Engelman_GES_E : 0.0056
[2019-08-04 21:01:35,151]: R : 0.0055
[2019-08-04 21:01:35,151]: S : 0.0055
[2019-08-04 21:01:35,151]: Janin_I : 0.0055
[2019-08-04 21:01:35,151]: Rose_A : 0.0055
[2019-08-04 21:01:35,151]: aromatic : 0.0055
[2019-08-04 21:01:35,151]: I : 0.0055
[2019-08-04 21:01:35,151]: Hopp_Woods_Y : 0.0055
[2019-08-04 21:01:35,151]: Janin_R : 0.0055
[2019-08-04 21:01:35,151]: Cornette_D : 0.0055
[2019-08-04 21:01:35,151]: T : 0.0055
[2019-08-04 21:01:35,151]: Hopp_Woods_K : 0.0055
[2019-08-04 21:01:35,151]: Kyte_Doolittle_V : 0.0055
[2019-08-04 21:01:35,151]: Janin_M : 0.0055
[2019-08-04 21:01:35,151]: Rose_F : 0.0055
[2019-08-04 21:01:35,151]: Kyte_Doolittle_G : 0.0055
[2019-08-04 21:01:35,151]: Kyte_Doolittle_E : 0.0055
[2019-08-04 21:01:35,151]: uncharge : 0.0055
[2019-08-04 21:01:35,151]: Rose_V : 0.0055
[2019-08-04 21:01:35,151]: Engelman_GES_V : 0.0055
[2019-08-04 21:01:35,151]: Rose_N : 0.0055
[2019-08-04 21:01:35,151]: Eisenberg_K : 0.0055
[2019-08-04 21:01:35,151]: Eisenberg_V : 0.0055
[2019-08-04 21:01:35,151]: Cornette_L : 0.0055
[2019-08-04 21:01:35,151]: E : 0.0055
[2019-08-04 21:01:35,151]: A : 0.0055
[2019-08-04 21:01:35,151]: V : 0.0055
[2019-08-04 21:01:35,151]: Kyte_Doolittle_M : 0.0055
[2019-08-04 21:01:35,151]: Cornette_M : 0.0054
[2019-08-04 21:01:35,151]: Eisenberg_H : 0.0054
[2019-08-04 21:01:35,151]: Janin_N : 0.0054
[2019-08-04 21:01:35,151]: Hopp_Woods_W : 0.0054
[2019-08-04 21:01:35,151]: Rose_Q : 0.0054
[2019-08-04 21:01:35,151]: Cornette_I : 0.0054
[2019-08-04 21:01:35,151]: F : 0.0054
[2019-08-04 21:01:35,151]: Eisenberg_P : 0.0054
[2019-08-04 21:01:35,151]: Janin_Y : 0.0054
[2019-08-04 21:01:35,151]: N : 0.0054
[2019-08-04 21:01:35,151]: Eisenberg_G : 0.0054
[2019-08-04 21:01:35,151]: Janin_A : 0.0054
[2019-08-04 21:01:35,151]: Rose_C : 0.0054
[2019-08-04 21:01:35,151]: negativecharge : 0.0054
[2019-08-04 21:01:35,151]: Janin_E : 0.0054
[2019-08-04 21:01:35,151]: Kyte_Doolittle_R : 0.0054
[2019-08-04 21:01:35,151]: L : 0.0054
[2019-08-04 21:01:35,151]: Eisenberg_A : 0.0054
[2019-08-04 21:01:35,151]: Rose_K : 0.0053
[2019-08-04 21:01:35,151]: hydrophobicity : 0.0053
[2019-08-04 21:01:35,151]: Engelman_GES_T : 0.0053
[2019-08-04 21:01:35,151]: Kyte_Doolittle_T : 0.0053
[2019-08-04 21:01:35,151]: Kyte_Doolittle_P : 0.0053
[2019-08-04 21:01:35,151]: Janin_T : 0.0053
[2019-08-04 21:01:35,151]: neutral : 0.0052
[2019-08-04 21:01:35,151]: Eisenberg_M : 0.0052
[2019-08-04 21:01:35,151]: Y : 0.0052
[2019-08-04 21:01:35,151]: Hopp_Woods_M : 0.0052
[2019-08-04 21:01:35,151]: Janin_C : 0.0051
[2019-08-04 21:01:35,151]: Eisenberg_C : 0.0051
[2019-08-04 21:01:35,151]: Engelman_GES_H : 0.0051
[2019-08-04 21:01:35,151]: Engelman_GES_C : 0.0051
[2019-08-04 21:01:35,151]: Eisenberg_Y : 0.0050
[2019-08-04 21:01:35,151]: Janin_S : 0.0049
[2019-08-04 21:01:35,151]: Rose_E : 0.0049
[2019-08-04 21:01:35,151]: acidic_polar : 0.0049
[2019-08-04 21:01:35,151]: Eisenberg_F : 0.0048
[2019-08-04 21:01:35,151]: Cornette_R : 0.0048
[2019-08-04 21:01:35,151]: Eisenberg_E : 0.0048
[2019-08-04 21:01:35,151]: Eisenberg_D : 0.0048
[2019-08-04 21:01:35,151]: Janin_G : 0.0047
[2019-08-04 21:01:35,151]: Engelman_GES_K : 0.0047
[2019-08-04 21:01:35,151]: Rose_G : 0.0047
[2019-08-04 21:01:35,151]: negative : 0.0047
[2019-08-04 21:01:35,151]: Rose_Y : 0.0046
[2019-08-04 21:01:35,151]: M : 0.0045
[2019-08-04 21:01:35,151]: aromatic.1 : 0.0045
[2019-08-04 21:01:35,151]: Eisenberg_Q : 0.0044
[2019-08-04 21:01:35,151]: Eisenberg_T : 0.0043
[2019-08-04 21:01:35,161]: heterocyclics : 0.0043
[2019-08-04 21:01:35,161]: Cornette_N : 0.0041
[2019-08-04 21:01:35,161]: Cornette_G : 0.0030
[2019-08-04 21:01:35,161]: Hopp_Woods_G : 0.0030
[2019-08-04 21:01:35,161]: Hopp_Woods_P : 0.0026
[2019-08-04 21:01:35,161]: feature_rank end
[2019-08-04 21:01:35,221]: Start dimension reduction ...
[2019-08-04 21:01:57,634]: length=1 accuarcy=0.7576 f1=0.7382 precision=0.8329 recall=0.7609 roc=0.7317 
[2019-08-04 21:02:22,399]: length=2 accuarcy=0.8040 f1=0.8047 precision=0.8059 recall=0.8043 roc=0.8044 
[2019-08-04 21:02:48,029]: length=3 accuarcy=0.7929 f1=0.7932 precision=0.7931 recall=0.7935 roc=0.7898 
[2019-08-04 21:03:12,811]: length=4 accuarcy=0.8707 f1=0.8687 precision=0.8712 recall=0.8696 roc=0.8632 
[2019-08-04 21:03:37,750]: length=5 accuarcy=0.8485 f1=0.8468 precision=0.8491 recall=0.8478 roc=0.8412 
[2019-08-04 21:04:02,395]: length=6 accuarcy=0.8485 f1=0.8474 precision=0.8478 recall=0.8478 roc=0.8436 
[2019-08-04 21:04:26,186]: length=7 accuarcy=0.8929 f1=0.8906 precision=0.8933 recall=0.8913 roc=0.8852 
[2019-08-04 21:04:50,585]: length=8 accuarcy=0.8596 f1=0.8585 precision=0.8585 recall=0.8587 roc=0.8558 
[2019-08-04 21:05:19,635]: length=9 accuarcy=0.8596 f1=0.8585 precision=0.8585 recall=0.8587 roc=0.8558 
[2019-08-04 21:05:45,784]: length=10 accuarcy=0.8596 f1=0.8580 precision=0.8592 recall=0.8587 roc=0.8534 
[2019-08-04 21:06:08,924]: length=11 accuarcy=0.8374 f1=0.8367 precision=0.8367 recall=0.8370 roc=0.8338 
[2019-08-04 21:06:33,549]: length=12 accuarcy=0.8687 f1=0.8692 precision=0.8696 recall=0.8696 roc=0.8656 
[2019-08-04 21:06:56,363]: length=13 accuarcy=0.8465 f1=0.8468 precision=0.8491 recall=0.8478 roc=0.8412 
[2019-08-04 21:07:21,204]: length=14 accuarcy=0.8354 f1=0.8362 precision=0.8372 recall=0.8370 roc=0.8314 
[2019-08-04 21:07:46,557]: length=15 accuarcy=0.8687 f1=0.8687 precision=0.8712 recall=0.8696 roc=0.8632 
[2019-08-04 21:08:12,177]: length=16 accuarcy=0.8485 f1=0.8468 precision=0.8491 recall=0.8478 roc=0.8412 
[2019-08-04 21:08:37,022]: length=17 accuarcy=0.8707 f1=0.8692 precision=0.8696 recall=0.8696 roc=0.8656 
[2019-08-04 21:09:01,574]: length=18 accuarcy=0.8485 f1=0.8474 precision=0.8478 recall=0.8478 roc=0.8436 
[2019-08-04 21:09:26,238]: length=19 accuarcy=0.8687 f1=0.8687 precision=0.8712 recall=0.8696 roc=0.8632 
[2019-08-04 21:09:51,912]: length=20 accuarcy=0.8576 f1=0.8580 precision=0.8592 recall=0.8587 roc=0.8534 
[2019-08-04 21:10:16,368]: length=21 accuarcy=0.8596 f1=0.8580 precision=0.8592 recall=0.8587 roc=0.8534 
[2019-08-04 21:10:40,598]: length=22 accuarcy=0.8465 f1=0.8468 precision=0.8491 recall=0.8478 roc=0.8412 
[2019-08-04 21:11:05,407]: length=23 accuarcy=0.8596 f1=0.8585 precision=0.8585 recall=0.8587 roc=0.8558 
[2019-08-04 21:11:29,341]: length=24 accuarcy=0.8818 f1=0.8803 precision=0.8803 recall=0.8804 roc=0.8778 
[2019-08-04 21:11:53,935]: length=25 accuarcy=0.8707 f1=0.8692 precision=0.8696 recall=0.8696 roc=0.8656 
[2019-08-04 21:12:18,422]: length=26 accuarcy=0.8596 f1=0.8588 precision=0.8592 recall=0.8587 roc=0.8582 
[2019-08-04 21:12:43,277]: length=27 accuarcy=0.8909 f1=0.8910 precision=0.8915 recall=0.8913 roc=0.8876 
[2019-08-04 21:13:07,104]: length=28 accuarcy=0.8485 f1=0.8478 precision=0.8478 recall=0.8478 roc=0.8460 
[2019-08-04 21:13:32,087]: length=29 accuarcy=0.8152 f1=0.8143 precision=0.8152 recall=0.8152 roc=0.8094 
[2019-08-04 21:13:57,021]: length=30 accuarcy=0.8374 f1=0.8362 precision=0.8372 recall=0.8370 roc=0.8314 
[2019-08-04 21:14:21,997]: length=31 accuarcy=0.8374 f1=0.8367 precision=0.8367 recall=0.8370 roc=0.8338 
[2019-08-04 21:14:47,037]: length=32 accuarcy=0.8576 f1=0.8580 precision=0.8592 recall=0.8587 roc=0.8534 
[2019-08-04 21:15:11,734]: length=33 accuarcy=0.8909 f1=0.8913 precision=0.8913 recall=0.8913 roc=0.8900 
[2019-08-04 21:15:36,186]: length=34 accuarcy=0.8596 f1=0.8585 precision=0.8585 recall=0.8587 roc=0.8558 
[2019-08-04 21:16:00,674]: length=35 accuarcy=0.8374 f1=0.8367 precision=0.8367 recall=0.8370 roc=0.8338 
[2019-08-04 21:16:26,144]: length=36 accuarcy=0.8596 f1=0.8580 precision=0.8592 recall=0.8587 roc=0.8534 
[2019-08-04 21:16:51,093]: length=37 accuarcy=0.8798 f1=0.8793 precision=0.8837 recall=0.8804 roc=0.8730 
[2019-08-04 21:17:15,434]: length=38 accuarcy=0.8707 f1=0.8692 precision=0.8696 recall=0.8696 roc=0.8656 
[2019-08-04 21:17:37,952]: length=39 accuarcy=0.8707 f1=0.8692 precision=0.8696 recall=0.8696 roc=0.8656 
[2019-08-04 21:18:04,015]: length=40 accuarcy=0.8465 f1=0.8468 precision=0.8491 recall=0.8478 roc=0.8412 
[2019-08-04 21:18:26,388]: length=41 accuarcy=0.8465 f1=0.8474 precision=0.8478 recall=0.8478 roc=0.8436 
[2019-08-04 21:18:52,213]: length=42 accuarcy=0.8596 f1=0.8580 precision=0.8592 recall=0.8587 roc=0.8534 
[2019-08-04 21:19:20,656]: length=43 accuarcy=0.8687 f1=0.8687 precision=0.8712 recall=0.8696 roc=0.8632 
[2019-08-04 21:19:45,347]: length=44 accuarcy=0.8929 f1=0.8906 precision=0.8933 recall=0.8913 roc=0.8852 
[2019-08-04 21:20:09,722]: length=45 accuarcy=0.8778 f1=0.8793 precision=0.8837 recall=0.8804 roc=0.8730 
[2019-08-04 21:20:33,718]: length=46 accuarcy=0.8687 f1=0.8687 precision=0.8712 recall=0.8696 roc=0.8632 
[2019-08-04 21:20:57,812]: length=47 accuarcy=0.8707 f1=0.8692 precision=0.8696 recall=0.8696 roc=0.8656 
[2019-08-04 21:21:22,357]: length=48 accuarcy=0.8576 f1=0.8580 precision=0.8592 recall=0.8587 roc=0.8534 
[2019-08-04 21:21:46,479]: length=49 accuarcy=0.8374 f1=0.8355 precision=0.8391 recall=0.8370 roc=0.8290 
[2019-08-04 21:22:10,069]: length=50 accuarcy=0.8556 f1=0.8574 precision=0.8614 recall=0.8587 roc=0.8510 
[2019-08-04 21:22:34,129]: length=51 accuarcy=0.8687 f1=0.8687 precision=0.8712 recall=0.8696 roc=0.8632 
[2019-08-04 21:22:56,947]: length=52 accuarcy=0.8707 f1=0.8692 precision=0.8696 recall=0.8696 roc=0.8656 
[2019-08-04 21:23:21,327]: length=53 accuarcy=0.8889 f1=0.8900 precision=0.8967 recall=0.8913 roc=0.8828 
[2019-08-04 21:23:44,945]: length=54 accuarcy=0.8485 f1=0.8474 precision=0.8478 recall=0.8478 roc=0.8436 
[2019-08-04 21:24:08,883]: length=55 accuarcy=0.8687 f1=0.8687 precision=0.8712 recall=0.8696 roc=0.8632 
[2019-08-04 21:24:33,495]: length=56 accuarcy=0.8576 f1=0.8574 precision=0.8614 recall=0.8587 roc=0.8510 
[2019-08-04 21:24:59,678]: length=57 accuarcy=0.8687 f1=0.8687 precision=0.8712 recall=0.8696 roc=0.8632 
[2019-08-04 21:25:24,120]: length=58 accuarcy=0.8465 f1=0.8468 precision=0.8491 recall=0.8478 roc=0.8412 
[2019-08-04 21:25:50,286]: length=59 accuarcy=0.8576 f1=0.8580 precision=0.8592 recall=0.8587 roc=0.8534 
[2019-08-04 21:26:15,806]: length=60 accuarcy=0.8465 f1=0.8468 precision=0.8491 recall=0.8478 roc=0.8412 
[2019-08-04 21:26:40,686]: length=61 accuarcy=0.8263 f1=0.8256 precision=0.8259 recall=0.8261 roc=0.8216 
[2019-08-04 21:27:05,186]: length=62 accuarcy=0.8596 f1=0.8580 precision=0.8592 recall=0.8587 roc=0.8534 
[2019-08-04 21:27:29,929]: length=63 accuarcy=0.8667 f1=0.8687 precision=0.8712 recall=0.8696 roc=0.8632 
[2019-08-04 21:27:54,546]: length=64 accuarcy=0.8263 f1=0.8256 precision=0.8259 recall=0.8261 roc=0.8216 
[2019-08-04 21:28:18,557]: length=65 accuarcy=0.8485 f1=0.8468 precision=0.8491 recall=0.8478 roc=0.8412 
[2019-08-04 21:28:43,121]: length=66 accuarcy=0.8485 f1=0.8468 precision=0.8491 recall=0.8478 roc=0.8412 
[2019-08-04 21:29:11,607]: length=67 accuarcy=0.8556 f1=0.8574 precision=0.8614 recall=0.8587 roc=0.8510 
[2019-08-04 21:29:37,304]: length=68 accuarcy=0.8465 f1=0.8468 precision=0.8491 recall=0.8478 roc=0.8412 
[2019-08-04 21:30:02,679]: length=69 accuarcy=0.8485 f1=0.8474 precision=0.8478 recall=0.8478 roc=0.8436 
[2019-08-04 21:30:27,409]: length=70 accuarcy=0.8596 f1=0.8580 precision=0.8592 recall=0.8587 roc=0.8534 
[2019-08-04 21:30:52,431]: length=71 accuarcy=0.8374 f1=0.8362 precision=0.8372 recall=0.8370 roc=0.8314 
[2019-08-04 21:31:16,696]: length=72 accuarcy=0.8667 f1=0.8680 precision=0.8743 recall=0.8696 roc=0.8608 
[2019-08-04 21:31:41,316]: length=73 accuarcy=0.8556 f1=0.8574 precision=0.8614 recall=0.8587 roc=0.8510 
[2019-08-04 21:32:05,955]: length=74 accuarcy=0.8374 f1=0.8362 precision=0.8372 recall=0.8370 roc=0.8314 
[2019-08-04 21:32:30,761]: length=75 accuarcy=0.8485 f1=0.8468 precision=0.8491 recall=0.8478 roc=0.8412 
[2019-08-04 21:32:55,317]: length=76 accuarcy=0.8263 f1=0.8256 precision=0.8259 recall=0.8261 roc=0.8216 
[2019-08-04 21:33:18,011]: length=77 accuarcy=0.8374 f1=0.8362 precision=0.8372 recall=0.8370 roc=0.8314 
[2019-08-04 21:33:42,964]: length=78 accuarcy=0.8556 f1=0.8574 precision=0.8614 recall=0.8587 roc=0.8510 
[2019-08-04 21:34:07,202]: length=79 accuarcy=0.8263 f1=0.8256 precision=0.8259 recall=0.8261 roc=0.8216 
[2019-08-04 21:34:31,891]: length=80 accuarcy=0.8263 f1=0.8256 precision=0.8259 recall=0.8261 roc=0.8216 
[2019-08-04 21:34:56,067]: length=81 accuarcy=0.8687 f1=0.8687 precision=0.8712 recall=0.8696 roc=0.8632 
[2019-08-04 21:35:20,307]: length=82 accuarcy=0.8596 f1=0.8580 precision=0.8592 recall=0.8587 roc=0.8534 
[2019-08-04 21:35:45,076]: length=83 accuarcy=0.8576 f1=0.8574 precision=0.8614 recall=0.8587 roc=0.8510 
[2019-08-04 21:36:10,051]: length=84 accuarcy=0.8596 f1=0.8580 precision=0.8592 recall=0.8587 roc=0.8534 
[2019-08-04 21:36:34,640]: length=85 accuarcy=0.8576 f1=0.8574 precision=0.8614 recall=0.8587 roc=0.8510 
[2019-08-04 21:36:59,478]: length=86 accuarcy=0.8485 f1=0.8468 precision=0.8491 recall=0.8478 roc=0.8412 
[2019-08-04 21:37:24,679]: length=87 accuarcy=0.8485 f1=0.8474 precision=0.8478 recall=0.8478 roc=0.8436 
[2019-08-04 21:37:48,123]: length=88 accuarcy=0.8465 f1=0.8468 precision=0.8491 recall=0.8478 roc=0.8412 
[2019-08-04 21:38:11,930]: length=89 accuarcy=0.8374 f1=0.8362 precision=0.8372 recall=0.8370 roc=0.8314 
[2019-08-04 21:38:36,178]: length=90 accuarcy=0.8374 f1=0.8362 precision=0.8372 recall=0.8370 roc=0.8314 
[2019-08-04 21:39:01,553]: length=91 accuarcy=0.8465 f1=0.8474 precision=0.8478 recall=0.8478 roc=0.8436 
[2019-08-04 21:39:26,584]: length=92 accuarcy=0.8667 f1=0.8680 precision=0.8743 recall=0.8696 roc=0.8608 
[2019-08-04 21:39:51,361]: length=93 accuarcy=0.8263 f1=0.8249 precision=0.8269 recall=0.8261 roc=0.8192 
[2019-08-04 21:40:16,814]: length=94 accuarcy=0.8444 f1=0.8474 precision=0.8478 recall=0.8478 roc=0.8436 
[2019-08-04 21:40:41,532]: length=95 accuarcy=0.8556 f1=0.8574 precision=0.8614 recall=0.8587 roc=0.8510 
[2019-08-04 21:41:05,232]: length=96 accuarcy=0.8354 f1=0.8362 precision=0.8372 recall=0.8370 roc=0.8314 
[2019-08-04 21:41:30,924]: length=97 accuarcy=0.8444 f1=0.8468 precision=0.8491 recall=0.8478 roc=0.8412 
[2019-08-04 21:41:54,848]: length=98 accuarcy=0.8778 f1=0.8793 precision=0.8837 recall=0.8804 roc=0.8730 
[2019-08-04 21:42:18,164]: length=99 accuarcy=0.8374 f1=0.8367 precision=0.8367 recall=0.8370 roc=0.8338 
[2019-08-04 21:42:42,412]: length=100 accuarcy=0.8465 f1=0.8474 precision=0.8478 recall=0.8478 roc=0.8436 
[2019-08-04 21:43:06,678]: length=101 accuarcy=0.8576 f1=0.8580 precision=0.8592 recall=0.8587 roc=0.8534 
[2019-08-04 21:43:30,783]: length=102 accuarcy=0.8556 f1=0.8580 precision=0.8592 recall=0.8587 roc=0.8534 
[2019-08-04 21:43:55,426]: length=103 accuarcy=0.8576 f1=0.8580 precision=0.8592 recall=0.8587 roc=0.8534 
[2019-08-04 21:44:19,298]: length=104 accuarcy=0.8576 f1=0.8580 precision=0.8592 recall=0.8587 roc=0.8534 
[2019-08-04 21:44:42,075]: length=105 accuarcy=0.8354 f1=0.8362 precision=0.8372 recall=0.8370 roc=0.8314 
[2019-08-04 21:45:07,565]: length=106 accuarcy=0.8354 f1=0.8367 precision=0.8367 recall=0.8370 roc=0.8338 
[2019-08-04 21:45:30,400]: length=107 accuarcy=0.8465 f1=0.8474 precision=0.8478 recall=0.8478 roc=0.8436 
[2019-08-04 21:45:54,528]: length=108 accuarcy=0.8667 f1=0.8687 precision=0.8712 recall=0.8696 roc=0.8632 
[2019-08-04 21:46:18,422]: length=109 accuarcy=0.8354 f1=0.8367 precision=0.8367 recall=0.8370 roc=0.8338 
[2019-08-04 21:46:44,286]: length=110 accuarcy=0.8374 f1=0.8367 precision=0.8367 recall=0.8370 roc=0.8338 
[2019-08-04 21:47:09,774]: length=111 accuarcy=0.8242 f1=0.8256 precision=0.8259 recall=0.8261 roc=0.8216 
[2019-08-04 21:47:34,423]: length=112 accuarcy=0.8263 f1=0.8256 precision=0.8259 recall=0.8261 roc=0.8216 
[2019-08-04 21:47:58,951]: length=113 accuarcy=0.8444 f1=0.8468 precision=0.8491 recall=0.8478 roc=0.8412 
[2019-08-04 21:48:23,818]: length=114 accuarcy=0.8667 f1=0.8687 precision=0.8712 recall=0.8696 roc=0.8632 
[2019-08-04 21:48:48,605]: length=115 accuarcy=0.8556 f1=0.8574 precision=0.8614 recall=0.8587 roc=0.8510 
[2019-08-04 21:49:14,066]: length=116 accuarcy=0.8465 f1=0.8474 precision=0.8478 recall=0.8478 roc=0.8436 
[2019-08-04 21:49:37,978]: length=117 accuarcy=0.8465 f1=0.8468 precision=0.8491 recall=0.8478 roc=0.8412 
[2019-08-04 21:49:58,670]: length=118 accuarcy=0.8485 f1=0.8468 precision=0.8491 recall=0.8478 roc=0.8412 
[2019-08-04 21:50:23,710]: length=119 accuarcy=0.8465 f1=0.8474 precision=0.8478 recall=0.8478 roc=0.8436 
[2019-08-04 21:50:48,148]: length=120 accuarcy=0.8465 f1=0.8474 precision=0.8478 recall=0.8478 roc=0.8436 
[2019-08-04 21:51:14,962]: length=121 accuarcy=0.8242 f1=0.8256 precision=0.8259 recall=0.8261 roc=0.8216 
[2019-08-04 21:51:41,089]: length=122 accuarcy=0.8465 f1=0.8468 precision=0.8491 recall=0.8478 roc=0.8412 
[2019-08-04 21:52:05,501]: length=123 accuarcy=0.8465 f1=0.8474 precision=0.8478 recall=0.8478 roc=0.8436 
[2019-08-04 21:52:34,817]: length=124 accuarcy=0.8374 f1=0.8367 precision=0.8367 recall=0.8370 roc=0.8338 
[2019-08-04 21:53:02,805]: length=125 accuarcy=0.8556 f1=0.8574 precision=0.8614 recall=0.8587 roc=0.8510 
[2019-08-04 21:53:30,245]: length=126 accuarcy=0.8242 f1=0.8261 precision=0.8261 recall=0.8261 roc=0.8240 
[2019-08-04 21:53:56,359]: length=127 accuarcy=0.8576 f1=0.8580 precision=0.8592 recall=0.8587 roc=0.8534 
[2019-08-04 21:54:26,877]: length=128 accuarcy=0.8394 f1=0.8355 precision=0.8391 recall=0.8370 roc=0.8290 
[2019-08-04 21:54:52,382]: length=129 accuarcy=0.8465 f1=0.8474 precision=0.8478 recall=0.8478 roc=0.8436 
[2019-08-04 21:55:15,732]: length=130 accuarcy=0.8556 f1=0.8574 precision=0.8614 recall=0.8587 roc=0.8510 
[2019-08-04 21:55:39,420]: length=131 accuarcy=0.8556 f1=0.8574 precision=0.8614 recall=0.8587 roc=0.8510 
[2019-08-04 21:56:02,928]: length=132 accuarcy=0.8333 f1=0.8362 precision=0.8372 recall=0.8370 roc=0.8314 
[2019-08-04 21:56:25,881]: length=133 accuarcy=0.8667 f1=0.8687 precision=0.8712 recall=0.8696 roc=0.8632 
[2019-08-04 21:56:48,073]: length=134 accuarcy=0.8374 f1=0.8362 precision=0.8372 recall=0.8370 roc=0.8314 
[2019-08-04 21:57:10,378]: length=135 accuarcy=0.8374 f1=0.8367 precision=0.8367 recall=0.8370 roc=0.8338 
[2019-08-04 21:57:33,052]: length=136 accuarcy=0.8465 f1=0.8474 precision=0.8478 recall=0.8478 roc=0.8436 
[2019-08-04 21:57:55,229]: length=137 accuarcy=0.8263 f1=0.8256 precision=0.8259 recall=0.8261 roc=0.8216 
[2019-08-04 21:58:18,396]: length=138 accuarcy=0.8354 f1=0.8362 precision=0.8372 recall=0.8370 roc=0.8314 
[2019-08-04 21:58:41,181]: length=139 accuarcy=0.8444 f1=0.8474 precision=0.8478 recall=0.8478 roc=0.8436 
[2019-08-04 21:59:04,346]: length=140 accuarcy=0.8576 f1=0.8580 precision=0.8592 recall=0.8587 roc=0.8534 
[2019-08-04 21:59:29,197]: length=141 accuarcy=0.8465 f1=0.8474 precision=0.8478 recall=0.8478 roc=0.8436 
[2019-08-04 21:59:53,599]: length=142 accuarcy=0.8667 f1=0.8687 precision=0.8712 recall=0.8696 roc=0.8632 
[2019-08-04 22:00:16,568]: length=143 accuarcy=0.8465 f1=0.8468 precision=0.8491 recall=0.8478 roc=0.8412 
[2019-08-04 22:00:38,578]: length=144 accuarcy=0.8465 f1=0.8474 precision=0.8478 recall=0.8478 roc=0.8436 
[2019-08-04 22:01:02,197]: length=145 accuarcy=0.8556 f1=0.8580 precision=0.8592 recall=0.8587 roc=0.8534 
[2019-08-04 22:01:24,511]: length=146 accuarcy=0.8465 f1=0.8468 precision=0.8491 recall=0.8478 roc=0.8412 
[2019-08-04 22:01:47,470]: length=147 accuarcy=0.8576 f1=0.8580 precision=0.8592 recall=0.8587 roc=0.8534 
[2019-08-04 22:02:11,097]: length=148 accuarcy=0.8354 f1=0.8362 precision=0.8372 recall=0.8370 roc=0.8314 
[2019-08-04 22:02:33,551]: length=149 accuarcy=0.8667 f1=0.8687 precision=0.8712 recall=0.8696 roc=0.8632 
[2019-08-04 22:02:56,863]: length=150 accuarcy=0.8242 f1=0.8256 precision=0.8259 recall=0.8261 roc=0.8216 
[2019-08-04 22:03:20,232]: length=151 accuarcy=0.8444 f1=0.8468 precision=0.8491 recall=0.8478 roc=0.8412 
[2019-08-04 22:03:43,557]: length=152 accuarcy=0.8556 f1=0.8574 precision=0.8614 recall=0.8587 roc=0.8510 
[2019-08-04 22:04:06,631]: length=153 accuarcy=0.8576 f1=0.8574 precision=0.8614 recall=0.8587 roc=0.8510 
[2019-08-04 22:04:28,918]: length=154 accuarcy=0.8242 f1=0.8249 precision=0.8269 recall=0.8261 roc=0.8192 
[2019-08-04 22:04:51,465]: length=155 accuarcy=0.8354 f1=0.8362 precision=0.8372 recall=0.8370 roc=0.8314 
[2019-08-04 22:05:14,697]: length=156 accuarcy=0.8556 f1=0.8574 precision=0.8614 recall=0.8587 roc=0.8510 
[2019-08-04 22:05:37,000]: length=157 accuarcy=0.8374 f1=0.8367 precision=0.8367 recall=0.8370 roc=0.8338 
[2019-08-04 22:06:01,494]: length=158 accuarcy=0.8152 f1=0.8150 precision=0.8149 recall=0.8152 roc=0.8118 
[2019-08-04 22:06:27,618]: length=159 accuarcy=0.8485 f1=0.8474 precision=0.8478 recall=0.8478 roc=0.8436 
[2019-08-04 22:06:52,748]: length=160 accuarcy=0.8576 f1=0.8580 precision=0.8592 recall=0.8587 roc=0.8534 
[2019-08-04 22:07:18,182]: length=161 accuarcy=0.8242 f1=0.8256 precision=0.8259 recall=0.8261 roc=0.8216 
[2019-08-04 22:07:43,103]: length=162 accuarcy=0.8556 f1=0.8574 precision=0.8614 recall=0.8587 roc=0.8510 
[2019-08-04 22:08:05,572]: length=163 accuarcy=0.8556 f1=0.8580 precision=0.8592 recall=0.8587 roc=0.8534 
[2019-08-04 22:08:28,635]: length=164 accuarcy=0.8667 f1=0.8687 precision=0.8712 recall=0.8696 roc=0.8632 
[2019-08-04 22:08:51,592]: length=165 accuarcy=0.8667 f1=0.8687 precision=0.8712 recall=0.8696 roc=0.8632 
[2019-08-04 22:09:14,153]: length=166 accuarcy=0.8556 f1=0.8574 precision=0.8614 recall=0.8587 roc=0.8510 
[2019-08-04 22:09:37,616]: length=167 accuarcy=0.8667 f1=0.8687 precision=0.8712 recall=0.8696 roc=0.8632 
[2019-08-04 22:09:59,910]: length=168 accuarcy=0.8778 f1=0.8793 precision=0.8837 recall=0.8804 roc=0.8730 
[2019-08-04 22:10:23,122]: length=169 accuarcy=0.8444 f1=0.8460 precision=0.8518 recall=0.8478 roc=0.8388 
[2019-08-04 22:10:45,733]: length=170 accuarcy=0.8576 f1=0.8580 precision=0.8592 recall=0.8587 roc=0.8534 
[2019-08-04 22:11:08,589]: length=171 accuarcy=0.8465 f1=0.8468 precision=0.8491 recall=0.8478 roc=0.8412 
[2019-08-04 22:11:31,017]: length=172 accuarcy=0.8687 f1=0.8687 precision=0.8712 recall=0.8696 roc=0.8632 
[2019-08-04 22:11:53,843]: length=173 accuarcy=0.8465 f1=0.8468 precision=0.8491 recall=0.8478 roc=0.8412 
[2019-08-04 22:12:16,445]: length=174 accuarcy=0.8556 f1=0.8574 precision=0.8614 recall=0.8587 roc=0.8510 
[2019-08-04 22:12:39,141]: length=175 accuarcy=0.8444 f1=0.8468 precision=0.8491 recall=0.8478 roc=0.8412 
[2019-08-04 22:13:02,352]: length=176 accuarcy=0.8576 f1=0.8580 precision=0.8592 recall=0.8587 roc=0.8534 
[2019-08-04 22:13:25,645]: length=177 accuarcy=0.8242 f1=0.8256 precision=0.8259 recall=0.8261 roc=0.8216 
[2019-08-04 22:13:48,614]: length=178 accuarcy=0.8465 f1=0.8468 precision=0.8491 recall=0.8478 roc=0.8412 
[2019-08-04 22:13:48,614]: ----------
[2019-08-04 22:13:48,614]: the max acc = 0.8929
[2019-08-04 22:13:48,614]: ['Janin_P' 'Janin_D' 'Hopp_Woods_R' 'Rose_I' 'hydrophily' 'Engelman_GES_D'
 'Cornette_C'],length = 7
[2019-08-04 22:13:48,614]: -----------
[2019-08-04 22:13:54,517]: ***confusion matrix***
[2019-08-04 22:13:54,517]:                pos_class      neg_class      
[2019-08-04 22:13:54,517]: pos_class      TP:34             FN:7              
[2019-08-04 22:13:54,517]: neg_class      FP:3              TN:48             
[2019-08-04 22:13:54,517]: accuarcy = 0.8913043478260869 
[2019-08-04 22:13:54,517]: precision =0.893312680269202 
[2019-08-04 22:13:54,517]: recall =0.8913043478260869
[2019-08-04 22:13:54,527]: f1 =0.8905681411833994 
[2019-08-04 22:13:54,527]: roc area = 0.885222381635581
[2019-08-04 22:13:54,537]: -----------
[2019-08-04 22:13:54,537]: The output by the terminal's log has been saved in the G:\多设备共享\work\MRMD2.0-github\Logs\201908042101.log.
[2019-08-04 22:13:54,537]: metrics have been saved in the G:\多设备共享\work\MRMD2.0-github\Results\mixfeature_frequency_DBD.csv.metrics.csv.
[2019-08-04 22:13:54,537]: reduced dimensional dataset has been saved in the G:\多设备共享\work\MRMD2.0-github\Results\mixfeature_frequency_DBD.csv.reduced_dimensionalcsv.
[2019-08-04 22:13:54,537]: ---mrmd 2.0 end---
