[2019-08-15 20:33:26,704]: ---mrmd 2.0 start----
[2019-08-15 20:33:26,746]: ANOVA start...
[2019-08-15 20:33:26,759]: ANOVA end.
[2019-08-15 20:33:26,760]: mic start...
[2019-08-15 20:33:32,362]: mic end.
[2019-08-15 20:33:32,363]: mrmd start...
[2019-08-15 20:33:32,622]: mrmd end.
[2019-08-15 20:33:32,623]: mRMR start...
[2019-08-15 20:33:32,737]: mRMR end.
[2019-08-15 20:33:32,737]: lasso start...
[2019-08-15 20:33:32,764]: lasso end.
[2019-08-15 20:33:32,765]: lasso2 start...
[2019-08-15 20:33:33,539]: lasso2 end.
[2019-08-15 20:33:33,543]: rank start ...
[2019-08-15 20:33:33,557]: The final  rank is
[2019-08-15 20:33:33,558]: Janin_P : 0.0092
[2019-08-15 20:33:33,558]: Engelman_GES_R : 0.0075
[2019-08-15 20:33:33,558]: Cornette_C : 0.0072
[2019-08-15 20:33:33,558]: Janin_D : 0.0072
[2019-08-15 20:33:33,558]: Rose_I : 0.0071
[2019-08-15 20:33:33,558]: Hopp_Woods_R : 0.0070
[2019-08-15 20:33:33,558]: Cornette_T : 0.0070
[2019-08-15 20:33:33,558]: Cornette_P : 0.0070
[2019-08-15 20:33:33,559]: hydrophily : 0.0069
[2019-08-15 20:33:33,559]: Cornette_V : 0.0068
[2019-08-15 20:33:33,559]: Rose_S : 0.0068
[2019-08-15 20:33:33,559]: Janin_Q : 0.0068
[2019-08-15 20:33:33,559]: polar : 0.0068
[2019-08-15 20:33:33,559]: Engelman_GES_D : 0.0068
[2019-08-15 20:33:33,559]: Kyte_Doolittle_I : 0.0067
[2019-08-15 20:33:33,559]: Eisenberg_R : 0.0067
[2019-08-15 20:33:33,559]: Cornette_F : 0.0066
[2019-08-15 20:33:33,559]: Cornette_L : 0.0066
[2019-08-15 20:33:33,559]: Kyte_Doolittle_A : 0.0066
[2019-08-15 20:33:33,560]: basic_polar : 0.0066
[2019-08-15 20:33:33,560]: Janin_R : 0.0066
[2019-08-15 20:33:33,560]: Engelman_GES_S : 0.0065
[2019-08-15 20:33:33,560]: Hopp_Woods_A : 0.0065
[2019-08-15 20:33:33,560]: Eisenberg_N : 0.0065
[2019-08-15 20:33:33,560]: Hopp_Woods_D : 0.0065
[2019-08-15 20:33:33,560]: Janin_T : 0.0064
[2019-08-15 20:33:33,560]: Hopp_Woods_I : 0.0064
[2019-08-15 20:33:33,561]: Engelman_GES_Q : 0.0064
[2019-08-15 20:33:33,561]: Rose_L : 0.0064
[2019-08-15 20:33:33,561]: Rose_H : 0.0063
[2019-08-15 20:33:33,561]: Rose_T : 0.0063
[2019-08-15 20:33:33,561]: Rose_R : 0.0062
[2019-08-15 20:33:33,561]: Janin_N : 0.0062
[2019-08-15 20:33:33,561]: Cornette_K : 0.0062
[2019-08-15 20:33:33,561]: Engelman_GES_N : 0.0062
[2019-08-15 20:33:33,562]: Engelman_GES_W : 0.0062
[2019-08-15 20:33:33,562]: Rose_W : 0.0061
[2019-08-15 20:33:33,562]: Engelman_GES_G : 0.0061
[2019-08-15 20:33:33,562]: Janin_V : 0.0060
[2019-08-15 20:33:33,562]: Kyte_Doolittle_C : 0.0060
[2019-08-15 20:33:33,562]: Cornette_W : 0.0059
[2019-08-15 20:33:33,562]: Janin_S : 0.0059
[2019-08-15 20:33:33,562]: Eisenberg_S : 0.0059
[2019-08-15 20:33:33,562]: Janin_M : 0.0059
[2019-08-15 20:33:33,562]: Hopp_Woods_T : 0.0059
[2019-08-15 20:33:33,563]: Cornette_Y : 0.0059
[2019-08-15 20:33:33,563]: Kyte_Doolittle_Y : 0.0059
[2019-08-15 20:33:33,563]: Kyte_Doolittle_Q : 0.0059
[2019-08-15 20:33:33,563]: Eisenberg_W : 0.0059
[2019-08-15 20:33:33,563]: moderate : 0.0058
[2019-08-15 20:33:33,563]: Engelman_GES_L : 0.0058
[2019-08-15 20:33:33,563]: nonpolar : 0.0058
[2019-08-15 20:33:33,563]: C : 0.0058
[2019-08-15 20:33:33,563]: alphatic : 0.0058
[2019-08-15 20:33:33,563]: Hopp_Woods_E : 0.0057
[2019-08-15 20:33:33,563]: G : 0.0057
[2019-08-15 20:33:33,564]: W : 0.0057
[2019-08-15 20:33:33,564]: Hopp_Woods_N : 0.0057
[2019-08-15 20:33:33,564]: aliphatic : 0.0057
[2019-08-15 20:33:33,564]: negative : 0.0057
[2019-08-15 20:33:33,564]: Kyte_Doolittle_W : 0.0057
[2019-08-15 20:33:33,564]: Kyte_Doolittle_K : 0.0057
[2019-08-15 20:33:33,564]: P : 0.0057
[2019-08-15 20:33:33,564]: D : 0.0057
[2019-08-15 20:33:33,564]: Eisenberg_L : 0.0057
[2019-08-15 20:33:33,564]: Eisenberg_Y : 0.0057
[2019-08-15 20:33:33,564]: Rose_M : 0.0057
[2019-08-15 20:33:33,564]: postivecharge : 0.0057
[2019-08-15 20:33:33,564]: Engelman_GES_K : 0.0057
[2019-08-15 20:33:33,565]: Kyte_Doolittle_H : 0.0057
[2019-08-15 20:33:33,565]: Hopp_Woods_H : 0.0056
[2019-08-15 20:33:33,565]: Hopp_Woods_F : 0.0056
[2019-08-15 20:33:33,565]: Eisenberg_I : 0.0056
[2019-08-15 20:33:33,565]: Cornette_I : 0.0056
[2019-08-15 20:33:33,565]: Cornette_H : 0.0056
[2019-08-15 20:33:33,565]: Janin_W : 0.0056
[2019-08-15 20:33:33,565]: Kyte_Doolittle_F : 0.0056
[2019-08-15 20:33:33,565]: Engelman_GES_I : 0.0056
[2019-08-15 20:33:33,565]: Engelman_GES_M : 0.0056
[2019-08-15 20:33:33,566]: Engelman_GES_V : 0.0056
[2019-08-15 20:33:33,566]: Kyte_Doolittle_L : 0.0056
[2019-08-15 20:33:33,566]: positve : 0.0056
[2019-08-15 20:33:33,566]: Janin_L : 0.0056
[2019-08-15 20:33:33,566]: Janin_F : 0.0055
[2019-08-15 20:33:33,566]: Hopp_Woods_V : 0.0055
[2019-08-15 20:33:33,566]: Cornette_A : 0.0055
[2019-08-15 20:33:33,566]: T : 0.0055
[2019-08-15 20:33:33,566]: I : 0.0055
[2019-08-15 20:33:33,566]: Hopp_Woods_S : 0.0055
[2019-08-15 20:33:33,566]: Eisenberg_D : 0.0055
[2019-08-15 20:33:33,566]: Cornette_D : 0.0055
[2019-08-15 20:33:33,567]: H : 0.0055
[2019-08-15 20:33:33,567]: Kyte_Doolittle_N : 0.0055
[2019-08-15 20:33:33,567]: Cornette_E : 0.0055
[2019-08-15 20:33:33,567]: Rose_F : 0.0055
[2019-08-15 20:33:33,567]: A : 0.0055
[2019-08-15 20:33:33,567]: S : 0.0055
[2019-08-15 20:33:33,567]: Janin_E : 0.0055
[2019-08-15 20:33:33,567]: Kyte_Doolittle_D : 0.0055
[2019-08-15 20:33:33,567]: aromatic : 0.0055
[2019-08-15 20:33:33,567]: Engelman_GES_A : 0.0055
[2019-08-15 20:33:33,567]: Eisenberg_G : 0.0055
[2019-08-15 20:33:33,568]: Engelman_GES_F : 0.0055
[2019-08-15 20:33:33,568]: Rose_C : 0.0055
[2019-08-15 20:33:33,568]: Kyte_Doolittle_E : 0.0055
[2019-08-15 20:33:33,568]: Kyte_Doolittle_V : 0.0055
[2019-08-15 20:33:33,568]: Rose_A : 0.0055
[2019-08-15 20:33:33,568]: R : 0.0055
[2019-08-15 20:33:33,568]: Engelman_GES_E : 0.0055
[2019-08-15 20:33:33,568]: Eisenberg_K : 0.0055
[2019-08-15 20:33:33,568]: Hopp_Woods_L : 0.0054
[2019-08-15 20:33:33,568]: Janin_Y : 0.0054
[2019-08-15 20:33:33,568]: Rose_D : 0.0054
[2019-08-15 20:33:33,568]: Rose_P : 0.0054
[2019-08-15 20:33:33,569]: Eisenberg_F : 0.0054
[2019-08-15 20:33:33,569]: Kyte_Doolittle_S : 0.0054
[2019-08-15 20:33:33,569]: Q : 0.0054
[2019-08-15 20:33:33,569]: Kyte_Doolittle_G : 0.0054
[2019-08-15 20:33:33,569]: Hopp_Woods_C : 0.0054
[2019-08-15 20:33:33,569]: F : 0.0054
[2019-08-15 20:33:33,569]: Janin_H : 0.0054
[2019-08-15 20:33:33,569]: Cornette_S : 0.0054
[2019-08-15 20:33:33,569]: Cornette_M : 0.0054
[2019-08-15 20:33:33,569]: Engelman_GES_Y : 0.0054
[2019-08-15 20:33:33,569]: hydrophobicity : 0.0054
[2019-08-15 20:33:33,570]: E : 0.0054
[2019-08-15 20:33:33,570]: L : 0.0054
[2019-08-15 20:33:33,570]: Rose_E : 0.0054
[2019-08-15 20:33:33,570]: V : 0.0054
[2019-08-15 20:33:33,570]: negativecharge : 0.0054
[2019-08-15 20:33:33,570]: Eisenberg_V : 0.0054
[2019-08-15 20:33:33,570]: K : 0.0053
[2019-08-15 20:33:33,570]: Hopp_Woods_K : 0.0053
[2019-08-15 20:33:33,570]: Janin_I : 0.0053
[2019-08-15 20:33:33,570]: Eisenberg_H : 0.0053
[2019-08-15 20:33:33,570]: Rose_N : 0.0053
[2019-08-15 20:33:33,570]: Janin_K : 0.0053
[2019-08-15 20:33:33,571]: Hopp_Woods_Y : 0.0053
[2019-08-15 20:33:33,571]: Eisenberg_P : 0.0053
[2019-08-15 20:33:33,571]: N : 0.0053
[2019-08-15 20:33:33,571]: Hopp_Woods_W : 0.0053
[2019-08-15 20:33:33,571]: Engelman_GES_P : 0.0053
[2019-08-15 20:33:33,571]: uncharge : 0.0053
[2019-08-15 20:33:33,571]: Rose_Q : 0.0053
[2019-08-15 20:33:33,571]: Hopp_Woods_Q : 0.0053
[2019-08-15 20:33:33,571]: Rose_V : 0.0053
[2019-08-15 20:33:33,571]: Janin_A : 0.0052
[2019-08-15 20:33:33,571]: Kyte_Doolittle_R : 0.0052
[2019-08-15 20:33:33,571]: Janin_C : 0.0052
[2019-08-15 20:33:33,572]: Y : 0.0052
[2019-08-15 20:33:33,572]: Eisenberg_A : 0.0052
[2019-08-15 20:33:33,572]: Cornette_Q : 0.0052
[2019-08-15 20:33:33,572]: heterocyclics : 0.0052
[2019-08-15 20:33:33,572]: Kyte_Doolittle_M : 0.0051
[2019-08-15 20:33:33,572]: Kyte_Doolittle_P : 0.0051
[2019-08-15 20:33:33,572]: Engelman_GES_H : 0.0051
[2019-08-15 20:33:33,572]: Engelman_GES_T : 0.0051
[2019-08-15 20:33:33,573]: Rose_K : 0.0050
[2019-08-15 20:33:33,573]: neutral : 0.0050
[2019-08-15 20:33:33,573]: Eisenberg_C : 0.0050
[2019-08-15 20:33:33,573]: Eisenberg_E : 0.0050
[2019-08-15 20:33:33,573]: Engelman_GES_C : 0.0050
[2019-08-15 20:33:33,573]: Eisenberg_M : 0.0049
[2019-08-15 20:33:33,573]: Hopp_Woods_M : 0.0048
[2019-08-15 20:33:33,573]: Kyte_Doolittle_T : 0.0046
[2019-08-15 20:33:33,573]: acidic_polar : 0.0045
[2019-08-15 20:33:33,573]: Cornette_R : 0.0045
[2019-08-15 20:33:33,574]: Eisenberg_Q : 0.0044
[2019-08-15 20:33:33,574]: M : 0.0044
[2019-08-15 20:33:33,574]: Janin_G : 0.0044
[2019-08-15 20:33:33,574]: Rose_Y : 0.0044
[2019-08-15 20:33:33,574]: Rose_G : 0.0043
[2019-08-15 20:33:33,574]: aromatic.1 : 0.0043
[2019-08-15 20:33:33,574]: Eisenberg_T : 0.0039
[2019-08-15 20:33:33,574]: Cornette_N : 0.0035
[2019-08-15 20:33:33,574]: Cornette_G : 0.0030
[2019-08-15 20:33:33,574]: Hopp_Woods_G : 0.0025
[2019-08-15 20:33:33,574]: Hopp_Woods_P : 0.0020
[2019-08-15 20:33:33,574]: feature_rank end
[2019-08-15 20:33:33,596]: Start dimension reduction ...
[2019-08-15 20:33:37,921]: length=1 f1=0.7382 accuarcy=0.7609 precision=0.8329 recall=0.7609 roc=0.7317 
