[2019-08-14 10:59:11,466]: ---mrmd 2.0 start----
[2019-08-14 10:59:11,546]: ANOVA start...
[2019-08-14 10:59:11,566]: ANOVA end.
[2019-08-14 10:59:11,566]: mic start...
[2019-08-14 10:59:16,493]: mic end.
[2019-08-14 10:59:16,493]: mrmd start...
[2019-08-14 10:59:16,673]: mrmd end.
[2019-08-14 10:59:16,673]: mRMR start...
[2019-08-14 10:59:16,793]: mRMR end.
[2019-08-14 10:59:16,793]: lasso start...
[2019-08-14 10:59:16,823]: lasso end.
[2019-08-14 10:59:16,823]: lasso2 start...
[2019-08-14 10:59:17,433]: lasso2 end.
[2019-08-14 10:59:17,443]: rank start ...
[2019-08-14 10:59:17,443]: The final  rank is
[2019-08-14 10:59:17,443]: uncharger.uncharger.gap3 : 0.0091
[2019-08-14 10:59:17,453]: alphaticr.alphaticr.gap4 : 0.0086
[2019-08-14 10:59:17,453]: aromatic.uncharger.gap0 : 0.0082
[2019-08-14 10:59:17,453]: postivecharger.aromatic.gap3 : 0.0081
[2019-08-14 10:59:17,453]: uncharger.postivecharger.gap2 : 0.0080
[2019-08-14 10:59:17,453]: aromatic.uncharger.gap4 : 0.0080
[2019-08-14 10:59:17,453]: uncharger.aromatic.gap5 : 0.0080
[2019-08-14 10:59:17,453]: aromatic.negativecharger.gap0 : 0.0079
[2019-08-14 10:59:17,453]: negativecharger.alphaticr.gap4 : 0.0079
[2019-08-14 10:59:17,453]: postivecharger.negativecharger.gap5 : 0.0079
[2019-08-14 10:59:17,453]: alphaticr.alphaticr.gap0 : 0.0078
[2019-08-14 10:59:17,453]: alphaticr.postivecharger.gap3 : 0.0078
[2019-08-14 10:59:17,453]: postivecharger.uncharger.gap5 : 0.0077
[2019-08-14 10:59:17,453]: uncharger.alphaticr.gap3 : 0.0077
[2019-08-14 10:59:17,453]: alphaticr.aromatic.gap2 : 0.0077
[2019-08-14 10:59:17,453]: uncharger.uncharger.gap2 : 0.0076
[2019-08-14 10:59:17,453]: aromatic.postivecharger.gap5 : 0.0076
[2019-08-14 10:59:17,453]: alphaticr.negativecharger.gap4 : 0.0076
[2019-08-14 10:59:17,453]: postivecharger.postivecharger.gap4 : 0.0076
[2019-08-14 10:59:17,453]: uncharger.negativecharger.gap1 : 0.0076
[2019-08-14 10:59:17,453]: uncharger.aromatic.gap1 : 0.0076
[2019-08-14 10:59:17,453]: uncharger.negativecharger.gap5 : 0.0076
[2019-08-14 10:59:17,453]: aromatic.uncharger.gap5 : 0.0075
[2019-08-14 10:59:17,453]: alphaticr.alphaticr.gap5 : 0.0075
[2019-08-14 10:59:17,453]: uncharger.alphaticr.gap2 : 0.0075
[2019-08-14 10:59:17,453]: postivecharger.alphaticr.gap1 : 0.0075
[2019-08-14 10:59:17,453]: alphaticr.postivecharger.gap2 : 0.0075
[2019-08-14 10:59:17,453]: alphaticr.alphaticr.gap1 : 0.0074
[2019-08-14 10:59:17,453]: postivecharger.uncharger.gap0 : 0.0074
[2019-08-14 10:59:17,453]: alphaticr.negativecharger.gap3 : 0.0074
[2019-08-14 10:59:17,453]: postivecharger.uncharger.gap2 : 0.0074
[2019-08-14 10:59:17,453]: uncharger.postivecharger.gap5 : 0.0074
[2019-08-14 10:59:17,453]: aromatic.uncharger.gap2 : 0.0074
[2019-08-14 10:59:17,453]: aromatic.negativecharger.gap5 : 0.0074
[2019-08-14 10:59:17,453]: postivecharger.postivecharger.gap1 : 0.0074
[2019-08-14 10:59:17,453]: alphaticr.negativecharger.gap5 : 0.0074
[2019-08-14 10:59:17,453]: postivecharger.uncharger.gap3 : 0.0074
[2019-08-14 10:59:17,453]: negativecharger.uncharger.gap2 : 0.0073
[2019-08-14 10:59:17,453]: postivecharger.uncharger.gap4 : 0.0073
[2019-08-14 10:59:17,453]: postivecharger.alphaticr.gap3 : 0.0073
[2019-08-14 10:59:17,453]: postivecharger.alphaticr.gap0 : 0.0073
[2019-08-14 10:59:17,453]: uncharger.alphaticr.gap0 : 0.0073
[2019-08-14 10:59:17,453]: negativecharger.alphaticr.gap0 : 0.0073
[2019-08-14 10:59:17,453]: uncharger.alphaticr.gap5 : 0.0073
[2019-08-14 10:59:17,453]: aromatic.uncharger.gap1 : 0.0073
[2019-08-14 10:59:17,453]: uncharger.aromatic.gap0 : 0.0073
[2019-08-14 10:59:17,453]: uncharger.postivecharger.gap4 : 0.0073
[2019-08-14 10:59:17,453]: uncharger.postivecharger.gap0 : 0.0073
[2019-08-14 10:59:17,453]: uncharger.alphaticr.gap1 : 0.0072
[2019-08-14 10:59:17,453]: aromatic.alphaticr.gap4 : 0.0072
[2019-08-14 10:59:17,453]: alphaticr.postivecharger.gap4 : 0.0072
[2019-08-14 10:59:17,453]: uncharger.negativecharger.gap3 : 0.0071
[2019-08-14 10:59:17,453]: negativecharger.postivecharger.gap2 : 0.0071
[2019-08-14 10:59:17,453]: uncharger.postivecharger.gap1 : 0.0071
[2019-08-14 10:59:17,453]: negativecharger.alphaticr.gap3 : 0.0070
[2019-08-14 10:59:17,453]: negativecharger.alphaticr.gap5 : 0.0070
[2019-08-14 10:59:17,453]: alphaticr.aromatic.gap4 : 0.0070
[2019-08-14 10:59:17,453]: postivecharger.aromatic.gap5 : 0.0069
[2019-08-14 10:59:17,453]: postivecharger.negativecharger.gap0 : 0.0068
[2019-08-14 10:59:17,453]: negativecharger.aromatic.gap2 : 0.0068
[2019-08-14 10:59:17,453]: negativecharger.aromatic.gap3 : 0.0068
[2019-08-14 10:59:17,453]: aromatic.postivecharger.gap4 : 0.0068
[2019-08-14 10:59:17,453]: postivecharger.postivecharger.gap5 : 0.0068
[2019-08-14 10:59:17,453]: uncharger.aromatic.gap4 : 0.0067
[2019-08-14 10:59:17,453]: negativecharger.uncharger.gap5 : 0.0067
[2019-08-14 10:59:17,453]: aromatic.alphaticr.gap5 : 0.0066
[2019-08-14 10:59:17,453]: negativecharger.negativecharger.gap2 : 0.0066
[2019-08-14 10:59:17,453]: negativecharger.postivecharger.gap4 : 0.0066
[2019-08-14 10:59:17,453]: alphaticr.uncharger.gap4 : 0.0066
[2019-08-14 10:59:17,453]: uncharger.aromatic.gap3 : 0.0066
[2019-08-14 10:59:17,453]: aromatic.negativecharger.gap2 : 0.0065
[2019-08-14 10:59:17,453]: postivecharger.aromatic.gap1 : 0.0065
[2019-08-14 10:59:17,453]: aromatic.aromatic.gap0 : 0.0065
[2019-08-14 10:59:17,453]: aromatic.postivecharger.gap2 : 0.0065
[2019-08-14 10:59:17,453]: alphaticr.negativecharger.gap0 : 0.0065
[2019-08-14 10:59:17,453]: negativecharger.uncharger.gap3 : 0.0065
[2019-08-14 10:59:17,453]: alphaticr.postivecharger.gap5 : 0.0065
[2019-08-14 10:59:17,453]: alphaticr.negativecharger.gap1 : 0.0064
[2019-08-14 10:59:17,453]: aromatic.alphaticr.gap1 : 0.0064
[2019-08-14 10:59:17,453]: uncharger.postivecharger.gap3 : 0.0064
[2019-08-14 10:59:17,453]: aromatic.postivecharger.gap0 : 0.0064
[2019-08-14 10:59:17,453]: postivecharger.negativecharger.gap1 : 0.0064
[2019-08-14 10:59:17,453]: alphaticr.uncharger.gap0 : 0.0064
[2019-08-14 10:59:17,453]: alphaticr.uncharger.gap2 : 0.0063
[2019-08-14 10:59:17,453]: aromatic.postivecharger.gap3 : 0.0063
[2019-08-14 10:59:17,453]: negativecharger.negativecharger.gap4 : 0.0063
[2019-08-14 10:59:17,453]: uncharger.negativecharger.gap0 : 0.0063
[2019-08-14 10:59:17,453]: postivecharger.negativecharger.gap2 : 0.0063
[2019-08-14 10:59:17,453]: uncharger.negativecharger.gap4 : 0.0063
[2019-08-14 10:59:17,453]: postivecharger.aromatic.gap2 : 0.0063
[2019-08-14 10:59:17,453]: alphaticr.uncharger.gap5 : 0.0063
[2019-08-14 10:59:17,453]: alphaticr.aromatic.gap1 : 0.0062
[2019-08-14 10:59:17,453]: aromatic.aromatic.gap5 : 0.0062
[2019-08-14 10:59:17,453]: alphaticr.negativecharger.gap2 : 0.0062
[2019-08-14 10:59:17,453]: postivecharger.postivecharger.gap2 : 0.0062
[2019-08-14 10:59:17,453]: postivecharger.negativecharger.gap4 : 0.0062
[2019-08-14 10:59:17,453]: negativecharger.negativecharger.gap5 : 0.0062
[2019-08-14 10:59:17,453]: aromatic.negativecharger.gap1 : 0.0062
[2019-08-14 10:59:17,453]: uncharger.uncharger.gap5 : 0.0062
[2019-08-14 10:59:17,453]: negativecharger.uncharger.gap1 : 0.0062
[2019-08-14 10:59:17,453]: negativecharger.postivecharger.gap0 : 0.0062
[2019-08-14 10:59:17,453]: negativecharger.aromatic.gap5 : 0.0062
[2019-08-14 10:59:17,453]: negativecharger.uncharger.gap4 : 0.0062
[2019-08-14 10:59:17,453]: postivecharger.postivecharger.gap0 : 0.0062
[2019-08-14 10:59:17,453]: postivecharger.aromatic.gap0 : 0.0062
[2019-08-14 10:59:17,453]: negativecharger.alphaticr.gap1 : 0.0062
[2019-08-14 10:59:17,453]: aromatic.negativecharger.gap3 : 0.0062
[2019-08-14 10:59:17,453]: aromatic.aromatic.gap1 : 0.0062
[2019-08-14 10:59:17,453]: alphaticr.aromatic.gap5 : 0.0061
[2019-08-14 10:59:17,453]: postivecharger.aromatic.gap4 : 0.0061
[2019-08-14 10:59:17,453]: negativecharger.negativecharger.gap0 : 0.0061
[2019-08-14 10:59:17,453]: aromatic.aromatic.gap4 : 0.0061
[2019-08-14 10:59:17,453]: aromatic.negativecharger.gap4 : 0.0061
[2019-08-14 10:59:17,453]: postivecharger.uncharger.gap1 : 0.0061
[2019-08-14 10:59:17,453]: negativecharger.postivecharger.gap3 : 0.0061
[2019-08-14 10:59:17,453]: alphaticr.aromatic.gap0 : 0.0061
[2019-08-14 10:59:17,453]: uncharger.negativecharger.gap2 : 0.0061
[2019-08-14 10:59:17,453]: negativecharger.aromatic.gap4 : 0.0061
[2019-08-14 10:59:17,453]: alphaticr.alphaticr.gap3 : 0.0061
[2019-08-14 10:59:17,453]: negativecharger.aromatic.gap0 : 0.0061
[2019-08-14 10:59:17,453]: postivecharger.alphaticr.gap4 : 0.0061
[2019-08-14 10:59:17,453]: aromatic.aromatic.gap2 : 0.0061
[2019-08-14 10:59:17,453]: negativecharger.postivecharger.gap1 : 0.0060
[2019-08-14 10:59:17,463]: uncharger.aromatic.gap2 : 0.0060
[2019-08-14 10:59:17,463]: negativecharger.negativecharger.gap3 : 0.0060
[2019-08-14 10:59:17,463]: postivecharger.alphaticr.gap2 : 0.0060
[2019-08-14 10:59:17,463]: alphaticr.postivecharger.gap1 : 0.0060
[2019-08-14 10:59:17,463]: uncharger.uncharger.gap1 : 0.0060
[2019-08-14 10:59:17,463]: negativecharger.uncharger.gap0 : 0.0060
[2019-08-14 10:59:17,463]: alphaticr.alphaticr.gap2 : 0.0060
[2019-08-14 10:59:17,463]: negativecharger.negativecharger.gap1 : 0.0060
[2019-08-14 10:59:17,463]: alphaticr.uncharger.gap1 : 0.0059
[2019-08-14 10:59:17,463]: negativecharger.alphaticr.gap2 : 0.0059
[2019-08-14 10:59:17,463]: aromatic.uncharger.gap3 : 0.0059
[2019-08-14 10:59:17,463]: postivecharger.alphaticr.gap5 : 0.0059
[2019-08-14 10:59:17,463]: negativecharger.aromatic.gap1 : 0.0059
[2019-08-14 10:59:17,463]: uncharger.uncharger.gap0 : 0.0059
[2019-08-14 10:59:17,463]: negativecharger.postivecharger.gap5 : 0.0058
[2019-08-14 10:59:17,463]: alphaticr.aromatic.gap3 : 0.0058
[2019-08-14 10:59:17,463]: aromatic.postivecharger.gap1 : 0.0058
[2019-08-14 10:59:17,463]: alphaticr.postivecharger.gap0 : 0.0056
[2019-08-14 10:59:17,463]: uncharger.alphaticr.gap4 : 0.0055
[2019-08-14 10:59:17,463]: uncharger.uncharger.gap4 : 0.0055
[2019-08-14 10:59:17,463]: postivecharger.postivecharger.gap3 : 0.0052
[2019-08-14 10:59:17,463]: alphaticr.uncharger.gap3 : 0.0052
[2019-08-14 10:59:17,463]: aromatic.alphaticr.gap2 : 0.0052
[2019-08-14 10:59:17,463]: aromatic.alphaticr.gap0 : 0.0051
[2019-08-14 10:59:17,463]: postivecharger.negativecharger.gap3 : 0.0050
[2019-08-14 10:59:17,463]: aromatic.aromatic.gap3 : 0.0047
[2019-08-14 10:59:17,463]: aromatic.alphaticr.gap3 : 0.0047
[2019-08-14 10:59:17,463]: feature_rank end
[2019-08-14 10:59:17,483]: Start dimension reduction ...
[2019-08-14 10:59:25,768]: length=1 accuarcy=0.5820 f1=0.5811 precision=0.5808 recall=0.5818 roc=0.5783 
[2019-08-14 10:59:33,846]: length=31 accuarcy=0.7573 f1=0.7627 precision=0.7638 recall=0.7636 roc=0.7597 
[2019-08-14 10:59:41,843]: length=61 accuarcy=0.7209 f1=0.7268 precision=0.7268 recall=0.7273 roc=0.7245 
[2019-08-14 10:59:50,159]: length=91 accuarcy=0.7655 f1=0.7715 precision=0.7735 recall=0.7727 roc=0.7682 
[2019-08-14 10:59:58,148]: length=121 accuarcy=0.7573 f1=0.7627 precision=0.7638 recall=0.7636 roc=0.7597 
[2019-08-14 11:00:06,543]: length=150 accuarcy=0.7300 f1=0.7356 precision=0.7360 recall=0.7364 roc=0.7330 
[2019-08-14 11:00:06,544]: ----------
[2019-08-14 11:00:06,544]: the max acc = 0.7655
[2019-08-14 11:00:06,545]: ['uncharger.uncharger.gap3' 'alphaticr.alphaticr.gap4'
 'aromatic.uncharger.gap0' 'postivecharger.aromatic.gap3'
 'uncharger.postivecharger.gap2' 'aromatic.uncharger.gap4'
 'uncharger.aromatic.gap5' 'aromatic.negativecharger.gap0'
 'negativecharger.alphaticr.gap4' 'postivecharger.negativecharger.gap5'
 'alphaticr.alphaticr.gap0' 'alphaticr.postivecharger.gap3'
 'postivecharger.uncharger.gap5' 'uncharger.alphaticr.gap3'
 'alphaticr.aromatic.gap2' 'uncharger.uncharger.gap2'
 'aromatic.postivecharger.gap5' 'alphaticr.negativecharger.gap4'
 'postivecharger.postivecharger.gap4' 'uncharger.negativecharger.gap1'
 'uncharger.aromatic.gap1' 'uncharger.negativecharger.gap5'
 'aromatic.uncharger.gap5' 'alphaticr.alphaticr.gap5'
 'uncharger.alphaticr.gap2' 'postivecharger.alphaticr.gap1'
 'alphaticr.postivecharger.gap2' 'alphaticr.alphaticr.gap1'
 'postivecharger.uncharger.gap0' 'alphaticr.negativecharger.gap3'
 'postivecharger.uncharger.gap2' 'uncharger.postivecharger.gap5'
 'aromatic.uncharger.gap2' 'aromatic.negativecharger.gap5'
 'postivecharger.postivecharger.gap1' 'alphaticr.negativecharger.gap5'
 'postivecharger.uncharger.gap3' 'negativecharger.uncharger.gap2'
 'postivecharger.uncharger.gap4' 'postivecharger.alphaticr.gap3'
 'postivecharger.alphaticr.gap0' 'uncharger.alphaticr.gap0'
 'negativecharger.alphaticr.gap0' 'uncharger.alphaticr.gap5'
 'aromatic.uncharger.gap1' 'uncharger.aromatic.gap0'
 'uncharger.postivecharger.gap4' 'uncharger.postivecharger.gap0'
 'uncharger.alphaticr.gap1' 'aromatic.alphaticr.gap4'
 'alphaticr.postivecharger.gap4' 'uncharger.negativecharger.gap3'
 'negativecharger.postivecharger.gap2' 'uncharger.postivecharger.gap1'
 'negativecharger.alphaticr.gap3' 'negativecharger.alphaticr.gap5'
 'alphaticr.aromatic.gap4' 'postivecharger.aromatic.gap5'
 'postivecharger.negativecharger.gap0' 'negativecharger.aromatic.gap2'
 'negativecharger.aromatic.gap3' 'aromatic.postivecharger.gap4'
 'postivecharger.postivecharger.gap5' 'uncharger.aromatic.gap4'
 'negativecharger.uncharger.gap5' 'aromatic.alphaticr.gap5'
 'negativecharger.negativecharger.gap2'
 'negativecharger.postivecharger.gap4' 'alphaticr.uncharger.gap4'
 'uncharger.aromatic.gap3' 'aromatic.negativecharger.gap2'
 'postivecharger.aromatic.gap1' 'aromatic.aromatic.gap0'
 'aromatic.postivecharger.gap2' 'alphaticr.negativecharger.gap0'
 'negativecharger.uncharger.gap3' 'alphaticr.postivecharger.gap5'
 'alphaticr.negativecharger.gap1' 'aromatic.alphaticr.gap1'
 'uncharger.postivecharger.gap3' 'aromatic.postivecharger.gap0'
 'postivecharger.negativecharger.gap1' 'alphaticr.uncharger.gap0'
 'alphaticr.uncharger.gap2' 'aromatic.postivecharger.gap3'
 'negativecharger.negativecharger.gap4' 'uncharger.negativecharger.gap0'
 'postivecharger.negativecharger.gap2' 'uncharger.negativecharger.gap4'
 'postivecharger.aromatic.gap2' 'alphaticr.uncharger.gap5'],length = 91
[2019-08-14 11:00:06,545]: -----------
[2019-08-14 11:00:10,633]: ***confusion matrix***
[2019-08-14 11:00:10,643]:                pos_class      neg_class      
[2019-08-14 11:00:10,643]: pos_class      TP:49             FN:10             
[2019-08-14 11:00:10,643]: neg_class      FP:15             TN:36             
[2019-08-14 11:00:10,643]: accuarcy = 0.7727272727272727 
[2019-08-14 11:00:10,643]: precision =0.7734992588932806 
[2019-08-14 11:00:10,643]: recall =0.7727272727272727
[2019-08-14 11:00:10,643]: f1 =0.7714890925853963 
[2019-08-14 11:00:10,643]: roc area = 0.7681954137587238
[2019-08-14 11:00:10,643]: -----------
[2019-08-14 11:00:10,643]: The output by the terminal's log has been saved in the J:\多设备共享\work\MRMD2.0-github\Logs\201908141059.log.
[2019-08-14 11:00:10,643]: metrics have been saved in the J:\多设备共享\work\MRMD2.0-github\Results\rd.csv.
[2019-08-14 11:00:10,643]: reduced dimensional dataset has been saved in the J:\多设备共享\work\MRMD2.0-github\Results\m.csv.
[2019-08-14 11:00:10,643]: ---mrmd 2.0 end---
