[2019-08-05 12:09:25,433]: ---mrmd 2.0 start----
[2019-08-05 12:09:25,483]: ANOVA start...
[2019-08-05 12:09:25,503]: ANOVA end.
[2019-08-05 12:09:25,503]: mic start...
[2019-08-05 12:09:33,447]: mic end.
[2019-08-05 12:09:33,447]: mrmd start...
[2019-08-05 12:09:33,781]: mrmd end.
[2019-08-05 12:09:33,781]: mRMR start...
[2019-08-05 12:09:46,084]: mRMR end.
[2019-08-05 12:09:46,084]: lasso start...
[2019-08-05 12:09:46,124]: lasso end.
[2019-08-05 12:09:47,320]: rank start ...
[2019-08-05 12:09:47,340]: The final  rank is
[2019-08-05 12:09:47,340]: Janin_P : 0.0078
[2019-08-05 12:09:47,340]: Janin_D : 0.0074
[2019-08-05 12:09:47,340]: Hopp_Woods_R : 0.0071
[2019-08-05 12:09:47,340]: Rose_I : 0.0069
[2019-08-05 12:09:47,340]: hydrophily : 0.0069
[2019-08-05 12:09:47,340]: Engelman_GES_D : 0.0069
[2019-08-05 12:09:47,340]: Cornette_C : 0.0069
[2019-08-05 12:09:47,340]: Cornette_T : 0.0068
[2019-08-05 12:09:47,340]: Kyte_Doolittle_I : 0.0068
[2019-08-05 12:09:47,340]: Engelman_GES_S : 0.0067
[2019-08-05 12:09:47,340]: Rose_P : 0.0067
[2019-08-05 12:09:47,340]: Cornette_V : 0.0067
[2019-08-05 12:09:47,340]: Kyte_Doolittle_A : 0.0067
[2019-08-05 12:09:47,340]: basic_polar : 0.0066
[2019-08-05 12:09:47,340]: Cornette_P : 0.0066
[2019-08-05 12:09:47,340]: Rose_R : 0.0065
[2019-08-05 12:09:47,340]: Rose_S : 0.0065
[2019-08-05 12:09:47,340]: Cornette_F : 0.0065
[2019-08-05 12:09:47,340]: Hopp_Woods_A : 0.0065
[2019-08-05 12:09:47,340]: Hopp_Woods_I : 0.0064
[2019-08-05 12:09:47,340]: Engelman_GES_Q : 0.0064
[2019-08-05 12:09:47,340]: Hopp_Woods_D : 0.0064
[2019-08-05 12:09:47,340]: polar : 0.0063
[2019-08-05 12:09:47,340]: Engelman_GES_R : 0.0063
[2019-08-05 12:09:47,340]: Eisenberg_R : 0.0063
[2019-08-05 12:09:47,340]: Engelman_GES_N : 0.0062
[2019-08-05 12:09:47,340]: Cornette_W : 0.0062
[2019-08-05 12:09:47,340]: Rose_L : 0.0062
[2019-08-05 12:09:47,340]: Cornette_K : 0.0062
[2019-08-05 12:09:47,340]: Rose_H : 0.0062
[2019-08-05 12:09:47,340]: Engelman_GES_W : 0.0062
[2019-08-05 12:09:47,340]: Eisenberg_N : 0.0062
[2019-08-05 12:09:47,340]: Rose_T : 0.0061
[2019-08-05 12:09:47,340]: C : 0.0061
[2019-08-05 12:09:47,340]: Engelman_GES_L : 0.0061
[2019-08-05 12:09:47,340]: Cornette_Y : 0.0060
[2019-08-05 12:09:47,340]: Kyte_Doolittle_W : 0.0060
[2019-08-05 12:09:47,340]: Janin_V : 0.0060
[2019-08-05 12:09:47,340]: alphatic : 0.0059
[2019-08-05 12:09:47,340]: nonpolar : 0.0059
[2019-08-05 12:09:47,340]: Kyte_Doolittle_C : 0.0059
[2019-08-05 12:09:47,340]: Hopp_Woods_T : 0.0059
[2019-08-05 12:09:47,340]: moderate : 0.0059
[2019-08-05 12:09:47,340]: Janin_F : 0.0059
[2019-08-05 12:09:47,340]: Janin_L : 0.0059
[2019-08-05 12:09:47,340]: Engelman_GES_Y : 0.0059
[2019-08-05 12:09:47,340]: Hopp_Woods_Q : 0.0059
[2019-08-05 12:09:47,340]: Engelman_GES_G : 0.0059
[2019-08-05 12:09:47,340]: Eisenberg_S : 0.0059
[2019-08-05 12:09:47,340]: Janin_H : 0.0059
[2019-08-05 12:09:47,340]: Kyte_Doolittle_Y : 0.0058
[2019-08-05 12:09:47,340]: Eisenberg_W : 0.0058
[2019-08-05 12:09:47,340]: postivecharge : 0.0058
[2019-08-05 12:09:47,350]: Hopp_Woods_C : 0.0058
[2019-08-05 12:09:47,350]: Janin_W : 0.0058
[2019-08-05 12:09:47,350]: W : 0.0058
[2019-08-05 12:09:47,350]: D : 0.0058
[2019-08-05 12:09:47,350]: Hopp_Woods_L : 0.0057
[2019-08-05 12:09:47,350]: aliphatic : 0.0057
[2019-08-05 12:09:47,350]: K : 0.0057
[2019-08-05 12:09:47,350]: Cornette_A : 0.0057
[2019-08-05 12:09:47,350]: Q : 0.0057
[2019-08-05 12:09:47,350]: Cornette_H : 0.0057
[2019-08-05 12:09:47,350]: Rose_D : 0.0057
[2019-08-05 12:09:47,350]: Rose_W : 0.0057
[2019-08-05 12:09:47,350]: Janin_Q : 0.0057
[2019-08-05 12:09:47,350]: Hopp_Woods_N : 0.0057
[2019-08-05 12:09:47,350]: Hopp_Woods_F : 0.0057
[2019-08-05 12:09:47,350]: Cornette_S : 0.0057
[2019-08-05 12:09:47,350]: Cornette_E : 0.0057
[2019-08-05 12:09:47,350]: Hopp_Woods_E : 0.0057
[2019-08-05 12:09:47,350]: Hopp_Woods_H : 0.0057
[2019-08-05 12:09:47,350]: positve : 0.0057
[2019-08-05 12:09:47,350]: Kyte_Doolittle_D : 0.0056
[2019-08-05 12:09:47,350]: Engelman_GES_P : 0.0056
[2019-08-05 12:09:47,350]: Kyte_Doolittle_K : 0.0056
[2019-08-05 12:09:47,350]: Cornette_Q : 0.0056
[2019-08-05 12:09:47,350]: Kyte_Doolittle_F : 0.0056
[2019-08-05 12:09:47,350]: Engelman_GES_A : 0.0056
[2019-08-05 12:09:47,350]: Kyte_Doolittle_H : 0.0056
[2019-08-05 12:09:47,350]: Engelman_GES_I : 0.0056
[2019-08-05 12:09:47,350]: Rose_M : 0.0056
[2019-08-05 12:09:47,350]: Kyte_Doolittle_L : 0.0056
[2019-08-05 12:09:47,350]: Engelman_GES_M : 0.0056
[2019-08-05 12:09:47,350]: Eisenberg_L : 0.0056
[2019-08-05 12:09:47,350]: Kyte_Doolittle_Q : 0.0056
[2019-08-05 12:09:47,350]: H : 0.0056
[2019-08-05 12:09:47,350]: Kyte_Doolittle_N : 0.0056
[2019-08-05 12:09:47,350]: Kyte_Doolittle_S : 0.0056
[2019-08-05 12:09:47,350]: Engelman_GES_F : 0.0056
[2019-08-05 12:09:47,350]: P : 0.0056
[2019-08-05 12:09:47,350]: Hopp_Woods_S : 0.0056
[2019-08-05 12:09:47,350]: Eisenberg_I : 0.0056
[2019-08-05 12:09:47,350]: G : 0.0056
[2019-08-05 12:09:47,350]: Hopp_Woods_V : 0.0056
[2019-08-05 12:09:47,350]: Janin_K : 0.0056
[2019-08-05 12:09:47,350]: Engelman_GES_E : 0.0056
[2019-08-05 12:09:47,350]: R : 0.0055
[2019-08-05 12:09:47,350]: S : 0.0055
[2019-08-05 12:09:47,350]: Janin_I : 0.0055
[2019-08-05 12:09:47,350]: Rose_A : 0.0055
[2019-08-05 12:09:47,350]: aromatic : 0.0055
[2019-08-05 12:09:47,350]: I : 0.0055
[2019-08-05 12:09:47,350]: Hopp_Woods_Y : 0.0055
[2019-08-05 12:09:47,350]: Janin_R : 0.0055
[2019-08-05 12:09:47,350]: Cornette_D : 0.0055
[2019-08-05 12:09:47,350]: T : 0.0055
[2019-08-05 12:09:47,350]: Hopp_Woods_K : 0.0055
[2019-08-05 12:09:47,350]: Kyte_Doolittle_V : 0.0055
[2019-08-05 12:09:47,350]: Janin_M : 0.0055
[2019-08-05 12:09:47,350]: Rose_F : 0.0055
[2019-08-05 12:09:47,350]: Kyte_Doolittle_G : 0.0055
[2019-08-05 12:09:47,350]: Kyte_Doolittle_E : 0.0055
[2019-08-05 12:09:47,350]: uncharge : 0.0055
[2019-08-05 12:09:47,350]: Rose_V : 0.0055
[2019-08-05 12:09:47,350]: Engelman_GES_V : 0.0055
[2019-08-05 12:09:47,350]: Rose_N : 0.0055
[2019-08-05 12:09:47,350]: Eisenberg_K : 0.0055
[2019-08-05 12:09:47,350]: Eisenberg_V : 0.0055
[2019-08-05 12:09:47,350]: Cornette_L : 0.0055
[2019-08-05 12:09:47,350]: E : 0.0055
[2019-08-05 12:09:47,350]: A : 0.0055
[2019-08-05 12:09:47,350]: V : 0.0055
[2019-08-05 12:09:47,350]: Kyte_Doolittle_M : 0.0055
[2019-08-05 12:09:47,350]: Cornette_M : 0.0054
[2019-08-05 12:09:47,350]: Eisenberg_H : 0.0054
[2019-08-05 12:09:47,350]: Janin_N : 0.0054
[2019-08-05 12:09:47,350]: Hopp_Woods_W : 0.0054
[2019-08-05 12:09:47,350]: Rose_Q : 0.0054
[2019-08-05 12:09:47,350]: Cornette_I : 0.0054
[2019-08-05 12:09:47,350]: F : 0.0054
[2019-08-05 12:09:47,350]: Eisenberg_P : 0.0054
[2019-08-05 12:09:47,350]: Janin_Y : 0.0054
[2019-08-05 12:09:47,350]: N : 0.0054
[2019-08-05 12:09:47,350]: Eisenberg_G : 0.0054
[2019-08-05 12:09:47,350]: Janin_A : 0.0054
[2019-08-05 12:09:47,350]: Rose_C : 0.0054
[2019-08-05 12:09:47,350]: negativecharge : 0.0054
[2019-08-05 12:09:47,350]: Janin_E : 0.0054
[2019-08-05 12:09:47,350]: Kyte_Doolittle_R : 0.0054
[2019-08-05 12:09:47,350]: L : 0.0054
[2019-08-05 12:09:47,360]: Eisenberg_A : 0.0054
[2019-08-05 12:09:47,360]: Rose_K : 0.0053
[2019-08-05 12:09:47,360]: hydrophobicity : 0.0053
[2019-08-05 12:09:47,360]: Engelman_GES_T : 0.0053
[2019-08-05 12:09:47,360]: Kyte_Doolittle_T : 0.0053
[2019-08-05 12:09:47,360]: Kyte_Doolittle_P : 0.0053
[2019-08-05 12:09:47,360]: Janin_T : 0.0053
[2019-08-05 12:09:47,360]: neutral : 0.0052
[2019-08-05 12:09:47,360]: Eisenberg_M : 0.0052
[2019-08-05 12:09:47,360]: Y : 0.0052
[2019-08-05 12:09:47,360]: Hopp_Woods_M : 0.0052
[2019-08-05 12:09:47,360]: Janin_C : 0.0051
[2019-08-05 12:09:47,360]: Eisenberg_C : 0.0051
[2019-08-05 12:09:47,360]: Engelman_GES_H : 0.0051
[2019-08-05 12:09:47,360]: Engelman_GES_C : 0.0051
[2019-08-05 12:09:47,360]: Eisenberg_Y : 0.0050
[2019-08-05 12:09:47,360]: Janin_S : 0.0049
[2019-08-05 12:09:47,360]: Rose_E : 0.0049
[2019-08-05 12:09:47,360]: acidic_polar : 0.0049
[2019-08-05 12:09:47,360]: Eisenberg_F : 0.0048
[2019-08-05 12:09:47,360]: Cornette_R : 0.0048
[2019-08-05 12:09:47,360]: Eisenberg_E : 0.0048
[2019-08-05 12:09:47,360]: Eisenberg_D : 0.0048
[2019-08-05 12:09:47,360]: Janin_G : 0.0047
[2019-08-05 12:09:47,360]: Engelman_GES_K : 0.0047
[2019-08-05 12:09:47,360]: Rose_G : 0.0047
[2019-08-05 12:09:47,360]: negative : 0.0047
[2019-08-05 12:09:47,360]: Rose_Y : 0.0046
[2019-08-05 12:09:47,360]: M : 0.0045
[2019-08-05 12:09:47,360]: aromatic.1 : 0.0045
[2019-08-05 12:09:47,360]: Eisenberg_Q : 0.0044
[2019-08-05 12:09:47,360]: Eisenberg_T : 0.0043
[2019-08-05 12:09:47,360]: heterocyclics : 0.0043
[2019-08-05 12:09:47,360]: Cornette_N : 0.0041
[2019-08-05 12:09:47,360]: Cornette_G : 0.0030
[2019-08-05 12:09:47,360]: Hopp_Woods_G : 0.0030
[2019-08-05 12:09:47,360]: Hopp_Woods_P : 0.0026
[2019-08-05 12:09:47,360]: feature_rank end
[2019-08-05 12:09:47,380]: Start dimension reduction ...
[2019-08-05 12:10:00,474]: length=1 accuarcy=0.7576 f1=0.7382 precision=0.8329 recall=0.7609 roc=0.7317 
[2019-08-05 12:10:12,609]: length=2 accuarcy=0.8040 f1=0.8047 precision=0.8059 recall=0.8043 roc=0.8044 
[2019-08-05 12:10:27,293]: length=3 accuarcy=0.7929 f1=0.7932 precision=0.7931 recall=0.7935 roc=0.7898 
[2019-08-05 12:10:47,272]: length=4 accuarcy=0.8707 f1=0.8687 precision=0.8712 recall=0.8696 roc=0.8632 
[2019-08-05 12:11:03,464]: length=5 accuarcy=0.8485 f1=0.8468 precision=0.8491 recall=0.8478 roc=0.8412 
[2019-08-05 12:11:16,904]: length=6 accuarcy=0.8485 f1=0.8474 precision=0.8478 recall=0.8478 roc=0.8436 
[2019-08-05 12:11:29,234]: length=7 accuarcy=0.8929 f1=0.8906 precision=0.8933 recall=0.8913 roc=0.8852 
[2019-08-05 12:11:41,970]: length=8 accuarcy=0.8596 f1=0.8585 precision=0.8585 recall=0.8587 roc=0.8558 
[2019-08-05 12:11:57,165]: length=9 accuarcy=0.8596 f1=0.8585 precision=0.8585 recall=0.8587 roc=0.8558 
[2019-08-05 12:12:09,671]: length=10 accuarcy=0.8596 f1=0.8580 precision=0.8592 recall=0.8587 roc=0.8534 
[2019-08-05 12:12:23,078]: length=11 accuarcy=0.8374 f1=0.8367 precision=0.8367 recall=0.8370 roc=0.8338 
