[2019-08-25 17:07:05,045]: ---mrmd 2.0 start----
[2019-08-25 17:07:05,117]: ANOVA start...
[2019-08-25 17:07:05,137]: ANOVA end.
[2019-08-25 17:07:05,137]: mic start...
[2019-08-25 17:07:14,822]: mic end.
[2019-08-25 17:07:14,823]: mrmd start...
[2019-08-25 17:07:15,024]: mrmd end.
[2019-08-25 17:07:15,024]: mRMR start...
[2019-08-25 17:07:17,674]: mRMR end.
[2019-08-25 17:07:17,675]: lasso start...
[2019-08-25 17:07:17,711]: lasso end.
[2019-08-25 17:07:17,711]: chi2 start...
[2019-08-25 17:07:17,740]: chi2 end.
[2019-08-25 17:07:17,740]: ref start...
[2019-08-25 17:07:18,588]: ref end.
[2019-08-25 17:07:18,592]: rank start ...
[2019-08-25 17:07:18,603]: The final  rank is
[2019-08-25 17:07:18,603]: negativecharger.aromatic.gap2 : 0.0078
[2019-08-25 17:07:18,603]: aromatic.postivecharger.gap5 : 0.0078
[2019-08-25 17:07:18,603]: postivecharger.negativecharger.gap5 : 0.0078
[2019-08-25 17:07:18,603]: aromatic.uncharger.gap5 : 0.0078
[2019-08-25 17:07:18,603]: uncharger.aromatic.gap1 : 0.0078
[2019-08-25 17:07:18,604]: aromatic.uncharger.gap1 : 0.0078
[2019-08-25 17:07:18,604]: negativecharger.alphaticr.gap4 : 0.0078
[2019-08-25 17:07:18,604]: alphaticr.alphaticr.gap5 : 0.0077
[2019-08-25 17:07:18,604]: uncharger.uncharger.gap2 : 0.0076
[2019-08-25 17:07:18,604]: alphaticr.postivecharger.gap3 : 0.0076
[2019-08-25 17:07:18,604]: uncharger.postivecharger.gap1 : 0.0076
[2019-08-25 17:07:18,604]: uncharger.alphaticr.gap0 : 0.0076
[2019-08-25 17:07:18,604]: negativecharger.alphaticr.gap3 : 0.0076
[2019-08-25 17:07:18,604]: alphaticr.alphaticr.gap0 : 0.0075
[2019-08-25 17:07:18,604]: postivecharger.uncharger.gap3 : 0.0075
[2019-08-25 17:07:18,605]: alphaticr.aromatic.gap2 : 0.0075
[2019-08-25 17:07:18,605]: postivecharger.aromatic.gap3 : 0.0075
[2019-08-25 17:07:18,605]: uncharger.alphaticr.gap5 : 0.0075
[2019-08-25 17:07:18,605]: uncharger.aromatic.gap0 : 0.0074
[2019-08-25 17:07:18,605]: postivecharger.postivecharger.gap1 : 0.0074
[2019-08-25 17:07:18,605]: alphaticr.negativecharger.gap3 : 0.0074
[2019-08-25 17:07:18,605]: uncharger.uncharger.gap3 : 0.0074
[2019-08-25 17:07:18,605]: aromatic.negativecharger.gap5 : 0.0074
[2019-08-25 17:07:18,605]: aromatic.uncharger.gap4 : 0.0073
[2019-08-25 17:07:18,605]: uncharger.negativecharger.gap1 : 0.0073
[2019-08-25 17:07:18,605]: alphaticr.alphaticr.gap4 : 0.0073
[2019-08-25 17:07:18,606]: aromatic.alphaticr.gap4 : 0.0073
[2019-08-25 17:07:18,606]: aromatic.negativecharger.gap0 : 0.0073
[2019-08-25 17:07:18,606]: postivecharger.alphaticr.gap1 : 0.0073
[2019-08-25 17:07:18,606]: postivecharger.uncharger.gap0 : 0.0073
[2019-08-25 17:07:18,606]: alphaticr.alphaticr.gap1 : 0.0073
[2019-08-25 17:07:18,606]: uncharger.postivecharger.gap0 : 0.0073
[2019-08-25 17:07:18,606]: postivecharger.uncharger.gap2 : 0.0073
[2019-08-25 17:07:18,606]: alphaticr.aromatic.gap0 : 0.0073
[2019-08-25 17:07:18,606]: uncharger.alphaticr.gap1 : 0.0072
[2019-08-25 17:07:18,606]: postivecharger.alphaticr.gap0 : 0.0072
[2019-08-25 17:07:18,606]: postivecharger.uncharger.gap4 : 0.0072
[2019-08-25 17:07:18,606]: uncharger.postivecharger.gap2 : 0.0072
[2019-08-25 17:07:18,607]: uncharger.aromatic.gap5 : 0.0072
[2019-08-25 17:07:18,607]: uncharger.aromatic.gap3 : 0.0072
[2019-08-25 17:07:18,607]: uncharger.postivecharger.gap4 : 0.0072
[2019-08-25 17:07:18,607]: negativecharger.alphaticr.gap0 : 0.0071
[2019-08-25 17:07:18,607]: aromatic.uncharger.gap0 : 0.0071
[2019-08-25 17:07:18,607]: postivecharger.postivecharger.gap4 : 0.0071
[2019-08-25 17:07:18,607]: negativecharger.uncharger.gap2 : 0.0071
[2019-08-25 17:07:18,607]: uncharger.alphaticr.gap2 : 0.0071
[2019-08-25 17:07:18,607]: alphaticr.negativecharger.gap5 : 0.0070
[2019-08-25 17:07:18,607]: aromatic.postivecharger.gap4 : 0.0070
[2019-08-25 17:07:18,607]: negativecharger.aromatic.gap3 : 0.0070
[2019-08-25 17:07:18,608]: uncharger.postivecharger.gap5 : 0.0069
[2019-08-25 17:07:18,608]: aromatic.negativecharger.gap1 : 0.0069
[2019-08-25 17:07:18,608]: postivecharger.uncharger.gap5 : 0.0068
[2019-08-25 17:07:18,608]: negativecharger.postivecharger.gap1 : 0.0068
[2019-08-25 17:07:18,608]: aromatic.uncharger.gap2 : 0.0068
[2019-08-25 17:07:18,608]: alphaticr.negativecharger.gap0 : 0.0068
[2019-08-25 17:07:18,608]: postivecharger.alphaticr.gap5 : 0.0068
[2019-08-25 17:07:18,608]: negativecharger.alphaticr.gap1 : 0.0068
[2019-08-25 17:07:18,608]: negativecharger.uncharger.gap1 : 0.0068
[2019-08-25 17:07:18,608]: alphaticr.aromatic.gap1 : 0.0068
[2019-08-25 17:07:18,609]: aromatic.aromatic.gap4 : 0.0068
[2019-08-25 17:07:18,609]: aromatic.aromatic.gap0 : 0.0068
[2019-08-25 17:07:18,609]: negativecharger.alphaticr.gap5 : 0.0067
[2019-08-25 17:07:18,609]: negativecharger.postivecharger.gap2 : 0.0067
[2019-08-25 17:07:18,609]: uncharger.aromatic.gap4 : 0.0066
[2019-08-25 17:07:18,609]: aromatic.aromatic.gap1 : 0.0066
[2019-08-25 17:07:18,609]: aromatic.alphaticr.gap1 : 0.0066
[2019-08-25 17:07:18,609]: alphaticr.alphaticr.gap2 : 0.0066
[2019-08-25 17:07:18,609]: alphaticr.uncharger.gap4 : 0.0066
[2019-08-25 17:07:18,609]: negativecharger.uncharger.gap5 : 0.0066
[2019-08-25 17:07:18,609]: postivecharger.aromatic.gap4 : 0.0066
[2019-08-25 17:07:18,609]: postivecharger.negativecharger.gap0 : 0.0066
[2019-08-25 17:07:18,610]: uncharger.negativecharger.gap5 : 0.0066
[2019-08-25 17:07:18,610]: negativecharger.aromatic.gap5 : 0.0066
[2019-08-25 17:07:18,610]: postivecharger.aromatic.gap2 : 0.0065
[2019-08-25 17:07:18,610]: alphaticr.postivecharger.gap2 : 0.0065
[2019-08-25 17:07:18,610]: aromatic.aromatic.gap5 : 0.0065
[2019-08-25 17:07:18,610]: aromatic.negativecharger.gap3 : 0.0065
[2019-08-25 17:07:18,610]: aromatic.postivecharger.gap0 : 0.0065
[2019-08-25 17:07:18,610]: alphaticr.negativecharger.gap1 : 0.0065
[2019-08-25 17:07:18,610]: alphaticr.uncharger.gap5 : 0.0065
[2019-08-25 17:07:18,610]: negativecharger.negativecharger.gap2 : 0.0065
[2019-08-25 17:07:18,610]: postivecharger.postivecharger.gap0 : 0.0065
[2019-08-25 17:07:18,610]: uncharger.alphaticr.gap3 : 0.0065
[2019-08-25 17:07:18,611]: alphaticr.aromatic.gap5 : 0.0065
[2019-08-25 17:07:18,611]: alphaticr.uncharger.gap3 : 0.0065
[2019-08-25 17:07:18,611]: uncharger.aromatic.gap2 : 0.0065
[2019-08-25 17:07:18,611]: negativecharger.postivecharger.gap0 : 0.0065
[2019-08-25 17:07:18,611]: negativecharger.aromatic.gap0 : 0.0065
[2019-08-25 17:07:18,611]: negativecharger.alphaticr.gap2 : 0.0065
[2019-08-25 17:07:18,611]: aromatic.postivecharger.gap3 : 0.0065
[2019-08-25 17:07:18,611]: postivecharger.negativecharger.gap4 : 0.0065
[2019-08-25 17:07:18,611]: aromatic.negativecharger.gap4 : 0.0064
[2019-08-25 17:07:18,611]: uncharger.alphaticr.gap4 : 0.0064
[2019-08-25 17:07:18,611]: uncharger.negativecharger.gap4 : 0.0064
[2019-08-25 17:07:18,611]: negativecharger.negativecharger.gap1 : 0.0064
[2019-08-25 17:07:18,612]: aromatic.aromatic.gap3 : 0.0064
[2019-08-25 17:07:18,612]: postivecharger.postivecharger.gap2 : 0.0064
[2019-08-25 17:07:18,612]: postivecharger.aromatic.gap1 : 0.0064
[2019-08-25 17:07:18,612]: negativecharger.uncharger.gap0 : 0.0064
[2019-08-25 17:07:18,612]: postivecharger.alphaticr.gap2 : 0.0064
[2019-08-25 17:07:18,612]: alphaticr.aromatic.gap3 : 0.0064
[2019-08-25 17:07:18,612]: postivecharger.alphaticr.gap3 : 0.0064
[2019-08-25 17:07:18,612]: alphaticr.uncharger.gap0 : 0.0064
[2019-08-25 17:07:18,612]: negativecharger.aromatic.gap1 : 0.0064
[2019-08-25 17:07:18,613]: alphaticr.postivecharger.gap1 : 0.0064
[2019-08-25 17:07:18,613]: alphaticr.postivecharger.gap4 : 0.0064
[2019-08-25 17:07:18,613]: uncharger.uncharger.gap4 : 0.0064
[2019-08-25 17:07:18,613]: postivecharger.uncharger.gap1 : 0.0064
[2019-08-25 17:07:18,613]: negativecharger.postivecharger.gap4 : 0.0064
[2019-08-25 17:07:18,613]: postivecharger.postivecharger.gap5 : 0.0064
[2019-08-25 17:07:18,613]: alphaticr.alphaticr.gap3 : 0.0064
[2019-08-25 17:07:18,613]: postivecharger.negativecharger.gap1 : 0.0064
[2019-08-25 17:07:18,613]: negativecharger.negativecharger.gap4 : 0.0063
[2019-08-25 17:07:18,613]: aromatic.uncharger.gap3 : 0.0063
[2019-08-25 17:07:18,613]: alphaticr.negativecharger.gap4 : 0.0063
[2019-08-25 17:07:18,614]: postivecharger.negativecharger.gap2 : 0.0063
[2019-08-25 17:07:18,614]: postivecharger.aromatic.gap0 : 0.0063
[2019-08-25 17:07:18,614]: uncharger.negativecharger.gap3 : 0.0063
[2019-08-25 17:07:18,614]: uncharger.negativecharger.gap2 : 0.0063
[2019-08-25 17:07:18,614]: negativecharger.negativecharger.gap0 : 0.0063
[2019-08-25 17:07:18,614]: uncharger.negativecharger.gap0 : 0.0063
[2019-08-25 17:07:18,614]: alphaticr.aromatic.gap4 : 0.0063
[2019-08-25 17:07:18,614]: aromatic.postivecharger.gap2 : 0.0063
[2019-08-25 17:07:18,614]: negativecharger.postivecharger.gap3 : 0.0063
[2019-08-25 17:07:18,614]: postivecharger.alphaticr.gap4 : 0.0063
[2019-08-25 17:07:18,614]: postivecharger.aromatic.gap5 : 0.0063
[2019-08-25 17:07:18,615]: aromatic.aromatic.gap2 : 0.0063
[2019-08-25 17:07:18,615]: aromatic.negativecharger.gap2 : 0.0062
[2019-08-25 17:07:18,615]: alphaticr.negativecharger.gap2 : 0.0062
[2019-08-25 17:07:18,615]: negativecharger.uncharger.gap4 : 0.0062
[2019-08-25 17:07:18,615]: alphaticr.uncharger.gap2 : 0.0062
[2019-08-25 17:07:18,615]: negativecharger.uncharger.gap3 : 0.0062
[2019-08-25 17:07:18,615]: uncharger.uncharger.gap0 : 0.0061
[2019-08-25 17:07:18,615]: negativecharger.aromatic.gap4 : 0.0060
[2019-08-25 17:07:18,615]: uncharger.postivecharger.gap3 : 0.0060
[2019-08-25 17:07:18,615]: uncharger.uncharger.gap1 : 0.0059
[2019-08-25 17:07:18,615]: alphaticr.postivecharger.gap5 : 0.0059
[2019-08-25 17:07:18,616]: aromatic.alphaticr.gap2 : 0.0058
[2019-08-25 17:07:18,616]: aromatic.alphaticr.gap5 : 0.0058
[2019-08-25 17:07:18,616]: alphaticr.uncharger.gap1 : 0.0058
[2019-08-25 17:07:18,616]: postivecharger.negativecharger.gap3 : 0.0056
[2019-08-25 17:07:18,616]: negativecharger.negativecharger.gap5 : 0.0056
[2019-08-25 17:07:18,616]: alphaticr.postivecharger.gap0 : 0.0056
[2019-08-25 17:07:18,616]: negativecharger.postivecharger.gap5 : 0.0054
[2019-08-25 17:07:18,616]: aromatic.postivecharger.gap1 : 0.0054
[2019-08-25 17:07:18,616]: postivecharger.postivecharger.gap3 : 0.0054
[2019-08-25 17:07:18,616]: negativecharger.negativecharger.gap3 : 0.0053
[2019-08-25 17:07:18,617]: uncharger.uncharger.gap5 : 0.0048
[2019-08-25 17:07:18,617]: aromatic.alphaticr.gap0 : 0.0048
[2019-08-25 17:07:18,617]: aromatic.alphaticr.gap3 : 0.0046
[2019-08-25 17:07:18,617]: feature_rank end
