[2019-08-14 19:09:20,941]: ---mrmd 2.0 start----
[2019-08-14 19:09:21,051]: ANOVA start...
[2019-08-14 19:09:21,069]: ANOVA end.
[2019-08-14 19:09:21,069]: mic start...
[2019-08-14 19:09:29,111]: mic end.
[2019-08-14 19:09:29,111]: mrmd start...
[2019-08-14 19:09:29,344]: mrmd end.
[2019-08-14 19:09:29,345]: mRMR start...
[2019-08-14 19:09:38,131]: mRMR end.
[2019-08-14 19:09:38,131]: lasso start...
[2019-08-14 19:09:38,158]: lasso end.
[2019-08-14 19:09:38,159]: lasso2 start...
[2019-08-14 19:09:38,807]: lasso2 end.
[2019-08-14 19:09:38,811]: rank start ...
[2019-08-14 19:09:38,820]: The final  rank is
[2019-08-14 19:09:38,821]: aromatic.uncharger.gap5 : 0.0080
[2019-08-14 19:09:38,821]: aromatic.uncharger.gap0 : 0.0078
[2019-08-14 19:09:38,821]: uncharger.postivecharger.gap0 : 0.0077
[2019-08-14 19:09:38,821]: uncharger.aromatic.gap5 : 0.0077
[2019-08-14 19:09:38,821]: uncharger.aromatic.gap1 : 0.0077
[2019-08-14 19:09:38,821]: alphaticr.alphaticr.gap5 : 0.0077
[2019-08-14 19:09:38,821]: uncharger.uncharger.gap3 : 0.0077
[2019-08-14 19:09:38,821]: aromatic.uncharger.gap4 : 0.0077
[2019-08-14 19:09:38,822]: alphaticr.alphaticr.gap0 : 0.0077
[2019-08-14 19:09:38,822]: postivecharger.negativecharger.gap5 : 0.0076
[2019-08-14 19:09:38,822]: aromatic.negativecharger.gap0 : 0.0076
[2019-08-14 19:09:38,822]: aromatic.postivecharger.gap5 : 0.0076
[2019-08-14 19:09:38,822]: alphaticr.postivecharger.gap3 : 0.0076
[2019-08-14 19:09:38,822]: aromatic.uncharger.gap2 : 0.0076
[2019-08-14 19:09:38,822]: postivecharger.postivecharger.gap4 : 0.0076
[2019-08-14 19:09:38,822]: postivecharger.uncharger.gap5 : 0.0076
[2019-08-14 19:09:38,822]: uncharger.postivecharger.gap2 : 0.0076
[2019-08-14 19:09:38,822]: postivecharger.uncharger.gap3 : 0.0075
[2019-08-14 19:09:38,822]: alphaticr.aromatic.gap2 : 0.0075
[2019-08-14 19:09:38,822]: uncharger.postivecharger.gap1 : 0.0075
[2019-08-14 19:09:38,823]: alphaticr.postivecharger.gap2 : 0.0075
[2019-08-14 19:09:38,823]: uncharger.negativecharger.gap1 : 0.0075
[2019-08-14 19:09:38,823]: aromatic.alphaticr.gap4 : 0.0075
[2019-08-14 19:09:38,823]: postivecharger.alphaticr.gap3 : 0.0074
[2019-08-14 19:09:38,823]: uncharger.alphaticr.gap5 : 0.0074
[2019-08-14 19:09:38,823]: postivecharger.uncharger.gap0 : 0.0074
[2019-08-14 19:09:38,823]: negativecharger.alphaticr.gap4 : 0.0074
[2019-08-14 19:09:38,823]: postivecharger.aromatic.gap3 : 0.0074
[2019-08-14 19:09:38,823]: postivecharger.postivecharger.gap1 : 0.0074
[2019-08-14 19:09:38,823]: negativecharger.uncharger.gap2 : 0.0074
[2019-08-14 19:09:38,823]: alphaticr.alphaticr.gap4 : 0.0074
[2019-08-14 19:09:38,823]: postivecharger.alphaticr.gap0 : 0.0074
[2019-08-14 19:09:38,824]: uncharger.alphaticr.gap0 : 0.0074
[2019-08-14 19:09:38,824]: uncharger.aromatic.gap0 : 0.0073
[2019-08-14 19:09:38,824]: negativecharger.alphaticr.gap3 : 0.0073
[2019-08-14 19:09:38,824]: uncharger.uncharger.gap2 : 0.0073
[2019-08-14 19:09:38,824]: alphaticr.alphaticr.gap1 : 0.0073
[2019-08-14 19:09:38,824]: uncharger.alphaticr.gap2 : 0.0073
[2019-08-14 19:09:38,824]: alphaticr.negativecharger.gap3 : 0.0073
[2019-08-14 19:09:38,824]: uncharger.alphaticr.gap1 : 0.0073
[2019-08-14 19:09:38,824]: postivecharger.uncharger.gap2 : 0.0073
[2019-08-14 19:09:38,824]: negativecharger.alphaticr.gap0 : 0.0073
[2019-08-14 19:09:38,824]: postivecharger.uncharger.gap4 : 0.0073
[2019-08-14 19:09:38,825]: aromatic.negativecharger.gap5 : 0.0073
[2019-08-14 19:09:38,825]: uncharger.postivecharger.gap4 : 0.0073
[2019-08-14 19:09:38,825]: uncharger.postivecharger.gap5 : 0.0072
[2019-08-14 19:09:38,825]: negativecharger.aromatic.gap2 : 0.0072
[2019-08-14 19:09:38,825]: aromatic.uncharger.gap1 : 0.0072
[2019-08-14 19:09:38,825]: uncharger.negativecharger.gap5 : 0.0072
[2019-08-14 19:09:38,825]: uncharger.aromatic.gap4 : 0.0071
[2019-08-14 19:09:38,825]: postivecharger.alphaticr.gap1 : 0.0071
[2019-08-14 19:09:38,825]: postivecharger.aromatic.gap5 : 0.0070
[2019-08-14 19:09:38,825]: alphaticr.negativecharger.gap5 : 0.0070
[2019-08-14 19:09:38,825]: negativecharger.negativecharger.gap2 : 0.0070
[2019-08-14 19:09:38,825]: negativecharger.postivecharger.gap2 : 0.0069
[2019-08-14 19:09:38,826]: aromatic.postivecharger.gap4 : 0.0069
[2019-08-14 19:09:38,826]: aromatic.alphaticr.gap5 : 0.0069
[2019-08-14 19:09:38,826]: postivecharger.negativecharger.gap0 : 0.0069
[2019-08-14 19:09:38,826]: uncharger.aromatic.gap3 : 0.0068
[2019-08-14 19:09:38,826]: postivecharger.postivecharger.gap5 : 0.0067
[2019-08-14 19:09:38,826]: negativecharger.aromatic.gap3 : 0.0067
[2019-08-14 19:09:38,826]: negativecharger.alphaticr.gap5 : 0.0067
[2019-08-14 19:09:38,826]: negativecharger.postivecharger.gap4 : 0.0067
[2019-08-14 19:09:38,826]: negativecharger.uncharger.gap1 : 0.0067
[2019-08-14 19:09:38,827]: postivecharger.negativecharger.gap1 : 0.0066
[2019-08-14 19:09:38,827]: uncharger.alphaticr.gap3 : 0.0066
[2019-08-14 19:09:38,827]: postivecharger.aromatic.gap1 : 0.0066
[2019-08-14 19:09:38,827]: aromatic.aromatic.gap0 : 0.0066
[2019-08-14 19:09:38,827]: alphaticr.negativecharger.gap0 : 0.0066
[2019-08-14 19:09:38,827]: negativecharger.uncharger.gap5 : 0.0066
[2019-08-14 19:09:38,827]: aromatic.negativecharger.gap2 : 0.0065
[2019-08-14 19:09:38,827]: postivecharger.alphaticr.gap2 : 0.0065
[2019-08-14 19:09:38,827]: aromatic.negativecharger.gap1 : 0.0065
[2019-08-14 19:09:38,828]: aromatic.postivecharger.gap0 : 0.0065
[2019-08-14 19:09:38,828]: negativecharger.aromatic.gap1 : 0.0065
[2019-08-14 19:09:38,828]: alphaticr.uncharger.gap0 : 0.0065
[2019-08-14 19:09:38,828]: alphaticr.uncharger.gap5 : 0.0065
[2019-08-14 19:09:38,828]: postivecharger.negativecharger.gap2 : 0.0065
[2019-08-14 19:09:38,828]: aromatic.aromatic.gap5 : 0.0065
[2019-08-14 19:09:38,828]: postivecharger.postivecharger.gap2 : 0.0065
[2019-08-14 19:09:38,828]: negativecharger.postivecharger.gap1 : 0.0065
[2019-08-14 19:09:38,828]: aromatic.alphaticr.gap1 : 0.0064
[2019-08-14 19:09:38,829]: negativecharger.aromatic.gap5 : 0.0064
[2019-08-14 19:09:38,829]: negativecharger.negativecharger.gap4 : 0.0064
[2019-08-14 19:09:38,829]: alphaticr.negativecharger.gap4 : 0.0064
[2019-08-14 19:09:38,829]: alphaticr.postivecharger.gap5 : 0.0064
[2019-08-14 19:09:38,829]: uncharger.negativecharger.gap4 : 0.0064
[2019-08-14 19:09:38,829]: negativecharger.uncharger.gap4 : 0.0064
[2019-08-14 19:09:38,829]: negativecharger.negativecharger.gap5 : 0.0064
[2019-08-14 19:09:38,829]: postivecharger.negativecharger.gap4 : 0.0064
[2019-08-14 19:09:38,829]: uncharger.negativecharger.gap0 : 0.0064
[2019-08-14 19:09:38,830]: aromatic.postivecharger.gap3 : 0.0064
[2019-08-14 19:09:38,830]: negativecharger.alphaticr.gap1 : 0.0064
[2019-08-14 19:09:38,830]: alphaticr.aromatic.gap5 : 0.0064
[2019-08-14 19:09:38,830]: alphaticr.negativecharger.gap1 : 0.0064
[2019-08-14 19:09:38,830]: aromatic.aromatic.gap4 : 0.0063
[2019-08-14 19:09:38,830]: alphaticr.uncharger.gap2 : 0.0063
[2019-08-14 19:09:38,830]: alphaticr.postivecharger.gap4 : 0.0063
[2019-08-14 19:09:38,830]: negativecharger.postivecharger.gap0 : 0.0063
[2019-08-14 19:09:38,830]: postivecharger.uncharger.gap1 : 0.0063
[2019-08-14 19:09:38,831]: alphaticr.aromatic.gap1 : 0.0063
[2019-08-14 19:09:38,831]: aromatic.aromatic.gap1 : 0.0063
[2019-08-14 19:09:38,831]: uncharger.negativecharger.gap2 : 0.0063
[2019-08-14 19:09:38,831]: postivecharger.aromatic.gap4 : 0.0063
[2019-08-14 19:09:38,831]: uncharger.aromatic.gap2 : 0.0063
[2019-08-14 19:09:38,831]: alphaticr.alphaticr.gap3 : 0.0063
[2019-08-14 19:09:38,831]: postivecharger.alphaticr.gap4 : 0.0063
[2019-08-14 19:09:38,831]: negativecharger.negativecharger.gap1 : 0.0063
[2019-08-14 19:09:38,831]: postivecharger.alphaticr.gap5 : 0.0062
[2019-08-14 19:09:38,832]: alphaticr.alphaticr.gap2 : 0.0062
[2019-08-14 19:09:38,832]: negativecharger.uncharger.gap0 : 0.0062
[2019-08-14 19:09:38,832]: postivecharger.postivecharger.gap0 : 0.0062
[2019-08-14 19:09:38,832]: negativecharger.aromatic.gap4 : 0.0062
[2019-08-14 19:09:38,832]: alphaticr.postivecharger.gap1 : 0.0062
[2019-08-14 19:09:38,832]: postivecharger.aromatic.gap2 : 0.0062
[2019-08-14 19:09:38,832]: aromatic.aromatic.gap2 : 0.0062
[2019-08-14 19:09:38,832]: alphaticr.negativecharger.gap2 : 0.0062
[2019-08-14 19:09:38,832]: negativecharger.postivecharger.gap3 : 0.0062
[2019-08-14 19:09:38,832]: negativecharger.negativecharger.gap0 : 0.0062
[2019-08-14 19:09:38,832]: aromatic.negativecharger.gap3 : 0.0062
[2019-08-14 19:09:38,833]: alphaticr.aromatic.gap3 : 0.0062
[2019-08-14 19:09:38,833]: postivecharger.aromatic.gap0 : 0.0062
[2019-08-14 19:09:38,833]: negativecharger.alphaticr.gap2 : 0.0061
[2019-08-14 19:09:38,833]: alphaticr.aromatic.gap0 : 0.0061
[2019-08-14 19:09:38,833]: negativecharger.aromatic.gap0 : 0.0061
[2019-08-14 19:09:38,833]: negativecharger.postivecharger.gap5 : 0.0061
[2019-08-14 19:09:38,833]: uncharger.uncharger.gap0 : 0.0061
[2019-08-14 19:09:38,833]: aromatic.postivecharger.gap1 : 0.0061
[2019-08-14 19:09:38,833]: aromatic.uncharger.gap3 : 0.0061
[2019-08-14 19:09:38,833]: negativecharger.uncharger.gap3 : 0.0061
[2019-08-14 19:09:38,833]: aromatic.negativecharger.gap4 : 0.0061
[2019-08-14 19:09:38,833]: uncharger.negativecharger.gap3 : 0.0061
[2019-08-14 19:09:38,834]: uncharger.uncharger.gap1 : 0.0060
[2019-08-14 19:09:38,834]: negativecharger.negativecharger.gap3 : 0.0060
[2019-08-14 19:09:38,834]: alphaticr.aromatic.gap4 : 0.0059
[2019-08-14 19:09:38,834]: aromatic.postivecharger.gap2 : 0.0059
[2019-08-14 19:09:38,834]: uncharger.uncharger.gap4 : 0.0059
[2019-08-14 19:09:38,834]: uncharger.alphaticr.gap4 : 0.0058
[2019-08-14 19:09:38,834]: alphaticr.postivecharger.gap0 : 0.0057
[2019-08-14 19:09:38,834]: uncharger.postivecharger.gap3 : 0.0056
[2019-08-14 19:09:38,834]: postivecharger.postivecharger.gap3 : 0.0056
[2019-08-14 19:09:38,834]: alphaticr.uncharger.gap3 : 0.0055
[2019-08-14 19:09:38,834]: alphaticr.uncharger.gap4 : 0.0055
[2019-08-14 19:09:38,834]: aromatic.alphaticr.gap0 : 0.0055
[2019-08-14 19:09:38,835]: alphaticr.uncharger.gap1 : 0.0055
[2019-08-14 19:09:38,835]: aromatic.alphaticr.gap2 : 0.0055
[2019-08-14 19:09:38,835]: postivecharger.negativecharger.gap3 : 0.0054
[2019-08-14 19:09:38,835]: uncharger.uncharger.gap5 : 0.0051
[2019-08-14 19:09:38,835]: aromatic.aromatic.gap3 : 0.0051
[2019-08-14 19:09:38,835]: aromatic.alphaticr.gap3 : 0.0051
[2019-08-14 19:09:38,835]: feature_rank end
[2019-08-14 19:09:38,869]: Start dimension reduction ...
[2019-08-14 19:09:52,514]: length=1 accuarcy=0.4991 f1=0.5003 precision=0.5007 recall=0.5000 roc=0.4980 
[2019-08-14 19:10:05,387]: length=2 accuarcy=0.4783 f1=0.4825 precision=0.4838 recall=0.4818 roc=0.4811 
[2019-08-14 19:10:18,679]: length=3 accuarcy=0.5155 f1=0.5139 precision=0.5138 recall=0.5182 roc=0.5110 
[2019-08-14 19:10:33,058]: length=4 accuarcy=0.6520 f1=0.6532 precision=0.6535 recall=0.6545 roc=0.6500 
