[2019-08-15 16:36:28,027]: ---mrmd 2.0 start----
[2019-08-15 16:36:28,075]: ANOVA start...
[2019-08-15 16:36:28,090]: ANOVA end.
[2019-08-15 16:36:28,092]: mic start...
[2019-08-15 16:36:33,910]: mic end.
[2019-08-15 16:36:33,910]: mrmd start...
[2019-08-15 16:36:34,174]: mrmd end.
[2019-08-15 16:36:34,174]: mRMR start...
[2019-08-15 16:36:34,304]: mRMR end.
[2019-08-15 16:36:34,304]: lasso start...
[2019-08-15 16:36:34,332]: lasso end.
[2019-08-15 16:36:34,332]: lasso2 start...
[2019-08-15 16:36:35,115]: lasso2 end.
[2019-08-15 16:36:35,119]: rank start ...
[2019-08-15 16:36:35,133]: The final  rank is
[2019-08-15 16:36:35,134]: Janin_P : 0.0092
[2019-08-15 16:36:35,134]: Engelman_GES_R : 0.0075
[2019-08-15 16:36:35,134]: Cornette_C : 0.0072
[2019-08-15 16:36:35,135]: Janin_D : 0.0072
[2019-08-15 16:36:35,135]: Rose_I : 0.0071
[2019-08-15 16:36:35,135]: Hopp_Woods_R : 0.0070
[2019-08-15 16:36:35,135]: Cornette_T : 0.0070
[2019-08-15 16:36:35,135]: Cornette_P : 0.0070
[2019-08-15 16:36:35,135]: hydrophily : 0.0069
[2019-08-15 16:36:35,135]: Cornette_V : 0.0068
[2019-08-15 16:36:35,135]: Rose_S : 0.0068
[2019-08-15 16:36:35,135]: Janin_Q : 0.0068
[2019-08-15 16:36:35,135]: polar : 0.0068
[2019-08-15 16:36:35,135]: Engelman_GES_D : 0.0068
[2019-08-15 16:36:35,136]: Kyte_Doolittle_I : 0.0067
[2019-08-15 16:36:35,136]: Eisenberg_R : 0.0067
[2019-08-15 16:36:35,136]: Cornette_F : 0.0066
[2019-08-15 16:36:35,136]: Cornette_L : 0.0066
[2019-08-15 16:36:35,136]: Kyte_Doolittle_A : 0.0066
[2019-08-15 16:36:35,136]: basic_polar : 0.0066
[2019-08-15 16:36:35,136]: Janin_R : 0.0066
[2019-08-15 16:36:35,136]: Engelman_GES_S : 0.0065
[2019-08-15 16:36:35,136]: Hopp_Woods_A : 0.0065
[2019-08-15 16:36:35,136]: Eisenberg_N : 0.0065
[2019-08-15 16:36:35,136]: Hopp_Woods_D : 0.0065
[2019-08-15 16:36:35,136]: Janin_T : 0.0064
[2019-08-15 16:36:35,136]: Hopp_Woods_I : 0.0064
[2019-08-15 16:36:35,137]: Engelman_GES_Q : 0.0064
[2019-08-15 16:36:35,137]: Rose_L : 0.0064
[2019-08-15 16:36:35,137]: Rose_H : 0.0063
[2019-08-15 16:36:35,137]: Rose_T : 0.0063
[2019-08-15 16:36:35,137]: Rose_R : 0.0062
[2019-08-15 16:36:35,137]: Janin_N : 0.0062
[2019-08-15 16:36:35,137]: Cornette_K : 0.0062
[2019-08-15 16:36:35,137]: Engelman_GES_N : 0.0062
[2019-08-15 16:36:35,137]: Engelman_GES_W : 0.0062
[2019-08-15 16:36:35,137]: Rose_W : 0.0061
[2019-08-15 16:36:35,137]: Engelman_GES_G : 0.0061
[2019-08-15 16:36:35,137]: Janin_V : 0.0060
[2019-08-15 16:36:35,138]: Kyte_Doolittle_C : 0.0060
[2019-08-15 16:36:35,138]: Cornette_W : 0.0059
[2019-08-15 16:36:35,138]: Janin_S : 0.0059
[2019-08-15 16:36:35,138]: Eisenberg_S : 0.0059
[2019-08-15 16:36:35,138]: Janin_M : 0.0059
[2019-08-15 16:36:35,138]: Hopp_Woods_T : 0.0059
[2019-08-15 16:36:35,138]: Cornette_Y : 0.0059
[2019-08-15 16:36:35,138]: Kyte_Doolittle_Y : 0.0059
[2019-08-15 16:36:35,138]: Kyte_Doolittle_Q : 0.0059
[2019-08-15 16:36:35,138]: Eisenberg_W : 0.0059
[2019-08-15 16:36:35,138]: moderate : 0.0058
[2019-08-15 16:36:35,138]: Engelman_GES_L : 0.0058
[2019-08-15 16:36:35,138]: nonpolar : 0.0058
[2019-08-15 16:36:35,139]: C : 0.0058
[2019-08-15 16:36:35,139]: alphatic : 0.0058
[2019-08-15 16:36:35,139]: Hopp_Woods_E : 0.0057
[2019-08-15 16:36:35,139]: G : 0.0057
[2019-08-15 16:36:35,139]: W : 0.0057
[2019-08-15 16:36:35,139]: Hopp_Woods_N : 0.0057
[2019-08-15 16:36:35,139]: aliphatic : 0.0057
[2019-08-15 16:36:35,139]: negative : 0.0057
[2019-08-15 16:36:35,139]: Kyte_Doolittle_W : 0.0057
[2019-08-15 16:36:35,139]: Kyte_Doolittle_K : 0.0057
[2019-08-15 16:36:35,139]: P : 0.0057
[2019-08-15 16:36:35,140]: D : 0.0057
[2019-08-15 16:36:35,140]: Eisenberg_L : 0.0057
[2019-08-15 16:36:35,140]: Eisenberg_Y : 0.0057
[2019-08-15 16:36:35,140]: Rose_M : 0.0057
[2019-08-15 16:36:35,140]: postivecharge : 0.0057
[2019-08-15 16:36:35,140]: Engelman_GES_K : 0.0057
[2019-08-15 16:36:35,140]: Kyte_Doolittle_H : 0.0057
[2019-08-15 16:36:35,140]: Hopp_Woods_H : 0.0056
[2019-08-15 16:36:35,140]: Hopp_Woods_F : 0.0056
[2019-08-15 16:36:35,140]: Eisenberg_I : 0.0056
[2019-08-15 16:36:35,140]: Cornette_I : 0.0056
[2019-08-15 16:36:35,140]: Cornette_H : 0.0056
[2019-08-15 16:36:35,141]: Janin_W : 0.0056
[2019-08-15 16:36:35,141]: Kyte_Doolittle_F : 0.0056
[2019-08-15 16:36:35,141]: Engelman_GES_I : 0.0056
[2019-08-15 16:36:35,141]: Engelman_GES_M : 0.0056
[2019-08-15 16:36:35,141]: Engelman_GES_V : 0.0056
[2019-08-15 16:36:35,141]: Kyte_Doolittle_L : 0.0056
[2019-08-15 16:36:35,141]: positve : 0.0056
[2019-08-15 16:36:35,141]: Janin_L : 0.0056
[2019-08-15 16:36:35,141]: Janin_F : 0.0055
[2019-08-15 16:36:35,141]: Hopp_Woods_V : 0.0055
[2019-08-15 16:36:35,141]: Cornette_A : 0.0055
[2019-08-15 16:36:35,141]: T : 0.0055
[2019-08-15 16:36:35,142]: I : 0.0055
[2019-08-15 16:36:35,142]: Hopp_Woods_S : 0.0055
[2019-08-15 16:36:35,142]: Eisenberg_D : 0.0055
[2019-08-15 16:36:35,142]: Cornette_D : 0.0055
[2019-08-15 16:36:35,142]: H : 0.0055
[2019-08-15 16:36:35,142]: Kyte_Doolittle_N : 0.0055
[2019-08-15 16:36:35,142]: Cornette_E : 0.0055
[2019-08-15 16:36:35,142]: Rose_F : 0.0055
[2019-08-15 16:36:35,142]: A : 0.0055
[2019-08-15 16:36:35,142]: S : 0.0055
[2019-08-15 16:36:35,142]: Janin_E : 0.0055
[2019-08-15 16:36:35,142]: Kyte_Doolittle_D : 0.0055
[2019-08-15 16:36:35,143]: aromatic : 0.0055
[2019-08-15 16:36:35,143]: Engelman_GES_A : 0.0055
[2019-08-15 16:36:35,143]: Eisenberg_G : 0.0055
[2019-08-15 16:36:35,143]: Engelman_GES_F : 0.0055
[2019-08-15 16:36:35,143]: Rose_C : 0.0055
[2019-08-15 16:36:35,143]: Kyte_Doolittle_E : 0.0055
[2019-08-15 16:36:35,143]: Kyte_Doolittle_V : 0.0055
[2019-08-15 16:36:35,143]: Rose_A : 0.0055
[2019-08-15 16:36:35,143]: R : 0.0055
[2019-08-15 16:36:35,143]: Engelman_GES_E : 0.0055
[2019-08-15 16:36:35,143]: Eisenberg_K : 0.0055
[2019-08-15 16:36:35,143]: Hopp_Woods_L : 0.0054
[2019-08-15 16:36:35,144]: Janin_Y : 0.0054
[2019-08-15 16:36:35,144]: Rose_D : 0.0054
[2019-08-15 16:36:35,144]: Rose_P : 0.0054
[2019-08-15 16:36:35,144]: Eisenberg_F : 0.0054
[2019-08-15 16:36:35,144]: Kyte_Doolittle_S : 0.0054
[2019-08-15 16:36:35,144]: Q : 0.0054
[2019-08-15 16:36:35,144]: Kyte_Doolittle_G : 0.0054
[2019-08-15 16:36:35,144]: Hopp_Woods_C : 0.0054
[2019-08-15 16:36:35,144]: F : 0.0054
[2019-08-15 16:36:35,144]: Janin_H : 0.0054
[2019-08-15 16:36:35,144]: Cornette_S : 0.0054
[2019-08-15 16:36:35,144]: Cornette_M : 0.0054
[2019-08-15 16:36:35,144]: Engelman_GES_Y : 0.0054
[2019-08-15 16:36:35,145]: hydrophobicity : 0.0054
[2019-08-15 16:36:35,145]: E : 0.0054
[2019-08-15 16:36:35,145]: L : 0.0054
[2019-08-15 16:36:35,145]: Rose_E : 0.0054
[2019-08-15 16:36:35,145]: V : 0.0054
[2019-08-15 16:36:35,145]: negativecharge : 0.0054
[2019-08-15 16:36:35,145]: Eisenberg_V : 0.0054
[2019-08-15 16:36:35,145]: K : 0.0053
[2019-08-15 16:36:35,145]: Hopp_Woods_K : 0.0053
[2019-08-15 16:36:35,145]: Janin_I : 0.0053
[2019-08-15 16:36:35,145]: Eisenberg_H : 0.0053
[2019-08-15 16:36:35,146]: Rose_N : 0.0053
[2019-08-15 16:36:35,146]: Janin_K : 0.0053
[2019-08-15 16:36:35,146]: Hopp_Woods_Y : 0.0053
[2019-08-15 16:36:35,146]: Eisenberg_P : 0.0053
[2019-08-15 16:36:35,146]: N : 0.0053
[2019-08-15 16:36:35,146]: Hopp_Woods_W : 0.0053
[2019-08-15 16:36:35,146]: Engelman_GES_P : 0.0053
[2019-08-15 16:36:35,146]: uncharge : 0.0053
[2019-08-15 16:36:35,146]: Rose_Q : 0.0053
[2019-08-15 16:36:35,146]: Hopp_Woods_Q : 0.0053
[2019-08-15 16:36:35,146]: Rose_V : 0.0053
[2019-08-15 16:36:35,146]: Janin_A : 0.0052
[2019-08-15 16:36:35,147]: Kyte_Doolittle_R : 0.0052
[2019-08-15 16:36:35,147]: Janin_C : 0.0052
[2019-08-15 16:36:35,147]: Y : 0.0052
[2019-08-15 16:36:35,147]: Eisenberg_A : 0.0052
[2019-08-15 16:36:35,147]: Cornette_Q : 0.0052
[2019-08-15 16:36:35,147]: heterocyclics : 0.0052
[2019-08-15 16:36:35,147]: Kyte_Doolittle_M : 0.0051
[2019-08-15 16:36:35,147]: Kyte_Doolittle_P : 0.0051
[2019-08-15 16:36:35,147]: Engelman_GES_H : 0.0051
[2019-08-15 16:36:35,147]: Engelman_GES_T : 0.0051
[2019-08-15 16:36:35,147]: Rose_K : 0.0050
[2019-08-15 16:36:35,147]: neutral : 0.0050
[2019-08-15 16:36:35,147]: Eisenberg_C : 0.0050
[2019-08-15 16:36:35,148]: Eisenberg_E : 0.0050
[2019-08-15 16:36:35,148]: Engelman_GES_C : 0.0050
[2019-08-15 16:36:35,148]: Eisenberg_M : 0.0049
[2019-08-15 16:36:35,148]: Hopp_Woods_M : 0.0048
[2019-08-15 16:36:35,148]: Kyte_Doolittle_T : 0.0046
[2019-08-15 16:36:35,148]: acidic_polar : 0.0045
[2019-08-15 16:36:35,148]: Cornette_R : 0.0045
[2019-08-15 16:36:35,148]: Eisenberg_Q : 0.0044
[2019-08-15 16:36:35,148]: M : 0.0044
[2019-08-15 16:36:35,148]: Janin_G : 0.0044
[2019-08-15 16:36:35,148]: Rose_Y : 0.0044
[2019-08-15 16:36:35,148]: Rose_G : 0.0043
[2019-08-15 16:36:35,148]: aromatic.1 : 0.0043
[2019-08-15 16:36:35,149]: Eisenberg_T : 0.0039
[2019-08-15 16:36:35,149]: Cornette_N : 0.0035
[2019-08-15 16:36:35,149]: Cornette_G : 0.0030
[2019-08-15 16:36:35,149]: Hopp_Woods_G : 0.0025
[2019-08-15 16:36:35,149]: Hopp_Woods_P : 0.0020
[2019-08-15 16:36:35,149]: feature_rank end
[2019-08-15 16:36:35,170]: Start dimension reduction ...
[2019-08-15 16:36:39,633]: length=1 f1=0.7382 accuarcy=0.7609 precision=0.8329 recall=0.7609 roc=0.7317 
[2019-08-15 16:36:44,210]: length=6 f1=0.8910 accuarcy=0.8913 precision=0.8915 recall=0.8913 roc=0.8876 
[2019-08-15 16:36:48,703]: length=11 f1=0.8143 accuarcy=0.8152 precision=0.8152 recall=0.8152 roc=0.8094 
[2019-08-15 16:36:53,235]: length=16 f1=0.8696 accuarcy=0.8696 precision=0.8696 recall=0.8696 roc=0.8680 
[2019-08-15 16:36:57,691]: length=21 f1=0.8803 accuarcy=0.8804 precision=0.8803 recall=0.8804 roc=0.8778 
[2019-08-15 16:37:02,005]: length=26 f1=0.8692 accuarcy=0.8696 precision=0.8696 recall=0.8696 roc=0.8656 
[2019-08-15 16:37:06,687]: length=31 f1=0.8478 accuarcy=0.8478 precision=0.8478 recall=0.8478 roc=0.8460 
[2019-08-15 16:37:11,232]: length=36 f1=0.8696 accuarcy=0.8696 precision=0.8696 recall=0.8696 roc=0.8680 
[2019-08-15 16:37:15,657]: length=41 f1=0.8910 accuarcy=0.8913 precision=0.8915 recall=0.8913 roc=0.8876 
[2019-08-15 16:37:20,116]: length=46 f1=0.8692 accuarcy=0.8696 precision=0.8696 recall=0.8696 roc=0.8656 
[2019-08-15 16:37:24,478]: length=51 f1=0.8478 accuarcy=0.8478 precision=0.8478 recall=0.8478 roc=0.8460 
[2019-08-15 16:37:29,233]: length=56 f1=0.8474 accuarcy=0.8478 precision=0.8478 recall=0.8478 roc=0.8436 
[2019-08-15 16:37:33,995]: length=61 f1=0.8478 accuarcy=0.8478 precision=0.8478 recall=0.8478 roc=0.8460 
[2019-08-15 16:37:38,544]: length=66 f1=0.8367 accuarcy=0.8370 precision=0.8367 recall=0.8370 roc=0.8338 
[2019-08-15 16:37:43,349]: length=71 f1=0.8474 accuarcy=0.8478 precision=0.8478 recall=0.8478 roc=0.8436 
[2019-08-15 16:37:47,749]: length=76 f1=0.8580 accuarcy=0.8587 precision=0.8592 recall=0.8587 roc=0.8534 
[2019-08-15 16:37:52,103]: length=81 f1=0.8362 accuarcy=0.8370 precision=0.8372 recall=0.8370 roc=0.8314 
[2019-08-15 16:37:56,757]: length=86 f1=0.8574 accuarcy=0.8587 precision=0.8614 recall=0.8587 roc=0.8510 
[2019-08-15 16:38:01,151]: length=91 f1=0.8585 accuarcy=0.8587 precision=0.8585 recall=0.8587 roc=0.8558 
[2019-08-15 16:38:05,820]: length=96 f1=0.8580 accuarcy=0.8587 precision=0.8592 recall=0.8587 roc=0.8534 
[2019-08-15 16:38:10,394]: length=101 f1=0.8474 accuarcy=0.8478 precision=0.8478 recall=0.8478 roc=0.8436 
[2019-08-15 16:38:14,742]: length=106 f1=0.8367 accuarcy=0.8370 precision=0.8367 recall=0.8370 roc=0.8338 
[2019-08-15 16:38:19,147]: length=111 f1=0.8474 accuarcy=0.8478 precision=0.8478 recall=0.8478 roc=0.8436 
[2019-08-15 16:38:23,955]: length=116 f1=0.8478 accuarcy=0.8478 precision=0.8478 recall=0.8478 roc=0.8460 
[2019-08-15 16:38:28,518]: length=121 f1=0.8580 accuarcy=0.8587 precision=0.8592 recall=0.8587 roc=0.8534 
[2019-08-15 16:38:32,892]: length=126 f1=0.8580 accuarcy=0.8587 precision=0.8592 recall=0.8587 roc=0.8534 
[2019-08-15 16:38:37,973]: length=131 f1=0.8574 accuarcy=0.8587 precision=0.8614 recall=0.8587 roc=0.8510 
[2019-08-15 16:38:42,898]: length=136 f1=0.8355 accuarcy=0.8370 precision=0.8391 recall=0.8370 roc=0.8290 
[2019-08-15 16:38:47,506]: length=141 f1=0.8474 accuarcy=0.8478 precision=0.8478 recall=0.8478 roc=0.8436 
[2019-08-15 16:38:52,199]: length=146 f1=0.8580 accuarcy=0.8587 precision=0.8592 recall=0.8587 roc=0.8534 
[2019-08-15 16:38:56,537]: length=151 f1=0.8362 accuarcy=0.8370 precision=0.8372 recall=0.8370 roc=0.8314 
[2019-08-15 16:39:00,928]: length=156 f1=0.8474 accuarcy=0.8478 precision=0.8478 recall=0.8478 roc=0.8436 
[2019-08-15 16:39:06,187]: length=161 f1=0.8460 accuarcy=0.8478 precision=0.8518 recall=0.8478 roc=0.8388 
[2019-08-15 16:39:11,544]: length=166 f1=0.8362 accuarcy=0.8370 precision=0.8372 recall=0.8370 roc=0.8314 
[2019-08-15 16:39:16,007]: length=171 f1=0.8687 accuarcy=0.8696 precision=0.8712 recall=0.8696 roc=0.8632 
[2019-08-15 16:39:20,057]: length=176 f1=0.8362 accuarcy=0.8370 precision=0.8372 recall=0.8370 roc=0.8314 
[2019-08-15 16:39:24,616]: length=178 f1=0.8468 accuarcy=0.8478 precision=0.8491 recall=0.8478 roc=0.8412 
[2019-08-15 16:39:24,617]: ----------
[2019-08-15 16:39:24,617]: the max f1 = 0.8910
[2019-08-15 16:39:24,618]: ['Janin_P' 'Engelman_GES_R' 'Cornette_C' 'Janin_D' 'Rose_I' 'Hopp_Woods_R'],length = 6
[2019-08-15 16:39:24,618]: -----------
[2019-08-15 16:39:28,916]: ***confusion matrix***
[2019-08-15 16:39:28,916]:                pos_class      neg_class      
[2019-08-15 16:39:28,917]: pos_class      TP:35             FN:6              
[2019-08-15 16:39:28,917]: neg_class      FP:4              TN:47             
[2019-08-15 16:39:28,917]: f1 =0.8910 
[2019-08-15 16:39:28,918]: accuarcy = 0.8913 
[2019-08-15 16:39:28,919]: precision =0.8915 
[2019-08-15 16:39:28,919]: recall =0.8913
[2019-08-15 16:39:28,920]: roc area = 0.8876
[2019-08-15 16:39:28,927]: -----------
[2019-08-15 16:39:28,927]: The output by the terminal's log has been saved in the J:\多设备共享\work\MRMD2.0-github\Logs\201908151636.log.
[2019-08-15 16:39:28,927]: metrics have been saved in the J:\多设备共享\work\MRMD2.0-github\Results\meteixa.csv.
[2019-08-15 16:39:28,927]: reduced dimensional dataset has been saved in the J:\多设备共享\work\MRMD2.0-github\Results\rd.csv.
[2019-08-15 16:39:28,927]: ---mrmd 2.0 end---
