[2019-08-27 15:54:31,588]: ---mrmd 2.0 start----
[2019-08-27 15:54:31,688]: ANOVA start...
[2019-08-27 15:54:31,709]: ANOVA end.
[2019-08-27 15:54:31,709]: mic start...
[2019-08-27 15:54:42,481]: mic end.
[2019-08-27 15:54:42,481]: mrmd start...
[2019-08-27 15:54:42,681]: mrmd end.
[2019-08-27 15:54:42,681]: mRMR start...
[2019-08-27 15:54:45,386]: mRMR end.
[2019-08-27 15:54:45,386]: lasso start...
[2019-08-27 15:54:45,429]: lasso end.
[2019-08-27 15:54:45,429]: chi2 start...
[2019-08-27 15:54:45,455]: chi2 end.
[2019-08-27 15:54:45,456]: ref start...
[2019-08-27 15:54:46,309]: ref end.
[2019-08-27 15:54:46,313]: rank start ...
[2019-08-27 15:54:46,323]: The final  rank is
[2019-08-27 15:54:46,324]: negativecharger.aromatic.gap2 : 0.0078
[2019-08-27 15:54:46,324]: aromatic.postivecharger.gap5 : 0.0078
[2019-08-27 15:54:46,324]: postivecharger.negativecharger.gap5 : 0.0078
[2019-08-27 15:54:46,324]: aromatic.uncharger.gap5 : 0.0078
[2019-08-27 15:54:46,324]: uncharger.aromatic.gap1 : 0.0078
[2019-08-27 15:54:46,324]: aromatic.uncharger.gap1 : 0.0078
[2019-08-27 15:54:46,324]: negativecharger.alphaticr.gap4 : 0.0078
[2019-08-27 15:54:46,324]: alphaticr.alphaticr.gap5 : 0.0077
[2019-08-27 15:54:46,324]: uncharger.uncharger.gap2 : 0.0076
[2019-08-27 15:54:46,324]: alphaticr.postivecharger.gap3 : 0.0076
[2019-08-27 15:54:46,324]: uncharger.postivecharger.gap1 : 0.0076
[2019-08-27 15:54:46,325]: uncharger.alphaticr.gap0 : 0.0076
[2019-08-27 15:54:46,325]: negativecharger.alphaticr.gap3 : 0.0076
[2019-08-27 15:54:46,325]: alphaticr.alphaticr.gap0 : 0.0075
[2019-08-27 15:54:46,325]: postivecharger.uncharger.gap3 : 0.0075
[2019-08-27 15:54:46,325]: alphaticr.aromatic.gap2 : 0.0075
[2019-08-27 15:54:46,325]: postivecharger.aromatic.gap3 : 0.0075
[2019-08-27 15:54:46,325]: uncharger.alphaticr.gap5 : 0.0075
[2019-08-27 15:54:46,325]: uncharger.aromatic.gap0 : 0.0074
[2019-08-27 15:54:46,325]: postivecharger.postivecharger.gap1 : 0.0074
[2019-08-27 15:54:46,325]: alphaticr.negativecharger.gap3 : 0.0074
[2019-08-27 15:54:46,326]: uncharger.uncharger.gap3 : 0.0074
[2019-08-27 15:54:46,326]: aromatic.negativecharger.gap5 : 0.0074
[2019-08-27 15:54:46,326]: aromatic.uncharger.gap4 : 0.0073
[2019-08-27 15:54:46,326]: uncharger.negativecharger.gap1 : 0.0073
[2019-08-27 15:54:46,326]: alphaticr.alphaticr.gap4 : 0.0073
[2019-08-27 15:54:46,326]: aromatic.alphaticr.gap4 : 0.0073
[2019-08-27 15:54:46,326]: aromatic.negativecharger.gap0 : 0.0073
[2019-08-27 15:54:46,326]: postivecharger.alphaticr.gap1 : 0.0073
[2019-08-27 15:54:46,326]: postivecharger.uncharger.gap0 : 0.0073
[2019-08-27 15:54:46,326]: alphaticr.alphaticr.gap1 : 0.0073
[2019-08-27 15:54:46,326]: uncharger.postivecharger.gap0 : 0.0073
[2019-08-27 15:54:46,327]: postivecharger.uncharger.gap2 : 0.0073
[2019-08-27 15:54:46,327]: alphaticr.aromatic.gap0 : 0.0073
[2019-08-27 15:54:46,327]: uncharger.alphaticr.gap1 : 0.0072
[2019-08-27 15:54:46,327]: postivecharger.alphaticr.gap0 : 0.0072
[2019-08-27 15:54:46,327]: postivecharger.uncharger.gap4 : 0.0072
[2019-08-27 15:54:46,327]: uncharger.postivecharger.gap2 : 0.0072
[2019-08-27 15:54:46,327]: uncharger.aromatic.gap5 : 0.0072
[2019-08-27 15:54:46,327]: uncharger.aromatic.gap3 : 0.0072
[2019-08-27 15:54:46,327]: uncharger.postivecharger.gap4 : 0.0072
[2019-08-27 15:54:46,327]: negativecharger.alphaticr.gap0 : 0.0071
[2019-08-27 15:54:46,328]: aromatic.uncharger.gap0 : 0.0071
[2019-08-27 15:54:46,328]: postivecharger.postivecharger.gap4 : 0.0071
[2019-08-27 15:54:46,328]: negativecharger.uncharger.gap2 : 0.0071
[2019-08-27 15:54:46,328]: uncharger.alphaticr.gap2 : 0.0071
[2019-08-27 15:54:46,328]: alphaticr.negativecharger.gap5 : 0.0070
[2019-08-27 15:54:46,328]: aromatic.postivecharger.gap4 : 0.0070
[2019-08-27 15:54:46,328]: negativecharger.aromatic.gap3 : 0.0070
[2019-08-27 15:54:46,328]: uncharger.postivecharger.gap5 : 0.0069
[2019-08-27 15:54:46,328]: aromatic.negativecharger.gap1 : 0.0069
[2019-08-27 15:54:46,328]: postivecharger.uncharger.gap5 : 0.0068
[2019-08-27 15:54:46,328]: negativecharger.postivecharger.gap1 : 0.0068
[2019-08-27 15:54:46,329]: aromatic.uncharger.gap2 : 0.0068
[2019-08-27 15:54:46,329]: alphaticr.negativecharger.gap0 : 0.0068
[2019-08-27 15:54:46,329]: postivecharger.alphaticr.gap5 : 0.0068
[2019-08-27 15:54:46,329]: negativecharger.alphaticr.gap1 : 0.0068
[2019-08-27 15:54:46,329]: negativecharger.uncharger.gap1 : 0.0068
[2019-08-27 15:54:46,329]: alphaticr.aromatic.gap1 : 0.0068
[2019-08-27 15:54:46,329]: aromatic.aromatic.gap4 : 0.0068
[2019-08-27 15:54:46,329]: aromatic.aromatic.gap0 : 0.0068
[2019-08-27 15:54:46,329]: negativecharger.alphaticr.gap5 : 0.0067
[2019-08-27 15:54:46,329]: negativecharger.postivecharger.gap2 : 0.0067
[2019-08-27 15:54:46,329]: uncharger.aromatic.gap4 : 0.0066
[2019-08-27 15:54:46,330]: aromatic.aromatic.gap1 : 0.0066
[2019-08-27 15:54:46,330]: aromatic.alphaticr.gap1 : 0.0066
[2019-08-27 15:54:46,330]: alphaticr.alphaticr.gap2 : 0.0066
[2019-08-27 15:54:46,330]: alphaticr.uncharger.gap4 : 0.0066
[2019-08-27 15:54:46,330]: negativecharger.uncharger.gap5 : 0.0066
[2019-08-27 15:54:46,330]: postivecharger.aromatic.gap4 : 0.0066
[2019-08-27 15:54:46,330]: postivecharger.negativecharger.gap0 : 0.0066
[2019-08-27 15:54:46,330]: uncharger.negativecharger.gap5 : 0.0066
[2019-08-27 15:54:46,330]: negativecharger.aromatic.gap5 : 0.0066
[2019-08-27 15:54:46,330]: postivecharger.aromatic.gap2 : 0.0065
[2019-08-27 15:54:46,331]: alphaticr.postivecharger.gap2 : 0.0065
[2019-08-27 15:54:46,331]: aromatic.aromatic.gap5 : 0.0065
[2019-08-27 15:54:46,331]: aromatic.negativecharger.gap3 : 0.0065
[2019-08-27 15:54:46,331]: aromatic.postivecharger.gap0 : 0.0065
[2019-08-27 15:54:46,331]: alphaticr.negativecharger.gap1 : 0.0065
[2019-08-27 15:54:46,331]: alphaticr.uncharger.gap5 : 0.0065
[2019-08-27 15:54:46,331]: negativecharger.negativecharger.gap2 : 0.0065
[2019-08-27 15:54:46,331]: postivecharger.postivecharger.gap0 : 0.0065
[2019-08-27 15:54:46,331]: uncharger.alphaticr.gap3 : 0.0065
[2019-08-27 15:54:46,331]: alphaticr.aromatic.gap5 : 0.0065
[2019-08-27 15:54:46,331]: alphaticr.uncharger.gap3 : 0.0065
[2019-08-27 15:54:46,331]: uncharger.aromatic.gap2 : 0.0065
[2019-08-27 15:54:46,332]: negativecharger.postivecharger.gap0 : 0.0065
[2019-08-27 15:54:46,332]: negativecharger.aromatic.gap0 : 0.0065
[2019-08-27 15:54:46,332]: negativecharger.alphaticr.gap2 : 0.0065
[2019-08-27 15:54:46,332]: aromatic.postivecharger.gap3 : 0.0065
[2019-08-27 15:54:46,332]: postivecharger.negativecharger.gap4 : 0.0065
[2019-08-27 15:54:46,332]: aromatic.negativecharger.gap4 : 0.0064
[2019-08-27 15:54:46,332]: uncharger.alphaticr.gap4 : 0.0064
[2019-08-27 15:54:46,332]: uncharger.negativecharger.gap4 : 0.0064
[2019-08-27 15:54:46,332]: negativecharger.negativecharger.gap1 : 0.0064
[2019-08-27 15:54:46,332]: aromatic.aromatic.gap3 : 0.0064
[2019-08-27 15:54:46,332]: postivecharger.postivecharger.gap2 : 0.0064
[2019-08-27 15:54:46,333]: postivecharger.aromatic.gap1 : 0.0064
[2019-08-27 15:54:46,333]: negativecharger.uncharger.gap0 : 0.0064
[2019-08-27 15:54:46,333]: postivecharger.alphaticr.gap2 : 0.0064
[2019-08-27 15:54:46,333]: alphaticr.aromatic.gap3 : 0.0064
[2019-08-27 15:54:46,333]: postivecharger.alphaticr.gap3 : 0.0064
[2019-08-27 15:54:46,333]: alphaticr.uncharger.gap0 : 0.0064
[2019-08-27 15:54:46,333]: negativecharger.aromatic.gap1 : 0.0064
[2019-08-27 15:54:46,333]: alphaticr.postivecharger.gap1 : 0.0064
[2019-08-27 15:54:46,333]: alphaticr.postivecharger.gap4 : 0.0064
[2019-08-27 15:54:46,333]: uncharger.uncharger.gap4 : 0.0064
[2019-08-27 15:54:46,333]: postivecharger.uncharger.gap1 : 0.0064
[2019-08-27 15:54:46,334]: negativecharger.postivecharger.gap4 : 0.0064
[2019-08-27 15:54:46,334]: postivecharger.postivecharger.gap5 : 0.0064
[2019-08-27 15:54:46,334]: alphaticr.alphaticr.gap3 : 0.0064
[2019-08-27 15:54:46,334]: postivecharger.negativecharger.gap1 : 0.0064
[2019-08-27 15:54:46,334]: negativecharger.negativecharger.gap4 : 0.0063
[2019-08-27 15:54:46,334]: aromatic.uncharger.gap3 : 0.0063
[2019-08-27 15:54:46,334]: alphaticr.negativecharger.gap4 : 0.0063
[2019-08-27 15:54:46,334]: postivecharger.negativecharger.gap2 : 0.0063
[2019-08-27 15:54:46,334]: postivecharger.aromatic.gap0 : 0.0063
[2019-08-27 15:54:46,334]: uncharger.negativecharger.gap3 : 0.0063
[2019-08-27 15:54:46,335]: uncharger.negativecharger.gap2 : 0.0063
[2019-08-27 15:54:46,335]: negativecharger.negativecharger.gap0 : 0.0063
[2019-08-27 15:54:46,335]: uncharger.negativecharger.gap0 : 0.0063
[2019-08-27 15:54:46,335]: alphaticr.aromatic.gap4 : 0.0063
[2019-08-27 15:54:46,335]: aromatic.postivecharger.gap2 : 0.0063
[2019-08-27 15:54:46,335]: negativecharger.postivecharger.gap3 : 0.0063
[2019-08-27 15:54:46,335]: postivecharger.alphaticr.gap4 : 0.0063
[2019-08-27 15:54:46,335]: postivecharger.aromatic.gap5 : 0.0063
[2019-08-27 15:54:46,335]: aromatic.aromatic.gap2 : 0.0063
[2019-08-27 15:54:46,335]: aromatic.negativecharger.gap2 : 0.0062
[2019-08-27 15:54:46,335]: alphaticr.negativecharger.gap2 : 0.0062
[2019-08-27 15:54:46,336]: negativecharger.uncharger.gap4 : 0.0062
[2019-08-27 15:54:46,336]: alphaticr.uncharger.gap2 : 0.0062
[2019-08-27 15:54:46,336]: negativecharger.uncharger.gap3 : 0.0062
[2019-08-27 15:54:46,336]: uncharger.uncharger.gap0 : 0.0061
[2019-08-27 15:54:46,336]: negativecharger.aromatic.gap4 : 0.0060
[2019-08-27 15:54:46,336]: uncharger.postivecharger.gap3 : 0.0060
[2019-08-27 15:54:46,336]: uncharger.uncharger.gap1 : 0.0059
[2019-08-27 15:54:46,336]: alphaticr.postivecharger.gap5 : 0.0059
[2019-08-27 15:54:46,336]: aromatic.alphaticr.gap2 : 0.0058
[2019-08-27 15:54:46,336]: aromatic.alphaticr.gap5 : 0.0058
[2019-08-27 15:54:46,337]: alphaticr.uncharger.gap1 : 0.0058
[2019-08-27 15:54:46,337]: postivecharger.negativecharger.gap3 : 0.0056
[2019-08-27 15:54:46,337]: negativecharger.negativecharger.gap5 : 0.0056
[2019-08-27 15:54:46,337]: alphaticr.postivecharger.gap0 : 0.0056
[2019-08-27 15:54:46,337]: negativecharger.postivecharger.gap5 : 0.0054
[2019-08-27 15:54:46,337]: aromatic.postivecharger.gap1 : 0.0054
[2019-08-27 15:54:46,337]: postivecharger.postivecharger.gap3 : 0.0054
[2019-08-27 15:54:46,337]: negativecharger.negativecharger.gap3 : 0.0053
[2019-08-27 15:54:46,337]: uncharger.uncharger.gap5 : 0.0048
[2019-08-27 15:54:46,337]: aromatic.alphaticr.gap0 : 0.0048
[2019-08-27 15:54:46,338]: aromatic.alphaticr.gap3 : 0.0046
[2019-08-27 15:54:46,338]: feature_rank end
[2019-08-27 15:54:46,389]: Start dimension reduction ...
[2019-08-27 15:54:54,551]: length=1 f1=0.5279 accuarcy=0.5273 precision=0.5299 recall=0.5273 auc=0.5274 
[2019-08-27 15:55:02,802]: length=21 f1=0.7524 accuarcy=0.7545 precision=0.7565 recall=0.7545 auc=0.7486 
[2019-08-27 15:55:11,231]: length=41 f1=0.7818 accuarcy=0.7818 precision=0.7818 recall=0.7818 auc=0.7807 
[2019-08-27 15:55:19,290]: length=61 f1=0.7721 accuarcy=0.7727 precision=0.7726 recall=0.7727 auc=0.7695 
[2019-08-27 15:55:27,170]: length=81 f1=0.7356 accuarcy=0.7364 precision=0.7360 recall=0.7364 auc=0.7330 
[2019-08-27 15:55:35,408]: length=101 f1=0.7809 accuarcy=0.7818 precision=0.7822 recall=0.7818 auc=0.7780 
[2019-08-27 15:55:44,287]: length=121 f1=0.7803 accuarcy=0.7818 precision=0.7835 recall=0.7818 auc=0.7767 
[2019-08-27 15:55:52,189]: length=141 f1=0.7803 accuarcy=0.7818 precision=0.7835 recall=0.7818 auc=0.7767 
[2019-08-27 15:56:00,626]: length=150 f1=0.7427 accuarcy=0.7455 precision=0.7481 recall=0.7455 auc=0.7388 
[2019-08-27 15:56:00,630]: ----------
[2019-08-27 15:56:00,631]: the max f1 = 0.7818
[2019-08-27 15:56:00,631]: ['negativecharger.aromatic.gap2' 'aromatic.postivecharger.gap5'
 'postivecharger.negativecharger.gap5' 'aromatic.uncharger.gap5'
 'uncharger.aromatic.gap1' 'aromatic.uncharger.gap1'
 'negativecharger.alphaticr.gap4' 'alphaticr.alphaticr.gap5'
 'uncharger.uncharger.gap2' 'alphaticr.postivecharger.gap3'
 'uncharger.postivecharger.gap1' 'uncharger.alphaticr.gap0'
 'negativecharger.alphaticr.gap3' 'alphaticr.alphaticr.gap0'
 'postivecharger.uncharger.gap3' 'alphaticr.aromatic.gap2'
 'postivecharger.aromatic.gap3' 'uncharger.alphaticr.gap5'
 'uncharger.aromatic.gap0' 'postivecharger.postivecharger.gap1'
 'alphaticr.negativecharger.gap3' 'uncharger.uncharger.gap3'
 'aromatic.negativecharger.gap5' 'aromatic.uncharger.gap4'
 'uncharger.negativecharger.gap1' 'alphaticr.alphaticr.gap4'
 'aromatic.alphaticr.gap4' 'aromatic.negativecharger.gap0'
 'postivecharger.alphaticr.gap1' 'postivecharger.uncharger.gap0'
 'alphaticr.alphaticr.gap1' 'uncharger.postivecharger.gap0'
 'postivecharger.uncharger.gap2' 'alphaticr.aromatic.gap0'
 'uncharger.alphaticr.gap1' 'postivecharger.alphaticr.gap0'
 'postivecharger.uncharger.gap4' 'uncharger.postivecharger.gap2'
 'uncharger.aromatic.gap5' 'uncharger.aromatic.gap3'
 'uncharger.postivecharger.gap4'],length = 41
[2019-08-27 15:56:00,631]: -----------
[2019-08-27 15:56:08,196]: ***confusion matrix***
[2019-08-27 15:56:08,196]:                pos_class      neg_class      
[2019-08-27 15:56:08,196]: pos_class      TP:47             FN:12             
[2019-08-27 15:56:08,196]: neg_class      FP:12             TN:39             
[2019-08-27 15:56:08,197]: f1 =0.7818 
[2019-08-27 15:56:08,197]: accuarcy = 0.7818 
[2019-08-27 15:56:08,198]: precision =0.7818 
[2019-08-27 15:56:08,199]: recall =0.7818
[2019-08-27 15:56:08,199]: auc = 0.7807
[2019-08-27 15:56:08,246]: -----------
[2019-08-27 15:56:08,246]: The output by the terminal's log has been saved in the J:\多设备共享\work\MRMD2.0-github\Logs\201908271554.log.
[2019-08-27 15:56:08,247]: metrics have been saved in the J:\多设备共享\work\MRMD2.0-github\Results\150_2.csv.
[2019-08-27 15:56:08,247]: reduced dimensional dataset has been saved in the J:\多设备共享\work\MRMD2.0-github\Results\150_1.csv.
[2019-08-27 15:56:08,247]: ---mrmd 2.0 end---
