[2019-08-18 16:22:58,482]: ---mrmd 2.0 start----
[2019-08-18 16:22:58,534]: ANOVA start...
[2019-08-18 16:22:58,547]: ANOVA end.
[2019-08-18 16:22:58,547]: mic start...
[2019-08-18 16:23:07,220]: mic end.
[2019-08-18 16:23:07,220]: mrmd start...
[2019-08-18 16:23:07,764]: mrmd end.
[2019-08-18 16:23:07,765]: mRMR start...
[2019-08-18 16:23:22,334]: mRMR end.
[2019-08-18 16:23:22,334]: lasso start...
[2019-08-18 16:23:22,370]: lasso end.
[2019-08-18 16:23:22,370]: lasso2 start...
[2019-08-18 16:23:23,491]: lasso2 end.
[2019-08-18 16:23:23,494]: rank start ...
[2019-08-18 16:23:23,507]: The final  rank is
[2019-08-18 16:23:23,507]: Janin_P : 0.0078
[2019-08-18 16:23:23,507]: Janin_D : 0.0074
[2019-08-18 16:23:23,507]: Hopp_Woods_R : 0.0071
[2019-08-18 16:23:23,508]: Rose_I : 0.0069
[2019-08-18 16:23:23,508]: hydrophily : 0.0069
[2019-08-18 16:23:23,508]: Engelman_GES_D : 0.0069
[2019-08-18 16:23:23,508]: Cornette_C : 0.0069
[2019-08-18 16:23:23,508]: Cornette_T : 0.0068
[2019-08-18 16:23:23,508]: Kyte_Doolittle_I : 0.0068
[2019-08-18 16:23:23,508]: Engelman_GES_S : 0.0067
[2019-08-18 16:23:23,508]: Rose_P : 0.0067
[2019-08-18 16:23:23,508]: Cornette_V : 0.0067
[2019-08-18 16:23:23,508]: Kyte_Doolittle_A : 0.0067
[2019-08-18 16:23:23,508]: basic_polar : 0.0066
[2019-08-18 16:23:23,509]: Cornette_P : 0.0066
[2019-08-18 16:23:23,509]: Rose_R : 0.0065
[2019-08-18 16:23:23,509]: Rose_S : 0.0065
[2019-08-18 16:23:23,509]: Cornette_F : 0.0065
[2019-08-18 16:23:23,509]: Hopp_Woods_A : 0.0065
[2019-08-18 16:23:23,509]: Hopp_Woods_I : 0.0064
[2019-08-18 16:23:23,509]: Engelman_GES_Q : 0.0064
[2019-08-18 16:23:23,509]: Hopp_Woods_D : 0.0064
[2019-08-18 16:23:23,509]: polar : 0.0063
[2019-08-18 16:23:23,509]: Engelman_GES_R : 0.0063
[2019-08-18 16:23:23,509]: Eisenberg_R : 0.0063
[2019-08-18 16:23:23,510]: Engelman_GES_N : 0.0062
[2019-08-18 16:23:23,510]: Cornette_W : 0.0062
[2019-08-18 16:23:23,510]: Rose_L : 0.0062
[2019-08-18 16:23:23,510]: Cornette_K : 0.0062
[2019-08-18 16:23:23,510]: Rose_H : 0.0062
[2019-08-18 16:23:23,510]: Engelman_GES_W : 0.0062
[2019-08-18 16:23:23,510]: Eisenberg_N : 0.0062
[2019-08-18 16:23:23,510]: Rose_T : 0.0061
[2019-08-18 16:23:23,510]: C : 0.0061
[2019-08-18 16:23:23,510]: Engelman_GES_L : 0.0061
[2019-08-18 16:23:23,510]: Cornette_Y : 0.0060
[2019-08-18 16:23:23,510]: Kyte_Doolittle_W : 0.0060
[2019-08-18 16:23:23,510]: Janin_V : 0.0060
[2019-08-18 16:23:23,511]: alphatic : 0.0059
[2019-08-18 16:23:23,511]: nonpolar : 0.0059
[2019-08-18 16:23:23,511]: Kyte_Doolittle_C : 0.0059
[2019-08-18 16:23:23,511]: Hopp_Woods_T : 0.0059
[2019-08-18 16:23:23,511]: moderate : 0.0059
[2019-08-18 16:23:23,511]: Janin_F : 0.0059
[2019-08-18 16:23:23,511]: Janin_L : 0.0059
[2019-08-18 16:23:23,511]: Engelman_GES_Y : 0.0059
[2019-08-18 16:23:23,511]: Hopp_Woods_Q : 0.0059
[2019-08-18 16:23:23,511]: Engelman_GES_G : 0.0059
[2019-08-18 16:23:23,512]: Eisenberg_S : 0.0059
[2019-08-18 16:23:23,512]: Janin_H : 0.0059
[2019-08-18 16:23:23,512]: Kyte_Doolittle_Y : 0.0058
[2019-08-18 16:23:23,512]: Eisenberg_W : 0.0058
[2019-08-18 16:23:23,512]: postivecharge : 0.0058
[2019-08-18 16:23:23,512]: Hopp_Woods_C : 0.0058
[2019-08-18 16:23:23,512]: Janin_W : 0.0058
[2019-08-18 16:23:23,521]: W : 0.0058
[2019-08-18 16:23:23,521]: D : 0.0058
[2019-08-18 16:23:23,521]: Hopp_Woods_L : 0.0057
[2019-08-18 16:23:23,522]: aliphatic : 0.0057
[2019-08-18 16:23:23,522]: K : 0.0057
[2019-08-18 16:23:23,522]: Cornette_A : 0.0057
[2019-08-18 16:23:23,522]: Q : 0.0057
[2019-08-18 16:23:23,523]: Cornette_H : 0.0057
[2019-08-18 16:23:23,523]: Rose_D : 0.0057
[2019-08-18 16:23:23,523]: Rose_W : 0.0057
[2019-08-18 16:23:23,523]: Janin_Q : 0.0057
[2019-08-18 16:23:23,523]: Hopp_Woods_N : 0.0057
[2019-08-18 16:23:23,523]: Hopp_Woods_F : 0.0057
[2019-08-18 16:23:23,523]: Cornette_S : 0.0057
[2019-08-18 16:23:23,523]: Cornette_E : 0.0057
[2019-08-18 16:23:23,524]: Hopp_Woods_E : 0.0057
[2019-08-18 16:23:23,524]: Hopp_Woods_H : 0.0057
[2019-08-18 16:23:23,524]: positve : 0.0057
[2019-08-18 16:23:23,524]: Kyte_Doolittle_D : 0.0056
[2019-08-18 16:23:23,524]: Engelman_GES_P : 0.0056
[2019-08-18 16:23:23,524]: Kyte_Doolittle_K : 0.0056
[2019-08-18 16:23:23,524]: Cornette_Q : 0.0056
[2019-08-18 16:23:23,524]: Kyte_Doolittle_F : 0.0056
[2019-08-18 16:23:23,524]: Engelman_GES_A : 0.0056
[2019-08-18 16:23:23,524]: Kyte_Doolittle_H : 0.0056
[2019-08-18 16:23:23,524]: Engelman_GES_I : 0.0056
[2019-08-18 16:23:23,525]: Rose_M : 0.0056
[2019-08-18 16:23:23,525]: Kyte_Doolittle_L : 0.0056
[2019-08-18 16:23:23,525]: Engelman_GES_M : 0.0056
[2019-08-18 16:23:23,525]: Eisenberg_L : 0.0056
[2019-08-18 16:23:23,525]: Kyte_Doolittle_Q : 0.0056
[2019-08-18 16:23:23,525]: H : 0.0056
[2019-08-18 16:23:23,525]: Kyte_Doolittle_N : 0.0056
[2019-08-18 16:23:23,525]: Kyte_Doolittle_S : 0.0056
[2019-08-18 16:23:23,525]: Engelman_GES_F : 0.0056
[2019-08-18 16:23:23,525]: P : 0.0056
[2019-08-18 16:23:23,525]: Hopp_Woods_S : 0.0056
[2019-08-18 16:23:23,525]: Eisenberg_I : 0.0056
[2019-08-18 16:23:23,526]: G : 0.0056
[2019-08-18 16:23:23,526]: Hopp_Woods_V : 0.0056
[2019-08-18 16:23:23,526]: Janin_K : 0.0056
[2019-08-18 16:23:23,526]: Engelman_GES_E : 0.0056
[2019-08-18 16:23:23,526]: R : 0.0055
[2019-08-18 16:23:23,526]: S : 0.0055
[2019-08-18 16:23:23,526]: Janin_I : 0.0055
[2019-08-18 16:23:23,526]: Rose_A : 0.0055
[2019-08-18 16:23:23,526]: aromatic : 0.0055
[2019-08-18 16:23:23,526]: I : 0.0055
[2019-08-18 16:23:23,527]: Hopp_Woods_Y : 0.0055
[2019-08-18 16:23:23,527]: Janin_R : 0.0055
[2019-08-18 16:23:23,527]: Cornette_D : 0.0055
[2019-08-18 16:23:23,527]: T : 0.0055
[2019-08-18 16:23:23,527]: Hopp_Woods_K : 0.0055
[2019-08-18 16:23:23,527]: Kyte_Doolittle_V : 0.0055
[2019-08-18 16:23:23,527]: Janin_M : 0.0055
[2019-08-18 16:23:23,528]: Rose_F : 0.0055
[2019-08-18 16:23:23,528]: Kyte_Doolittle_G : 0.0055
[2019-08-18 16:23:23,528]: Kyte_Doolittle_E : 0.0055
[2019-08-18 16:23:23,528]: uncharge : 0.0055
[2019-08-18 16:23:23,528]: Rose_V : 0.0055
[2019-08-18 16:23:23,528]: Engelman_GES_V : 0.0055
[2019-08-18 16:23:23,528]: Rose_N : 0.0055
[2019-08-18 16:23:23,528]: Eisenberg_K : 0.0055
[2019-08-18 16:23:23,528]: Eisenberg_V : 0.0055
[2019-08-18 16:23:23,529]: Cornette_L : 0.0055
[2019-08-18 16:23:23,529]: E : 0.0055
[2019-08-18 16:23:23,529]: A : 0.0055
[2019-08-18 16:23:23,529]: V : 0.0055
[2019-08-18 16:23:23,529]: Kyte_Doolittle_M : 0.0055
[2019-08-18 16:23:23,529]: Cornette_M : 0.0054
[2019-08-18 16:23:23,529]: Eisenberg_H : 0.0054
[2019-08-18 16:23:23,529]: Janin_N : 0.0054
[2019-08-18 16:23:23,529]: Hopp_Woods_W : 0.0054
[2019-08-18 16:23:23,529]: Rose_Q : 0.0054
[2019-08-18 16:23:23,529]: Cornette_I : 0.0054
[2019-08-18 16:23:23,530]: F : 0.0054
[2019-08-18 16:23:23,530]: Eisenberg_P : 0.0054
[2019-08-18 16:23:23,530]: Janin_Y : 0.0054
[2019-08-18 16:23:23,530]: N : 0.0054
[2019-08-18 16:23:23,530]: Eisenberg_G : 0.0054
[2019-08-18 16:23:23,530]: Janin_A : 0.0054
[2019-08-18 16:23:23,531]: Rose_C : 0.0054
[2019-08-18 16:23:23,531]: negativecharge : 0.0054
[2019-08-18 16:23:23,531]: Janin_E : 0.0054
[2019-08-18 16:23:23,531]: Kyte_Doolittle_R : 0.0054
[2019-08-18 16:23:23,531]: L : 0.0054
[2019-08-18 16:23:23,531]: Eisenberg_A : 0.0054
[2019-08-18 16:23:23,531]: Rose_K : 0.0053
[2019-08-18 16:23:23,531]: hydrophobicity : 0.0053
[2019-08-18 16:23:23,553]: Engelman_GES_T : 0.0053
[2019-08-18 16:23:23,553]: Kyte_Doolittle_T : 0.0053
[2019-08-18 16:23:23,553]: Kyte_Doolittle_P : 0.0053
[2019-08-18 16:23:23,554]: Janin_T : 0.0053
[2019-08-18 16:23:23,554]: neutral : 0.0052
[2019-08-18 16:23:23,554]: Eisenberg_M : 0.0052
[2019-08-18 16:23:23,554]: Y : 0.0052
[2019-08-18 16:23:23,554]: Hopp_Woods_M : 0.0052
[2019-08-18 16:23:23,554]: Janin_C : 0.0051
[2019-08-18 16:23:23,554]: Eisenberg_C : 0.0051
[2019-08-18 16:23:23,555]: Engelman_GES_H : 0.0051
[2019-08-18 16:23:23,555]: Engelman_GES_C : 0.0051
[2019-08-18 16:23:23,555]: Eisenberg_Y : 0.0050
[2019-08-18 16:23:23,555]: Janin_S : 0.0049
[2019-08-18 16:23:23,555]: Rose_E : 0.0049
[2019-08-18 16:23:23,555]: acidic_polar : 0.0049
[2019-08-18 16:23:23,556]: Eisenberg_F : 0.0048
[2019-08-18 16:23:23,556]: Cornette_R : 0.0048
[2019-08-18 16:23:23,556]: Eisenberg_E : 0.0048
[2019-08-18 16:23:23,556]: Eisenberg_D : 0.0048
[2019-08-18 16:23:23,556]: Janin_G : 0.0047
[2019-08-18 16:23:23,556]: Engelman_GES_K : 0.0047
[2019-08-18 16:23:23,557]: Rose_G : 0.0047
[2019-08-18 16:23:23,557]: negative : 0.0047
[2019-08-18 16:23:23,557]: Rose_Y : 0.0046
[2019-08-18 16:23:23,557]: M : 0.0045
[2019-08-18 16:23:23,557]: aromatic.1 : 0.0045
[2019-08-18 16:23:23,557]: Eisenberg_Q : 0.0044
[2019-08-18 16:23:23,557]: Eisenberg_T : 0.0043
[2019-08-18 16:23:23,558]: heterocyclics : 0.0043
[2019-08-18 16:23:23,558]: Cornette_N : 0.0041
[2019-08-18 16:23:23,559]: Cornette_G : 0.0030
[2019-08-18 16:23:23,559]: Hopp_Woods_G : 0.0030
[2019-08-18 16:23:23,559]: Hopp_Woods_P : 0.0026
[2019-08-18 16:23:23,559]: feature_rank end
[2019-08-18 16:23:23,592]: Start dimension reduction ...
[2019-08-18 16:23:32,180]: length=1 f1=0.7382 accuarcy=0.7609 precision=0.8329 recall=0.7609 roc=0.7317 
[2019-08-18 16:23:39,804]: length=2 f1=0.8047 accuarcy=0.8043 precision=0.8059 recall=0.8043 roc=0.8044 
[2019-08-18 16:23:47,609]: length=3 f1=0.7932 accuarcy=0.7935 precision=0.7931 recall=0.7935 roc=0.7898 
[2019-08-18 16:23:55,261]: length=4 f1=0.8687 accuarcy=0.8696 precision=0.8712 recall=0.8696 roc=0.8632 
[2019-08-18 16:24:04,367]: length=5 f1=0.8468 accuarcy=0.8478 precision=0.8491 recall=0.8478 roc=0.8412 
[2019-08-18 16:24:11,532]: length=6 f1=0.8474 accuarcy=0.8478 precision=0.8478 recall=0.8478 roc=0.8436 
[2019-08-18 16:24:19,095]: length=7 f1=0.8906 accuarcy=0.8913 precision=0.8933 recall=0.8913 roc=0.8852 
[2019-08-18 16:24:26,392]: length=8 f1=0.8585 accuarcy=0.8587 precision=0.8585 recall=0.8587 roc=0.8558 
[2019-08-18 16:24:34,629]: length=9 f1=0.8585 accuarcy=0.8587 precision=0.8585 recall=0.8587 roc=0.8558 
[2019-08-18 16:24:42,197]: length=10 f1=0.8580 accuarcy=0.8587 precision=0.8592 recall=0.8587 roc=0.8534 
[2019-08-18 16:24:50,195]: length=11 f1=0.8367 accuarcy=0.8370 precision=0.8367 recall=0.8370 roc=0.8338 
[2019-08-18 16:24:57,878]: length=12 f1=0.8692 accuarcy=0.8696 precision=0.8696 recall=0.8696 roc=0.8656 
[2019-08-18 16:25:05,487]: length=13 f1=0.8468 accuarcy=0.8478 precision=0.8491 recall=0.8478 roc=0.8412 
