[2019-08-24 21:13:29,361]: ---mrmd 2.0 start----
[2019-08-24 21:13:29,439]: ANOVA start...
[2019-08-24 21:13:29,451]: ANOVA end.
[2019-08-24 21:13:29,451]: mic start...
[2019-08-24 21:13:39,176]: mic end.
[2019-08-24 21:13:39,176]: mrmd start...
[2019-08-24 21:13:39,436]: mrmd end.
[2019-08-24 21:13:39,436]: mRMR start...
[2019-08-24 21:13:43,206]: mRMR end.
[2019-08-24 21:13:43,207]: lasso start...
[2019-08-24 21:13:43,246]: lasso end.
[2019-08-24 21:13:43,246]: chi2 start...
[2019-08-24 21:13:43,271]: chi2 end.
[2019-08-24 21:13:43,271]: ref start...
[2019-08-24 21:13:44,541]: ref end.
[2019-08-24 21:13:44,545]: rank start ...
[2019-08-24 21:13:44,558]: The final  rank is
[2019-08-24 21:13:44,558]: Hopp_Woods_R : 0.0072
[2019-08-24 21:13:44,558]: basic_polar : 0.0070
[2019-08-24 21:13:44,558]: aromatic : 0.0067
[2019-08-24 21:13:44,559]: Janin_P : 0.0067
[2019-08-24 21:13:44,559]: Cornette_C : 0.0066
[2019-08-24 21:13:44,559]: Rose_I : 0.0066
[2019-08-24 21:13:44,559]: Janin_D : 0.0066
[2019-08-24 21:13:44,559]: Kyte_Doolittle_I : 0.0066
[2019-08-24 21:13:44,559]: Janin_W : 0.0066
[2019-08-24 21:13:44,559]: hydrophily : 0.0066
[2019-08-24 21:13:44,559]: Kyte_Doolittle_A : 0.0066
[2019-08-24 21:13:44,559]: Cornette_V : 0.0066
[2019-08-24 21:13:44,559]: Cornette_T : 0.0066
[2019-08-24 21:13:44,559]: Engelman_GES_W : 0.0065
[2019-08-24 21:13:44,560]: Engelman_GES_D : 0.0065
[2019-08-24 21:13:44,560]: Engelman_GES_E : 0.0064
[2019-08-24 21:13:44,560]: Engelman_GES_S : 0.0064
[2019-08-24 21:13:44,560]: Hopp_Woods_I : 0.0064
[2019-08-24 21:13:44,560]: Engelman_GES_R : 0.0064
[2019-08-24 21:13:44,560]: Engelman_GES_N : 0.0064
[2019-08-24 21:13:44,560]: Rose_S : 0.0064
[2019-08-24 21:13:44,560]: Hopp_Woods_D : 0.0063
[2019-08-24 21:13:44,560]: Hopp_Woods_A : 0.0063
[2019-08-24 21:13:44,560]: Janin_Q : 0.0063
[2019-08-24 21:13:44,561]: Rose_L : 0.0062
[2019-08-24 21:13:44,561]: Cornette_F : 0.0062
[2019-08-24 21:13:44,561]: Cornette_K : 0.0062
[2019-08-24 21:13:44,561]: Rose_H : 0.0062
[2019-08-24 21:13:44,561]: Cornette_P : 0.0062
[2019-08-24 21:13:44,561]: Cornette_D : 0.0062
[2019-08-24 21:13:44,561]: Eisenberg_N : 0.0062
[2019-08-24 21:13:44,561]: Engelman_GES_L : 0.0061
[2019-08-24 21:13:44,562]: C : 0.0061
[2019-08-24 21:13:44,562]: Cornette_E : 0.0061
[2019-08-24 21:13:44,562]: Kyte_Doolittle_P : 0.0061
[2019-08-24 21:13:44,562]: Rose_Q : 0.0060
[2019-08-24 21:13:44,562]: Engelman_GES_F : 0.0060
[2019-08-24 21:13:44,562]: Janin_H : 0.0060
[2019-08-24 21:13:44,562]: F : 0.0060
[2019-08-24 21:13:44,562]: Kyte_Doolittle_C : 0.0060
[2019-08-24 21:13:44,562]: Kyte_Doolittle_K : 0.0060
[2019-08-24 21:13:44,563]: Janin_V : 0.0060
[2019-08-24 21:13:44,563]: Kyte_Doolittle_W : 0.0060
[2019-08-24 21:13:44,563]: Kyte_Doolittle_H : 0.0060
[2019-08-24 21:13:44,563]: Cornette_H : 0.0059
[2019-08-24 21:13:44,563]: Hopp_Woods_F : 0.0059
[2019-08-24 21:13:44,563]: Janin_Y : 0.0059
[2019-08-24 21:13:44,563]: Kyte_Doolittle_L : 0.0059
[2019-08-24 21:13:44,563]: Eisenberg_Y : 0.0058
[2019-08-24 21:13:44,563]: alphatic : 0.0058
[2019-08-24 21:13:44,563]: P : 0.0058
[2019-08-24 21:13:44,563]: Rose_T : 0.0058
[2019-08-24 21:13:44,564]: Rose_R : 0.0058
[2019-08-24 21:13:44,564]: K : 0.0058
[2019-08-24 21:13:44,564]: Eisenberg_D : 0.0058
[2019-08-24 21:13:44,564]: I : 0.0058
[2019-08-24 21:13:44,564]: Janin_A : 0.0058
[2019-08-24 21:13:44,564]: Rose_W : 0.0058
[2019-08-24 21:13:44,564]: Q : 0.0058
[2019-08-24 21:13:44,564]: Cornette_S : 0.0058
[2019-08-24 21:13:44,565]: S : 0.0058
[2019-08-24 21:13:44,565]: Eisenberg_K : 0.0058
[2019-08-24 21:13:44,565]: Rose_P : 0.0058
[2019-08-24 21:13:44,565]: Kyte_Doolittle_N : 0.0058
[2019-08-24 21:13:44,565]: nonpolar : 0.0058
[2019-08-24 21:13:44,565]: Engelman_GES_P : 0.0058
[2019-08-24 21:13:44,565]: Hopp_Woods_N : 0.0057
[2019-08-24 21:13:44,565]: Rose_V : 0.0057
[2019-08-24 21:13:44,565]: Eisenberg_V : 0.0057
[2019-08-24 21:13:44,565]: moderate : 0.0057
[2019-08-24 21:13:44,565]: Rose_M : 0.0057
[2019-08-24 21:13:44,565]: Y : 0.0057
[2019-08-24 21:13:44,566]: Cornette_W : 0.0057
[2019-08-24 21:13:44,566]: Engelman_GES_Y : 0.0057
[2019-08-24 21:13:44,566]: Hopp_Woods_H : 0.0057
[2019-08-24 21:13:44,566]: aliphatic : 0.0057
[2019-08-24 21:13:44,566]: V : 0.0057
[2019-08-24 21:13:44,566]: Eisenberg_M : 0.0057
[2019-08-24 21:13:44,566]: Janin_L : 0.0057
[2019-08-24 21:13:44,566]: Engelman_GES_T : 0.0057
[2019-08-24 21:13:44,566]: uncharge : 0.0056
[2019-08-24 21:13:44,566]: Engelman_GES_Q : 0.0056
[2019-08-24 21:13:44,567]: Kyte_Doolittle_S : 0.0056
[2019-08-24 21:13:44,567]: Kyte_Doolittle_Y : 0.0056
[2019-08-24 21:13:44,567]: Janin_K : 0.0056
[2019-08-24 21:13:44,567]: Eisenberg_S : 0.0056
[2019-08-24 21:13:44,567]: Eisenberg_R : 0.0056
[2019-08-24 21:13:44,567]: negativecharge : 0.0056
[2019-08-24 21:13:44,567]: Janin_I : 0.0056
[2019-08-24 21:13:44,567]: Kyte_Doolittle_R : 0.0056
[2019-08-24 21:13:44,567]: Engelman_GES_K : 0.0056
[2019-08-24 21:13:44,567]: T : 0.0056
[2019-08-24 21:13:44,567]: Cornette_A : 0.0056
[2019-08-24 21:13:44,568]: Hopp_Woods_Q : 0.0056
[2019-08-24 21:13:44,568]: Janin_T : 0.0056
[2019-08-24 21:13:44,568]: Hopp_Woods_Y : 0.0056
[2019-08-24 21:13:44,568]: Hopp_Woods_M : 0.0056
[2019-08-24 21:13:44,568]: Kyte_Doolittle_D : 0.0056
[2019-08-24 21:13:44,568]: Kyte_Doolittle_F : 0.0056
[2019-08-24 21:13:44,568]: Eisenberg_W : 0.0056
[2019-08-24 21:13:44,568]: Rose_D : 0.0056
[2019-08-24 21:13:44,568]: polar : 0.0056
[2019-08-24 21:13:44,568]: Rose_A : 0.0056
[2019-08-24 21:13:44,568]: Kyte_Doolittle_E : 0.0056
[2019-08-24 21:13:44,569]: Kyte_Doolittle_M : 0.0056
[2019-08-24 21:13:44,569]: Cornette_Q : 0.0056
[2019-08-24 21:13:44,569]: positve : 0.0056
[2019-08-24 21:13:44,569]: Kyte_Doolittle_Q : 0.0056
[2019-08-24 21:13:44,569]: Cornette_M : 0.0055
[2019-08-24 21:13:44,569]: Hopp_Woods_L : 0.0055
[2019-08-24 21:13:44,569]: Kyte_Doolittle_G : 0.0055
[2019-08-24 21:13:44,569]: Cornette_Y : 0.0055
[2019-08-24 21:13:44,569]: postivecharge : 0.0055
[2019-08-24 21:13:44,569]: Engelman_GES_H : 0.0055
[2019-08-24 21:13:44,569]: Hopp_Woods_S : 0.0055
[2019-08-24 21:13:44,569]: Eisenberg_A : 0.0055
[2019-08-24 21:13:44,570]: Engelman_GES_V : 0.0055
[2019-08-24 21:13:44,570]: G : 0.0055
[2019-08-24 21:13:44,570]: Cornette_L : 0.0055
[2019-08-24 21:13:44,570]: Hopp_Woods_V : 0.0055
[2019-08-24 21:13:44,570]: Eisenberg_L : 0.0055
[2019-08-24 21:13:44,570]: R : 0.0055
[2019-08-24 21:13:44,570]: Eisenberg_H : 0.0055
[2019-08-24 21:13:44,570]: D : 0.0055
[2019-08-24 21:13:44,570]: Engelman_GES_G : 0.0055
[2019-08-24 21:13:44,570]: Rose_F : 0.0055
[2019-08-24 21:13:44,570]: Hopp_Woods_C : 0.0055
[2019-08-24 21:13:44,571]: E : 0.0054
[2019-08-24 21:13:44,571]: N : 0.0054
[2019-08-24 21:13:44,571]: Hopp_Woods_K : 0.0054
[2019-08-24 21:13:44,571]: Eisenberg_I : 0.0054
[2019-08-24 21:13:44,571]: hydrophobicity : 0.0054
[2019-08-24 21:13:44,571]: M : 0.0054
[2019-08-24 21:13:44,571]: Hopp_Woods_E : 0.0054
[2019-08-24 21:13:44,571]: Janin_F : 0.0054
[2019-08-24 21:13:44,571]: Janin_N : 0.0054
[2019-08-24 21:13:44,571]: Janin_E : 0.0054
[2019-08-24 21:13:44,571]: H : 0.0054
[2019-08-24 21:13:44,572]: Janin_M : 0.0054
[2019-08-24 21:13:44,572]: Engelman_GES_M : 0.0053
[2019-08-24 21:13:44,572]: Eisenberg_C : 0.0053
[2019-08-24 21:13:44,572]: Rose_C : 0.0053
[2019-08-24 21:13:44,572]: Engelman_GES_C : 0.0053
[2019-08-24 21:13:44,572]: neutral : 0.0053
[2019-08-24 21:13:44,572]: Rose_N : 0.0053
[2019-08-24 21:13:44,572]: Engelman_GES_A : 0.0053
[2019-08-24 21:13:44,572]: Eisenberg_G : 0.0053
[2019-08-24 21:13:44,572]: W : 0.0053
[2019-08-24 21:13:44,572]: Rose_K : 0.0051
[2019-08-24 21:13:44,573]: Janin_R : 0.0051
[2019-08-24 21:13:44,573]: Kyte_Doolittle_T : 0.0051
[2019-08-24 21:13:44,573]: negative : 0.0051
[2019-08-24 21:13:44,573]: Janin_G : 0.0050
[2019-08-24 21:13:44,573]: Hopp_Woods_T : 0.0050
[2019-08-24 21:13:44,573]: Janin_S : 0.0050
[2019-08-24 21:13:44,573]: Eisenberg_Q : 0.0050
[2019-08-24 21:13:44,573]: A : 0.0050
[2019-08-24 21:13:44,573]: Hopp_Woods_W : 0.0050
[2019-08-24 21:13:44,573]: Rose_E : 0.0050
[2019-08-24 21:13:44,573]: Engelman_GES_I : 0.0050
[2019-08-24 21:13:44,574]: Cornette_R : 0.0049
[2019-08-24 21:13:44,574]: Cornette_I : 0.0049
[2019-08-24 21:13:44,574]: Eisenberg_E : 0.0049
[2019-08-24 21:13:44,574]: Eisenberg_F : 0.0049
[2019-08-24 21:13:44,574]: Kyte_Doolittle_V : 0.0048
[2019-08-24 21:13:44,574]: Eisenberg_T : 0.0048
[2019-08-24 21:13:44,574]: Eisenberg_P : 0.0048
[2019-08-24 21:13:44,574]: Rose_Y : 0.0048
[2019-08-24 21:13:44,574]: L : 0.0047
[2019-08-24 21:13:44,574]: Janin_C : 0.0047
[2019-08-24 21:13:44,574]: heterocyclics : 0.0047
[2019-08-24 21:13:44,575]: aromatic.1 : 0.0044
[2019-08-24 21:13:44,575]: Rose_G : 0.0043
[2019-08-24 21:13:44,575]: acidic_polar : 0.0043
[2019-08-24 21:13:44,575]: Cornette_N : 0.0043
[2019-08-24 21:13:44,575]: Hopp_Woods_P : 0.0031
[2019-08-24 21:13:44,575]: Hopp_Woods_G : 0.0031
[2019-08-24 21:13:44,575]: Cornette_G : 0.0030
[2019-08-24 21:13:44,575]: feature_rank end
[2019-08-24 21:13:44,598]: Start dimension reduction ...
[2019-08-24 21:13:52,185]: length=1 f1=0.6957 accuarcy=0.6957 precision=0.6957 recall=0.6957 auc=0.6920 
[2019-08-24 21:13:59,890]: length=2 f1=0.6856 accuarcy=0.6848 precision=0.6878 recall=0.6848 auc=0.6846 
[2019-08-24 21:14:07,917]: length=3 f1=0.7714 accuarcy=0.7717 precision=0.7713 recall=0.7717 auc=0.7678 
[2019-08-24 21:14:15,664]: length=4 f1=0.7932 accuarcy=0.7935 precision=0.7931 recall=0.7935 auc=0.7898 
[2019-08-24 21:14:23,645]: length=5 f1=0.8468 accuarcy=0.8478 precision=0.8491 recall=0.8478 auc=0.8412 
[2019-08-24 21:14:32,152]: length=6 f1=0.8793 accuarcy=0.8804 precision=0.8837 recall=0.8804 auc=0.8730 
[2019-08-24 21:14:40,388]: length=7 f1=0.8906 accuarcy=0.8913 precision=0.8933 recall=0.8913 auc=0.8852 
[2019-08-24 21:14:48,079]: length=8 f1=0.9013 accuarcy=0.9022 precision=0.9059 recall=0.9022 auc=0.8950 
[2019-08-24 21:14:55,958]: length=9 f1=0.8900 accuarcy=0.8913 precision=0.8967 recall=0.8913 auc=0.8828 
[2019-08-24 21:15:03,995]: length=10 f1=0.8680 accuarcy=0.8696 precision=0.8743 recall=0.8696 auc=0.8608 
[2019-08-24 21:15:11,478]: length=11 f1=0.8680 accuarcy=0.8696 precision=0.8743 recall=0.8696 auc=0.8608 
[2019-08-24 21:15:19,051]: length=12 f1=0.8680 accuarcy=0.8696 precision=0.8743 recall=0.8696 auc=0.8608 
[2019-08-24 21:15:26,932]: length=13 f1=0.8680 accuarcy=0.8696 precision=0.8743 recall=0.8696 auc=0.8608 
[2019-08-24 21:15:34,675]: length=14 f1=0.8793 accuarcy=0.8804 precision=0.8837 recall=0.8804 auc=0.8730 
[2019-08-24 21:15:42,273]: length=15 f1=0.8910 accuarcy=0.8913 precision=0.8915 recall=0.8913 auc=0.8876 
[2019-08-24 21:15:49,945]: length=16 f1=0.8906 accuarcy=0.8913 precision=0.8933 recall=0.8913 auc=0.8852 
[2019-08-24 21:15:58,035]: length=17 f1=0.8687 accuarcy=0.8696 precision=0.8712 recall=0.8696 auc=0.8632 
[2019-08-24 21:16:05,964]: length=18 f1=0.8799 accuarcy=0.8804 precision=0.8812 recall=0.8804 auc=0.8754 
[2019-08-24 21:16:13,580]: length=19 f1=0.8906 accuarcy=0.8913 precision=0.8933 recall=0.8913 auc=0.8852 
[2019-08-24 21:16:22,325]: length=20 f1=0.8692 accuarcy=0.8696 precision=0.8696 recall=0.8696 auc=0.8656 
[2019-08-24 21:16:30,545]: length=21 f1=0.8580 accuarcy=0.8587 precision=0.8592 recall=0.8587 auc=0.8534 
[2019-08-24 21:16:38,672]: length=22 f1=0.8585 accuarcy=0.8587 precision=0.8585 recall=0.8587 auc=0.8558 
[2019-08-24 21:16:45,979]: length=23 f1=0.8799 accuarcy=0.8804 precision=0.8812 recall=0.8804 auc=0.8754 
[2019-08-24 21:16:53,568]: length=24 f1=0.9017 accuarcy=0.9022 precision=0.9032 recall=0.9022 auc=0.8974 
[2019-08-24 21:17:01,107]: length=25 f1=0.8478 accuarcy=0.8478 precision=0.8478 recall=0.8478 auc=0.8460 
[2019-08-24 21:17:08,689]: length=26 f1=0.8580 accuarcy=0.8587 precision=0.8592 recall=0.8587 auc=0.8534 
[2019-08-24 21:17:16,097]: length=27 f1=0.8910 accuarcy=0.8913 precision=0.8915 recall=0.8913 auc=0.8876 
[2019-08-24 21:17:23,767]: length=28 f1=0.8585 accuarcy=0.8587 precision=0.8585 recall=0.8587 auc=0.8558 
[2019-08-24 21:17:31,338]: length=29 f1=0.8687 accuarcy=0.8696 precision=0.8712 recall=0.8696 auc=0.8632 
[2019-08-24 21:17:38,907]: length=30 f1=0.8468 accuarcy=0.8478 precision=0.8491 recall=0.8478 auc=0.8412 
[2019-08-24 21:17:46,235]: length=31 f1=0.8799 accuarcy=0.8804 precision=0.8812 recall=0.8804 auc=0.8754 
[2019-08-24 21:17:54,141]: length=32 f1=0.8474 accuarcy=0.8478 precision=0.8478 recall=0.8478 auc=0.8436 
[2019-08-24 21:18:02,288]: length=33 f1=0.8687 accuarcy=0.8696 precision=0.8712 recall=0.8696 auc=0.8632 
[2019-08-24 21:18:10,241]: length=34 f1=0.8687 accuarcy=0.8696 precision=0.8712 recall=0.8696 auc=0.8632 
[2019-08-24 21:18:17,970]: length=35 f1=0.8687 accuarcy=0.8696 precision=0.8712 recall=0.8696 auc=0.8632 
[2019-08-24 21:18:25,900]: length=36 f1=0.8362 accuarcy=0.8370 precision=0.8372 recall=0.8370 auc=0.8314 
[2019-08-24 21:18:33,244]: length=37 f1=0.8367 accuarcy=0.8370 precision=0.8367 recall=0.8370 auc=0.8338 
[2019-08-24 21:18:40,988]: length=38 f1=0.8580 accuarcy=0.8587 precision=0.8592 recall=0.8587 auc=0.8534 
[2019-08-24 21:18:48,596]: length=39 f1=0.8362 accuarcy=0.8370 precision=0.8372 recall=0.8370 auc=0.8314 
[2019-08-24 21:18:56,368]: length=40 f1=0.8574 accuarcy=0.8587 precision=0.8614 recall=0.8587 auc=0.8510 
[2019-08-24 21:19:03,971]: length=41 f1=0.8460 accuarcy=0.8478 precision=0.8518 recall=0.8478 auc=0.8388 
[2019-08-24 21:19:11,724]: length=42 f1=0.8362 accuarcy=0.8370 precision=0.8372 recall=0.8370 auc=0.8314 
[2019-08-24 21:19:20,062]: length=43 f1=0.8468 accuarcy=0.8478 precision=0.8491 recall=0.8478 auc=0.8412 
[2019-08-24 21:19:28,202]: length=44 f1=0.8355 accuarcy=0.8370 precision=0.8391 recall=0.8370 auc=0.8290 
[2019-08-24 21:19:36,461]: length=45 f1=0.8468 accuarcy=0.8478 precision=0.8491 recall=0.8478 auc=0.8412 
[2019-08-24 21:19:44,542]: length=46 f1=0.8468 accuarcy=0.8478 precision=0.8491 recall=0.8478 auc=0.8412 
[2019-08-24 21:19:52,626]: length=47 f1=0.8355 accuarcy=0.8370 precision=0.8391 recall=0.8370 auc=0.8290 
[2019-08-24 21:20:00,597]: length=48 f1=0.8574 accuarcy=0.8587 precision=0.8614 recall=0.8587 auc=0.8510 
[2019-08-24 21:20:08,057]: length=49 f1=0.8355 accuarcy=0.8370 precision=0.8391 recall=0.8370 auc=0.8290 
[2019-08-24 21:20:15,949]: length=50 f1=0.8574 accuarcy=0.8587 precision=0.8614 recall=0.8587 auc=0.8510 
[2019-08-24 21:20:23,851]: length=51 f1=0.8574 accuarcy=0.8587 precision=0.8614 recall=0.8587 auc=0.8510 
[2019-08-24 21:20:31,215]: length=52 f1=0.8580 accuarcy=0.8587 precision=0.8592 recall=0.8587 auc=0.8534 
[2019-08-24 21:20:38,693]: length=53 f1=0.8468 accuarcy=0.8478 precision=0.8491 recall=0.8478 auc=0.8412 
[2019-08-24 21:20:46,051]: length=54 f1=0.8574 accuarcy=0.8587 precision=0.8614 recall=0.8587 auc=0.8510 
[2019-08-24 21:20:53,570]: length=55 f1=0.8574 accuarcy=0.8587 precision=0.8614 recall=0.8587 auc=0.8510 
[2019-08-24 21:21:01,230]: length=56 f1=0.8574 accuarcy=0.8587 precision=0.8614 recall=0.8587 auc=0.8510 
[2019-08-24 21:21:08,566]: length=57 f1=0.8687 accuarcy=0.8696 precision=0.8712 recall=0.8696 auc=0.8632 
[2019-08-24 21:21:15,974]: length=58 f1=0.8687 accuarcy=0.8696 precision=0.8712 recall=0.8696 auc=0.8632 
[2019-08-24 21:21:23,718]: length=59 f1=0.8692 accuarcy=0.8696 precision=0.8696 recall=0.8696 auc=0.8656 
[2019-08-24 21:21:31,480]: length=60 f1=0.8680 accuarcy=0.8696 precision=0.8743 recall=0.8696 auc=0.8608 
[2019-08-24 21:21:39,058]: length=61 f1=0.8362 accuarcy=0.8370 precision=0.8372 recall=0.8370 auc=0.8314 
[2019-08-24 21:21:46,840]: length=62 f1=0.8580 accuarcy=0.8587 precision=0.8592 recall=0.8587 auc=0.8534 
[2019-08-24 21:21:54,495]: length=63 f1=0.8355 accuarcy=0.8370 precision=0.8391 recall=0.8370 auc=0.8290 
[2019-08-24 21:22:02,275]: length=64 f1=0.8468 accuarcy=0.8478 precision=0.8491 recall=0.8478 auc=0.8412 
[2019-08-24 21:22:09,907]: length=65 f1=0.8468 accuarcy=0.8478 precision=0.8491 recall=0.8478 auc=0.8412 
[2019-08-24 21:22:17,237]: length=66 f1=0.8580 accuarcy=0.8587 precision=0.8592 recall=0.8587 auc=0.8534 
[2019-08-24 21:22:24,622]: length=67 f1=0.8574 accuarcy=0.8587 precision=0.8614 recall=0.8587 auc=0.8510 
[2019-08-24 21:22:32,157]: length=68 f1=0.8680 accuarcy=0.8696 precision=0.8743 recall=0.8696 auc=0.8608 
[2019-08-24 21:22:39,813]: length=69 f1=0.8574 accuarcy=0.8587 precision=0.8614 recall=0.8587 auc=0.8510 
[2019-08-24 21:22:47,492]: length=70 f1=0.8468 accuarcy=0.8478 precision=0.8491 recall=0.8478 auc=0.8412 
[2019-08-24 21:22:54,994]: length=71 f1=0.8474 accuarcy=0.8478 precision=0.8478 recall=0.8478 auc=0.8436 
[2019-08-24 21:23:02,881]: length=72 f1=0.8687 accuarcy=0.8696 precision=0.8712 recall=0.8696 auc=0.8632 
[2019-08-24 21:23:10,299]: length=73 f1=0.8687 accuarcy=0.8696 precision=0.8712 recall=0.8696 auc=0.8632 
[2019-08-24 21:23:17,776]: length=74 f1=0.8687 accuarcy=0.8696 precision=0.8712 recall=0.8696 auc=0.8632 
[2019-08-24 21:23:25,432]: length=75 f1=0.8468 accuarcy=0.8478 precision=0.8491 recall=0.8478 auc=0.8412 
[2019-08-24 21:23:33,207]: length=76 f1=0.8687 accuarcy=0.8696 precision=0.8712 recall=0.8696 auc=0.8632 
[2019-08-24 21:23:41,238]: length=77 f1=0.8574 accuarcy=0.8587 precision=0.8614 recall=0.8587 auc=0.8510 
[2019-08-24 21:23:49,112]: length=78 f1=0.8580 accuarcy=0.8587 precision=0.8592 recall=0.8587 auc=0.8534 
[2019-08-24 21:23:56,733]: length=79 f1=0.8468 accuarcy=0.8478 precision=0.8491 recall=0.8478 auc=0.8412 
[2019-08-24 21:24:05,143]: length=80 f1=0.8687 accuarcy=0.8696 precision=0.8712 recall=0.8696 auc=0.8632 
[2019-08-24 21:24:12,900]: length=81 f1=0.8680 accuarcy=0.8696 precision=0.8743 recall=0.8696 auc=0.8608 
[2019-08-24 21:24:20,487]: length=82 f1=0.8687 accuarcy=0.8696 precision=0.8712 recall=0.8696 auc=0.8632 
[2019-08-24 21:24:28,087]: length=83 f1=0.8574 accuarcy=0.8587 precision=0.8614 recall=0.8587 auc=0.8510 
[2019-08-24 21:24:35,444]: length=84 f1=0.8687 accuarcy=0.8696 precision=0.8712 recall=0.8696 auc=0.8632 
[2019-08-24 21:24:43,014]: length=85 f1=0.8574 accuarcy=0.8587 precision=0.8614 recall=0.8587 auc=0.8510 
[2019-08-24 21:24:50,670]: length=86 f1=0.8580 accuarcy=0.8587 precision=0.8592 recall=0.8587 auc=0.8534 
[2019-08-24 21:24:58,416]: length=87 f1=0.8580 accuarcy=0.8587 precision=0.8592 recall=0.8587 auc=0.8534 
[2019-08-24 21:25:06,400]: length=88 f1=0.8580 accuarcy=0.8587 precision=0.8592 recall=0.8587 auc=0.8534 
[2019-08-24 21:25:14,278]: length=89 f1=0.8580 accuarcy=0.8587 precision=0.8592 recall=0.8587 auc=0.8534 
[2019-08-24 21:25:21,980]: length=90 f1=0.8799 accuarcy=0.8804 precision=0.8812 recall=0.8804 auc=0.8754 
[2019-08-24 21:25:29,724]: length=91 f1=0.8580 accuarcy=0.8587 precision=0.8592 recall=0.8587 auc=0.8534 
[2019-08-24 21:25:37,284]: length=92 f1=0.8362 accuarcy=0.8370 precision=0.8372 recall=0.8370 auc=0.8314 
[2019-08-24 21:25:44,785]: length=93 f1=0.8362 accuarcy=0.8370 precision=0.8372 recall=0.8370 auc=0.8314 
[2019-08-24 21:25:52,578]: length=94 f1=0.8468 accuarcy=0.8478 precision=0.8491 recall=0.8478 auc=0.8412 
[2019-08-24 21:26:00,465]: length=95 f1=0.8362 accuarcy=0.8370 precision=0.8372 recall=0.8370 auc=0.8314 
[2019-08-24 21:26:08,145]: length=96 f1=0.8256 accuarcy=0.8261 precision=0.8259 recall=0.8261 auc=0.8216 
[2019-08-24 21:26:15,855]: length=97 f1=0.8468 accuarcy=0.8478 precision=0.8491 recall=0.8478 auc=0.8412 
[2019-08-24 21:26:23,682]: length=98 f1=0.8474 accuarcy=0.8478 precision=0.8478 recall=0.8478 auc=0.8436 
[2019-08-24 21:26:31,353]: length=99 f1=0.8150 accuarcy=0.8152 precision=0.8149 recall=0.8152 auc=0.8118 
[2019-08-24 21:26:39,038]: length=100 f1=0.8362 accuarcy=0.8370 precision=0.8372 recall=0.8370 auc=0.8314 
[2019-08-24 21:26:46,782]: length=101 f1=0.8362 accuarcy=0.8370 precision=0.8372 recall=0.8370 auc=0.8314 
[2019-08-24 21:26:55,414]: length=102 f1=0.8580 accuarcy=0.8587 precision=0.8592 recall=0.8587 auc=0.8534 
[2019-08-24 21:27:04,449]: length=103 f1=0.8367 accuarcy=0.8370 precision=0.8367 recall=0.8370 auc=0.8338 
[2019-08-24 21:27:13,300]: length=104 f1=0.8474 accuarcy=0.8478 precision=0.8478 recall=0.8478 auc=0.8436 
[2019-08-24 21:27:21,294]: length=105 f1=0.8474 accuarcy=0.8478 precision=0.8478 recall=0.8478 auc=0.8436 
[2019-08-24 21:27:29,940]: length=106 f1=0.8256 accuarcy=0.8261 precision=0.8259 recall=0.8261 auc=0.8216 
[2019-08-24 21:27:37,603]: length=107 f1=0.8362 accuarcy=0.8370 precision=0.8372 recall=0.8370 auc=0.8314 
[2019-08-24 21:27:45,375]: length=108 f1=0.8367 accuarcy=0.8370 precision=0.8367 recall=0.8370 auc=0.8338 
[2019-08-24 21:27:52,881]: length=109 f1=0.8367 accuarcy=0.8370 precision=0.8367 recall=0.8370 auc=0.8338 
[2019-08-24 21:28:00,437]: length=110 f1=0.8474 accuarcy=0.8478 precision=0.8478 recall=0.8478 auc=0.8436 
[2019-08-24 21:28:08,278]: length=111 f1=0.8362 accuarcy=0.8370 precision=0.8372 recall=0.8370 auc=0.8314 
[2019-08-24 21:28:16,135]: length=112 f1=0.8367 accuarcy=0.8370 precision=0.8367 recall=0.8370 auc=0.8338 
[2019-08-24 21:28:23,835]: length=113 f1=0.8367 accuarcy=0.8370 precision=0.8367 recall=0.8370 auc=0.8338 
[2019-08-24 21:28:31,361]: length=114 f1=0.8468 accuarcy=0.8478 precision=0.8491 recall=0.8478 auc=0.8412 
[2019-08-24 21:28:38,925]: length=115 f1=0.8362 accuarcy=0.8370 precision=0.8372 recall=0.8370 auc=0.8314 
[2019-08-24 21:28:46,684]: length=116 f1=0.8468 accuarcy=0.8478 precision=0.8491 recall=0.8478 auc=0.8412 
[2019-08-24 21:28:54,425]: length=117 f1=0.8367 accuarcy=0.8370 precision=0.8367 recall=0.8370 auc=0.8338 
[2019-08-24 21:29:02,145]: length=118 f1=0.8580 accuarcy=0.8587 precision=0.8592 recall=0.8587 auc=0.8534 
[2019-08-24 21:29:09,973]: length=119 f1=0.8468 accuarcy=0.8478 precision=0.8491 recall=0.8478 auc=0.8412 
[2019-08-24 21:29:17,974]: length=120 f1=0.8474 accuarcy=0.8478 precision=0.8478 recall=0.8478 auc=0.8436 
[2019-08-24 21:29:25,744]: length=121 f1=0.8367 accuarcy=0.8370 precision=0.8367 recall=0.8370 auc=0.8338 
[2019-08-24 21:29:33,446]: length=122 f1=0.8367 accuarcy=0.8370 precision=0.8367 recall=0.8370 auc=0.8338 
[2019-08-24 21:29:41,098]: length=123 f1=0.8362 accuarcy=0.8370 precision=0.8372 recall=0.8370 auc=0.8314 
[2019-08-24 21:29:48,761]: length=124 f1=0.8362 accuarcy=0.8370 precision=0.8372 recall=0.8370 auc=0.8314 
[2019-08-24 21:29:56,405]: length=125 f1=0.8474 accuarcy=0.8478 precision=0.8478 recall=0.8478 auc=0.8436 
[2019-08-24 21:30:04,438]: length=126 f1=0.8256 accuarcy=0.8261 precision=0.8259 recall=0.8261 auc=0.8216 
[2019-08-24 21:30:12,043]: length=127 f1=0.8362 accuarcy=0.8370 precision=0.8372 recall=0.8370 auc=0.8314 
[2019-08-24 21:30:19,515]: length=128 f1=0.8468 accuarcy=0.8478 precision=0.8491 recall=0.8478 auc=0.8412 
[2019-08-24 21:30:26,935]: length=129 f1=0.8367 accuarcy=0.8370 precision=0.8367 recall=0.8370 auc=0.8338 
[2019-08-24 21:30:34,538]: length=130 f1=0.8043 accuarcy=0.8043 precision=0.8043 recall=0.8043 auc=0.8020 
[2019-08-24 21:30:42,003]: length=131 f1=0.8580 accuarcy=0.8587 precision=0.8592 recall=0.8587 auc=0.8534 
[2019-08-24 21:30:50,020]: length=132 f1=0.8474 accuarcy=0.8478 precision=0.8478 recall=0.8478 auc=0.8436 
[2019-08-24 21:30:58,723]: length=133 f1=0.8474 accuarcy=0.8478 precision=0.8478 recall=0.8478 auc=0.8436 
[2019-08-24 21:31:06,987]: length=134 f1=0.8474 accuarcy=0.8478 precision=0.8478 recall=0.8478 auc=0.8436 
[2019-08-24 21:31:15,933]: length=135 f1=0.8474 accuarcy=0.8478 precision=0.8478 recall=0.8478 auc=0.8436 
[2019-08-24 21:31:23,849]: length=136 f1=0.8580 accuarcy=0.8587 precision=0.8592 recall=0.8587 auc=0.8534 
[2019-08-24 21:31:31,836]: length=137 f1=0.8362 accuarcy=0.8370 precision=0.8372 recall=0.8370 auc=0.8314 
[2019-08-24 21:31:40,106]: length=138 f1=0.8362 accuarcy=0.8370 precision=0.8372 recall=0.8370 auc=0.8314 
[2019-08-24 21:31:47,653]: length=139 f1=0.8474 accuarcy=0.8478 precision=0.8478 recall=0.8478 auc=0.8436 
[2019-08-24 21:31:55,110]: length=140 f1=0.8474 accuarcy=0.8478 precision=0.8478 recall=0.8478 auc=0.8436 
[2019-08-24 21:32:02,928]: length=141 f1=0.8150 accuarcy=0.8152 precision=0.8149 recall=0.8152 auc=0.8118 
[2019-08-24 21:32:10,482]: length=142 f1=0.8474 accuarcy=0.8478 precision=0.8478 recall=0.8478 auc=0.8436 
[2019-08-24 21:32:18,519]: length=143 f1=0.8474 accuarcy=0.8478 precision=0.8478 recall=0.8478 auc=0.8436 
[2019-08-24 21:32:26,017]: length=144 f1=0.8362 accuarcy=0.8370 precision=0.8372 recall=0.8370 auc=0.8314 
[2019-08-24 21:32:33,853]: length=145 f1=0.8362 accuarcy=0.8370 precision=0.8372 recall=0.8370 auc=0.8314 
[2019-08-24 21:32:41,378]: length=146 f1=0.8468 accuarcy=0.8478 precision=0.8491 recall=0.8478 auc=0.8412 
[2019-08-24 21:32:49,407]: length=147 f1=0.8362 accuarcy=0.8370 precision=0.8372 recall=0.8370 auc=0.8314 
[2019-08-24 21:32:57,165]: length=148 f1=0.8687 accuarcy=0.8696 precision=0.8712 recall=0.8696 auc=0.8632 
[2019-08-24 21:33:04,636]: length=149 f1=0.8367 accuarcy=0.8370 precision=0.8367 recall=0.8370 auc=0.8338 
[2019-08-24 21:33:12,401]: length=150 f1=0.8474 accuarcy=0.8478 precision=0.8478 recall=0.8478 auc=0.8436 
[2019-08-24 21:33:20,030]: length=151 f1=0.8474 accuarcy=0.8478 precision=0.8478 recall=0.8478 auc=0.8436 
[2019-08-24 21:33:27,493]: length=152 f1=0.8367 accuarcy=0.8370 precision=0.8367 recall=0.8370 auc=0.8338 
[2019-08-24 21:33:35,175]: length=153 f1=0.8580 accuarcy=0.8587 precision=0.8592 recall=0.8587 auc=0.8534 
[2019-08-24 21:33:42,761]: length=154 f1=0.8468 accuarcy=0.8478 precision=0.8491 recall=0.8478 auc=0.8412 
[2019-08-24 21:33:50,358]: length=155 f1=0.8468 accuarcy=0.8478 precision=0.8491 recall=0.8478 auc=0.8412 
[2019-08-24 21:33:57,947]: length=156 f1=0.8474 accuarcy=0.8478 precision=0.8478 recall=0.8478 auc=0.8436 
[2019-08-24 21:34:05,594]: length=157 f1=0.8468 accuarcy=0.8478 precision=0.8491 recall=0.8478 auc=0.8412 
[2019-08-24 21:34:13,037]: length=158 f1=0.8249 accuarcy=0.8261 precision=0.8269 recall=0.8261 auc=0.8192 
[2019-08-24 21:34:21,130]: length=159 f1=0.8256 accuarcy=0.8261 precision=0.8259 recall=0.8261 auc=0.8216 
[2019-08-24 21:34:28,612]: length=160 f1=0.8580 accuarcy=0.8587 precision=0.8592 recall=0.8587 auc=0.8534 
[2019-08-24 21:34:36,160]: length=161 f1=0.8687 accuarcy=0.8696 precision=0.8712 recall=0.8696 auc=0.8632 
[2019-08-24 21:34:44,220]: length=162 f1=0.8261 accuarcy=0.8261 precision=0.8261 recall=0.8261 auc=0.8240 
[2019-08-24 21:34:51,944]: length=163 f1=0.8367 accuarcy=0.8370 precision=0.8367 recall=0.8370 auc=0.8338 
[2019-08-24 21:34:59,468]: length=164 f1=0.8474 accuarcy=0.8478 precision=0.8478 recall=0.8478 auc=0.8436 
[2019-08-24 21:35:07,032]: length=165 f1=0.8474 accuarcy=0.8478 precision=0.8478 recall=0.8478 auc=0.8436 
[2019-08-24 21:35:14,930]: length=166 f1=0.8474 accuarcy=0.8478 precision=0.8478 recall=0.8478 auc=0.8436 
[2019-08-24 21:35:22,385]: length=167 f1=0.8468 accuarcy=0.8478 precision=0.8491 recall=0.8478 auc=0.8412 
[2019-08-24 21:35:30,427]: length=168 f1=0.8362 accuarcy=0.8370 precision=0.8372 recall=0.8370 auc=0.8314 
[2019-08-24 21:35:37,928]: length=169 f1=0.8687 accuarcy=0.8696 precision=0.8712 recall=0.8696 auc=0.8632 
[2019-08-24 21:35:45,624]: length=170 f1=0.8474 accuarcy=0.8478 precision=0.8478 recall=0.8478 auc=0.8436 
[2019-08-24 21:35:53,227]: length=171 f1=0.8468 accuarcy=0.8478 precision=0.8491 recall=0.8478 auc=0.8412 
[2019-08-24 21:36:00,984]: length=172 f1=0.8793 accuarcy=0.8804 precision=0.8837 recall=0.8804 auc=0.8730 
[2019-08-24 21:36:08,795]: length=173 f1=0.8362 accuarcy=0.8370 precision=0.8372 recall=0.8370 auc=0.8314 
[2019-08-24 21:36:17,022]: length=174 f1=0.8580 accuarcy=0.8587 precision=0.8592 recall=0.8587 auc=0.8534 
[2019-08-24 21:36:24,568]: length=175 f1=0.8362 accuarcy=0.8370 precision=0.8372 recall=0.8370 auc=0.8314 
[2019-08-24 21:36:31,952]: length=176 f1=0.8362 accuarcy=0.8370 precision=0.8372 recall=0.8370 auc=0.8314 
[2019-08-24 21:36:40,199]: length=177 f1=0.8468 accuarcy=0.8478 precision=0.8491 recall=0.8478 auc=0.8412 
[2019-08-24 21:36:48,324]: length=178 f1=0.8580 accuarcy=0.8587 precision=0.8592 recall=0.8587 auc=0.8534 
[2019-08-24 21:36:48,326]: ----------
[2019-08-24 21:36:48,326]: the max f1 = 0.9017
[2019-08-24 21:36:48,327]: ['Hopp_Woods_R' 'basic_polar' 'aromatic' 'Janin_P' 'Cornette_C' 'Rose_I'
 'Janin_D' 'Kyte_Doolittle_I' 'Janin_W' 'hydrophily' 'Kyte_Doolittle_A'
 'Cornette_V' 'Cornette_T' 'Engelman_GES_W' 'Engelman_GES_D'
 'Engelman_GES_E' 'Engelman_GES_S' 'Hopp_Woods_I' 'Engelman_GES_R'
 'Engelman_GES_N' 'Rose_S' 'Hopp_Woods_D' 'Hopp_Woods_A' 'Janin_Q'],length = 24
[2019-08-24 21:36:48,327]: -----------
[2019-08-24 21:36:56,103]: ***confusion matrix***
[2019-08-24 21:36:56,104]:                pos_class      neg_class      
[2019-08-24 21:36:56,104]: pos_class      TP:35             FN:6              
[2019-08-24 21:36:56,104]: neg_class      FP:3              TN:48             
[2019-08-24 21:36:56,105]: f1 =0.9017 
[2019-08-24 21:36:56,105]: accuarcy = 0.9022 
[2019-08-24 21:36:56,105]: precision =0.9032 
[2019-08-24 21:36:56,106]: recall =0.9022
[2019-08-24 21:36:56,107]: auc = 0.8974
[2019-08-24 21:36:56,125]: -----------
[2019-08-24 21:36:56,125]: The output by the terminal's log has been saved in the J:\多设备共享\work\MRMD2.0-github\Logs\201908242113.log.
[2019-08-24 21:36:56,126]: metrics have been saved in the J:\多设备共享\work\MRMD2.0-github\Results\meteixa.csv.
[2019-08-24 21:36:56,126]: reduced dimensional dataset has been saved in the J:\多设备共享\work\MRMD2.0-github\Results\rd.csv.
[2019-08-24 21:36:56,126]: ---mrmd 2.0 end---
