[2019-08-04 20:53:53,843]: ---mrmd 2.0 start----
[2019-08-04 20:53:53,910]: ANOVA start...
[2019-08-04 20:53:53,922]: ANOVA end.
[2019-08-04 20:53:53,922]: mic start...
[2019-08-04 20:54:03,343]: mic end.
[2019-08-04 20:54:03,344]: mrmd start...
[2019-08-04 20:54:03,906]: mrmd end.
[2019-08-04 20:54:03,906]: mRMR start...
[2019-08-04 20:54:21,428]: mRMR end.
[2019-08-04 20:54:21,429]: lasso start...
[2019-08-04 20:54:21,466]: lasso end.
[2019-08-04 20:54:22,732]: rank start ...
[2019-08-04 20:54:22,752]: The final  rank is
[2019-08-04 20:54:22,752]: Janin_P : 0.0078
[2019-08-04 20:54:22,752]: Janin_D : 0.0074
[2019-08-04 20:54:22,752]: Hopp_Woods_R : 0.0071
[2019-08-04 20:54:22,752]: Rose_I : 0.0069
[2019-08-04 20:54:22,752]: hydrophily : 0.0069
[2019-08-04 20:54:22,752]: Engelman_GES_D : 0.0069
[2019-08-04 20:54:22,752]: Cornette_C : 0.0069
[2019-08-04 20:54:22,762]: Cornette_T : 0.0068
[2019-08-04 20:54:22,762]: Kyte_Doolittle_I : 0.0068
[2019-08-04 20:54:22,762]: Engelman_GES_S : 0.0067
[2019-08-04 20:54:22,762]: Rose_P : 0.0067
[2019-08-04 20:54:22,762]: Cornette_V : 0.0067
[2019-08-04 20:54:22,762]: Kyte_Doolittle_A : 0.0067
[2019-08-04 20:54:22,762]: basic_polar : 0.0066
[2019-08-04 20:54:22,762]: Cornette_P : 0.0066
[2019-08-04 20:54:22,762]: Rose_R : 0.0065
[2019-08-04 20:54:22,762]: Rose_S : 0.0065
[2019-08-04 20:54:22,762]: Cornette_F : 0.0065
[2019-08-04 20:54:22,762]: Hopp_Woods_A : 0.0065
[2019-08-04 20:54:22,762]: Hopp_Woods_I : 0.0064
[2019-08-04 20:54:22,762]: Engelman_GES_Q : 0.0064
[2019-08-04 20:54:22,762]: Hopp_Woods_D : 0.0064
[2019-08-04 20:54:22,762]: polar : 0.0063
[2019-08-04 20:54:22,762]: Engelman_GES_R : 0.0063
[2019-08-04 20:54:22,762]: Eisenberg_R : 0.0063
[2019-08-04 20:54:22,762]: Engelman_GES_N : 0.0062
[2019-08-04 20:54:22,762]: Cornette_W : 0.0062
[2019-08-04 20:54:22,762]: Rose_L : 0.0062
[2019-08-04 20:54:22,762]: Cornette_K : 0.0062
[2019-08-04 20:54:22,766]: Rose_H : 0.0062
[2019-08-04 20:54:22,766]: Engelman_GES_W : 0.0062
[2019-08-04 20:54:22,766]: Eisenberg_N : 0.0062
[2019-08-04 20:54:22,766]: Rose_T : 0.0061
[2019-08-04 20:54:22,766]: C : 0.0061
[2019-08-04 20:54:22,767]: Engelman_GES_L : 0.0061
[2019-08-04 20:54:22,767]: Cornette_Y : 0.0060
[2019-08-04 20:54:22,767]: Kyte_Doolittle_W : 0.0060
[2019-08-04 20:54:22,767]: Janin_V : 0.0060
[2019-08-04 20:54:22,767]: alphatic : 0.0059
[2019-08-04 20:54:22,767]: nonpolar : 0.0059
[2019-08-04 20:54:22,767]: Kyte_Doolittle_C : 0.0059
[2019-08-04 20:54:22,768]: Hopp_Woods_T : 0.0059
[2019-08-04 20:54:22,768]: moderate : 0.0059
[2019-08-04 20:54:22,768]: Janin_F : 0.0059
[2019-08-04 20:54:22,768]: Janin_L : 0.0059
[2019-08-04 20:54:22,768]: Engelman_GES_Y : 0.0059
[2019-08-04 20:54:22,768]: Hopp_Woods_Q : 0.0059
[2019-08-04 20:54:22,768]: Engelman_GES_G : 0.0059
[2019-08-04 20:54:22,768]: Eisenberg_S : 0.0059
[2019-08-04 20:54:22,768]: Janin_H : 0.0059
[2019-08-04 20:54:22,768]: Kyte_Doolittle_Y : 0.0058
[2019-08-04 20:54:22,768]: Eisenberg_W : 0.0058
[2019-08-04 20:54:22,769]: postivecharge : 0.0058
[2019-08-04 20:54:22,769]: Hopp_Woods_C : 0.0058
[2019-08-04 20:54:22,769]: Janin_W : 0.0058
[2019-08-04 20:54:22,769]: W : 0.0058
[2019-08-04 20:54:22,769]: D : 0.0058
[2019-08-04 20:54:22,769]: Hopp_Woods_L : 0.0057
[2019-08-04 20:54:22,769]: aliphatic : 0.0057
[2019-08-04 20:54:22,769]: K : 0.0057
[2019-08-04 20:54:22,769]: Cornette_A : 0.0057
[2019-08-04 20:54:22,769]: Q : 0.0057
[2019-08-04 20:54:22,769]: Cornette_H : 0.0057
[2019-08-04 20:54:22,769]: Rose_D : 0.0057
[2019-08-04 20:54:22,770]: Rose_W : 0.0057
[2019-08-04 20:54:22,770]: Janin_Q : 0.0057
[2019-08-04 20:54:22,770]: Hopp_Woods_N : 0.0057
[2019-08-04 20:54:22,770]: Hopp_Woods_F : 0.0057
[2019-08-04 20:54:22,770]: Cornette_S : 0.0057
[2019-08-04 20:54:22,770]: Cornette_E : 0.0057
[2019-08-04 20:54:22,770]: Hopp_Woods_E : 0.0057
[2019-08-04 20:54:22,770]: Hopp_Woods_H : 0.0057
[2019-08-04 20:54:22,770]: positve : 0.0057
[2019-08-04 20:54:22,770]: Kyte_Doolittle_D : 0.0056
[2019-08-04 20:54:22,770]: Engelman_GES_P : 0.0056
[2019-08-04 20:54:22,771]: Kyte_Doolittle_K : 0.0056
[2019-08-04 20:54:22,771]: Cornette_Q : 0.0056
[2019-08-04 20:54:22,771]: Kyte_Doolittle_F : 0.0056
[2019-08-04 20:54:22,771]: Engelman_GES_A : 0.0056
[2019-08-04 20:54:22,771]: Kyte_Doolittle_H : 0.0056
[2019-08-04 20:54:22,771]: Engelman_GES_I : 0.0056
[2019-08-04 20:54:22,771]: Rose_M : 0.0056
[2019-08-04 20:54:22,771]: Kyte_Doolittle_L : 0.0056
[2019-08-04 20:54:22,771]: Engelman_GES_M : 0.0056
[2019-08-04 20:54:22,771]: Eisenberg_L : 0.0056
[2019-08-04 20:54:22,771]: Kyte_Doolittle_Q : 0.0056
[2019-08-04 20:54:22,771]: H : 0.0056
[2019-08-04 20:54:22,771]: Kyte_Doolittle_N : 0.0056
[2019-08-04 20:54:22,772]: Kyte_Doolittle_S : 0.0056
[2019-08-04 20:54:22,772]: Engelman_GES_F : 0.0056
[2019-08-04 20:54:22,772]: P : 0.0056
[2019-08-04 20:54:22,772]: Hopp_Woods_S : 0.0056
[2019-08-04 20:54:22,772]: Eisenberg_I : 0.0056
[2019-08-04 20:54:22,772]: G : 0.0056
[2019-08-04 20:54:22,772]: Hopp_Woods_V : 0.0056
[2019-08-04 20:54:22,772]: Janin_K : 0.0056
[2019-08-04 20:54:22,772]: Engelman_GES_E : 0.0056
[2019-08-04 20:54:22,772]: R : 0.0055
[2019-08-04 20:54:22,772]: S : 0.0055
[2019-08-04 20:54:22,773]: Janin_I : 0.0055
[2019-08-04 20:54:22,773]: Rose_A : 0.0055
[2019-08-04 20:54:22,773]: aromatic : 0.0055
[2019-08-04 20:54:22,773]: I : 0.0055
[2019-08-04 20:54:22,773]: Hopp_Woods_Y : 0.0055
[2019-08-04 20:54:22,773]: Janin_R : 0.0055
[2019-08-04 20:54:22,773]: Cornette_D : 0.0055
[2019-08-04 20:54:22,773]: T : 0.0055
[2019-08-04 20:54:22,773]: Hopp_Woods_K : 0.0055
[2019-08-04 20:54:22,773]: Kyte_Doolittle_V : 0.0055
[2019-08-04 20:54:22,773]: Janin_M : 0.0055
[2019-08-04 20:54:22,773]: Rose_F : 0.0055
[2019-08-04 20:54:22,774]: Kyte_Doolittle_G : 0.0055
[2019-08-04 20:54:22,774]: Kyte_Doolittle_E : 0.0055
[2019-08-04 20:54:22,774]: uncharge : 0.0055
[2019-08-04 20:54:22,774]: Rose_V : 0.0055
[2019-08-04 20:54:22,774]: Engelman_GES_V : 0.0055
[2019-08-04 20:54:22,774]: Rose_N : 0.0055
[2019-08-04 20:54:22,774]: Eisenberg_K : 0.0055
[2019-08-04 20:54:22,774]: Eisenberg_V : 0.0055
[2019-08-04 20:54:22,774]: Cornette_L : 0.0055
[2019-08-04 20:54:22,774]: E : 0.0055
[2019-08-04 20:54:22,775]: A : 0.0055
[2019-08-04 20:54:22,775]: V : 0.0055
[2019-08-04 20:54:22,775]: Kyte_Doolittle_M : 0.0055
[2019-08-04 20:54:22,775]: Cornette_M : 0.0054
[2019-08-04 20:54:22,775]: Eisenberg_H : 0.0054
[2019-08-04 20:54:22,775]: Janin_N : 0.0054
[2019-08-04 20:54:22,775]: Hopp_Woods_W : 0.0054
[2019-08-04 20:54:22,775]: Rose_Q : 0.0054
[2019-08-04 20:54:22,775]: Cornette_I : 0.0054
[2019-08-04 20:54:22,775]: F : 0.0054
[2019-08-04 20:54:22,775]: Eisenberg_P : 0.0054
[2019-08-04 20:54:22,775]: Janin_Y : 0.0054
[2019-08-04 20:54:22,776]: N : 0.0054
[2019-08-04 20:54:22,776]: Eisenberg_G : 0.0054
[2019-08-04 20:54:22,776]: Janin_A : 0.0054
[2019-08-04 20:54:22,776]: Rose_C : 0.0054
[2019-08-04 20:54:22,776]: negativecharge : 0.0054
[2019-08-04 20:54:22,776]: Janin_E : 0.0054
[2019-08-04 20:54:22,776]: Kyte_Doolittle_R : 0.0054
[2019-08-04 20:54:22,776]: L : 0.0054
[2019-08-04 20:54:22,776]: Eisenberg_A : 0.0054
[2019-08-04 20:54:22,776]: Rose_K : 0.0053
[2019-08-04 20:54:22,776]: hydrophobicity : 0.0053
[2019-08-04 20:54:22,777]: Engelman_GES_T : 0.0053
[2019-08-04 20:54:22,777]: Kyte_Doolittle_T : 0.0053
[2019-08-04 20:54:22,777]: Kyte_Doolittle_P : 0.0053
[2019-08-04 20:54:22,777]: Janin_T : 0.0053
[2019-08-04 20:54:22,777]: neutral : 0.0052
[2019-08-04 20:54:22,777]: Eisenberg_M : 0.0052
[2019-08-04 20:54:22,777]: Y : 0.0052
[2019-08-04 20:54:22,777]: Hopp_Woods_M : 0.0052
[2019-08-04 20:54:22,777]: Janin_C : 0.0051
[2019-08-04 20:54:22,777]: Eisenberg_C : 0.0051
[2019-08-04 20:54:22,777]: Engelman_GES_H : 0.0051
[2019-08-04 20:54:22,777]: Engelman_GES_C : 0.0051
[2019-08-04 20:54:22,778]: Eisenberg_Y : 0.0050
[2019-08-04 20:54:22,778]: Janin_S : 0.0049
[2019-08-04 20:54:22,778]: Rose_E : 0.0049
[2019-08-04 20:54:22,778]: acidic_polar : 0.0049
[2019-08-04 20:54:22,778]: Eisenberg_F : 0.0048
[2019-08-04 20:54:22,778]: Cornette_R : 0.0048
[2019-08-04 20:54:22,778]: Eisenberg_E : 0.0048
[2019-08-04 20:54:22,778]: Eisenberg_D : 0.0048
[2019-08-04 20:54:22,778]: Janin_G : 0.0047
[2019-08-04 20:54:22,779]: Engelman_GES_K : 0.0047
[2019-08-04 20:54:22,779]: Rose_G : 0.0047
[2019-08-04 20:54:22,779]: negative : 0.0047
[2019-08-04 20:54:22,779]: Rose_Y : 0.0046
[2019-08-04 20:54:22,779]: M : 0.0045
[2019-08-04 20:54:22,779]: aromatic.1 : 0.0045
[2019-08-04 20:54:22,779]: Eisenberg_Q : 0.0044
[2019-08-04 20:54:22,780]: Eisenberg_T : 0.0043
[2019-08-04 20:54:22,780]: heterocyclics : 0.0043
[2019-08-04 20:54:22,780]: Cornette_N : 0.0041
[2019-08-04 20:54:22,780]: Cornette_G : 0.0030
[2019-08-04 20:54:22,780]: Hopp_Woods_G : 0.0030
[2019-08-04 20:54:22,780]: Hopp_Woods_P : 0.0026
[2019-08-04 20:54:22,780]: feature_rank end
[2019-08-04 20:54:22,805]: Start dimension reduction ...
