[2019-08-25 22:12:19,135]: ---mrmd 2.0 start----
[2019-08-25 22:12:19,255]: ANOVA start...
[2019-08-25 22:12:19,274]: ANOVA end.
[2019-08-25 22:12:19,274]: mic start...
[2019-08-25 22:12:28,842]: mic end.
[2019-08-25 22:12:28,842]: mrmd start...
[2019-08-25 22:12:29,046]: mrmd end.
[2019-08-25 22:12:29,047]: mRMR start...
[2019-08-25 22:12:31,711]: mRMR end.
[2019-08-25 22:12:31,711]: lasso start...
[2019-08-25 22:12:31,764]: lasso end.
[2019-08-25 22:12:31,765]: chi2 start...
[2019-08-25 22:12:31,793]: chi2 end.
[2019-08-25 22:12:31,793]: ref start...
[2019-08-25 22:12:32,621]: ref end.
[2019-08-25 22:12:32,625]: rank start ...
[2019-08-25 22:12:32,636]: The final  rank is
[2019-08-25 22:12:32,636]: negativecharger.aromatic.gap2 : 0.0078
[2019-08-25 22:12:32,636]: aromatic.postivecharger.gap5 : 0.0078
[2019-08-25 22:12:32,636]: postivecharger.negativecharger.gap5 : 0.0078
[2019-08-25 22:12:32,636]: aromatic.uncharger.gap5 : 0.0078
[2019-08-25 22:12:32,636]: uncharger.aromatic.gap1 : 0.0078
[2019-08-25 22:12:32,637]: aromatic.uncharger.gap1 : 0.0078
[2019-08-25 22:12:32,637]: negativecharger.alphaticr.gap4 : 0.0078
[2019-08-25 22:12:32,637]: alphaticr.alphaticr.gap5 : 0.0077
[2019-08-25 22:12:32,637]: uncharger.uncharger.gap2 : 0.0076
[2019-08-25 22:12:32,637]: alphaticr.postivecharger.gap3 : 0.0076
[2019-08-25 22:12:32,637]: uncharger.postivecharger.gap1 : 0.0076
[2019-08-25 22:12:32,637]: uncharger.alphaticr.gap0 : 0.0076
[2019-08-25 22:12:32,637]: negativecharger.alphaticr.gap3 : 0.0076
[2019-08-25 22:12:32,637]: alphaticr.alphaticr.gap0 : 0.0075
[2019-08-25 22:12:32,637]: postivecharger.uncharger.gap3 : 0.0075
[2019-08-25 22:12:32,637]: alphaticr.aromatic.gap2 : 0.0075
[2019-08-25 22:12:32,638]: postivecharger.aromatic.gap3 : 0.0075
[2019-08-25 22:12:32,638]: uncharger.alphaticr.gap5 : 0.0075
[2019-08-25 22:12:32,638]: uncharger.aromatic.gap0 : 0.0074
[2019-08-25 22:12:32,638]: postivecharger.postivecharger.gap1 : 0.0074
[2019-08-25 22:12:32,638]: alphaticr.negativecharger.gap3 : 0.0074
[2019-08-25 22:12:32,638]: uncharger.uncharger.gap3 : 0.0074
[2019-08-25 22:12:32,638]: aromatic.negativecharger.gap5 : 0.0074
[2019-08-25 22:12:32,638]: aromatic.uncharger.gap4 : 0.0073
[2019-08-25 22:12:32,638]: uncharger.negativecharger.gap1 : 0.0073
[2019-08-25 22:12:32,638]: alphaticr.alphaticr.gap4 : 0.0073
[2019-08-25 22:12:32,639]: aromatic.alphaticr.gap4 : 0.0073
[2019-08-25 22:12:32,639]: aromatic.negativecharger.gap0 : 0.0073
[2019-08-25 22:12:32,639]: postivecharger.alphaticr.gap1 : 0.0073
[2019-08-25 22:12:32,639]: postivecharger.uncharger.gap0 : 0.0073
[2019-08-25 22:12:32,639]: alphaticr.alphaticr.gap1 : 0.0073
[2019-08-25 22:12:32,639]: uncharger.postivecharger.gap0 : 0.0073
[2019-08-25 22:12:32,639]: postivecharger.uncharger.gap2 : 0.0073
[2019-08-25 22:12:32,639]: alphaticr.aromatic.gap0 : 0.0073
[2019-08-25 22:12:32,639]: uncharger.alphaticr.gap1 : 0.0072
[2019-08-25 22:12:32,639]: postivecharger.alphaticr.gap0 : 0.0072
[2019-08-25 22:12:32,639]: postivecharger.uncharger.gap4 : 0.0072
[2019-08-25 22:12:32,640]: uncharger.postivecharger.gap2 : 0.0072
[2019-08-25 22:12:32,640]: uncharger.aromatic.gap5 : 0.0072
[2019-08-25 22:12:32,640]: uncharger.aromatic.gap3 : 0.0072
[2019-08-25 22:12:32,640]: uncharger.postivecharger.gap4 : 0.0072
[2019-08-25 22:12:32,640]: negativecharger.alphaticr.gap0 : 0.0071
[2019-08-25 22:12:32,640]: aromatic.uncharger.gap0 : 0.0071
[2019-08-25 22:12:32,640]: postivecharger.postivecharger.gap4 : 0.0071
[2019-08-25 22:12:32,640]: negativecharger.uncharger.gap2 : 0.0071
[2019-08-25 22:12:32,640]: uncharger.alphaticr.gap2 : 0.0071
[2019-08-25 22:12:32,640]: alphaticr.negativecharger.gap5 : 0.0070
[2019-08-25 22:12:32,640]: aromatic.postivecharger.gap4 : 0.0070
[2019-08-25 22:12:32,641]: negativecharger.aromatic.gap3 : 0.0070
[2019-08-25 22:12:32,641]: uncharger.postivecharger.gap5 : 0.0069
[2019-08-25 22:12:32,641]: aromatic.negativecharger.gap1 : 0.0069
[2019-08-25 22:12:32,641]: postivecharger.uncharger.gap5 : 0.0068
[2019-08-25 22:12:32,641]: negativecharger.postivecharger.gap1 : 0.0068
[2019-08-25 22:12:32,641]: aromatic.uncharger.gap2 : 0.0068
[2019-08-25 22:12:32,641]: alphaticr.negativecharger.gap0 : 0.0068
[2019-08-25 22:12:32,641]: postivecharger.alphaticr.gap5 : 0.0068
[2019-08-25 22:12:32,641]: negativecharger.alphaticr.gap1 : 0.0068
[2019-08-25 22:12:32,641]: negativecharger.uncharger.gap1 : 0.0068
[2019-08-25 22:12:32,641]: alphaticr.aromatic.gap1 : 0.0068
[2019-08-25 22:12:32,641]: aromatic.aromatic.gap4 : 0.0068
[2019-08-25 22:12:32,642]: aromatic.aromatic.gap0 : 0.0068
[2019-08-25 22:12:32,642]: negativecharger.alphaticr.gap5 : 0.0067
[2019-08-25 22:12:32,642]: negativecharger.postivecharger.gap2 : 0.0067
[2019-08-25 22:12:32,642]: uncharger.aromatic.gap4 : 0.0066
[2019-08-25 22:12:32,642]: aromatic.aromatic.gap1 : 0.0066
[2019-08-25 22:12:32,642]: aromatic.alphaticr.gap1 : 0.0066
[2019-08-25 22:12:32,642]: alphaticr.alphaticr.gap2 : 0.0066
[2019-08-25 22:12:32,642]: alphaticr.uncharger.gap4 : 0.0066
[2019-08-25 22:12:32,642]: negativecharger.uncharger.gap5 : 0.0066
[2019-08-25 22:12:32,642]: postivecharger.aromatic.gap4 : 0.0066
[2019-08-25 22:12:32,643]: postivecharger.negativecharger.gap0 : 0.0066
[2019-08-25 22:12:32,643]: uncharger.negativecharger.gap5 : 0.0066
[2019-08-25 22:12:32,643]: negativecharger.aromatic.gap5 : 0.0066
[2019-08-25 22:12:32,643]: postivecharger.aromatic.gap2 : 0.0065
[2019-08-25 22:12:32,643]: alphaticr.postivecharger.gap2 : 0.0065
[2019-08-25 22:12:32,643]: aromatic.aromatic.gap5 : 0.0065
[2019-08-25 22:12:32,643]: aromatic.negativecharger.gap3 : 0.0065
[2019-08-25 22:12:32,643]: aromatic.postivecharger.gap0 : 0.0065
[2019-08-25 22:12:32,643]: alphaticr.negativecharger.gap1 : 0.0065
[2019-08-25 22:12:32,643]: alphaticr.uncharger.gap5 : 0.0065
[2019-08-25 22:12:32,643]: negativecharger.negativecharger.gap2 : 0.0065
[2019-08-25 22:12:32,643]: postivecharger.postivecharger.gap0 : 0.0065
[2019-08-25 22:12:32,644]: uncharger.alphaticr.gap3 : 0.0065
[2019-08-25 22:12:32,644]: alphaticr.aromatic.gap5 : 0.0065
[2019-08-25 22:12:32,644]: alphaticr.uncharger.gap3 : 0.0065
[2019-08-25 22:12:32,644]: uncharger.aromatic.gap2 : 0.0065
[2019-08-25 22:12:32,644]: negativecharger.postivecharger.gap0 : 0.0065
[2019-08-25 22:12:32,644]: negativecharger.aromatic.gap0 : 0.0065
[2019-08-25 22:12:32,644]: negativecharger.alphaticr.gap2 : 0.0065
[2019-08-25 22:12:32,644]: aromatic.postivecharger.gap3 : 0.0065
[2019-08-25 22:12:32,644]: postivecharger.negativecharger.gap4 : 0.0065
[2019-08-25 22:12:32,644]: aromatic.negativecharger.gap4 : 0.0064
[2019-08-25 22:12:32,645]: uncharger.alphaticr.gap4 : 0.0064
[2019-08-25 22:12:32,645]: uncharger.negativecharger.gap4 : 0.0064
[2019-08-25 22:12:32,645]: negativecharger.negativecharger.gap1 : 0.0064
[2019-08-25 22:12:32,645]: aromatic.aromatic.gap3 : 0.0064
[2019-08-25 22:12:32,645]: postivecharger.postivecharger.gap2 : 0.0064
[2019-08-25 22:12:32,645]: postivecharger.aromatic.gap1 : 0.0064
[2019-08-25 22:12:32,645]: negativecharger.uncharger.gap0 : 0.0064
[2019-08-25 22:12:32,645]: postivecharger.alphaticr.gap2 : 0.0064
[2019-08-25 22:12:32,645]: alphaticr.aromatic.gap3 : 0.0064
[2019-08-25 22:12:32,645]: postivecharger.alphaticr.gap3 : 0.0064
[2019-08-25 22:12:32,645]: alphaticr.uncharger.gap0 : 0.0064
[2019-08-25 22:12:32,645]: negativecharger.aromatic.gap1 : 0.0064
[2019-08-25 22:12:32,646]: alphaticr.postivecharger.gap1 : 0.0064
[2019-08-25 22:12:32,646]: alphaticr.postivecharger.gap4 : 0.0064
[2019-08-25 22:12:32,646]: uncharger.uncharger.gap4 : 0.0064
[2019-08-25 22:12:32,646]: postivecharger.uncharger.gap1 : 0.0064
[2019-08-25 22:12:32,646]: negativecharger.postivecharger.gap4 : 0.0064
[2019-08-25 22:12:32,646]: postivecharger.postivecharger.gap5 : 0.0064
[2019-08-25 22:12:32,646]: alphaticr.alphaticr.gap3 : 0.0064
[2019-08-25 22:12:32,646]: postivecharger.negativecharger.gap1 : 0.0064
[2019-08-25 22:12:32,646]: negativecharger.negativecharger.gap4 : 0.0063
[2019-08-25 22:12:32,646]: aromatic.uncharger.gap3 : 0.0063
[2019-08-25 22:12:32,646]: alphaticr.negativecharger.gap4 : 0.0063
[2019-08-25 22:12:32,646]: postivecharger.negativecharger.gap2 : 0.0063
[2019-08-25 22:12:32,647]: postivecharger.aromatic.gap0 : 0.0063
[2019-08-25 22:12:32,647]: uncharger.negativecharger.gap3 : 0.0063
[2019-08-25 22:12:32,647]: uncharger.negativecharger.gap2 : 0.0063
[2019-08-25 22:12:32,647]: negativecharger.negativecharger.gap0 : 0.0063
[2019-08-25 22:12:32,647]: uncharger.negativecharger.gap0 : 0.0063
[2019-08-25 22:12:32,647]: alphaticr.aromatic.gap4 : 0.0063
[2019-08-25 22:12:32,647]: aromatic.postivecharger.gap2 : 0.0063
[2019-08-25 22:12:32,647]: negativecharger.postivecharger.gap3 : 0.0063
[2019-08-25 22:12:32,647]: postivecharger.alphaticr.gap4 : 0.0063
[2019-08-25 22:12:32,647]: postivecharger.aromatic.gap5 : 0.0063
[2019-08-25 22:12:32,648]: aromatic.aromatic.gap2 : 0.0063
[2019-08-25 22:12:32,648]: aromatic.negativecharger.gap2 : 0.0062
[2019-08-25 22:12:32,648]: alphaticr.negativecharger.gap2 : 0.0062
[2019-08-25 22:12:32,648]: negativecharger.uncharger.gap4 : 0.0062
[2019-08-25 22:12:32,648]: alphaticr.uncharger.gap2 : 0.0062
[2019-08-25 22:12:32,648]: negativecharger.uncharger.gap3 : 0.0062
[2019-08-25 22:12:32,648]: uncharger.uncharger.gap0 : 0.0061
[2019-08-25 22:12:32,648]: negativecharger.aromatic.gap4 : 0.0060
[2019-08-25 22:12:32,648]: uncharger.postivecharger.gap3 : 0.0060
[2019-08-25 22:12:32,648]: uncharger.uncharger.gap1 : 0.0059
[2019-08-25 22:12:32,649]: alphaticr.postivecharger.gap5 : 0.0059
[2019-08-25 22:12:32,649]: aromatic.alphaticr.gap2 : 0.0058
[2019-08-25 22:12:32,649]: aromatic.alphaticr.gap5 : 0.0058
[2019-08-25 22:12:32,649]: alphaticr.uncharger.gap1 : 0.0058
[2019-08-25 22:12:32,649]: postivecharger.negativecharger.gap3 : 0.0056
[2019-08-25 22:12:32,649]: negativecharger.negativecharger.gap5 : 0.0056
[2019-08-25 22:12:32,649]: alphaticr.postivecharger.gap0 : 0.0056
[2019-08-25 22:12:32,649]: negativecharger.postivecharger.gap5 : 0.0054
[2019-08-25 22:12:32,649]: aromatic.postivecharger.gap1 : 0.0054
[2019-08-25 22:12:32,649]: postivecharger.postivecharger.gap3 : 0.0054
[2019-08-25 22:12:32,649]: negativecharger.negativecharger.gap3 : 0.0053
[2019-08-25 22:12:32,650]: uncharger.uncharger.gap5 : 0.0048
[2019-08-25 22:12:32,650]: aromatic.alphaticr.gap0 : 0.0048
[2019-08-25 22:12:32,650]: aromatic.alphaticr.gap3 : 0.0046
[2019-08-25 22:12:32,650]: feature_rank end
[2019-08-25 22:12:32,703]: Start dimension reduction ...
[2019-08-25 22:12:40,364]: length=1 f1=0.5279 accuarcy=0.5273 precision=0.5299 recall=0.5273 auc=0.5274 
[2019-08-25 22:12:48,561]: length=2 f1=0.5730 accuarcy=0.5727 precision=0.5733 recall=0.5727 auc=0.5711 
[2019-08-25 22:12:56,602]: length=3 f1=0.5619 accuarcy=0.5636 precision=0.5616 recall=0.5636 auc=0.5587 
[2019-08-25 22:13:04,326]: length=4 f1=0.4996 accuarcy=0.5000 precision=0.4993 recall=0.5000 auc=0.4967 
[2019-08-25 22:13:12,078]: length=5 f1=0.5629 accuarcy=0.5636 precision=0.5626 recall=0.5636 auc=0.5600 
[2019-08-25 22:13:19,937]: length=6 f1=0.6040 accuarcy=0.6091 precision=0.6073 recall=0.6091 auc=0.6010 
[2019-08-25 22:13:28,111]: length=7 f1=0.6324 accuarcy=0.6364 precision=0.6354 recall=0.6364 auc=0.6291 
[2019-08-25 22:13:36,161]: length=8 f1=0.6175 accuarcy=0.6182 precision=0.6173 recall=0.6182 auc=0.6148 
[2019-08-25 22:13:43,967]: length=9 f1=0.6409 accuarcy=0.6455 precision=0.6451 recall=0.6455 auc=0.6376 
[2019-08-25 22:13:51,610]: length=10 f1=0.6790 accuarcy=0.6818 precision=0.6818 recall=0.6818 auc=0.6755 
[2019-08-25 22:13:59,527]: length=11 f1=0.6638 accuarcy=0.6636 precision=0.6641 recall=0.6636 auc=0.6625 
[2019-08-25 22:14:07,493]: length=12 f1=0.6992 accuarcy=0.7000 precision=0.6994 recall=0.7000 auc=0.6964 
[2019-08-25 22:14:15,294]: length=13 f1=0.6704 accuarcy=0.6727 precision=0.6722 recall=0.6727 auc=0.6670 
[2019-08-25 22:14:23,076]: length=14 f1=0.6790 accuarcy=0.6818 precision=0.6818 recall=0.6818 auc=0.6755 
[2019-08-25 22:14:31,016]: length=15 f1=0.7253 accuarcy=0.7273 precision=0.7278 recall=0.7273 auc=0.7218 
[2019-08-25 22:14:39,256]: length=16 f1=0.7253 accuarcy=0.7273 precision=0.7278 recall=0.7273 auc=0.7218 
[2019-08-25 22:14:47,176]: length=17 f1=0.7166 accuarcy=0.7182 precision=0.7181 recall=0.7182 auc=0.7134 
[2019-08-25 22:14:54,926]: length=18 f1=0.6984 accuarcy=0.7000 precision=0.6997 recall=0.7000 auc=0.6951 
[2019-08-25 22:15:02,706]: length=19 f1=0.7253 accuarcy=0.7273 precision=0.7278 recall=0.7273 auc=0.7218 
[2019-08-25 22:15:10,889]: length=20 f1=0.6984 accuarcy=0.7000 precision=0.6997 recall=0.7000 auc=0.6951 
[2019-08-25 22:15:18,652]: length=21 f1=0.7524 accuarcy=0.7545 precision=0.7565 recall=0.7545 auc=0.7486 
[2019-08-25 22:15:26,551]: length=22 f1=0.7524 accuarcy=0.7545 precision=0.7565 recall=0.7545 auc=0.7486 
[2019-08-25 22:15:34,605]: length=23 f1=0.7444 accuarcy=0.7455 precision=0.7454 recall=0.7455 auc=0.7414 
[2019-08-25 22:15:42,640]: length=24 f1=0.6992 accuarcy=0.7000 precision=0.6994 recall=0.7000 auc=0.6964 
[2019-08-25 22:15:50,595]: length=25 f1=0.7174 accuarcy=0.7182 precision=0.7177 recall=0.7182 auc=0.7147 
[2019-08-25 22:15:58,530]: length=26 f1=0.7079 accuarcy=0.7091 precision=0.7086 recall=0.7091 auc=0.7049 
[2019-08-25 22:16:06,325]: length=27 f1=0.7340 accuarcy=0.7364 precision=0.7378 recall=0.7364 auc=0.7303 
[2019-08-25 22:16:13,994]: length=28 f1=0.7539 accuarcy=0.7545 precision=0.7543 recall=0.7545 auc=0.7512 
[2019-08-25 22:16:21,843]: length=29 f1=0.7079 accuarcy=0.7091 precision=0.7086 recall=0.7091 auc=0.7049 
[2019-08-25 22:16:29,721]: length=30 f1=0.7544 accuarcy=0.7545 precision=0.7543 recall=0.7545 auc=0.7526 
[2019-08-25 22:16:38,015]: length=31 f1=0.7356 accuarcy=0.7364 precision=0.7360 recall=0.7364 auc=0.7330 
[2019-08-25 22:16:46,366]: length=32 f1=0.7253 accuarcy=0.7273 precision=0.7278 recall=0.7273 auc=0.7218 
[2019-08-25 22:16:54,232]: length=33 f1=0.7180 accuarcy=0.7182 precision=0.7179 recall=0.7182 auc=0.7160 
[2019-08-25 22:17:02,200]: length=34 f1=0.7262 accuarcy=0.7273 precision=0.7270 recall=0.7273 auc=0.7232 
[2019-08-25 22:17:10,071]: length=35 f1=0.7340 accuarcy=0.7364 precision=0.7378 recall=0.7364 auc=0.7303 
[2019-08-25 22:17:17,740]: length=36 f1=0.7458 accuarcy=0.7455 precision=0.7481 recall=0.7455 auc=0.7468 
[2019-08-25 22:17:25,580]: length=37 f1=0.7437 accuarcy=0.7455 precision=0.7464 recall=0.7455 auc=0.7401 
[2019-08-25 22:17:33,391]: length=38 f1=0.7729 accuarcy=0.7727 precision=0.7731 recall=0.7727 auc=0.7722 
[2019-08-25 22:17:41,905]: length=39 f1=0.7632 accuarcy=0.7636 precision=0.7634 recall=0.7636 auc=0.7611 
[2019-08-25 22:17:49,880]: length=40 f1=0.7437 accuarcy=0.7455 precision=0.7464 recall=0.7455 auc=0.7401 
[2019-08-25 22:17:57,594]: length=41 f1=0.7818 accuarcy=0.7818 precision=0.7818 recall=0.7818 auc=0.7807 
[2019-08-25 22:18:05,484]: length=42 f1=0.7627 accuarcy=0.7636 precision=0.7638 recall=0.7636 auc=0.7597 
[2019-08-25 22:18:13,296]: length=43 f1=0.7721 accuarcy=0.7727 precision=0.7726 recall=0.7727 auc=0.7695 
[2019-08-25 22:18:21,122]: length=44 f1=0.7721 accuarcy=0.7727 precision=0.7726 recall=0.7727 auc=0.7695 
[2019-08-25 22:18:28,745]: length=45 f1=0.7898 accuarcy=0.7909 precision=0.7920 recall=0.7909 auc=0.7865 
[2019-08-25 22:18:36,474]: length=46 f1=0.7818 accuarcy=0.7818 precision=0.7818 recall=0.7818 auc=0.7807 
[2019-08-25 22:18:44,697]: length=47 f1=0.7721 accuarcy=0.7727 precision=0.7726 recall=0.7727 auc=0.7695 
[2019-08-25 22:18:52,338]: length=48 f1=0.7620 accuarcy=0.7636 precision=0.7649 recall=0.7636 auc=0.7584 
[2019-08-25 22:18:59,985]: length=49 f1=0.7715 accuarcy=0.7727 precision=0.7735 recall=0.7727 auc=0.7682 
[2019-08-25 22:19:07,740]: length=50 f1=0.7721 accuarcy=0.7727 precision=0.7726 recall=0.7727 auc=0.7695 
[2019-08-25 22:19:15,771]: length=51 f1=0.7627 accuarcy=0.7636 precision=0.7638 recall=0.7636 auc=0.7597 
[2019-08-25 22:19:23,582]: length=52 f1=0.7715 accuarcy=0.7727 precision=0.7735 recall=0.7727 auc=0.7682 
[2019-08-25 22:19:31,320]: length=53 f1=0.7721 accuarcy=0.7727 precision=0.7726 recall=0.7727 auc=0.7695 
[2019-08-25 22:19:39,372]: length=54 f1=0.7544 accuarcy=0.7545 precision=0.7543 recall=0.7545 auc=0.7526 
[2019-08-25 22:19:47,051]: length=55 f1=0.7803 accuarcy=0.7818 precision=0.7835 recall=0.7818 auc=0.7767 
[2019-08-25 22:19:54,617]: length=56 f1=0.7450 accuarcy=0.7455 precision=0.7451 recall=0.7455 auc=0.7428 
[2019-08-25 22:20:02,516]: length=57 f1=0.7532 accuarcy=0.7545 precision=0.7550 recall=0.7545 auc=0.7499 
[2019-08-25 22:20:10,170]: length=58 f1=0.7262 accuarcy=0.7273 precision=0.7270 recall=0.7273 auc=0.7232 
[2019-08-25 22:20:18,488]: length=59 f1=0.7620 accuarcy=0.7636 precision=0.7649 recall=0.7636 auc=0.7584 
[2019-08-25 22:20:26,084]: length=60 f1=0.7632 accuarcy=0.7636 precision=0.7634 recall=0.7636 auc=0.7611 
[2019-08-25 22:20:33,657]: length=61 f1=0.7721 accuarcy=0.7727 precision=0.7726 recall=0.7727 auc=0.7695 
[2019-08-25 22:20:41,521]: length=62 f1=0.7803 accuarcy=0.7818 precision=0.7835 recall=0.7818 auc=0.7767 
[2019-08-25 22:20:49,312]: length=63 f1=0.7898 accuarcy=0.7909 precision=0.7920 recall=0.7909 auc=0.7865 
[2019-08-25 22:20:57,053]: length=64 f1=0.7627 accuarcy=0.7636 precision=0.7638 recall=0.7636 auc=0.7597 
[2019-08-25 22:21:04,580]: length=65 f1=0.7627 accuarcy=0.7636 precision=0.7638 recall=0.7636 auc=0.7597 
[2019-08-25 22:21:12,215]: length=66 f1=0.7707 accuarcy=0.7727 precision=0.7751 recall=0.7727 auc=0.7669 
[2019-08-25 22:21:19,809]: length=67 f1=0.7809 accuarcy=0.7818 precision=0.7822 recall=0.7818 auc=0.7780 
[2019-08-25 22:21:27,361]: length=68 f1=0.7620 accuarcy=0.7636 precision=0.7649 recall=0.7636 auc=0.7584 
[2019-08-25 22:21:34,965]: length=69 f1=0.7444 accuarcy=0.7455 precision=0.7454 recall=0.7455 auc=0.7414 
[2019-08-25 22:21:42,852]: length=70 f1=0.7532 accuarcy=0.7545 precision=0.7550 recall=0.7545 auc=0.7499 
[2019-08-25 22:21:50,463]: length=71 f1=0.7632 accuarcy=0.7636 precision=0.7634 recall=0.7636 auc=0.7611 
[2019-08-25 22:21:58,164]: length=72 f1=0.7444 accuarcy=0.7455 precision=0.7454 recall=0.7455 auc=0.7414 
[2019-08-25 22:22:06,176]: length=73 f1=0.7532 accuarcy=0.7545 precision=0.7550 recall=0.7545 auc=0.7499 
[2019-08-25 22:22:13,813]: length=74 f1=0.7803 accuarcy=0.7818 precision=0.7835 recall=0.7818 auc=0.7767 
[2019-08-25 22:22:21,396]: length=75 f1=0.7803 accuarcy=0.7818 precision=0.7835 recall=0.7818 auc=0.7767 
[2019-08-25 22:22:29,064]: length=76 f1=0.7539 accuarcy=0.7545 precision=0.7543 recall=0.7545 auc=0.7512 
[2019-08-25 22:22:36,596]: length=77 f1=0.7627 accuarcy=0.7636 precision=0.7638 recall=0.7636 auc=0.7597 
[2019-08-25 22:22:44,505]: length=78 f1=0.7815 accuarcy=0.7818 precision=0.7816 recall=0.7818 auc=0.7793 
[2019-08-25 22:22:52,135]: length=79 f1=0.7450 accuarcy=0.7455 precision=0.7451 recall=0.7455 auc=0.7428 
[2019-08-25 22:22:59,647]: length=80 f1=0.7273 accuarcy=0.7273 precision=0.7273 recall=0.7273 auc=0.7258 
[2019-08-25 22:23:07,244]: length=81 f1=0.7356 accuarcy=0.7364 precision=0.7360 recall=0.7364 auc=0.7330 
[2019-08-25 22:23:14,875]: length=82 f1=0.7444 accuarcy=0.7455 precision=0.7454 recall=0.7455 auc=0.7414 
[2019-08-25 22:23:22,385]: length=83 f1=0.7532 accuarcy=0.7545 precision=0.7550 recall=0.7545 auc=0.7499 
[2019-08-25 22:23:30,093]: length=84 f1=0.7166 accuarcy=0.7182 precision=0.7181 recall=0.7182 auc=0.7134 
[2019-08-25 22:23:37,900]: length=85 f1=0.7544 accuarcy=0.7545 precision=0.7543 recall=0.7545 auc=0.7526 
[2019-08-25 22:23:45,789]: length=86 f1=0.7715 accuarcy=0.7727 precision=0.7735 recall=0.7727 auc=0.7682 
[2019-08-25 22:23:53,449]: length=87 f1=0.7532 accuarcy=0.7545 precision=0.7550 recall=0.7545 auc=0.7499 
[2019-08-25 22:24:01,111]: length=88 f1=0.7620 accuarcy=0.7636 precision=0.7649 recall=0.7636 auc=0.7584 
[2019-08-25 22:24:08,780]: length=89 f1=0.7809 accuarcy=0.7818 precision=0.7822 recall=0.7818 auc=0.7780 
[2019-08-25 22:24:16,569]: length=90 f1=0.7627 accuarcy=0.7636 precision=0.7638 recall=0.7636 auc=0.7597 
[2019-08-25 22:24:24,268]: length=91 f1=0.7444 accuarcy=0.7455 precision=0.7454 recall=0.7455 auc=0.7414 
[2019-08-25 22:24:31,927]: length=92 f1=0.7620 accuarcy=0.7636 precision=0.7649 recall=0.7636 auc=0.7584 
[2019-08-25 22:24:40,062]: length=93 f1=0.8086 accuarcy=0.8091 precision=0.8093 recall=0.8091 auc=0.8061 
[2019-08-25 22:24:47,969]: length=94 f1=0.7803 accuarcy=0.7818 precision=0.7835 recall=0.7818 auc=0.7767 
[2019-08-25 22:24:55,555]: length=95 f1=0.7803 accuarcy=0.7818 precision=0.7835 recall=0.7818 auc=0.7767 
[2019-08-25 22:25:03,283]: length=96 f1=0.8074 accuarcy=0.8091 precision=0.8125 recall=0.8091 auc=0.8034 
[2019-08-25 22:25:10,912]: length=97 f1=0.7721 accuarcy=0.7727 precision=0.7726 recall=0.7727 auc=0.7695 
[2019-08-25 22:25:18,475]: length=98 f1=0.7627 accuarcy=0.7636 precision=0.7638 recall=0.7636 auc=0.7597 
[2019-08-25 22:25:26,071]: length=99 f1=0.7636 accuarcy=0.7636 precision=0.7636 recall=0.7636 auc=0.7624 
[2019-08-25 22:25:33,710]: length=100 f1=0.7908 accuarcy=0.7909 precision=0.7907 recall=0.7909 auc=0.7891 
[2019-08-25 22:25:41,304]: length=101 f1=0.7809 accuarcy=0.7818 precision=0.7822 recall=0.7818 auc=0.7780 
[2019-08-25 22:25:49,207]: length=102 f1=0.7632 accuarcy=0.7636 precision=0.7634 recall=0.7636 auc=0.7611 
[2019-08-25 22:25:56,923]: length=103 f1=0.7978 accuarcy=0.8000 precision=0.8044 recall=0.8000 auc=0.7936 
[2019-08-25 22:26:04,617]: length=104 f1=0.7898 accuarcy=0.7909 precision=0.7920 recall=0.7909 auc=0.7865 
[2019-08-25 22:26:12,295]: length=105 f1=0.7898 accuarcy=0.7909 precision=0.7920 recall=0.7909 auc=0.7865 
[2019-08-25 22:26:19,853]: length=106 f1=0.7803 accuarcy=0.7818 precision=0.7835 recall=0.7818 auc=0.7767 
[2019-08-25 22:26:27,541]: length=107 f1=0.7524 accuarcy=0.7545 precision=0.7565 recall=0.7545 auc=0.7486 
[2019-08-25 22:26:35,173]: length=108 f1=0.7815 accuarcy=0.7818 precision=0.7816 recall=0.7818 auc=0.7793 
[2019-08-25 22:26:42,828]: length=109 f1=0.7600 accuarcy=0.7636 precision=0.7696 recall=0.7636 auc=0.7557 
[2019-08-25 22:26:50,689]: length=110 f1=0.7992 accuarcy=0.8000 precision=0.8005 recall=0.8000 auc=0.7963 
[2019-08-25 22:26:58,492]: length=111 f1=0.7898 accuarcy=0.7909 precision=0.7920 recall=0.7909 auc=0.7865 
[2019-08-25 22:27:06,121]: length=112 f1=0.7903 accuarcy=0.7909 precision=0.7909 recall=0.7909 auc=0.7878 
[2019-08-25 22:27:13,687]: length=113 f1=0.7795 accuarcy=0.7818 precision=0.7857 recall=0.7818 auc=0.7753 
[2019-08-25 22:27:21,428]: length=114 f1=0.7898 accuarcy=0.7909 precision=0.7920 recall=0.7909 auc=0.7865 
[2019-08-25 22:27:29,325]: length=115 f1=0.7620 accuarcy=0.7636 precision=0.7649 recall=0.7636 auc=0.7584 
[2019-08-25 22:27:36,983]: length=116 f1=0.7818 accuarcy=0.7818 precision=0.7818 recall=0.7818 auc=0.7807 
[2019-08-25 22:27:44,631]: length=117 f1=0.7809 accuarcy=0.7818 precision=0.7822 recall=0.7818 auc=0.7780 
[2019-08-25 22:27:52,525]: length=118 f1=0.7539 accuarcy=0.7545 precision=0.7543 recall=0.7545 auc=0.7512 
[2019-08-25 22:28:00,147]: length=119 f1=0.7627 accuarcy=0.7636 precision=0.7638 recall=0.7636 auc=0.7597 
[2019-08-25 22:28:07,993]: length=120 f1=0.7908 accuarcy=0.7909 precision=0.7907 recall=0.7909 auc=0.7891 
[2019-08-25 22:28:15,595]: length=121 f1=0.7803 accuarcy=0.7818 precision=0.7835 recall=0.7818 auc=0.7767 
[2019-08-25 22:28:23,295]: length=122 f1=0.7815 accuarcy=0.7818 precision=0.7816 recall=0.7818 auc=0.7793 
[2019-08-25 22:28:31,030]: length=123 f1=0.7815 accuarcy=0.7818 precision=0.7816 recall=0.7818 auc=0.7793 
[2019-08-25 22:28:38,807]: length=124 f1=0.7539 accuarcy=0.7545 precision=0.7543 recall=0.7545 auc=0.7512 
[2019-08-25 22:28:46,965]: length=125 f1=0.7444 accuarcy=0.7455 precision=0.7454 recall=0.7455 auc=0.7414 
[2019-08-25 22:28:54,787]: length=126 f1=0.7795 accuarcy=0.7818 precision=0.7857 recall=0.7818 auc=0.7753 
[2019-08-25 22:29:02,491]: length=127 f1=0.7715 accuarcy=0.7727 precision=0.7735 recall=0.7727 auc=0.7682 
[2019-08-25 22:29:10,335]: length=128 f1=0.7437 accuarcy=0.7455 precision=0.7464 recall=0.7455 auc=0.7401 
[2019-08-25 22:29:18,008]: length=129 f1=0.7726 accuarcy=0.7727 precision=0.7725 recall=0.7727 auc=0.7709 
[2019-08-25 22:29:25,715]: length=130 f1=0.7992 accuarcy=0.8000 precision=0.8005 recall=0.8000 auc=0.7963 
[2019-08-25 22:29:33,338]: length=131 f1=0.8081 accuarcy=0.8091 precision=0.8104 recall=0.8091 auc=0.8048 
[2019-08-25 22:29:41,189]: length=132 f1=0.7620 accuarcy=0.7636 precision=0.7649 recall=0.7636 auc=0.7584 
[2019-08-25 22:29:48,757]: length=133 f1=0.7611 accuarcy=0.7636 precision=0.7669 recall=0.7636 auc=0.7571 
[2019-08-25 22:29:56,682]: length=134 f1=0.7891 accuarcy=0.7909 precision=0.7938 recall=0.7909 auc=0.7851 
[2019-08-25 22:30:04,715]: length=135 f1=0.7349 accuarcy=0.7364 precision=0.7366 recall=0.7364 auc=0.7316 
[2019-08-25 22:30:12,357]: length=136 f1=0.7627 accuarcy=0.7636 precision=0.7638 recall=0.7636 auc=0.7597 
[2019-08-25 22:30:20,026]: length=137 f1=0.7809 accuarcy=0.7818 precision=0.7822 recall=0.7818 auc=0.7780 
[2019-08-25 22:30:27,674]: length=138 f1=0.7815 accuarcy=0.7818 precision=0.7816 recall=0.7818 auc=0.7793 
[2019-08-25 22:30:35,496]: length=139 f1=0.7539 accuarcy=0.7545 precision=0.7543 recall=0.7545 auc=0.7512 
[2019-08-25 22:30:43,297]: length=140 f1=0.7903 accuarcy=0.7909 precision=0.7909 recall=0.7909 auc=0.7878 
[2019-08-25 22:30:51,452]: length=141 f1=0.7803 accuarcy=0.7818 precision=0.7835 recall=0.7818 auc=0.7767 
[2019-08-25 22:30:59,450]: length=142 f1=0.7795 accuarcy=0.7818 precision=0.7857 recall=0.7818 auc=0.7753 
[2019-08-25 22:31:07,355]: length=143 f1=0.7872 accuarcy=0.7909 precision=0.8002 recall=0.7909 auc=0.7825 
[2019-08-25 22:31:15,124]: length=144 f1=0.7539 accuarcy=0.7545 precision=0.7543 recall=0.7545 auc=0.7512 
[2019-08-25 22:31:23,412]: length=145 f1=0.7524 accuarcy=0.7545 precision=0.7565 recall=0.7545 auc=0.7486 
[2019-08-25 22:31:32,487]: length=146 f1=0.7636 accuarcy=0.7636 precision=0.7636 recall=0.7636 auc=0.7624 
[2019-08-25 22:31:41,002]: length=147 f1=0.7803 accuarcy=0.7818 precision=0.7835 recall=0.7818 auc=0.7767 
[2019-08-25 22:31:48,827]: length=148 f1=0.7795 accuarcy=0.7818 precision=0.7857 recall=0.7818 auc=0.7753 
[2019-08-25 22:31:57,584]: length=149 f1=0.7809 accuarcy=0.7818 precision=0.7822 recall=0.7818 auc=0.7780 
[2019-08-25 22:32:05,490]: length=150 f1=0.7427 accuarcy=0.7455 precision=0.7481 recall=0.7455 auc=0.7388 
[2019-08-25 22:32:05,495]: ----------
[2019-08-25 22:32:05,496]: the max f1 = 0.8086
[2019-08-25 22:32:05,496]: ['negativecharger.aromatic.gap2' 'aromatic.postivecharger.gap5'
 'postivecharger.negativecharger.gap5' 'aromatic.uncharger.gap5'
 'uncharger.aromatic.gap1' 'aromatic.uncharger.gap1'
 'negativecharger.alphaticr.gap4' 'alphaticr.alphaticr.gap5'
 'uncharger.uncharger.gap2' 'alphaticr.postivecharger.gap3'
 'uncharger.postivecharger.gap1' 'uncharger.alphaticr.gap0'
 'negativecharger.alphaticr.gap3' 'alphaticr.alphaticr.gap0'
 'postivecharger.uncharger.gap3' 'alphaticr.aromatic.gap2'
 'postivecharger.aromatic.gap3' 'uncharger.alphaticr.gap5'
 'uncharger.aromatic.gap0' 'postivecharger.postivecharger.gap1'
 'alphaticr.negativecharger.gap3' 'uncharger.uncharger.gap3'
 'aromatic.negativecharger.gap5' 'aromatic.uncharger.gap4'
 'uncharger.negativecharger.gap1' 'alphaticr.alphaticr.gap4'
 'aromatic.alphaticr.gap4' 'aromatic.negativecharger.gap0'
 'postivecharger.alphaticr.gap1' 'postivecharger.uncharger.gap0'
 'alphaticr.alphaticr.gap1' 'uncharger.postivecharger.gap0'
 'postivecharger.uncharger.gap2' 'alphaticr.aromatic.gap0'
 'uncharger.alphaticr.gap1' 'postivecharger.alphaticr.gap0'
 'postivecharger.uncharger.gap4' 'uncharger.postivecharger.gap2'
 'uncharger.aromatic.gap5' 'uncharger.aromatic.gap3'
 'uncharger.postivecharger.gap4' 'negativecharger.alphaticr.gap0'
 'aromatic.uncharger.gap0' 'postivecharger.postivecharger.gap4'
 'negativecharger.uncharger.gap2' 'uncharger.alphaticr.gap2'
 'alphaticr.negativecharger.gap5' 'aromatic.postivecharger.gap4'
 'negativecharger.aromatic.gap3' 'uncharger.postivecharger.gap5'
 'aromatic.negativecharger.gap1' 'postivecharger.uncharger.gap5'
 'negativecharger.postivecharger.gap1' 'aromatic.uncharger.gap2'
 'alphaticr.negativecharger.gap0' 'postivecharger.alphaticr.gap5'
 'negativecharger.alphaticr.gap1' 'negativecharger.uncharger.gap1'
 'alphaticr.aromatic.gap1' 'aromatic.aromatic.gap4'
 'aromatic.aromatic.gap0' 'negativecharger.alphaticr.gap5'
 'negativecharger.postivecharger.gap2' 'uncharger.aromatic.gap4'
 'aromatic.aromatic.gap1' 'aromatic.alphaticr.gap1'
 'alphaticr.alphaticr.gap2' 'alphaticr.uncharger.gap4'
 'negativecharger.uncharger.gap5' 'postivecharger.aromatic.gap4'
 'postivecharger.negativecharger.gap0' 'uncharger.negativecharger.gap5'
 'negativecharger.aromatic.gap5' 'postivecharger.aromatic.gap2'
 'alphaticr.postivecharger.gap2' 'aromatic.aromatic.gap5'
 'aromatic.negativecharger.gap3' 'aromatic.postivecharger.gap0'
 'alphaticr.negativecharger.gap1' 'alphaticr.uncharger.gap5'
 'negativecharger.negativecharger.gap2'
 'postivecharger.postivecharger.gap0' 'uncharger.alphaticr.gap3'
 'alphaticr.aromatic.gap5' 'alphaticr.uncharger.gap3'
 'uncharger.aromatic.gap2' 'negativecharger.postivecharger.gap0'
 'negativecharger.aromatic.gap0' 'negativecharger.alphaticr.gap2'
 'aromatic.postivecharger.gap3' 'postivecharger.negativecharger.gap4'
 'aromatic.negativecharger.gap4' 'uncharger.alphaticr.gap4'],length = 93
[2019-08-25 22:32:05,496]: -----------
[2019-08-25 22:32:13,269]: ***confusion matrix***
[2019-08-25 22:32:13,269]:                pos_class      neg_class      
[2019-08-25 22:32:13,269]: pos_class      TP:50             FN:9              
[2019-08-25 22:32:13,269]: neg_class      FP:12             TN:39             
[2019-08-25 22:32:13,270]: f1 =0.8086 
[2019-08-25 22:32:13,270]: accuarcy = 0.8091 
[2019-08-25 22:32:13,271]: precision =0.8093 
[2019-08-25 22:32:13,272]: recall =0.8091
[2019-08-25 22:32:13,272]: auc = 0.8061
[2019-08-25 22:32:13,314]: -----------
[2019-08-25 22:32:13,314]: The output by the terminal's log has been saved in the J:\多设备共享\work\MRMD2.0-github\Logs\201908252212.log.
[2019-08-25 22:32:13,314]: metrics have been saved in the J:\多设备共享\work\MRMD2.0-github\Results\150_2.csv.
[2019-08-25 22:32:13,314]: reduced dimensional dataset has been saved in the J:\多设备共享\work\MRMD2.0-github\Results\150_1.csv.
[2019-08-25 22:32:13,314]: ---mrmd 2.0 end---
