[2019-08-03 11:47:45,468]: ---mrmd 2.0 start----
[2019-08-03 11:47:45,808]: ANOVA start...
[2019-08-03 11:47:45,853]: ANOVA end.
[2019-08-03 11:47:45,853]: mic start...
[2019-08-03 11:48:01,167]: mic end.
[2019-08-03 11:48:01,167]: mrmd start...
[2019-08-03 11:48:01,855]: mrmd end.
[2019-08-03 11:48:01,855]: mRMR start...
[2019-08-03 11:48:26,349]: mRMR end.
[2019-08-03 11:48:26,349]: lasso start...
[2019-08-03 11:48:26,416]: lasso end.
[2019-08-03 11:48:29,296]: rank start ...
[2019-08-03 11:48:29,326]: The final  rank is
[2019-08-03 11:48:29,327]: aromatic.uncharger.gap5 : 0.0080
[2019-08-03 11:48:29,328]: aromatic.uncharger.gap0 : 0.0078
[2019-08-03 11:48:29,328]: uncharger.postivecharger.gap0 : 0.0077
[2019-08-03 11:48:29,329]: uncharger.aromatic.gap5 : 0.0077
[2019-08-03 11:48:29,329]: uncharger.aromatic.gap1 : 0.0077
[2019-08-03 11:48:29,329]: alphaticr.alphaticr.gap5 : 0.0077
[2019-08-03 11:48:29,329]: uncharger.uncharger.gap3 : 0.0077
[2019-08-03 11:48:29,329]: aromatic.uncharger.gap4 : 0.0077
[2019-08-03 11:48:29,329]: alphaticr.alphaticr.gap0 : 0.0077
[2019-08-03 11:48:29,329]: postivecharger.negativecharger.gap5 : 0.0076
[2019-08-03 11:48:29,330]: aromatic.negativecharger.gap0 : 0.0076
[2019-08-03 11:48:29,330]: aromatic.postivecharger.gap5 : 0.0076
[2019-08-03 11:48:29,331]: alphaticr.postivecharger.gap3 : 0.0076
[2019-08-03 11:48:29,331]: aromatic.uncharger.gap2 : 0.0076
[2019-08-03 11:48:29,331]: postivecharger.postivecharger.gap4 : 0.0076
[2019-08-03 11:48:29,331]: postivecharger.uncharger.gap5 : 0.0076
[2019-08-03 11:48:29,332]: uncharger.postivecharger.gap2 : 0.0076
[2019-08-03 11:48:29,332]: postivecharger.uncharger.gap3 : 0.0075
[2019-08-03 11:48:29,332]: alphaticr.aromatic.gap2 : 0.0075
[2019-08-03 11:48:29,332]: uncharger.postivecharger.gap1 : 0.0075
[2019-08-03 11:48:29,332]: alphaticr.postivecharger.gap2 : 0.0075
[2019-08-03 11:48:29,332]: uncharger.negativecharger.gap1 : 0.0075
[2019-08-03 11:48:29,333]: aromatic.alphaticr.gap4 : 0.0075
[2019-08-03 11:48:29,333]: postivecharger.alphaticr.gap3 : 0.0074
[2019-08-03 11:48:29,333]: uncharger.alphaticr.gap5 : 0.0074
[2019-08-03 11:48:29,333]: postivecharger.uncharger.gap0 : 0.0074
[2019-08-03 11:48:29,333]: negativecharger.alphaticr.gap4 : 0.0074
[2019-08-03 11:48:29,333]: postivecharger.aromatic.gap3 : 0.0074
[2019-08-03 11:48:29,333]: postivecharger.postivecharger.gap1 : 0.0074
[2019-08-03 11:48:29,334]: negativecharger.uncharger.gap2 : 0.0074
[2019-08-03 11:48:29,334]: alphaticr.alphaticr.gap4 : 0.0074
[2019-08-03 11:48:29,334]: postivecharger.alphaticr.gap0 : 0.0074
[2019-08-03 11:48:29,334]: uncharger.alphaticr.gap0 : 0.0074
[2019-08-03 11:48:29,334]: uncharger.aromatic.gap0 : 0.0073
[2019-08-03 11:48:29,335]: negativecharger.alphaticr.gap3 : 0.0073
[2019-08-03 11:48:29,335]: uncharger.uncharger.gap2 : 0.0073
[2019-08-03 11:48:29,335]: alphaticr.alphaticr.gap1 : 0.0073
[2019-08-03 11:48:29,335]: uncharger.alphaticr.gap2 : 0.0073
[2019-08-03 11:48:29,335]: alphaticr.negativecharger.gap3 : 0.0073
[2019-08-03 11:48:29,335]: uncharger.alphaticr.gap1 : 0.0073
[2019-08-03 11:48:29,335]: postivecharger.uncharger.gap2 : 0.0073
[2019-08-03 11:48:29,335]: negativecharger.alphaticr.gap0 : 0.0073
[2019-08-03 11:48:29,336]: postivecharger.uncharger.gap4 : 0.0073
[2019-08-03 11:48:29,336]: aromatic.negativecharger.gap5 : 0.0073
[2019-08-03 11:48:29,336]: uncharger.postivecharger.gap4 : 0.0073
[2019-08-03 11:48:29,336]: uncharger.postivecharger.gap5 : 0.0072
[2019-08-03 11:48:29,336]: negativecharger.aromatic.gap2 : 0.0072
[2019-08-03 11:48:29,337]: aromatic.uncharger.gap1 : 0.0072
[2019-08-03 11:48:29,337]: uncharger.negativecharger.gap5 : 0.0072
[2019-08-03 11:48:29,337]: uncharger.aromatic.gap4 : 0.0071
[2019-08-03 11:48:29,337]: postivecharger.alphaticr.gap1 : 0.0071
[2019-08-03 11:48:29,338]: postivecharger.aromatic.gap5 : 0.0070
[2019-08-03 11:48:29,338]: alphaticr.negativecharger.gap5 : 0.0070
[2019-08-03 11:48:29,338]: negativecharger.negativecharger.gap2 : 0.0070
[2019-08-03 11:48:29,338]: negativecharger.postivecharger.gap2 : 0.0069
[2019-08-03 11:48:29,339]: aromatic.postivecharger.gap4 : 0.0069
[2019-08-03 11:48:29,339]: aromatic.alphaticr.gap5 : 0.0069
[2019-08-03 11:48:29,339]: postivecharger.negativecharger.gap0 : 0.0069
[2019-08-03 11:48:29,339]: uncharger.aromatic.gap3 : 0.0068
[2019-08-03 11:48:29,339]: postivecharger.postivecharger.gap5 : 0.0067
[2019-08-03 11:48:29,339]: negativecharger.aromatic.gap3 : 0.0067
[2019-08-03 11:48:29,341]: negativecharger.alphaticr.gap5 : 0.0067
[2019-08-03 11:48:29,341]: negativecharger.postivecharger.gap4 : 0.0067
[2019-08-03 11:48:29,341]: negativecharger.uncharger.gap1 : 0.0067
[2019-08-03 11:48:29,341]: postivecharger.negativecharger.gap1 : 0.0066
[2019-08-03 11:48:29,341]: uncharger.alphaticr.gap3 : 0.0066
[2019-08-03 11:48:29,342]: postivecharger.aromatic.gap1 : 0.0066
[2019-08-03 11:48:29,342]: aromatic.aromatic.gap0 : 0.0066
[2019-08-03 11:48:29,342]: alphaticr.negativecharger.gap0 : 0.0066
[2019-08-03 11:48:29,342]: negativecharger.uncharger.gap5 : 0.0066
[2019-08-03 11:48:29,342]: aromatic.negativecharger.gap2 : 0.0065
[2019-08-03 11:48:29,342]: postivecharger.alphaticr.gap2 : 0.0065
[2019-08-03 11:48:29,343]: aromatic.negativecharger.gap1 : 0.0065
[2019-08-03 11:48:29,343]: aromatic.postivecharger.gap0 : 0.0065
[2019-08-03 11:48:29,343]: negativecharger.aromatic.gap1 : 0.0065
[2019-08-03 11:48:29,343]: alphaticr.uncharger.gap0 : 0.0065
[2019-08-03 11:48:29,343]: alphaticr.uncharger.gap5 : 0.0065
[2019-08-03 11:48:29,344]: postivecharger.negativecharger.gap2 : 0.0065
[2019-08-03 11:48:29,344]: aromatic.aromatic.gap5 : 0.0065
[2019-08-03 11:48:29,344]: postivecharger.postivecharger.gap2 : 0.0065
[2019-08-03 11:48:29,344]: negativecharger.postivecharger.gap1 : 0.0065
[2019-08-03 11:48:29,345]: aromatic.alphaticr.gap1 : 0.0064
[2019-08-03 11:48:29,345]: negativecharger.aromatic.gap5 : 0.0064
[2019-08-03 11:48:29,345]: negativecharger.negativecharger.gap4 : 0.0064
[2019-08-03 11:48:29,345]: alphaticr.negativecharger.gap4 : 0.0064
[2019-08-03 11:48:29,345]: alphaticr.postivecharger.gap5 : 0.0064
[2019-08-03 11:48:29,345]: uncharger.negativecharger.gap4 : 0.0064
[2019-08-03 11:48:29,346]: negativecharger.uncharger.gap4 : 0.0064
[2019-08-03 11:48:29,346]: negativecharger.negativecharger.gap5 : 0.0064
[2019-08-03 11:48:29,347]: postivecharger.negativecharger.gap4 : 0.0064
[2019-08-03 11:48:29,347]: uncharger.negativecharger.gap0 : 0.0064
[2019-08-03 11:48:29,347]: aromatic.postivecharger.gap3 : 0.0064
[2019-08-03 11:48:29,348]: negativecharger.alphaticr.gap1 : 0.0064
[2019-08-03 11:48:29,348]: alphaticr.aromatic.gap5 : 0.0064
[2019-08-03 11:48:29,348]: alphaticr.negativecharger.gap1 : 0.0064
[2019-08-03 11:48:29,348]: aromatic.aromatic.gap4 : 0.0063
[2019-08-03 11:48:29,348]: alphaticr.uncharger.gap2 : 0.0063
[2019-08-03 11:48:29,349]: alphaticr.postivecharger.gap4 : 0.0063
[2019-08-03 11:48:29,352]: negativecharger.postivecharger.gap0 : 0.0063
[2019-08-03 11:48:29,352]: postivecharger.uncharger.gap1 : 0.0063
[2019-08-03 11:48:29,352]: alphaticr.aromatic.gap1 : 0.0063
[2019-08-03 11:48:29,352]: aromatic.aromatic.gap1 : 0.0063
[2019-08-03 11:48:29,352]: uncharger.negativecharger.gap2 : 0.0063
[2019-08-03 11:48:29,353]: postivecharger.aromatic.gap4 : 0.0063
[2019-08-03 11:48:29,353]: uncharger.aromatic.gap2 : 0.0063
[2019-08-03 11:48:29,353]: alphaticr.alphaticr.gap3 : 0.0063
[2019-08-03 11:48:29,353]: postivecharger.alphaticr.gap4 : 0.0063
[2019-08-03 11:48:29,353]: negativecharger.negativecharger.gap1 : 0.0063
[2019-08-03 11:48:29,353]: postivecharger.alphaticr.gap5 : 0.0062
[2019-08-03 11:48:29,354]: alphaticr.alphaticr.gap2 : 0.0062
[2019-08-03 11:48:29,354]: negativecharger.uncharger.gap0 : 0.0062
[2019-08-03 11:48:29,354]: postivecharger.postivecharger.gap0 : 0.0062
[2019-08-03 11:48:29,354]: negativecharger.aromatic.gap4 : 0.0062
[2019-08-03 11:48:29,354]: alphaticr.postivecharger.gap1 : 0.0062
[2019-08-03 11:48:29,354]: postivecharger.aromatic.gap2 : 0.0062
[2019-08-03 11:48:29,355]: aromatic.aromatic.gap2 : 0.0062
[2019-08-03 11:48:29,355]: alphaticr.negativecharger.gap2 : 0.0062
[2019-08-03 11:48:29,355]: negativecharger.postivecharger.gap3 : 0.0062
[2019-08-03 11:48:29,355]: negativecharger.negativecharger.gap0 : 0.0062
[2019-08-03 11:48:29,355]: aromatic.negativecharger.gap3 : 0.0062
[2019-08-03 11:48:29,355]: alphaticr.aromatic.gap3 : 0.0062
[2019-08-03 11:48:29,356]: postivecharger.aromatic.gap0 : 0.0062
[2019-08-03 11:48:29,356]: negativecharger.alphaticr.gap2 : 0.0061
[2019-08-03 11:48:29,356]: alphaticr.aromatic.gap0 : 0.0061
[2019-08-03 11:48:29,356]: negativecharger.aromatic.gap0 : 0.0061
[2019-08-03 11:48:29,356]: negativecharger.postivecharger.gap5 : 0.0061
[2019-08-03 11:48:29,356]: uncharger.uncharger.gap0 : 0.0061
[2019-08-03 11:48:29,357]: aromatic.postivecharger.gap1 : 0.0061
[2019-08-03 11:48:29,357]: aromatic.uncharger.gap3 : 0.0061
[2019-08-03 11:48:29,357]: negativecharger.uncharger.gap3 : 0.0061
[2019-08-03 11:48:29,358]: aromatic.negativecharger.gap4 : 0.0061
[2019-08-03 11:48:29,358]: uncharger.negativecharger.gap3 : 0.0061
[2019-08-03 11:48:29,358]: uncharger.uncharger.gap1 : 0.0060
[2019-08-03 11:48:29,358]: negativecharger.negativecharger.gap3 : 0.0060
[2019-08-03 11:48:29,359]: alphaticr.aromatic.gap4 : 0.0059
[2019-08-03 11:48:29,359]: aromatic.postivecharger.gap2 : 0.0059
[2019-08-03 11:48:29,359]: uncharger.uncharger.gap4 : 0.0059
[2019-08-03 11:48:29,359]: uncharger.alphaticr.gap4 : 0.0058
[2019-08-03 11:48:29,360]: alphaticr.postivecharger.gap0 : 0.0057
[2019-08-03 11:48:29,360]: uncharger.postivecharger.gap3 : 0.0056
[2019-08-03 11:48:29,360]: postivecharger.postivecharger.gap3 : 0.0056
[2019-08-03 11:48:29,361]: alphaticr.uncharger.gap3 : 0.0055
[2019-08-03 11:48:29,362]: alphaticr.uncharger.gap4 : 0.0055
[2019-08-03 11:48:29,362]: aromatic.alphaticr.gap0 : 0.0055
[2019-08-03 11:48:29,362]: alphaticr.uncharger.gap1 : 0.0055
[2019-08-03 11:48:29,362]: aromatic.alphaticr.gap2 : 0.0055
[2019-08-03 11:48:29,362]: postivecharger.negativecharger.gap3 : 0.0054
[2019-08-03 11:48:29,363]: uncharger.uncharger.gap5 : 0.0051
[2019-08-03 11:48:29,363]: aromatic.aromatic.gap3 : 0.0051
[2019-08-03 11:48:29,363]: aromatic.alphaticr.gap3 : 0.0051
[2019-08-03 11:48:29,363]: feature_rank end
[2019-08-03 11:48:29,460]: Start dimension reduction ...
[2019-08-03 11:48:55,207]: length=1 accuarcy=0.4991 f1=0.5003 precision=0.5007 recall=0.5000 roc=0.4980 
[2019-08-03 11:49:21,807]: length=2 accuarcy=0.4783 f1=0.4825 precision=0.4838 recall=0.4818 roc=0.4811 
[2019-08-03 11:49:46,575]: length=3 accuarcy=0.5155 f1=0.5139 precision=0.5138 recall=0.5182 roc=0.5110 
[2019-08-03 11:50:12,618]: length=4 accuarcy=0.6520 f1=0.6532 precision=0.6535 recall=0.6545 roc=0.6500 
[2019-08-03 11:50:38,298]: length=5 accuarcy=0.6662 f1=0.6704 precision=0.6722 recall=0.6727 roc=0.6670 
[2019-08-03 11:51:05,032]: length=6 accuarcy=0.6762 f1=0.6790 precision=0.6818 recall=0.6818 roc=0.6755 
[2019-08-03 11:51:32,323]: length=7 accuarcy=0.6753 f1=0.6816 precision=0.6815 recall=0.6818 roc=0.6795 
[2019-08-03 11:51:58,588]: length=8 accuarcy=0.6686 f1=0.6704 precision=0.6722 recall=0.6727 roc=0.6670 
[2019-08-03 11:52:24,794]: length=9 accuarcy=0.6944 f1=0.6984 precision=0.6997 recall=0.7000 roc=0.6951 
[2019-08-03 11:52:50,466]: length=10 accuarcy=0.6489 f1=0.6521 precision=0.6536 recall=0.6545 roc=0.6487 
[2019-08-03 11:53:16,821]: length=11 accuarcy=0.7482 f1=0.7549 precision=0.7563 recall=0.7545 roc=0.7552 
[2019-08-03 11:53:42,993]: length=12 accuarcy=0.6594 f1=0.6638 precision=0.6641 recall=0.6636 roc=0.6625 
[2019-08-03 11:54:08,442]: length=13 accuarcy=0.6861 f1=0.6912 precision=0.6920 recall=0.6909 roc=0.6906 
[2019-08-03 11:54:36,441]: length=14 accuarcy=0.7108 f1=0.7180 precision=0.7179 recall=0.7182 roc=0.7160 
[2019-08-03 11:55:00,446]: length=15 accuarcy=0.6845 f1=0.6912 precision=0.6920 recall=0.6909 roc=0.6906 
[2019-08-03 11:55:24,233]: length=16 accuarcy=0.6918 f1=0.6998 precision=0.6997 recall=0.7000 roc=0.6977 
[2019-08-03 11:55:48,089]: length=17 accuarcy=0.6936 f1=0.6984 precision=0.6997 recall=0.7000 roc=0.6951 
[2019-08-03 11:56:12,153]: length=18 accuarcy=0.7391 f1=0.7444 precision=0.7454 recall=0.7455 roc=0.7414 
[2019-08-03 11:56:35,735]: length=19 accuarcy=0.6944 f1=0.6984 precision=0.6997 recall=0.7000 roc=0.6951 
[2019-08-03 11:57:01,168]: length=20 accuarcy=0.7217 f1=0.7262 precision=0.7270 recall=0.7273 roc=0.7232 
[2019-08-03 11:57:25,922]: length=21 accuarcy=0.7217 f1=0.7262 precision=0.7270 recall=0.7273 roc=0.7232 
[2019-08-03 11:57:51,283]: length=22 accuarcy=0.7209 f1=0.7262 precision=0.7270 recall=0.7273 roc=0.7232 
[2019-08-03 11:58:15,247]: length=23 accuarcy=0.6844 f1=0.6909 precision=0.6909 recall=0.6909 roc=0.6893 
[2019-08-03 11:58:39,476]: length=24 accuarcy=0.7044 f1=0.7086 precision=0.7086 recall=0.7091 roc=0.7062 
[2019-08-03 11:59:04,546]: length=25 accuarcy=0.6755 f1=0.6809 precision=0.6811 recall=0.6818 roc=0.6781 
[2019-08-03 11:59:28,850]: length=26 accuarcy=0.7027 f1=0.7079 precision=0.7086 recall=0.7091 roc=0.7049 
[2019-08-03 11:59:53,812]: length=27 accuarcy=0.7117 f1=0.7166 precision=0.7181 recall=0.7182 roc=0.7134 
[2019-08-03 12:00:18,564]: length=28 accuarcy=0.7018 f1=0.7070 precision=0.7093 recall=0.7091 roc=0.7036 
[2019-08-03 12:00:42,444]: length=29 accuarcy=0.7300 f1=0.7356 precision=0.7360 recall=0.7364 roc=0.7330 
[2019-08-03 12:01:06,245]: length=30 accuarcy=0.7217 f1=0.7243 precision=0.7293 recall=0.7273 roc=0.7205 
[2019-08-03 12:01:30,380]: length=31 accuarcy=0.7291 f1=0.7340 precision=0.7378 recall=0.7364 roc=0.7303 
[2019-08-03 12:01:53,549]: length=32 accuarcy=0.7209 f1=0.7243 precision=0.7293 recall=0.7273 roc=0.7205 
[2019-08-03 12:02:17,881]: length=33 accuarcy=0.6853 f1=0.6897 precision=0.6903 recall=0.6909 roc=0.6866 
[2019-08-03 12:02:41,610]: length=34 accuarcy=0.7855 f1=0.7910 precision=0.7913 recall=0.7909 roc=0.7905 
[2019-08-03 12:03:05,604]: length=35 accuarcy=0.7482 f1=0.7544 precision=0.7543 recall=0.7545 roc=0.7526 
[2019-08-03 12:03:30,367]: length=36 accuarcy=0.7780 f1=0.7818 precision=0.7818 recall=0.7818 roc=0.7807 
[2019-08-03 12:03:54,985]: length=37 accuarcy=0.7226 f1=0.7262 precision=0.7270 recall=0.7273 roc=0.7232 
[2019-08-03 12:04:20,186]: length=38 accuarcy=0.7217 f1=0.7262 precision=0.7270 recall=0.7273 roc=0.7232 
[2019-08-03 12:04:44,963]: length=39 accuarcy=0.7571 f1=0.7620 precision=0.7649 recall=0.7636 roc=0.7584 
[2019-08-03 12:05:08,459]: length=40 accuarcy=0.7308 f1=0.7340 precision=0.7378 recall=0.7364 roc=0.7303 
[2019-08-03 12:05:27,191]: length=41 accuarcy=0.7571 f1=0.7632 precision=0.7634 recall=0.7636 roc=0.7611 
[2019-08-03 12:05:51,304]: length=42 accuarcy=0.7508 f1=0.7544 precision=0.7543 recall=0.7545 roc=0.7526 
[2019-08-03 12:06:15,622]: length=43 accuarcy=0.7589 f1=0.7632 precision=0.7634 recall=0.7636 roc=0.7611 
[2019-08-03 12:06:39,882]: length=44 accuarcy=0.7589 f1=0.7627 precision=0.7638 recall=0.7636 roc=0.7597 
[2019-08-03 12:07:04,406]: length=45 accuarcy=0.7489 f1=0.7539 precision=0.7543 recall=0.7545 roc=0.7512 
[2019-08-03 12:07:27,986]: length=46 accuarcy=0.7845 f1=0.7903 precision=0.7909 recall=0.7909 roc=0.7878 
[2019-08-03 12:07:52,115]: length=47 accuarcy=0.7198 f1=0.7262 precision=0.7270 recall=0.7273 roc=0.7232 
[2019-08-03 12:08:15,758]: length=48 accuarcy=0.7398 f1=0.7455 precision=0.7455 recall=0.7455 roc=0.7441 
[2019-08-03 12:08:40,217]: length=49 accuarcy=0.7398 f1=0.7444 precision=0.7454 recall=0.7455 roc=0.7414 
[2019-08-03 12:09:06,803]: length=50 accuarcy=0.7580 f1=0.7632 precision=0.7634 recall=0.7636 roc=0.7611 
[2019-08-03 12:09:30,714]: length=51 accuarcy=0.7398 f1=0.7450 precision=0.7451 recall=0.7455 roc=0.7428 
[2019-08-03 12:09:55,518]: length=52 accuarcy=0.7780 f1=0.7809 precision=0.7822 recall=0.7818 roc=0.7780 
[2019-08-03 12:10:20,256]: length=53 accuarcy=0.7398 f1=0.7444 precision=0.7454 recall=0.7455 roc=0.7414 
[2019-08-03 12:10:44,656]: length=54 accuarcy=0.7408 f1=0.7450 precision=0.7451 recall=0.7455 roc=0.7428 
[2019-08-03 12:11:08,212]: length=55 accuarcy=0.7408 f1=0.7444 precision=0.7454 recall=0.7455 roc=0.7414 
[2019-08-03 12:11:35,204]: length=56 accuarcy=0.7573 f1=0.7636 precision=0.7636 recall=0.7636 roc=0.7624 
[2019-08-03 12:11:58,905]: length=57 accuarcy=0.7655 f1=0.7726 precision=0.7725 recall=0.7727 roc=0.7709 
[2019-08-03 12:12:23,994]: length=58 accuarcy=0.7317 f1=0.7340 precision=0.7378 recall=0.7364 roc=0.7303 
[2019-08-03 12:12:49,092]: length=59 accuarcy=0.7491 f1=0.7524 precision=0.7565 recall=0.7545 roc=0.7486 
[2019-08-03 12:13:12,816]: length=60 accuarcy=0.8127 f1=0.8175 precision=0.8189 recall=0.8182 roc=0.8146 
[2019-08-03 12:13:37,005]: length=61 accuarcy=0.7764 f1=0.7818 precision=0.7818 recall=0.7818 roc=0.7807 
[2019-08-03 12:14:01,250]: length=62 accuarcy=0.7755 f1=0.7815 precision=0.7816 recall=0.7818 roc=0.7793 
[2019-08-03 12:14:25,460]: length=63 accuarcy=0.7755 f1=0.7809 precision=0.7822 recall=0.7818 roc=0.7780 
[2019-08-03 12:14:49,699]: length=64 accuarcy=0.7382 f1=0.7444 precision=0.7454 recall=0.7455 roc=0.7414 
[2019-08-03 12:15:12,873]: length=65 accuarcy=0.7573 f1=0.7627 precision=0.7638 recall=0.7636 roc=0.7597 
[2019-08-03 12:15:37,063]: length=66 accuarcy=0.7673 f1=0.7726 precision=0.7725 recall=0.7727 roc=0.7709 
[2019-08-03 12:16:00,805]: length=67 accuarcy=0.7573 f1=0.7627 precision=0.7638 recall=0.7636 roc=0.7597 
[2019-08-03 12:16:24,202]: length=68 accuarcy=0.7582 f1=0.7620 precision=0.7649 recall=0.7636 roc=0.7584 
[2019-08-03 12:16:48,555]: length=69 accuarcy=0.7764 f1=0.7809 precision=0.7822 recall=0.7818 roc=0.7780 
[2019-08-03 12:17:12,671]: length=70 accuarcy=0.7482 f1=0.7539 precision=0.7543 recall=0.7545 roc=0.7512 
[2019-08-03 12:17:36,707]: length=71 accuarcy=0.7682 f1=0.7721 precision=0.7726 recall=0.7727 roc=0.7695 
[2019-08-03 12:18:00,832]: length=72 accuarcy=0.7382 f1=0.7450 precision=0.7451 recall=0.7455 roc=0.7428 
[2019-08-03 12:18:24,454]: length=73 accuarcy=0.7482 f1=0.7539 precision=0.7543 recall=0.7545 roc=0.7512 
[2019-08-03 12:18:48,276]: length=74 accuarcy=0.7398 f1=0.7450 precision=0.7451 recall=0.7455 roc=0.7428 
[2019-08-03 12:19:12,684]: length=75 accuarcy=0.7391 f1=0.7450 precision=0.7451 recall=0.7455 roc=0.7428 
[2019-08-03 12:19:36,828]: length=76 accuarcy=0.7491 f1=0.7532 precision=0.7550 recall=0.7545 roc=0.7499 
[2019-08-03 12:20:04,982]: length=77 accuarcy=0.7482 f1=0.7532 precision=0.7550 recall=0.7545 roc=0.7499 
[2019-08-03 12:20:28,401]: length=78 accuarcy=0.7382 f1=0.7450 precision=0.7451 recall=0.7455 roc=0.7428 
[2019-08-03 12:20:52,585]: length=79 accuarcy=0.7582 f1=0.7627 precision=0.7638 recall=0.7636 roc=0.7597 
[2019-08-03 12:21:18,534]: length=80 accuarcy=0.7218 f1=0.7262 precision=0.7270 recall=0.7273 roc=0.7232 
[2019-08-03 12:21:42,676]: length=81 accuarcy=0.7764 f1=0.7809 precision=0.7822 recall=0.7818 roc=0.7780 
[2019-08-03 12:22:07,946]: length=82 accuarcy=0.7764 f1=0.7809 precision=0.7822 recall=0.7818 roc=0.7780 
[2019-08-03 12:22:31,787]: length=83 accuarcy=0.7573 f1=0.7627 precision=0.7638 recall=0.7636 roc=0.7597 
[2019-08-03 12:22:55,763]: length=84 accuarcy=0.7482 f1=0.7539 precision=0.7543 recall=0.7545 roc=0.7512 
[2019-08-03 12:23:20,193]: length=85 accuarcy=0.7473 f1=0.7539 precision=0.7543 recall=0.7545 roc=0.7512 
[2019-08-03 12:23:43,155]: length=86 accuarcy=0.7573 f1=0.7632 precision=0.7634 recall=0.7636 roc=0.7611 
[2019-08-03 12:24:09,675]: length=87 accuarcy=0.7317 f1=0.7356 precision=0.7360 recall=0.7364 roc=0.7330 
[2019-08-03 12:24:33,621]: length=88 accuarcy=0.7582 f1=0.7627 precision=0.7638 recall=0.7636 roc=0.7597 
[2019-08-03 12:24:57,405]: length=89 accuarcy=0.7755 f1=0.7803 precision=0.7835 recall=0.7818 roc=0.7767 
[2019-08-03 12:25:22,152]: length=90 accuarcy=0.7655 f1=0.7721 precision=0.7726 recall=0.7727 roc=0.7695 
[2019-08-03 12:25:45,754]: length=91 accuarcy=0.7473 f1=0.7532 precision=0.7550 recall=0.7545 roc=0.7499 
[2019-08-03 12:26:10,506]: length=92 accuarcy=0.7291 f1=0.7365 precision=0.7368 recall=0.7364 roc=0.7356 
[2019-08-03 12:26:35,561]: length=93 accuarcy=0.7300 f1=0.7356 precision=0.7360 recall=0.7364 roc=0.7330 
[2019-08-03 12:26:53,617]: length=94 accuarcy=0.7200 f1=0.7262 precision=0.7270 recall=0.7273 roc=0.7232 
[2019-08-03 12:27:08,225]: length=95 accuarcy=0.7382 f1=0.7450 precision=0.7451 recall=0.7455 roc=0.7428 
[2019-08-03 12:27:21,279]: length=96 accuarcy=0.7391 f1=0.7444 precision=0.7454 recall=0.7455 roc=0.7414 
[2019-08-03 12:27:33,587]: length=97 accuarcy=0.7373 f1=0.7437 precision=0.7464 recall=0.7455 roc=0.7401 
[2019-08-03 12:27:45,884]: length=98 accuarcy=0.7755 f1=0.7803 precision=0.7835 recall=0.7818 roc=0.7767 
[2019-08-03 12:27:58,204]: length=99 accuarcy=0.7655 f1=0.7715 precision=0.7735 recall=0.7727 roc=0.7682 
[2019-08-03 12:28:10,448]: length=100 accuarcy=0.7745 f1=0.7795 precision=0.7857 recall=0.7818 roc=0.7753 
[2019-08-03 12:28:23,158]: length=101 accuarcy=0.7664 f1=0.7721 precision=0.7726 recall=0.7727 roc=0.7695 
[2019-08-03 12:28:35,527]: length=102 accuarcy=0.7945 f1=0.7978 precision=0.8044 recall=0.8000 roc=0.7936 
[2019-08-03 12:28:47,629]: length=103 accuarcy=0.7764 f1=0.7803 precision=0.7835 recall=0.7818 roc=0.7767 
[2019-08-03 12:28:59,720]: length=104 accuarcy=0.7382 f1=0.7450 precision=0.7451 recall=0.7455 roc=0.7428 
[2019-08-03 12:29:11,667]: length=105 accuarcy=0.7291 f1=0.7349 precision=0.7366 recall=0.7364 roc=0.7316 
[2019-08-03 12:29:23,872]: length=106 accuarcy=0.7564 f1=0.7627 precision=0.7638 recall=0.7636 roc=0.7597 
[2019-08-03 12:29:35,957]: length=107 accuarcy=0.7291 f1=0.7349 precision=0.7366 recall=0.7364 roc=0.7316 
[2019-08-03 12:29:48,626]: length=108 accuarcy=0.7836 f1=0.7891 precision=0.7938 recall=0.7909 roc=0.7851 
[2019-08-03 12:30:01,600]: length=109 accuarcy=0.7664 f1=0.7721 precision=0.7726 recall=0.7727 roc=0.7695 
[2019-08-03 12:30:13,637]: length=110 accuarcy=0.7473 f1=0.7539 precision=0.7543 recall=0.7545 roc=0.7512 
[2019-08-03 12:30:26,273]: length=111 accuarcy=0.7564 f1=0.7620 precision=0.7649 recall=0.7636 roc=0.7584 
[2019-08-03 12:30:38,676]: length=112 accuarcy=0.7300 f1=0.7340 precision=0.7378 recall=0.7364 roc=0.7303 
[2019-08-03 12:30:50,977]: length=113 accuarcy=0.7400 f1=0.7444 precision=0.7454 recall=0.7455 roc=0.7414 
[2019-08-03 12:31:03,476]: length=114 accuarcy=0.7664 f1=0.7707 precision=0.7751 recall=0.7727 roc=0.7669 
[2019-08-03 12:31:15,821]: length=115 accuarcy=0.7664 f1=0.7715 precision=0.7735 recall=0.7727 roc=0.7682 
[2019-08-03 12:31:28,499]: length=116 accuarcy=0.7473 f1=0.7532 precision=0.7550 recall=0.7545 roc=0.7499 
[2019-08-03 12:31:40,699]: length=117 accuarcy=0.7655 f1=0.7698 precision=0.7776 recall=0.7727 roc=0.7655 
[2019-08-03 12:31:52,747]: length=118 accuarcy=0.7473 f1=0.7539 precision=0.7543 recall=0.7545 roc=0.7512 
[2019-08-03 12:32:05,118]: length=119 accuarcy=0.7573 f1=0.7627 precision=0.7638 recall=0.7636 roc=0.7597 
[2019-08-03 12:32:17,431]: length=120 accuarcy=0.7382 f1=0.7455 precision=0.7455 recall=0.7455 roc=0.7441 
[2019-08-03 12:32:29,937]: length=121 accuarcy=0.7300 f1=0.7356 precision=0.7360 recall=0.7364 roc=0.7330 
[2019-08-03 12:32:42,244]: length=122 accuarcy=0.7482 f1=0.7544 precision=0.7543 recall=0.7545 roc=0.7526 
[2019-08-03 12:32:54,201]: length=123 accuarcy=0.7564 f1=0.7632 precision=0.7634 recall=0.7636 roc=0.7611 
[2019-08-03 12:33:06,023]: length=124 accuarcy=0.7755 f1=0.7809 precision=0.7822 recall=0.7818 roc=0.7780 
[2019-08-03 12:33:17,983]: length=125 accuarcy=0.7382 f1=0.7444 precision=0.7454 recall=0.7455 roc=0.7414 
[2019-08-03 12:33:30,337]: length=126 accuarcy=0.7391 f1=0.7444 precision=0.7454 recall=0.7455 roc=0.7414 
[2019-08-03 12:33:42,745]: length=127 accuarcy=0.7200 f1=0.7253 precision=0.7278 recall=0.7273 roc=0.7218 
[2019-08-03 12:33:54,653]: length=128 accuarcy=0.7745 f1=0.7803 precision=0.7835 recall=0.7818 roc=0.7767 
[2019-08-03 12:34:06,937]: length=129 accuarcy=0.7564 f1=0.7632 precision=0.7634 recall=0.7636 roc=0.7611 
[2019-08-03 12:34:18,912]: length=130 accuarcy=0.7564 f1=0.7627 precision=0.7638 recall=0.7636 roc=0.7597 
[2019-08-03 12:34:31,403]: length=131 accuarcy=0.7482 f1=0.7539 precision=0.7543 recall=0.7545 roc=0.7512 
[2019-08-03 12:34:43,767]: length=132 accuarcy=0.7664 f1=0.7707 precision=0.7751 recall=0.7727 roc=0.7669 
[2019-08-03 12:34:55,867]: length=133 accuarcy=0.7745 f1=0.7809 precision=0.7822 recall=0.7818 roc=0.7780 
[2019-08-03 12:35:07,613]: length=134 accuarcy=0.7764 f1=0.7803 precision=0.7835 recall=0.7818 roc=0.7767 
[2019-08-03 12:35:19,354]: length=135 accuarcy=0.7473 f1=0.7532 precision=0.7550 recall=0.7545 roc=0.7499 
[2019-08-03 12:35:31,253]: length=136 accuarcy=0.7573 f1=0.7632 precision=0.7634 recall=0.7636 roc=0.7611 
[2019-08-03 12:35:43,938]: length=137 accuarcy=0.7300 f1=0.7349 precision=0.7366 recall=0.7364 roc=0.7316 
[2019-08-03 12:35:56,253]: length=138 accuarcy=0.7936 f1=0.7986 precision=0.8021 recall=0.8000 roc=0.7949 
[2019-08-03 12:36:08,109]: length=139 accuarcy=0.7564 f1=0.7627 precision=0.7638 recall=0.7636 roc=0.7597 
[2019-08-03 12:36:20,162]: length=140 accuarcy=0.7655 f1=0.7726 precision=0.7725 recall=0.7727 roc=0.7709 
[2019-08-03 12:36:32,157]: length=141 accuarcy=0.7564 f1=0.7627 precision=0.7638 recall=0.7636 roc=0.7597 
[2019-08-03 12:36:44,211]: length=142 accuarcy=0.7755 f1=0.7809 precision=0.7822 recall=0.7818 roc=0.7780 
[2019-08-03 12:36:56,214]: length=143 accuarcy=0.7473 f1=0.7539 precision=0.7543 recall=0.7545 roc=0.7512 
[2019-08-03 12:37:08,406]: length=144 accuarcy=0.7655 f1=0.7715 precision=0.7735 recall=0.7727 roc=0.7682 
[2019-08-03 12:37:20,172]: length=145 accuarcy=0.7764 f1=0.7815 precision=0.7816 recall=0.7818 roc=0.7793 
[2019-08-03 12:37:32,588]: length=146 accuarcy=0.7564 f1=0.7620 precision=0.7649 recall=0.7636 roc=0.7584 
[2019-08-03 12:37:44,399]: length=147 accuarcy=0.7745 f1=0.7809 precision=0.7822 recall=0.7818 roc=0.7780 
[2019-08-03 12:37:56,545]: length=148 accuarcy=0.7573 f1=0.7627 precision=0.7638 recall=0.7636 roc=0.7597 
[2019-08-03 12:38:09,146]: length=149 accuarcy=0.7671 f1=0.7715 precision=0.7735 recall=0.7727 roc=0.7682 
[2019-08-03 12:38:21,734]: length=150 accuarcy=0.7655 f1=0.7715 precision=0.7735 recall=0.7727 roc=0.7682 
[2019-08-03 12:38:21,734]: ----------
[2019-08-03 12:38:21,734]: the max acc = 0.8127
[2019-08-03 12:38:21,734]: ['aromatic.uncharger.gap5' 'aromatic.uncharger.gap0'
 'uncharger.postivecharger.gap0' 'uncharger.aromatic.gap5'
 'uncharger.aromatic.gap1' 'alphaticr.alphaticr.gap5'
 'uncharger.uncharger.gap3' 'aromatic.uncharger.gap4'
 'alphaticr.alphaticr.gap0' 'postivecharger.negativecharger.gap5'
 'aromatic.negativecharger.gap0' 'aromatic.postivecharger.gap5'
 'alphaticr.postivecharger.gap3' 'aromatic.uncharger.gap2'
 'postivecharger.postivecharger.gap4' 'postivecharger.uncharger.gap5'
 'uncharger.postivecharger.gap2' 'postivecharger.uncharger.gap3'
 'alphaticr.aromatic.gap2' 'uncharger.postivecharger.gap1'
 'alphaticr.postivecharger.gap2' 'uncharger.negativecharger.gap1'
 'aromatic.alphaticr.gap4' 'postivecharger.alphaticr.gap3'
 'uncharger.alphaticr.gap5' 'postivecharger.uncharger.gap0'
 'negativecharger.alphaticr.gap4' 'postivecharger.aromatic.gap3'
 'postivecharger.postivecharger.gap1' 'negativecharger.uncharger.gap2'
 'alphaticr.alphaticr.gap4' 'postivecharger.alphaticr.gap0'
 'uncharger.alphaticr.gap0' 'uncharger.aromatic.gap0'
 'negativecharger.alphaticr.gap3' 'uncharger.uncharger.gap2'
 'alphaticr.alphaticr.gap1' 'uncharger.alphaticr.gap2'
 'alphaticr.negativecharger.gap3' 'uncharger.alphaticr.gap1'
 'postivecharger.uncharger.gap2' 'negativecharger.alphaticr.gap0'
 'postivecharger.uncharger.gap4' 'aromatic.negativecharger.gap5'
 'uncharger.postivecharger.gap4' 'uncharger.postivecharger.gap5'
 'negativecharger.aromatic.gap2' 'aromatic.uncharger.gap1'
 'uncharger.negativecharger.gap5' 'uncharger.aromatic.gap4'
 'postivecharger.alphaticr.gap1' 'postivecharger.aromatic.gap5'
 'alphaticr.negativecharger.gap5' 'negativecharger.negativecharger.gap2'
 'negativecharger.postivecharger.gap2' 'aromatic.postivecharger.gap4'
 'aromatic.alphaticr.gap5' 'postivecharger.negativecharger.gap0'
 'uncharger.aromatic.gap3' 'postivecharger.postivecharger.gap5'],length = 60
[2019-08-03 12:38:21,734]: -----------
[2019-08-03 12:38:27,814]: ***confusion matrix***
[2019-08-03 12:38:27,814]:                pos_class      neg_class      
[2019-08-03 12:38:27,814]: pos_class      TP:51             FN:8              
[2019-08-03 12:38:27,814]: neg_class      FP:12             TN:39             
[2019-08-03 12:38:27,814]: accuarcy = 0.8181818181818182 
[2019-08-03 12:38:27,824]: precision =0.8189186699824997 
[2019-08-03 12:38:27,824]: recall =0.8181818181818182
[2019-08-03 12:38:27,824]: f1 =0.8174518689741171 
[2019-08-03 12:38:27,824]: roc area = 0.814556331006979
[2019-08-03 12:38:27,844]: -----------
[2019-08-03 12:38:27,844]: The output by the terminal's log has been saved in the G:\多设备共享\work\MRMD2.0-github\Logs\201908031147.log.
[2019-08-03 12:38:27,844]: metrics have been saved in the G:\多设备共享\work\MRMD2.0-github\Results\test.arff.metrics.csv.
[2019-08-03 12:38:27,844]: reduced dimensional dataset has been saved in the G:\多设备共享\work\MRMD2.0-github\Results\test.arff.reduced_dimensional.csv.
[2019-08-03 12:38:27,844]: ---mrmd 2.0 end---
