[2019-08-15 20:32:43,130]: ---mrmd 2.0 start----
[2019-08-15 20:32:43,166]: ANOVA start...
[2019-08-15 20:32:43,178]: ANOVA end.
[2019-08-15 20:32:43,179]: mic start...
[2019-08-15 20:32:48,685]: mic end.
[2019-08-15 20:32:48,685]: mrmd start...
[2019-08-15 20:32:48,984]: mrmd end.
[2019-08-15 20:32:48,984]: mRMR start...
[2019-08-15 20:32:49,111]: mRMR end.
[2019-08-15 20:32:49,111]: lasso start...
[2019-08-15 20:32:49,138]: lasso end.
[2019-08-15 20:32:49,138]: lasso2 start...
[2019-08-15 20:32:49,903]: lasso2 end.
[2019-08-15 20:32:49,906]: rank start ...
[2019-08-15 20:32:49,919]: The final  rank is
[2019-08-15 20:32:49,920]: Janin_P : 0.0092
[2019-08-15 20:32:49,920]: Engelman_GES_R : 0.0075
[2019-08-15 20:32:49,920]: Cornette_C : 0.0072
[2019-08-15 20:32:49,920]: Janin_D : 0.0072
[2019-08-15 20:32:49,920]: Rose_I : 0.0071
[2019-08-15 20:32:49,920]: Hopp_Woods_R : 0.0070
[2019-08-15 20:32:49,921]: Cornette_T : 0.0070
[2019-08-15 20:32:49,921]: Cornette_P : 0.0070
[2019-08-15 20:32:49,921]: hydrophily : 0.0069
[2019-08-15 20:32:49,921]: Cornette_V : 0.0068
[2019-08-15 20:32:49,921]: Rose_S : 0.0068
[2019-08-15 20:32:49,921]: Janin_Q : 0.0068
[2019-08-15 20:32:49,921]: polar : 0.0068
[2019-08-15 20:32:49,922]: Engelman_GES_D : 0.0068
[2019-08-15 20:32:49,922]: Kyte_Doolittle_I : 0.0067
[2019-08-15 20:32:49,922]: Eisenberg_R : 0.0067
[2019-08-15 20:32:49,922]: Cornette_F : 0.0066
[2019-08-15 20:32:49,922]: Cornette_L : 0.0066
[2019-08-15 20:32:49,922]: Kyte_Doolittle_A : 0.0066
[2019-08-15 20:32:49,922]: basic_polar : 0.0066
[2019-08-15 20:32:49,922]: Janin_R : 0.0066
[2019-08-15 20:32:49,922]: Engelman_GES_S : 0.0065
[2019-08-15 20:32:49,922]: Hopp_Woods_A : 0.0065
[2019-08-15 20:32:49,923]: Eisenberg_N : 0.0065
[2019-08-15 20:32:49,923]: Hopp_Woods_D : 0.0065
[2019-08-15 20:32:49,923]: Janin_T : 0.0064
[2019-08-15 20:32:49,923]: Hopp_Woods_I : 0.0064
[2019-08-15 20:32:49,923]: Engelman_GES_Q : 0.0064
[2019-08-15 20:32:49,923]: Rose_L : 0.0064
[2019-08-15 20:32:49,923]: Rose_H : 0.0063
[2019-08-15 20:32:49,923]: Rose_T : 0.0063
[2019-08-15 20:32:49,923]: Rose_R : 0.0062
[2019-08-15 20:32:49,924]: Janin_N : 0.0062
[2019-08-15 20:32:49,924]: Cornette_K : 0.0062
[2019-08-15 20:32:49,924]: Engelman_GES_N : 0.0062
[2019-08-15 20:32:49,924]: Engelman_GES_W : 0.0062
[2019-08-15 20:32:49,924]: Rose_W : 0.0061
[2019-08-15 20:32:49,924]: Engelman_GES_G : 0.0061
[2019-08-15 20:32:49,924]: Janin_V : 0.0060
[2019-08-15 20:32:49,924]: Kyte_Doolittle_C : 0.0060
[2019-08-15 20:32:49,924]: Cornette_W : 0.0059
[2019-08-15 20:32:49,924]: Janin_S : 0.0059
[2019-08-15 20:32:49,924]: Eisenberg_S : 0.0059
[2019-08-15 20:32:49,924]: Janin_M : 0.0059
[2019-08-15 20:32:49,925]: Hopp_Woods_T : 0.0059
[2019-08-15 20:32:49,925]: Cornette_Y : 0.0059
[2019-08-15 20:32:49,925]: Kyte_Doolittle_Y : 0.0059
[2019-08-15 20:32:49,925]: Kyte_Doolittle_Q : 0.0059
[2019-08-15 20:32:49,925]: Eisenberg_W : 0.0059
[2019-08-15 20:32:49,925]: moderate : 0.0058
[2019-08-15 20:32:49,925]: Engelman_GES_L : 0.0058
[2019-08-15 20:32:49,925]: nonpolar : 0.0058
[2019-08-15 20:32:49,925]: C : 0.0058
[2019-08-15 20:32:49,925]: alphatic : 0.0058
[2019-08-15 20:32:49,925]: Hopp_Woods_E : 0.0057
[2019-08-15 20:32:49,926]: G : 0.0057
[2019-08-15 20:32:49,926]: W : 0.0057
[2019-08-15 20:32:49,926]: Hopp_Woods_N : 0.0057
[2019-08-15 20:32:49,926]: aliphatic : 0.0057
[2019-08-15 20:32:49,926]: negative : 0.0057
[2019-08-15 20:32:49,926]: Kyte_Doolittle_W : 0.0057
[2019-08-15 20:32:49,926]: Kyte_Doolittle_K : 0.0057
[2019-08-15 20:32:49,926]: P : 0.0057
[2019-08-15 20:32:49,926]: D : 0.0057
[2019-08-15 20:32:49,926]: Eisenberg_L : 0.0057
[2019-08-15 20:32:49,926]: Eisenberg_Y : 0.0057
[2019-08-15 20:32:49,926]: Rose_M : 0.0057
[2019-08-15 20:32:49,926]: postivecharge : 0.0057
[2019-08-15 20:32:49,927]: Engelman_GES_K : 0.0057
[2019-08-15 20:32:49,927]: Kyte_Doolittle_H : 0.0057
[2019-08-15 20:32:49,927]: Hopp_Woods_H : 0.0056
[2019-08-15 20:32:49,927]: Hopp_Woods_F : 0.0056
[2019-08-15 20:32:49,927]: Eisenberg_I : 0.0056
[2019-08-15 20:32:49,927]: Cornette_I : 0.0056
[2019-08-15 20:32:49,927]: Cornette_H : 0.0056
[2019-08-15 20:32:49,927]: Janin_W : 0.0056
[2019-08-15 20:32:49,927]: Kyte_Doolittle_F : 0.0056
[2019-08-15 20:32:49,927]: Engelman_GES_I : 0.0056
[2019-08-15 20:32:49,927]: Engelman_GES_M : 0.0056
[2019-08-15 20:32:49,928]: Engelman_GES_V : 0.0056
[2019-08-15 20:32:49,928]: Kyte_Doolittle_L : 0.0056
[2019-08-15 20:32:49,928]: positve : 0.0056
[2019-08-15 20:32:49,928]: Janin_L : 0.0056
[2019-08-15 20:32:49,928]: Janin_F : 0.0055
[2019-08-15 20:32:49,928]: Hopp_Woods_V : 0.0055
[2019-08-15 20:32:49,928]: Cornette_A : 0.0055
[2019-08-15 20:32:49,928]: T : 0.0055
[2019-08-15 20:32:49,928]: I : 0.0055
[2019-08-15 20:32:49,928]: Hopp_Woods_S : 0.0055
[2019-08-15 20:32:49,928]: Eisenberg_D : 0.0055
[2019-08-15 20:32:49,929]: Cornette_D : 0.0055
[2019-08-15 20:32:49,929]: H : 0.0055
[2019-08-15 20:32:49,929]: Kyte_Doolittle_N : 0.0055
[2019-08-15 20:32:49,929]: Cornette_E : 0.0055
[2019-08-15 20:32:49,929]: Rose_F : 0.0055
[2019-08-15 20:32:49,929]: A : 0.0055
[2019-08-15 20:32:49,929]: S : 0.0055
[2019-08-15 20:32:49,929]: Janin_E : 0.0055
[2019-08-15 20:32:49,929]: Kyte_Doolittle_D : 0.0055
[2019-08-15 20:32:49,929]: aromatic : 0.0055
[2019-08-15 20:32:49,929]: Engelman_GES_A : 0.0055
[2019-08-15 20:32:49,930]: Eisenberg_G : 0.0055
[2019-08-15 20:32:49,930]: Engelman_GES_F : 0.0055
[2019-08-15 20:32:49,930]: Rose_C : 0.0055
[2019-08-15 20:32:49,930]: Kyte_Doolittle_E : 0.0055
[2019-08-15 20:32:49,930]: Kyte_Doolittle_V : 0.0055
[2019-08-15 20:32:49,930]: Rose_A : 0.0055
[2019-08-15 20:32:49,930]: R : 0.0055
[2019-08-15 20:32:49,930]: Engelman_GES_E : 0.0055
[2019-08-15 20:32:49,930]: Eisenberg_K : 0.0055
[2019-08-15 20:32:49,930]: Hopp_Woods_L : 0.0054
[2019-08-15 20:32:49,930]: Janin_Y : 0.0054
[2019-08-15 20:32:49,930]: Rose_D : 0.0054
[2019-08-15 20:32:49,931]: Rose_P : 0.0054
[2019-08-15 20:32:49,931]: Eisenberg_F : 0.0054
[2019-08-15 20:32:49,931]: Kyte_Doolittle_S : 0.0054
[2019-08-15 20:32:49,931]: Q : 0.0054
[2019-08-15 20:32:49,931]: Kyte_Doolittle_G : 0.0054
[2019-08-15 20:32:49,931]: Hopp_Woods_C : 0.0054
[2019-08-15 20:32:49,931]: F : 0.0054
[2019-08-15 20:32:49,931]: Janin_H : 0.0054
[2019-08-15 20:32:49,932]: Cornette_S : 0.0054
[2019-08-15 20:32:49,932]: Cornette_M : 0.0054
[2019-08-15 20:32:49,932]: Engelman_GES_Y : 0.0054
[2019-08-15 20:32:49,932]: hydrophobicity : 0.0054
[2019-08-15 20:32:49,932]: E : 0.0054
[2019-08-15 20:32:49,932]: L : 0.0054
[2019-08-15 20:32:49,932]: Rose_E : 0.0054
[2019-08-15 20:32:49,932]: V : 0.0054
[2019-08-15 20:32:49,932]: negativecharge : 0.0054
[2019-08-15 20:32:49,932]: Eisenberg_V : 0.0054
[2019-08-15 20:32:49,932]: K : 0.0053
[2019-08-15 20:32:49,932]: Hopp_Woods_K : 0.0053
[2019-08-15 20:32:49,933]: Janin_I : 0.0053
[2019-08-15 20:32:49,933]: Eisenberg_H : 0.0053
[2019-08-15 20:32:49,933]: Rose_N : 0.0053
[2019-08-15 20:32:49,933]: Janin_K : 0.0053
[2019-08-15 20:32:49,933]: Hopp_Woods_Y : 0.0053
[2019-08-15 20:32:49,933]: Eisenberg_P : 0.0053
[2019-08-15 20:32:49,933]: N : 0.0053
[2019-08-15 20:32:49,933]: Hopp_Woods_W : 0.0053
[2019-08-15 20:32:49,933]: Engelman_GES_P : 0.0053
[2019-08-15 20:32:49,933]: uncharge : 0.0053
[2019-08-15 20:32:49,934]: Rose_Q : 0.0053
[2019-08-15 20:32:49,934]: Hopp_Woods_Q : 0.0053
[2019-08-15 20:32:49,934]: Rose_V : 0.0053
[2019-08-15 20:32:49,934]: Janin_A : 0.0052
[2019-08-15 20:32:49,934]: Kyte_Doolittle_R : 0.0052
[2019-08-15 20:32:49,934]: Janin_C : 0.0052
[2019-08-15 20:32:49,934]: Y : 0.0052
[2019-08-15 20:32:49,934]: Eisenberg_A : 0.0052
[2019-08-15 20:32:49,934]: Cornette_Q : 0.0052
[2019-08-15 20:32:49,934]: heterocyclics : 0.0052
[2019-08-15 20:32:49,934]: Kyte_Doolittle_M : 0.0051
[2019-08-15 20:32:49,935]: Kyte_Doolittle_P : 0.0051
[2019-08-15 20:32:49,935]: Engelman_GES_H : 0.0051
[2019-08-15 20:32:49,935]: Engelman_GES_T : 0.0051
[2019-08-15 20:32:49,935]: Rose_K : 0.0050
[2019-08-15 20:32:49,935]: neutral : 0.0050
[2019-08-15 20:32:49,935]: Eisenberg_C : 0.0050
[2019-08-15 20:32:49,935]: Eisenberg_E : 0.0050
[2019-08-15 20:32:49,935]: Engelman_GES_C : 0.0050
[2019-08-15 20:32:49,935]: Eisenberg_M : 0.0049
[2019-08-15 20:32:49,935]: Hopp_Woods_M : 0.0048
[2019-08-15 20:32:49,935]: Kyte_Doolittle_T : 0.0046
[2019-08-15 20:32:49,936]: acidic_polar : 0.0045
[2019-08-15 20:32:49,936]: Cornette_R : 0.0045
[2019-08-15 20:32:49,936]: Eisenberg_Q : 0.0044
[2019-08-15 20:32:49,936]: M : 0.0044
[2019-08-15 20:32:49,936]: Janin_G : 0.0044
[2019-08-15 20:32:49,936]: Rose_Y : 0.0044
[2019-08-15 20:32:49,936]: Rose_G : 0.0043
[2019-08-15 20:32:49,936]: aromatic.1 : 0.0043
[2019-08-15 20:32:49,936]: Eisenberg_T : 0.0039
[2019-08-15 20:32:49,936]: Cornette_N : 0.0035
[2019-08-15 20:32:49,936]: Cornette_G : 0.0030
[2019-08-15 20:32:49,937]: Hopp_Woods_G : 0.0025
[2019-08-15 20:32:49,937]: Hopp_Woods_P : 0.0020
[2019-08-15 20:32:49,937]: feature_rank end
[2019-08-15 20:32:49,957]: Start dimension reduction ...
