[2019-08-15 21:00:05,650]: ---mrmd 2.0 start----
[2019-08-15 21:00:05,686]: ANOVA start...
[2019-08-15 21:00:05,698]: ANOVA end.
[2019-08-15 21:00:05,698]: mic start...
[2019-08-15 21:00:11,099]: mic end.
[2019-08-15 21:00:11,099]: mrmd start...
[2019-08-15 21:00:11,349]: mrmd end.
[2019-08-15 21:00:11,349]: mRMR start...
[2019-08-15 21:00:11,460]: mRMR end.
[2019-08-15 21:00:11,460]: lasso start...
[2019-08-15 21:00:11,489]: lasso end.
[2019-08-15 21:00:11,489]: lasso2 start...
[2019-08-15 21:00:12,259]: lasso2 end.
[2019-08-15 21:00:12,263]: rank start ...
[2019-08-15 21:00:12,278]: The final  rank is
[2019-08-15 21:00:12,279]: Janin_P : 0.0092
[2019-08-15 21:00:12,279]: Engelman_GES_R : 0.0075
[2019-08-15 21:00:12,279]: Cornette_C : 0.0072
[2019-08-15 21:00:12,279]: Janin_D : 0.0072
[2019-08-15 21:00:12,279]: Rose_I : 0.0071
[2019-08-15 21:00:12,279]: Hopp_Woods_R : 0.0070
[2019-08-15 21:00:12,279]: Cornette_T : 0.0070
[2019-08-15 21:00:12,279]: Cornette_P : 0.0070
[2019-08-15 21:00:12,279]: hydrophily : 0.0069
[2019-08-15 21:00:12,279]: Cornette_V : 0.0068
[2019-08-15 21:00:12,280]: Rose_S : 0.0068
[2019-08-15 21:00:12,280]: Janin_Q : 0.0068
[2019-08-15 21:00:12,280]: polar : 0.0068
[2019-08-15 21:00:12,280]: Engelman_GES_D : 0.0068
[2019-08-15 21:00:12,280]: Kyte_Doolittle_I : 0.0067
[2019-08-15 21:00:12,280]: Eisenberg_R : 0.0067
[2019-08-15 21:00:12,280]: Cornette_F : 0.0066
[2019-08-15 21:00:12,280]: Cornette_L : 0.0066
[2019-08-15 21:00:12,280]: Kyte_Doolittle_A : 0.0066
[2019-08-15 21:00:12,281]: basic_polar : 0.0066
[2019-08-15 21:00:12,281]: Janin_R : 0.0066
[2019-08-15 21:00:12,281]: Engelman_GES_S : 0.0065
[2019-08-15 21:00:12,281]: Hopp_Woods_A : 0.0065
[2019-08-15 21:00:12,281]: Eisenberg_N : 0.0065
[2019-08-15 21:00:12,281]: Hopp_Woods_D : 0.0065
[2019-08-15 21:00:12,281]: Janin_T : 0.0064
[2019-08-15 21:00:12,281]: Hopp_Woods_I : 0.0064
[2019-08-15 21:00:12,282]: Engelman_GES_Q : 0.0064
[2019-08-15 21:00:12,282]: Rose_L : 0.0064
[2019-08-15 21:00:12,282]: Rose_H : 0.0063
[2019-08-15 21:00:12,282]: Rose_T : 0.0063
[2019-08-15 21:00:12,282]: Rose_R : 0.0062
[2019-08-15 21:00:12,282]: Janin_N : 0.0062
[2019-08-15 21:00:12,282]: Cornette_K : 0.0062
[2019-08-15 21:00:12,282]: Engelman_GES_N : 0.0062
[2019-08-15 21:00:12,282]: Engelman_GES_W : 0.0062
[2019-08-15 21:00:12,282]: Rose_W : 0.0061
[2019-08-15 21:00:12,283]: Engelman_GES_G : 0.0061
[2019-08-15 21:00:12,283]: Janin_V : 0.0060
[2019-08-15 21:00:12,283]: Kyte_Doolittle_C : 0.0060
[2019-08-15 21:00:12,283]: Cornette_W : 0.0059
[2019-08-15 21:00:12,283]: Janin_S : 0.0059
[2019-08-15 21:00:12,283]: Eisenberg_S : 0.0059
[2019-08-15 21:00:12,283]: Janin_M : 0.0059
[2019-08-15 21:00:12,283]: Hopp_Woods_T : 0.0059
[2019-08-15 21:00:12,283]: Cornette_Y : 0.0059
[2019-08-15 21:00:12,283]: Kyte_Doolittle_Y : 0.0059
[2019-08-15 21:00:12,283]: Kyte_Doolittle_Q : 0.0059
[2019-08-15 21:00:12,283]: Eisenberg_W : 0.0059
[2019-08-15 21:00:12,283]: moderate : 0.0058
[2019-08-15 21:00:12,284]: Engelman_GES_L : 0.0058
[2019-08-15 21:00:12,284]: nonpolar : 0.0058
[2019-08-15 21:00:12,284]: C : 0.0058
[2019-08-15 21:00:12,284]: alphatic : 0.0058
[2019-08-15 21:00:12,284]: Hopp_Woods_E : 0.0057
[2019-08-15 21:00:12,284]: G : 0.0057
[2019-08-15 21:00:12,284]: W : 0.0057
[2019-08-15 21:00:12,284]: Hopp_Woods_N : 0.0057
[2019-08-15 21:00:12,284]: aliphatic : 0.0057
[2019-08-15 21:00:12,284]: negative : 0.0057
[2019-08-15 21:00:12,284]: Kyte_Doolittle_W : 0.0057
[2019-08-15 21:00:12,284]: Kyte_Doolittle_K : 0.0057
[2019-08-15 21:00:12,284]: P : 0.0057
[2019-08-15 21:00:12,285]: D : 0.0057
[2019-08-15 21:00:12,285]: Eisenberg_L : 0.0057
[2019-08-15 21:00:12,285]: Eisenberg_Y : 0.0057
[2019-08-15 21:00:12,285]: Rose_M : 0.0057
[2019-08-15 21:00:12,285]: postivecharge : 0.0057
[2019-08-15 21:00:12,285]: Engelman_GES_K : 0.0057
[2019-08-15 21:00:12,285]: Kyte_Doolittle_H : 0.0057
[2019-08-15 21:00:12,285]: Hopp_Woods_H : 0.0056
[2019-08-15 21:00:12,285]: Hopp_Woods_F : 0.0056
[2019-08-15 21:00:12,285]: Eisenberg_I : 0.0056
[2019-08-15 21:00:12,285]: Cornette_I : 0.0056
[2019-08-15 21:00:12,285]: Cornette_H : 0.0056
[2019-08-15 21:00:12,286]: Janin_W : 0.0056
[2019-08-15 21:00:12,286]: Kyte_Doolittle_F : 0.0056
[2019-08-15 21:00:12,286]: Engelman_GES_I : 0.0056
[2019-08-15 21:00:12,286]: Engelman_GES_M : 0.0056
[2019-08-15 21:00:12,286]: Engelman_GES_V : 0.0056
[2019-08-15 21:00:12,286]: Kyte_Doolittle_L : 0.0056
[2019-08-15 21:00:12,286]: positve : 0.0056
[2019-08-15 21:00:12,286]: Janin_L : 0.0056
[2019-08-15 21:00:12,286]: Janin_F : 0.0055
[2019-08-15 21:00:12,286]: Hopp_Woods_V : 0.0055
[2019-08-15 21:00:12,286]: Cornette_A : 0.0055
[2019-08-15 21:00:12,286]: T : 0.0055
[2019-08-15 21:00:12,286]: I : 0.0055
[2019-08-15 21:00:12,287]: Hopp_Woods_S : 0.0055
[2019-08-15 21:00:12,287]: Eisenberg_D : 0.0055
[2019-08-15 21:00:12,287]: Cornette_D : 0.0055
[2019-08-15 21:00:12,287]: H : 0.0055
[2019-08-15 21:00:12,287]: Kyte_Doolittle_N : 0.0055
[2019-08-15 21:00:12,287]: Cornette_E : 0.0055
[2019-08-15 21:00:12,287]: Rose_F : 0.0055
[2019-08-15 21:00:12,287]: A : 0.0055
[2019-08-15 21:00:12,287]: S : 0.0055
[2019-08-15 21:00:12,287]: Janin_E : 0.0055
[2019-08-15 21:00:12,287]: Kyte_Doolittle_D : 0.0055
[2019-08-15 21:00:12,288]: aromatic : 0.0055
[2019-08-15 21:00:12,288]: Engelman_GES_A : 0.0055
[2019-08-15 21:00:12,288]: Eisenberg_G : 0.0055
[2019-08-15 21:00:12,288]: Engelman_GES_F : 0.0055
[2019-08-15 21:00:12,288]: Rose_C : 0.0055
[2019-08-15 21:00:12,288]: Kyte_Doolittle_E : 0.0055
[2019-08-15 21:00:12,288]: Kyte_Doolittle_V : 0.0055
[2019-08-15 21:00:12,288]: Rose_A : 0.0055
[2019-08-15 21:00:12,288]: R : 0.0055
[2019-08-15 21:00:12,288]: Engelman_GES_E : 0.0055
[2019-08-15 21:00:12,288]: Eisenberg_K : 0.0055
[2019-08-15 21:00:12,289]: Hopp_Woods_L : 0.0054
[2019-08-15 21:00:12,289]: Janin_Y : 0.0054
[2019-08-15 21:00:12,289]: Rose_D : 0.0054
[2019-08-15 21:00:12,289]: Rose_P : 0.0054
[2019-08-15 21:00:12,289]: Eisenberg_F : 0.0054
[2019-08-15 21:00:12,289]: Kyte_Doolittle_S : 0.0054
[2019-08-15 21:00:12,289]: Q : 0.0054
[2019-08-15 21:00:12,289]: Kyte_Doolittle_G : 0.0054
[2019-08-15 21:00:12,289]: Hopp_Woods_C : 0.0054
[2019-08-15 21:00:12,289]: F : 0.0054
[2019-08-15 21:00:12,290]: Janin_H : 0.0054
[2019-08-15 21:00:12,290]: Cornette_S : 0.0054
[2019-08-15 21:00:12,290]: Cornette_M : 0.0054
[2019-08-15 21:00:12,290]: Engelman_GES_Y : 0.0054
[2019-08-15 21:00:12,290]: hydrophobicity : 0.0054
[2019-08-15 21:00:12,290]: E : 0.0054
[2019-08-15 21:00:12,290]: L : 0.0054
[2019-08-15 21:00:12,290]: Rose_E : 0.0054
[2019-08-15 21:00:12,290]: V : 0.0054
[2019-08-15 21:00:12,290]: negativecharge : 0.0054
[2019-08-15 21:00:12,290]: Eisenberg_V : 0.0054
[2019-08-15 21:00:12,290]: K : 0.0053
[2019-08-15 21:00:12,291]: Hopp_Woods_K : 0.0053
[2019-08-15 21:00:12,291]: Janin_I : 0.0053
[2019-08-15 21:00:12,291]: Eisenberg_H : 0.0053
[2019-08-15 21:00:12,291]: Rose_N : 0.0053
[2019-08-15 21:00:12,291]: Janin_K : 0.0053
[2019-08-15 21:00:12,291]: Hopp_Woods_Y : 0.0053
[2019-08-15 21:00:12,291]: Eisenberg_P : 0.0053
[2019-08-15 21:00:12,291]: N : 0.0053
[2019-08-15 21:00:12,291]: Hopp_Woods_W : 0.0053
[2019-08-15 21:00:12,291]: Engelman_GES_P : 0.0053
[2019-08-15 21:00:12,291]: uncharge : 0.0053
[2019-08-15 21:00:12,291]: Rose_Q : 0.0053
[2019-08-15 21:00:12,292]: Hopp_Woods_Q : 0.0053
[2019-08-15 21:00:12,292]: Rose_V : 0.0053
[2019-08-15 21:00:12,292]: Janin_A : 0.0052
[2019-08-15 21:00:12,292]: Kyte_Doolittle_R : 0.0052
[2019-08-15 21:00:12,292]: Janin_C : 0.0052
[2019-08-15 21:00:12,292]: Y : 0.0052
[2019-08-15 21:00:12,292]: Eisenberg_A : 0.0052
[2019-08-15 21:00:12,292]: Cornette_Q : 0.0052
[2019-08-15 21:00:12,292]: heterocyclics : 0.0052
[2019-08-15 21:00:12,292]: Kyte_Doolittle_M : 0.0051
[2019-08-15 21:00:12,292]: Kyte_Doolittle_P : 0.0051
[2019-08-15 21:00:12,293]: Engelman_GES_H : 0.0051
[2019-08-15 21:00:12,293]: Engelman_GES_T : 0.0051
[2019-08-15 21:00:12,293]: Rose_K : 0.0050
[2019-08-15 21:00:12,293]: neutral : 0.0050
[2019-08-15 21:00:12,293]: Eisenberg_C : 0.0050
[2019-08-15 21:00:12,293]: Eisenberg_E : 0.0050
[2019-08-15 21:00:12,293]: Engelman_GES_C : 0.0050
[2019-08-15 21:00:12,293]: Eisenberg_M : 0.0049
[2019-08-15 21:00:12,293]: Hopp_Woods_M : 0.0048
[2019-08-15 21:00:12,293]: Kyte_Doolittle_T : 0.0046
[2019-08-15 21:00:12,293]: acidic_polar : 0.0045
[2019-08-15 21:00:12,293]: Cornette_R : 0.0045
[2019-08-15 21:00:12,294]: Eisenberg_Q : 0.0044
[2019-08-15 21:00:12,294]: M : 0.0044
[2019-08-15 21:00:12,294]: Janin_G : 0.0044
[2019-08-15 21:00:12,294]: Rose_Y : 0.0044
[2019-08-15 21:00:12,294]: Rose_G : 0.0043
[2019-08-15 21:00:12,294]: aromatic.1 : 0.0043
[2019-08-15 21:00:12,294]: Eisenberg_T : 0.0039
[2019-08-15 21:00:12,294]: Cornette_N : 0.0035
[2019-08-15 21:00:12,294]: Cornette_G : 0.0030
[2019-08-15 21:00:12,294]: Hopp_Woods_G : 0.0025
[2019-08-15 21:00:12,294]: Hopp_Woods_P : 0.0020
[2019-08-15 21:00:12,295]: feature_rank end
[2019-08-15 21:00:12,316]: Start dimension reduction ...
[2019-08-15 21:00:16,889]: length=1 f1=0.7382 accuarcy=0.7609 precision=0.8329 recall=0.7609 roc=0.7317 
[2019-08-15 21:00:21,339]: length=2 f1=0.7258 accuarcy=0.7283 precision=0.7277 recall=0.7283 roc=0.7190 
[2019-08-15 21:00:25,648]: length=3 f1=0.7697 accuarcy=0.7717 precision=0.7723 recall=0.7717 roc=0.7630 
[2019-08-15 21:00:30,071]: length=4 f1=0.8362 accuarcy=0.8370 precision=0.8372 recall=0.8370 roc=0.8314 
[2019-08-15 21:00:34,862]: length=5 f1=0.8803 accuarcy=0.8804 precision=0.8803 recall=0.8804 roc=0.8778 
[2019-08-15 21:00:39,427]: length=6 f1=0.8910 accuarcy=0.8913 precision=0.8915 recall=0.8913 roc=0.8876 
[2019-08-15 21:00:44,618]: length=7 f1=0.8799 accuarcy=0.8804 precision=0.8812 recall=0.8804 roc=0.8754 
[2019-08-15 21:00:49,382]: length=8 f1=0.8580 accuarcy=0.8587 precision=0.8592 recall=0.8587 roc=0.8534 
[2019-08-15 21:00:54,589]: length=9 f1=0.8468 accuarcy=0.8478 precision=0.8491 recall=0.8478 roc=0.8412 
[2019-08-15 21:00:59,140]: length=10 f1=0.8580 accuarcy=0.8587 precision=0.8592 recall=0.8587 roc=0.8534 
[2019-08-15 21:01:03,766]: length=11 f1=0.8143 accuarcy=0.8152 precision=0.8152 recall=0.8152 roc=0.8094 
[2019-08-15 21:01:08,629]: length=12 f1=0.8355 accuarcy=0.8370 precision=0.8391 recall=0.8370 roc=0.8290 
[2019-08-15 21:01:13,261]: length=13 f1=0.8256 accuarcy=0.8261 precision=0.8259 recall=0.8261 roc=0.8216 
[2019-08-15 21:01:18,096]: length=14 f1=0.8696 accuarcy=0.8696 precision=0.8696 recall=0.8696 roc=0.8680 
[2019-08-15 21:01:22,902]: length=15 f1=0.8468 accuarcy=0.8478 precision=0.8491 recall=0.8478 roc=0.8412 
[2019-08-15 21:01:27,399]: length=16 f1=0.8696 accuarcy=0.8696 precision=0.8696 recall=0.8696 roc=0.8680 
[2019-08-15 21:01:31,710]: length=17 f1=0.9017 accuarcy=0.9022 precision=0.9032 recall=0.9022 roc=0.8974 
[2019-08-15 21:01:35,843]: length=18 f1=0.9020 accuarcy=0.9022 precision=0.9021 recall=0.9022 roc=0.8998 
[2019-08-15 21:01:40,905]: length=19 f1=0.8580 accuarcy=0.8587 precision=0.8592 recall=0.8587 roc=0.8534 
[2019-08-15 21:01:45,576]: length=20 f1=0.8474 accuarcy=0.8478 precision=0.8478 recall=0.8478 roc=0.8436 
[2019-08-15 21:01:49,862]: length=21 f1=0.8803 accuarcy=0.8804 precision=0.8803 recall=0.8804 roc=0.8778 
[2019-08-15 21:01:54,241]: length=22 f1=0.8580 accuarcy=0.8587 precision=0.8592 recall=0.8587 roc=0.8534 
[2019-08-15 21:01:58,836]: length=23 f1=0.8468 accuarcy=0.8478 precision=0.8491 recall=0.8478 roc=0.8412 
[2019-08-15 21:02:03,326]: length=24 f1=0.8585 accuarcy=0.8587 precision=0.8585 recall=0.8587 roc=0.8558 
[2019-08-15 21:02:08,044]: length=25 f1=0.8371 accuarcy=0.8370 precision=0.8375 recall=0.8370 roc=0.8362 
[2019-08-15 21:02:12,361]: length=26 f1=0.8692 accuarcy=0.8696 precision=0.8696 recall=0.8696 roc=0.8656 
[2019-08-15 21:02:16,818]: length=27 f1=0.8474 accuarcy=0.8478 precision=0.8478 recall=0.8478 roc=0.8436 
[2019-08-15 21:02:21,829]: length=28 f1=0.8585 accuarcy=0.8587 precision=0.8585 recall=0.8587 roc=0.8558 
[2019-08-15 21:02:26,242]: length=29 f1=0.8249 accuarcy=0.8261 precision=0.8269 recall=0.8261 roc=0.8192 
[2019-08-15 21:02:31,139]: length=30 f1=0.8460 accuarcy=0.8478 precision=0.8518 recall=0.8478 roc=0.8388 
[2019-08-15 21:02:35,551]: length=31 f1=0.8478 accuarcy=0.8478 precision=0.8478 recall=0.8478 roc=0.8460 
[2019-08-15 21:02:40,019]: length=32 f1=0.8468 accuarcy=0.8478 precision=0.8491 recall=0.8478 roc=0.8412 
[2019-08-15 21:02:44,919]: length=33 f1=0.8371 accuarcy=0.8370 precision=0.8375 recall=0.8370 roc=0.8362 
[2019-08-15 21:02:49,539]: length=34 f1=0.8692 accuarcy=0.8696 precision=0.8696 recall=0.8696 roc=0.8656 
[2019-08-15 21:02:53,741]: length=35 f1=0.8367 accuarcy=0.8370 precision=0.8367 recall=0.8370 roc=0.8338 
[2019-08-15 21:02:58,039]: length=36 f1=0.8696 accuarcy=0.8696 precision=0.8696 recall=0.8696 roc=0.8680 
[2019-08-15 21:03:02,945]: length=37 f1=0.8256 accuarcy=0.8261 precision=0.8259 recall=0.8261 roc=0.8216 
[2019-08-15 21:03:07,542]: length=38 f1=0.8580 accuarcy=0.8587 precision=0.8592 recall=0.8587 roc=0.8534 
[2019-08-15 21:03:11,966]: length=39 f1=0.8474 accuarcy=0.8478 precision=0.8478 recall=0.8478 roc=0.8436 
[2019-08-15 21:03:17,004]: length=40 f1=0.8910 accuarcy=0.8913 precision=0.8915 recall=0.8913 roc=0.8876 
[2019-08-15 21:03:21,227]: length=41 f1=0.8910 accuarcy=0.8913 precision=0.8915 recall=0.8913 roc=0.8876 
[2019-08-15 21:03:26,023]: length=42 f1=0.8696 accuarcy=0.8696 precision=0.8696 recall=0.8696 roc=0.8680 
[2019-08-15 21:03:30,713]: length=43 f1=0.8585 accuarcy=0.8587 precision=0.8585 recall=0.8587 roc=0.8558 
[2019-08-15 21:03:35,213]: length=44 f1=0.8474 accuarcy=0.8478 precision=0.8478 recall=0.8478 roc=0.8436 
[2019-08-15 21:03:39,515]: length=45 f1=0.8799 accuarcy=0.8804 precision=0.8812 recall=0.8804 roc=0.8754 
[2019-08-15 21:03:44,115]: length=46 f1=0.8692 accuarcy=0.8696 precision=0.8696 recall=0.8696 roc=0.8656 
[2019-08-15 21:03:48,621]: length=47 f1=0.8362 accuarcy=0.8370 precision=0.8372 recall=0.8370 roc=0.8314 
[2019-08-15 21:03:52,661]: length=48 f1=0.8367 accuarcy=0.8370 precision=0.8367 recall=0.8370 roc=0.8338 
[2019-08-15 21:03:56,779]: length=49 f1=0.8585 accuarcy=0.8587 precision=0.8585 recall=0.8587 roc=0.8558 
[2019-08-15 21:04:01,136]: length=50 f1=0.8468 accuarcy=0.8478 precision=0.8491 recall=0.8478 roc=0.8412 
[2019-08-15 21:04:05,708]: length=51 f1=0.8478 accuarcy=0.8478 precision=0.8478 recall=0.8478 roc=0.8460 
[2019-08-15 21:04:10,310]: length=52 f1=0.8249 accuarcy=0.8261 precision=0.8269 recall=0.8261 roc=0.8192 
[2019-08-15 21:04:14,652]: length=53 f1=0.8799 accuarcy=0.8804 precision=0.8812 recall=0.8804 roc=0.8754 
[2019-08-15 21:04:19,047]: length=54 f1=0.8692 accuarcy=0.8696 precision=0.8696 recall=0.8696 roc=0.8656 
[2019-08-15 21:04:23,465]: length=55 f1=0.8362 accuarcy=0.8370 precision=0.8372 recall=0.8370 roc=0.8314 
[2019-08-15 21:04:28,302]: length=56 f1=0.8474 accuarcy=0.8478 precision=0.8478 recall=0.8478 roc=0.8436 
[2019-08-15 21:04:32,731]: length=57 f1=0.8687 accuarcy=0.8696 precision=0.8712 recall=0.8696 roc=0.8632 
[2019-08-15 21:04:37,130]: length=58 f1=0.8474 accuarcy=0.8478 precision=0.8478 recall=0.8478 roc=0.8436 
[2019-08-15 21:04:41,727]: length=59 f1=0.8580 accuarcy=0.8587 precision=0.8592 recall=0.8587 roc=0.8534 
[2019-08-15 21:04:46,474]: length=60 f1=0.8474 accuarcy=0.8478 precision=0.8478 recall=0.8478 roc=0.8436 
[2019-08-15 21:04:50,874]: length=61 f1=0.8478 accuarcy=0.8478 precision=0.8478 recall=0.8478 roc=0.8460 
[2019-08-15 21:04:55,331]: length=62 f1=0.8474 accuarcy=0.8478 precision=0.8478 recall=0.8478 roc=0.8436 
[2019-08-15 21:05:00,640]: length=63 f1=0.8580 accuarcy=0.8587 precision=0.8592 recall=0.8587 roc=0.8534 
[2019-08-15 21:05:05,240]: length=64 f1=0.8474 accuarcy=0.8478 precision=0.8478 recall=0.8478 roc=0.8436 
[2019-08-15 21:05:09,482]: length=65 f1=0.8367 accuarcy=0.8370 precision=0.8367 recall=0.8370 roc=0.8338 
[2019-08-15 21:05:13,742]: length=66 f1=0.8367 accuarcy=0.8370 precision=0.8367 recall=0.8370 roc=0.8338 
[2019-08-15 21:05:18,921]: length=67 f1=0.8580 accuarcy=0.8587 precision=0.8592 recall=0.8587 roc=0.8534 
[2019-08-15 21:05:23,352]: length=68 f1=0.8474 accuarcy=0.8478 precision=0.8478 recall=0.8478 roc=0.8436 
[2019-08-15 21:05:29,231]: length=69 f1=0.8468 accuarcy=0.8478 precision=0.8491 recall=0.8478 roc=0.8412 
[2019-08-15 21:05:34,211]: length=70 f1=0.8362 accuarcy=0.8370 precision=0.8372 recall=0.8370 roc=0.8314 
[2019-08-15 21:05:39,111]: length=71 f1=0.8474 accuarcy=0.8478 precision=0.8478 recall=0.8478 roc=0.8436 
[2019-08-15 21:05:44,333]: length=72 f1=0.8574 accuarcy=0.8587 precision=0.8614 recall=0.8587 roc=0.8510 
[2019-08-15 21:05:48,981]: length=73 f1=0.8687 accuarcy=0.8696 precision=0.8712 recall=0.8696 roc=0.8632 
[2019-08-15 21:05:53,226]: length=74 f1=0.8474 accuarcy=0.8478 precision=0.8478 recall=0.8478 roc=0.8436 
[2019-08-15 21:05:57,682]: length=75 f1=0.8692 accuarcy=0.8696 precision=0.8696 recall=0.8696 roc=0.8656 
[2019-08-15 21:06:02,311]: length=76 f1=0.8580 accuarcy=0.8587 precision=0.8592 recall=0.8587 roc=0.8534 
[2019-08-15 21:06:07,229]: length=77 f1=0.8580 accuarcy=0.8587 precision=0.8592 recall=0.8587 roc=0.8534 
[2019-08-15 21:06:11,510]: length=78 f1=0.8468 accuarcy=0.8478 precision=0.8491 recall=0.8478 roc=0.8412 
[2019-08-15 21:06:16,323]: length=79 f1=0.8468 accuarcy=0.8478 precision=0.8491 recall=0.8478 roc=0.8412 
[2019-08-15 21:06:20,796]: length=80 f1=0.8580 accuarcy=0.8587 precision=0.8592 recall=0.8587 roc=0.8534 
[2019-08-15 21:06:25,786]: length=81 f1=0.8362 accuarcy=0.8370 precision=0.8372 recall=0.8370 roc=0.8314 
[2019-08-15 21:06:31,394]: length=82 f1=0.8580 accuarcy=0.8587 precision=0.8592 recall=0.8587 roc=0.8534 
[2019-08-15 21:06:35,930]: length=83 f1=0.8474 accuarcy=0.8478 precision=0.8478 recall=0.8478 roc=0.8436 
[2019-08-15 21:06:41,157]: length=84 f1=0.8793 accuarcy=0.8804 precision=0.8837 recall=0.8804 roc=0.8730 
[2019-08-15 21:06:46,220]: length=85 f1=0.8687 accuarcy=0.8696 precision=0.8712 recall=0.8696 roc=0.8632 
[2019-08-15 21:06:54,825]: length=86 f1=0.8574 accuarcy=0.8587 precision=0.8614 recall=0.8587 roc=0.8510 
[2019-08-15 21:07:02,769]: length=87 f1=0.8580 accuarcy=0.8587 precision=0.8592 recall=0.8587 roc=0.8534 
[2019-08-15 21:07:11,068]: length=88 f1=0.8474 accuarcy=0.8478 precision=0.8478 recall=0.8478 roc=0.8436 
[2019-08-15 21:07:18,922]: length=89 f1=0.8468 accuarcy=0.8478 precision=0.8491 recall=0.8478 roc=0.8412 
[2019-08-15 21:07:26,939]: length=90 f1=0.8585 accuarcy=0.8587 precision=0.8585 recall=0.8587 roc=0.8558 
[2019-08-15 21:07:34,715]: length=91 f1=0.8585 accuarcy=0.8587 precision=0.8585 recall=0.8587 roc=0.8558 
[2019-08-15 21:07:42,264]: length=92 f1=0.8367 accuarcy=0.8370 precision=0.8367 recall=0.8370 roc=0.8338 
[2019-08-15 21:07:50,411]: length=93 f1=0.8574 accuarcy=0.8587 precision=0.8614 recall=0.8587 roc=0.8510 
[2019-08-15 21:07:58,360]: length=94 f1=0.8362 accuarcy=0.8370 precision=0.8372 recall=0.8370 roc=0.8314 
[2019-08-15 21:08:05,755]: length=95 f1=0.8687 accuarcy=0.8696 precision=0.8712 recall=0.8696 roc=0.8632 
[2019-08-15 21:08:13,134]: length=96 f1=0.8580 accuarcy=0.8587 precision=0.8592 recall=0.8587 roc=0.8534 
[2019-08-15 21:08:20,642]: length=97 f1=0.8580 accuarcy=0.8587 precision=0.8592 recall=0.8587 roc=0.8534 
[2019-08-15 21:08:28,422]: length=98 f1=0.8362 accuarcy=0.8370 precision=0.8372 recall=0.8370 roc=0.8314 
[2019-08-15 21:08:35,906]: length=99 f1=0.8468 accuarcy=0.8478 precision=0.8491 recall=0.8478 roc=0.8412 
[2019-08-15 21:08:44,484]: length=100 f1=0.8692 accuarcy=0.8696 precision=0.8696 recall=0.8696 roc=0.8656 
[2019-08-15 21:08:52,450]: length=101 f1=0.8474 accuarcy=0.8478 precision=0.8478 recall=0.8478 roc=0.8436 
[2019-08-15 21:09:00,885]: length=102 f1=0.8367 accuarcy=0.8370 precision=0.8367 recall=0.8370 roc=0.8338 
[2019-08-15 21:09:08,778]: length=103 f1=0.8474 accuarcy=0.8478 precision=0.8478 recall=0.8478 roc=0.8436 
[2019-08-15 21:09:16,527]: length=104 f1=0.8367 accuarcy=0.8370 precision=0.8367 recall=0.8370 roc=0.8338 
[2019-08-15 21:09:23,956]: length=105 f1=0.8474 accuarcy=0.8478 precision=0.8478 recall=0.8478 roc=0.8436 
[2019-08-15 21:09:31,121]: length=106 f1=0.8367 accuarcy=0.8370 precision=0.8367 recall=0.8370 roc=0.8338 
[2019-08-15 21:09:39,413]: length=107 f1=0.8256 accuarcy=0.8261 precision=0.8259 recall=0.8261 roc=0.8216 
[2019-08-15 21:09:47,453]: length=108 f1=0.8474 accuarcy=0.8478 precision=0.8478 recall=0.8478 roc=0.8436 
[2019-08-15 21:09:55,230]: length=109 f1=0.8468 accuarcy=0.8478 precision=0.8491 recall=0.8478 roc=0.8412 
[2019-08-15 21:10:03,141]: length=110 f1=0.8468 accuarcy=0.8478 precision=0.8491 recall=0.8478 roc=0.8412 
[2019-08-15 21:10:10,689]: length=111 f1=0.8474 accuarcy=0.8478 precision=0.8478 recall=0.8478 roc=0.8436 
[2019-08-15 21:10:18,297]: length=112 f1=0.8580 accuarcy=0.8587 precision=0.8592 recall=0.8587 roc=0.8534 
[2019-08-15 21:10:26,063]: length=113 f1=0.8256 accuarcy=0.8261 precision=0.8259 recall=0.8261 roc=0.8216 
[2019-08-15 21:10:33,552]: length=114 f1=0.8580 accuarcy=0.8587 precision=0.8592 recall=0.8587 roc=0.8534 
[2019-08-15 21:10:41,155]: length=115 f1=0.8580 accuarcy=0.8587 precision=0.8592 recall=0.8587 roc=0.8534 
[2019-08-15 21:10:48,686]: length=116 f1=0.8478 accuarcy=0.8478 precision=0.8478 recall=0.8478 roc=0.8460 
[2019-08-15 21:10:57,064]: length=117 f1=0.8574 accuarcy=0.8587 precision=0.8614 recall=0.8587 roc=0.8510 
[2019-08-15 21:11:04,672]: length=118 f1=0.8474 accuarcy=0.8478 precision=0.8478 recall=0.8478 roc=0.8436 
[2019-08-15 21:11:12,379]: length=119 f1=0.8580 accuarcy=0.8587 precision=0.8592 recall=0.8587 roc=0.8534 
[2019-08-15 21:11:20,488]: length=120 f1=0.8474 accuarcy=0.8478 precision=0.8478 recall=0.8478 roc=0.8436 
[2019-08-15 21:11:28,913]: length=121 f1=0.8580 accuarcy=0.8587 precision=0.8592 recall=0.8587 roc=0.8534 
[2019-08-15 21:11:36,876]: length=122 f1=0.8474 accuarcy=0.8478 precision=0.8478 recall=0.8478 roc=0.8436 
[2019-08-15 21:11:44,665]: length=123 f1=0.8580 accuarcy=0.8587 precision=0.8592 recall=0.8587 roc=0.8534 
[2019-08-15 21:11:52,635]: length=124 f1=0.8580 accuarcy=0.8587 precision=0.8592 recall=0.8587 roc=0.8534 
[2019-08-15 21:12:00,584]: length=125 f1=0.8362 accuarcy=0.8370 precision=0.8372 recall=0.8370 roc=0.8314 
[2019-08-15 21:12:08,510]: length=126 f1=0.8580 accuarcy=0.8587 precision=0.8592 recall=0.8587 roc=0.8534 
[2019-08-15 21:12:15,995]: length=127 f1=0.8468 accuarcy=0.8478 precision=0.8491 recall=0.8478 roc=0.8412 
[2019-08-15 21:12:23,050]: length=128 f1=0.8580 accuarcy=0.8587 precision=0.8592 recall=0.8587 roc=0.8534 
[2019-08-15 21:12:31,506]: length=129 f1=0.8468 accuarcy=0.8478 precision=0.8491 recall=0.8478 roc=0.8412 
[2019-08-15 21:12:39,889]: length=130 f1=0.8580 accuarcy=0.8587 precision=0.8592 recall=0.8587 roc=0.8534 
[2019-08-15 21:12:48,307]: length=131 f1=0.8574 accuarcy=0.8587 precision=0.8614 recall=0.8587 roc=0.8510 
[2019-08-15 21:12:56,882]: length=132 f1=0.8367 accuarcy=0.8370 precision=0.8367 recall=0.8370 roc=0.8338 
[2019-08-15 21:13:04,552]: length=133 f1=0.8367 accuarcy=0.8370 precision=0.8367 recall=0.8370 roc=0.8338 
[2019-08-15 21:13:12,787]: length=134 f1=0.8362 accuarcy=0.8370 precision=0.8372 recall=0.8370 roc=0.8314 
[2019-08-15 21:13:20,453]: length=135 f1=0.8362 accuarcy=0.8370 precision=0.8372 recall=0.8370 roc=0.8314 
[2019-08-15 21:13:28,637]: length=136 f1=0.8355 accuarcy=0.8370 precision=0.8391 recall=0.8370 roc=0.8290 
[2019-08-15 21:13:36,743]: length=137 f1=0.8474 accuarcy=0.8478 precision=0.8478 recall=0.8478 roc=0.8436 
[2019-08-15 21:13:44,935]: length=138 f1=0.8580 accuarcy=0.8587 precision=0.8592 recall=0.8587 roc=0.8534 
[2019-08-15 21:13:52,614]: length=139 f1=0.8256 accuarcy=0.8261 precision=0.8259 recall=0.8261 roc=0.8216 
[2019-08-15 21:14:01,200]: length=140 f1=0.8256 accuarcy=0.8261 precision=0.8259 recall=0.8261 roc=0.8216 
[2019-08-15 21:14:09,284]: length=141 f1=0.8474 accuarcy=0.8478 precision=0.8478 recall=0.8478 roc=0.8436 
[2019-08-15 21:14:17,185]: length=142 f1=0.8249 accuarcy=0.8261 precision=0.8269 recall=0.8261 roc=0.8192 
[2019-08-15 21:14:25,319]: length=143 f1=0.8367 accuarcy=0.8370 precision=0.8367 recall=0.8370 roc=0.8338 
[2019-08-15 21:14:32,958]: length=144 f1=0.8574 accuarcy=0.8587 precision=0.8614 recall=0.8587 roc=0.8510 
[2019-08-15 21:14:40,662]: length=145 f1=0.8367 accuarcy=0.8370 precision=0.8367 recall=0.8370 roc=0.8338 
[2019-08-15 21:14:48,918]: length=146 f1=0.8580 accuarcy=0.8587 precision=0.8592 recall=0.8587 roc=0.8534 
[2019-08-15 21:14:56,853]: length=147 f1=0.8574 accuarcy=0.8587 precision=0.8614 recall=0.8587 roc=0.8510 
[2019-08-15 21:15:04,589]: length=148 f1=0.8249 accuarcy=0.8261 precision=0.8269 recall=0.8261 roc=0.8192 
[2019-08-15 21:15:12,668]: length=149 f1=0.8574 accuarcy=0.8587 precision=0.8614 recall=0.8587 roc=0.8510 
[2019-08-15 21:15:21,018]: length=150 f1=0.8362 accuarcy=0.8370 precision=0.8372 recall=0.8370 roc=0.8314 
[2019-08-15 21:15:29,290]: length=151 f1=0.8362 accuarcy=0.8370 precision=0.8372 recall=0.8370 roc=0.8314 
[2019-08-15 21:15:37,371]: length=152 f1=0.8468 accuarcy=0.8478 precision=0.8491 recall=0.8478 roc=0.8412 
[2019-08-15 21:15:45,671]: length=153 f1=0.8362 accuarcy=0.8370 precision=0.8372 recall=0.8370 roc=0.8314 
[2019-08-15 21:15:54,672]: length=154 f1=0.8468 accuarcy=0.8478 precision=0.8491 recall=0.8478 roc=0.8412 
[2019-08-15 21:16:02,700]: length=155 f1=0.8574 accuarcy=0.8587 precision=0.8614 recall=0.8587 roc=0.8510 
[2019-08-15 21:16:10,860]: length=156 f1=0.8474 accuarcy=0.8478 precision=0.8478 recall=0.8478 roc=0.8436 
[2019-08-15 21:16:19,715]: length=157 f1=0.8474 accuarcy=0.8478 precision=0.8478 recall=0.8478 roc=0.8436 
[2019-08-15 21:16:27,513]: length=158 f1=0.8362 accuarcy=0.8370 precision=0.8372 recall=0.8370 roc=0.8314 
[2019-08-15 21:16:35,203]: length=159 f1=0.8468 accuarcy=0.8478 precision=0.8491 recall=0.8478 roc=0.8412 
[2019-08-15 21:16:43,502]: length=160 f1=0.8687 accuarcy=0.8696 precision=0.8712 recall=0.8696 roc=0.8632 
[2019-08-15 21:16:52,007]: length=161 f1=0.8460 accuarcy=0.8478 precision=0.8518 recall=0.8478 roc=0.8388 
[2019-08-15 21:16:59,712]: length=162 f1=0.8474 accuarcy=0.8478 precision=0.8478 recall=0.8478 roc=0.8436 
[2019-08-15 21:17:07,373]: length=163 f1=0.8355 accuarcy=0.8370 precision=0.8391 recall=0.8370 roc=0.8290 
[2019-08-15 21:17:15,404]: length=164 f1=0.8687 accuarcy=0.8696 precision=0.8712 recall=0.8696 roc=0.8632 
[2019-08-15 21:17:23,710]: length=165 f1=0.8580 accuarcy=0.8587 precision=0.8592 recall=0.8587 roc=0.8534 
[2019-08-15 21:17:32,008]: length=166 f1=0.8362 accuarcy=0.8370 precision=0.8372 recall=0.8370 roc=0.8314 
[2019-08-15 21:17:40,407]: length=167 f1=0.8362 accuarcy=0.8370 precision=0.8372 recall=0.8370 roc=0.8314 
[2019-08-15 21:17:48,758]: length=168 f1=0.8580 accuarcy=0.8587 precision=0.8592 recall=0.8587 roc=0.8534 
[2019-08-15 21:17:56,716]: length=169 f1=0.8687 accuarcy=0.8696 precision=0.8712 recall=0.8696 roc=0.8632 
[2019-08-15 21:18:04,835]: length=170 f1=0.8362 accuarcy=0.8370 precision=0.8372 recall=0.8370 roc=0.8314 
[2019-08-15 21:18:12,850]: length=171 f1=0.8687 accuarcy=0.8696 precision=0.8712 recall=0.8696 roc=0.8632 
[2019-08-15 21:18:21,134]: length=172 f1=0.8367 accuarcy=0.8370 precision=0.8367 recall=0.8370 roc=0.8338 
[2019-08-15 21:18:29,249]: length=173 f1=0.8460 accuarcy=0.8478 precision=0.8518 recall=0.8478 roc=0.8388 
[2019-08-15 21:18:37,411]: length=174 f1=0.8793 accuarcy=0.8804 precision=0.8837 recall=0.8804 roc=0.8730 
[2019-08-15 21:18:45,507]: length=175 f1=0.8468 accuarcy=0.8478 precision=0.8491 recall=0.8478 roc=0.8412 
[2019-08-15 21:18:53,812]: length=176 f1=0.8362 accuarcy=0.8370 precision=0.8372 recall=0.8370 roc=0.8314 
[2019-08-15 21:19:02,211]: length=177 f1=0.8468 accuarcy=0.8478 precision=0.8491 recall=0.8478 roc=0.8412 
[2019-08-15 21:19:10,129]: length=178 f1=0.8468 accuarcy=0.8478 precision=0.8491 recall=0.8478 roc=0.8412 
[2019-08-15 21:19:10,132]: ----------
[2019-08-15 21:19:10,132]: the max f1 = 0.9020
[2019-08-15 21:19:10,133]: ['Janin_P' 'Engelman_GES_R' 'Cornette_C' 'Janin_D' 'Rose_I' 'Hopp_Woods_R'
 'Cornette_T' 'Cornette_P' 'hydrophily' 'Cornette_V' 'Rose_S' 'Janin_Q'
 'polar' 'Engelman_GES_D' 'Kyte_Doolittle_I' 'Eisenberg_R' 'Cornette_F'
 'Cornette_L'],length = 18
[2019-08-15 21:19:10,133]: -----------
[2019-08-15 21:19:17,935]: ***confusion matrix***
[2019-08-15 21:19:17,935]:                pos_class      neg_class      
[2019-08-15 21:19:17,935]: pos_class      TP:36             FN:5              
[2019-08-15 21:19:17,935]: neg_class      FP:4              TN:47             
[2019-08-15 21:19:17,937]: f1 =0.9020 
[2019-08-15 21:19:17,938]: accuarcy = 0.9022 
[2019-08-15 21:19:17,938]: precision =0.9021 
[2019-08-15 21:19:17,939]: recall =0.9022
[2019-08-15 21:19:17,942]: roc area = 0.8998
[2019-08-15 21:19:17,949]: -----------
[2019-08-15 21:19:17,949]: The output by the terminal's log has been saved in the J:\多设备共享\work\MRMD2.0-github\Logs\201908152100.log.
[2019-08-15 21:19:17,950]: metrics have been saved in the J:\多设备共享\work\MRMD2.0-github\Results\meteixa.csv.
[2019-08-15 21:19:17,950]: reduced dimensional dataset has been saved in the J:\多设备共享\work\MRMD2.0-github\Results\rd.csv.
[2019-08-15 21:19:17,950]: ---mrmd 2.0 end---
