[2019-08-14 20:32:01,543]: ---mrmd 2.0 start----
[2019-08-14 20:32:01,633]: ANOVA start...
[2019-08-14 20:32:01,650]: ANOVA end.
[2019-08-14 20:32:01,651]: mic start...
[2019-08-14 20:32:06,728]: mic end.
[2019-08-14 20:32:06,729]: mrmd start...
[2019-08-14 20:32:06,917]: mrmd end.
[2019-08-14 20:32:06,917]: mRMR start...
[2019-08-14 20:32:14,253]: mRMR end.
[2019-08-14 20:32:14,254]: lasso start...
[2019-08-14 20:32:14,279]: lasso end.
[2019-08-14 20:32:14,279]: lasso2 start...
[2019-08-14 20:32:14,902]: lasso2 end.
[2019-08-14 20:32:14,905]: rank start ...
[2019-08-14 20:32:14,914]: The final  rank is
[2019-08-14 20:32:14,915]: aromatic.uncharger.gap5 : 0.0080
[2019-08-14 20:32:14,915]: aromatic.uncharger.gap0 : 0.0078
[2019-08-14 20:32:14,915]: uncharger.postivecharger.gap0 : 0.0077
[2019-08-14 20:32:14,915]: uncharger.aromatic.gap5 : 0.0077
[2019-08-14 20:32:14,915]: uncharger.aromatic.gap1 : 0.0077
[2019-08-14 20:32:14,915]: alphaticr.alphaticr.gap5 : 0.0077
[2019-08-14 20:32:14,915]: uncharger.uncharger.gap3 : 0.0077
[2019-08-14 20:32:14,916]: aromatic.uncharger.gap4 : 0.0077
[2019-08-14 20:32:14,916]: alphaticr.alphaticr.gap0 : 0.0077
[2019-08-14 20:32:14,916]: postivecharger.negativecharger.gap5 : 0.0076
[2019-08-14 20:32:14,916]: aromatic.negativecharger.gap0 : 0.0076
[2019-08-14 20:32:14,916]: aromatic.postivecharger.gap5 : 0.0076
[2019-08-14 20:32:14,916]: alphaticr.postivecharger.gap3 : 0.0076
[2019-08-14 20:32:14,916]: aromatic.uncharger.gap2 : 0.0076
[2019-08-14 20:32:14,916]: postivecharger.postivecharger.gap4 : 0.0076
[2019-08-14 20:32:14,916]: postivecharger.uncharger.gap5 : 0.0076
[2019-08-14 20:32:14,917]: uncharger.postivecharger.gap2 : 0.0076
[2019-08-14 20:32:14,917]: postivecharger.uncharger.gap3 : 0.0075
[2019-08-14 20:32:14,917]: alphaticr.aromatic.gap2 : 0.0075
[2019-08-14 20:32:14,917]: uncharger.postivecharger.gap1 : 0.0075
[2019-08-14 20:32:14,917]: alphaticr.postivecharger.gap2 : 0.0075
[2019-08-14 20:32:14,917]: uncharger.negativecharger.gap1 : 0.0075
[2019-08-14 20:32:14,917]: aromatic.alphaticr.gap4 : 0.0075
[2019-08-14 20:32:14,917]: postivecharger.alphaticr.gap3 : 0.0074
[2019-08-14 20:32:14,917]: uncharger.alphaticr.gap5 : 0.0074
[2019-08-14 20:32:14,917]: postivecharger.uncharger.gap0 : 0.0074
[2019-08-14 20:32:14,917]: negativecharger.alphaticr.gap4 : 0.0074
[2019-08-14 20:32:14,917]: postivecharger.aromatic.gap3 : 0.0074
[2019-08-14 20:32:14,917]: postivecharger.postivecharger.gap1 : 0.0074
[2019-08-14 20:32:14,918]: negativecharger.uncharger.gap2 : 0.0074
[2019-08-14 20:32:14,918]: alphaticr.alphaticr.gap4 : 0.0074
[2019-08-14 20:32:14,918]: postivecharger.alphaticr.gap0 : 0.0074
[2019-08-14 20:32:14,918]: uncharger.alphaticr.gap0 : 0.0074
[2019-08-14 20:32:14,918]: uncharger.aromatic.gap0 : 0.0073
[2019-08-14 20:32:14,918]: negativecharger.alphaticr.gap3 : 0.0073
[2019-08-14 20:32:14,918]: uncharger.uncharger.gap2 : 0.0073
[2019-08-14 20:32:14,918]: alphaticr.alphaticr.gap1 : 0.0073
[2019-08-14 20:32:14,918]: uncharger.alphaticr.gap2 : 0.0073
[2019-08-14 20:32:14,918]: alphaticr.negativecharger.gap3 : 0.0073
[2019-08-14 20:32:14,918]: uncharger.alphaticr.gap1 : 0.0073
[2019-08-14 20:32:14,918]: postivecharger.uncharger.gap2 : 0.0073
[2019-08-14 20:32:14,918]: negativecharger.alphaticr.gap0 : 0.0073
[2019-08-14 20:32:14,919]: postivecharger.uncharger.gap4 : 0.0073
[2019-08-14 20:32:14,919]: aromatic.negativecharger.gap5 : 0.0073
[2019-08-14 20:32:14,919]: uncharger.postivecharger.gap4 : 0.0073
[2019-08-14 20:32:14,919]: uncharger.postivecharger.gap5 : 0.0072
[2019-08-14 20:32:14,919]: negativecharger.aromatic.gap2 : 0.0072
[2019-08-14 20:32:14,919]: aromatic.uncharger.gap1 : 0.0072
[2019-08-14 20:32:14,919]: uncharger.negativecharger.gap5 : 0.0072
[2019-08-14 20:32:14,919]: uncharger.aromatic.gap4 : 0.0071
[2019-08-14 20:32:14,919]: postivecharger.alphaticr.gap1 : 0.0071
[2019-08-14 20:32:14,919]: postivecharger.aromatic.gap5 : 0.0070
[2019-08-14 20:32:14,919]: alphaticr.negativecharger.gap5 : 0.0070
[2019-08-14 20:32:14,920]: negativecharger.negativecharger.gap2 : 0.0070
[2019-08-14 20:32:14,920]: negativecharger.postivecharger.gap2 : 0.0069
[2019-08-14 20:32:14,920]: aromatic.postivecharger.gap4 : 0.0069
[2019-08-14 20:32:14,920]: aromatic.alphaticr.gap5 : 0.0069
[2019-08-14 20:32:14,920]: postivecharger.negativecharger.gap0 : 0.0069
[2019-08-14 20:32:14,920]: uncharger.aromatic.gap3 : 0.0068
[2019-08-14 20:32:14,920]: postivecharger.postivecharger.gap5 : 0.0067
[2019-08-14 20:32:14,920]: negativecharger.aromatic.gap3 : 0.0067
[2019-08-14 20:32:14,920]: negativecharger.alphaticr.gap5 : 0.0067
[2019-08-14 20:32:14,920]: negativecharger.postivecharger.gap4 : 0.0067
[2019-08-14 20:32:14,920]: negativecharger.uncharger.gap1 : 0.0067
[2019-08-14 20:32:14,920]: postivecharger.negativecharger.gap1 : 0.0066
[2019-08-14 20:32:14,921]: uncharger.alphaticr.gap3 : 0.0066
[2019-08-14 20:32:14,921]: postivecharger.aromatic.gap1 : 0.0066
[2019-08-14 20:32:14,921]: aromatic.aromatic.gap0 : 0.0066
[2019-08-14 20:32:14,921]: alphaticr.negativecharger.gap0 : 0.0066
[2019-08-14 20:32:14,921]: negativecharger.uncharger.gap5 : 0.0066
[2019-08-14 20:32:14,921]: aromatic.negativecharger.gap2 : 0.0065
[2019-08-14 20:32:14,921]: postivecharger.alphaticr.gap2 : 0.0065
[2019-08-14 20:32:14,921]: aromatic.negativecharger.gap1 : 0.0065
[2019-08-14 20:32:14,921]: aromatic.postivecharger.gap0 : 0.0065
[2019-08-14 20:32:14,921]: negativecharger.aromatic.gap1 : 0.0065
[2019-08-14 20:32:14,921]: alphaticr.uncharger.gap0 : 0.0065
[2019-08-14 20:32:14,922]: alphaticr.uncharger.gap5 : 0.0065
[2019-08-14 20:32:14,922]: postivecharger.negativecharger.gap2 : 0.0065
[2019-08-14 20:32:14,922]: aromatic.aromatic.gap5 : 0.0065
[2019-08-14 20:32:14,922]: postivecharger.postivecharger.gap2 : 0.0065
[2019-08-14 20:32:14,922]: negativecharger.postivecharger.gap1 : 0.0065
[2019-08-14 20:32:14,922]: aromatic.alphaticr.gap1 : 0.0064
[2019-08-14 20:32:14,922]: negativecharger.aromatic.gap5 : 0.0064
[2019-08-14 20:32:14,922]: negativecharger.negativecharger.gap4 : 0.0064
[2019-08-14 20:32:14,922]: alphaticr.negativecharger.gap4 : 0.0064
[2019-08-14 20:32:14,922]: alphaticr.postivecharger.gap5 : 0.0064
[2019-08-14 20:32:14,922]: uncharger.negativecharger.gap4 : 0.0064
[2019-08-14 20:32:14,923]: negativecharger.uncharger.gap4 : 0.0064
[2019-08-14 20:32:14,923]: negativecharger.negativecharger.gap5 : 0.0064
[2019-08-14 20:32:14,923]: postivecharger.negativecharger.gap4 : 0.0064
[2019-08-14 20:32:14,923]: uncharger.negativecharger.gap0 : 0.0064
[2019-08-14 20:32:14,923]: aromatic.postivecharger.gap3 : 0.0064
[2019-08-14 20:32:14,923]: negativecharger.alphaticr.gap1 : 0.0064
[2019-08-14 20:32:14,923]: alphaticr.aromatic.gap5 : 0.0064
[2019-08-14 20:32:14,923]: alphaticr.negativecharger.gap1 : 0.0064
[2019-08-14 20:32:14,923]: aromatic.aromatic.gap4 : 0.0063
[2019-08-14 20:32:14,923]: alphaticr.uncharger.gap2 : 0.0063
[2019-08-14 20:32:14,923]: alphaticr.postivecharger.gap4 : 0.0063
[2019-08-14 20:32:14,923]: negativecharger.postivecharger.gap0 : 0.0063
[2019-08-14 20:32:14,923]: postivecharger.uncharger.gap1 : 0.0063
[2019-08-14 20:32:14,924]: alphaticr.aromatic.gap1 : 0.0063
[2019-08-14 20:32:14,924]: aromatic.aromatic.gap1 : 0.0063
[2019-08-14 20:32:14,924]: uncharger.negativecharger.gap2 : 0.0063
[2019-08-14 20:32:14,924]: postivecharger.aromatic.gap4 : 0.0063
[2019-08-14 20:32:14,924]: uncharger.aromatic.gap2 : 0.0063
[2019-08-14 20:32:14,924]: alphaticr.alphaticr.gap3 : 0.0063
[2019-08-14 20:32:14,924]: postivecharger.alphaticr.gap4 : 0.0063
[2019-08-14 20:32:14,924]: negativecharger.negativecharger.gap1 : 0.0063
[2019-08-14 20:32:14,924]: postivecharger.alphaticr.gap5 : 0.0062
[2019-08-14 20:32:14,925]: alphaticr.alphaticr.gap2 : 0.0062
[2019-08-14 20:32:14,925]: negativecharger.uncharger.gap0 : 0.0062
[2019-08-14 20:32:14,925]: postivecharger.postivecharger.gap0 : 0.0062
[2019-08-14 20:32:14,925]: negativecharger.aromatic.gap4 : 0.0062
[2019-08-14 20:32:14,925]: alphaticr.postivecharger.gap1 : 0.0062
[2019-08-14 20:32:14,925]: postivecharger.aromatic.gap2 : 0.0062
[2019-08-14 20:32:14,925]: aromatic.aromatic.gap2 : 0.0062
[2019-08-14 20:32:14,925]: alphaticr.negativecharger.gap2 : 0.0062
[2019-08-14 20:32:14,925]: negativecharger.postivecharger.gap3 : 0.0062
[2019-08-14 20:32:14,925]: negativecharger.negativecharger.gap0 : 0.0062
[2019-08-14 20:32:14,925]: aromatic.negativecharger.gap3 : 0.0062
[2019-08-14 20:32:14,925]: alphaticr.aromatic.gap3 : 0.0062
[2019-08-14 20:32:14,925]: postivecharger.aromatic.gap0 : 0.0062
[2019-08-14 20:32:14,926]: negativecharger.alphaticr.gap2 : 0.0061
[2019-08-14 20:32:14,926]: alphaticr.aromatic.gap0 : 0.0061
[2019-08-14 20:32:14,926]: negativecharger.aromatic.gap0 : 0.0061
[2019-08-14 20:32:14,926]: negativecharger.postivecharger.gap5 : 0.0061
[2019-08-14 20:32:14,926]: uncharger.uncharger.gap0 : 0.0061
[2019-08-14 20:32:14,926]: aromatic.postivecharger.gap1 : 0.0061
[2019-08-14 20:32:14,926]: aromatic.uncharger.gap3 : 0.0061
[2019-08-14 20:32:14,926]: negativecharger.uncharger.gap3 : 0.0061
[2019-08-14 20:32:14,926]: aromatic.negativecharger.gap4 : 0.0061
[2019-08-14 20:32:14,926]: uncharger.negativecharger.gap3 : 0.0061
[2019-08-14 20:32:14,926]: uncharger.uncharger.gap1 : 0.0060
[2019-08-14 20:32:14,926]: negativecharger.negativecharger.gap3 : 0.0060
[2019-08-14 20:32:14,927]: alphaticr.aromatic.gap4 : 0.0059
[2019-08-14 20:32:14,927]: aromatic.postivecharger.gap2 : 0.0059
[2019-08-14 20:32:14,927]: uncharger.uncharger.gap4 : 0.0059
[2019-08-14 20:32:14,927]: uncharger.alphaticr.gap4 : 0.0058
[2019-08-14 20:32:14,927]: alphaticr.postivecharger.gap0 : 0.0057
[2019-08-14 20:32:14,927]: uncharger.postivecharger.gap3 : 0.0056
[2019-08-14 20:32:14,927]: postivecharger.postivecharger.gap3 : 0.0056
[2019-08-14 20:32:14,927]: alphaticr.uncharger.gap3 : 0.0055
[2019-08-14 20:32:14,927]: alphaticr.uncharger.gap4 : 0.0055
[2019-08-14 20:32:14,927]: aromatic.alphaticr.gap0 : 0.0055
[2019-08-14 20:32:14,927]: alphaticr.uncharger.gap1 : 0.0055
[2019-08-14 20:32:14,927]: aromatic.alphaticr.gap2 : 0.0055
[2019-08-14 20:32:14,927]: postivecharger.negativecharger.gap3 : 0.0054
[2019-08-14 20:32:14,928]: uncharger.uncharger.gap5 : 0.0051
[2019-08-14 20:32:14,928]: aromatic.aromatic.gap3 : 0.0051
[2019-08-14 20:32:14,928]: aromatic.alphaticr.gap3 : 0.0051
[2019-08-14 20:32:14,928]: feature_rank end
[2019-08-14 20:32:14,954]: Start dimension reduction ...
[2019-08-14 20:32:23,243]: length=1 accuarcy=0.5000 f1=0.5003 precision=0.5007 recall=0.5000 roc=0.4980 
[2019-08-14 20:32:32,460]: length=21 accuarcy=0.7273 f1=0.7262 precision=0.7270 recall=0.7273 roc=0.7232 
[2019-08-14 20:32:41,008]: length=41 accuarcy=0.7636 f1=0.7632 precision=0.7634 recall=0.7636 roc=0.7611 
[2019-08-14 20:32:50,040]: length=61 accuarcy=0.7818 f1=0.7818 precision=0.7818 recall=0.7818 roc=0.7807 
[2019-08-14 20:32:58,855]: length=81 accuarcy=0.7818 f1=0.7809 precision=0.7822 recall=0.7818 roc=0.7780 
[2019-08-14 20:33:07,617]: length=101 accuarcy=0.7727 f1=0.7721 precision=0.7726 recall=0.7727 roc=0.7695 
[2019-08-14 20:33:16,045]: length=121 accuarcy=0.7364 f1=0.7356 precision=0.7360 recall=0.7364 roc=0.7330 
[2019-08-14 20:33:24,651]: length=141 accuarcy=0.7636 f1=0.7627 precision=0.7638 recall=0.7636 roc=0.7597 
[2019-08-14 20:33:33,582]: length=150 accuarcy=0.7727 f1=0.7715 precision=0.7735 recall=0.7727 roc=0.7682 
[2019-08-14 20:33:33,583]: ----------
[2019-08-14 20:33:33,583]: the max acc = 0.7818
[2019-08-14 20:33:33,583]: ['aromatic.uncharger.gap5' 'aromatic.uncharger.gap0'
 'uncharger.postivecharger.gap0' 'uncharger.aromatic.gap5'
 'uncharger.aromatic.gap1' 'alphaticr.alphaticr.gap5'
 'uncharger.uncharger.gap3' 'aromatic.uncharger.gap4'
 'alphaticr.alphaticr.gap0' 'postivecharger.negativecharger.gap5'
 'aromatic.negativecharger.gap0' 'aromatic.postivecharger.gap5'
 'alphaticr.postivecharger.gap3' 'aromatic.uncharger.gap2'
 'postivecharger.postivecharger.gap4' 'postivecharger.uncharger.gap5'
 'uncharger.postivecharger.gap2' 'postivecharger.uncharger.gap3'
 'alphaticr.aromatic.gap2' 'uncharger.postivecharger.gap1'
 'alphaticr.postivecharger.gap2' 'uncharger.negativecharger.gap1'
 'aromatic.alphaticr.gap4' 'postivecharger.alphaticr.gap3'
 'uncharger.alphaticr.gap5' 'postivecharger.uncharger.gap0'
 'negativecharger.alphaticr.gap4' 'postivecharger.aromatic.gap3'
 'postivecharger.postivecharger.gap1' 'negativecharger.uncharger.gap2'
 'alphaticr.alphaticr.gap4' 'postivecharger.alphaticr.gap0'
 'uncharger.alphaticr.gap0' 'uncharger.aromatic.gap0'
 'negativecharger.alphaticr.gap3' 'uncharger.uncharger.gap2'
 'alphaticr.alphaticr.gap1' 'uncharger.alphaticr.gap2'
 'alphaticr.negativecharger.gap3' 'uncharger.alphaticr.gap1'
 'postivecharger.uncharger.gap2' 'negativecharger.alphaticr.gap0'
 'postivecharger.uncharger.gap4' 'aromatic.negativecharger.gap5'
 'uncharger.postivecharger.gap4' 'uncharger.postivecharger.gap5'
 'negativecharger.aromatic.gap2' 'aromatic.uncharger.gap1'
 'uncharger.negativecharger.gap5' 'uncharger.aromatic.gap4'
 'postivecharger.alphaticr.gap1' 'postivecharger.aromatic.gap5'
 'alphaticr.negativecharger.gap5' 'negativecharger.negativecharger.gap2'
 'negativecharger.postivecharger.gap2' 'aromatic.postivecharger.gap4'
 'aromatic.alphaticr.gap5' 'postivecharger.negativecharger.gap0'
 'uncharger.aromatic.gap3' 'postivecharger.postivecharger.gap5'
 'negativecharger.aromatic.gap3'],length = 61
[2019-08-14 20:33:33,583]: -----------
[2019-08-14 20:33:38,042]: ***confusion matrix***
[2019-08-14 20:33:38,042]:                pos_class      neg_class      
[2019-08-14 20:33:38,042]: pos_class      TP:47             FN:12             
[2019-08-14 20:33:38,042]: neg_class      FP:12             TN:39             
[2019-08-14 20:33:38,043]: accuarcy = 0.7818181818181819 
[2019-08-14 20:33:38,043]: precision =0.7818181818181819 
[2019-08-14 20:33:38,044]: recall =0.7818181818181819
[2019-08-14 20:33:38,045]: f1 =0.7818181818181819 
[2019-08-14 20:33:38,045]: roc area = 0.7806580259222333
[2019-08-14 20:33:38,060]: -----------
[2019-08-14 20:33:38,060]: The output by the terminal's log has been saved in the J:\多设备共享\work\MRMD2.0-github\Logs\201908142032.log.
[2019-08-14 20:33:38,060]: metrics have been saved in the J:\多设备共享\work\MRMD2.0-github\Results\rd.arff.
[2019-08-14 20:33:38,060]: reduced dimensional dataset has been saved in the J:\多设备共享\work\MRMD2.0-github\Results\metrics.csv.
[2019-08-14 20:33:38,060]: ---mrmd 2.0 end---
