[2019-08-24 13:06:58,587]: ---mrmd 2.0 start----
[2019-08-24 13:06:58,599]: ANOVA start...
[2019-08-24 13:06:58,612]: ANOVA end.
[2019-08-24 13:06:58,612]: mic start...
[2019-08-24 13:07:08,218]: mic end.
[2019-08-24 13:07:08,218]: mrmd start...
[2019-08-24 13:07:08,490]: mrmd end.
[2019-08-24 13:07:08,490]: mRMR start...
[2019-08-24 13:07:19,745]: mRMR end.
[2019-08-24 13:07:19,745]: lasso start...
[2019-08-24 13:07:19,781]: lasso end.
[2019-08-24 13:07:19,782]: chi2 start...
[2019-08-24 13:07:19,808]: chi2 end.
[2019-08-24 13:07:19,808]: ref start...
[2019-08-24 13:07:21,079]: ref end.
[2019-08-24 13:07:21,097]: rank start ...
[2019-08-24 13:07:21,109]: The final  rank is
[2019-08-24 13:07:21,110]: Hopp_Woods_R : 0.0071
[2019-08-24 13:07:21,110]: basic_polar : 0.0070
[2019-08-24 13:07:21,110]: Rose_I : 0.0067
[2019-08-24 13:07:21,110]: Janin_W : 0.0067
[2019-08-24 13:07:21,110]: Janin_P : 0.0067
[2019-08-24 13:07:21,110]: Kyte_Doolittle_I : 0.0066
[2019-08-24 13:07:21,110]: Cornette_C : 0.0066
[2019-08-24 13:07:21,110]: Cornette_T : 0.0066
[2019-08-24 13:07:21,110]: hydrophily : 0.0066
[2019-08-24 13:07:21,111]: Kyte_Doolittle_A : 0.0065
[2019-08-24 13:07:21,111]: Cornette_V : 0.0065
[2019-08-24 13:07:21,111]: Engelman_GES_W : 0.0065
[2019-08-24 13:07:21,111]: Janin_D : 0.0065
[2019-08-24 13:07:21,111]: Engelman_GES_D : 0.0065
[2019-08-24 13:07:21,111]: Eisenberg_R : 0.0064
[2019-08-24 13:07:21,111]: Engelman_GES_S : 0.0064
[2019-08-24 13:07:21,111]: Engelman_GES_E : 0.0064
[2019-08-24 13:07:21,111]: Engelman_GES_N : 0.0064
[2019-08-24 13:07:21,111]: Rose_S : 0.0064
[2019-08-24 13:07:21,112]: Hopp_Woods_A : 0.0063
[2019-08-24 13:07:21,112]: Hopp_Woods_I : 0.0063
[2019-08-24 13:07:21,112]: Hopp_Woods_D : 0.0063
[2019-08-24 13:07:21,112]: Janin_Q : 0.0062
[2019-08-24 13:07:21,112]: Engelman_GES_R : 0.0062
[2019-08-24 13:07:21,112]: Cornette_F : 0.0062
[2019-08-24 13:07:21,112]: Cornette_K : 0.0062
[2019-08-24 13:07:21,112]: Eisenberg_N : 0.0062
[2019-08-24 13:07:21,112]: Rose_H : 0.0062
[2019-08-24 13:07:21,112]: Cornette_P : 0.0062
[2019-08-24 13:07:21,112]: Cornette_D : 0.0061
[2019-08-24 13:07:21,113]: Engelman_GES_L : 0.0061
[2019-08-24 13:07:21,113]: C : 0.0061
[2019-08-24 13:07:21,113]: Rose_L : 0.0061
[2019-08-24 13:07:21,113]: Cornette_E : 0.0061
[2019-08-24 13:07:21,113]: Kyte_Doolittle_P : 0.0061
[2019-08-24 13:07:21,113]: aromatic : 0.0060
[2019-08-24 13:07:21,113]: Engelman_GES_F : 0.0060
[2019-08-24 13:07:21,113]: Janin_H : 0.0060
[2019-08-24 13:07:21,113]: Rose_Q : 0.0060
[2019-08-24 13:07:21,113]: Kyte_Doolittle_W : 0.0060
[2019-08-24 13:07:21,113]: Kyte_Doolittle_K : 0.0059
[2019-08-24 13:07:21,113]: Janin_V : 0.0059
[2019-08-24 13:07:21,114]: Kyte_Doolittle_C : 0.0059
[2019-08-24 13:07:21,114]: Kyte_Doolittle_H : 0.0059
[2019-08-24 13:07:21,114]: K : 0.0059
[2019-08-24 13:07:21,114]: Cornette_H : 0.0059
[2019-08-24 13:07:21,114]: F : 0.0059
[2019-08-24 13:07:21,114]: Eisenberg_Y : 0.0059
[2019-08-24 13:07:21,114]: Janin_Y : 0.0058
[2019-08-24 13:07:21,114]: Kyte_Doolittle_L : 0.0058
[2019-08-24 13:07:21,114]: Hopp_Woods_F : 0.0058
[2019-08-24 13:07:21,114]: alphatic : 0.0058
[2019-08-24 13:07:21,115]: Rose_R : 0.0058
[2019-08-24 13:07:21,115]: Rose_T : 0.0058
[2019-08-24 13:07:21,115]: P : 0.0058
[2019-08-24 13:07:21,115]: nonpolar : 0.0058
[2019-08-24 13:07:21,115]: Rose_W : 0.0058
[2019-08-24 13:07:21,115]: Eisenberg_K : 0.0058
[2019-08-24 13:07:21,115]: Eisenberg_D : 0.0058
[2019-08-24 13:07:21,115]: I : 0.0058
[2019-08-24 13:07:21,115]: Kyte_Doolittle_N : 0.0058
[2019-08-24 13:07:21,115]: Cornette_S : 0.0058
[2019-08-24 13:07:21,116]: Rose_P : 0.0058
[2019-08-24 13:07:21,116]: Engelman_GES_P : 0.0057
[2019-08-24 13:07:21,116]: Rose_V : 0.0057
[2019-08-24 13:07:21,116]: Hopp_Woods_N : 0.0057
[2019-08-24 13:07:21,116]: Janin_A : 0.0057
[2019-08-24 13:07:21,116]: S : 0.0057
[2019-08-24 13:07:21,116]: Eisenberg_V : 0.0057
[2019-08-24 13:07:21,116]: Q : 0.0057
[2019-08-24 13:07:21,116]: Engelman_GES_K : 0.0057
[2019-08-24 13:07:21,117]: Eisenberg_W : 0.0057
[2019-08-24 13:07:21,117]: moderate : 0.0057
[2019-08-24 13:07:21,117]: Rose_M : 0.0057
[2019-08-24 13:07:21,117]: Cornette_W : 0.0057
[2019-08-24 13:07:21,117]: Hopp_Woods_H : 0.0057
[2019-08-24 13:07:21,117]: Engelman_GES_Y : 0.0057
[2019-08-24 13:07:21,117]: Janin_L : 0.0056
[2019-08-24 13:07:21,117]: Eisenberg_M : 0.0056
[2019-08-24 13:07:21,117]: aliphatic : 0.0056
[2019-08-24 13:07:21,117]: Kyte_Doolittle_D : 0.0056
[2019-08-24 13:07:21,117]: Engelman_GES_Q : 0.0056
[2019-08-24 13:07:21,118]: Engelman_GES_T : 0.0056
[2019-08-24 13:07:21,118]: V : 0.0056
[2019-08-24 13:07:21,118]: Eisenberg_Q : 0.0056
[2019-08-24 13:07:21,118]: Eisenberg_S : 0.0056
[2019-08-24 13:07:21,118]: Janin_T : 0.0056
[2019-08-24 13:07:21,118]: Eisenberg_T : 0.0056
[2019-08-24 13:07:21,118]: T : 0.0056
[2019-08-24 13:07:21,118]: negativecharge : 0.0056
[2019-08-24 13:07:21,118]: Hopp_Woods_Q : 0.0056
[2019-08-24 13:07:21,118]: Janin_I : 0.0056
[2019-08-24 13:07:21,119]: Kyte_Doolittle_Y : 0.0056
[2019-08-24 13:07:21,119]: Kyte_Doolittle_F : 0.0056
[2019-08-24 13:07:21,119]: Cornette_A : 0.0056
[2019-08-24 13:07:21,119]: uncharge : 0.0056
[2019-08-24 13:07:21,119]: Y : 0.0056
[2019-08-24 13:07:21,119]: polar : 0.0056
[2019-08-24 13:07:21,119]: Kyte_Doolittle_S : 0.0056
[2019-08-24 13:07:21,119]: Hopp_Woods_M : 0.0056
[2019-08-24 13:07:21,119]: Kyte_Doolittle_R : 0.0056
[2019-08-24 13:07:21,119]: Cornette_Q : 0.0056
[2019-08-24 13:07:21,119]: Hopp_Woods_S : 0.0055
[2019-08-24 13:07:21,120]: Rose_D : 0.0055
[2019-08-24 13:07:21,120]: Kyte_Doolittle_E : 0.0055
[2019-08-24 13:07:21,120]: Kyte_Doolittle_M : 0.0055
[2019-08-24 13:07:21,120]: Kyte_Doolittle_G : 0.0055
[2019-08-24 13:07:21,120]: Kyte_Doolittle_Q : 0.0055
[2019-08-24 13:07:21,120]: Cornette_Y : 0.0055
[2019-08-24 13:07:21,120]: Eisenberg_P : 0.0055
[2019-08-24 13:07:21,120]: positve : 0.0055
[2019-08-24 13:07:21,120]: Rose_A : 0.0055
[2019-08-24 13:07:21,120]: Engelman_GES_H : 0.0055
[2019-08-24 13:07:21,120]: Cornette_M : 0.0055
[2019-08-24 13:07:21,121]: Eisenberg_A : 0.0055
[2019-08-24 13:07:21,121]: postivecharge : 0.0055
[2019-08-24 13:07:21,121]: Hopp_Woods_L : 0.0055
[2019-08-24 13:07:21,121]: Eisenberg_H : 0.0055
[2019-08-24 13:07:21,121]: Engelman_GES_V : 0.0055
[2019-08-24 13:07:21,121]: Cornette_L : 0.0055
[2019-08-24 13:07:21,121]: Hopp_Woods_V : 0.0055
[2019-08-24 13:07:21,121]: Janin_K : 0.0055
[2019-08-24 13:07:21,121]: D : 0.0055
[2019-08-24 13:07:21,121]: Eisenberg_L : 0.0055
[2019-08-24 13:07:21,121]: R : 0.0055
[2019-08-24 13:07:21,122]: Hopp_Woods_Y : 0.0055
[2019-08-24 13:07:21,122]: G : 0.0055
[2019-08-24 13:07:21,122]: Engelman_GES_G : 0.0055
[2019-08-24 13:07:21,122]: E : 0.0054
[2019-08-24 13:07:21,122]: Rose_F : 0.0054
[2019-08-24 13:07:21,122]: N : 0.0054
[2019-08-24 13:07:21,122]: Hopp_Woods_C : 0.0054
[2019-08-24 13:07:21,122]: Janin_F : 0.0054
[2019-08-24 13:07:21,122]: hydrophobicity : 0.0054
[2019-08-24 13:07:21,122]: Hopp_Woods_K : 0.0054
[2019-08-24 13:07:21,122]: M : 0.0054
[2019-08-24 13:07:21,122]: Eisenberg_I : 0.0054
[2019-08-24 13:07:21,123]: Janin_E : 0.0054
[2019-08-24 13:07:21,123]: Hopp_Woods_E : 0.0054
[2019-08-24 13:07:21,123]: Engelman_GES_A : 0.0054
[2019-08-24 13:07:21,123]: H : 0.0054
[2019-08-24 13:07:21,123]: Janin_N : 0.0054
[2019-08-24 13:07:21,123]: Janin_M : 0.0054
[2019-08-24 13:07:21,123]: Engelman_GES_M : 0.0053
[2019-08-24 13:07:21,123]: Rose_C : 0.0053
[2019-08-24 13:07:21,123]: Engelman_GES_C : 0.0053
[2019-08-24 13:07:21,123]: neutral : 0.0053
[2019-08-24 13:07:21,123]: Eisenberg_C : 0.0053
[2019-08-24 13:07:21,124]: Rose_N : 0.0053
[2019-08-24 13:07:21,124]: Eisenberg_G : 0.0053
[2019-08-24 13:07:21,124]: W : 0.0053
[2019-08-24 13:07:21,124]: Rose_K : 0.0052
[2019-08-24 13:07:21,124]: Kyte_Doolittle_T : 0.0051
[2019-08-24 13:07:21,124]: Janin_R : 0.0051
[2019-08-24 13:07:21,124]: aromatic.1 : 0.0051
[2019-08-24 13:07:21,124]: negative : 0.0051
[2019-08-24 13:07:21,124]: Hopp_Woods_T : 0.0050
[2019-08-24 13:07:21,124]: Janin_G : 0.0050
[2019-08-24 13:07:21,124]: Janin_S : 0.0050
[2019-08-24 13:07:21,125]: A : 0.0050
[2019-08-24 13:07:21,125]: Engelman_GES_I : 0.0050
[2019-08-24 13:07:21,125]: Rose_E : 0.0050
[2019-08-24 13:07:21,125]: Hopp_Woods_W : 0.0049
[2019-08-24 13:07:21,125]: Cornette_R : 0.0049
[2019-08-24 13:07:21,125]: Cornette_I : 0.0049
[2019-08-24 13:07:21,125]: Eisenberg_E : 0.0049
[2019-08-24 13:07:21,125]: Eisenberg_F : 0.0049
[2019-08-24 13:07:21,125]: Kyte_Doolittle_V : 0.0048
[2019-08-24 13:07:21,126]: Rose_Y : 0.0047
[2019-08-24 13:07:21,126]: L : 0.0047
[2019-08-24 13:07:21,126]: heterocyclics : 0.0047
[2019-08-24 13:07:21,126]: Janin_C : 0.0047
[2019-08-24 13:07:21,126]: acidic_polar : 0.0043
[2019-08-24 13:07:21,126]: Cornette_N : 0.0043
[2019-08-24 13:07:21,126]: Rose_G : 0.0043
[2019-08-24 13:07:21,126]: Hopp_Woods_P : 0.0031
[2019-08-24 13:07:21,126]: Hopp_Woods_G : 0.0031
[2019-08-24 13:07:21,126]: Cornette_G : 0.0030
[2019-08-24 13:07:21,126]: feature_rank end
[2019-08-24 13:07:21,151]: Start dimension reduction ...
[2019-08-24 13:07:29,252]: length=1 f1=0.6957 accuarcy=0.6957 precision=0.6957 recall=0.6957 auc=0.6920 
[2019-08-24 13:07:37,298]: length=31 f1=0.8474 accuarcy=0.8478 precision=0.8478 recall=0.8478 auc=0.8436 
[2019-08-24 13:07:45,352]: length=61 f1=0.8580 accuarcy=0.8587 precision=0.8592 recall=0.8587 auc=0.8534 
[2019-08-24 13:07:53,208]: length=91 f1=0.8256 accuarcy=0.8261 precision=0.8259 recall=0.8261 auc=0.8216 
[2019-08-24 13:08:01,190]: length=121 f1=0.8580 accuarcy=0.8587 precision=0.8592 recall=0.8587 auc=0.8534 
[2019-08-24 13:08:09,155]: length=151 f1=0.8468 accuarcy=0.8478 precision=0.8491 recall=0.8478 auc=0.8412 
[2019-08-24 13:08:17,274]: length=178 f1=0.8468 accuarcy=0.8478 precision=0.8491 recall=0.8478 auc=0.8412 
[2019-08-24 13:08:17,278]: ----------
[2019-08-24 13:08:17,278]: the max acc = 0.8587
[2019-08-24 13:08:17,279]: ['Hopp_Woods_R' 'basic_polar' 'Rose_I' 'Janin_W' 'Janin_P'
 'Kyte_Doolittle_I' 'Cornette_C' 'Cornette_T' 'hydrophily'
 'Kyte_Doolittle_A' 'Cornette_V' 'Engelman_GES_W' 'Janin_D'
 'Engelman_GES_D' 'Eisenberg_R' 'Engelman_GES_S' 'Engelman_GES_E'
 'Engelman_GES_N' 'Rose_S' 'Hopp_Woods_A' 'Hopp_Woods_I' 'Hopp_Woods_D'
 'Janin_Q' 'Engelman_GES_R' 'Cornette_F' 'Cornette_K' 'Eisenberg_N'
 'Rose_H' 'Cornette_P' 'Cornette_D' 'Engelman_GES_L' 'C' 'Rose_L'
 'Cornette_E' 'Kyte_Doolittle_P' 'aromatic' 'Engelman_GES_F' 'Janin_H'
 'Rose_Q' 'Kyte_Doolittle_W' 'Kyte_Doolittle_K' 'Janin_V'
 'Kyte_Doolittle_C' 'Kyte_Doolittle_H' 'K' 'Cornette_H' 'F' 'Eisenberg_Y'
 'Janin_Y' 'Kyte_Doolittle_L' 'Hopp_Woods_F' 'alphatic' 'Rose_R' 'Rose_T'
 'P' 'nonpolar' 'Rose_W' 'Eisenberg_K' 'Eisenberg_D' 'I'
 'Kyte_Doolittle_N'],length = 61
[2019-08-24 13:08:17,279]: -----------
[2019-08-24 13:08:25,499]: ***confusion matrix***
[2019-08-24 13:08:25,500]:                pos_class      neg_class      
[2019-08-24 13:08:25,500]: pos_class      TP:33             FN:8              
[2019-08-24 13:08:25,500]: neg_class      FP:5              TN:46             
[2019-08-24 13:08:25,501]: f1 =0.8580 
[2019-08-24 13:08:25,501]: accuarcy = 0.8587 
[2019-08-24 13:08:25,501]: precision =0.8592 
[2019-08-24 13:08:25,502]: recall =0.8587
[2019-08-24 13:08:25,503]: auc = 0.8534
[2019-08-24 13:08:25,520]: -----------
[2019-08-24 13:08:25,521]: The output by the terminal's log has been saved in the J:\多设备共享\work\MRMD2.0-github\Logs\201908241306.log.
[2019-08-24 13:08:25,521]: metrics have been saved in the J:\多设备共享\work\MRMD2.0-github\Results\meteixa.csv.
[2019-08-24 13:08:25,521]: reduced dimensional dataset has been saved in the J:\多设备共享\work\MRMD2.0-github\Results\rd.csv.
[2019-08-24 13:08:25,521]: ---mrmd 2.0 end---
