[2019-08-24 13:08:54,126]: ---mrmd 2.0 start----
[2019-08-24 13:08:54,138]: ANOVA start...
[2019-08-24 13:08:54,151]: ANOVA end.
[2019-08-24 13:08:54,151]: mic start...
[2019-08-24 13:09:03,946]: mic end.
[2019-08-24 13:09:03,946]: mrmd start...
[2019-08-24 13:09:04,208]: mrmd end.
[2019-08-24 13:09:04,209]: mRMR start...
[2019-08-24 13:09:14,839]: mRMR end.
[2019-08-24 13:09:14,839]: lasso start...
[2019-08-24 13:09:14,875]: lasso end.
[2019-08-24 13:09:14,876]: chi2 start...
[2019-08-24 13:09:14,902]: chi2 end.
[2019-08-24 13:09:14,902]: ref start...
[2019-08-24 13:09:16,207]: ref end.
[2019-08-24 13:09:16,226]: rank start ...
[2019-08-24 13:09:16,239]: The final  rank is
[2019-08-24 13:09:16,240]: Hopp_Woods_R : 0.0071
[2019-08-24 13:09:16,240]: basic_polar : 0.0070
[2019-08-24 13:09:16,240]: Rose_I : 0.0067
[2019-08-24 13:09:16,240]: Janin_W : 0.0067
[2019-08-24 13:09:16,240]: Janin_P : 0.0067
[2019-08-24 13:09:16,240]: Kyte_Doolittle_I : 0.0066
[2019-08-24 13:09:16,240]: Cornette_C : 0.0066
[2019-08-24 13:09:16,240]: Cornette_T : 0.0066
[2019-08-24 13:09:16,240]: hydrophily : 0.0066
[2019-08-24 13:09:16,241]: Kyte_Doolittle_A : 0.0065
[2019-08-24 13:09:16,241]: Cornette_V : 0.0065
[2019-08-24 13:09:16,241]: Engelman_GES_W : 0.0065
[2019-08-24 13:09:16,241]: Janin_D : 0.0065
[2019-08-24 13:09:16,241]: Engelman_GES_D : 0.0065
[2019-08-24 13:09:16,241]: Eisenberg_R : 0.0064
[2019-08-24 13:09:16,241]: Engelman_GES_S : 0.0064
[2019-08-24 13:09:16,242]: Engelman_GES_E : 0.0064
[2019-08-24 13:09:16,242]: Engelman_GES_N : 0.0064
[2019-08-24 13:09:16,242]: Rose_S : 0.0064
[2019-08-24 13:09:16,242]: Hopp_Woods_A : 0.0063
[2019-08-24 13:09:16,242]: Hopp_Woods_I : 0.0063
[2019-08-24 13:09:16,242]: Hopp_Woods_D : 0.0063
[2019-08-24 13:09:16,242]: Janin_Q : 0.0062
[2019-08-24 13:09:16,243]: Engelman_GES_R : 0.0062
[2019-08-24 13:09:16,243]: Cornette_F : 0.0062
[2019-08-24 13:09:16,243]: Cornette_K : 0.0062
[2019-08-24 13:09:16,243]: Eisenberg_N : 0.0062
[2019-08-24 13:09:16,243]: Rose_H : 0.0062
[2019-08-24 13:09:16,243]: Cornette_P : 0.0062
[2019-08-24 13:09:16,243]: Cornette_D : 0.0061
[2019-08-24 13:09:16,243]: Engelman_GES_L : 0.0061
[2019-08-24 13:09:16,244]: C : 0.0061
[2019-08-24 13:09:16,244]: Rose_L : 0.0061
[2019-08-24 13:09:16,244]: Cornette_E : 0.0061
[2019-08-24 13:09:16,244]: Kyte_Doolittle_P : 0.0061
[2019-08-24 13:09:16,244]: aromatic : 0.0060
[2019-08-24 13:09:16,244]: Engelman_GES_F : 0.0060
[2019-08-24 13:09:16,244]: Janin_H : 0.0060
[2019-08-24 13:09:16,244]: Rose_Q : 0.0060
[2019-08-24 13:09:16,244]: Kyte_Doolittle_W : 0.0060
[2019-08-24 13:09:16,244]: Kyte_Doolittle_K : 0.0059
[2019-08-24 13:09:16,245]: Janin_V : 0.0059
[2019-08-24 13:09:16,245]: Kyte_Doolittle_C : 0.0059
[2019-08-24 13:09:16,245]: Kyte_Doolittle_H : 0.0059
[2019-08-24 13:09:16,245]: K : 0.0059
[2019-08-24 13:09:16,245]: Cornette_H : 0.0059
[2019-08-24 13:09:16,245]: F : 0.0059
[2019-08-24 13:09:16,245]: Eisenberg_Y : 0.0059
[2019-08-24 13:09:16,245]: Janin_Y : 0.0058
[2019-08-24 13:09:16,245]: Kyte_Doolittle_L : 0.0058
[2019-08-24 13:09:16,246]: Hopp_Woods_F : 0.0058
[2019-08-24 13:09:16,246]: alphatic : 0.0058
[2019-08-24 13:09:16,246]: Rose_R : 0.0058
[2019-08-24 13:09:16,246]: Rose_T : 0.0058
[2019-08-24 13:09:16,246]: P : 0.0058
[2019-08-24 13:09:16,246]: nonpolar : 0.0058
[2019-08-24 13:09:16,246]: Rose_W : 0.0058
[2019-08-24 13:09:16,246]: Eisenberg_K : 0.0058
[2019-08-24 13:09:16,246]: Eisenberg_D : 0.0058
[2019-08-24 13:09:16,247]: I : 0.0058
[2019-08-24 13:09:16,247]: Kyte_Doolittle_N : 0.0058
[2019-08-24 13:09:16,247]: Cornette_S : 0.0058
[2019-08-24 13:09:16,247]: Rose_P : 0.0058
[2019-08-24 13:09:16,247]: Engelman_GES_P : 0.0057
[2019-08-24 13:09:16,247]: Rose_V : 0.0057
[2019-08-24 13:09:16,247]: Hopp_Woods_N : 0.0057
[2019-08-24 13:09:16,247]: Janin_A : 0.0057
[2019-08-24 13:09:16,247]: S : 0.0057
[2019-08-24 13:09:16,247]: Eisenberg_V : 0.0057
[2019-08-24 13:09:16,247]: Q : 0.0057
[2019-08-24 13:09:16,247]: Engelman_GES_K : 0.0057
[2019-08-24 13:09:16,248]: Eisenberg_W : 0.0057
[2019-08-24 13:09:16,248]: moderate : 0.0057
[2019-08-24 13:09:16,248]: Rose_M : 0.0057
[2019-08-24 13:09:16,248]: Cornette_W : 0.0057
[2019-08-24 13:09:16,248]: Hopp_Woods_H : 0.0057
[2019-08-24 13:09:16,248]: Engelman_GES_Y : 0.0057
[2019-08-24 13:09:16,248]: Janin_L : 0.0056
[2019-08-24 13:09:16,248]: Eisenberg_M : 0.0056
[2019-08-24 13:09:16,248]: aliphatic : 0.0056
[2019-08-24 13:09:16,248]: Kyte_Doolittle_D : 0.0056
[2019-08-24 13:09:16,249]: Engelman_GES_Q : 0.0056
[2019-08-24 13:09:16,249]: Engelman_GES_T : 0.0056
[2019-08-24 13:09:16,249]: V : 0.0056
[2019-08-24 13:09:16,249]: Eisenberg_Q : 0.0056
[2019-08-24 13:09:16,249]: Eisenberg_S : 0.0056
[2019-08-24 13:09:16,249]: Janin_T : 0.0056
[2019-08-24 13:09:16,249]: Eisenberg_T : 0.0056
[2019-08-24 13:09:16,249]: T : 0.0056
[2019-08-24 13:09:16,249]: negativecharge : 0.0056
[2019-08-24 13:09:16,249]: Hopp_Woods_Q : 0.0056
[2019-08-24 13:09:16,249]: Janin_I : 0.0056
[2019-08-24 13:09:16,249]: Kyte_Doolittle_Y : 0.0056
[2019-08-24 13:09:16,250]: Kyte_Doolittle_F : 0.0056
[2019-08-24 13:09:16,250]: Cornette_A : 0.0056
[2019-08-24 13:09:16,250]: uncharge : 0.0056
[2019-08-24 13:09:16,250]: Y : 0.0056
[2019-08-24 13:09:16,250]: polar : 0.0056
[2019-08-24 13:09:16,250]: Kyte_Doolittle_S : 0.0056
[2019-08-24 13:09:16,250]: Hopp_Woods_M : 0.0056
[2019-08-24 13:09:16,250]: Kyte_Doolittle_R : 0.0056
[2019-08-24 13:09:16,251]: Cornette_Q : 0.0056
[2019-08-24 13:09:16,251]: Hopp_Woods_S : 0.0055
[2019-08-24 13:09:16,251]: Rose_D : 0.0055
[2019-08-24 13:09:16,251]: Kyte_Doolittle_E : 0.0055
[2019-08-24 13:09:16,251]: Kyte_Doolittle_M : 0.0055
[2019-08-24 13:09:16,251]: Kyte_Doolittle_G : 0.0055
[2019-08-24 13:09:16,251]: Kyte_Doolittle_Q : 0.0055
[2019-08-24 13:09:16,251]: Cornette_Y : 0.0055
[2019-08-24 13:09:16,251]: Eisenberg_P : 0.0055
[2019-08-24 13:09:16,251]: positve : 0.0055
[2019-08-24 13:09:16,252]: Rose_A : 0.0055
[2019-08-24 13:09:16,252]: Engelman_GES_H : 0.0055
[2019-08-24 13:09:16,252]: Cornette_M : 0.0055
[2019-08-24 13:09:16,252]: Eisenberg_A : 0.0055
[2019-08-24 13:09:16,252]: postivecharge : 0.0055
[2019-08-24 13:09:16,252]: Hopp_Woods_L : 0.0055
[2019-08-24 13:09:16,252]: Eisenberg_H : 0.0055
[2019-08-24 13:09:16,252]: Engelman_GES_V : 0.0055
[2019-08-24 13:09:16,252]: Cornette_L : 0.0055
[2019-08-24 13:09:16,252]: Hopp_Woods_V : 0.0055
[2019-08-24 13:09:16,252]: Janin_K : 0.0055
[2019-08-24 13:09:16,252]: D : 0.0055
[2019-08-24 13:09:16,253]: Eisenberg_L : 0.0055
[2019-08-24 13:09:16,253]: R : 0.0055
[2019-08-24 13:09:16,253]: Hopp_Woods_Y : 0.0055
[2019-08-24 13:09:16,253]: G : 0.0055
[2019-08-24 13:09:16,253]: Engelman_GES_G : 0.0055
[2019-08-24 13:09:16,253]: E : 0.0054
[2019-08-24 13:09:16,253]: Rose_F : 0.0054
[2019-08-24 13:09:16,253]: N : 0.0054
[2019-08-24 13:09:16,253]: Hopp_Woods_C : 0.0054
[2019-08-24 13:09:16,253]: Janin_F : 0.0054
[2019-08-24 13:09:16,253]: hydrophobicity : 0.0054
[2019-08-24 13:09:16,253]: Hopp_Woods_K : 0.0054
[2019-08-24 13:09:16,254]: M : 0.0054
[2019-08-24 13:09:16,254]: Eisenberg_I : 0.0054
[2019-08-24 13:09:16,254]: Janin_E : 0.0054
[2019-08-24 13:09:16,254]: Hopp_Woods_E : 0.0054
[2019-08-24 13:09:16,254]: Engelman_GES_A : 0.0054
[2019-08-24 13:09:16,254]: H : 0.0054
[2019-08-24 13:09:16,254]: Janin_N : 0.0054
[2019-08-24 13:09:16,254]: Janin_M : 0.0054
[2019-08-24 13:09:16,254]: Engelman_GES_M : 0.0053
[2019-08-24 13:09:16,254]: Rose_C : 0.0053
[2019-08-24 13:09:16,255]: Engelman_GES_C : 0.0053
[2019-08-24 13:09:16,255]: neutral : 0.0053
[2019-08-24 13:09:16,255]: Eisenberg_C : 0.0053
[2019-08-24 13:09:16,255]: Rose_N : 0.0053
[2019-08-24 13:09:16,255]: Eisenberg_G : 0.0053
[2019-08-24 13:09:16,255]: W : 0.0053
[2019-08-24 13:09:16,255]: Rose_K : 0.0052
[2019-08-24 13:09:16,255]: Kyte_Doolittle_T : 0.0051
[2019-08-24 13:09:16,255]: Janin_R : 0.0051
[2019-08-24 13:09:16,255]: aromatic.1 : 0.0051
[2019-08-24 13:09:16,255]: negative : 0.0051
[2019-08-24 13:09:16,255]: Hopp_Woods_T : 0.0050
[2019-08-24 13:09:16,256]: Janin_G : 0.0050
[2019-08-24 13:09:16,256]: Janin_S : 0.0050
[2019-08-24 13:09:16,256]: A : 0.0050
[2019-08-24 13:09:16,256]: Engelman_GES_I : 0.0050
[2019-08-24 13:09:16,256]: Rose_E : 0.0050
[2019-08-24 13:09:16,256]: Hopp_Woods_W : 0.0049
[2019-08-24 13:09:16,256]: Cornette_R : 0.0049
[2019-08-24 13:09:16,256]: Cornette_I : 0.0049
[2019-08-24 13:09:16,256]: Eisenberg_E : 0.0049
[2019-08-24 13:09:16,256]: Eisenberg_F : 0.0049
[2019-08-24 13:09:16,257]: Kyte_Doolittle_V : 0.0048
[2019-08-24 13:09:16,257]: Rose_Y : 0.0047
[2019-08-24 13:09:16,257]: L : 0.0047
[2019-08-24 13:09:16,257]: heterocyclics : 0.0047
[2019-08-24 13:09:16,257]: Janin_C : 0.0047
[2019-08-24 13:09:16,257]: acidic_polar : 0.0043
[2019-08-24 13:09:16,257]: Cornette_N : 0.0043
[2019-08-24 13:09:16,257]: Rose_G : 0.0043
[2019-08-24 13:09:16,257]: Hopp_Woods_P : 0.0031
[2019-08-24 13:09:16,257]: Hopp_Woods_G : 0.0031
[2019-08-24 13:09:16,258]: Cornette_G : 0.0030
[2019-08-24 13:09:16,258]: feature_rank end
[2019-08-24 13:09:16,279]: Start dimension reduction ...
[2019-08-24 13:09:24,228]: length=1 f1=0.6957 accuarcy=0.6957 precision=0.6957 recall=0.6957 auc=0.6920 
[2019-08-24 13:09:32,423]: length=21 f1=0.8580 accuarcy=0.8587 precision=0.8592 recall=0.8587 auc=0.8534 
[2019-08-24 13:09:40,537]: length=41 f1=0.8574 accuarcy=0.8587 precision=0.8614 recall=0.8587 auc=0.8510 
[2019-08-24 13:09:48,510]: length=61 f1=0.8580 accuarcy=0.8587 precision=0.8592 recall=0.8587 auc=0.8534 
[2019-08-24 13:09:56,548]: length=81 f1=0.8256 accuarcy=0.8261 precision=0.8259 recall=0.8261 auc=0.8216 
[2019-08-24 13:10:04,565]: length=101 f1=0.8367 accuarcy=0.8370 precision=0.8367 recall=0.8370 auc=0.8338 
[2019-08-24 13:10:12,737]: length=121 f1=0.8580 accuarcy=0.8587 precision=0.8592 recall=0.8587 auc=0.8534 
[2019-08-24 13:10:20,919]: length=141 f1=0.8362 accuarcy=0.8370 precision=0.8372 recall=0.8370 auc=0.8314 
[2019-08-24 13:10:28,837]: length=161 f1=0.8474 accuarcy=0.8478 precision=0.8478 recall=0.8478 auc=0.8436 
[2019-08-24 13:10:36,788]: length=178 f1=0.8468 accuarcy=0.8478 precision=0.8491 recall=0.8478 auc=0.8412 
[2019-08-24 13:10:36,792]: ----------
[2019-08-24 13:10:36,792]: the max acc = 0.8587
[2019-08-24 13:10:36,792]: ['Hopp_Woods_R' 'basic_polar' 'Rose_I' 'Janin_W' 'Janin_P'
 'Kyte_Doolittle_I' 'Cornette_C' 'Cornette_T' 'hydrophily'
 'Kyte_Doolittle_A' 'Cornette_V' 'Engelman_GES_W' 'Janin_D'
 'Engelman_GES_D' 'Eisenberg_R' 'Engelman_GES_S' 'Engelman_GES_E'
 'Engelman_GES_N' 'Rose_S' 'Hopp_Woods_A' 'Hopp_Woods_I'],length = 21
[2019-08-24 13:10:36,793]: -----------
[2019-08-24 13:10:44,877]: ***confusion matrix***
[2019-08-24 13:10:44,877]:                pos_class      neg_class      
[2019-08-24 13:10:44,877]: pos_class      TP:33             FN:8              
[2019-08-24 13:10:44,877]: neg_class      FP:5              TN:46             
[2019-08-24 13:10:44,878]: f1 =0.8580 
[2019-08-24 13:10:44,878]: accuarcy = 0.8587 
[2019-08-24 13:10:44,879]: precision =0.8592 
[2019-08-24 13:10:44,879]: recall =0.8587
[2019-08-24 13:10:44,880]: auc = 0.8534
[2019-08-24 13:10:44,893]: -----------
[2019-08-24 13:10:44,894]: The output by the terminal's log has been saved in the J:\多设备共享\work\MRMD2.0-github\Logs\201908241308.log.
[2019-08-24 13:10:44,894]: metrics have been saved in the J:\多设备共享\work\MRMD2.0-github\Results\meteixa.csv.
[2019-08-24 13:10:44,894]: reduced dimensional dataset has been saved in the J:\多设备共享\work\MRMD2.0-github\Results\rd.csv.
[2019-08-24 13:10:44,894]: ---mrmd 2.0 end---
