[2019-08-24 12:45:29,569]: ---mrmd 2.0 start----
[2019-08-24 12:45:29,581]: ANOVA start...
[2019-08-24 12:45:29,594]: ANOVA end.
[2019-08-24 12:45:29,594]: mic start...
[2019-08-24 12:45:38,905]: mic end.
[2019-08-24 12:45:38,905]: mrmd start...
[2019-08-24 12:45:39,155]: mrmd end.
[2019-08-24 12:45:39,156]: mRMR start...
[2019-08-24 12:45:49,828]: mRMR end.
[2019-08-24 12:45:49,828]: lasso start...
[2019-08-24 12:45:49,863]: lasso end.
[2019-08-24 12:45:49,863]: chi2 start...
[2019-08-24 12:45:49,889]: chi2 end.
[2019-08-24 12:45:49,889]: ref start...
[2019-08-24 12:45:51,143]: ref end.
[2019-08-24 12:45:51,160]: rank start ...
[2019-08-24 12:45:51,173]: The final  rank is
[2019-08-24 12:45:51,173]: Hopp_Woods_R : 0.0071
[2019-08-24 12:45:51,173]: basic_polar : 0.0070
[2019-08-24 12:45:51,173]: Cornette_C : 0.0067
[2019-08-24 12:45:51,173]: Rose_I : 0.0067
[2019-08-24 12:45:51,173]: Janin_W : 0.0067
[2019-08-24 12:45:51,173]: Janin_P : 0.0067
[2019-08-24 12:45:51,173]: Kyte_Doolittle_I : 0.0066
[2019-08-24 12:45:51,174]: hydrophily : 0.0066
[2019-08-24 12:45:51,174]: Cornette_T : 0.0066
[2019-08-24 12:45:51,174]: Kyte_Doolittle_A : 0.0065
[2019-08-24 12:45:51,174]: Cornette_V : 0.0065
[2019-08-24 12:45:51,174]: Engelman_GES_W : 0.0065
[2019-08-24 12:45:51,174]: Janin_D : 0.0065
[2019-08-24 12:45:51,174]: Engelman_GES_D : 0.0065
[2019-08-24 12:45:51,174]: Eisenberg_R : 0.0064
[2019-08-24 12:45:51,174]: Engelman_GES_S : 0.0064
[2019-08-24 12:45:51,175]: Engelman_GES_E : 0.0064
[2019-08-24 12:45:51,175]: Hopp_Woods_D : 0.0064
[2019-08-24 12:45:51,175]: Engelman_GES_N : 0.0064
[2019-08-24 12:45:51,175]: Rose_S : 0.0063
[2019-08-24 12:45:51,175]: Hopp_Woods_I : 0.0063
[2019-08-24 12:45:51,175]: Hopp_Woods_A : 0.0063
[2019-08-24 12:45:51,175]: Janin_Q : 0.0062
[2019-08-24 12:45:51,175]: Cornette_K : 0.0062
[2019-08-24 12:45:51,175]: Cornette_F : 0.0062
[2019-08-24 12:45:51,176]: Engelman_GES_R : 0.0062
[2019-08-24 12:45:51,176]: Cornette_P : 0.0062
[2019-08-24 12:45:51,176]: Rose_H : 0.0062
[2019-08-24 12:45:51,176]: Eisenberg_N : 0.0062
[2019-08-24 12:45:51,176]: Cornette_D : 0.0061
[2019-08-24 12:45:51,176]: Engelman_GES_L : 0.0061
[2019-08-24 12:45:51,176]: Cornette_E : 0.0061
[2019-08-24 12:45:51,176]: C : 0.0061
[2019-08-24 12:45:51,176]: Rose_L : 0.0061
[2019-08-24 12:45:51,176]: Kyte_Doolittle_P : 0.0061
[2019-08-24 12:45:51,176]: aromatic : 0.0060
[2019-08-24 12:45:51,176]: Engelman_GES_F : 0.0060
[2019-08-24 12:45:51,177]: Janin_H : 0.0060
[2019-08-24 12:45:51,177]: Rose_Q : 0.0060
[2019-08-24 12:45:51,177]: Kyte_Doolittle_C : 0.0060
[2019-08-24 12:45:51,177]: Kyte_Doolittle_W : 0.0060
[2019-08-24 12:45:51,177]: Janin_V : 0.0059
[2019-08-24 12:45:51,177]: Kyte_Doolittle_H : 0.0059
[2019-08-24 12:45:51,177]: Kyte_Doolittle_K : 0.0059
[2019-08-24 12:45:51,177]: Cornette_H : 0.0059
[2019-08-24 12:45:51,177]: K : 0.0059
[2019-08-24 12:45:51,177]: F : 0.0059
[2019-08-24 12:45:51,177]: Eisenberg_Y : 0.0059
[2019-08-24 12:45:51,177]: Janin_Y : 0.0058
[2019-08-24 12:45:51,178]: Kyte_Doolittle_L : 0.0058
[2019-08-24 12:45:51,178]: Hopp_Woods_F : 0.0058
[2019-08-24 12:45:51,178]: alphatic : 0.0058
[2019-08-24 12:45:51,178]: Rose_R : 0.0058
[2019-08-24 12:45:51,178]: P : 0.0058
[2019-08-24 12:45:51,178]: Rose_T : 0.0058
[2019-08-24 12:45:51,178]: nonpolar : 0.0058
[2019-08-24 12:45:51,178]: Rose_W : 0.0058
[2019-08-24 12:45:51,178]: Eisenberg_D : 0.0058
[2019-08-24 12:45:51,178]: Eisenberg_K : 0.0058
[2019-08-24 12:45:51,178]: I : 0.0058
[2019-08-24 12:45:51,179]: Kyte_Doolittle_N : 0.0058
[2019-08-24 12:45:51,179]: Rose_P : 0.0058
[2019-08-24 12:45:51,179]: Cornette_S : 0.0058
[2019-08-24 12:45:51,179]: Engelman_GES_P : 0.0057
[2019-08-24 12:45:51,179]: Rose_V : 0.0057
[2019-08-24 12:45:51,179]: Janin_A : 0.0057
[2019-08-24 12:45:51,179]: Hopp_Woods_N : 0.0057
[2019-08-24 12:45:51,179]: S : 0.0057
[2019-08-24 12:45:51,179]: Eisenberg_V : 0.0057
[2019-08-24 12:45:51,180]: Engelman_GES_K : 0.0057
[2019-08-24 12:45:51,180]: Q : 0.0057
[2019-08-24 12:45:51,180]: Eisenberg_W : 0.0057
[2019-08-24 12:45:51,180]: moderate : 0.0057
[2019-08-24 12:45:51,180]: Hopp_Woods_H : 0.0057
[2019-08-24 12:45:51,180]: Eisenberg_M : 0.0057
[2019-08-24 12:45:51,180]: Engelman_GES_Y : 0.0057
[2019-08-24 12:45:51,180]: Janin_L : 0.0056
[2019-08-24 12:45:51,180]: Kyte_Doolittle_D : 0.0056
[2019-08-24 12:45:51,180]: Engelman_GES_T : 0.0056
[2019-08-24 12:45:51,180]: Engelman_GES_Q : 0.0056
[2019-08-24 12:45:51,181]: V : 0.0056
[2019-08-24 12:45:51,181]: Eisenberg_Q : 0.0056
[2019-08-24 12:45:51,181]: Janin_T : 0.0056
[2019-08-24 12:45:51,181]: Eisenberg_T : 0.0056
[2019-08-24 12:45:51,181]: aliphatic : 0.0056
[2019-08-24 12:45:51,181]: Eisenberg_S : 0.0056
[2019-08-24 12:45:51,181]: negativecharge : 0.0056
[2019-08-24 12:45:51,181]: Hopp_Woods_Q : 0.0056
[2019-08-24 12:45:51,181]: T : 0.0056
[2019-08-24 12:45:51,181]: Kyte_Doolittle_Y : 0.0056
[2019-08-24 12:45:51,182]: Kyte_Doolittle_F : 0.0056
[2019-08-24 12:45:51,182]: Y : 0.0056
[2019-08-24 12:45:51,182]: Cornette_A : 0.0056
[2019-08-24 12:45:51,182]: uncharge : 0.0056
[2019-08-24 12:45:51,182]: Cornette_W : 0.0056
[2019-08-24 12:45:51,182]: Kyte_Doolittle_R : 0.0056
[2019-08-24 12:45:51,182]: Hopp_Woods_M : 0.0056
[2019-08-24 12:45:51,182]: polar : 0.0056
[2019-08-24 12:45:51,182]: Kyte_Doolittle_E : 0.0056
[2019-08-24 12:45:51,182]: Kyte_Doolittle_S : 0.0056
[2019-08-24 12:45:51,182]: positve : 0.0056
[2019-08-24 12:45:51,183]: Cornette_Q : 0.0056
[2019-08-24 12:45:51,183]: Cornette_Y : 0.0056
[2019-08-24 12:45:51,183]: Janin_I : 0.0055
[2019-08-24 12:45:51,183]: Rose_D : 0.0055
[2019-08-24 12:45:51,183]: Hopp_Woods_S : 0.0055
[2019-08-24 12:45:51,183]: Eisenberg_P : 0.0055
[2019-08-24 12:45:51,183]: Rose_A : 0.0055
[2019-08-24 12:45:51,183]: Engelman_GES_H : 0.0055
[2019-08-24 12:45:51,183]: Eisenberg_A : 0.0055
[2019-08-24 12:45:51,183]: Kyte_Doolittle_M : 0.0055
[2019-08-24 12:45:51,183]: Kyte_Doolittle_G : 0.0055
[2019-08-24 12:45:51,184]: Kyte_Doolittle_Q : 0.0055
[2019-08-24 12:45:51,184]: Eisenberg_H : 0.0055
[2019-08-24 12:45:51,184]: postivecharge : 0.0055
[2019-08-24 12:45:51,184]: Hopp_Woods_V : 0.0055
[2019-08-24 12:45:51,184]: Engelman_GES_V : 0.0055
[2019-08-24 12:45:51,184]: Cornette_L : 0.0055
[2019-08-24 12:45:51,184]: H : 0.0055
[2019-08-24 12:45:51,184]: Cornette_M : 0.0055
[2019-08-24 12:45:51,184]: Janin_K : 0.0055
[2019-08-24 12:45:51,184]: D : 0.0055
[2019-08-24 12:45:51,184]: Hopp_Woods_L : 0.0055
[2019-08-24 12:45:51,185]: Eisenberg_L : 0.0055
[2019-08-24 12:45:51,185]: R : 0.0055
[2019-08-24 12:45:51,185]: Hopp_Woods_Y : 0.0055
[2019-08-24 12:45:51,185]: G : 0.0055
[2019-08-24 12:45:51,185]: Janin_M : 0.0054
[2019-08-24 12:45:51,185]: E : 0.0054
[2019-08-24 12:45:51,185]: Rose_F : 0.0054
[2019-08-24 12:45:51,185]: Hopp_Woods_C : 0.0054
[2019-08-24 12:45:51,185]: N : 0.0054
[2019-08-24 12:45:51,185]: Rose_M : 0.0054
[2019-08-24 12:45:51,185]: Janin_F : 0.0054
[2019-08-24 12:45:51,186]: Hopp_Woods_K : 0.0054
[2019-08-24 12:45:51,186]: Eisenberg_I : 0.0054
[2019-08-24 12:45:51,186]: Janin_E : 0.0054
[2019-08-24 12:45:51,186]: M : 0.0054
[2019-08-24 12:45:51,186]: Janin_N : 0.0054
[2019-08-24 12:45:51,186]: Hopp_Woods_E : 0.0054
[2019-08-24 12:45:51,186]: Engelman_GES_A : 0.0054
[2019-08-24 12:45:51,186]: hydrophobicity : 0.0054
[2019-08-24 12:45:51,187]: Engelman_GES_G : 0.0054
[2019-08-24 12:45:51,187]: Eisenberg_G : 0.0053
[2019-08-24 12:45:51,187]: Engelman_GES_M : 0.0053
[2019-08-24 12:45:51,187]: Rose_C : 0.0053
[2019-08-24 12:45:51,187]: Engelman_GES_C : 0.0053
[2019-08-24 12:45:51,187]: Eisenberg_C : 0.0053
[2019-08-24 12:45:51,187]: neutral : 0.0053
[2019-08-24 12:45:51,187]: Rose_N : 0.0053
[2019-08-24 12:45:51,187]: W : 0.0053
[2019-08-24 12:45:51,187]: Rose_K : 0.0053
[2019-08-24 12:45:51,188]: Kyte_Doolittle_T : 0.0051
[2019-08-24 12:45:51,188]: Janin_R : 0.0051
[2019-08-24 12:45:51,188]: aromatic.1 : 0.0051
[2019-08-24 12:45:51,188]: negative : 0.0051
[2019-08-24 12:45:51,188]: Hopp_Woods_T : 0.0050
[2019-08-24 12:45:51,188]: Janin_G : 0.0050
[2019-08-24 12:45:51,188]: Janin_S : 0.0050
[2019-08-24 12:45:51,188]: Rose_E : 0.0050
[2019-08-24 12:45:51,188]: A : 0.0050
[2019-08-24 12:45:51,188]: Engelman_GES_I : 0.0050
[2019-08-24 12:45:51,189]: Hopp_Woods_W : 0.0049
[2019-08-24 12:45:51,189]: Cornette_R : 0.0049
[2019-08-24 12:45:51,189]: Cornette_I : 0.0049
[2019-08-24 12:45:51,189]: Eisenberg_E : 0.0049
[2019-08-24 12:45:51,189]: Eisenberg_F : 0.0049
[2019-08-24 12:45:51,189]: Kyte_Doolittle_V : 0.0048
[2019-08-24 12:45:51,189]: Rose_Y : 0.0047
[2019-08-24 12:45:51,189]: L : 0.0047
[2019-08-24 12:45:51,189]: heterocyclics : 0.0047
[2019-08-24 12:45:51,189]: Janin_C : 0.0047
[2019-08-24 12:45:51,190]: acidic_polar : 0.0043
[2019-08-24 12:45:51,190]: Cornette_N : 0.0043
[2019-08-24 12:45:51,190]: Rose_G : 0.0042
[2019-08-24 12:45:51,190]: Cornette_G : 0.0037
[2019-08-24 12:45:51,190]: Hopp_Woods_P : 0.0030
[2019-08-24 12:45:51,190]: Hopp_Woods_G : 0.0026
[2019-08-24 12:45:51,190]: feature_rank end
[2019-08-24 12:45:51,210]: Start dimension reduction ...
[2019-08-24 12:45:58,896]: length=1 f1=0.6957 accuarcy=0.6957 precision=0.6957 recall=0.6957 roc=0.6920 
[2019-08-24 12:46:06,922]: length=2 f1=0.6856 accuarcy=0.6848 precision=0.6878 recall=0.6848 roc=0.6846 
[2019-08-24 12:46:15,350]: length=3 f1=0.7497 accuarcy=0.7500 precision=0.7495 recall=0.7500 roc=0.7458 
[2019-08-24 12:46:23,424]: length=4 f1=0.8474 accuarcy=0.8478 precision=0.8478 recall=0.8478 roc=0.8436 
[2019-08-24 12:46:31,665]: length=5 f1=0.8143 accuarcy=0.8152 precision=0.8152 recall=0.8152 roc=0.8094 
[2019-08-24 12:46:39,608]: length=6 f1=0.8580 accuarcy=0.8587 precision=0.8592 recall=0.8587 roc=0.8534 
[2019-08-24 12:46:47,047]: length=7 f1=0.8799 accuarcy=0.8804 precision=0.8812 recall=0.8804 roc=0.8754 
[2019-08-24 12:46:54,703]: length=8 f1=0.8793 accuarcy=0.8804 precision=0.8837 recall=0.8804 roc=0.8730 
[2019-08-24 12:47:02,778]: length=9 f1=0.8687 accuarcy=0.8696 precision=0.8712 recall=0.8696 roc=0.8632 
[2019-08-24 12:47:10,472]: length=10 f1=0.8585 accuarcy=0.8587 precision=0.8585 recall=0.8587 roc=0.8558 
[2019-08-24 12:47:18,121]: length=11 f1=0.8687 accuarcy=0.8696 precision=0.8712 recall=0.8696 roc=0.8632 
[2019-08-24 12:47:25,678]: length=12 f1=0.8900 accuarcy=0.8913 precision=0.8967 recall=0.8913 roc=0.8828 
[2019-08-24 12:47:33,243]: length=13 f1=0.8900 accuarcy=0.8913 precision=0.8967 recall=0.8913 roc=0.8828 
[2019-08-24 12:47:40,816]: length=14 f1=0.8910 accuarcy=0.8913 precision=0.8915 recall=0.8913 roc=0.8876 
[2019-08-24 12:47:48,731]: length=15 f1=0.9017 accuarcy=0.9022 precision=0.9032 recall=0.9022 roc=0.8974 
[2019-08-24 12:47:56,478]: length=16 f1=0.8910 accuarcy=0.8913 precision=0.8915 recall=0.8913 roc=0.8876 
[2019-08-24 12:48:04,784]: length=17 f1=0.8580 accuarcy=0.8587 precision=0.8592 recall=0.8587 roc=0.8534 
[2019-08-24 12:48:13,409]: length=18 f1=0.8474 accuarcy=0.8478 precision=0.8478 recall=0.8478 roc=0.8436 
[2019-08-24 12:48:21,502]: length=19 f1=0.8585 accuarcy=0.8587 precision=0.8585 recall=0.8587 roc=0.8558 
[2019-08-24 12:48:29,504]: length=20 f1=0.8474 accuarcy=0.8478 precision=0.8478 recall=0.8478 roc=0.8436 
[2019-08-24 12:48:37,580]: length=21 f1=0.8585 accuarcy=0.8587 precision=0.8585 recall=0.8587 roc=0.8558 
[2019-08-24 12:48:45,301]: length=22 f1=0.8692 accuarcy=0.8696 precision=0.8696 recall=0.8696 roc=0.8656 
[2019-08-24 12:48:53,070]: length=23 f1=0.8580 accuarcy=0.8587 precision=0.8592 recall=0.8587 roc=0.8534 
[2019-08-24 12:49:01,230]: length=24 f1=0.8585 accuarcy=0.8587 precision=0.8585 recall=0.8587 roc=0.8558 
[2019-08-24 12:49:09,192]: length=25 f1=0.8696 accuarcy=0.8696 precision=0.8696 recall=0.8696 roc=0.8680 
[2019-08-24 12:49:16,956]: length=26 f1=0.8696 accuarcy=0.8696 precision=0.8696 recall=0.8696 roc=0.8680 
[2019-08-24 12:49:24,717]: length=27 f1=0.8585 accuarcy=0.8587 precision=0.8585 recall=0.8587 roc=0.8558 
[2019-08-24 12:49:32,657]: length=28 f1=0.8362 accuarcy=0.8370 precision=0.8372 recall=0.8370 roc=0.8314 
[2019-08-24 12:49:40,565]: length=29 f1=0.8474 accuarcy=0.8478 precision=0.8478 recall=0.8478 roc=0.8436 
[2019-08-24 12:49:48,478]: length=30 f1=0.8474 accuarcy=0.8478 precision=0.8478 recall=0.8478 roc=0.8436 
[2019-08-24 12:49:56,244]: length=31 f1=0.8588 accuarcy=0.8587 precision=0.8592 recall=0.8587 roc=0.8582 
[2019-08-24 12:50:04,316]: length=32 f1=0.8478 accuarcy=0.8478 precision=0.8478 recall=0.8478 roc=0.8460 
[2019-08-24 12:50:12,421]: length=33 f1=0.8362 accuarcy=0.8370 precision=0.8372 recall=0.8370 roc=0.8314 
[2019-08-24 12:50:20,318]: length=34 f1=0.8474 accuarcy=0.8478 precision=0.8478 recall=0.8478 roc=0.8436 
[2019-08-24 12:50:28,406]: length=35 f1=0.8585 accuarcy=0.8587 precision=0.8585 recall=0.8587 roc=0.8558 
[2019-08-24 12:50:36,290]: length=36 f1=0.8367 accuarcy=0.8370 precision=0.8367 recall=0.8370 roc=0.8338 
[2019-08-24 12:50:44,214]: length=37 f1=0.8478 accuarcy=0.8478 precision=0.8478 recall=0.8478 roc=0.8460 
[2019-08-24 12:50:52,150]: length=38 f1=0.8696 accuarcy=0.8696 precision=0.8696 recall=0.8696 roc=0.8680 
[2019-08-24 12:50:59,980]: length=39 f1=0.8799 accuarcy=0.8804 precision=0.8812 recall=0.8804 roc=0.8754 
[2019-08-24 12:51:08,191]: length=40 f1=0.8580 accuarcy=0.8587 precision=0.8592 recall=0.8587 roc=0.8534 
[2019-08-24 12:51:15,900]: length=41 f1=0.8574 accuarcy=0.8587 precision=0.8614 recall=0.8587 roc=0.8510 
[2019-08-24 12:51:23,751]: length=42 f1=0.8474 accuarcy=0.8478 precision=0.8478 recall=0.8478 roc=0.8436 
[2019-08-24 12:51:31,522]: length=43 f1=0.8249 accuarcy=0.8261 precision=0.8269 recall=0.8261 roc=0.8192 
[2019-08-24 12:51:39,136]: length=44 f1=0.8460 accuarcy=0.8478 precision=0.8518 recall=0.8478 roc=0.8388 
[2019-08-24 12:51:47,107]: length=45 f1=0.8687 accuarcy=0.8696 precision=0.8712 recall=0.8696 roc=0.8632 
[2019-08-24 12:51:54,951]: length=46 f1=0.8580 accuarcy=0.8587 precision=0.8592 recall=0.8587 roc=0.8534 
[2019-08-24 12:52:03,030]: length=47 f1=0.8692 accuarcy=0.8696 precision=0.8696 recall=0.8696 roc=0.8656 
[2019-08-24 12:52:11,904]: length=48 f1=0.8574 accuarcy=0.8587 precision=0.8614 recall=0.8587 roc=0.8510 
[2019-08-24 12:52:21,690]: length=49 f1=0.8580 accuarcy=0.8587 precision=0.8592 recall=0.8587 roc=0.8534 
[2019-08-24 12:52:30,383]: length=50 f1=0.8793 accuarcy=0.8804 precision=0.8837 recall=0.8804 roc=0.8730 
[2019-08-24 12:52:38,981]: length=51 f1=0.8474 accuarcy=0.8478 precision=0.8478 recall=0.8478 roc=0.8436 
[2019-08-24 12:52:47,131]: length=52 f1=0.8478 accuarcy=0.8478 precision=0.8478 recall=0.8478 roc=0.8460 
[2019-08-24 12:52:55,192]: length=53 f1=0.8468 accuarcy=0.8478 precision=0.8491 recall=0.8478 roc=0.8412 
[2019-08-24 12:53:03,280]: length=54 f1=0.8362 accuarcy=0.8370 precision=0.8372 recall=0.8370 roc=0.8314 
[2019-08-24 12:53:11,666]: length=55 f1=0.8362 accuarcy=0.8370 precision=0.8372 recall=0.8370 roc=0.8314 
[2019-08-24 12:53:19,567]: length=56 f1=0.8580 accuarcy=0.8587 precision=0.8592 recall=0.8587 roc=0.8534 
[2019-08-24 12:53:27,682]: length=57 f1=0.8362 accuarcy=0.8370 precision=0.8372 recall=0.8370 roc=0.8314 
[2019-08-24 12:53:37,030]: length=58 f1=0.8580 accuarcy=0.8587 precision=0.8592 recall=0.8587 roc=0.8534 
[2019-08-24 12:53:45,983]: length=59 f1=0.8680 accuarcy=0.8696 precision=0.8743 recall=0.8696 roc=0.8608 
[2019-08-24 12:53:53,994]: length=60 f1=0.8580 accuarcy=0.8587 precision=0.8592 recall=0.8587 roc=0.8534 
[2019-08-24 12:54:02,269]: length=61 f1=0.8687 accuarcy=0.8696 precision=0.8712 recall=0.8696 roc=0.8632 
[2019-08-24 12:54:10,876]: length=62 f1=0.8687 accuarcy=0.8696 precision=0.8712 recall=0.8696 roc=0.8632 
[2019-08-24 12:54:19,672]: length=63 f1=0.8468 accuarcy=0.8478 precision=0.8491 recall=0.8478 roc=0.8412 
[2019-08-24 12:54:28,982]: length=64 f1=0.8680 accuarcy=0.8696 precision=0.8743 recall=0.8696 roc=0.8608 
[2019-08-24 12:54:37,374]: length=65 f1=0.8580 accuarcy=0.8587 precision=0.8592 recall=0.8587 roc=0.8534 
[2019-08-24 12:54:45,806]: length=66 f1=0.8687 accuarcy=0.8696 precision=0.8712 recall=0.8696 roc=0.8632 
[2019-08-24 12:54:55,147]: length=67 f1=0.8793 accuarcy=0.8804 precision=0.8837 recall=0.8804 roc=0.8730 
[2019-08-24 12:55:03,090]: length=68 f1=0.8362 accuarcy=0.8370 precision=0.8372 recall=0.8370 roc=0.8314 
[2019-08-24 12:55:12,335]: length=69 f1=0.8580 accuarcy=0.8587 precision=0.8592 recall=0.8587 roc=0.8534 
[2019-08-24 12:55:21,298]: length=70 f1=0.8680 accuarcy=0.8696 precision=0.8743 recall=0.8696 roc=0.8608 
[2019-08-24 12:55:29,418]: length=71 f1=0.8580 accuarcy=0.8587 precision=0.8592 recall=0.8587 roc=0.8534 
[2019-08-24 12:55:38,146]: length=72 f1=0.8580 accuarcy=0.8587 precision=0.8592 recall=0.8587 roc=0.8534 
[2019-08-24 12:55:46,266]: length=73 f1=0.8687 accuarcy=0.8696 precision=0.8712 recall=0.8696 roc=0.8632 
[2019-08-24 12:55:54,780]: length=74 f1=0.8574 accuarcy=0.8587 precision=0.8614 recall=0.8587 roc=0.8510 
[2019-08-24 12:56:03,872]: length=75 f1=0.8355 accuarcy=0.8370 precision=0.8391 recall=0.8370 roc=0.8290 
[2019-08-24 12:56:12,614]: length=76 f1=0.8261 accuarcy=0.8261 precision=0.8261 recall=0.8261 roc=0.8240 
[2019-08-24 12:56:20,572]: length=77 f1=0.8687 accuarcy=0.8696 precision=0.8712 recall=0.8696 roc=0.8632 
[2019-08-24 12:56:28,126]: length=78 f1=0.8574 accuarcy=0.8587 precision=0.8614 recall=0.8587 roc=0.8510 
[2019-08-24 12:56:36,438]: length=79 f1=0.8580 accuarcy=0.8587 precision=0.8592 recall=0.8587 roc=0.8534 
[2019-08-24 12:56:44,914]: length=80 f1=0.8468 accuarcy=0.8478 precision=0.8491 recall=0.8478 roc=0.8412 
[2019-08-24 12:56:53,871]: length=81 f1=0.8474 accuarcy=0.8478 precision=0.8478 recall=0.8478 roc=0.8436 
[2019-08-24 12:57:03,027]: length=82 f1=0.8249 accuarcy=0.8261 precision=0.8269 recall=0.8261 roc=0.8192 
[2019-08-24 12:57:11,369]: length=83 f1=0.8256 accuarcy=0.8261 precision=0.8259 recall=0.8261 roc=0.8216 
[2019-08-24 12:57:19,238]: length=84 f1=0.8468 accuarcy=0.8478 precision=0.8491 recall=0.8478 roc=0.8412 
[2019-08-24 12:57:27,193]: length=85 f1=0.8574 accuarcy=0.8587 precision=0.8614 recall=0.8587 roc=0.8510 
[2019-08-24 12:57:34,982]: length=86 f1=0.8574 accuarcy=0.8587 precision=0.8614 recall=0.8587 roc=0.8510 
[2019-08-24 12:57:42,926]: length=87 f1=0.8580 accuarcy=0.8587 precision=0.8592 recall=0.8587 roc=0.8534 
[2019-08-24 12:57:51,592]: length=88 f1=0.8468 accuarcy=0.8478 precision=0.8491 recall=0.8478 roc=0.8412 
[2019-08-24 12:58:00,583]: length=89 f1=0.8580 accuarcy=0.8587 precision=0.8592 recall=0.8587 roc=0.8534 
[2019-08-24 12:58:08,910]: length=90 f1=0.8580 accuarcy=0.8587 precision=0.8592 recall=0.8587 roc=0.8534 
[2019-08-24 12:58:18,214]: length=91 f1=0.8474 accuarcy=0.8478 precision=0.8478 recall=0.8478 roc=0.8436 
[2019-08-24 12:58:27,646]: length=92 f1=0.8580 accuarcy=0.8587 precision=0.8592 recall=0.8587 roc=0.8534 
[2019-08-24 12:58:35,712]: length=93 f1=0.8362 accuarcy=0.8370 precision=0.8372 recall=0.8370 roc=0.8314 
