[2019-08-17 22:41:30,025]: ---mrmd 2.0 start----
[2019-08-17 22:41:30,136]: ANOVA start...
[2019-08-17 22:41:30,495]: ANOVA end.
[2019-08-17 22:41:30,495]: mic start...
[2019-08-17 22:41:35,981]: mic end.
[2019-08-17 22:41:35,981]: mrmd start...
[2019-08-17 22:41:37,369]: mrmd end.
[2019-08-17 22:41:37,370]: mRMR start...
[2019-08-17 23:03:19,504]: mRMR end.
[2019-08-17 23:03:19,504]: lasso start...
[2019-08-17 23:03:19,635]: lasso end.
[2019-08-17 23:03:19,635]: lasso2 start...
[2019-08-17 23:04:47,930]: lasso2 end.
[2019-08-17 23:04:47,934]: rank start ...
[2019-08-17 23:04:47,952]: The final  rank is
[2019-08-17 23:04:48,240]: 74 : 0.0053
[2019-08-17 23:04:48,240]: 87 : 0.0050
[2019-08-17 23:04:48,241]: 53 : 0.0050
[2019-08-17 23:04:48,241]: 0 : 0.0050
[2019-08-17 23:04:48,241]: 172 : 0.0047
[2019-08-17 23:04:48,241]: 156 : 0.0047
[2019-08-17 23:04:48,241]: 6 : 0.0047
[2019-08-17 23:04:48,242]: 205 : 0.0046
[2019-08-17 23:04:48,242]: 168 : 0.0046
[2019-08-17 23:04:48,242]: 200 : 0.0046
[2019-08-17 23:04:48,242]: 59 : 0.0045
[2019-08-17 23:04:48,242]: 69 : 0.0045
[2019-08-17 23:04:48,243]: 19 : 0.0045
[2019-08-17 23:04:48,243]: 115 : 0.0045
[2019-08-17 23:04:48,243]: 246 : 0.0045
[2019-08-17 23:04:48,243]: 1 : 0.0045
[2019-08-17 23:04:48,244]: 226 : 0.0045
[2019-08-17 23:04:48,244]: 169 : 0.0045
[2019-08-17 23:04:48,244]: 76 : 0.0045
[2019-08-17 23:04:48,244]: 111 : 0.0045
[2019-08-17 23:04:48,245]: 25 : 0.0044
[2019-08-17 23:04:48,245]: 224 : 0.0044
[2019-08-17 23:04:48,245]: 4 : 0.0044
[2019-08-17 23:04:48,246]: 126 : 0.0044
[2019-08-17 23:04:48,246]: 93 : 0.0044
[2019-08-17 23:04:48,246]: 97 : 0.0044
[2019-08-17 23:04:48,247]: 105 : 0.0044
[2019-08-17 23:04:48,247]: 176 : 0.0044
[2019-08-17 23:04:48,247]: 60 : 0.0044
[2019-08-17 23:04:48,247]: 239 : 0.0044
[2019-08-17 23:04:48,247]: 157 : 0.0044
[2019-08-17 23:04:48,248]: 12 : 0.0044
[2019-08-17 23:04:48,248]: 34 : 0.0044
[2019-08-17 23:04:48,248]: 15 : 0.0044
[2019-08-17 23:04:48,248]: 177 : 0.0044
[2019-08-17 23:04:48,249]: 199 : 0.0044
[2019-08-17 23:04:48,249]: 181 : 0.0044
[2019-08-17 23:04:48,249]: 174 : 0.0044
[2019-08-17 23:04:48,249]: 32 : 0.0044
[2019-08-17 23:04:48,249]: 145 : 0.0044
[2019-08-17 23:04:48,250]: 247 : 0.0044
[2019-08-17 23:04:48,250]: 42 : 0.0044
[2019-08-17 23:04:48,250]: 61 : 0.0044
[2019-08-17 23:04:48,250]: 244 : 0.0044
[2019-08-17 23:04:48,250]: 161 : 0.0044
[2019-08-17 23:04:48,251]: 248 : 0.0044
[2019-08-17 23:04:48,251]: 80 : 0.0044
[2019-08-17 23:04:48,251]: 225 : 0.0044
[2019-08-17 23:04:48,251]: 165 : 0.0044
[2019-08-17 23:04:48,251]: 164 : 0.0044
[2019-08-17 23:04:48,251]: 242 : 0.0044
[2019-08-17 23:04:48,252]: 9 : 0.0044
[2019-08-17 23:04:48,252]: 188 : 0.0044
[2019-08-17 23:04:48,252]: 120 : 0.0043
[2019-08-17 23:04:48,252]: 140 : 0.0043
[2019-08-17 23:04:48,252]: 68 : 0.0043
[2019-08-17 23:04:48,253]: 194 : 0.0043
[2019-08-17 23:04:48,253]: 211 : 0.0043
[2019-08-17 23:04:48,253]: 133 : 0.0043
[2019-08-17 23:04:48,253]: 189 : 0.0043
[2019-08-17 23:04:48,253]: 218 : 0.0043
[2019-08-17 23:04:48,253]: 3 : 0.0043
[2019-08-17 23:04:48,254]: 48 : 0.0043
[2019-08-17 23:04:48,254]: 41 : 0.0043
[2019-08-17 23:04:48,254]: 104 : 0.0043
[2019-08-17 23:04:48,254]: 37 : 0.0043
[2019-08-17 23:04:48,254]: 217 : 0.0043
[2019-08-17 23:04:48,254]: 66 : 0.0043
[2019-08-17 23:04:48,254]: 106 : 0.0043
[2019-08-17 23:04:48,255]: 146 : 0.0043
[2019-08-17 23:04:48,255]: 22 : 0.0043
[2019-08-17 23:04:48,255]: 5 : 0.0043
[2019-08-17 23:04:48,255]: 127 : 0.0043
[2019-08-17 23:04:48,255]: 101 : 0.0043
[2019-08-17 23:04:48,256]: 245 : 0.0043
[2019-08-17 23:04:48,256]: 210 : 0.0043
[2019-08-17 23:04:48,256]: 154 : 0.0043
[2019-08-17 23:04:48,256]: 81 : 0.0043
[2019-08-17 23:04:48,256]: 43 : 0.0043
[2019-08-17 23:04:48,257]: 56 : 0.0043
[2019-08-17 23:04:48,257]: 113 : 0.0043
[2019-08-17 23:04:48,257]: 2 : 0.0042
[2019-08-17 23:04:48,257]: 162 : 0.0042
[2019-08-17 23:04:48,257]: 14 : 0.0042
[2019-08-17 23:04:48,257]: 109 : 0.0042
[2019-08-17 23:04:48,258]: 73 : 0.0042
[2019-08-17 23:04:48,258]: 10 : 0.0042
[2019-08-17 23:04:48,258]: 173 : 0.0042
[2019-08-17 23:04:48,258]: 67 : 0.0042
[2019-08-17 23:04:48,258]: 153 : 0.0042
[2019-08-17 23:04:48,258]: 253 : 0.0042
[2019-08-17 23:04:48,258]: 30 : 0.0042
[2019-08-17 23:04:48,259]: 51 : 0.0042
[2019-08-17 23:04:48,259]: 130 : 0.0042
[2019-08-17 23:04:48,259]: 114 : 0.0041
[2019-08-17 23:04:48,259]: 36 : 0.0041
[2019-08-17 23:04:48,259]: 40 : 0.0041
[2019-08-17 23:04:48,259]: 99 : 0.0041
[2019-08-17 23:04:48,260]: 85 : 0.0041
[2019-08-17 23:04:48,260]: 184 : 0.0041
[2019-08-17 23:04:48,260]: 79 : 0.0041
[2019-08-17 23:04:48,260]: 232 : 0.0039
[2019-08-17 23:04:48,260]: 222 : 0.0039
[2019-08-17 23:04:48,260]: 137 : 0.0039
[2019-08-17 23:04:48,260]: 33 : 0.0039
[2019-08-17 23:04:48,261]: 17 : 0.0039
[2019-08-17 23:04:48,261]: 152 : 0.0039
[2019-08-17 23:04:48,261]: 95 : 0.0039
[2019-08-17 23:04:48,261]: 204 : 0.0039
[2019-08-17 23:04:48,261]: 185 : 0.0039
[2019-08-17 23:04:48,261]: 147 : 0.0039
[2019-08-17 23:04:48,261]: 144 : 0.0038
[2019-08-17 23:04:48,261]: 212 : 0.0038
[2019-08-17 23:04:48,262]: 52 : 0.0038
[2019-08-17 23:04:48,262]: 18 : 0.0038
[2019-08-17 23:04:48,262]: 27 : 0.0038
[2019-08-17 23:04:48,262]: 29 : 0.0038
[2019-08-17 23:04:48,262]: 63 : 0.0038
[2019-08-17 23:04:48,262]: 143 : 0.0038
[2019-08-17 23:04:48,263]: 7 : 0.0038
[2019-08-17 23:04:48,263]: 230 : 0.0038
[2019-08-17 23:04:48,263]: 90 : 0.0037
[2019-08-17 23:04:48,263]: 112 : 0.0037
[2019-08-17 23:04:48,263]: 108 : 0.0037
[2019-08-17 23:04:48,263]: 88 : 0.0037
[2019-08-17 23:04:48,263]: 75 : 0.0037
[2019-08-17 23:04:48,263]: 220 : 0.0037
[2019-08-17 23:04:48,264]: 49 : 0.0037
[2019-08-17 23:04:48,264]: 238 : 0.0037
[2019-08-17 23:04:48,264]: 142 : 0.0037
[2019-08-17 23:04:48,264]: 65 : 0.0037
[2019-08-17 23:04:48,264]: 124 : 0.0037
[2019-08-17 23:04:48,264]: 96 : 0.0037
[2019-08-17 23:04:48,264]: 20 : 0.0037
[2019-08-17 23:04:48,264]: 71 : 0.0037
[2019-08-17 23:04:48,264]: 98 : 0.0037
[2019-08-17 23:04:48,264]: 201 : 0.0037
[2019-08-17 23:04:48,265]: 193 : 0.0037
[2019-08-17 23:04:48,265]: 46 : 0.0037
[2019-08-17 23:04:48,265]: 166 : 0.0037
[2019-08-17 23:04:48,265]: 35 : 0.0037
[2019-08-17 23:04:48,265]: 158 : 0.0037
[2019-08-17 23:04:48,265]: 179 : 0.0037
[2019-08-17 23:04:48,266]: 38 : 0.0037
[2019-08-17 23:04:48,266]: 91 : 0.0037
[2019-08-17 23:04:48,266]: 132 : 0.0037
[2019-08-17 23:04:48,266]: 110 : 0.0037
[2019-08-17 23:04:48,266]: 77 : 0.0037
[2019-08-17 23:04:48,266]: 57 : 0.0037
[2019-08-17 23:04:48,266]: 229 : 0.0037
[2019-08-17 23:04:48,266]: 135 : 0.0037
[2019-08-17 23:04:48,266]: 47 : 0.0037
[2019-08-17 23:04:48,266]: 116 : 0.0037
[2019-08-17 23:04:48,266]: 254 : 0.0037
[2019-08-17 23:04:48,266]: 251 : 0.0037
[2019-08-17 23:04:48,267]: 121 : 0.0037
[2019-08-17 23:04:48,267]: 82 : 0.0037
[2019-08-17 23:04:48,267]: 128 : 0.0037
[2019-08-17 23:04:48,267]: 122 : 0.0037
[2019-08-17 23:04:48,267]: 228 : 0.0037
[2019-08-17 23:04:48,267]: 92 : 0.0037
[2019-08-17 23:04:48,267]: 183 : 0.0037
[2019-08-17 23:04:48,267]: 206 : 0.0037
[2019-08-17 23:04:48,267]: 234 : 0.0037
[2019-08-17 23:04:48,267]: 103 : 0.0036
[2019-08-17 23:04:48,267]: 94 : 0.0036
[2019-08-17 23:04:48,267]: 50 : 0.0036
[2019-08-17 23:04:48,267]: 31 : 0.0036
[2019-08-17 23:04:48,268]: 89 : 0.0036
[2019-08-17 23:04:48,268]: 231 : 0.0036
[2019-08-17 23:04:48,268]: 155 : 0.0036
[2019-08-17 23:04:48,268]: 117 : 0.0036
[2019-08-17 23:04:48,268]: 186 : 0.0036
[2019-08-17 23:04:48,268]: 197 : 0.0036
[2019-08-17 23:04:48,268]: 107 : 0.0036
[2019-08-17 23:04:48,268]: 102 : 0.0036
[2019-08-17 23:04:48,268]: 23 : 0.0036
[2019-08-17 23:04:48,268]: 150 : 0.0036
[2019-08-17 23:04:48,268]: 28 : 0.0036
[2019-08-17 23:04:48,268]: 24 : 0.0036
[2019-08-17 23:04:48,269]: 249 : 0.0036
[2019-08-17 23:04:48,269]: 178 : 0.0036
[2019-08-17 23:04:48,269]: 54 : 0.0036
[2019-08-17 23:04:48,269]: 187 : 0.0036
[2019-08-17 23:04:48,269]: 8 : 0.0036
[2019-08-17 23:04:48,269]: 129 : 0.0036
[2019-08-17 23:04:48,269]: 118 : 0.0036
[2019-08-17 23:04:48,269]: 163 : 0.0036
[2019-08-17 23:04:48,269]: 209 : 0.0036
[2019-08-17 23:04:48,269]: 175 : 0.0036
[2019-08-17 23:04:48,269]: 250 : 0.0036
[2019-08-17 23:04:48,269]: 203 : 0.0036
[2019-08-17 23:04:48,270]: 182 : 0.0036
[2019-08-17 23:04:48,270]: 208 : 0.0036
[2019-08-17 23:04:48,270]: 170 : 0.0036
[2019-08-17 23:04:48,270]: 84 : 0.0036
[2019-08-17 23:04:48,270]: 62 : 0.0036
[2019-08-17 23:04:48,270]: 26 : 0.0036
[2019-08-17 23:04:48,270]: 136 : 0.0036
[2019-08-17 23:04:48,270]: 243 : 0.0036
[2019-08-17 23:04:48,270]: 213 : 0.0036
[2019-08-17 23:04:48,270]: 180 : 0.0036
[2019-08-17 23:04:48,270]: 125 : 0.0036
[2019-08-17 23:04:48,271]: 16 : 0.0036
[2019-08-17 23:04:48,271]: 139 : 0.0036
[2019-08-17 23:04:48,271]: 45 : 0.0036
[2019-08-17 23:04:48,271]: 202 : 0.0036
[2019-08-17 23:04:48,271]: 131 : 0.0036
[2019-08-17 23:04:48,271]: 223 : 0.0036
[2019-08-17 23:04:48,271]: 160 : 0.0036
[2019-08-17 23:04:48,271]: 241 : 0.0036
[2019-08-17 23:04:48,271]: 72 : 0.0036
[2019-08-17 23:04:48,271]: 216 : 0.0036
[2019-08-17 23:04:48,271]: 198 : 0.0036
[2019-08-17 23:04:48,271]: 149 : 0.0036
[2019-08-17 23:04:48,271]: 78 : 0.0036
[2019-08-17 23:04:48,272]: 171 : 0.0036
[2019-08-17 23:04:48,272]: 215 : 0.0036
[2019-08-17 23:04:48,272]: 214 : 0.0036
[2019-08-17 23:04:48,272]: 86 : 0.0036
[2019-08-17 23:04:48,272]: 141 : 0.0036
[2019-08-17 23:04:48,272]: 55 : 0.0036
[2019-08-17 23:04:48,272]: 64 : 0.0036
[2019-08-17 23:04:48,272]: 134 : 0.0035
[2019-08-17 23:04:48,272]: 11 : 0.0035
[2019-08-17 23:04:48,272]: 190 : 0.0035
[2019-08-17 23:04:48,273]: 233 : 0.0035
[2019-08-17 23:04:48,273]: 58 : 0.0035
[2019-08-17 23:04:48,273]: 44 : 0.0035
[2019-08-17 23:04:48,273]: 13 : 0.0035
[2019-08-17 23:04:48,273]: 196 : 0.0035
[2019-08-17 23:04:48,273]: 100 : 0.0035
[2019-08-17 23:04:48,273]: 151 : 0.0035
[2019-08-17 23:04:48,273]: 240 : 0.0035
[2019-08-17 23:04:48,273]: 236 : 0.0035
[2019-08-17 23:04:48,274]: 123 : 0.0035
[2019-08-17 23:04:48,274]: 138 : 0.0035
[2019-08-17 23:04:48,274]: 227 : 0.0035
[2019-08-17 23:04:48,274]: 221 : 0.0035
[2019-08-17 23:04:48,274]: 83 : 0.0035
[2019-08-17 23:04:48,274]: 70 : 0.0035
[2019-08-17 23:04:48,274]: 167 : 0.0034
[2019-08-17 23:04:48,274]: 191 : 0.0034
[2019-08-17 23:04:48,274]: 207 : 0.0034
[2019-08-17 23:04:48,274]: 195 : 0.0034
[2019-08-17 23:04:48,274]: 119 : 0.0033
[2019-08-17 23:04:48,274]: 235 : 0.0031
[2019-08-17 23:04:48,275]: 219 : 0.0031
[2019-08-17 23:04:48,275]: 252 : 0.0031
[2019-08-17 23:04:48,275]: 148 : 0.0031
[2019-08-17 23:04:48,275]: 39 : 0.0031
[2019-08-17 23:04:48,275]: 255 : 0.0031
[2019-08-17 23:04:48,275]: 21 : 0.0030
[2019-08-17 23:04:48,275]: 192 : 0.0030
[2019-08-17 23:04:48,275]: 237 : 0.0027
[2019-08-17 23:04:48,275]: 159 : 0.0021
[2019-08-17 23:04:48,275]: feature_rank end
[2019-08-17 23:04:48,457]: Start dimension reduction ...
[2019-08-17 23:04:52,995]: length=1 f1=0.4706 accuarcy=0.5494 precision=0.6222 recall=0.5494 roc=0.5494 
[2019-08-17 23:04:57,404]: length=2 f1=0.5387 accuarcy=0.5653 precision=0.5850 recall=0.5653 roc=0.5653 
[2019-08-17 23:05:01,868]: length=3 f1=0.5669 accuarcy=0.5756 precision=0.5821 recall=0.5756 roc=0.5756 
[2019-08-17 23:05:06,243]: length=4 f1=0.5890 accuarcy=0.5926 precision=0.5960 recall=0.5926 roc=0.5926 
[2019-08-17 23:05:10,758]: length=5 f1=0.5814 accuarcy=0.5869 precision=0.5918 recall=0.5869 roc=0.5869 
[2019-08-17 23:05:15,649]: length=6 f1=0.5826 accuarcy=0.5898 precision=0.5964 recall=0.5898 roc=0.5898 
[2019-08-17 23:05:20,107]: length=7 f1=0.5653 accuarcy=0.5767 precision=0.5857 recall=0.5767 roc=0.5767 
[2019-08-17 23:05:25,177]: length=8 f1=0.5857 accuarcy=0.5915 precision=0.5968 recall=0.5915 roc=0.5915 
[2019-08-17 23:05:29,593]: length=9 f1=0.5757 accuarcy=0.5795 precision=0.5826 recall=0.5795 roc=0.5795 
[2019-08-17 23:05:34,056]: length=10 f1=0.5668 accuarcy=0.5722 precision=0.5759 recall=0.5722 roc=0.5722 
[2019-08-17 23:05:38,364]: length=11 f1=0.5712 accuarcy=0.5767 precision=0.5808 recall=0.5767 roc=0.5767 
[2019-08-17 23:05:42,871]: length=12 f1=0.5807 accuarcy=0.5830 precision=0.5847 recall=0.5830 roc=0.5830 
[2019-08-17 23:05:47,255]: length=13 f1=0.5821 accuarcy=0.5841 precision=0.5857 recall=0.5841 roc=0.5841 
[2019-08-17 23:05:51,627]: length=14 f1=0.5792 accuarcy=0.5813 precision=0.5829 recall=0.5813 roc=0.5813 
[2019-08-17 23:05:55,961]: length=15 f1=0.5652 accuarcy=0.5659 precision=0.5664 recall=0.5659 roc=0.5659 
[2019-08-17 23:06:00,938]: length=16 f1=0.5768 accuarcy=0.5778 precision=0.5786 recall=0.5778 roc=0.5778 
[2019-08-17 23:06:05,569]: length=17 f1=0.6018 accuarcy=0.6023 precision=0.6028 recall=0.6023 roc=0.6023 
[2019-08-17 23:06:10,357]: length=18 f1=0.6023 accuarcy=0.6028 precision=0.6034 recall=0.6028 roc=0.6028 
[2019-08-17 23:06:14,879]: length=19 f1=0.6016 accuarcy=0.6017 precision=0.6018 recall=0.6017 roc=0.6017 
[2019-08-17 23:06:19,332]: length=20 f1=0.6038 accuarcy=0.6040 precision=0.6042 recall=0.6040 roc=0.6040 
[2019-08-17 23:06:23,807]: length=21 f1=0.5971 accuarcy=0.5972 precision=0.5973 recall=0.5972 roc=0.5972 
[2019-08-17 23:06:28,218]: length=22 f1=0.6057 accuarcy=0.6057 precision=0.6057 recall=0.6057 roc=0.6057 
[2019-08-17 23:06:32,710]: length=23 f1=0.6101 accuarcy=0.6102 precision=0.6103 recall=0.6102 roc=0.6102 
[2019-08-17 23:06:37,572]: length=24 f1=0.6079 accuarcy=0.6080 precision=0.6080 recall=0.6080 roc=0.6080 
[2019-08-17 23:06:42,174]: length=25 f1=0.6250 accuarcy=0.6250 precision=0.6250 recall=0.6250 roc=0.6250 
[2019-08-17 23:06:46,737]: length=26 f1=0.6144 accuarcy=0.6148 precision=0.6152 recall=0.6148 roc=0.6148 
[2019-08-17 23:06:51,191]: length=27 f1=0.6076 accuarcy=0.6080 precision=0.6084 recall=0.6080 roc=0.6080 
[2019-08-17 23:06:55,664]: length=28 f1=0.6043 accuarcy=0.6045 precision=0.6049 recall=0.6045 roc=0.6045 
[2019-08-17 23:07:00,583]: length=29 f1=0.6135 accuarcy=0.6136 precision=0.6138 recall=0.6136 roc=0.6136 
[2019-08-17 23:07:05,692]: length=30 f1=0.6157 accuarcy=0.6159 precision=0.6162 recall=0.6159 roc=0.6159 
[2019-08-17 23:07:10,422]: length=31 f1=0.6237 accuarcy=0.6239 precision=0.6241 recall=0.6239 roc=0.6239 
[2019-08-17 23:07:15,017]: length=32 f1=0.6164 accuarcy=0.6165 precision=0.6166 recall=0.6165 roc=0.6165 
[2019-08-17 23:07:19,889]: length=33 f1=0.6168 accuarcy=0.6170 precision=0.6173 recall=0.6170 roc=0.6170 
[2019-08-17 23:07:24,373]: length=34 f1=0.6242 accuarcy=0.6244 precision=0.6247 recall=0.6244 roc=0.6244 
[2019-08-17 23:07:28,954]: length=35 f1=0.6163 accuarcy=0.6165 precision=0.6167 recall=0.6165 roc=0.6165 
[2019-08-17 23:07:33,518]: length=36 f1=0.6181 accuarcy=0.6182 precision=0.6183 recall=0.6182 roc=0.6182 
[2019-08-17 23:07:38,510]: length=37 f1=0.6238 accuarcy=0.6239 precision=0.6240 recall=0.6239 roc=0.6239 
[2019-08-17 23:07:43,397]: length=38 f1=0.6249 accuarcy=0.6250 precision=0.6252 recall=0.6250 roc=0.6250 
[2019-08-17 23:07:47,962]: length=39 f1=0.6227 accuarcy=0.6227 precision=0.6228 recall=0.6227 roc=0.6227 
[2019-08-17 23:07:52,451]: length=40 f1=0.6385 accuarcy=0.6386 precision=0.6389 recall=0.6386 roc=0.6386 
[2019-08-17 23:07:57,107]: length=41 f1=0.6226 accuarcy=0.6227 precision=0.6229 recall=0.6227 roc=0.6227 
[2019-08-17 23:08:02,083]: length=42 f1=0.6238 accuarcy=0.6239 precision=0.6239 recall=0.6239 roc=0.6239 
[2019-08-17 23:08:06,697]: length=43 f1=0.6306 accuarcy=0.6307 precision=0.6307 recall=0.6307 roc=0.6307 
[2019-08-17 23:08:11,670]: length=44 f1=0.6290 accuarcy=0.6290 precision=0.6290 recall=0.6290 roc=0.6290 
[2019-08-17 23:08:16,237]: length=45 f1=0.6392 accuarcy=0.6392 precision=0.6393 recall=0.6392 roc=0.6392 
[2019-08-17 23:08:21,476]: length=46 f1=0.6341 accuarcy=0.6341 precision=0.6341 recall=0.6341 roc=0.6341 
[2019-08-17 23:08:26,203]: length=47 f1=0.6334 accuarcy=0.6335 precision=0.6336 recall=0.6335 roc=0.6335 
[2019-08-17 23:08:30,816]: length=48 f1=0.6329 accuarcy=0.6330 precision=0.6330 recall=0.6330 roc=0.6330 
[2019-08-17 23:08:35,477]: length=49 f1=0.6382 accuarcy=0.6386 precision=0.6392 recall=0.6386 roc=0.6386 
[2019-08-17 23:08:40,704]: length=50 f1=0.6358 accuarcy=0.6358 precision=0.6358 recall=0.6358 roc=0.6358 
[2019-08-17 23:08:45,338]: length=51 f1=0.6284 accuarcy=0.6284 precision=0.6284 recall=0.6284 roc=0.6284 
[2019-08-17 23:08:50,027]: length=52 f1=0.6437 accuarcy=0.6438 precision=0.6438 recall=0.6438 roc=0.6438 
[2019-08-17 23:08:54,611]: length=53 f1=0.6420 accuarcy=0.6420 precision=0.6421 recall=0.6420 roc=0.6420 
[2019-08-17 23:08:59,214]: length=54 f1=0.6278 accuarcy=0.6278 precision=0.6279 recall=0.6278 roc=0.6278 
[2019-08-17 23:09:04,161]: length=55 f1=0.6347 accuarcy=0.6347 precision=0.6347 recall=0.6347 roc=0.6347 
[2019-08-17 23:09:08,811]: length=56 f1=0.6346 accuarcy=0.6347 precision=0.6348 recall=0.6347 roc=0.6347 
[2019-08-17 23:09:13,372]: length=57 f1=0.6403 accuarcy=0.6403 precision=0.6403 recall=0.6403 roc=0.6403 
[2019-08-17 23:09:18,075]: length=58 f1=0.6187 accuarcy=0.6188 precision=0.6188 recall=0.6188 roc=0.6188 
[2019-08-17 23:09:22,782]: length=59 f1=0.6249 accuarcy=0.6250 precision=0.6251 recall=0.6250 roc=0.6250 
[2019-08-17 23:09:27,914]: length=60 f1=0.6312 accuarcy=0.6312 precision=0.6313 recall=0.6312 roc=0.6312 
[2019-08-17 23:09:32,474]: length=61 f1=0.6329 accuarcy=0.6330 precision=0.6330 recall=0.6330 roc=0.6330 
[2019-08-17 23:09:37,168]: length=62 f1=0.6398 accuarcy=0.6398 precision=0.6398 recall=0.6398 roc=0.6398 
[2019-08-17 23:09:42,112]: length=63 f1=0.6340 accuarcy=0.6341 precision=0.6342 recall=0.6341 roc=0.6341 
[2019-08-17 23:09:46,719]: length=64 f1=0.6375 accuarcy=0.6375 precision=0.6375 recall=0.6375 roc=0.6375 
[2019-08-17 23:09:51,441]: length=65 f1=0.6460 accuarcy=0.6460 precision=0.6460 recall=0.6460 roc=0.6460 
[2019-08-17 23:09:56,155]: length=66 f1=0.6323 accuarcy=0.6324 precision=0.6324 recall=0.6324 roc=0.6324 
[2019-08-17 23:10:00,817]: length=67 f1=0.6341 accuarcy=0.6341 precision=0.6341 recall=0.6341 roc=0.6341 
[2019-08-17 23:10:05,950]: length=68 f1=0.6472 accuarcy=0.6472 precision=0.6472 recall=0.6472 roc=0.6472 
[2019-08-17 23:10:11,033]: length=69 f1=0.6437 accuarcy=0.6438 precision=0.6438 recall=0.6438 roc=0.6437 
[2019-08-17 23:10:15,649]: length=70 f1=0.6329 accuarcy=0.6330 precision=0.6330 recall=0.6330 roc=0.6330 
[2019-08-17 23:10:20,335]: length=71 f1=0.6414 accuarcy=0.6415 precision=0.6417 recall=0.6415 roc=0.6415 
[2019-08-17 23:10:24,944]: length=72 f1=0.6471 accuarcy=0.6472 precision=0.6472 recall=0.6472 roc=0.6472 
[2019-08-17 23:10:29,700]: length=73 f1=0.6420 accuarcy=0.6420 precision=0.6421 recall=0.6420 roc=0.6420 
[2019-08-17 23:10:34,482]: length=74 f1=0.6505 accuarcy=0.6506 precision=0.6506 recall=0.6506 roc=0.6506 
[2019-08-17 23:10:39,096]: length=75 f1=0.6369 accuarcy=0.6369 precision=0.6370 recall=0.6369 roc=0.6369 
[2019-08-17 23:10:44,050]: length=76 f1=0.6483 accuarcy=0.6483 precision=0.6483 recall=0.6483 roc=0.6483 
[2019-08-17 23:10:49,177]: length=77 f1=0.6500 accuarcy=0.6500 precision=0.6500 recall=0.6500 roc=0.6500 
[2019-08-17 23:10:53,908]: length=78 f1=0.6448 accuarcy=0.6449 precision=0.6450 recall=0.6449 roc=0.6449 
[2019-08-17 23:10:58,458]: length=79 f1=0.6551 accuarcy=0.6551 precision=0.6552 recall=0.6551 roc=0.6551 
[2019-08-17 23:11:03,084]: length=80 f1=0.6454 accuarcy=0.6455 precision=0.6455 recall=0.6455 roc=0.6455 
[2019-08-17 23:11:07,860]: length=81 f1=0.6420 accuarcy=0.6420 precision=0.6421 recall=0.6420 roc=0.6420 
[2019-08-17 23:11:12,637]: length=82 f1=0.6460 accuarcy=0.6460 precision=0.6460 recall=0.6460 roc=0.6460 
[2019-08-17 23:11:17,482]: length=83 f1=0.6540 accuarcy=0.6540 precision=0.6540 recall=0.6540 roc=0.6540 
[2019-08-17 23:11:22,271]: length=84 f1=0.6551 accuarcy=0.6551 precision=0.6551 recall=0.6551 roc=0.6551 
[2019-08-17 23:11:27,021]: length=85 f1=0.6636 accuarcy=0.6636 precision=0.6637 recall=0.6636 roc=0.6636 
[2019-08-17 23:11:32,371]: length=86 f1=0.6597 accuarcy=0.6597 precision=0.6597 recall=0.6597 roc=0.6597 
[2019-08-17 23:11:37,019]: length=87 f1=0.6540 accuarcy=0.6540 precision=0.6540 recall=0.6540 roc=0.6540 
[2019-08-17 23:11:41,648]: length=88 f1=0.6567 accuarcy=0.6568 precision=0.6570 recall=0.6568 roc=0.6568 
[2019-08-17 23:11:46,581]: length=89 f1=0.6543 accuarcy=0.6545 precision=0.6550 recall=0.6545 roc=0.6545 
[2019-08-17 23:11:51,420]: length=90 f1=0.6647 accuarcy=0.6648 precision=0.6649 recall=0.6648 roc=0.6648 
[2019-08-17 23:11:56,473]: length=91 f1=0.6454 accuarcy=0.6455 precision=0.6456 recall=0.6455 roc=0.6455 
[2019-08-17 23:12:01,187]: length=92 f1=0.6551 accuarcy=0.6551 precision=0.6551 recall=0.6551 roc=0.6551 
[2019-08-17 23:12:05,957]: length=93 f1=0.6585 accuarcy=0.6585 precision=0.6586 recall=0.6585 roc=0.6585 
[2019-08-17 23:12:10,658]: length=94 f1=0.6477 accuarcy=0.6477 precision=0.6478 recall=0.6477 roc=0.6477 
[2019-08-17 23:12:15,335]: length=95 f1=0.6613 accuarcy=0.6614 precision=0.6614 recall=0.6614 roc=0.6614 
[2019-08-17 23:12:20,095]: length=96 f1=0.6687 accuarcy=0.6687 precision=0.6688 recall=0.6687 roc=0.6687 
[2019-08-17 23:12:24,793]: length=97 f1=0.6681 accuarcy=0.6682 precision=0.6683 recall=0.6682 roc=0.6682 
[2019-08-17 23:12:29,493]: length=98 f1=0.6704 accuarcy=0.6705 precision=0.6705 recall=0.6705 roc=0.6705 
[2019-08-17 23:12:34,480]: length=99 f1=0.6562 accuarcy=0.6562 precision=0.6563 recall=0.6562 roc=0.6563 
[2019-08-17 23:12:39,507]: length=100 f1=0.6505 accuarcy=0.6506 precision=0.6508 recall=0.6506 roc=0.6506 
[2019-08-17 23:12:44,335]: length=101 f1=0.6625 accuarcy=0.6625 precision=0.6625 recall=0.6625 roc=0.6625 
[2019-08-17 23:12:49,282]: length=102 f1=0.6562 accuarcy=0.6562 precision=0.6563 recall=0.6562 roc=0.6562 
[2019-08-17 23:12:54,056]: length=103 f1=0.6551 accuarcy=0.6551 precision=0.6551 recall=0.6551 roc=0.6551 
[2019-08-17 23:12:58,867]: length=104 f1=0.6648 accuarcy=0.6648 precision=0.6648 recall=0.6648 roc=0.6648 
[2019-08-17 23:13:03,568]: length=105 f1=0.6534 accuarcy=0.6534 precision=0.6534 recall=0.6534 roc=0.6534 
[2019-08-17 23:13:08,414]: length=106 f1=0.6568 accuarcy=0.6568 precision=0.6568 recall=0.6568 roc=0.6568 
[2019-08-17 23:13:13,127]: length=107 f1=0.6710 accuarcy=0.6710 precision=0.6711 recall=0.6710 roc=0.6710 
[2019-08-17 23:13:18,259]: length=108 f1=0.6562 accuarcy=0.6562 precision=0.6563 recall=0.6562 roc=0.6563 
[2019-08-17 23:13:22,968]: length=109 f1=0.6608 accuarcy=0.6608 precision=0.6608 recall=0.6608 roc=0.6608 
[2019-08-17 23:13:27,629]: length=110 f1=0.6636 accuarcy=0.6636 precision=0.6637 recall=0.6636 roc=0.6636 
[2019-08-17 23:13:32,846]: length=111 f1=0.6489 accuarcy=0.6489 precision=0.6489 recall=0.6489 roc=0.6489 
[2019-08-17 23:13:37,621]: length=112 f1=0.6511 accuarcy=0.6511 precision=0.6512 recall=0.6511 roc=0.6511 
[2019-08-17 23:13:42,557]: length=113 f1=0.6540 accuarcy=0.6540 precision=0.6540 recall=0.6540 roc=0.6540 
[2019-08-17 23:13:48,112]: length=114 f1=0.6602 accuarcy=0.6602 precision=0.6602 recall=0.6602 roc=0.6602 
[2019-08-17 23:13:53,130]: length=115 f1=0.6648 accuarcy=0.6648 precision=0.6648 recall=0.6648 roc=0.6648 
[2019-08-17 23:13:57,972]: length=116 f1=0.6682 accuarcy=0.6682 precision=0.6682 recall=0.6682 roc=0.6682 
[2019-08-17 23:14:03,496]: length=117 f1=0.6511 accuarcy=0.6511 precision=0.6512 recall=0.6511 roc=0.6511 
[2019-08-17 23:14:08,509]: length=118 f1=0.6619 accuarcy=0.6619 precision=0.6619 recall=0.6619 roc=0.6619 
[2019-08-17 23:14:13,227]: length=119 f1=0.6608 accuarcy=0.6608 precision=0.6608 recall=0.6608 roc=0.6608 
[2019-08-17 23:14:17,892]: length=120 f1=0.6670 accuarcy=0.6670 precision=0.6671 recall=0.6670 roc=0.6670 
[2019-08-17 23:14:22,826]: length=121 f1=0.6653 accuarcy=0.6653 precision=0.6654 recall=0.6653 roc=0.6653 
[2019-08-17 23:14:27,908]: length=122 f1=0.6636 accuarcy=0.6636 precision=0.6637 recall=0.6636 roc=0.6636 
[2019-08-17 23:14:32,650]: length=123 f1=0.6540 accuarcy=0.6540 precision=0.6540 recall=0.6540 roc=0.6540 
[2019-08-17 23:14:37,382]: length=124 f1=0.6608 accuarcy=0.6608 precision=0.6608 recall=0.6608 roc=0.6608 
[2019-08-17 23:14:42,140]: length=125 f1=0.6727 accuarcy=0.6727 precision=0.6728 recall=0.6727 roc=0.6727 
[2019-08-17 23:14:47,252]: length=126 f1=0.6653 accuarcy=0.6653 precision=0.6653 recall=0.6653 roc=0.6653 
[2019-08-17 23:14:52,310]: length=127 f1=0.6580 accuarcy=0.6580 precision=0.6580 recall=0.6580 roc=0.6580 
[2019-08-17 23:14:57,740]: length=128 f1=0.6676 accuarcy=0.6676 precision=0.6677 recall=0.6676 roc=0.6676 
[2019-08-17 23:15:02,580]: length=129 f1=0.6585 accuarcy=0.6585 precision=0.6585 recall=0.6585 roc=0.6585 
[2019-08-17 23:15:07,679]: length=130 f1=0.6511 accuarcy=0.6511 precision=0.6512 recall=0.6511 roc=0.6511 
[2019-08-17 23:15:12,461]: length=131 f1=0.6619 accuarcy=0.6619 precision=0.6620 recall=0.6619 roc=0.6619 
[2019-08-17 23:15:17,264]: length=132 f1=0.6642 accuarcy=0.6642 precision=0.6642 recall=0.6642 roc=0.6642 
[2019-08-17 23:15:21,840]: length=133 f1=0.6540 accuarcy=0.6540 precision=0.6540 recall=0.6540 roc=0.6540 
[2019-08-17 23:15:26,689]: length=134 f1=0.6614 accuarcy=0.6614 precision=0.6614 recall=0.6614 roc=0.6614 
[2019-08-17 23:15:31,903]: length=135 f1=0.6619 accuarcy=0.6619 precision=0.6620 recall=0.6619 roc=0.6619 
[2019-08-17 23:15:36,755]: length=136 f1=0.6551 accuarcy=0.6551 precision=0.6552 recall=0.6551 roc=0.6551 
[2019-08-17 23:15:42,166]: length=137 f1=0.6625 accuarcy=0.6625 precision=0.6625 recall=0.6625 roc=0.6625 
[2019-08-17 23:15:46,988]: length=138 f1=0.6642 accuarcy=0.6642 precision=0.6642 recall=0.6642 roc=0.6642 
[2019-08-17 23:15:52,386]: length=139 f1=0.6432 accuarcy=0.6432 precision=0.6432 recall=0.6432 roc=0.6432 
[2019-08-17 23:15:57,077]: length=140 f1=0.6505 accuarcy=0.6506 precision=0.6508 recall=0.6506 roc=0.6506 
[2019-08-17 23:16:01,898]: length=141 f1=0.6540 accuarcy=0.6540 precision=0.6540 recall=0.6540 roc=0.6540 
[2019-08-17 23:16:06,660]: length=142 f1=0.6369 accuarcy=0.6369 precision=0.6369 recall=0.6369 roc=0.6369 
[2019-08-17 23:16:11,696]: length=143 f1=0.6528 accuarcy=0.6528 precision=0.6529 recall=0.6528 roc=0.6528 
[2019-08-17 23:16:16,535]: length=144 f1=0.6540 accuarcy=0.6540 precision=0.6540 recall=0.6540 roc=0.6540 
[2019-08-17 23:16:21,331]: length=145 f1=0.6597 accuarcy=0.6597 precision=0.6597 recall=0.6597 roc=0.6597 
[2019-08-17 23:16:26,237]: length=146 f1=0.6585 accuarcy=0.6585 precision=0.6586 recall=0.6585 roc=0.6585 
[2019-08-17 23:16:31,027]: length=147 f1=0.6562 accuarcy=0.6562 precision=0.6563 recall=0.6562 roc=0.6562 
[2019-08-17 23:16:36,320]: length=148 f1=0.6659 accuarcy=0.6659 precision=0.6659 recall=0.6659 roc=0.6659 
[2019-08-17 23:16:41,137]: length=149 f1=0.6585 accuarcy=0.6585 precision=0.6585 recall=0.6585 roc=0.6585 
[2019-08-17 23:16:45,956]: length=150 f1=0.6665 accuarcy=0.6665 precision=0.6665 recall=0.6665 roc=0.6665 
[2019-08-17 23:16:50,793]: length=151 f1=0.6557 accuarcy=0.6557 precision=0.6557 recall=0.6557 roc=0.6557 
[2019-08-17 23:16:56,038]: length=152 f1=0.6510 accuarcy=0.6511 precision=0.6514 recall=0.6511 roc=0.6511 
[2019-08-17 23:17:00,888]: length=153 f1=0.6528 accuarcy=0.6528 precision=0.6528 recall=0.6528 roc=0.6528 
[2019-08-17 23:17:05,726]: length=154 f1=0.6568 accuarcy=0.6568 precision=0.6568 recall=0.6568 roc=0.6568 
[2019-08-17 23:17:10,422]: length=155 f1=0.6568 accuarcy=0.6568 precision=0.6568 recall=0.6568 roc=0.6568 
[2019-08-17 23:17:15,260]: length=156 f1=0.6676 accuarcy=0.6676 precision=0.6677 recall=0.6676 roc=0.6676 
[2019-08-17 23:17:20,084]: length=157 f1=0.6602 accuarcy=0.6602 precision=0.6602 recall=0.6602 roc=0.6602 
[2019-08-17 23:17:24,904]: length=158 f1=0.6494 accuarcy=0.6494 precision=0.6495 recall=0.6494 roc=0.6494 
[2019-08-17 23:17:29,846]: length=159 f1=0.6625 accuarcy=0.6625 precision=0.6625 recall=0.6625 roc=0.6625 
[2019-08-17 23:17:34,675]: length=160 f1=0.6693 accuarcy=0.6693 precision=0.6693 recall=0.6693 roc=0.6693 
[2019-08-17 23:17:39,517]: length=161 f1=0.6636 accuarcy=0.6636 precision=0.6638 recall=0.6636 roc=0.6636 
[2019-08-17 23:17:44,281]: length=162 f1=0.6653 accuarcy=0.6653 precision=0.6654 recall=0.6653 roc=0.6653 
[2019-08-17 23:17:48,984]: length=163 f1=0.6494 accuarcy=0.6494 precision=0.6495 recall=0.6494 roc=0.6494 
[2019-08-17 23:17:54,053]: length=164 f1=0.6608 accuarcy=0.6608 precision=0.6608 recall=0.6608 roc=0.6608 
[2019-08-17 23:17:59,078]: length=165 f1=0.6602 accuarcy=0.6602 precision=0.6602 recall=0.6602 roc=0.6602 
[2019-08-17 23:18:04,112]: length=166 f1=0.6629 accuarcy=0.6631 precision=0.6633 recall=0.6631 roc=0.6631 
[2019-08-17 23:18:08,962]: length=167 f1=0.6647 accuarcy=0.6648 precision=0.6649 recall=0.6648 roc=0.6648 
[2019-08-17 23:18:13,804]: length=168 f1=0.6511 accuarcy=0.6511 precision=0.6511 recall=0.6511 roc=0.6511 
[2019-08-17 23:18:18,724]: length=169 f1=0.6642 accuarcy=0.6642 precision=0.6642 recall=0.6642 roc=0.6642 
[2019-08-17 23:18:23,669]: length=170 f1=0.6540 accuarcy=0.6540 precision=0.6540 recall=0.6540 roc=0.6540 
[2019-08-17 23:18:28,586]: length=171 f1=0.6579 accuarcy=0.6580 precision=0.6580 recall=0.6580 roc=0.6580 
[2019-08-17 23:18:33,403]: length=172 f1=0.6590 accuarcy=0.6591 precision=0.6593 recall=0.6591 roc=0.6591 
[2019-08-17 23:18:38,332]: length=173 f1=0.6500 accuarcy=0.6500 precision=0.6500 recall=0.6500 roc=0.6500 
[2019-08-17 23:18:43,479]: length=174 f1=0.6597 accuarcy=0.6597 precision=0.6597 recall=0.6597 roc=0.6597 
[2019-08-17 23:18:48,311]: length=175 f1=0.6596 accuarcy=0.6597 precision=0.6598 recall=0.6597 roc=0.6597 
[2019-08-17 23:18:53,165]: length=176 f1=0.6682 accuarcy=0.6682 precision=0.6682 recall=0.6682 roc=0.6682 
[2019-08-17 23:18:58,295]: length=177 f1=0.6670 accuarcy=0.6670 precision=0.6672 recall=0.6670 roc=0.6670 
[2019-08-17 23:19:03,075]: length=178 f1=0.6568 accuarcy=0.6568 precision=0.6569 recall=0.6568 roc=0.6568 
[2019-08-17 23:19:07,954]: length=179 f1=0.6551 accuarcy=0.6551 precision=0.6551 recall=0.6551 roc=0.6551 
[2019-08-17 23:19:12,983]: length=180 f1=0.6653 accuarcy=0.6653 precision=0.6654 recall=0.6653 roc=0.6653 
[2019-08-17 23:19:17,793]: length=181 f1=0.6494 accuarcy=0.6494 precision=0.6495 recall=0.6494 roc=0.6494 
[2019-08-17 23:19:22,597]: length=182 f1=0.6403 accuarcy=0.6403 precision=0.6403 recall=0.6403 roc=0.6403 
[2019-08-17 23:19:27,387]: length=183 f1=0.6619 accuarcy=0.6619 precision=0.6620 recall=0.6619 roc=0.6619 
[2019-08-17 23:19:32,284]: length=184 f1=0.6619 accuarcy=0.6619 precision=0.6620 recall=0.6619 roc=0.6619 
[2019-08-17 23:19:37,065]: length=185 f1=0.6631 accuarcy=0.6631 precision=0.6631 recall=0.6631 roc=0.6631 
[2019-08-17 23:19:42,168]: length=186 f1=0.6750 accuarcy=0.6750 precision=0.6751 recall=0.6750 roc=0.6750 
[2019-08-17 23:19:47,032]: length=187 f1=0.6591 accuarcy=0.6591 precision=0.6591 recall=0.6591 roc=0.6591 
[2019-08-17 23:19:52,139]: length=188 f1=0.6591 accuarcy=0.6591 precision=0.6591 recall=0.6591 roc=0.6591 
[2019-08-17 23:19:57,441]: length=189 f1=0.6517 accuarcy=0.6517 precision=0.6518 recall=0.6517 roc=0.6517 
[2019-08-17 23:20:02,448]: length=190 f1=0.6557 accuarcy=0.6557 precision=0.6557 recall=0.6557 roc=0.6557 
[2019-08-17 23:20:07,317]: length=191 f1=0.6540 accuarcy=0.6540 precision=0.6540 recall=0.6540 roc=0.6540 
[2019-08-17 23:20:12,324]: length=192 f1=0.6483 accuarcy=0.6483 precision=0.6483 recall=0.6483 roc=0.6483 
[2019-08-17 23:20:17,171]: length=193 f1=0.6676 accuarcy=0.6676 precision=0.6677 recall=0.6676 roc=0.6676 
[2019-08-17 23:20:21,997]: length=194 f1=0.6477 accuarcy=0.6477 precision=0.6478 recall=0.6477 roc=0.6477 
[2019-08-17 23:20:26,849]: length=195 f1=0.6659 accuarcy=0.6659 precision=0.6660 recall=0.6659 roc=0.6659 
[2019-08-17 23:20:31,676]: length=196 f1=0.6562 accuarcy=0.6562 precision=0.6563 recall=0.6562 roc=0.6562 
[2019-08-17 23:20:36,501]: length=197 f1=0.6636 accuarcy=0.6636 precision=0.6637 recall=0.6636 roc=0.6636 
[2019-08-17 23:20:41,662]: length=198 f1=0.6517 accuarcy=0.6517 precision=0.6517 recall=0.6517 roc=0.6517 
[2019-08-17 23:20:46,925]: length=199 f1=0.6505 accuarcy=0.6506 precision=0.6506 recall=0.6506 roc=0.6506 
[2019-08-17 23:20:51,834]: length=200 f1=0.6597 accuarcy=0.6597 precision=0.6597 recall=0.6597 roc=0.6597 
[2019-08-17 23:20:56,673]: length=201 f1=0.6477 accuarcy=0.6477 precision=0.6478 recall=0.6477 roc=0.6477 
[2019-08-17 23:21:02,013]: length=202 f1=0.6579 accuarcy=0.6580 precision=0.6580 recall=0.6580 roc=0.6580 
[2019-08-17 23:21:06,950]: length=203 f1=0.6534 accuarcy=0.6534 precision=0.6534 recall=0.6534 roc=0.6534 
[2019-08-17 23:21:11,905]: length=204 f1=0.6665 accuarcy=0.6665 precision=0.6665 recall=0.6665 roc=0.6665 
[2019-08-17 23:21:16,796]: length=205 f1=0.6408 accuarcy=0.6409 precision=0.6411 recall=0.6409 roc=0.6409 
[2019-08-17 23:21:22,234]: length=206 f1=0.6584 accuarcy=0.6585 precision=0.6588 recall=0.6585 roc=0.6585 
[2019-08-17 23:21:27,136]: length=207 f1=0.6568 accuarcy=0.6568 precision=0.6568 recall=0.6568 roc=0.6568 
[2019-08-17 23:21:31,977]: length=208 f1=0.6465 accuarcy=0.6466 precision=0.6467 recall=0.6466 roc=0.6466 
[2019-08-17 23:21:36,881]: length=209 f1=0.6585 accuarcy=0.6585 precision=0.6585 recall=0.6585 roc=0.6585 
[2019-08-17 23:21:41,738]: length=210 f1=0.6494 accuarcy=0.6494 precision=0.6495 recall=0.6494 roc=0.6494 
[2019-08-17 23:21:46,583]: length=211 f1=0.6426 accuarcy=0.6426 precision=0.6427 recall=0.6426 roc=0.6426 
[2019-08-17 23:21:51,588]: length=212 f1=0.6403 accuarcy=0.6403 precision=0.6403 recall=0.6403 roc=0.6403 
[2019-08-17 23:21:56,708]: length=213 f1=0.6506 accuarcy=0.6506 precision=0.6506 recall=0.6506 roc=0.6506 
[2019-08-17 23:22:01,897]: length=214 f1=0.6528 accuarcy=0.6528 precision=0.6528 recall=0.6528 roc=0.6528 
[2019-08-17 23:22:06,805]: length=215 f1=0.6602 accuarcy=0.6602 precision=0.6602 recall=0.6602 roc=0.6602 
[2019-08-17 23:22:12,012]: length=216 f1=0.6460 accuarcy=0.6460 precision=0.6461 recall=0.6460 roc=0.6460 
[2019-08-17 23:22:16,825]: length=217 f1=0.6585 accuarcy=0.6585 precision=0.6585 recall=0.6585 roc=0.6585 
[2019-08-17 23:22:22,213]: length=218 f1=0.6562 accuarcy=0.6562 precision=0.6563 recall=0.6562 roc=0.6562 
[2019-08-17 23:22:27,623]: length=219 f1=0.6483 accuarcy=0.6483 precision=0.6484 recall=0.6483 roc=0.6483 
[2019-08-17 23:22:32,686]: length=220 f1=0.6551 accuarcy=0.6551 precision=0.6551 recall=0.6551 roc=0.6551 
[2019-08-17 23:22:37,595]: length=221 f1=0.6449 accuarcy=0.6449 precision=0.6449 recall=0.6449 roc=0.6449 
[2019-08-17 23:22:42,425]: length=222 f1=0.6568 accuarcy=0.6568 precision=0.6569 recall=0.6568 roc=0.6568 
[2019-08-17 23:22:47,343]: length=223 f1=0.6488 accuarcy=0.6489 precision=0.6489 recall=0.6489 roc=0.6489 
[2019-08-17 23:22:52,304]: length=224 f1=0.6483 accuarcy=0.6483 precision=0.6483 recall=0.6483 roc=0.6483 
[2019-08-17 23:22:57,248]: length=225 f1=0.6523 accuarcy=0.6523 precision=0.6523 recall=0.6523 roc=0.6523 
[2019-08-17 23:23:02,563]: length=226 f1=0.6619 accuarcy=0.6619 precision=0.6619 recall=0.6619 roc=0.6619 
[2019-08-17 23:23:07,471]: length=227 f1=0.6528 accuarcy=0.6528 precision=0.6529 recall=0.6528 roc=0.6528 
[2019-08-17 23:23:12,430]: length=228 f1=0.6409 accuarcy=0.6409 precision=0.6409 recall=0.6409 roc=0.6409 
[2019-08-17 23:23:17,629]: length=229 f1=0.6432 accuarcy=0.6432 precision=0.6432 recall=0.6432 roc=0.6432 
[2019-08-17 23:23:22,979]: length=230 f1=0.6448 accuarcy=0.6449 precision=0.6450 recall=0.6449 roc=0.6449 
[2019-08-17 23:23:28,019]: length=231 f1=0.6517 accuarcy=0.6517 precision=0.6518 recall=0.6517 roc=0.6517 
[2019-08-17 23:23:33,316]: length=232 f1=0.6517 accuarcy=0.6517 precision=0.6517 recall=0.6517 roc=0.6517 
[2019-08-17 23:23:38,259]: length=233 f1=0.6568 accuarcy=0.6568 precision=0.6569 recall=0.6568 roc=0.6568 
[2019-08-17 23:23:43,273]: length=234 f1=0.6477 accuarcy=0.6477 precision=0.6478 recall=0.6477 roc=0.6477 
[2019-08-17 23:23:48,263]: length=235 f1=0.6557 accuarcy=0.6557 precision=0.6557 recall=0.6557 roc=0.6557 
[2019-08-17 23:23:53,217]: length=236 f1=0.6602 accuarcy=0.6602 precision=0.6602 recall=0.6602 roc=0.6602 
[2019-08-17 23:23:58,145]: length=237 f1=0.6545 accuarcy=0.6545 precision=0.6545 recall=0.6545 roc=0.6545 
[2019-08-17 23:24:03,203]: length=238 f1=0.6642 accuarcy=0.6642 precision=0.6642 recall=0.6642 roc=0.6642 
[2019-08-17 23:24:08,303]: length=239 f1=0.6482 accuarcy=0.6483 precision=0.6484 recall=0.6483 roc=0.6483 
[2019-08-17 23:24:13,202]: length=240 f1=0.6573 accuarcy=0.6574 precision=0.6575 recall=0.6574 roc=0.6574 
[2019-08-17 23:24:18,188]: length=241 f1=0.6403 accuarcy=0.6403 precision=0.6405 recall=0.6403 roc=0.6403 
[2019-08-17 23:24:23,142]: length=242 f1=0.6443 accuarcy=0.6443 precision=0.6444 recall=0.6443 roc=0.6443 
[2019-08-17 23:24:28,277]: length=243 f1=0.6608 accuarcy=0.6608 precision=0.6608 recall=0.6608 roc=0.6608 
[2019-08-17 23:24:33,321]: length=244 f1=0.6488 accuarcy=0.6489 precision=0.6490 recall=0.6489 roc=0.6489 
[2019-08-17 23:24:38,328]: length=245 f1=0.6398 accuarcy=0.6398 precision=0.6398 recall=0.6398 roc=0.6398 
[2019-08-17 23:24:43,396]: length=246 f1=0.6511 accuarcy=0.6511 precision=0.6511 recall=0.6511 roc=0.6511 
[2019-08-17 23:24:48,597]: length=247 f1=0.6483 accuarcy=0.6483 precision=0.6483 recall=0.6483 roc=0.6483 
[2019-08-17 23:24:54,258]: length=248 f1=0.6523 accuarcy=0.6523 precision=0.6523 recall=0.6523 roc=0.6523 
[2019-08-17 23:24:59,389]: length=249 f1=0.6562 accuarcy=0.6562 precision=0.6563 recall=0.6562 roc=0.6562 
[2019-08-17 23:25:04,747]: length=250 f1=0.6420 accuarcy=0.6420 precision=0.6421 recall=0.6420 roc=0.6420 
[2019-08-17 23:25:10,100]: length=251 f1=0.6608 accuarcy=0.6608 precision=0.6608 recall=0.6608 roc=0.6608 
[2019-08-17 23:25:15,257]: length=252 f1=0.6602 accuarcy=0.6602 precision=0.6603 recall=0.6602 roc=0.6602 
[2019-08-17 23:25:20,284]: length=253 f1=0.6477 accuarcy=0.6477 precision=0.6477 recall=0.6477 roc=0.6477 
[2019-08-17 23:25:25,255]: length=254 f1=0.6523 accuarcy=0.6523 precision=0.6523 recall=0.6523 roc=0.6523 
[2019-08-17 23:25:30,200]: length=255 f1=0.6426 accuarcy=0.6426 precision=0.6426 recall=0.6426 roc=0.6426 
[2019-08-17 23:25:35,236]: length=256 f1=0.6471 accuarcy=0.6472 precision=0.6472 recall=0.6472 roc=0.6472 
[2019-08-17 23:25:35,237]: ----------
[2019-08-17 23:25:35,237]: the max f1 = 0.6750
[2019-08-17 23:25:35,237]: ['74' '87' '53' '0' '172' '156' '6' '205' '168' '200' '59' '69' '19' '115'
 '246' '1' '226' '169' '76' '111' '25' '224' '4' '126' '93' '97' '105'
 '176' '60' '239' '157' '12' '34' '15' '177' '199' '181' '174' '32' '145'
 '247' '42' '61' '244' '161' '248' '80' '225' '165' '164' '242' '9' '188'
 '120' '140' '68' '194' '211' '133' '189' '218' '3' '48' '41' '104' '37'
 '217' '66' '106' '146' '22' '5' '127' '101' '245' '210' '154' '81' '43'
 '56' '113' '2' '162' '14' '109' '73' '10' '173' '67' '153' '253' '30'
 '51' '130' '114' '36' '40' '99' '85' '184' '79' '232' '222' '137' '33'
 '17' '152' '95' '204' '185' '147' '144' '212' '52' '18' '27' '29' '63'
 '143' '7' '230' '90' '112' '108' '88' '75' '220' '49' '238' '142' '65'
 '124' '96' '20' '71' '98' '201' '193' '46' '166' '35' '158' '179' '38'
 '91' '132' '110' '77' '57' '229' '135' '47' '116' '254' '251' '121' '82'
 '128' '122' '228' '92' '183' '206' '234' '103' '94' '50' '31' '89' '231'
 '155' '117' '186' '197' '107' '102' '23' '150' '28' '24' '249' '178' '54'
 '187' '8' '129'],length = 186
[2019-08-17 23:25:35,237]: -----------
[2019-08-17 23:25:40,183]: ***confusion matrix***
[2019-08-17 23:25:40,184]:                pos_class      neg_class      
[2019-08-17 23:25:40,184]: pos_class      TP:603            FN:277            
[2019-08-17 23:25:40,184]: neg_class      FP:295            TN:585            
[2019-08-17 23:25:40,185]: f1 =0.6750 
[2019-08-17 23:25:40,185]: accuarcy = 0.6750 
[2019-08-17 23:25:40,187]: precision =0.6751 
[2019-08-17 23:25:40,187]: recall =0.6750
[2019-08-17 23:25:40,188]: roc area = 0.6750
[2019-08-17 23:25:40,461]: -----------
[2019-08-17 23:25:40,461]: The output by the terminal's log has been saved in the J:\多设备共享\work\MRMD2.0-github\Logs\201908172241.log.
[2019-08-17 23:25:40,462]: metrics have been saved in the J:\多设备共享\work\MRMD2.0-github\Results\meteixa.csv.
[2019-08-17 23:25:40,462]: reduced dimensional dataset has been saved in the J:\多设备共享\work\MRMD2.0-github\Results\rd.csv.
[2019-08-17 23:25:40,462]: ---mrmd 2.0 end---
