[2019-08-15 20:16:15,495]: ---mrmd 2.0 start----
[2019-08-15 20:16:15,530]: ANOVA start...
[2019-08-15 20:16:15,543]: ANOVA end.
[2019-08-15 20:16:15,543]: mic start...
[2019-08-15 20:16:20,906]: mic end.
[2019-08-15 20:16:20,906]: mrmd start...
[2019-08-15 20:16:21,162]: mrmd end.
[2019-08-15 20:16:21,163]: mRMR start...
[2019-08-15 20:16:21,279]: mRMR end.
[2019-08-15 20:16:21,279]: lasso start...
[2019-08-15 20:16:21,306]: lasso end.
[2019-08-15 20:16:21,306]: lasso2 start...
[2019-08-15 20:16:22,072]: lasso2 end.
[2019-08-15 20:16:22,076]: rank start ...
[2019-08-15 20:16:22,089]: The final  rank is
[2019-08-15 20:16:22,090]: Janin_P : 0.0092
[2019-08-15 20:16:22,090]: Engelman_GES_R : 0.0075
[2019-08-15 20:16:22,090]: Cornette_C : 0.0072
[2019-08-15 20:16:22,090]: Janin_D : 0.0072
[2019-08-15 20:16:22,090]: Rose_I : 0.0071
[2019-08-15 20:16:22,090]: Hopp_Woods_R : 0.0070
[2019-08-15 20:16:22,090]: Cornette_T : 0.0070
[2019-08-15 20:16:22,090]: Cornette_P : 0.0070
[2019-08-15 20:16:22,090]: hydrophily : 0.0069
[2019-08-15 20:16:22,091]: Cornette_V : 0.0068
[2019-08-15 20:16:22,091]: Rose_S : 0.0068
[2019-08-15 20:16:22,091]: Janin_Q : 0.0068
[2019-08-15 20:16:22,091]: polar : 0.0068
[2019-08-15 20:16:22,091]: Engelman_GES_D : 0.0068
[2019-08-15 20:16:22,091]: Kyte_Doolittle_I : 0.0067
[2019-08-15 20:16:22,091]: Eisenberg_R : 0.0067
[2019-08-15 20:16:22,091]: Cornette_F : 0.0066
[2019-08-15 20:16:22,091]: Cornette_L : 0.0066
[2019-08-15 20:16:22,091]: Kyte_Doolittle_A : 0.0066
[2019-08-15 20:16:22,091]: basic_polar : 0.0066
[2019-08-15 20:16:22,091]: Janin_R : 0.0066
[2019-08-15 20:16:22,092]: Engelman_GES_S : 0.0065
[2019-08-15 20:16:22,092]: Hopp_Woods_A : 0.0065
[2019-08-15 20:16:22,092]: Eisenberg_N : 0.0065
[2019-08-15 20:16:22,092]: Hopp_Woods_D : 0.0065
[2019-08-15 20:16:22,092]: Janin_T : 0.0064
[2019-08-15 20:16:22,092]: Hopp_Woods_I : 0.0064
[2019-08-15 20:16:22,092]: Engelman_GES_Q : 0.0064
[2019-08-15 20:16:22,092]: Rose_L : 0.0064
[2019-08-15 20:16:22,092]: Rose_H : 0.0063
[2019-08-15 20:16:22,092]: Rose_T : 0.0063
[2019-08-15 20:16:22,092]: Rose_R : 0.0062
[2019-08-15 20:16:22,092]: Janin_N : 0.0062
[2019-08-15 20:16:22,093]: Cornette_K : 0.0062
[2019-08-15 20:16:22,093]: Engelman_GES_N : 0.0062
[2019-08-15 20:16:22,093]: Engelman_GES_W : 0.0062
[2019-08-15 20:16:22,093]: Rose_W : 0.0061
[2019-08-15 20:16:22,093]: Engelman_GES_G : 0.0061
[2019-08-15 20:16:22,093]: Janin_V : 0.0060
[2019-08-15 20:16:22,093]: Kyte_Doolittle_C : 0.0060
[2019-08-15 20:16:22,093]: Cornette_W : 0.0059
[2019-08-15 20:16:22,093]: Janin_S : 0.0059
[2019-08-15 20:16:22,094]: Eisenberg_S : 0.0059
[2019-08-15 20:16:22,094]: Janin_M : 0.0059
[2019-08-15 20:16:22,094]: Hopp_Woods_T : 0.0059
[2019-08-15 20:16:22,094]: Cornette_Y : 0.0059
[2019-08-15 20:16:22,094]: Kyte_Doolittle_Y : 0.0059
[2019-08-15 20:16:22,094]: Kyte_Doolittle_Q : 0.0059
[2019-08-15 20:16:22,094]: Eisenberg_W : 0.0059
[2019-08-15 20:16:22,094]: moderate : 0.0058
[2019-08-15 20:16:22,094]: Engelman_GES_L : 0.0058
[2019-08-15 20:16:22,094]: nonpolar : 0.0058
[2019-08-15 20:16:22,094]: C : 0.0058
[2019-08-15 20:16:22,094]: alphatic : 0.0058
[2019-08-15 20:16:22,094]: Hopp_Woods_E : 0.0057
[2019-08-15 20:16:22,095]: G : 0.0057
[2019-08-15 20:16:22,095]: W : 0.0057
[2019-08-15 20:16:22,095]: Hopp_Woods_N : 0.0057
[2019-08-15 20:16:22,095]: aliphatic : 0.0057
[2019-08-15 20:16:22,095]: negative : 0.0057
[2019-08-15 20:16:22,095]: Kyte_Doolittle_W : 0.0057
[2019-08-15 20:16:22,095]: Kyte_Doolittle_K : 0.0057
[2019-08-15 20:16:22,095]: P : 0.0057
[2019-08-15 20:16:22,095]: D : 0.0057
[2019-08-15 20:16:22,095]: Eisenberg_L : 0.0057
[2019-08-15 20:16:22,095]: Eisenberg_Y : 0.0057
[2019-08-15 20:16:22,096]: Rose_M : 0.0057
[2019-08-15 20:16:22,096]: postivecharge : 0.0057
[2019-08-15 20:16:22,096]: Engelman_GES_K : 0.0057
[2019-08-15 20:16:22,096]: Kyte_Doolittle_H : 0.0057
[2019-08-15 20:16:22,096]: Hopp_Woods_H : 0.0056
[2019-08-15 20:16:22,096]: Hopp_Woods_F : 0.0056
[2019-08-15 20:16:22,096]: Eisenberg_I : 0.0056
[2019-08-15 20:16:22,096]: Cornette_I : 0.0056
[2019-08-15 20:16:22,096]: Cornette_H : 0.0056
[2019-08-15 20:16:22,096]: Janin_W : 0.0056
[2019-08-15 20:16:22,096]: Kyte_Doolittle_F : 0.0056
[2019-08-15 20:16:22,096]: Engelman_GES_I : 0.0056
[2019-08-15 20:16:22,097]: Engelman_GES_M : 0.0056
[2019-08-15 20:16:22,097]: Engelman_GES_V : 0.0056
[2019-08-15 20:16:22,097]: Kyte_Doolittle_L : 0.0056
[2019-08-15 20:16:22,097]: positve : 0.0056
[2019-08-15 20:16:22,097]: Janin_L : 0.0056
[2019-08-15 20:16:22,097]: Janin_F : 0.0055
[2019-08-15 20:16:22,097]: Hopp_Woods_V : 0.0055
[2019-08-15 20:16:22,097]: Cornette_A : 0.0055
[2019-08-15 20:16:22,097]: T : 0.0055
[2019-08-15 20:16:22,097]: I : 0.0055
[2019-08-15 20:16:22,097]: Hopp_Woods_S : 0.0055
[2019-08-15 20:16:22,098]: Eisenberg_D : 0.0055
[2019-08-15 20:16:22,098]: Cornette_D : 0.0055
[2019-08-15 20:16:22,098]: H : 0.0055
[2019-08-15 20:16:22,098]: Kyte_Doolittle_N : 0.0055
[2019-08-15 20:16:22,098]: Cornette_E : 0.0055
[2019-08-15 20:16:22,098]: Rose_F : 0.0055
[2019-08-15 20:16:22,098]: A : 0.0055
[2019-08-15 20:16:22,098]: S : 0.0055
[2019-08-15 20:16:22,098]: Janin_E : 0.0055
[2019-08-15 20:16:22,098]: Kyte_Doolittle_D : 0.0055
[2019-08-15 20:16:22,098]: aromatic : 0.0055
[2019-08-15 20:16:22,098]: Engelman_GES_A : 0.0055
[2019-08-15 20:16:22,099]: Eisenberg_G : 0.0055
[2019-08-15 20:16:22,099]: Engelman_GES_F : 0.0055
[2019-08-15 20:16:22,099]: Rose_C : 0.0055
[2019-08-15 20:16:22,099]: Kyte_Doolittle_E : 0.0055
[2019-08-15 20:16:22,099]: Kyte_Doolittle_V : 0.0055
[2019-08-15 20:16:22,099]: Rose_A : 0.0055
[2019-08-15 20:16:22,099]: R : 0.0055
[2019-08-15 20:16:22,099]: Engelman_GES_E : 0.0055
[2019-08-15 20:16:22,099]: Eisenberg_K : 0.0055
[2019-08-15 20:16:22,099]: Hopp_Woods_L : 0.0054
[2019-08-15 20:16:22,099]: Janin_Y : 0.0054
[2019-08-15 20:16:22,099]: Rose_D : 0.0054
[2019-08-15 20:16:22,100]: Rose_P : 0.0054
[2019-08-15 20:16:22,100]: Eisenberg_F : 0.0054
[2019-08-15 20:16:22,100]: Kyte_Doolittle_S : 0.0054
[2019-08-15 20:16:22,100]: Q : 0.0054
[2019-08-15 20:16:22,100]: Kyte_Doolittle_G : 0.0054
[2019-08-15 20:16:22,100]: Hopp_Woods_C : 0.0054
[2019-08-15 20:16:22,100]: F : 0.0054
[2019-08-15 20:16:22,100]: Janin_H : 0.0054
[2019-08-15 20:16:22,100]: Cornette_S : 0.0054
[2019-08-15 20:16:22,100]: Cornette_M : 0.0054
[2019-08-15 20:16:22,101]: Engelman_GES_Y : 0.0054
[2019-08-15 20:16:22,101]: hydrophobicity : 0.0054
[2019-08-15 20:16:22,101]: E : 0.0054
[2019-08-15 20:16:22,101]: L : 0.0054
[2019-08-15 20:16:22,101]: Rose_E : 0.0054
[2019-08-15 20:16:22,101]: V : 0.0054
[2019-08-15 20:16:22,101]: negativecharge : 0.0054
[2019-08-15 20:16:22,101]: Eisenberg_V : 0.0054
[2019-08-15 20:16:22,101]: K : 0.0053
[2019-08-15 20:16:22,101]: Hopp_Woods_K : 0.0053
[2019-08-15 20:16:22,101]: Janin_I : 0.0053
[2019-08-15 20:16:22,102]: Eisenberg_H : 0.0053
[2019-08-15 20:16:22,102]: Rose_N : 0.0053
[2019-08-15 20:16:22,102]: Janin_K : 0.0053
[2019-08-15 20:16:22,102]: Hopp_Woods_Y : 0.0053
[2019-08-15 20:16:22,102]: Eisenberg_P : 0.0053
[2019-08-15 20:16:22,102]: N : 0.0053
[2019-08-15 20:16:22,102]: Hopp_Woods_W : 0.0053
[2019-08-15 20:16:22,102]: Engelman_GES_P : 0.0053
[2019-08-15 20:16:22,102]: uncharge : 0.0053
[2019-08-15 20:16:22,102]: Rose_Q : 0.0053
[2019-08-15 20:16:22,102]: Hopp_Woods_Q : 0.0053
[2019-08-15 20:16:22,103]: Rose_V : 0.0053
[2019-08-15 20:16:22,103]: Janin_A : 0.0052
[2019-08-15 20:16:22,103]: Kyte_Doolittle_R : 0.0052
[2019-08-15 20:16:22,103]: Janin_C : 0.0052
[2019-08-15 20:16:22,103]: Y : 0.0052
[2019-08-15 20:16:22,103]: Eisenberg_A : 0.0052
[2019-08-15 20:16:22,103]: Cornette_Q : 0.0052
[2019-08-15 20:16:22,103]: heterocyclics : 0.0052
[2019-08-15 20:16:22,103]: Kyte_Doolittle_M : 0.0051
[2019-08-15 20:16:22,103]: Kyte_Doolittle_P : 0.0051
[2019-08-15 20:16:22,103]: Engelman_GES_H : 0.0051
[2019-08-15 20:16:22,103]: Engelman_GES_T : 0.0051
[2019-08-15 20:16:22,104]: Rose_K : 0.0050
[2019-08-15 20:16:22,104]: neutral : 0.0050
[2019-08-15 20:16:22,104]: Eisenberg_C : 0.0050
[2019-08-15 20:16:22,104]: Eisenberg_E : 0.0050
[2019-08-15 20:16:22,104]: Engelman_GES_C : 0.0050
[2019-08-15 20:16:22,104]: Eisenberg_M : 0.0049
[2019-08-15 20:16:22,104]: Hopp_Woods_M : 0.0048
[2019-08-15 20:16:22,104]: Kyte_Doolittle_T : 0.0046
[2019-08-15 20:16:22,104]: acidic_polar : 0.0045
[2019-08-15 20:16:22,104]: Cornette_R : 0.0045
[2019-08-15 20:16:22,105]: Eisenberg_Q : 0.0044
[2019-08-15 20:16:22,105]: M : 0.0044
[2019-08-15 20:16:22,105]: Janin_G : 0.0044
[2019-08-15 20:16:22,105]: Rose_Y : 0.0044
[2019-08-15 20:16:22,105]: Rose_G : 0.0043
[2019-08-15 20:16:22,105]: aromatic.1 : 0.0043
[2019-08-15 20:16:22,105]: Eisenberg_T : 0.0039
[2019-08-15 20:16:22,105]: Cornette_N : 0.0035
[2019-08-15 20:16:22,105]: Cornette_G : 0.0030
[2019-08-15 20:16:22,105]: Hopp_Woods_G : 0.0025
[2019-08-15 20:16:22,105]: Hopp_Woods_P : 0.0020
[2019-08-15 20:16:22,106]: feature_rank end
[2019-08-15 20:16:22,127]: Start dimension reduction ...
[2019-08-15 20:16:26,632]: length=1 f1=0.7382 accuarcy=0.7609 precision=0.8329 recall=0.7609 roc=0.7317 
[2019-08-15 20:16:31,489]: length=2 f1=0.7258 accuarcy=0.7283 precision=0.7277 recall=0.7283 roc=0.7190 
[2019-08-15 20:16:36,660]: length=3 f1=0.7697 accuarcy=0.7717 precision=0.7723 recall=0.7717 roc=0.7630 
[2019-08-15 20:16:41,395]: length=4 f1=0.8362 accuarcy=0.8370 precision=0.8372 recall=0.8370 roc=0.8314 
[2019-08-15 20:16:46,179]: length=5 f1=0.8803 accuarcy=0.8804 precision=0.8803 recall=0.8804 roc=0.8778 
[2019-08-15 20:16:50,626]: length=6 f1=0.8910 accuarcy=0.8913 precision=0.8915 recall=0.8913 roc=0.8876 
