[2019-08-03 11:35:47,522]: ---mrmd 2.0 start----
[2019-08-03 11:35:47,652]: ANOVA start...
[2019-08-03 11:35:47,672]: ANOVA end.
[2019-08-03 11:35:47,672]: mic start...
[2019-08-03 11:35:55,144]: mic end.
[2019-08-03 11:35:55,144]: mrmd start...
[2019-08-03 11:35:55,344]: mrmd end.
[2019-08-03 11:35:55,344]: mRMR start...
[2019-08-03 11:36:04,288]: mRMR end.
[2019-08-03 11:36:04,288]: lasso start...
[2019-08-03 11:36:04,318]: lasso end.
[2019-08-03 11:36:05,333]: rank start ...
[2019-08-03 11:36:05,353]: The final  rank is
[2019-08-03 11:36:05,353]: aromatic.uncharger.gap5 : 0.0080
[2019-08-03 11:36:05,353]: aromatic.uncharger.gap0 : 0.0078
[2019-08-03 11:36:05,353]: uncharger.postivecharger.gap0 : 0.0077
[2019-08-03 11:36:05,353]: uncharger.aromatic.gap5 : 0.0077
[2019-08-03 11:36:05,353]: uncharger.aromatic.gap1 : 0.0077
[2019-08-03 11:36:05,353]: alphaticr.alphaticr.gap5 : 0.0077
[2019-08-03 11:36:05,353]: uncharger.uncharger.gap3 : 0.0077
[2019-08-03 11:36:05,353]: aromatic.uncharger.gap4 : 0.0077
[2019-08-03 11:36:05,353]: alphaticr.alphaticr.gap0 : 0.0077
[2019-08-03 11:36:05,353]: postivecharger.negativecharger.gap5 : 0.0076
[2019-08-03 11:36:05,353]: aromatic.negativecharger.gap0 : 0.0076
[2019-08-03 11:36:05,353]: aromatic.postivecharger.gap5 : 0.0076
[2019-08-03 11:36:05,353]: alphaticr.postivecharger.gap3 : 0.0076
[2019-08-03 11:36:05,353]: aromatic.uncharger.gap2 : 0.0076
[2019-08-03 11:36:05,353]: postivecharger.postivecharger.gap4 : 0.0076
[2019-08-03 11:36:05,353]: postivecharger.uncharger.gap5 : 0.0076
[2019-08-03 11:36:05,353]: uncharger.postivecharger.gap2 : 0.0076
[2019-08-03 11:36:05,353]: postivecharger.uncharger.gap3 : 0.0075
[2019-08-03 11:36:05,353]: alphaticr.aromatic.gap2 : 0.0075
[2019-08-03 11:36:05,353]: uncharger.postivecharger.gap1 : 0.0075
[2019-08-03 11:36:05,353]: alphaticr.postivecharger.gap2 : 0.0075
[2019-08-03 11:36:05,353]: uncharger.negativecharger.gap1 : 0.0075
[2019-08-03 11:36:05,353]: aromatic.alphaticr.gap4 : 0.0075
[2019-08-03 11:36:05,363]: postivecharger.alphaticr.gap3 : 0.0074
[2019-08-03 11:36:05,363]: uncharger.alphaticr.gap5 : 0.0074
[2019-08-03 11:36:05,363]: postivecharger.uncharger.gap0 : 0.0074
[2019-08-03 11:36:05,363]: negativecharger.alphaticr.gap4 : 0.0074
[2019-08-03 11:36:05,363]: postivecharger.aromatic.gap3 : 0.0074
[2019-08-03 11:36:05,363]: postivecharger.postivecharger.gap1 : 0.0074
[2019-08-03 11:36:05,363]: negativecharger.uncharger.gap2 : 0.0074
[2019-08-03 11:36:05,363]: alphaticr.alphaticr.gap4 : 0.0074
[2019-08-03 11:36:05,363]: postivecharger.alphaticr.gap0 : 0.0074
[2019-08-03 11:36:05,363]: uncharger.alphaticr.gap0 : 0.0074
[2019-08-03 11:36:05,363]: uncharger.aromatic.gap0 : 0.0073
[2019-08-03 11:36:05,363]: negativecharger.alphaticr.gap3 : 0.0073
[2019-08-03 11:36:05,363]: uncharger.uncharger.gap2 : 0.0073
[2019-08-03 11:36:05,363]: alphaticr.alphaticr.gap1 : 0.0073
[2019-08-03 11:36:05,363]: uncharger.alphaticr.gap2 : 0.0073
[2019-08-03 11:36:05,363]: alphaticr.negativecharger.gap3 : 0.0073
[2019-08-03 11:36:05,363]: uncharger.alphaticr.gap1 : 0.0073
[2019-08-03 11:36:05,363]: postivecharger.uncharger.gap2 : 0.0073
[2019-08-03 11:36:05,363]: negativecharger.alphaticr.gap0 : 0.0073
[2019-08-03 11:36:05,363]: postivecharger.uncharger.gap4 : 0.0073
[2019-08-03 11:36:05,363]: aromatic.negativecharger.gap5 : 0.0073
[2019-08-03 11:36:05,363]: uncharger.postivecharger.gap4 : 0.0073
[2019-08-03 11:36:05,363]: uncharger.postivecharger.gap5 : 0.0072
[2019-08-03 11:36:05,363]: negativecharger.aromatic.gap2 : 0.0072
[2019-08-03 11:36:05,363]: aromatic.uncharger.gap1 : 0.0072
[2019-08-03 11:36:05,363]: uncharger.negativecharger.gap5 : 0.0072
[2019-08-03 11:36:05,363]: uncharger.aromatic.gap4 : 0.0071
[2019-08-03 11:36:05,363]: postivecharger.alphaticr.gap1 : 0.0071
[2019-08-03 11:36:05,363]: postivecharger.aromatic.gap5 : 0.0070
[2019-08-03 11:36:05,363]: alphaticr.negativecharger.gap5 : 0.0070
[2019-08-03 11:36:05,363]: negativecharger.negativecharger.gap2 : 0.0070
[2019-08-03 11:36:05,363]: negativecharger.postivecharger.gap2 : 0.0069
[2019-08-03 11:36:05,363]: aromatic.postivecharger.gap4 : 0.0069
[2019-08-03 11:36:05,363]: aromatic.alphaticr.gap5 : 0.0069
[2019-08-03 11:36:05,363]: postivecharger.negativecharger.gap0 : 0.0069
[2019-08-03 11:36:05,363]: uncharger.aromatic.gap3 : 0.0068
[2019-08-03 11:36:05,363]: postivecharger.postivecharger.gap5 : 0.0067
[2019-08-03 11:36:05,363]: negativecharger.aromatic.gap3 : 0.0067
[2019-08-03 11:36:05,363]: negativecharger.alphaticr.gap5 : 0.0067
[2019-08-03 11:36:05,363]: negativecharger.postivecharger.gap4 : 0.0067
[2019-08-03 11:36:05,363]: negativecharger.uncharger.gap1 : 0.0067
[2019-08-03 11:36:05,363]: postivecharger.negativecharger.gap1 : 0.0066
[2019-08-03 11:36:05,363]: uncharger.alphaticr.gap3 : 0.0066
[2019-08-03 11:36:05,363]: postivecharger.aromatic.gap1 : 0.0066
[2019-08-03 11:36:05,363]: aromatic.aromatic.gap0 : 0.0066
[2019-08-03 11:36:05,363]: alphaticr.negativecharger.gap0 : 0.0066
[2019-08-03 11:36:05,363]: negativecharger.uncharger.gap5 : 0.0066
[2019-08-03 11:36:05,363]: aromatic.negativecharger.gap2 : 0.0065
[2019-08-03 11:36:05,363]: postivecharger.alphaticr.gap2 : 0.0065
[2019-08-03 11:36:05,363]: aromatic.negativecharger.gap1 : 0.0065
[2019-08-03 11:36:05,363]: aromatic.postivecharger.gap0 : 0.0065
[2019-08-03 11:36:05,363]: negativecharger.aromatic.gap1 : 0.0065
[2019-08-03 11:36:05,363]: alphaticr.uncharger.gap0 : 0.0065
[2019-08-03 11:36:05,363]: alphaticr.uncharger.gap5 : 0.0065
[2019-08-03 11:36:05,363]: postivecharger.negativecharger.gap2 : 0.0065
[2019-08-03 11:36:05,363]: aromatic.aromatic.gap5 : 0.0065
[2019-08-03 11:36:05,363]: postivecharger.postivecharger.gap2 : 0.0065
[2019-08-03 11:36:05,363]: negativecharger.postivecharger.gap1 : 0.0065
[2019-08-03 11:36:05,363]: aromatic.alphaticr.gap1 : 0.0064
[2019-08-03 11:36:05,363]: negativecharger.aromatic.gap5 : 0.0064
[2019-08-03 11:36:05,363]: negativecharger.negativecharger.gap4 : 0.0064
[2019-08-03 11:36:05,363]: alphaticr.negativecharger.gap4 : 0.0064
[2019-08-03 11:36:05,373]: alphaticr.postivecharger.gap5 : 0.0064
[2019-08-03 11:36:05,373]: uncharger.negativecharger.gap4 : 0.0064
[2019-08-03 11:36:05,373]: negativecharger.uncharger.gap4 : 0.0064
[2019-08-03 11:36:05,373]: negativecharger.negativecharger.gap5 : 0.0064
[2019-08-03 11:36:05,373]: postivecharger.negativecharger.gap4 : 0.0064
[2019-08-03 11:36:05,373]: uncharger.negativecharger.gap0 : 0.0064
[2019-08-03 11:36:05,373]: aromatic.postivecharger.gap3 : 0.0064
[2019-08-03 11:36:05,373]: negativecharger.alphaticr.gap1 : 0.0064
[2019-08-03 11:36:05,373]: alphaticr.aromatic.gap5 : 0.0064
[2019-08-03 11:36:05,373]: alphaticr.negativecharger.gap1 : 0.0064
[2019-08-03 11:36:05,373]: aromatic.aromatic.gap4 : 0.0063
[2019-08-03 11:36:05,373]: alphaticr.uncharger.gap2 : 0.0063
[2019-08-03 11:36:05,373]: alphaticr.postivecharger.gap4 : 0.0063
[2019-08-03 11:36:05,373]: negativecharger.postivecharger.gap0 : 0.0063
[2019-08-03 11:36:05,373]: postivecharger.uncharger.gap1 : 0.0063
[2019-08-03 11:36:05,373]: alphaticr.aromatic.gap1 : 0.0063
[2019-08-03 11:36:05,373]: aromatic.aromatic.gap1 : 0.0063
[2019-08-03 11:36:05,373]: uncharger.negativecharger.gap2 : 0.0063
[2019-08-03 11:36:05,373]: postivecharger.aromatic.gap4 : 0.0063
[2019-08-03 11:36:05,373]: uncharger.aromatic.gap2 : 0.0063
[2019-08-03 11:36:05,373]: alphaticr.alphaticr.gap3 : 0.0063
[2019-08-03 11:36:05,373]: postivecharger.alphaticr.gap4 : 0.0063
[2019-08-03 11:36:05,373]: negativecharger.negativecharger.gap1 : 0.0063
[2019-08-03 11:36:05,373]: postivecharger.alphaticr.gap5 : 0.0062
[2019-08-03 11:36:05,373]: alphaticr.alphaticr.gap2 : 0.0062
[2019-08-03 11:36:05,373]: negativecharger.uncharger.gap0 : 0.0062
[2019-08-03 11:36:05,373]: postivecharger.postivecharger.gap0 : 0.0062
[2019-08-03 11:36:05,373]: negativecharger.aromatic.gap4 : 0.0062
[2019-08-03 11:36:05,373]: alphaticr.postivecharger.gap1 : 0.0062
[2019-08-03 11:36:05,373]: postivecharger.aromatic.gap2 : 0.0062
[2019-08-03 11:36:05,373]: aromatic.aromatic.gap2 : 0.0062
[2019-08-03 11:36:05,373]: alphaticr.negativecharger.gap2 : 0.0062
[2019-08-03 11:36:05,373]: negativecharger.postivecharger.gap3 : 0.0062
[2019-08-03 11:36:05,373]: negativecharger.negativecharger.gap0 : 0.0062
[2019-08-03 11:36:05,373]: aromatic.negativecharger.gap3 : 0.0062
[2019-08-03 11:36:05,373]: alphaticr.aromatic.gap3 : 0.0062
[2019-08-03 11:36:05,373]: postivecharger.aromatic.gap0 : 0.0062
[2019-08-03 11:36:05,373]: negativecharger.alphaticr.gap2 : 0.0061
[2019-08-03 11:36:05,373]: alphaticr.aromatic.gap0 : 0.0061
[2019-08-03 11:36:05,373]: negativecharger.aromatic.gap0 : 0.0061
[2019-08-03 11:36:05,373]: negativecharger.postivecharger.gap5 : 0.0061
[2019-08-03 11:36:05,373]: uncharger.uncharger.gap0 : 0.0061
[2019-08-03 11:36:05,373]: aromatic.postivecharger.gap1 : 0.0061
[2019-08-03 11:36:05,373]: aromatic.uncharger.gap3 : 0.0061
[2019-08-03 11:36:05,373]: negativecharger.uncharger.gap3 : 0.0061
[2019-08-03 11:36:05,373]: aromatic.negativecharger.gap4 : 0.0061
[2019-08-03 11:36:05,373]: uncharger.negativecharger.gap3 : 0.0061
[2019-08-03 11:36:05,373]: uncharger.uncharger.gap1 : 0.0060
[2019-08-03 11:36:05,373]: negativecharger.negativecharger.gap3 : 0.0060
[2019-08-03 11:36:05,373]: alphaticr.aromatic.gap4 : 0.0059
[2019-08-03 11:36:05,373]: aromatic.postivecharger.gap2 : 0.0059
[2019-08-03 11:36:05,373]: uncharger.uncharger.gap4 : 0.0059
[2019-08-03 11:36:05,373]: uncharger.alphaticr.gap4 : 0.0058
[2019-08-03 11:36:05,373]: alphaticr.postivecharger.gap0 : 0.0057
[2019-08-03 11:36:05,373]: uncharger.postivecharger.gap3 : 0.0056
[2019-08-03 11:36:05,373]: postivecharger.postivecharger.gap3 : 0.0056
[2019-08-03 11:36:05,373]: alphaticr.uncharger.gap3 : 0.0055
[2019-08-03 11:36:05,373]: alphaticr.uncharger.gap4 : 0.0055
[2019-08-03 11:36:05,373]: aromatic.alphaticr.gap0 : 0.0055
[2019-08-03 11:36:05,373]: alphaticr.uncharger.gap1 : 0.0055
[2019-08-03 11:36:05,373]: aromatic.alphaticr.gap2 : 0.0055
[2019-08-03 11:36:05,373]: postivecharger.negativecharger.gap3 : 0.0054
[2019-08-03 11:36:05,373]: uncharger.uncharger.gap5 : 0.0051
[2019-08-03 11:36:05,383]: aromatic.aromatic.gap3 : 0.0051
[2019-08-03 11:36:05,383]: aromatic.alphaticr.gap3 : 0.0051
[2019-08-03 11:36:05,383]: feature_rank end
[2019-08-03 11:36:05,433]: Start dimension reduction ...
[2019-08-03 11:36:17,510]: length=1 accuarcy=0.4991 f1=0.5003 precision=0.5007 recall=0.5000 roc=0.4980 
[2019-08-03 11:36:29,612]: length=2 accuarcy=0.4783 f1=0.4825 precision=0.4838 recall=0.4818 roc=0.4811 
[2019-08-03 11:36:41,792]: length=3 accuarcy=0.5155 f1=0.5139 precision=0.5138 recall=0.5182 roc=0.5110 
[2019-08-03 11:36:53,734]: length=4 accuarcy=0.6520 f1=0.6532 precision=0.6535 recall=0.6545 roc=0.6500 
[2019-08-03 11:37:06,241]: length=5 accuarcy=0.6662 f1=0.6704 precision=0.6722 recall=0.6727 roc=0.6670 
[2019-08-03 11:37:19,163]: length=6 accuarcy=0.6762 f1=0.6790 precision=0.6818 recall=0.6818 roc=0.6755 
[2019-08-03 11:37:31,698]: length=7 accuarcy=0.6753 f1=0.6816 precision=0.6815 recall=0.6818 roc=0.6795 
[2019-08-03 11:37:44,155]: length=8 accuarcy=0.6686 f1=0.6704 precision=0.6722 recall=0.6727 roc=0.6670 
[2019-08-03 11:37:57,028]: length=9 accuarcy=0.6944 f1=0.6984 precision=0.6997 recall=0.7000 roc=0.6951 
[2019-08-03 11:38:09,312]: length=10 accuarcy=0.6489 f1=0.6521 precision=0.6536 recall=0.6545 roc=0.6487 
[2019-08-03 11:38:21,694]: length=11 accuarcy=0.7482 f1=0.7549 precision=0.7563 recall=0.7545 roc=0.7552 
[2019-08-03 11:38:34,080]: length=12 accuarcy=0.6594 f1=0.6638 precision=0.6641 recall=0.6636 roc=0.6625 
[2019-08-03 11:38:46,345]: length=13 accuarcy=0.6861 f1=0.6912 precision=0.6920 recall=0.6909 roc=0.6906 
[2019-08-03 11:38:58,969]: length=14 accuarcy=0.7108 f1=0.7180 precision=0.7179 recall=0.7182 roc=0.7160 
[2019-08-03 11:39:11,701]: length=15 accuarcy=0.6845 f1=0.6912 precision=0.6920 recall=0.6909 roc=0.6906 
[2019-08-03 11:39:25,276]: length=16 accuarcy=0.6918 f1=0.6998 precision=0.6997 recall=0.7000 roc=0.6977 
[2019-08-03 11:39:37,924]: length=17 accuarcy=0.6936 f1=0.6984 precision=0.6997 recall=0.7000 roc=0.6951 
[2019-08-03 11:39:50,535]: length=18 accuarcy=0.7391 f1=0.7444 precision=0.7454 recall=0.7455 roc=0.7414 
[2019-08-03 11:40:03,841]: length=19 accuarcy=0.6944 f1=0.6984 precision=0.6997 recall=0.7000 roc=0.6951 
[2019-08-03 11:40:16,377]: length=20 accuarcy=0.7217 f1=0.7262 precision=0.7270 recall=0.7273 roc=0.7232 
[2019-08-03 11:40:29,225]: length=21 accuarcy=0.7217 f1=0.7262 precision=0.7270 recall=0.7273 roc=0.7232 
[2019-08-03 11:40:41,508]: length=22 accuarcy=0.7209 f1=0.7262 precision=0.7270 recall=0.7273 roc=0.7232 
[2019-08-03 11:40:54,215]: length=23 accuarcy=0.6844 f1=0.6909 precision=0.6909 recall=0.6909 roc=0.6893 
[2019-08-03 11:41:07,393]: length=24 accuarcy=0.7044 f1=0.7086 precision=0.7086 recall=0.7091 roc=0.7062 
[2019-08-03 11:41:20,763]: length=25 accuarcy=0.6755 f1=0.6809 precision=0.6811 recall=0.6818 roc=0.6781 
[2019-08-03 11:41:33,695]: length=26 accuarcy=0.7027 f1=0.7079 precision=0.7086 recall=0.7091 roc=0.7049 
[2019-08-03 11:41:46,539]: length=27 accuarcy=0.7117 f1=0.7166 precision=0.7181 recall=0.7182 roc=0.7134 
[2019-08-03 11:41:59,255]: length=28 accuarcy=0.7018 f1=0.7070 precision=0.7093 recall=0.7091 roc=0.7036 
[2019-08-03 11:42:12,114]: length=29 accuarcy=0.7300 f1=0.7356 precision=0.7360 recall=0.7364 roc=0.7330 
[2019-08-03 11:42:25,018]: length=30 accuarcy=0.7217 f1=0.7243 precision=0.7293 recall=0.7273 roc=0.7205 
[2019-08-03 11:42:38,073]: length=31 accuarcy=0.7291 f1=0.7340 precision=0.7378 recall=0.7364 roc=0.7303 
[2019-08-03 11:42:50,716]: length=32 accuarcy=0.7209 f1=0.7243 precision=0.7293 recall=0.7273 roc=0.7205 
[2019-08-03 11:43:03,260]: length=33 accuarcy=0.6853 f1=0.6897 precision=0.6903 recall=0.6909 roc=0.6866 
[2019-08-03 11:43:16,131]: length=34 accuarcy=0.7855 f1=0.7910 precision=0.7913 recall=0.7909 roc=0.7905 
[2019-08-03 11:43:28,466]: length=35 accuarcy=0.7482 f1=0.7544 precision=0.7543 recall=0.7545 roc=0.7526 
[2019-08-03 11:43:40,811]: length=36 accuarcy=0.7780 f1=0.7818 precision=0.7818 recall=0.7818 roc=0.7807 
[2019-08-03 11:43:53,387]: length=37 accuarcy=0.7226 f1=0.7262 precision=0.7270 recall=0.7273 roc=0.7232 
[2019-08-03 11:44:06,416]: length=38 accuarcy=0.7217 f1=0.7262 precision=0.7270 recall=0.7273 roc=0.7232 
[2019-08-03 11:44:19,300]: length=39 accuarcy=0.7571 f1=0.7620 precision=0.7649 recall=0.7636 roc=0.7584 
[2019-08-03 11:44:32,201]: length=40 accuarcy=0.7308 f1=0.7340 precision=0.7378 recall=0.7364 roc=0.7303 
[2019-08-03 11:44:44,773]: length=41 accuarcy=0.7571 f1=0.7632 precision=0.7634 recall=0.7636 roc=0.7611 
[2019-08-03 11:44:57,489]: length=42 accuarcy=0.7508 f1=0.7544 precision=0.7543 recall=0.7545 roc=0.7526 
[2019-08-03 11:45:10,232]: length=43 accuarcy=0.7589 f1=0.7632 precision=0.7634 recall=0.7636 roc=0.7611 
[2019-08-03 11:45:23,058]: length=44 accuarcy=0.7589 f1=0.7627 precision=0.7638 recall=0.7636 roc=0.7597 
[2019-08-03 11:45:36,332]: length=45 accuarcy=0.7489 f1=0.7539 precision=0.7543 recall=0.7545 roc=0.7512 
[2019-08-03 11:45:49,059]: length=46 accuarcy=0.7845 f1=0.7903 precision=0.7909 recall=0.7909 roc=0.7878 
[2019-08-03 11:46:01,677]: length=47 accuarcy=0.7198 f1=0.7262 precision=0.7270 recall=0.7273 roc=0.7232 
[2019-08-03 11:46:14,514]: length=48 accuarcy=0.7398 f1=0.7455 precision=0.7455 recall=0.7455 roc=0.7441 
[2019-08-03 11:46:27,149]: length=49 accuarcy=0.7398 f1=0.7444 precision=0.7454 recall=0.7455 roc=0.7414 
[2019-08-03 11:46:39,760]: length=50 accuarcy=0.7580 f1=0.7632 precision=0.7634 recall=0.7636 roc=0.7611 
[2019-08-03 11:46:52,400]: length=51 accuarcy=0.7398 f1=0.7450 precision=0.7451 recall=0.7455 roc=0.7428 
[2019-08-03 11:47:04,898]: length=52 accuarcy=0.7780 f1=0.7809 precision=0.7822 recall=0.7818 roc=0.7780 
[2019-08-03 11:47:18,111]: length=53 accuarcy=0.7398 f1=0.7444 precision=0.7454 recall=0.7455 roc=0.7414 
[2019-08-03 11:47:30,511]: length=54 accuarcy=0.7408 f1=0.7450 precision=0.7451 recall=0.7455 roc=0.7428 
[2019-08-03 11:47:45,736]: length=55 accuarcy=0.7408 f1=0.7444 precision=0.7454 recall=0.7455 roc=0.7414 
[2019-08-03 11:48:08,957]: length=56 accuarcy=0.7573 f1=0.7636 precision=0.7636 recall=0.7636 roc=0.7624 
[2019-08-03 11:48:25,345]: length=57 accuarcy=0.7655 f1=0.7726 precision=0.7725 recall=0.7727 roc=0.7709 
[2019-08-03 11:48:48,122]: length=58 accuarcy=0.7317 f1=0.7340 precision=0.7378 recall=0.7364 roc=0.7303 
[2019-08-03 11:49:13,415]: length=59 accuarcy=0.7491 f1=0.7524 precision=0.7565 recall=0.7545 roc=0.7486 
[2019-08-03 11:49:39,893]: length=60 accuarcy=0.8127 f1=0.8175 precision=0.8189 recall=0.8182 roc=0.8146 
[2019-08-03 11:50:05,461]: length=61 accuarcy=0.7764 f1=0.7818 precision=0.7818 recall=0.7818 roc=0.7807 
[2019-08-03 11:50:31,840]: length=62 accuarcy=0.7755 f1=0.7815 precision=0.7816 recall=0.7818 roc=0.7793 
[2019-08-03 11:50:57,723]: length=63 accuarcy=0.7755 f1=0.7809 precision=0.7822 recall=0.7818 roc=0.7780 
[2019-08-03 11:51:24,437]: length=64 accuarcy=0.7382 f1=0.7444 precision=0.7454 recall=0.7455 roc=0.7414 
[2019-08-03 11:51:50,771]: length=65 accuarcy=0.7573 f1=0.7627 precision=0.7638 recall=0.7636 roc=0.7597 
[2019-08-03 11:52:18,379]: length=66 accuarcy=0.7673 f1=0.7726 precision=0.7725 recall=0.7727 roc=0.7709 
[2019-08-03 11:52:45,210]: length=67 accuarcy=0.7573 f1=0.7627 precision=0.7638 recall=0.7636 roc=0.7597 
[2019-08-03 11:53:10,652]: length=68 accuarcy=0.7582 f1=0.7620 precision=0.7649 recall=0.7636 roc=0.7584 
[2019-08-03 11:53:36,328]: length=69 accuarcy=0.7764 f1=0.7809 precision=0.7822 recall=0.7818 roc=0.7780 
[2019-08-03 11:54:02,350]: length=70 accuarcy=0.7482 f1=0.7539 precision=0.7543 recall=0.7545 roc=0.7512 
[2019-08-03 11:54:29,372]: length=71 accuarcy=0.7682 f1=0.7721 precision=0.7726 recall=0.7727 roc=0.7695 
[2019-08-03 11:54:56,686]: length=72 accuarcy=0.7382 f1=0.7450 precision=0.7451 recall=0.7455 roc=0.7428 
[2019-08-03 11:55:21,905]: length=73 accuarcy=0.7482 f1=0.7539 precision=0.7543 recall=0.7545 roc=0.7512 
[2019-08-03 11:55:46,043]: length=74 accuarcy=0.7398 f1=0.7450 precision=0.7451 recall=0.7455 roc=0.7428 
[2019-08-03 11:56:10,670]: length=75 accuarcy=0.7391 f1=0.7450 precision=0.7451 recall=0.7455 roc=0.7428 
[2019-08-03 11:56:35,573]: length=76 accuarcy=0.7491 f1=0.7532 precision=0.7550 recall=0.7545 roc=0.7499 
[2019-08-03 11:57:01,140]: length=77 accuarcy=0.7482 f1=0.7532 precision=0.7550 recall=0.7545 roc=0.7499 
[2019-08-03 11:57:27,004]: length=78 accuarcy=0.7382 f1=0.7450 precision=0.7451 recall=0.7455 roc=0.7428 
[2019-08-03 11:57:52,442]: length=79 accuarcy=0.7582 f1=0.7627 precision=0.7638 recall=0.7636 roc=0.7597 
[2019-08-03 11:58:16,353]: length=80 accuarcy=0.7218 f1=0.7262 precision=0.7270 recall=0.7273 roc=0.7232 
[2019-08-03 11:58:40,835]: length=81 accuarcy=0.7764 f1=0.7809 precision=0.7822 recall=0.7818 roc=0.7780 
[2019-08-03 11:59:04,652]: length=82 accuarcy=0.7764 f1=0.7809 precision=0.7822 recall=0.7818 roc=0.7780 
[2019-08-03 11:59:29,000]: length=83 accuarcy=0.7573 f1=0.7627 precision=0.7638 recall=0.7636 roc=0.7597 
[2019-08-03 11:59:54,362]: length=84 accuarcy=0.7482 f1=0.7539 precision=0.7543 recall=0.7545 roc=0.7512 
[2019-08-03 12:00:18,202]: length=85 accuarcy=0.7473 f1=0.7539 precision=0.7543 recall=0.7545 roc=0.7512 
[2019-08-03 12:00:41,410]: length=86 accuarcy=0.7573 f1=0.7632 precision=0.7634 recall=0.7636 roc=0.7611 
[2019-08-03 12:01:05,878]: length=87 accuarcy=0.7317 f1=0.7356 precision=0.7360 recall=0.7364 roc=0.7330 
[2019-08-03 12:01:30,082]: length=88 accuarcy=0.7582 f1=0.7627 precision=0.7638 recall=0.7636 roc=0.7597 
[2019-08-03 12:01:53,562]: length=89 accuarcy=0.7755 f1=0.7803 precision=0.7835 recall=0.7818 roc=0.7767 
[2019-08-03 12:02:17,474]: length=90 accuarcy=0.7655 f1=0.7721 precision=0.7726 recall=0.7727 roc=0.7695 
[2019-08-03 12:02:41,286]: length=91 accuarcy=0.7473 f1=0.7532 precision=0.7550 recall=0.7545 roc=0.7499 
[2019-08-03 12:03:05,625]: length=92 accuarcy=0.7291 f1=0.7365 precision=0.7368 recall=0.7364 roc=0.7356 
[2019-08-03 12:03:29,338]: length=93 accuarcy=0.7300 f1=0.7356 precision=0.7360 recall=0.7364 roc=0.7330 
[2019-08-03 12:03:53,280]: length=94 accuarcy=0.7200 f1=0.7262 precision=0.7270 recall=0.7273 roc=0.7232 
[2019-08-03 12:04:19,906]: length=95 accuarcy=0.7382 f1=0.7450 precision=0.7451 recall=0.7455 roc=0.7428 
[2019-08-03 12:04:44,137]: length=96 accuarcy=0.7391 f1=0.7444 precision=0.7454 recall=0.7455 roc=0.7414 
[2019-08-03 12:05:08,464]: length=97 accuarcy=0.7373 f1=0.7437 precision=0.7464 recall=0.7455 roc=0.7401 
[2019-08-03 12:05:37,570]: length=98 accuarcy=0.7755 f1=0.7803 precision=0.7835 recall=0.7818 roc=0.7767 
[2019-08-03 12:06:02,046]: length=99 accuarcy=0.7655 f1=0.7715 precision=0.7735 recall=0.7727 roc=0.7682 
[2019-08-03 12:06:26,880]: length=100 accuarcy=0.7745 f1=0.7795 precision=0.7857 recall=0.7818 roc=0.7753 
[2019-08-03 12:06:50,543]: length=101 accuarcy=0.7664 f1=0.7721 precision=0.7726 recall=0.7727 roc=0.7695 
[2019-08-03 12:07:14,351]: length=102 accuarcy=0.7945 f1=0.7978 precision=0.8044 recall=0.8000 roc=0.7936 
[2019-08-03 12:07:39,413]: length=103 accuarcy=0.7764 f1=0.7803 precision=0.7835 recall=0.7818 roc=0.7767 
[2019-08-03 12:08:02,845]: length=104 accuarcy=0.7382 f1=0.7450 precision=0.7451 recall=0.7455 roc=0.7428 
[2019-08-03 12:08:27,756]: length=105 accuarcy=0.7291 f1=0.7349 precision=0.7366 recall=0.7364 roc=0.7316 
[2019-08-03 12:08:47,887]: length=106 accuarcy=0.7564 f1=0.7627 precision=0.7638 recall=0.7636 roc=0.7597 
[2019-08-03 12:09:11,889]: length=107 accuarcy=0.7291 f1=0.7349 precision=0.7366 recall=0.7364 roc=0.7316 
[2019-08-03 12:09:36,761]: length=108 accuarcy=0.7836 f1=0.7891 precision=0.7938 recall=0.7909 roc=0.7851 
[2019-08-03 12:10:00,349]: length=109 accuarcy=0.7664 f1=0.7721 precision=0.7726 recall=0.7727 roc=0.7695 
[2019-08-03 12:10:24,591]: length=110 accuarcy=0.7473 f1=0.7539 precision=0.7543 recall=0.7545 roc=0.7512 
[2019-08-03 12:10:48,635]: length=111 accuarcy=0.7564 f1=0.7620 precision=0.7649 recall=0.7636 roc=0.7584 
[2019-08-03 12:11:11,474]: length=112 accuarcy=0.7300 f1=0.7340 precision=0.7378 recall=0.7364 roc=0.7303 
[2019-08-03 12:11:35,649]: length=113 accuarcy=0.7400 f1=0.7444 precision=0.7454 recall=0.7455 roc=0.7414 
[2019-08-03 12:12:01,214]: length=114 accuarcy=0.7664 f1=0.7707 precision=0.7751 recall=0.7727 roc=0.7669 
[2019-08-03 12:12:25,125]: length=115 accuarcy=0.7664 f1=0.7715 precision=0.7735 recall=0.7727 roc=0.7682 
[2019-08-03 12:12:49,686]: length=116 accuarcy=0.7473 f1=0.7532 precision=0.7550 recall=0.7545 roc=0.7499 
[2019-08-03 12:13:13,406]: length=117 accuarcy=0.7655 f1=0.7698 precision=0.7776 recall=0.7727 roc=0.7655 
[2019-08-03 12:13:37,317]: length=118 accuarcy=0.7473 f1=0.7539 precision=0.7543 recall=0.7545 roc=0.7512 
[2019-08-03 12:14:01,803]: length=119 accuarcy=0.7573 f1=0.7627 precision=0.7638 recall=0.7636 roc=0.7597 
[2019-08-03 12:14:25,835]: length=120 accuarcy=0.7382 f1=0.7455 precision=0.7455 recall=0.7455 roc=0.7441 
[2019-08-03 12:14:49,977]: length=121 accuarcy=0.7300 f1=0.7356 precision=0.7360 recall=0.7364 roc=0.7330 
[2019-08-03 12:15:13,749]: length=122 accuarcy=0.7482 f1=0.7544 precision=0.7543 recall=0.7545 roc=0.7526 
[2019-08-03 12:15:37,387]: length=123 accuarcy=0.7564 f1=0.7632 precision=0.7634 recall=0.7636 roc=0.7611 
[2019-08-03 12:16:01,415]: length=124 accuarcy=0.7755 f1=0.7809 precision=0.7822 recall=0.7818 roc=0.7780 
[2019-08-03 12:16:25,457]: length=125 accuarcy=0.7382 f1=0.7444 precision=0.7454 recall=0.7455 roc=0.7414 
[2019-08-03 12:16:49,378]: length=126 accuarcy=0.7391 f1=0.7444 precision=0.7454 recall=0.7455 roc=0.7414 
[2019-08-03 12:17:13,862]: length=127 accuarcy=0.7200 f1=0.7253 precision=0.7278 recall=0.7273 roc=0.7218 
[2019-08-03 12:17:38,016]: length=128 accuarcy=0.7745 f1=0.7803 precision=0.7835 recall=0.7818 roc=0.7767 
[2019-08-03 12:18:02,535]: length=129 accuarcy=0.7564 f1=0.7632 precision=0.7634 recall=0.7636 roc=0.7611 
[2019-08-03 12:18:26,234]: length=130 accuarcy=0.7564 f1=0.7627 precision=0.7638 recall=0.7636 roc=0.7597 
[2019-08-03 12:18:49,911]: length=131 accuarcy=0.7482 f1=0.7539 precision=0.7543 recall=0.7545 roc=0.7512 
[2019-08-03 12:19:13,678]: length=132 accuarcy=0.7664 f1=0.7707 precision=0.7751 recall=0.7727 roc=0.7669 
[2019-08-03 12:19:38,376]: length=133 accuarcy=0.7745 f1=0.7809 precision=0.7822 recall=0.7818 roc=0.7780 
[2019-08-03 12:20:06,149]: length=134 accuarcy=0.7764 f1=0.7803 precision=0.7835 recall=0.7818 roc=0.7767 
[2019-08-03 12:20:29,564]: length=135 accuarcy=0.7473 f1=0.7532 precision=0.7550 recall=0.7545 roc=0.7499 
[2019-08-03 12:20:54,247]: length=136 accuarcy=0.7573 f1=0.7632 precision=0.7634 recall=0.7636 roc=0.7611 
[2019-08-03 12:21:19,475]: length=137 accuarcy=0.7300 f1=0.7349 precision=0.7366 recall=0.7364 roc=0.7316 
[2019-08-03 12:21:43,459]: length=138 accuarcy=0.7936 f1=0.7986 precision=0.8021 recall=0.8000 roc=0.7949 
[2019-08-03 12:22:09,022]: length=139 accuarcy=0.7564 f1=0.7627 precision=0.7638 recall=0.7636 roc=0.7597 
[2019-08-03 12:22:33,916]: length=140 accuarcy=0.7655 f1=0.7726 precision=0.7725 recall=0.7727 roc=0.7709 
[2019-08-03 12:22:58,796]: length=141 accuarcy=0.7564 f1=0.7627 precision=0.7638 recall=0.7636 roc=0.7597 
[2019-08-03 12:23:23,770]: length=142 accuarcy=0.7755 f1=0.7809 precision=0.7822 recall=0.7818 roc=0.7780 
[2019-08-03 12:23:47,845]: length=143 accuarcy=0.7473 f1=0.7539 precision=0.7543 recall=0.7545 roc=0.7512 
[2019-08-03 12:24:09,783]: length=144 accuarcy=0.7655 f1=0.7715 precision=0.7735 recall=0.7727 roc=0.7682 
[2019-08-03 12:24:33,975]: length=145 accuarcy=0.7764 f1=0.7815 precision=0.7816 recall=0.7818 roc=0.7793 
[2019-08-03 12:24:58,613]: length=146 accuarcy=0.7564 f1=0.7620 precision=0.7649 recall=0.7636 roc=0.7584 
[2019-08-03 12:25:23,184]: length=147 accuarcy=0.7745 f1=0.7809 precision=0.7822 recall=0.7818 roc=0.7780 
[2019-08-03 12:25:47,415]: length=148 accuarcy=0.7573 f1=0.7627 precision=0.7638 recall=0.7636 roc=0.7597 
[2019-08-03 12:26:12,072]: length=149 accuarcy=0.7671 f1=0.7715 precision=0.7735 recall=0.7727 roc=0.7682 
[2019-08-03 12:26:35,893]: length=150 accuarcy=0.7655 f1=0.7715 precision=0.7735 recall=0.7727 roc=0.7682 
[2019-08-03 12:26:35,894]: ----------
[2019-08-03 12:26:35,894]: the max acc = 0.8127
[2019-08-03 12:26:35,895]: ['aromatic.uncharger.gap5' 'aromatic.uncharger.gap0'
 'uncharger.postivecharger.gap0' 'uncharger.aromatic.gap5'
 'uncharger.aromatic.gap1' 'alphaticr.alphaticr.gap5'
 'uncharger.uncharger.gap3' 'aromatic.uncharger.gap4'
 'alphaticr.alphaticr.gap0' 'postivecharger.negativecharger.gap5'
 'aromatic.negativecharger.gap0' 'aromatic.postivecharger.gap5'
 'alphaticr.postivecharger.gap3' 'aromatic.uncharger.gap2'
 'postivecharger.postivecharger.gap4' 'postivecharger.uncharger.gap5'
 'uncharger.postivecharger.gap2' 'postivecharger.uncharger.gap3'
 'alphaticr.aromatic.gap2' 'uncharger.postivecharger.gap1'
 'alphaticr.postivecharger.gap2' 'uncharger.negativecharger.gap1'
 'aromatic.alphaticr.gap4' 'postivecharger.alphaticr.gap3'
 'uncharger.alphaticr.gap5' 'postivecharger.uncharger.gap0'
 'negativecharger.alphaticr.gap4' 'postivecharger.aromatic.gap3'
 'postivecharger.postivecharger.gap1' 'negativecharger.uncharger.gap2'
 'alphaticr.alphaticr.gap4' 'postivecharger.alphaticr.gap0'
 'uncharger.alphaticr.gap0' 'uncharger.aromatic.gap0'
 'negativecharger.alphaticr.gap3' 'uncharger.uncharger.gap2'
 'alphaticr.alphaticr.gap1' 'uncharger.alphaticr.gap2'
 'alphaticr.negativecharger.gap3' 'uncharger.alphaticr.gap1'
 'postivecharger.uncharger.gap2' 'negativecharger.alphaticr.gap0'
 'postivecharger.uncharger.gap4' 'aromatic.negativecharger.gap5'
 'uncharger.postivecharger.gap4' 'uncharger.postivecharger.gap5'
 'negativecharger.aromatic.gap2' 'aromatic.uncharger.gap1'
 'uncharger.negativecharger.gap5' 'uncharger.aromatic.gap4'
 'postivecharger.alphaticr.gap1' 'postivecharger.aromatic.gap5'
 'alphaticr.negativecharger.gap5' 'negativecharger.negativecharger.gap2'
 'negativecharger.postivecharger.gap2' 'aromatic.postivecharger.gap4'
 'aromatic.alphaticr.gap5' 'postivecharger.negativecharger.gap0'
 'uncharger.aromatic.gap3' 'postivecharger.postivecharger.gap5'],length = 60
[2019-08-03 12:26:35,895]: -----------
[2019-08-03 12:26:47,998]: ***confusion matrix***
[2019-08-03 12:26:47,998]:                pos_class      neg_class      
[2019-08-03 12:26:47,998]: pos_class      TP:51             FN:8              
[2019-08-03 12:26:47,999]: neg_class      FP:12             TN:39             
[2019-08-03 12:26:47,999]: accuarcy = 0.8181818181818182 
[2019-08-03 12:26:48,000]: precision =0.8189186699824997 
[2019-08-03 12:26:48,002]: recall =0.8181818181818182
[2019-08-03 12:26:48,003]: f1 =0.8174518689741171 
[2019-08-03 12:26:48,004]: roc area = 0.814556331006979
[2019-08-03 12:26:48,057]: -----------
[2019-08-03 12:26:48,058]: The output by the terminal's log has been saved in the G:\多设备共享\work\MRMD2.0-github\Logs\201908031135.log.
[2019-08-03 12:26:48,069]: metrics have been saved in the G:\多设备共享\work\MRMD2.0-github\Results\test.arff.metrics.csv.
[2019-08-03 12:26:48,070]: reduced dimensional dataset has been saved in the G:\多设备共享\work\MRMD2.0-github\Results\test.arff.reduced_dimensional.csv.
[2019-08-03 12:26:48,070]: ---mrmd 2.0 end---
