[2019-08-18 16:14:53,273]: ---mrmd 2.0 start----
[2019-08-18 16:14:53,309]: ANOVA start...
[2019-08-18 16:14:53,321]: ANOVA end.
[2019-08-18 16:14:53,322]: mic start...
[2019-08-18 16:14:58,964]: mic end.
[2019-08-18 16:14:58,965]: mrmd start...
[2019-08-18 16:14:59,219]: mrmd end.
[2019-08-18 16:14:59,219]: mRMR start...
[2019-08-18 16:15:09,494]: mRMR end.
[2019-08-18 16:15:09,495]: lasso start...
[2019-08-18 16:15:09,522]: lasso end.
[2019-08-18 16:15:09,523]: lasso2 start...
[2019-08-18 16:15:10,294]: lasso2 end.
[2019-08-18 16:15:10,296]: rank start ...
[2019-08-18 16:15:10,321]: The final  rank is
[2019-08-18 16:15:10,321]: A : 0.0058
[2019-08-18 16:15:10,322]: C : 0.0058
[2019-08-18 16:15:10,322]: D : 0.0058
[2019-08-18 16:15:10,322]: E : 0.0058
[2019-08-18 16:15:10,322]: F : 0.0058
[2019-08-18 16:15:10,322]: H : 0.0058
[2019-08-18 16:15:10,322]: K : 0.0058
[2019-08-18 16:15:10,322]: L : 0.0058
[2019-08-18 16:15:10,322]: N : 0.0058
[2019-08-18 16:15:10,322]: P : 0.0058
[2019-08-18 16:15:10,322]: R : 0.0058
[2019-08-18 16:15:10,322]: S : 0.0058
[2019-08-18 16:15:10,322]: V : 0.0058
[2019-08-18 16:15:10,323]: alphatic : 0.0058
[2019-08-18 16:15:10,323]: aromatic : 0.0058
[2019-08-18 16:15:10,323]: postivecharge : 0.0058
[2019-08-18 16:15:10,323]: negativecharge : 0.0058
[2019-08-18 16:15:10,323]: uncharge : 0.0058
[2019-08-18 16:15:10,323]: Cornette_A : 0.0058
[2019-08-18 16:15:10,323]: Cornette_C : 0.0058
[2019-08-18 16:15:10,323]: Cornette_D : 0.0058
[2019-08-18 16:15:10,323]: Cornette_E : 0.0058
[2019-08-18 16:15:10,323]: Cornette_F : 0.0058
[2019-08-18 16:15:10,323]: Cornette_H : 0.0058
[2019-08-18 16:15:10,324]: Cornette_I : 0.0058
[2019-08-18 16:15:10,324]: Cornette_K : 0.0058
[2019-08-18 16:15:10,324]: Cornette_L : 0.0058
[2019-08-18 16:15:10,324]: Cornette_M : 0.0058
[2019-08-18 16:15:10,324]: Cornette_N : 0.0058
[2019-08-18 16:15:10,324]: Cornette_P : 0.0058
[2019-08-18 16:15:10,324]: Cornette_Q : 0.0058
[2019-08-18 16:15:10,324]: Cornette_R : 0.0058
[2019-08-18 16:15:10,324]: Cornette_S : 0.0058
[2019-08-18 16:15:10,324]: Cornette_T : 0.0058
[2019-08-18 16:15:10,324]: Cornette_V : 0.0058
[2019-08-18 16:15:10,325]: Cornette_Y : 0.0058
[2019-08-18 16:15:10,325]: Eisenberg_A : 0.0058
[2019-08-18 16:15:10,325]: Eisenberg_C : 0.0058
[2019-08-18 16:15:10,325]: Eisenberg_D : 0.0058
[2019-08-18 16:15:10,325]: Eisenberg_E : 0.0058
[2019-08-18 16:15:10,325]: Eisenberg_F : 0.0058
[2019-08-18 16:15:10,325]: Eisenberg_H : 0.0058
[2019-08-18 16:15:10,325]: Eisenberg_I : 0.0058
[2019-08-18 16:15:10,325]: Eisenberg_K : 0.0058
[2019-08-18 16:15:10,325]: Eisenberg_L : 0.0058
[2019-08-18 16:15:10,325]: Eisenberg_N : 0.0058
[2019-08-18 16:15:10,325]: Eisenberg_P : 0.0058
[2019-08-18 16:15:10,326]: Eisenberg_R : 0.0058
[2019-08-18 16:15:10,326]: Eisenberg_S : 0.0058
[2019-08-18 16:15:10,326]: Eisenberg_V : 0.0058
[2019-08-18 16:15:10,326]: Engelman_GES_A : 0.0058
[2019-08-18 16:15:10,326]: Engelman_GES_C : 0.0058
[2019-08-18 16:15:10,326]: Engelman_GES_D : 0.0058
[2019-08-18 16:15:10,326]: Engelman_GES_E : 0.0058
[2019-08-18 16:15:10,326]: Engelman_GES_F : 0.0058
[2019-08-18 16:15:10,326]: Engelman_GES_H : 0.0058
[2019-08-18 16:15:10,326]: Engelman_GES_I : 0.0058
[2019-08-18 16:15:10,326]: Engelman_GES_K : 0.0058
[2019-08-18 16:15:10,327]: Engelman_GES_L : 0.0058
[2019-08-18 16:15:10,327]: Engelman_GES_M : 0.0058
[2019-08-18 16:15:10,327]: Engelman_GES_N : 0.0058
[2019-08-18 16:15:10,327]: Engelman_GES_P : 0.0058
[2019-08-18 16:15:10,327]: Engelman_GES_Q : 0.0058
[2019-08-18 16:15:10,327]: Engelman_GES_R : 0.0058
[2019-08-18 16:15:10,327]: Engelman_GES_S : 0.0058
[2019-08-18 16:15:10,327]: Engelman_GES_V : 0.0058
[2019-08-18 16:15:10,327]: Hopp_Woods_A : 0.0058
[2019-08-18 16:15:10,327]: Hopp_Woods_C : 0.0058
[2019-08-18 16:15:10,327]: Hopp_Woods_D : 0.0058
[2019-08-18 16:15:10,327]: Hopp_Woods_E : 0.0058
[2019-08-18 16:15:10,327]: Hopp_Woods_F : 0.0058
[2019-08-18 16:15:10,328]: Hopp_Woods_H : 0.0058
[2019-08-18 16:15:10,328]: Hopp_Woods_I : 0.0058
[2019-08-18 16:15:10,328]: Hopp_Woods_K : 0.0058
[2019-08-18 16:15:10,328]: Hopp_Woods_L : 0.0058
[2019-08-18 16:15:10,328]: Hopp_Woods_M : 0.0058
[2019-08-18 16:15:10,328]: Hopp_Woods_R : 0.0058
[2019-08-18 16:15:10,328]: Hopp_Woods_S : 0.0058
[2019-08-18 16:15:10,328]: Hopp_Woods_V : 0.0058
[2019-08-18 16:15:10,328]: Hopp_Woods_W : 0.0058
[2019-08-18 16:15:10,328]: Hopp_Woods_Y : 0.0058
[2019-08-18 16:15:10,328]: Janin_A : 0.0058
[2019-08-18 16:15:10,329]: Janin_C : 0.0058
[2019-08-18 16:15:10,329]: Janin_D : 0.0058
[2019-08-18 16:15:10,329]: Janin_E : 0.0058
[2019-08-18 16:15:10,329]: Janin_F : 0.0058
[2019-08-18 16:15:10,329]: Janin_H : 0.0058
[2019-08-18 16:15:10,329]: Janin_K : 0.0058
[2019-08-18 16:15:10,329]: Janin_L : 0.0058
[2019-08-18 16:15:10,330]: Janin_N : 0.0058
[2019-08-18 16:15:10,330]: Janin_P : 0.0058
[2019-08-18 16:15:10,330]: Janin_R : 0.0058
[2019-08-18 16:15:10,330]: Janin_S : 0.0058
[2019-08-18 16:15:10,330]: Janin_Y : 0.0058
[2019-08-18 16:15:10,330]: Kyte_Doolittle_A : 0.0058
[2019-08-18 16:15:10,330]: Kyte_Doolittle_C : 0.0058
[2019-08-18 16:15:10,330]: Kyte_Doolittle_D : 0.0058
[2019-08-18 16:15:10,330]: Kyte_Doolittle_E : 0.0058
[2019-08-18 16:15:10,330]: Kyte_Doolittle_F : 0.0058
[2019-08-18 16:15:10,330]: Kyte_Doolittle_H : 0.0058
[2019-08-18 16:15:10,330]: Kyte_Doolittle_I : 0.0058
[2019-08-18 16:15:10,331]: Kyte_Doolittle_K : 0.0058
[2019-08-18 16:15:10,331]: Kyte_Doolittle_L : 0.0058
[2019-08-18 16:15:10,331]: Kyte_Doolittle_N : 0.0058
[2019-08-18 16:15:10,331]: Kyte_Doolittle_P : 0.0058
[2019-08-18 16:15:10,331]: Kyte_Doolittle_Q : 0.0058
[2019-08-18 16:15:10,331]: Kyte_Doolittle_R : 0.0058
[2019-08-18 16:15:10,331]: Kyte_Doolittle_S : 0.0058
[2019-08-18 16:15:10,331]: Kyte_Doolittle_V : 0.0058
[2019-08-18 16:15:10,331]: Kyte_Doolittle_Y : 0.0058
[2019-08-18 16:15:10,331]: Rose_A : 0.0058
[2019-08-18 16:15:10,331]: Rose_C : 0.0058
[2019-08-18 16:15:10,331]: Rose_D : 0.0058
[2019-08-18 16:15:10,332]: Rose_E : 0.0058
[2019-08-18 16:15:10,332]: Rose_F : 0.0058
[2019-08-18 16:15:10,332]: Rose_H : 0.0058
[2019-08-18 16:15:10,332]: Rose_L : 0.0058
[2019-08-18 16:15:10,332]: Rose_P : 0.0058
[2019-08-18 16:15:10,332]: Rose_R : 0.0058
[2019-08-18 16:15:10,332]: Rose_S : 0.0058
[2019-08-18 16:15:10,332]: Rose_V : 0.0058
[2019-08-18 16:15:10,332]: hydrophobicity : 0.0058
[2019-08-18 16:15:10,332]: moderate : 0.0058
[2019-08-18 16:15:10,332]: hydrophily : 0.0058
[2019-08-18 16:15:10,332]: positve : 0.0058
[2019-08-18 16:15:10,333]: neutral : 0.0058
[2019-08-18 16:15:10,333]: negative : 0.0058
[2019-08-18 16:15:10,333]: polar : 0.0058
[2019-08-18 16:15:10,333]: nonpolar : 0.0058
[2019-08-18 16:15:10,333]: basic_polar : 0.0058
[2019-08-18 16:15:10,333]: acidic_polar : 0.0058
[2019-08-18 16:15:10,333]: aliphatic : 0.0058
[2019-08-18 16:15:10,333]: aromatic.1 : 0.0058
[2019-08-18 16:15:10,333]: heterocyclics : 0.0058
[2019-08-18 16:15:10,333]: Janin_Q : 0.0058
[2019-08-18 16:15:10,333]: Eisenberg_Q : 0.0058
[2019-08-18 16:15:10,334]: Kyte_Doolittle_M : 0.0058
[2019-08-18 16:15:10,334]: Janin_V : 0.0058
[2019-08-18 16:15:10,334]: Janin_W : 0.0058
[2019-08-18 16:15:10,334]: Engelman_GES_Y : 0.0058
[2019-08-18 16:15:10,334]: Rose_N : 0.0058
[2019-08-18 16:15:10,334]: Kyte_Doolittle_T : 0.0058
[2019-08-18 16:15:10,334]: Rose_K : 0.0058
[2019-08-18 16:15:10,334]: Eisenberg_T : 0.0058
[2019-08-18 16:15:10,334]: Rose_I : 0.0058
[2019-08-18 16:15:10,334]: Hopp_Woods_N : 0.0058
[2019-08-18 16:15:10,334]: Engelman_GES_T : 0.0058
[2019-08-18 16:15:10,334]: I : 0.0058
[2019-08-18 16:15:10,335]: Rose_Y : 0.0058
[2019-08-18 16:15:10,335]: M : 0.0058
[2019-08-18 16:15:10,335]: Janin_I : 0.0057
[2019-08-18 16:15:10,335]: Rose_M : 0.0057
[2019-08-18 16:15:10,335]: Y : 0.0057
[2019-08-18 16:15:10,335]: Eisenberg_M : 0.0057
[2019-08-18 16:15:10,335]: T : 0.0057
[2019-08-18 16:15:10,335]: Eisenberg_Y : 0.0057
[2019-08-18 16:15:10,335]: Janin_T : 0.0056
[2019-08-18 16:15:10,335]: Q : 0.0056
[2019-08-18 16:15:10,335]: G : 0.0056
[2019-08-18 16:15:10,335]: Hopp_Woods_T : 0.0055
[2019-08-18 16:15:10,336]: Kyte_Doolittle_G : 0.0055
[2019-08-18 16:15:10,336]: Engelman_GES_G : 0.0054
[2019-08-18 16:15:10,336]: Janin_M : 0.0054
[2019-08-18 16:15:10,336]: Rose_W : 0.0053
[2019-08-18 16:15:10,336]: Rose_T : 0.0052
[2019-08-18 16:15:10,336]: Kyte_Doolittle_W : 0.0051
[2019-08-18 16:15:10,336]: Eisenberg_W : 0.0050
[2019-08-18 16:15:10,336]: Rose_Q : 0.0048
[2019-08-18 16:15:10,336]: Janin_G : 0.0047
[2019-08-18 16:15:10,336]: Hopp_Woods_Q : 0.0045
[2019-08-18 16:15:10,336]: Engelman_GES_W : 0.0042
[2019-08-18 16:15:10,336]: Rose_G : 0.0039
[2019-08-18 16:15:10,337]: Cornette_W : 0.0036
[2019-08-18 16:15:10,337]: W : 0.0032
[2019-08-18 16:15:10,337]: Eisenberg_G : 0.0028
[2019-08-18 16:15:10,337]: Cornette_G : 0.0022
[2019-08-18 16:15:10,337]: Hopp_Woods_G : 0.0016
[2019-08-18 16:15:10,337]: Hopp_Woods_P : 0.0009
[2019-08-18 16:15:10,337]: feature_rank end
[2019-08-18 16:15:10,357]: Start dimension reduction ...
[2019-08-18 16:15:14,463]: length=1 f1=0.5877 accuarcy=0.5870 precision=0.5974 recall=0.5870 roc=0.5916 
[2019-08-18 16:15:18,657]: length=2 f1=0.7697 accuarcy=0.7717 precision=0.7723 recall=0.7717 roc=0.7630 
[2019-08-18 16:15:22,828]: length=3 f1=0.8367 accuarcy=0.8370 precision=0.8367 recall=0.8370 roc=0.8338 
[2019-08-18 16:15:26,931]: length=4 f1=0.8256 accuarcy=0.8261 precision=0.8259 recall=0.8261 roc=0.8216 
[2019-08-18 16:15:31,179]: length=5 f1=0.8143 accuarcy=0.8152 precision=0.8152 recall=0.8152 roc=0.8094 
[2019-08-18 16:15:35,494]: length=6 f1=0.8355 accuarcy=0.8370 precision=0.8391 recall=0.8370 roc=0.8290 
[2019-08-18 16:15:39,635]: length=7 f1=0.8249 accuarcy=0.8261 precision=0.8269 recall=0.8261 roc=0.8192 
[2019-08-18 16:15:43,777]: length=8 f1=0.8249 accuarcy=0.8261 precision=0.8269 recall=0.8261 roc=0.8192 
[2019-08-18 16:15:47,992]: length=9 f1=0.8143 accuarcy=0.8152 precision=0.8152 recall=0.8152 roc=0.8094 
[2019-08-18 16:15:52,621]: length=10 f1=0.8143 accuarcy=0.8152 precision=0.8152 recall=0.8152 roc=0.8094 
[2019-08-18 16:15:56,956]: length=11 f1=0.8580 accuarcy=0.8587 precision=0.8592 recall=0.8587 roc=0.8534 
[2019-08-18 16:16:01,248]: length=12 f1=0.8249 accuarcy=0.8261 precision=0.8269 recall=0.8261 roc=0.8192 
[2019-08-18 16:16:05,258]: length=13 f1=0.8362 accuarcy=0.8370 precision=0.8372 recall=0.8370 roc=0.8314 
[2019-08-18 16:16:09,577]: length=14 f1=0.8150 accuarcy=0.8152 precision=0.8149 recall=0.8152 roc=0.8118 
[2019-08-18 16:16:13,681]: length=15 f1=0.8474 accuarcy=0.8478 precision=0.8478 recall=0.8478 roc=0.8436 
[2019-08-18 16:16:17,938]: length=16 f1=0.8261 accuarcy=0.8261 precision=0.8261 recall=0.8261 roc=0.8240 
[2019-08-18 16:16:22,076]: length=17 f1=0.8043 accuarcy=0.8043 precision=0.8043 recall=0.8043 roc=0.8020 
[2019-08-18 16:16:26,048]: length=18 f1=0.8043 accuarcy=0.8043 precision=0.8043 recall=0.8043 roc=0.8020 
[2019-08-18 16:16:29,881]: length=19 f1=0.8150 accuarcy=0.8152 precision=0.8149 recall=0.8152 roc=0.8118 
[2019-08-18 16:16:33,918]: length=20 f1=0.8468 accuarcy=0.8478 precision=0.8491 recall=0.8478 roc=0.8412 
[2019-08-18 16:16:37,944]: length=21 f1=0.8256 accuarcy=0.8261 precision=0.8259 recall=0.8261 roc=0.8216 
[2019-08-18 16:16:41,860]: length=22 f1=0.8362 accuarcy=0.8370 precision=0.8372 recall=0.8370 roc=0.8314 
[2019-08-18 16:16:45,751]: length=23 f1=0.8256 accuarcy=0.8261 precision=0.8259 recall=0.8261 roc=0.8216 
[2019-08-18 16:16:49,824]: length=24 f1=0.8150 accuarcy=0.8152 precision=0.8149 recall=0.8152 roc=0.8118 
[2019-08-18 16:16:54,244]: length=25 f1=0.8468 accuarcy=0.8478 precision=0.8491 recall=0.8478 roc=0.8412 
[2019-08-18 16:16:58,314]: length=26 f1=0.8362 accuarcy=0.8370 precision=0.8372 recall=0.8370 roc=0.8314 
[2019-08-18 16:17:02,485]: length=27 f1=0.8574 accuarcy=0.8587 precision=0.8614 recall=0.8587 roc=0.8510 
[2019-08-18 16:17:06,755]: length=28 f1=0.8355 accuarcy=0.8370 precision=0.8391 recall=0.8370 roc=0.8290 
[2019-08-18 16:17:10,857]: length=29 f1=0.8256 accuarcy=0.8261 precision=0.8259 recall=0.8261 roc=0.8216 
[2019-08-18 16:17:14,984]: length=30 f1=0.8256 accuarcy=0.8261 precision=0.8259 recall=0.8261 roc=0.8216 
[2019-08-18 16:17:18,957]: length=31 f1=0.8468 accuarcy=0.8478 precision=0.8491 recall=0.8478 roc=0.8412 
[2019-08-18 16:17:22,903]: length=32 f1=0.8580 accuarcy=0.8587 precision=0.8592 recall=0.8587 roc=0.8534 
[2019-08-18 16:17:27,194]: length=33 f1=0.8256 accuarcy=0.8261 precision=0.8259 recall=0.8261 roc=0.8216 
[2019-08-18 16:17:31,166]: length=34 f1=0.8468 accuarcy=0.8478 precision=0.8491 recall=0.8478 roc=0.8412 
[2019-08-18 16:17:35,031]: length=35 f1=0.8256 accuarcy=0.8261 precision=0.8259 recall=0.8261 roc=0.8216 
[2019-08-18 16:17:39,153]: length=36 f1=0.8468 accuarcy=0.8478 precision=0.8491 recall=0.8478 roc=0.8412 
[2019-08-18 16:17:43,392]: length=37 f1=0.8256 accuarcy=0.8261 precision=0.8259 recall=0.8261 roc=0.8216 
[2019-08-18 16:17:47,285]: length=38 f1=0.8362 accuarcy=0.8370 precision=0.8372 recall=0.8370 roc=0.8314 
[2019-08-18 16:17:51,199]: length=39 f1=0.8256 accuarcy=0.8261 precision=0.8259 recall=0.8261 roc=0.8216 
[2019-08-18 16:17:55,332]: length=40 f1=0.8362 accuarcy=0.8370 precision=0.8372 recall=0.8370 roc=0.8314 
[2019-08-18 16:17:59,700]: length=41 f1=0.8362 accuarcy=0.8370 precision=0.8372 recall=0.8370 roc=0.8314 
[2019-08-18 16:18:03,760]: length=42 f1=0.8362 accuarcy=0.8370 precision=0.8372 recall=0.8370 roc=0.8314 
[2019-08-18 16:18:07,869]: length=43 f1=0.8468 accuarcy=0.8478 precision=0.8491 recall=0.8478 roc=0.8412 
[2019-08-18 16:18:11,880]: length=44 f1=0.8574 accuarcy=0.8587 precision=0.8614 recall=0.8587 roc=0.8510 
[2019-08-18 16:18:15,821]: length=45 f1=0.8256 accuarcy=0.8261 precision=0.8259 recall=0.8261 roc=0.8216 
[2019-08-18 16:18:20,311]: length=46 f1=0.8362 accuarcy=0.8370 precision=0.8372 recall=0.8370 roc=0.8314 
[2019-08-18 16:18:24,723]: length=47 f1=0.8574 accuarcy=0.8587 precision=0.8614 recall=0.8587 roc=0.8510 
[2019-08-18 16:18:29,224]: length=48 f1=0.8362 accuarcy=0.8370 precision=0.8372 recall=0.8370 roc=0.8314 
[2019-08-18 16:18:33,667]: length=49 f1=0.8574 accuarcy=0.8587 precision=0.8614 recall=0.8587 roc=0.8510 
[2019-08-18 16:18:37,806]: length=50 f1=0.8468 accuarcy=0.8478 precision=0.8491 recall=0.8478 roc=0.8412 
[2019-08-18 16:18:42,178]: length=51 f1=0.8460 accuarcy=0.8478 precision=0.8518 recall=0.8478 roc=0.8388 
[2019-08-18 16:18:46,232]: length=52 f1=0.8256 accuarcy=0.8261 precision=0.8259 recall=0.8261 roc=0.8216 
[2019-08-18 16:18:50,303]: length=53 f1=0.8580 accuarcy=0.8587 precision=0.8592 recall=0.8587 roc=0.8534 
[2019-08-18 16:18:54,844]: length=54 f1=0.8362 accuarcy=0.8370 precision=0.8372 recall=0.8370 roc=0.8314 
[2019-08-18 16:18:59,128]: length=55 f1=0.8362 accuarcy=0.8370 precision=0.8372 recall=0.8370 roc=0.8314 
[2019-08-18 16:19:03,303]: length=56 f1=0.8580 accuarcy=0.8587 precision=0.8592 recall=0.8587 roc=0.8534 
[2019-08-18 16:19:07,384]: length=57 f1=0.8256 accuarcy=0.8261 precision=0.8259 recall=0.8261 roc=0.8216 
[2019-08-18 16:19:11,381]: length=58 f1=0.8362 accuarcy=0.8370 precision=0.8372 recall=0.8370 roc=0.8314 
[2019-08-18 16:19:15,381]: length=59 f1=0.8249 accuarcy=0.8261 precision=0.8269 recall=0.8261 roc=0.8192 
[2019-08-18 16:19:19,362]: length=60 f1=0.8468 accuarcy=0.8478 precision=0.8491 recall=0.8478 roc=0.8412 
[2019-08-18 16:19:23,643]: length=61 f1=0.8355 accuarcy=0.8370 precision=0.8391 recall=0.8370 roc=0.8290 
[2019-08-18 16:19:27,611]: length=62 f1=0.8468 accuarcy=0.8478 precision=0.8491 recall=0.8478 roc=0.8412 
[2019-08-18 16:19:31,790]: length=63 f1=0.8687 accuarcy=0.8696 precision=0.8712 recall=0.8696 roc=0.8632 
[2019-08-18 16:19:36,546]: length=64 f1=0.8474 accuarcy=0.8478 precision=0.8478 recall=0.8478 roc=0.8436 
[2019-08-18 16:19:41,345]: length=65 f1=0.8474 accuarcy=0.8478 precision=0.8478 recall=0.8478 roc=0.8436 
[2019-08-18 16:19:46,406]: length=66 f1=0.8580 accuarcy=0.8587 precision=0.8592 recall=0.8587 roc=0.8534 
[2019-08-18 16:19:50,864]: length=67 f1=0.8468 accuarcy=0.8478 precision=0.8491 recall=0.8478 roc=0.8412 
[2019-08-18 16:19:55,348]: length=68 f1=0.8474 accuarcy=0.8478 precision=0.8478 recall=0.8478 roc=0.8436 
[2019-08-18 16:20:01,009]: length=69 f1=0.8468 accuarcy=0.8478 precision=0.8491 recall=0.8478 roc=0.8412 
[2019-08-18 16:20:05,243]: length=70 f1=0.8249 accuarcy=0.8261 precision=0.8269 recall=0.8261 roc=0.8192 
[2019-08-18 16:20:09,242]: length=71 f1=0.8256 accuarcy=0.8261 precision=0.8259 recall=0.8261 roc=0.8216 
[2019-08-18 16:20:13,517]: length=72 f1=0.8362 accuarcy=0.8370 precision=0.8372 recall=0.8370 roc=0.8314 
[2019-08-18 16:20:17,423]: length=73 f1=0.8580 accuarcy=0.8587 precision=0.8592 recall=0.8587 roc=0.8534 
[2019-08-18 16:20:21,815]: length=74 f1=0.8355 accuarcy=0.8370 precision=0.8391 recall=0.8370 roc=0.8290 
[2019-08-18 16:20:25,907]: length=75 f1=0.8468 accuarcy=0.8478 precision=0.8491 recall=0.8478 roc=0.8412 
[2019-08-18 16:20:29,987]: length=76 f1=0.8143 accuarcy=0.8152 precision=0.8152 recall=0.8152 roc=0.8094 
[2019-08-18 16:20:34,133]: length=77 f1=0.8468 accuarcy=0.8478 precision=0.8491 recall=0.8478 roc=0.8412 
[2019-08-18 16:20:38,555]: length=78 f1=0.8680 accuarcy=0.8696 precision=0.8743 recall=0.8696 roc=0.8608 
[2019-08-18 16:20:42,673]: length=79 f1=0.8362 accuarcy=0.8370 precision=0.8372 recall=0.8370 roc=0.8314 
[2019-08-18 16:20:46,764]: length=80 f1=0.8574 accuarcy=0.8587 precision=0.8614 recall=0.8587 roc=0.8510 
[2019-08-18 16:20:50,929]: length=81 f1=0.8362 accuarcy=0.8370 precision=0.8372 recall=0.8370 roc=0.8314 
[2019-08-18 16:20:55,126]: length=82 f1=0.8355 accuarcy=0.8370 precision=0.8391 recall=0.8370 roc=0.8290 
[2019-08-18 16:20:59,802]: length=83 f1=0.8580 accuarcy=0.8587 precision=0.8592 recall=0.8587 roc=0.8534 
[2019-08-18 16:21:03,896]: length=84 f1=0.8468 accuarcy=0.8478 precision=0.8491 recall=0.8478 roc=0.8412 
[2019-08-18 16:21:07,968]: length=85 f1=0.8249 accuarcy=0.8261 precision=0.8269 recall=0.8261 roc=0.8192 
[2019-08-18 16:21:12,248]: length=86 f1=0.8574 accuarcy=0.8587 precision=0.8614 recall=0.8587 roc=0.8510 
[2019-08-18 16:21:16,656]: length=87 f1=0.8468 accuarcy=0.8478 precision=0.8491 recall=0.8478 roc=0.8412 
[2019-08-18 16:21:21,098]: length=88 f1=0.8468 accuarcy=0.8478 precision=0.8491 recall=0.8478 roc=0.8412 
[2019-08-18 16:21:25,442]: length=89 f1=0.8574 accuarcy=0.8587 precision=0.8614 recall=0.8587 roc=0.8510 
[2019-08-18 16:21:29,684]: length=90 f1=0.8468 accuarcy=0.8478 precision=0.8491 recall=0.8478 roc=0.8412 
[2019-08-18 16:21:33,945]: length=91 f1=0.8468 accuarcy=0.8478 precision=0.8491 recall=0.8478 roc=0.8412 
[2019-08-18 16:21:38,145]: length=92 f1=0.8468 accuarcy=0.8478 precision=0.8491 recall=0.8478 roc=0.8412 
[2019-08-18 16:21:42,337]: length=93 f1=0.8355 accuarcy=0.8370 precision=0.8391 recall=0.8370 roc=0.8290 
[2019-08-18 16:21:46,604]: length=94 f1=0.8474 accuarcy=0.8478 precision=0.8478 recall=0.8478 roc=0.8436 
[2019-08-18 16:21:50,865]: length=95 f1=0.8043 accuarcy=0.8043 precision=0.8043 recall=0.8043 roc=0.8020 
[2019-08-18 16:21:55,293]: length=96 f1=0.8468 accuarcy=0.8478 precision=0.8491 recall=0.8478 roc=0.8412 
[2019-08-18 16:21:59,726]: length=97 f1=0.8574 accuarcy=0.8587 precision=0.8614 recall=0.8587 roc=0.8510 
[2019-08-18 16:22:04,609]: length=98 f1=0.8468 accuarcy=0.8478 precision=0.8491 recall=0.8478 roc=0.8412 
[2019-08-18 16:22:09,017]: length=99 f1=0.8460 accuarcy=0.8478 precision=0.8518 recall=0.8478 roc=0.8388 
[2019-08-18 16:22:13,359]: length=100 f1=0.8574 accuarcy=0.8587 precision=0.8614 recall=0.8587 roc=0.8510 
[2019-08-18 16:22:17,943]: length=101 f1=0.8580 accuarcy=0.8587 precision=0.8592 recall=0.8587 roc=0.8534 
[2019-08-18 16:22:22,634]: length=102 f1=0.8468 accuarcy=0.8478 precision=0.8491 recall=0.8478 roc=0.8412 
[2019-08-18 16:22:27,633]: length=103 f1=0.8574 accuarcy=0.8587 precision=0.8614 recall=0.8587 roc=0.8510 
[2019-08-18 16:22:32,008]: length=104 f1=0.8687 accuarcy=0.8696 precision=0.8712 recall=0.8696 roc=0.8632 
[2019-08-18 16:22:36,366]: length=105 f1=0.8680 accuarcy=0.8696 precision=0.8743 recall=0.8696 roc=0.8608 
[2019-08-18 16:22:41,164]: length=106 f1=0.8362 accuarcy=0.8370 precision=0.8372 recall=0.8370 roc=0.8314 
[2019-08-18 16:22:46,565]: length=107 f1=0.8574 accuarcy=0.8587 precision=0.8614 recall=0.8587 roc=0.8510 
[2019-08-18 16:22:52,026]: length=108 f1=0.8362 accuarcy=0.8370 precision=0.8372 recall=0.8370 roc=0.8314 
[2019-08-18 16:22:57,083]: length=109 f1=0.8249 accuarcy=0.8261 precision=0.8269 recall=0.8261 roc=0.8192 
[2019-08-18 16:23:04,930]: length=110 f1=0.8468 accuarcy=0.8478 precision=0.8491 recall=0.8478 roc=0.8412 
[2019-08-18 16:23:10,372]: length=111 f1=0.8687 accuarcy=0.8696 precision=0.8712 recall=0.8696 roc=0.8632 
[2019-08-18 16:23:15,274]: length=112 f1=0.8574 accuarcy=0.8587 precision=0.8614 recall=0.8587 roc=0.8510 
[2019-08-18 16:23:20,378]: length=113 f1=0.8574 accuarcy=0.8587 precision=0.8614 recall=0.8587 roc=0.8510 
[2019-08-18 16:23:26,715]: length=114 f1=0.8362 accuarcy=0.8370 precision=0.8372 recall=0.8370 roc=0.8314 
[2019-08-18 16:23:34,250]: length=115 f1=0.8355 accuarcy=0.8370 precision=0.8391 recall=0.8370 roc=0.8290 
[2019-08-18 16:23:42,732]: length=116 f1=0.8355 accuarcy=0.8370 precision=0.8391 recall=0.8370 roc=0.8290 
[2019-08-18 16:23:50,574]: length=117 f1=0.8687 accuarcy=0.8696 precision=0.8712 recall=0.8696 roc=0.8632 
[2019-08-18 16:23:57,781]: length=118 f1=0.8355 accuarcy=0.8370 precision=0.8391 recall=0.8370 roc=0.8290 
[2019-08-18 16:24:04,590]: length=119 f1=0.8362 accuarcy=0.8370 precision=0.8372 recall=0.8370 roc=0.8314 
[2019-08-18 16:24:12,558]: length=120 f1=0.8468 accuarcy=0.8478 precision=0.8491 recall=0.8478 roc=0.8412 
[2019-08-18 16:24:20,191]: length=121 f1=0.8474 accuarcy=0.8478 precision=0.8478 recall=0.8478 roc=0.8436 
[2019-08-18 16:24:27,698]: length=122 f1=0.8362 accuarcy=0.8370 precision=0.8372 recall=0.8370 roc=0.8314 
[2019-08-18 16:24:35,807]: length=123 f1=0.8468 accuarcy=0.8478 precision=0.8491 recall=0.8478 roc=0.8412 
[2019-08-18 16:24:43,607]: length=124 f1=0.8580 accuarcy=0.8587 precision=0.8592 recall=0.8587 roc=0.8534 
[2019-08-18 16:24:51,233]: length=125 f1=0.8468 accuarcy=0.8478 precision=0.8491 recall=0.8478 roc=0.8412 
[2019-08-18 16:24:58,777]: length=126 f1=0.8574 accuarcy=0.8587 precision=0.8614 recall=0.8587 roc=0.8510 
