[2019-08-02 21:30:08,467]: ---mrmd 2.0 start----
[2019-08-02 21:30:08,881]: ANOVA start...
[2019-08-02 21:30:09,040]: ANOVA end.
[2019-08-02 21:30:09,041]: mic start...
[2019-08-02 21:30:20,986]: mic end.
[2019-08-02 21:30:20,986]: mrmd start...
[2019-08-02 21:30:21,204]: mrmd end.
[2019-08-02 21:30:21,204]: mRMR start...
[2019-08-02 21:31:06,033]: mRMR end.
[2019-08-02 21:31:06,033]: lasso start...
[2019-08-02 21:31:06,126]: lasso end.
[2019-08-02 21:33:07,161]: rank start ...
[2019-08-02 21:33:07,188]: The final  rank is
[2019-08-02 21:33:07,188]: AU_PC-PseDNC-General : 0.0117
[2019-08-02 21:33:07,189]: 34_DAC : 0.0115
[2019-08-02 21:33:07,189]: GG_PC-PseDNC-General : 0.0115
[2019-08-02 21:33:07,189]: CA_Kmer2 : 0.0115
[2019-08-02 21:33:07,190]: 33_DAC : 0.0115
[2019-08-02 21:33:07,190]: 24_DAC : 0.0113
[2019-08-02 21:33:07,190]: 54_DAC : 0.0113
[2019-08-02 21:33:07,190]: 2_DAC : 0.0113
[2019-08-02 21:33:07,190]: 4_DAC : 0.0113
[2019-08-02 21:33:07,190]: 36_DAC : 0.0112
[2019-08-02 21:33:07,191]: 27_DAC : 0.0112
[2019-08-02 21:33:07,191]: 15_DAC : 0.0111
[2019-08-02 21:33:07,191]: 32_DAC : 0.0111
[2019-08-02 21:33:07,191]: GU_Kmer2 : 0.0111
[2019-08-02 21:33:07,191]: GA_Kmer2 : 0.0110
[2019-08-02 21:33:07,191]: 52_DAC : 0.0110
[2019-08-02 21:33:07,191]: 26_DAC : 0.0110
[2019-08-02 21:33:07,192]: lambda10_PC-PseDNC-General : 0.0110
[2019-08-02 21:33:07,192]: 56_DAC : 0.0110
[2019-08-02 21:33:07,192]: UU_Kmer2 : 0.0109
[2019-08-02 21:33:07,192]: 48_DAC : 0.0109
[2019-08-02 21:33:07,192]: 35_DAC : 0.0107
[2019-08-02 21:33:07,192]: 53_DAC : 0.0107
[2019-08-02 21:33:07,193]: 10_DAC : 0.0107
[2019-08-02 21:33:07,193]: UA_Kmer2 : 0.0106
[2019-08-02 21:33:07,193]: 21_DAC : 0.0106
[2019-08-02 21:33:07,193]: 16_DAC : 0.0106
[2019-08-02 21:33:07,194]: lambda9_PC-PseDNC-General : 0.0106
[2019-08-02 21:33:07,194]: UC_PC-PseDNC-General : 0.0106
[2019-08-02 21:33:07,194]: 58_DAC : 0.0105
[2019-08-02 21:33:07,194]: 22_DAC : 0.0105
[2019-08-02 21:33:07,194]: UU_PC-PseDNC-General : 0.0105
[2019-08-02 21:33:07,194]: lambda2_PC-PseDNC-General : 0.0105
[2019-08-02 21:33:07,194]: GC_Kmer2 : 0.0105
[2019-08-02 21:33:07,195]: AA_PC-PseDNC-General : 0.0104
[2019-08-02 21:33:07,195]: UA_PC-PseDNC-General : 0.0104
[2019-08-02 21:33:07,195]: 9_DAC : 0.0104
[2019-08-02 21:33:07,195]: 59_DAC : 0.0104
[2019-08-02 21:33:07,195]: CG_Kmer2 : 0.0104
[2019-08-02 21:33:07,195]: GU_PC-PseDNC-General : 0.0103
[2019-08-02 21:33:07,196]: 57_DAC : 0.0103
[2019-08-02 21:33:07,196]: 29_DAC : 0.0102
[2019-08-02 21:33:07,196]: UG_PC-PseDNC-General : 0.0102
[2019-08-02 21:33:07,196]: 11_DAC : 0.0100
[2019-08-02 21:33:07,196]: CG_PC-PseDNC-General : 0.0099
[2019-08-02 21:33:07,196]: 47_DAC : 0.0099
[2019-08-02 21:33:07,196]: 44_DAC : 0.0099
[2019-08-02 21:33:07,197]: 38_DAC : 0.0099
[2019-08-02 21:33:07,197]: 18_DAC : 0.0098
[2019-08-02 21:33:07,197]: 17_DAC : 0.0098
[2019-08-02 21:33:07,197]: lambda1_PC-PseDNC-General : 0.0098
[2019-08-02 21:33:07,197]: lambda7_PC-PseDNC-General : 0.0098
[2019-08-02 21:33:07,197]: 7_DAC : 0.0098
[2019-08-02 21:33:07,198]: 45_DAC : 0.0098
[2019-08-02 21:33:07,198]: AC_PC-PseDNC-General : 0.0098
[2019-08-02 21:33:07,198]: 37_DAC : 0.0097
[2019-08-02 21:33:07,198]: 23_DAC : 0.0097
[2019-08-02 21:33:07,198]: 28_DAC : 0.0097
[2019-08-02 21:33:07,198]: UG_Kmer2 : 0.0097
[2019-08-02 21:33:07,198]: 41_DAC : 0.0097
[2019-08-02 21:33:07,199]: CC_Kmer2 : 0.0097
[2019-08-02 21:33:07,199]: 14_DAC : 0.0096
[2019-08-02 21:33:07,199]: AC_Kmer2 : 0.0096
[2019-08-02 21:33:07,199]: GA_PC-PseDNC-General : 0.0096
[2019-08-02 21:33:07,199]: CU_PC-PseDNC-General : 0.0095
[2019-08-02 21:33:07,199]: AA_Kmer2 : 0.0095
[2019-08-02 21:33:07,199]: 50_DAC : 0.0094
[2019-08-02 21:33:07,199]: 19_DAC : 0.0094
[2019-08-02 21:33:07,199]: 39_DAC : 0.0094
[2019-08-02 21:33:07,199]: GC_PC-PseDNC-General : 0.0094
[2019-08-02 21:33:07,200]: 55_DAC : 0.0093
[2019-08-02 21:33:07,200]: GG_Kmer2 : 0.0093
[2019-08-02 21:33:07,200]: lambda8_PC-PseDNC-General : 0.0093
[2019-08-02 21:33:07,200]: 51_DAC : 0.0093
[2019-08-02 21:33:07,200]: lambda4_PC-PseDNC-General : 0.0093
[2019-08-02 21:33:07,200]: 31_DAC : 0.0093
[2019-08-02 21:33:07,200]: 43_DAC : 0.0093
[2019-08-02 21:33:07,200]: CC_PC-PseDNC-General : 0.0092
[2019-08-02 21:33:07,200]: 40_DAC : 0.0091
[2019-08-02 21:33:07,201]: 42_DAC : 0.0090
[2019-08-02 21:33:07,201]: 3_DAC : 0.0090
[2019-08-02 21:33:07,201]: 8_DAC : 0.0089
[2019-08-02 21:33:07,201]: 12_DAC : 0.0088
[2019-08-02 21:33:07,201]: AG_PC-PseDNC-General : 0.0088
[2019-08-02 21:33:07,201]: 13_DAC : 0.0087
[2019-08-02 21:33:07,202]: 1_DAC : 0.0086
[2019-08-02 21:33:07,202]: 5_DAC : 0.0086
[2019-08-02 21:33:07,202]: 60_DAC : 0.0085
[2019-08-02 21:33:07,202]: lambda5_PC-PseDNC-General : 0.0085
[2019-08-02 21:33:07,202]: 20_DAC : 0.0085
[2019-08-02 21:33:07,202]: AG_Kmer2 : 0.0083
[2019-08-02 21:33:07,202]: 46_DAC : 0.0082
[2019-08-02 21:33:07,203]: lambda3_PC-PseDNC-General : 0.0081
[2019-08-02 21:33:07,203]: 49_DAC : 0.0081
[2019-08-02 21:33:07,203]: AU_Kmer2 : 0.0080
[2019-08-02 21:33:07,203]: CA_PC-PseDNC-General : 0.0080
[2019-08-02 21:33:07,203]: 30_DAC : 0.0079
[2019-08-02 21:33:07,204]: UC_Kmer2 : 0.0078
[2019-08-02 21:33:07,204]: CU_Kmer2 : 0.0076
[2019-08-02 21:33:07,204]: 6_DAC : 0.0072
[2019-08-02 21:33:07,204]: lambda6_PC-PseDNC-General : 0.0069
[2019-08-02 21:33:07,204]: 25_DAC : 0.0066
[2019-08-02 21:33:07,204]: feature_rank end
[2019-08-02 21:33:07,310]: Start dimension reduction ...
[2019-08-02 21:33:29,194]: length=1 accuarcy=0.5484 f1=0.5475 precision=0.5489 recall=0.5485 roc=0.5485 
[2019-08-02 21:33:52,390]: length=21 accuarcy=0.5647 f1=0.5643 precision=0.5648 recall=0.5646 roc=0.5646 
[2019-08-02 21:34:18,670]: length=41 accuarcy=0.5494 f1=0.5488 precision=0.5498 recall=0.5495 roc=0.5495 
[2019-08-02 21:34:45,897]: length=61 accuarcy=0.5790 f1=0.5774 precision=0.5798 recall=0.5788 roc=0.5788 
[2019-08-02 21:37:57,903]: length=81 accuarcy=0.5799 f1=0.5785 precision=0.5808 recall=0.5798 roc=0.5798 
[2019-08-02 21:38:26,202]: length=101 accuarcy=0.5696 f1=0.5683 precision=0.5706 recall=0.5697 roc=0.5697 
[2019-08-02 21:38:55,577]: length=102 accuarcy=0.5698 f1=0.5673 precision=0.5713 recall=0.5697 roc=0.5697 
[2019-08-02 21:38:55,579]: ----------
[2019-08-02 21:38:55,579]: the max acc = 0.5799
[2019-08-02 21:38:55,580]: ['AU_PC-PseDNC-General' '34_DAC' 'GG_PC-PseDNC-General' 'CA_Kmer2'
 '33_DAC' '24_DAC' '54_DAC' '2_DAC' '4_DAC' '36_DAC' '27_DAC' '15_DAC'
 '32_DAC' 'GU_Kmer2' 'GA_Kmer2' '52_DAC' '26_DAC'
 'lambda10_PC-PseDNC-General' '56_DAC' 'UU_Kmer2' '48_DAC' '35_DAC'
 '53_DAC' '10_DAC' 'UA_Kmer2' '21_DAC' '16_DAC'
 'lambda9_PC-PseDNC-General' 'UC_PC-PseDNC-General' '58_DAC' '22_DAC'
 'UU_PC-PseDNC-General' 'lambda2_PC-PseDNC-General' 'GC_Kmer2'
 'AA_PC-PseDNC-General' 'UA_PC-PseDNC-General' '9_DAC' '59_DAC' 'CG_Kmer2'
 'GU_PC-PseDNC-General' '57_DAC' '29_DAC' 'UG_PC-PseDNC-General' '11_DAC'
 'CG_PC-PseDNC-General' '47_DAC' '44_DAC' '38_DAC' '18_DAC' '17_DAC'
 'lambda1_PC-PseDNC-General' 'lambda7_PC-PseDNC-General' '7_DAC' '45_DAC'
 'AC_PC-PseDNC-General' '37_DAC' '23_DAC' '28_DAC' 'UG_Kmer2' '41_DAC'
 'CC_Kmer2' '14_DAC' 'AC_Kmer2' 'GA_PC-PseDNC-General'
 'CU_PC-PseDNC-General' 'AA_Kmer2' '50_DAC' '19_DAC' '39_DAC'
 'GC_PC-PseDNC-General' '55_DAC' 'GG_Kmer2' 'lambda8_PC-PseDNC-General'
 '51_DAC' 'lambda4_PC-PseDNC-General' '31_DAC' '43_DAC'
 'CC_PC-PseDNC-General' '40_DAC' '42_DAC' '3_DAC'],length = 81
[2019-08-02 21:38:55,580]: -----------
[2019-08-02 21:39:09,359]: ***confusion matrix***
[2019-08-02 21:39:09,359]:                pos_class      neg_class      
[2019-08-02 21:39:09,359]: pos_class      TP:260            FN:235            
[2019-08-02 21:39:09,359]: neg_class      FP:181            TN:314            
[2019-08-02 21:39:09,361]: accuarcy = 0.5797979797979798 
[2019-08-02 21:39:09,363]: precision =0.5807590795881195 
[2019-08-02 21:39:09,365]: recall =0.5797979797979798
[2019-08-02 21:39:09,369]: f1 =0.578544061302682 
[2019-08-02 21:39:09,370]: roc area = 0.5797979797979799
[2019-08-02 21:39:09,638]: -----------
[2019-08-02 21:39:09,639]: The output by the terminal's log has been saved in the G:\多设备共享\work\MRMD2.0-github\Logs\201908022130.log.
[2019-08-02 21:39:09,639]: metrics have been saved in the G:\多设备共享\work\MRMD2.0-github\Results\meteics_CKSAAGP.csv.
[2019-08-02 21:39:09,640]: reduced dimensional dataset has been saved in the G:\多设备共享\work\MRMD2.0-github\Results\testRDCKSAAGP.csv.
[2019-08-02 21:39:09,640]: ---mrmd 2.0 end---
