[2019-08-15 10:21:53,237]: ---mrmd 2.0 start----
[2019-08-15 10:21:53,328]: ANOVA start...
[2019-08-15 10:21:53,346]: ANOVA end.
[2019-08-15 10:21:53,346]: mic start...
[2019-08-15 10:21:58,808]: mic end.
[2019-08-15 10:21:58,808]: mrmd start...
[2019-08-15 10:21:59,000]: mrmd end.
[2019-08-15 10:21:59,000]: mRMR start...
[2019-08-15 10:21:59,121]: mRMR end.
[2019-08-15 10:21:59,121]: lasso start...
[2019-08-15 10:21:59,147]: lasso end.
[2019-08-15 10:21:59,147]: lasso2 start...
[2019-08-15 10:21:59,775]: lasso2 end.
[2019-08-15 10:21:59,778]: rank start ...
[2019-08-15 10:21:59,788]: The final  rank is
[2019-08-15 10:21:59,788]: uncharger.uncharger.gap3 : 0.0091
[2019-08-15 10:21:59,788]: alphaticr.alphaticr.gap4 : 0.0086
[2019-08-15 10:21:59,789]: aromatic.uncharger.gap0 : 0.0082
[2019-08-15 10:21:59,789]: postivecharger.aromatic.gap3 : 0.0081
[2019-08-15 10:21:59,789]: uncharger.postivecharger.gap2 : 0.0080
[2019-08-15 10:21:59,789]: aromatic.uncharger.gap4 : 0.0080
[2019-08-15 10:21:59,789]: uncharger.aromatic.gap5 : 0.0080
[2019-08-15 10:21:59,789]: aromatic.negativecharger.gap0 : 0.0079
[2019-08-15 10:21:59,789]: negativecharger.alphaticr.gap4 : 0.0079
[2019-08-15 10:21:59,789]: postivecharger.negativecharger.gap5 : 0.0079
[2019-08-15 10:21:59,789]: alphaticr.alphaticr.gap0 : 0.0078
[2019-08-15 10:21:59,790]: alphaticr.postivecharger.gap3 : 0.0078
[2019-08-15 10:21:59,790]: postivecharger.uncharger.gap5 : 0.0077
[2019-08-15 10:21:59,790]: uncharger.alphaticr.gap3 : 0.0077
[2019-08-15 10:21:59,790]: alphaticr.aromatic.gap2 : 0.0077
[2019-08-15 10:21:59,790]: uncharger.uncharger.gap2 : 0.0076
[2019-08-15 10:21:59,790]: aromatic.postivecharger.gap5 : 0.0076
[2019-08-15 10:21:59,790]: alphaticr.negativecharger.gap4 : 0.0076
[2019-08-15 10:21:59,790]: postivecharger.postivecharger.gap4 : 0.0076
[2019-08-15 10:21:59,790]: uncharger.negativecharger.gap1 : 0.0076
[2019-08-15 10:21:59,790]: uncharger.aromatic.gap1 : 0.0076
[2019-08-15 10:21:59,791]: uncharger.negativecharger.gap5 : 0.0076
[2019-08-15 10:21:59,791]: aromatic.uncharger.gap5 : 0.0075
[2019-08-15 10:21:59,791]: alphaticr.alphaticr.gap5 : 0.0075
[2019-08-15 10:21:59,791]: uncharger.alphaticr.gap2 : 0.0075
[2019-08-15 10:21:59,791]: postivecharger.alphaticr.gap1 : 0.0075
[2019-08-15 10:21:59,791]: alphaticr.postivecharger.gap2 : 0.0075
[2019-08-15 10:21:59,791]: alphaticr.alphaticr.gap1 : 0.0074
[2019-08-15 10:21:59,791]: postivecharger.uncharger.gap0 : 0.0074
[2019-08-15 10:21:59,791]: alphaticr.negativecharger.gap3 : 0.0074
[2019-08-15 10:21:59,791]: postivecharger.uncharger.gap2 : 0.0074
[2019-08-15 10:21:59,791]: uncharger.postivecharger.gap5 : 0.0074
[2019-08-15 10:21:59,792]: aromatic.uncharger.gap2 : 0.0074
[2019-08-15 10:21:59,792]: aromatic.negativecharger.gap5 : 0.0074
[2019-08-15 10:21:59,792]: postivecharger.postivecharger.gap1 : 0.0074
[2019-08-15 10:21:59,792]: alphaticr.negativecharger.gap5 : 0.0074
[2019-08-15 10:21:59,792]: postivecharger.uncharger.gap3 : 0.0074
[2019-08-15 10:21:59,792]: negativecharger.uncharger.gap2 : 0.0073
[2019-08-15 10:21:59,792]: postivecharger.uncharger.gap4 : 0.0073
[2019-08-15 10:21:59,792]: postivecharger.alphaticr.gap3 : 0.0073
[2019-08-15 10:21:59,792]: postivecharger.alphaticr.gap0 : 0.0073
[2019-08-15 10:21:59,792]: uncharger.alphaticr.gap0 : 0.0073
[2019-08-15 10:21:59,792]: negativecharger.alphaticr.gap0 : 0.0073
[2019-08-15 10:21:59,792]: uncharger.alphaticr.gap5 : 0.0073
[2019-08-15 10:21:59,792]: aromatic.uncharger.gap1 : 0.0073
[2019-08-15 10:21:59,793]: uncharger.aromatic.gap0 : 0.0073
[2019-08-15 10:21:59,793]: uncharger.postivecharger.gap4 : 0.0073
[2019-08-15 10:21:59,793]: uncharger.postivecharger.gap0 : 0.0073
[2019-08-15 10:21:59,793]: uncharger.alphaticr.gap1 : 0.0072
[2019-08-15 10:21:59,793]: aromatic.alphaticr.gap4 : 0.0072
[2019-08-15 10:21:59,793]: alphaticr.postivecharger.gap4 : 0.0072
[2019-08-15 10:21:59,793]: uncharger.negativecharger.gap3 : 0.0071
[2019-08-15 10:21:59,793]: negativecharger.postivecharger.gap2 : 0.0071
[2019-08-15 10:21:59,793]: uncharger.postivecharger.gap1 : 0.0071
[2019-08-15 10:21:59,793]: negativecharger.alphaticr.gap3 : 0.0070
[2019-08-15 10:21:59,793]: negativecharger.alphaticr.gap5 : 0.0070
[2019-08-15 10:21:59,793]: alphaticr.aromatic.gap4 : 0.0070
[2019-08-15 10:21:59,794]: postivecharger.aromatic.gap5 : 0.0069
[2019-08-15 10:21:59,794]: postivecharger.negativecharger.gap0 : 0.0068
[2019-08-15 10:21:59,794]: negativecharger.aromatic.gap2 : 0.0068
[2019-08-15 10:21:59,794]: negativecharger.aromatic.gap3 : 0.0068
[2019-08-15 10:21:59,794]: aromatic.postivecharger.gap4 : 0.0068
[2019-08-15 10:21:59,794]: postivecharger.postivecharger.gap5 : 0.0068
[2019-08-15 10:21:59,794]: uncharger.aromatic.gap4 : 0.0067
[2019-08-15 10:21:59,794]: negativecharger.uncharger.gap5 : 0.0067
[2019-08-15 10:21:59,794]: aromatic.alphaticr.gap5 : 0.0066
[2019-08-15 10:21:59,794]: negativecharger.negativecharger.gap2 : 0.0066
[2019-08-15 10:21:59,794]: negativecharger.postivecharger.gap4 : 0.0066
[2019-08-15 10:21:59,794]: alphaticr.uncharger.gap4 : 0.0066
[2019-08-15 10:21:59,795]: uncharger.aromatic.gap3 : 0.0066
[2019-08-15 10:21:59,795]: aromatic.negativecharger.gap2 : 0.0065
[2019-08-15 10:21:59,795]: postivecharger.aromatic.gap1 : 0.0065
[2019-08-15 10:21:59,795]: aromatic.aromatic.gap0 : 0.0065
[2019-08-15 10:21:59,795]: aromatic.postivecharger.gap2 : 0.0065
[2019-08-15 10:21:59,795]: alphaticr.negativecharger.gap0 : 0.0065
[2019-08-15 10:21:59,795]: negativecharger.uncharger.gap3 : 0.0065
[2019-08-15 10:21:59,795]: alphaticr.postivecharger.gap5 : 0.0065
[2019-08-15 10:21:59,795]: alphaticr.negativecharger.gap1 : 0.0064
[2019-08-15 10:21:59,795]: aromatic.alphaticr.gap1 : 0.0064
[2019-08-15 10:21:59,795]: uncharger.postivecharger.gap3 : 0.0064
[2019-08-15 10:21:59,796]: aromatic.postivecharger.gap0 : 0.0064
[2019-08-15 10:21:59,796]: postivecharger.negativecharger.gap1 : 0.0064
[2019-08-15 10:21:59,796]: alphaticr.uncharger.gap0 : 0.0064
[2019-08-15 10:21:59,796]: alphaticr.uncharger.gap2 : 0.0063
[2019-08-15 10:21:59,796]: aromatic.postivecharger.gap3 : 0.0063
[2019-08-15 10:21:59,796]: negativecharger.negativecharger.gap4 : 0.0063
[2019-08-15 10:21:59,796]: uncharger.negativecharger.gap0 : 0.0063
[2019-08-15 10:21:59,796]: postivecharger.negativecharger.gap2 : 0.0063
[2019-08-15 10:21:59,796]: uncharger.negativecharger.gap4 : 0.0063
[2019-08-15 10:21:59,796]: postivecharger.aromatic.gap2 : 0.0063
[2019-08-15 10:21:59,796]: alphaticr.uncharger.gap5 : 0.0063
[2019-08-15 10:21:59,796]: alphaticr.aromatic.gap1 : 0.0062
[2019-08-15 10:21:59,797]: aromatic.aromatic.gap5 : 0.0062
[2019-08-15 10:21:59,797]: alphaticr.negativecharger.gap2 : 0.0062
[2019-08-15 10:21:59,797]: postivecharger.postivecharger.gap2 : 0.0062
[2019-08-15 10:21:59,797]: postivecharger.negativecharger.gap4 : 0.0062
[2019-08-15 10:21:59,797]: negativecharger.negativecharger.gap5 : 0.0062
[2019-08-15 10:21:59,797]: aromatic.negativecharger.gap1 : 0.0062
[2019-08-15 10:21:59,797]: uncharger.uncharger.gap5 : 0.0062
[2019-08-15 10:21:59,797]: negativecharger.uncharger.gap1 : 0.0062
[2019-08-15 10:21:59,797]: negativecharger.postivecharger.gap0 : 0.0062
[2019-08-15 10:21:59,797]: negativecharger.aromatic.gap5 : 0.0062
[2019-08-15 10:21:59,798]: negativecharger.uncharger.gap4 : 0.0062
[2019-08-15 10:21:59,798]: postivecharger.postivecharger.gap0 : 0.0062
[2019-08-15 10:21:59,798]: postivecharger.aromatic.gap0 : 0.0062
[2019-08-15 10:21:59,798]: negativecharger.alphaticr.gap1 : 0.0062
[2019-08-15 10:21:59,798]: aromatic.negativecharger.gap3 : 0.0062
[2019-08-15 10:21:59,798]: aromatic.aromatic.gap1 : 0.0062
[2019-08-15 10:21:59,798]: alphaticr.aromatic.gap5 : 0.0061
[2019-08-15 10:21:59,798]: postivecharger.aromatic.gap4 : 0.0061
[2019-08-15 10:21:59,798]: negativecharger.negativecharger.gap0 : 0.0061
[2019-08-15 10:21:59,799]: aromatic.aromatic.gap4 : 0.0061
[2019-08-15 10:21:59,799]: aromatic.negativecharger.gap4 : 0.0061
[2019-08-15 10:21:59,799]: postivecharger.uncharger.gap1 : 0.0061
[2019-08-15 10:21:59,799]: negativecharger.postivecharger.gap3 : 0.0061
[2019-08-15 10:21:59,799]: alphaticr.aromatic.gap0 : 0.0061
[2019-08-15 10:21:59,799]: uncharger.negativecharger.gap2 : 0.0061
[2019-08-15 10:21:59,799]: negativecharger.aromatic.gap4 : 0.0061
[2019-08-15 10:21:59,799]: alphaticr.alphaticr.gap3 : 0.0061
[2019-08-15 10:21:59,799]: negativecharger.aromatic.gap0 : 0.0061
[2019-08-15 10:21:59,799]: postivecharger.alphaticr.gap4 : 0.0061
[2019-08-15 10:21:59,799]: aromatic.aromatic.gap2 : 0.0061
[2019-08-15 10:21:59,800]: negativecharger.postivecharger.gap1 : 0.0060
[2019-08-15 10:21:59,800]: uncharger.aromatic.gap2 : 0.0060
[2019-08-15 10:21:59,800]: negativecharger.negativecharger.gap3 : 0.0060
[2019-08-15 10:21:59,800]: postivecharger.alphaticr.gap2 : 0.0060
[2019-08-15 10:21:59,800]: alphaticr.postivecharger.gap1 : 0.0060
[2019-08-15 10:21:59,800]: uncharger.uncharger.gap1 : 0.0060
[2019-08-15 10:21:59,800]: negativecharger.uncharger.gap0 : 0.0060
[2019-08-15 10:21:59,800]: alphaticr.alphaticr.gap2 : 0.0060
[2019-08-15 10:21:59,800]: negativecharger.negativecharger.gap1 : 0.0060
[2019-08-15 10:21:59,800]: alphaticr.uncharger.gap1 : 0.0059
[2019-08-15 10:21:59,800]: negativecharger.alphaticr.gap2 : 0.0059
[2019-08-15 10:21:59,800]: aromatic.uncharger.gap3 : 0.0059
[2019-08-15 10:21:59,801]: postivecharger.alphaticr.gap5 : 0.0059
[2019-08-15 10:21:59,801]: negativecharger.aromatic.gap1 : 0.0059
[2019-08-15 10:21:59,801]: uncharger.uncharger.gap0 : 0.0059
[2019-08-15 10:21:59,801]: negativecharger.postivecharger.gap5 : 0.0058
[2019-08-15 10:21:59,801]: alphaticr.aromatic.gap3 : 0.0058
[2019-08-15 10:21:59,801]: aromatic.postivecharger.gap1 : 0.0058
[2019-08-15 10:21:59,801]: alphaticr.postivecharger.gap0 : 0.0056
[2019-08-15 10:21:59,801]: uncharger.alphaticr.gap4 : 0.0055
[2019-08-15 10:21:59,801]: uncharger.uncharger.gap4 : 0.0055
[2019-08-15 10:21:59,801]: postivecharger.postivecharger.gap3 : 0.0052
[2019-08-15 10:21:59,801]: alphaticr.uncharger.gap3 : 0.0052
[2019-08-15 10:21:59,801]: aromatic.alphaticr.gap2 : 0.0052
[2019-08-15 10:21:59,801]: aromatic.alphaticr.gap0 : 0.0051
[2019-08-15 10:21:59,802]: postivecharger.negativecharger.gap3 : 0.0050
[2019-08-15 10:21:59,802]: aromatic.aromatic.gap3 : 0.0047
[2019-08-15 10:21:59,802]: aromatic.alphaticr.gap3 : 0.0047
[2019-08-15 10:21:59,802]: feature_rank end
[2019-08-15 10:21:59,831]: Start dimension reduction ...
[2019-08-15 10:22:04,668]: length=1 accuarcy=0.5818 f1=0.5811 precision=0.5808 recall=0.5818 roc=0.5783 
[2019-08-15 10:22:10,298]: length=6 accuarcy=0.6273 f1=0.6252 precision=0.6258 recall=0.6273 roc=0.6220 
[2019-08-15 10:22:17,807]: length=11 accuarcy=0.7273 f1=0.7262 precision=0.7270 recall=0.7273 roc=0.7232 
[2019-08-15 10:22:22,712]: length=16 accuarcy=0.7091 f1=0.7079 precision=0.7086 recall=0.7091 roc=0.7049 
[2019-08-15 10:22:30,410]: length=21 accuarcy=0.7273 f1=0.7268 precision=0.7268 recall=0.7273 roc=0.7245 
[2019-08-15 10:22:37,555]: length=26 accuarcy=0.7182 f1=0.7174 precision=0.7177 recall=0.7182 roc=0.7147 
[2019-08-15 10:22:44,819]: length=31 accuarcy=0.7636 f1=0.7627 precision=0.7638 recall=0.7636 roc=0.7597 
[2019-08-15 10:22:51,913]: length=36 accuarcy=0.7364 f1=0.7329 precision=0.7397 recall=0.7364 roc=0.7290 
[2019-08-15 10:22:59,837]: length=41 accuarcy=0.7364 f1=0.7362 precision=0.7361 recall=0.7364 roc=0.7343 
[2019-08-15 10:23:06,986]: length=46 accuarcy=0.7364 f1=0.7362 precision=0.7361 recall=0.7364 roc=0.7343 
[2019-08-15 10:23:14,663]: length=51 accuarcy=0.8000 f1=0.8000 precision=0.8000 recall=0.8000 roc=0.7989 
[2019-08-15 10:23:21,921]: length=56 accuarcy=0.7727 f1=0.7726 precision=0.7725 recall=0.7727 roc=0.7709 
[2019-08-15 10:23:29,227]: length=61 accuarcy=0.7273 f1=0.7268 precision=0.7268 recall=0.7273 roc=0.7245 
[2019-08-15 10:23:37,185]: length=66 accuarcy=0.7727 f1=0.7726 precision=0.7725 recall=0.7727 roc=0.7709 
[2019-08-15 10:23:45,571]: length=71 accuarcy=0.7636 f1=0.7632 precision=0.7634 recall=0.7636 roc=0.7611 
[2019-08-15 10:23:53,608]: length=76 accuarcy=0.7545 f1=0.7539 precision=0.7543 recall=0.7545 roc=0.7512 
[2019-08-15 10:24:01,061]: length=81 accuarcy=0.7545 f1=0.7544 precision=0.7543 recall=0.7545 roc=0.7526 
[2019-08-15 10:24:09,591]: length=86 accuarcy=0.7636 f1=0.7627 precision=0.7638 recall=0.7636 roc=0.7597 
[2019-08-15 10:24:17,142]: length=91 accuarcy=0.7727 f1=0.7715 precision=0.7735 recall=0.7727 roc=0.7682 
[2019-08-15 10:24:24,598]: length=96 accuarcy=0.7455 f1=0.7450 precision=0.7451 recall=0.7455 roc=0.7428 
[2019-08-15 10:24:31,668]: length=101 accuarcy=0.7545 f1=0.7532 precision=0.7550 recall=0.7545 roc=0.7499 
[2019-08-15 10:24:39,617]: length=106 accuarcy=0.7636 f1=0.7620 precision=0.7649 recall=0.7636 roc=0.7584 
[2019-08-15 10:24:46,926]: length=111 accuarcy=0.7455 f1=0.7450 precision=0.7451 recall=0.7455 roc=0.7428 
[2019-08-15 10:24:55,345]: length=116 accuarcy=0.7818 f1=0.7803 precision=0.7835 recall=0.7818 roc=0.7767 
[2019-08-15 10:25:03,849]: length=121 accuarcy=0.7636 f1=0.7627 precision=0.7638 recall=0.7636 roc=0.7597 
[2019-08-15 10:25:12,803]: length=126 accuarcy=0.7545 f1=0.7524 precision=0.7565 recall=0.7545 roc=0.7486 
[2019-08-15 10:25:21,556]: length=131 accuarcy=0.7545 f1=0.7539 precision=0.7543 recall=0.7545 roc=0.7512 
[2019-08-15 10:25:30,792]: length=136 accuarcy=0.7727 f1=0.7715 precision=0.7735 recall=0.7727 roc=0.7682 
[2019-08-15 10:25:38,705]: length=141 accuarcy=0.7455 f1=0.7437 precision=0.7464 recall=0.7455 roc=0.7401 
[2019-08-15 10:25:47,118]: length=146 accuarcy=0.7818 f1=0.7809 precision=0.7822 recall=0.7818 roc=0.7780 
[2019-08-15 10:25:54,925]: length=150 accuarcy=0.7364 f1=0.7356 precision=0.7360 recall=0.7364 roc=0.7330 
[2019-08-15 10:25:54,926]: ----------
[2019-08-15 10:25:54,926]: the max f1 = 0.8000
[2019-08-15 10:25:54,926]: ['uncharger.uncharger.gap3' 'alphaticr.alphaticr.gap4'
 'aromatic.uncharger.gap0' 'postivecharger.aromatic.gap3'
 'uncharger.postivecharger.gap2' 'aromatic.uncharger.gap4'
 'uncharger.aromatic.gap5' 'aromatic.negativecharger.gap0'
 'negativecharger.alphaticr.gap4' 'postivecharger.negativecharger.gap5'
 'alphaticr.alphaticr.gap0' 'alphaticr.postivecharger.gap3'
 'postivecharger.uncharger.gap5' 'uncharger.alphaticr.gap3'
 'alphaticr.aromatic.gap2' 'uncharger.uncharger.gap2'
 'aromatic.postivecharger.gap5' 'alphaticr.negativecharger.gap4'
 'postivecharger.postivecharger.gap4' 'uncharger.negativecharger.gap1'
 'uncharger.aromatic.gap1' 'uncharger.negativecharger.gap5'
 'aromatic.uncharger.gap5' 'alphaticr.alphaticr.gap5'
 'uncharger.alphaticr.gap2' 'postivecharger.alphaticr.gap1'
 'alphaticr.postivecharger.gap2' 'alphaticr.alphaticr.gap1'
 'postivecharger.uncharger.gap0' 'alphaticr.negativecharger.gap3'
 'postivecharger.uncharger.gap2' 'uncharger.postivecharger.gap5'
 'aromatic.uncharger.gap2' 'aromatic.negativecharger.gap5'
 'postivecharger.postivecharger.gap1' 'alphaticr.negativecharger.gap5'
 'postivecharger.uncharger.gap3' 'negativecharger.uncharger.gap2'
 'postivecharger.uncharger.gap4' 'postivecharger.alphaticr.gap3'
 'postivecharger.alphaticr.gap0' 'uncharger.alphaticr.gap0'
 'negativecharger.alphaticr.gap0' 'uncharger.alphaticr.gap5'
 'aromatic.uncharger.gap1' 'uncharger.aromatic.gap0'
 'uncharger.postivecharger.gap4' 'uncharger.postivecharger.gap0'
 'uncharger.alphaticr.gap1' 'aromatic.alphaticr.gap4'
 'alphaticr.postivecharger.gap4'],length = 51
[2019-08-15 10:25:54,927]: -----------
[2019-08-15 10:26:02,637]: ***confusion matrix***
[2019-08-15 10:26:02,637]:                pos_class      neg_class      
[2019-08-15 10:26:02,638]: pos_class      TP:48             FN:11             
[2019-08-15 10:26:02,638]: neg_class      FP:11             TN:40             
[2019-08-15 10:26:02,638]: accuarcy = 0.8000 
[2019-08-15 10:26:02,639]: precision =0.8000 
[2019-08-15 10:26:02,640]: recall =0.8000
[2019-08-15 10:26:02,641]: f1 =0.8000 
[2019-08-15 10:26:02,641]: roc area = 0.7989
[2019-08-15 10:26:02,647]: -----------
[2019-08-15 10:26:02,648]: The output by the terminal's log has been saved in the J:\多设备共享\work\MRMD2.0-github\Logs\201908151021.log.
[2019-08-15 10:26:02,648]: metrics have been saved in the J:\多设备共享\work\MRMD2.0-github\Results\meteixa.csv.
[2019-08-15 10:26:02,648]: reduced dimensional dataset has been saved in the J:\多设备共享\work\MRMD2.0-github\Results\rd.csv.
[2019-08-15 10:26:02,648]: ---mrmd 2.0 end---
