[2019-08-24 11:22:56,726]: ---mrmd 2.0 start----
[2019-08-24 11:22:56,738]: ANOVA start...
[2019-08-24 11:22:56,751]: ANOVA end.
[2019-08-24 11:22:56,751]: mic start...
[2019-08-24 11:23:08,608]: mic end.
[2019-08-24 11:23:08,609]: mrmd start...
[2019-08-24 11:23:08,892]: mrmd end.
[2019-08-24 11:23:08,893]: mRMR start...
[2019-08-24 11:23:20,732]: mRMR end.
[2019-08-24 11:23:20,733]: lasso start...
[2019-08-24 11:23:20,770]: lasso end.
[2019-08-24 11:23:20,770]: chi2 start...
[2019-08-24 11:23:20,797]: chi2 end.
[2019-08-24 11:23:20,797]: ref start...
[2019-08-24 11:23:22,145]: ref end.
[2019-08-24 11:23:22,164]: rank start ...
[2019-08-24 11:23:22,178]: The final  rank is
[2019-08-24 11:23:22,178]: Hopp_Woods_R : 0.0071
[2019-08-24 11:23:22,178]: basic_polar : 0.0070
[2019-08-24 11:23:22,178]: Rose_I : 0.0067
[2019-08-24 11:23:22,178]: Janin_W : 0.0067
[2019-08-24 11:23:22,178]: Janin_P : 0.0067
[2019-08-24 11:23:22,178]: Kyte_Doolittle_I : 0.0066
[2019-08-24 11:23:22,179]: Cornette_C : 0.0066
[2019-08-24 11:23:22,179]: Cornette_T : 0.0066
[2019-08-24 11:23:22,179]: hydrophily : 0.0066
[2019-08-24 11:23:22,179]: Kyte_Doolittle_A : 0.0065
[2019-08-24 11:23:22,179]: Cornette_V : 0.0065
[2019-08-24 11:23:22,179]: Engelman_GES_W : 0.0065
[2019-08-24 11:23:22,179]: Janin_D : 0.0065
[2019-08-24 11:23:22,179]: Engelman_GES_D : 0.0065
[2019-08-24 11:23:22,180]: Eisenberg_R : 0.0064
[2019-08-24 11:23:22,180]: Engelman_GES_S : 0.0064
[2019-08-24 11:23:22,180]: Engelman_GES_E : 0.0064
[2019-08-24 11:23:22,180]: Engelman_GES_N : 0.0064
[2019-08-24 11:23:22,180]: Rose_S : 0.0064
[2019-08-24 11:23:22,180]: Hopp_Woods_A : 0.0063
[2019-08-24 11:23:22,180]: Hopp_Woods_I : 0.0063
[2019-08-24 11:23:22,180]: Hopp_Woods_D : 0.0063
[2019-08-24 11:23:22,180]: Janin_Q : 0.0062
[2019-08-24 11:23:22,181]: Engelman_GES_R : 0.0062
[2019-08-24 11:23:22,181]: Cornette_F : 0.0062
[2019-08-24 11:23:22,181]: Cornette_K : 0.0062
[2019-08-24 11:23:22,181]: Eisenberg_N : 0.0062
[2019-08-24 11:23:22,181]: Rose_H : 0.0062
[2019-08-24 11:23:22,181]: Cornette_P : 0.0062
[2019-08-24 11:23:22,181]: Cornette_D : 0.0061
[2019-08-24 11:23:22,181]: Engelman_GES_L : 0.0061
[2019-08-24 11:23:22,181]: C : 0.0061
[2019-08-24 11:23:22,182]: Rose_L : 0.0061
[2019-08-24 11:23:22,182]: Cornette_E : 0.0061
[2019-08-24 11:23:22,182]: Kyte_Doolittle_P : 0.0061
[2019-08-24 11:23:22,182]: aromatic : 0.0060
[2019-08-24 11:23:22,182]: Engelman_GES_F : 0.0060
[2019-08-24 11:23:22,182]: Janin_H : 0.0060
[2019-08-24 11:23:22,182]: Rose_Q : 0.0060
[2019-08-24 11:23:22,182]: Kyte_Doolittle_W : 0.0060
[2019-08-24 11:23:22,182]: Kyte_Doolittle_K : 0.0059
[2019-08-24 11:23:22,182]: Janin_V : 0.0059
[2019-08-24 11:23:22,182]: Kyte_Doolittle_C : 0.0059
[2019-08-24 11:23:22,183]: Kyte_Doolittle_H : 0.0059
[2019-08-24 11:23:22,183]: K : 0.0059
[2019-08-24 11:23:22,183]: Cornette_H : 0.0059
[2019-08-24 11:23:22,183]: F : 0.0059
[2019-08-24 11:23:22,183]: Eisenberg_Y : 0.0059
[2019-08-24 11:23:22,183]: Janin_Y : 0.0058
[2019-08-24 11:23:22,183]: Kyte_Doolittle_L : 0.0058
[2019-08-24 11:23:22,183]: Hopp_Woods_F : 0.0058
[2019-08-24 11:23:22,184]: alphatic : 0.0058
[2019-08-24 11:23:22,184]: Rose_R : 0.0058
[2019-08-24 11:23:22,184]: Rose_T : 0.0058
[2019-08-24 11:23:22,184]: P : 0.0058
[2019-08-24 11:23:22,184]: nonpolar : 0.0058
[2019-08-24 11:23:22,184]: Rose_W : 0.0058
[2019-08-24 11:23:22,185]: Eisenberg_K : 0.0058
[2019-08-24 11:23:22,185]: Eisenberg_D : 0.0058
[2019-08-24 11:23:22,185]: I : 0.0058
[2019-08-24 11:23:22,185]: Kyte_Doolittle_N : 0.0058
[2019-08-24 11:23:22,185]: Cornette_S : 0.0058
[2019-08-24 11:23:22,185]: Rose_P : 0.0058
[2019-08-24 11:23:22,185]: Engelman_GES_P : 0.0057
[2019-08-24 11:23:22,185]: Rose_V : 0.0057
[2019-08-24 11:23:22,185]: Hopp_Woods_N : 0.0057
[2019-08-24 11:23:22,186]: Janin_A : 0.0057
[2019-08-24 11:23:22,186]: S : 0.0057
[2019-08-24 11:23:22,186]: Eisenberg_V : 0.0057
[2019-08-24 11:23:22,186]: Q : 0.0057
[2019-08-24 11:23:22,186]: Engelman_GES_K : 0.0057
[2019-08-24 11:23:22,186]: Eisenberg_W : 0.0057
[2019-08-24 11:23:22,186]: moderate : 0.0057
[2019-08-24 11:23:22,186]: Rose_M : 0.0057
[2019-08-24 11:23:22,186]: Cornette_W : 0.0057
[2019-08-24 11:23:22,186]: Hopp_Woods_H : 0.0057
[2019-08-24 11:23:22,187]: Engelman_GES_Y : 0.0057
[2019-08-24 11:23:22,187]: Janin_L : 0.0056
[2019-08-24 11:23:22,187]: Eisenberg_M : 0.0056
[2019-08-24 11:23:22,187]: aliphatic : 0.0056
[2019-08-24 11:23:22,187]: Kyte_Doolittle_D : 0.0056
[2019-08-24 11:23:22,187]: Engelman_GES_Q : 0.0056
[2019-08-24 11:23:22,187]: Engelman_GES_T : 0.0056
[2019-08-24 11:23:22,187]: V : 0.0056
[2019-08-24 11:23:22,187]: Eisenberg_Q : 0.0056
[2019-08-24 11:23:22,187]: Eisenberg_S : 0.0056
[2019-08-24 11:23:22,187]: Janin_T : 0.0056
[2019-08-24 11:23:22,188]: Eisenberg_T : 0.0056
[2019-08-24 11:23:22,188]: T : 0.0056
[2019-08-24 11:23:22,188]: negativecharge : 0.0056
[2019-08-24 11:23:22,188]: Hopp_Woods_Q : 0.0056
[2019-08-24 11:23:22,188]: Janin_I : 0.0056
[2019-08-24 11:23:22,188]: Kyte_Doolittle_Y : 0.0056
[2019-08-24 11:23:22,188]: Kyte_Doolittle_F : 0.0056
[2019-08-24 11:23:22,188]: Cornette_A : 0.0056
[2019-08-24 11:23:22,188]: uncharge : 0.0056
[2019-08-24 11:23:22,188]: Y : 0.0056
[2019-08-24 11:23:22,189]: polar : 0.0056
[2019-08-24 11:23:22,189]: Kyte_Doolittle_S : 0.0056
[2019-08-24 11:23:22,189]: Hopp_Woods_M : 0.0056
[2019-08-24 11:23:22,189]: Kyte_Doolittle_R : 0.0056
[2019-08-24 11:23:22,189]: Cornette_Q : 0.0056
[2019-08-24 11:23:22,189]: Hopp_Woods_S : 0.0055
[2019-08-24 11:23:22,189]: Rose_D : 0.0055
[2019-08-24 11:23:22,189]: Kyte_Doolittle_E : 0.0055
[2019-08-24 11:23:22,190]: Kyte_Doolittle_M : 0.0055
[2019-08-24 11:23:22,190]: Kyte_Doolittle_G : 0.0055
[2019-08-24 11:23:22,190]: Kyte_Doolittle_Q : 0.0055
[2019-08-24 11:23:22,190]: Cornette_Y : 0.0055
[2019-08-24 11:23:22,190]: Eisenberg_P : 0.0055
[2019-08-24 11:23:22,190]: positve : 0.0055
[2019-08-24 11:23:22,190]: Rose_A : 0.0055
[2019-08-24 11:23:22,190]: Engelman_GES_H : 0.0055
[2019-08-24 11:23:22,190]: Cornette_M : 0.0055
[2019-08-24 11:23:22,190]: Eisenberg_A : 0.0055
[2019-08-24 11:23:22,190]: postivecharge : 0.0055
[2019-08-24 11:23:22,191]: Hopp_Woods_L : 0.0055
[2019-08-24 11:23:22,191]: Eisenberg_H : 0.0055
[2019-08-24 11:23:22,191]: Engelman_GES_V : 0.0055
[2019-08-24 11:23:22,191]: Cornette_L : 0.0055
[2019-08-24 11:23:22,191]: Hopp_Woods_V : 0.0055
[2019-08-24 11:23:22,191]: Janin_K : 0.0055
[2019-08-24 11:23:22,191]: D : 0.0055
[2019-08-24 11:23:22,191]: Eisenberg_L : 0.0055
[2019-08-24 11:23:22,191]: R : 0.0055
[2019-08-24 11:23:22,191]: Hopp_Woods_Y : 0.0055
[2019-08-24 11:23:22,191]: G : 0.0055
[2019-08-24 11:23:22,192]: Engelman_GES_G : 0.0055
[2019-08-24 11:23:22,192]: E : 0.0054
[2019-08-24 11:23:22,192]: Rose_F : 0.0054
[2019-08-24 11:23:22,192]: N : 0.0054
[2019-08-24 11:23:22,192]: Hopp_Woods_C : 0.0054
[2019-08-24 11:23:22,192]: Janin_F : 0.0054
[2019-08-24 11:23:22,192]: hydrophobicity : 0.0054
[2019-08-24 11:23:22,192]: Hopp_Woods_K : 0.0054
[2019-08-24 11:23:22,192]: M : 0.0054
[2019-08-24 11:23:22,192]: Eisenberg_I : 0.0054
[2019-08-24 11:23:22,192]: Janin_E : 0.0054
[2019-08-24 11:23:22,192]: Hopp_Woods_E : 0.0054
[2019-08-24 11:23:22,193]: Engelman_GES_A : 0.0054
[2019-08-24 11:23:22,193]: H : 0.0054
[2019-08-24 11:23:22,193]: Janin_N : 0.0054
[2019-08-24 11:23:22,193]: Janin_M : 0.0054
[2019-08-24 11:23:22,193]: Engelman_GES_M : 0.0053
[2019-08-24 11:23:22,193]: Rose_C : 0.0053
[2019-08-24 11:23:22,193]: Engelman_GES_C : 0.0053
[2019-08-24 11:23:22,193]: neutral : 0.0053
[2019-08-24 11:23:22,193]: Eisenberg_C : 0.0053
[2019-08-24 11:23:22,193]: Rose_N : 0.0053
[2019-08-24 11:23:22,193]: Eisenberg_G : 0.0053
[2019-08-24 11:23:22,194]: W : 0.0053
[2019-08-24 11:23:22,194]: Rose_K : 0.0052
[2019-08-24 11:23:22,194]: Kyte_Doolittle_T : 0.0051
[2019-08-24 11:23:22,194]: Janin_R : 0.0051
[2019-08-24 11:23:22,194]: aromatic.1 : 0.0051
[2019-08-24 11:23:22,194]: negative : 0.0051
[2019-08-24 11:23:22,194]: Hopp_Woods_T : 0.0050
[2019-08-24 11:23:22,194]: Janin_G : 0.0050
[2019-08-24 11:23:22,194]: Janin_S : 0.0050
[2019-08-24 11:23:22,194]: A : 0.0050
[2019-08-24 11:23:22,194]: Engelman_GES_I : 0.0050
[2019-08-24 11:23:22,195]: Rose_E : 0.0050
[2019-08-24 11:23:22,195]: Hopp_Woods_W : 0.0049
[2019-08-24 11:23:22,195]: Cornette_R : 0.0049
[2019-08-24 11:23:22,195]: Cornette_I : 0.0049
[2019-08-24 11:23:22,195]: Eisenberg_E : 0.0049
[2019-08-24 11:23:22,195]: Eisenberg_F : 0.0049
[2019-08-24 11:23:22,195]: Kyte_Doolittle_V : 0.0048
[2019-08-24 11:23:22,195]: Rose_Y : 0.0047
[2019-08-24 11:23:22,195]: L : 0.0047
[2019-08-24 11:23:22,195]: heterocyclics : 0.0047
[2019-08-24 11:23:22,195]: Janin_C : 0.0047
[2019-08-24 11:23:22,196]: acidic_polar : 0.0043
[2019-08-24 11:23:22,196]: Cornette_N : 0.0043
[2019-08-24 11:23:22,196]: Rose_G : 0.0043
[2019-08-24 11:23:22,196]: Hopp_Woods_P : 0.0031
[2019-08-24 11:23:22,196]: Hopp_Woods_G : 0.0031
[2019-08-24 11:23:22,196]: Cornette_G : 0.0030
[2019-08-24 11:23:22,196]: feature_rank end
[2019-08-24 11:23:22,221]: Start dimension reduction ...
[2019-08-24 11:23:33,502]: length=1 f1=0.6957 accuarcy=0.6957 precision=0.6957 recall=0.6957 roc=0.6920 
[2019-08-24 11:23:44,397]: length=2 f1=0.6856 accuarcy=0.6848 precision=0.6878 recall=0.6848 roc=0.6846 
[2019-08-24 11:23:53,429]: length=3 f1=0.7488 accuarcy=0.7500 precision=0.7493 recall=0.7500 roc=0.7434 
[2019-08-24 11:24:02,663]: length=4 f1=0.7270 accuarcy=0.7283 precision=0.7273 recall=0.7283 roc=0.7214 
[2019-08-24 11:24:12,028]: length=5 f1=0.7801 accuarcy=0.7826 precision=0.7844 recall=0.7826 roc=0.7728 
[2019-08-24 11:24:22,379]: length=6 f1=0.8335 accuarcy=0.8370 precision=0.8474 recall=0.8370 roc=0.8242 
[2019-08-24 11:24:33,463]: length=7 f1=0.8799 accuarcy=0.8804 precision=0.8812 recall=0.8804 roc=0.8754 
[2019-08-24 11:24:43,449]: length=8 f1=0.8906 accuarcy=0.8913 precision=0.8933 recall=0.8913 roc=0.8852 
[2019-08-24 11:24:52,209]: length=9 f1=0.8793 accuarcy=0.8804 precision=0.8837 recall=0.8804 roc=0.8730 
[2019-08-24 11:25:01,441]: length=10 f1=0.8687 accuarcy=0.8696 precision=0.8712 recall=0.8696 roc=0.8632 
[2019-08-24 11:25:10,222]: length=11 f1=0.8687 accuarcy=0.8696 precision=0.8712 recall=0.8696 roc=0.8632 
[2019-08-24 11:25:19,116]: length=12 f1=0.8900 accuarcy=0.8913 precision=0.8967 recall=0.8913 roc=0.8828 
[2019-08-24 11:25:27,376]: length=13 f1=0.9013 accuarcy=0.9022 precision=0.9059 recall=0.9022 roc=0.8950 
[2019-08-24 11:25:37,716]: length=14 f1=0.8680 accuarcy=0.8696 precision=0.8743 recall=0.8696 roc=0.8608 
[2019-08-24 11:25:48,106]: length=15 f1=0.8799 accuarcy=0.8804 precision=0.8812 recall=0.8804 roc=0.8754 
[2019-08-24 11:25:58,852]: length=16 f1=0.8799 accuarcy=0.8804 precision=0.8812 recall=0.8804 roc=0.8754 
[2019-08-24 11:26:07,817]: length=17 f1=0.8580 accuarcy=0.8587 precision=0.8592 recall=0.8587 roc=0.8534 
[2019-08-24 11:26:17,469]: length=18 f1=0.9017 accuarcy=0.9022 precision=0.9032 recall=0.9022 roc=0.8974 
[2019-08-24 11:26:27,010]: length=19 f1=0.8574 accuarcy=0.8587 precision=0.8614 recall=0.8587 roc=0.8510 
[2019-08-24 11:26:37,724]: length=20 f1=0.8799 accuarcy=0.8804 precision=0.8812 recall=0.8804 roc=0.8754 
[2019-08-24 11:26:46,900]: length=21 f1=0.8580 accuarcy=0.8587 precision=0.8592 recall=0.8587 roc=0.8534 
[2019-08-24 11:26:56,681]: length=22 f1=0.8468 accuarcy=0.8478 precision=0.8491 recall=0.8478 roc=0.8412 
[2019-08-24 11:27:07,545]: length=23 f1=0.8580 accuarcy=0.8587 precision=0.8592 recall=0.8587 roc=0.8534 
[2019-08-24 11:27:16,409]: length=24 f1=0.8474 accuarcy=0.8478 precision=0.8478 recall=0.8478 roc=0.8436 
[2019-08-24 11:27:26,280]: length=25 f1=0.8474 accuarcy=0.8478 precision=0.8478 recall=0.8478 roc=0.8436 
[2019-08-24 11:27:35,841]: length=26 f1=0.8696 accuarcy=0.8696 precision=0.8696 recall=0.8696 roc=0.8680 
[2019-08-24 11:27:44,595]: length=27 f1=0.8799 accuarcy=0.8804 precision=0.8812 recall=0.8804 roc=0.8754 
[2019-08-24 11:27:53,734]: length=28 f1=0.8585 accuarcy=0.8587 precision=0.8585 recall=0.8587 roc=0.8558 
[2019-08-24 11:28:03,214]: length=29 f1=0.8910 accuarcy=0.8913 precision=0.8915 recall=0.8913 roc=0.8876 
[2019-08-24 11:28:11,803]: length=30 f1=0.8588 accuarcy=0.8587 precision=0.8592 recall=0.8587 roc=0.8582 
[2019-08-24 11:28:20,461]: length=31 f1=0.8474 accuarcy=0.8478 precision=0.8478 recall=0.8478 roc=0.8436 
[2019-08-24 11:28:29,776]: length=32 f1=0.8585 accuarcy=0.8587 precision=0.8585 recall=0.8587 roc=0.8558 
[2019-08-24 11:28:39,120]: length=33 f1=0.8910 accuarcy=0.8913 precision=0.8915 recall=0.8913 roc=0.8876 
[2019-08-24 11:28:49,160]: length=34 f1=0.8474 accuarcy=0.8478 precision=0.8478 recall=0.8478 roc=0.8436 
[2019-08-24 11:28:59,080]: length=35 f1=0.8468 accuarcy=0.8478 precision=0.8491 recall=0.8478 roc=0.8412 
[2019-08-24 11:29:08,648]: length=36 f1=0.8474 accuarcy=0.8478 precision=0.8478 recall=0.8478 roc=0.8436 
[2019-08-24 11:29:18,627]: length=37 f1=0.8585 accuarcy=0.8587 precision=0.8585 recall=0.8587 roc=0.8558 
[2019-08-24 11:29:29,608]: length=38 f1=0.8474 accuarcy=0.8478 precision=0.8478 recall=0.8478 roc=0.8436 
[2019-08-24 11:29:39,655]: length=39 f1=0.8580 accuarcy=0.8587 precision=0.8592 recall=0.8587 roc=0.8534 
[2019-08-24 11:29:48,517]: length=40 f1=0.8585 accuarcy=0.8587 precision=0.8585 recall=0.8587 roc=0.8558 
[2019-08-24 11:29:57,210]: length=41 f1=0.8574 accuarcy=0.8587 precision=0.8614 recall=0.8587 roc=0.8510 
[2019-08-24 11:30:08,063]: length=42 f1=0.8692 accuarcy=0.8696 precision=0.8696 recall=0.8696 roc=0.8656 
[2019-08-24 11:30:17,134]: length=43 f1=0.8362 accuarcy=0.8370 precision=0.8372 recall=0.8370 roc=0.8314 
[2019-08-24 11:30:26,354]: length=44 f1=0.8574 accuarcy=0.8587 precision=0.8614 recall=0.8587 roc=0.8510 
[2019-08-24 11:30:36,559]: length=45 f1=0.8580 accuarcy=0.8587 precision=0.8592 recall=0.8587 roc=0.8534 
[2019-08-24 11:30:45,041]: length=46 f1=0.8474 accuarcy=0.8478 precision=0.8478 recall=0.8478 roc=0.8436 
[2019-08-24 11:30:53,409]: length=47 f1=0.8468 accuarcy=0.8478 precision=0.8491 recall=0.8478 roc=0.8412 
[2019-08-24 11:31:01,773]: length=48 f1=0.8574 accuarcy=0.8587 precision=0.8614 recall=0.8587 roc=0.8510 
[2019-08-24 11:31:10,703]: length=49 f1=0.8355 accuarcy=0.8370 precision=0.8391 recall=0.8370 roc=0.8290 
[2019-08-24 11:31:19,294]: length=50 f1=0.8580 accuarcy=0.8587 precision=0.8592 recall=0.8587 roc=0.8534 
[2019-08-24 11:31:27,944]: length=51 f1=0.8680 accuarcy=0.8696 precision=0.8743 recall=0.8696 roc=0.8608 
[2019-08-24 11:31:36,478]: length=52 f1=0.8468 accuarcy=0.8478 precision=0.8491 recall=0.8478 roc=0.8412 
[2019-08-24 11:31:44,882]: length=53 f1=0.8468 accuarcy=0.8478 precision=0.8491 recall=0.8478 roc=0.8412 
[2019-08-24 11:31:53,484]: length=54 f1=0.8687 accuarcy=0.8696 precision=0.8712 recall=0.8696 roc=0.8632 
[2019-08-24 11:32:01,752]: length=55 f1=0.8574 accuarcy=0.8587 precision=0.8614 recall=0.8587 roc=0.8510 
[2019-08-24 11:32:10,063]: length=56 f1=0.8468 accuarcy=0.8478 precision=0.8491 recall=0.8478 roc=0.8412 
[2019-08-24 11:32:18,465]: length=57 f1=0.8574 accuarcy=0.8587 precision=0.8614 recall=0.8587 roc=0.8510 
[2019-08-24 11:32:26,714]: length=58 f1=0.8580 accuarcy=0.8587 precision=0.8592 recall=0.8587 roc=0.8534 
[2019-08-24 11:32:35,177]: length=59 f1=0.8580 accuarcy=0.8587 precision=0.8592 recall=0.8587 roc=0.8534 
[2019-08-24 11:32:43,775]: length=60 f1=0.8468 accuarcy=0.8478 precision=0.8491 recall=0.8478 roc=0.8412 
[2019-08-24 11:32:52,360]: length=61 f1=0.8580 accuarcy=0.8587 precision=0.8592 recall=0.8587 roc=0.8534 
[2019-08-24 11:33:00,704]: length=62 f1=0.8468 accuarcy=0.8478 precision=0.8491 recall=0.8478 roc=0.8412 
[2019-08-24 11:33:09,181]: length=63 f1=0.8687 accuarcy=0.8696 precision=0.8712 recall=0.8696 roc=0.8632 
[2019-08-24 11:33:17,293]: length=64 f1=0.8367 accuarcy=0.8370 precision=0.8367 recall=0.8370 roc=0.8338 
[2019-08-24 11:33:25,808]: length=65 f1=0.8468 accuarcy=0.8478 precision=0.8491 recall=0.8478 roc=0.8412 
[2019-08-24 11:33:34,153]: length=66 f1=0.8249 accuarcy=0.8261 precision=0.8269 recall=0.8261 roc=0.8192 
[2019-08-24 11:33:43,102]: length=67 f1=0.8574 accuarcy=0.8587 precision=0.8614 recall=0.8587 roc=0.8510 
[2019-08-24 11:33:51,430]: length=68 f1=0.8687 accuarcy=0.8696 precision=0.8712 recall=0.8696 roc=0.8632 
[2019-08-24 11:33:59,827]: length=69 f1=0.8687 accuarcy=0.8696 precision=0.8712 recall=0.8696 roc=0.8632 
[2019-08-24 11:34:08,287]: length=70 f1=0.8468 accuarcy=0.8478 precision=0.8491 recall=0.8478 roc=0.8412 
[2019-08-24 11:34:16,815]: length=71 f1=0.8580 accuarcy=0.8587 precision=0.8592 recall=0.8587 roc=0.8534 
[2019-08-24 11:34:25,188]: length=72 f1=0.8474 accuarcy=0.8478 precision=0.8478 recall=0.8478 roc=0.8436 
[2019-08-24 11:34:33,649]: length=73 f1=0.8468 accuarcy=0.8478 precision=0.8491 recall=0.8478 roc=0.8412 
[2019-08-24 11:34:42,274]: length=74 f1=0.8460 accuarcy=0.8478 precision=0.8518 recall=0.8478 roc=0.8388 
[2019-08-24 11:34:50,750]: length=75 f1=0.8460 accuarcy=0.8478 precision=0.8518 recall=0.8478 roc=0.8388 
[2019-08-24 11:34:58,947]: length=76 f1=0.8580 accuarcy=0.8587 precision=0.8592 recall=0.8587 roc=0.8534 
[2019-08-24 11:35:07,290]: length=77 f1=0.8474 accuarcy=0.8478 precision=0.8478 recall=0.8478 roc=0.8436 
[2019-08-24 11:35:15,397]: length=78 f1=0.8474 accuarcy=0.8478 precision=0.8478 recall=0.8478 roc=0.8436 
[2019-08-24 11:35:23,576]: length=79 f1=0.8362 accuarcy=0.8370 precision=0.8372 recall=0.8370 roc=0.8314 
[2019-08-24 11:35:31,996]: length=80 f1=0.8580 accuarcy=0.8587 precision=0.8592 recall=0.8587 roc=0.8534 
[2019-08-24 11:35:40,485]: length=81 f1=0.8256 accuarcy=0.8261 precision=0.8259 recall=0.8261 roc=0.8216 
[2019-08-24 11:35:48,843]: length=82 f1=0.8580 accuarcy=0.8587 precision=0.8592 recall=0.8587 roc=0.8534 
[2019-08-24 11:35:57,234]: length=83 f1=0.8460 accuarcy=0.8478 precision=0.8518 recall=0.8478 roc=0.8388 
[2019-08-24 11:36:05,469]: length=84 f1=0.8362 accuarcy=0.8370 precision=0.8372 recall=0.8370 roc=0.8314 
[2019-08-24 11:36:13,984]: length=85 f1=0.8580 accuarcy=0.8587 precision=0.8592 recall=0.8587 roc=0.8534 
[2019-08-24 11:36:22,235]: length=86 f1=0.8256 accuarcy=0.8261 precision=0.8259 recall=0.8261 roc=0.8216 
[2019-08-24 11:36:30,454]: length=87 f1=0.8474 accuarcy=0.8478 precision=0.8478 recall=0.8478 roc=0.8436 
[2019-08-24 11:36:38,677]: length=88 f1=0.8468 accuarcy=0.8478 precision=0.8491 recall=0.8478 roc=0.8412 
[2019-08-24 11:36:47,283]: length=89 f1=0.8474 accuarcy=0.8478 precision=0.8478 recall=0.8478 roc=0.8436 
[2019-08-24 11:36:55,367]: length=90 f1=0.8474 accuarcy=0.8478 precision=0.8478 recall=0.8478 roc=0.8436 
[2019-08-24 11:37:03,961]: length=91 f1=0.8256 accuarcy=0.8261 precision=0.8259 recall=0.8261 roc=0.8216 
[2019-08-24 11:37:12,412]: length=92 f1=0.8580 accuarcy=0.8587 precision=0.8592 recall=0.8587 roc=0.8534 
[2019-08-24 11:37:20,713]: length=93 f1=0.8367 accuarcy=0.8370 precision=0.8367 recall=0.8370 roc=0.8338 
[2019-08-24 11:37:29,294]: length=94 f1=0.8692 accuarcy=0.8696 precision=0.8696 recall=0.8696 roc=0.8656 
[2019-08-24 11:37:37,427]: length=95 f1=0.8580 accuarcy=0.8587 precision=0.8592 recall=0.8587 roc=0.8534 
[2019-08-24 11:37:46,238]: length=96 f1=0.8249 accuarcy=0.8261 precision=0.8269 recall=0.8261 roc=0.8192 
[2019-08-24 11:37:54,571]: length=97 f1=0.8256 accuarcy=0.8261 precision=0.8259 recall=0.8261 roc=0.8216 
[2019-08-24 11:38:02,748]: length=98 f1=0.8249 accuarcy=0.8261 precision=0.8269 recall=0.8261 roc=0.8192 
[2019-08-24 11:38:11,427]: length=99 f1=0.8580 accuarcy=0.8587 precision=0.8592 recall=0.8587 roc=0.8534 
[2019-08-24 11:38:19,767]: length=100 f1=0.8580 accuarcy=0.8587 precision=0.8592 recall=0.8587 roc=0.8534 
[2019-08-24 11:38:28,486]: length=101 f1=0.8367 accuarcy=0.8370 precision=0.8367 recall=0.8370 roc=0.8338 
[2019-08-24 11:38:36,915]: length=102 f1=0.8355 accuarcy=0.8370 precision=0.8391 recall=0.8370 roc=0.8290 
[2019-08-24 11:38:45,647]: length=103 f1=0.8362 accuarcy=0.8370 precision=0.8372 recall=0.8370 roc=0.8314 
[2019-08-24 11:38:54,124]: length=104 f1=0.8362 accuarcy=0.8370 precision=0.8372 recall=0.8370 roc=0.8314 
[2019-08-24 11:39:02,924]: length=105 f1=0.8367 accuarcy=0.8370 precision=0.8367 recall=0.8370 roc=0.8338 
[2019-08-24 11:39:11,436]: length=106 f1=0.8474 accuarcy=0.8478 precision=0.8478 recall=0.8478 roc=0.8436 
[2019-08-24 11:39:19,635]: length=107 f1=0.8474 accuarcy=0.8478 precision=0.8478 recall=0.8478 roc=0.8436 
[2019-08-24 11:39:28,143]: length=108 f1=0.8580 accuarcy=0.8587 precision=0.8592 recall=0.8587 roc=0.8534 
[2019-08-24 11:39:36,380]: length=109 f1=0.8256 accuarcy=0.8261 precision=0.8259 recall=0.8261 roc=0.8216 
[2019-08-24 11:39:45,127]: length=110 f1=0.8474 accuarcy=0.8478 precision=0.8478 recall=0.8478 roc=0.8436 
[2019-08-24 11:39:53,277]: length=111 f1=0.8362 accuarcy=0.8370 precision=0.8372 recall=0.8370 roc=0.8314 
[2019-08-24 11:40:01,671]: length=112 f1=0.8367 accuarcy=0.8370 precision=0.8367 recall=0.8370 roc=0.8338 
[2019-08-24 11:40:10,158]: length=113 f1=0.8468 accuarcy=0.8478 precision=0.8491 recall=0.8478 roc=0.8412 
[2019-08-24 11:40:18,684]: length=114 f1=0.8256 accuarcy=0.8261 precision=0.8259 recall=0.8261 roc=0.8216 
[2019-08-24 11:40:27,097]: length=115 f1=0.8474 accuarcy=0.8478 precision=0.8478 recall=0.8478 roc=0.8436 
[2019-08-24 11:40:35,601]: length=116 f1=0.8474 accuarcy=0.8478 precision=0.8478 recall=0.8478 roc=0.8436 
[2019-08-24 11:40:44,376]: length=117 f1=0.8362 accuarcy=0.8370 precision=0.8372 recall=0.8370 roc=0.8314 
[2019-08-24 11:40:53,105]: length=118 f1=0.8474 accuarcy=0.8478 precision=0.8478 recall=0.8478 roc=0.8436 
[2019-08-24 11:41:01,200]: length=119 f1=0.8362 accuarcy=0.8370 precision=0.8372 recall=0.8370 roc=0.8314 
[2019-08-24 11:41:09,237]: length=120 f1=0.8687 accuarcy=0.8696 precision=0.8712 recall=0.8696 roc=0.8632 
[2019-08-24 11:41:17,422]: length=121 f1=0.8580 accuarcy=0.8587 precision=0.8592 recall=0.8587 roc=0.8534 
[2019-08-24 11:41:25,639]: length=122 f1=0.8580 accuarcy=0.8587 precision=0.8592 recall=0.8587 roc=0.8534 
[2019-08-24 11:41:33,808]: length=123 f1=0.8580 accuarcy=0.8587 precision=0.8592 recall=0.8587 roc=0.8534 
[2019-08-24 11:41:42,064]: length=124 f1=0.8474 accuarcy=0.8478 precision=0.8478 recall=0.8478 roc=0.8436 
[2019-08-24 11:41:50,666]: length=125 f1=0.8687 accuarcy=0.8696 precision=0.8712 recall=0.8696 roc=0.8632 
[2019-08-24 11:41:59,017]: length=126 f1=0.8474 accuarcy=0.8478 precision=0.8478 recall=0.8478 roc=0.8436 
[2019-08-24 11:42:07,510]: length=127 f1=0.8367 accuarcy=0.8370 precision=0.8367 recall=0.8370 roc=0.8338 
[2019-08-24 11:42:15,874]: length=128 f1=0.8687 accuarcy=0.8696 precision=0.8712 recall=0.8696 roc=0.8632 
[2019-08-24 11:42:24,132]: length=129 f1=0.8367 accuarcy=0.8370 precision=0.8367 recall=0.8370 roc=0.8338 
[2019-08-24 11:42:32,405]: length=130 f1=0.8580 accuarcy=0.8587 precision=0.8592 recall=0.8587 roc=0.8534 
[2019-08-24 11:42:40,647]: length=131 f1=0.8261 accuarcy=0.8261 precision=0.8261 recall=0.8261 roc=0.8240 
[2019-08-24 11:42:49,420]: length=132 f1=0.8474 accuarcy=0.8478 precision=0.8478 recall=0.8478 roc=0.8436 
[2019-08-24 11:42:57,763]: length=133 f1=0.8256 accuarcy=0.8261 precision=0.8259 recall=0.8261 roc=0.8216 
[2019-08-24 11:43:05,917]: length=134 f1=0.8362 accuarcy=0.8370 precision=0.8372 recall=0.8370 roc=0.8314 
[2019-08-24 11:43:14,358]: length=135 f1=0.8580 accuarcy=0.8587 precision=0.8592 recall=0.8587 roc=0.8534 
[2019-08-24 11:43:22,920]: length=136 f1=0.8256 accuarcy=0.8261 precision=0.8259 recall=0.8261 roc=0.8216 
[2019-08-24 11:43:31,265]: length=137 f1=0.8580 accuarcy=0.8587 precision=0.8592 recall=0.8587 roc=0.8534 
[2019-08-24 11:43:39,519]: length=138 f1=0.8474 accuarcy=0.8478 precision=0.8478 recall=0.8478 roc=0.8436 
[2019-08-24 11:43:47,883]: length=139 f1=0.8367 accuarcy=0.8370 precision=0.8367 recall=0.8370 roc=0.8338 
[2019-08-24 11:43:56,579]: length=140 f1=0.8150 accuarcy=0.8152 precision=0.8149 recall=0.8152 roc=0.8118 
[2019-08-24 11:44:04,888]: length=141 f1=0.8362 accuarcy=0.8370 precision=0.8372 recall=0.8370 roc=0.8314 
[2019-08-24 11:44:12,774]: length=142 f1=0.8580 accuarcy=0.8587 precision=0.8592 recall=0.8587 roc=0.8534 
[2019-08-24 11:44:20,774]: length=143 f1=0.8468 accuarcy=0.8478 precision=0.8491 recall=0.8478 roc=0.8412 
[2019-08-24 11:44:29,007]: length=144 f1=0.8474 accuarcy=0.8478 precision=0.8478 recall=0.8478 roc=0.8436 
[2019-08-24 11:44:37,097]: length=145 f1=0.8468 accuarcy=0.8478 precision=0.8491 recall=0.8478 roc=0.8412 
[2019-08-24 11:44:45,385]: length=146 f1=0.8474 accuarcy=0.8478 precision=0.8478 recall=0.8478 roc=0.8436 
[2019-08-24 11:44:53,879]: length=147 f1=0.8362 accuarcy=0.8370 precision=0.8372 recall=0.8370 roc=0.8314 
[2019-08-24 11:45:01,910]: length=148 f1=0.8574 accuarcy=0.8587 precision=0.8614 recall=0.8587 roc=0.8510 
[2019-08-24 11:45:10,145]: length=149 f1=0.8474 accuarcy=0.8478 precision=0.8478 recall=0.8478 roc=0.8436 
[2019-08-24 11:45:18,461]: length=150 f1=0.8362 accuarcy=0.8370 precision=0.8372 recall=0.8370 roc=0.8314 
[2019-08-24 11:45:26,578]: length=151 f1=0.8468 accuarcy=0.8478 precision=0.8491 recall=0.8478 roc=0.8412 
[2019-08-24 11:45:34,654]: length=152 f1=0.8362 accuarcy=0.8370 precision=0.8372 recall=0.8370 roc=0.8314 
[2019-08-24 11:45:43,161]: length=153 f1=0.8474 accuarcy=0.8478 precision=0.8478 recall=0.8478 roc=0.8436 
[2019-08-24 11:45:51,416]: length=154 f1=0.8580 accuarcy=0.8587 precision=0.8592 recall=0.8587 roc=0.8534 
[2019-08-24 11:45:59,727]: length=155 f1=0.8468 accuarcy=0.8478 precision=0.8491 recall=0.8478 roc=0.8412 
[2019-08-24 11:46:08,047]: length=156 f1=0.8474 accuarcy=0.8478 precision=0.8478 recall=0.8478 roc=0.8436 
[2019-08-24 11:46:16,538]: length=157 f1=0.8468 accuarcy=0.8478 precision=0.8491 recall=0.8478 roc=0.8412 
[2019-08-24 11:46:24,892]: length=158 f1=0.8362 accuarcy=0.8370 precision=0.8372 recall=0.8370 roc=0.8314 
[2019-08-24 11:46:33,342]: length=159 f1=0.8362 accuarcy=0.8370 precision=0.8372 recall=0.8370 roc=0.8314 
[2019-08-24 11:46:41,682]: length=160 f1=0.8362 accuarcy=0.8370 precision=0.8372 recall=0.8370 roc=0.8314 
[2019-08-24 11:46:49,972]: length=161 f1=0.8474 accuarcy=0.8478 precision=0.8478 recall=0.8478 roc=0.8436 
[2019-08-24 11:46:58,136]: length=162 f1=0.8580 accuarcy=0.8587 precision=0.8592 recall=0.8587 roc=0.8534 
[2019-08-24 11:47:06,486]: length=163 f1=0.8687 accuarcy=0.8696 precision=0.8712 recall=0.8696 roc=0.8632 
[2019-08-24 11:47:14,682]: length=164 f1=0.8580 accuarcy=0.8587 precision=0.8592 recall=0.8587 roc=0.8534 
[2019-08-24 11:47:23,226]: length=165 f1=0.8468 accuarcy=0.8478 precision=0.8491 recall=0.8478 roc=0.8412 
[2019-08-24 11:47:31,635]: length=166 f1=0.8474 accuarcy=0.8478 precision=0.8478 recall=0.8478 roc=0.8436 
[2019-08-24 11:47:39,886]: length=167 f1=0.8580 accuarcy=0.8587 precision=0.8592 recall=0.8587 roc=0.8534 
[2019-08-24 11:47:48,035]: length=168 f1=0.8362 accuarcy=0.8370 precision=0.8372 recall=0.8370 roc=0.8314 
[2019-08-24 11:47:56,713]: length=169 f1=0.8468 accuarcy=0.8478 precision=0.8491 recall=0.8478 roc=0.8412 
[2019-08-24 11:48:05,111]: length=170 f1=0.8474 accuarcy=0.8478 precision=0.8478 recall=0.8478 roc=0.8436 
[2019-08-24 11:48:13,565]: length=171 f1=0.8256 accuarcy=0.8261 precision=0.8259 recall=0.8261 roc=0.8216 
[2019-08-24 11:48:22,018]: length=172 f1=0.8256 accuarcy=0.8261 precision=0.8259 recall=0.8261 roc=0.8216 
[2019-08-24 11:48:30,303]: length=173 f1=0.8362 accuarcy=0.8370 precision=0.8372 recall=0.8370 roc=0.8314 
[2019-08-24 11:48:38,818]: length=174 f1=0.8474 accuarcy=0.8478 precision=0.8478 recall=0.8478 roc=0.8436 
[2019-08-24 11:48:47,240]: length=175 f1=0.8256 accuarcy=0.8261 precision=0.8259 recall=0.8261 roc=0.8216 
[2019-08-24 11:48:55,806]: length=176 f1=0.8687 accuarcy=0.8696 precision=0.8712 recall=0.8696 roc=0.8632 
[2019-08-24 11:49:04,604]: length=177 f1=0.8687 accuarcy=0.8696 precision=0.8712 recall=0.8696 roc=0.8632 
[2019-08-24 11:49:12,808]: length=178 f1=0.8468 accuarcy=0.8478 precision=0.8491 recall=0.8478 roc=0.8412 
[2019-08-24 11:49:12,813]: ----------
[2019-08-24 11:49:12,813]: the max 0.8467953976567594 = 0.9017
[2019-08-24 11:49:12,813]: ['Hopp_Woods_R' 'basic_polar' 'Rose_I' 'Janin_W' 'Janin_P'
 'Kyte_Doolittle_I' 'Cornette_C' 'Cornette_T' 'hydrophily'
 'Kyte_Doolittle_A' 'Cornette_V' 'Engelman_GES_W' 'Janin_D'
 'Engelman_GES_D' 'Eisenberg_R' 'Engelman_GES_S' 'Engelman_GES_E'
 'Engelman_GES_N'],length = 18
[2019-08-24 11:49:12,813]: -----------
[2019-08-24 11:49:21,275]: ***confusion matrix***
[2019-08-24 11:49:21,275]:                pos_class      neg_class      
[2019-08-24 11:49:21,276]: pos_class      TP:35             FN:6              
[2019-08-24 11:49:21,276]: neg_class      FP:3              TN:48             
[2019-08-24 11:49:21,276]: f1 =0.9017 
[2019-08-24 11:49:21,277]: accuarcy = 0.9022 
[2019-08-24 11:49:21,277]: precision =0.9032 
[2019-08-24 11:49:21,278]: recall =0.9022
[2019-08-24 11:49:21,279]: roc area = 0.8974
[2019-08-24 11:49:21,298]: -----------
[2019-08-24 11:49:21,298]: The output by the terminal's log has been saved in the J:\多设备共享\work\MRMD2.0-github\Logs\201908241122.log.
[2019-08-24 11:49:21,298]: metrics have been saved in the J:\多设备共享\work\MRMD2.0-github\Results\meteixa.csv.
[2019-08-24 11:49:21,298]: reduced dimensional dataset has been saved in the J:\多设备共享\work\MRMD2.0-github\Results\rd.csv.
[2019-08-24 11:49:21,298]: ---mrmd 2.0 end---
