[2019-08-24 10:14:06,623]: ---mrmd 2.0 start----
[2019-08-24 10:14:06,636]: ANOVA start...
[2019-08-24 10:14:06,650]: ANOVA end.
[2019-08-24 10:14:06,650]: mic start...
[2019-08-24 10:14:17,756]: mic end.
[2019-08-24 10:14:17,756]: mrmd start...
[2019-08-24 10:14:18,014]: mrmd end.
[2019-08-24 10:14:18,014]: mRMR start...
[2019-08-24 10:14:28,739]: mRMR end.
[2019-08-24 10:14:28,739]: lasso start...
[2019-08-24 10:14:28,787]: lasso end.
[2019-08-24 10:14:28,787]: chi2 start...
[2019-08-24 10:14:28,816]: chi2 end.
[2019-08-24 10:14:28,817]: ref start...
[2019-08-24 10:14:30,088]: ref end.
[2019-08-24 10:14:30,092]: rank start ...
[2019-08-24 10:14:30,106]: The final  rank is
[2019-08-24 10:14:30,106]: Hopp_Woods_R : 0.0073
[2019-08-24 10:14:30,106]: basic_polar : 0.0072
[2019-08-24 10:14:30,106]: Cornette_C : 0.0070
[2019-08-24 10:14:30,106]: Janin_P : 0.0070
[2019-08-24 10:14:30,106]: Engelman_GES_D : 0.0069
[2019-08-24 10:14:30,107]: Rose_I : 0.0068
[2019-08-24 10:14:30,107]: Kyte_Doolittle_I : 0.0068
[2019-08-24 10:14:30,107]: hydrophily : 0.0068
[2019-08-24 10:14:30,107]: Cornette_V : 0.0067
[2019-08-24 10:14:30,107]: Engelman_GES_S : 0.0067
[2019-08-24 10:14:30,107]: Cornette_T : 0.0067
[2019-08-24 10:14:30,107]: Janin_D : 0.0067
[2019-08-24 10:14:30,107]: Kyte_Doolittle_A : 0.0066
[2019-08-24 10:14:30,107]: Janin_W : 0.0066
[2019-08-24 10:14:30,108]: Hopp_Woods_A : 0.0065
[2019-08-24 10:14:30,108]: Hopp_Woods_I : 0.0065
[2019-08-24 10:14:30,108]: Engelman_GES_N : 0.0064
[2019-08-24 10:14:30,108]: Eisenberg_R : 0.0064
[2019-08-24 10:14:30,108]: Engelman_GES_W : 0.0064
[2019-08-24 10:14:30,108]: Cornette_P : 0.0064
[2019-08-24 10:14:30,108]: Rose_S : 0.0064
[2019-08-24 10:14:30,108]: Engelman_GES_E : 0.0064
[2019-08-24 10:14:30,108]: Cornette_F : 0.0064
[2019-08-24 10:14:30,108]: Hopp_Woods_D : 0.0064
[2019-08-24 10:14:30,109]: Rose_P : 0.0063
[2019-08-24 10:14:30,109]: Cornette_K : 0.0063
[2019-08-24 10:14:30,109]: Rose_Q : 0.0063
[2019-08-24 10:14:30,109]: Rose_H : 0.0062
[2019-08-24 10:14:30,109]: Engelman_GES_R : 0.0062
[2019-08-24 10:14:30,109]: Kyte_Doolittle_P : 0.0062
[2019-08-24 10:14:30,109]: Cornette_D : 0.0062
[2019-08-24 10:14:30,109]: Eisenberg_N : 0.0062
[2019-08-24 10:14:30,109]: Rose_L : 0.0061
[2019-08-24 10:14:30,109]: Rose_W : 0.0061
[2019-08-24 10:14:30,109]: Kyte_Doolittle_H : 0.0061
[2019-08-24 10:14:30,110]: Janin_H : 0.0061
[2019-08-24 10:14:30,110]: Janin_V : 0.0061
[2019-08-24 10:14:30,110]: nonpolar : 0.0061
[2019-08-24 10:14:30,110]: Kyte_Doolittle_L : 0.0061
[2019-08-24 10:14:30,110]: Kyte_Doolittle_K : 0.0061
[2019-08-24 10:14:30,110]: Eisenberg_Y : 0.0060
[2019-08-24 10:14:30,110]: Janin_Q : 0.0060
[2019-08-24 10:14:30,110]: K : 0.0060
[2019-08-24 10:14:30,110]: Engelman_GES_F : 0.0060
[2019-08-24 10:14:30,111]: Eisenberg_K : 0.0060
[2019-08-24 10:14:30,111]: Engelman_GES_P : 0.0059
[2019-08-24 10:14:30,111]: Cornette_E : 0.0059
[2019-08-24 10:14:30,111]: Eisenberg_D : 0.0059
[2019-08-24 10:14:30,111]: Kyte_Doolittle_C : 0.0059
[2019-08-24 10:14:30,111]: Engelman_GES_L : 0.0059
[2019-08-24 10:14:30,112]: Rose_R : 0.0059
[2019-08-24 10:14:30,112]: Kyte_Doolittle_W : 0.0059
[2019-08-24 10:14:30,112]: Hopp_Woods_N : 0.0058
[2019-08-24 10:14:30,112]: Hopp_Woods_H : 0.0058
[2019-08-24 10:14:30,112]: Cornette_H : 0.0058
[2019-08-24 10:14:30,112]: Cornette_S : 0.0058
[2019-08-24 10:14:30,112]: Janin_Y : 0.0058
[2019-08-24 10:14:30,112]: Kyte_Doolittle_N : 0.0058
[2019-08-24 10:14:30,112]: D : 0.0058
[2019-08-24 10:14:30,113]: C : 0.0058
[2019-08-24 10:14:30,113]: Eisenberg_V : 0.0058
[2019-08-24 10:14:30,113]: Rose_V : 0.0058
[2019-08-24 10:14:30,113]: Engelman_GES_Y : 0.0058
[2019-08-24 10:14:30,113]: Cornette_W : 0.0058
[2019-08-24 10:14:30,113]: Janin_T : 0.0057
[2019-08-24 10:14:30,113]: Janin_L : 0.0057
[2019-08-24 10:14:30,113]: Cornette_Q : 0.0057
[2019-08-24 10:14:30,113]: moderate : 0.0057
[2019-08-24 10:14:30,113]: I : 0.0057
[2019-08-24 10:14:30,114]: Rose_T : 0.0057
[2019-08-24 10:14:30,114]: Eisenberg_S : 0.0057
[2019-08-24 10:14:30,114]: Eisenberg_W : 0.0057
[2019-08-24 10:14:30,114]: Engelman_GES_Q : 0.0057
[2019-08-24 10:14:30,114]: aromatic : 0.0057
[2019-08-24 10:14:30,114]: Hopp_Woods_F : 0.0057
[2019-08-24 10:14:30,114]: aliphatic : 0.0057
[2019-08-24 10:14:30,114]: Kyte_Doolittle_F : 0.0057
[2019-08-24 10:14:30,115]: Cornette_L : 0.0057
[2019-08-24 10:14:30,115]: Hopp_Woods_Q : 0.0056
[2019-08-24 10:14:30,115]: S : 0.0056
[2019-08-24 10:14:30,115]: Kyte_Doolittle_D : 0.0056
[2019-08-24 10:14:30,115]: Janin_I : 0.0056
[2019-08-24 10:14:30,115]: Hopp_Woods_S : 0.0056
[2019-08-24 10:14:30,115]: P : 0.0056
[2019-08-24 10:14:30,116]: F : 0.0056
[2019-08-24 10:14:30,116]: Janin_A : 0.0056
[2019-08-24 10:14:30,116]: Kyte_Doolittle_E : 0.0056
[2019-08-24 10:14:30,116]: alphatic : 0.0056
[2019-08-24 10:14:30,116]: Engelman_GES_T : 0.0056
[2019-08-24 10:14:30,116]: V : 0.0056
[2019-08-24 10:14:30,116]: Rose_D : 0.0056
[2019-08-24 10:14:30,116]: T : 0.0056
[2019-08-24 10:14:30,116]: Hopp_Woods_M : 0.0056
[2019-08-24 10:14:30,116]: Hopp_Woods_Y : 0.0056
[2019-08-24 10:14:30,117]: Hopp_Woods_C : 0.0056
[2019-08-24 10:14:30,117]: Engelman_GES_K : 0.0056
[2019-08-24 10:14:30,117]: Cornette_A : 0.0055
[2019-08-24 10:14:30,117]: postivecharge : 0.0055
[2019-08-24 10:14:30,117]: Kyte_Doolittle_Q : 0.0055
[2019-08-24 10:14:30,117]: Eisenberg_A : 0.0055
[2019-08-24 10:14:30,117]: Kyte_Doolittle_M : 0.0055
[2019-08-24 10:14:30,117]: Hopp_Woods_V : 0.0055
[2019-08-24 10:14:30,117]: polar : 0.0055
[2019-08-24 10:14:30,117]: M : 0.0055
[2019-08-24 10:14:30,117]: Rose_M : 0.0055
[2019-08-24 10:14:30,117]: Engelman_GES_G : 0.0055
[2019-08-24 10:14:30,118]: positve : 0.0055
[2019-08-24 10:14:30,118]: Eisenberg_M : 0.0055
[2019-08-24 10:14:30,118]: Q : 0.0055
[2019-08-24 10:14:30,118]: Janin_M : 0.0055
[2019-08-24 10:14:30,118]: Cornette_Y : 0.0055
[2019-08-24 10:14:30,118]: Kyte_Doolittle_Y : 0.0055
[2019-08-24 10:14:30,118]: Rose_A : 0.0055
[2019-08-24 10:14:30,119]: hydrophobicity : 0.0055
[2019-08-24 10:14:30,119]: negativecharge : 0.0055
[2019-08-24 10:14:30,119]: Rose_N : 0.0055
[2019-08-24 10:14:30,119]: Kyte_Doolittle_R : 0.0055
[2019-08-24 10:14:30,119]: Hopp_Woods_L : 0.0055
[2019-08-24 10:14:30,119]: Eisenberg_H : 0.0055
[2019-08-24 10:14:30,119]: E : 0.0055
[2019-08-24 10:14:30,119]: Kyte_Doolittle_S : 0.0055
[2019-08-24 10:14:30,119]: Hopp_Woods_E : 0.0054
[2019-08-24 10:14:30,120]: Hopp_Woods_K : 0.0054
[2019-08-24 10:14:30,120]: N : 0.0054
[2019-08-24 10:14:30,120]: Engelman_GES_V : 0.0054
[2019-08-24 10:14:30,120]: Cornette_M : 0.0054
[2019-08-24 10:14:30,120]: Janin_K : 0.0054
[2019-08-24 10:14:30,120]: uncharge : 0.0054
[2019-08-24 10:14:30,120]: Engelman_GES_A : 0.0054
[2019-08-24 10:14:30,120]: Eisenberg_T : 0.0054
[2019-08-24 10:14:30,120]: Rose_C : 0.0054
[2019-08-24 10:14:30,120]: Eisenberg_L : 0.0054
[2019-08-24 10:14:30,120]: Rose_F : 0.0054
[2019-08-24 10:14:30,121]: Engelman_GES_M : 0.0054
[2019-08-24 10:14:30,121]: Eisenberg_P : 0.0053
[2019-08-24 10:14:30,121]: H : 0.0053
[2019-08-24 10:14:30,121]: Eisenberg_I : 0.0053
[2019-08-24 10:14:30,121]: Engelman_GES_H : 0.0053
[2019-08-24 10:14:30,121]: Janin_F : 0.0053
[2019-08-24 10:14:30,121]: Eisenberg_Q : 0.0053
[2019-08-24 10:14:30,121]: G : 0.0053
[2019-08-24 10:14:30,121]: Janin_E : 0.0053
[2019-08-24 10:14:30,121]: R : 0.0053
[2019-08-24 10:14:30,122]: Rose_K : 0.0053
[2019-08-24 10:14:30,122]: Janin_N : 0.0053
[2019-08-24 10:14:30,122]: Eisenberg_G : 0.0053
[2019-08-24 10:14:30,122]: L : 0.0052
[2019-08-24 10:14:30,122]: Y : 0.0052
[2019-08-24 10:14:30,122]: Kyte_Doolittle_G : 0.0052
[2019-08-24 10:14:30,122]: Engelman_GES_C : 0.0052
[2019-08-24 10:14:30,122]: Eisenberg_C : 0.0051
[2019-08-24 10:14:30,122]: Kyte_Doolittle_T : 0.0051
[2019-08-24 10:14:30,122]: neutral : 0.0051
[2019-08-24 10:14:30,122]: Janin_R : 0.0050
[2019-08-24 10:14:30,123]: Rose_E : 0.0050
[2019-08-24 10:14:30,123]: Janin_S : 0.0049
[2019-08-24 10:14:30,123]: Engelman_GES_I : 0.0049
[2019-08-24 10:14:30,123]: Janin_G : 0.0049
[2019-08-24 10:14:30,123]: A : 0.0049
[2019-08-24 10:14:30,123]: Eisenberg_F : 0.0049
[2019-08-24 10:14:30,123]: Hopp_Woods_T : 0.0049
[2019-08-24 10:14:30,123]: Rose_Y : 0.0049
[2019-08-24 10:14:30,123]: Eisenberg_E : 0.0048
[2019-08-24 10:14:30,123]: W : 0.0048
[2019-08-24 10:14:30,123]: aromatic.1 : 0.0048
[2019-08-24 10:14:30,124]: Hopp_Woods_W : 0.0048
[2019-08-24 10:14:30,124]: Cornette_I : 0.0048
[2019-08-24 10:14:30,124]: Cornette_R : 0.0047
[2019-08-24 10:14:30,124]: Kyte_Doolittle_V : 0.0047
[2019-08-24 10:14:30,124]: Janin_C : 0.0047
[2019-08-24 10:14:30,124]: negative : 0.0046
[2019-08-24 10:14:30,124]: heterocyclics : 0.0045
[2019-08-24 10:14:30,124]: Cornette_N : 0.0042
[2019-08-24 10:14:30,124]: acidic_polar : 0.0042
[2019-08-24 10:14:30,124]: Rose_G : 0.0040
[2019-08-24 10:14:30,124]: Cornette_G : 0.0034
[2019-08-24 10:14:30,124]: Hopp_Woods_G : 0.0030
[2019-08-24 10:14:30,125]: Hopp_Woods_P : 0.0028
[2019-08-24 10:14:30,125]: feature_rank end
[2019-08-24 10:14:30,147]: Start dimension reduction ...
[2019-08-24 10:14:39,819]: length=1 f1=0.6957 accuarcy=0.6957 precision=0.6957 recall=0.6957 roc=0.6920 
[2019-08-24 10:14:49,496]: length=2 f1=0.6856 accuarcy=0.6848 precision=0.6878 recall=0.6848 roc=0.6846 
[2019-08-24 10:14:58,260]: length=3 f1=0.7497 accuarcy=0.7500 precision=0.7495 recall=0.7500 roc=0.7458 
[2019-08-24 10:15:08,754]: length=4 f1=0.7609 accuarcy=0.7609 precision=0.7609 recall=0.7609 roc=0.7580 
[2019-08-24 10:15:17,786]: length=5 f1=0.8362 accuarcy=0.8370 precision=0.8372 recall=0.8370 roc=0.8314 
[2019-08-24 10:15:26,068]: length=6 f1=0.8910 accuarcy=0.8913 precision=0.8915 recall=0.8913 roc=0.8876 
[2019-08-24 10:15:35,724]: length=7 f1=0.8906 accuarcy=0.8913 precision=0.8933 recall=0.8913 roc=0.8852 
[2019-08-24 10:15:44,889]: length=8 f1=0.8799 accuarcy=0.8804 precision=0.8812 recall=0.8804 roc=0.8754 
[2019-08-24 10:15:53,571]: length=9 f1=0.8906 accuarcy=0.8913 precision=0.8933 recall=0.8913 roc=0.8852 
[2019-08-24 10:16:02,447]: length=10 f1=0.8906 accuarcy=0.8913 precision=0.8933 recall=0.8913 roc=0.8852 
[2019-08-24 10:16:10,740]: length=11 f1=0.8687 accuarcy=0.8696 precision=0.8712 recall=0.8696 roc=0.8632 
[2019-08-24 10:16:18,712]: length=12 f1=0.8580 accuarcy=0.8587 precision=0.8592 recall=0.8587 roc=0.8534 
[2019-08-24 10:16:26,801]: length=13 f1=0.8468 accuarcy=0.8478 precision=0.8491 recall=0.8478 roc=0.8412 
