[2019-08-29 20:54:19,817]: ---mrmd 2.0 start----
[2019-08-29 20:54:19,958]: ANOVA start...
[2019-08-29 20:54:19,985]: ANOVA end.
[2019-08-29 20:54:19,986]: mic start...
[2019-08-29 20:54:32,884]: mic end.
[2019-08-29 20:54:32,884]: mrmd start...
[2019-08-29 20:54:33,298]: mrmd end.
[2019-08-29 20:54:33,298]: mRMR start...
[2019-08-29 20:54:35,914]: mRMR end.
[2019-08-29 20:54:35,914]: lasso start...
[2019-08-29 20:54:35,963]: lasso end.
[2019-08-29 20:54:35,963]: chi2 start...
[2019-08-29 20:54:36,002]: chi2 end.
[2019-08-29 20:54:36,002]: ref start...
[2019-08-29 20:54:36,949]: ref end.
[2019-08-29 20:54:36,958]: rank start ...
[2019-08-29 20:54:36,990]: The final  rank is
[2019-08-29 20:54:36,991]: negativecharger.aromatic.gap2 : 0.0078
[2019-08-29 20:54:36,991]: aromatic.postivecharger.gap5 : 0.0078
[2019-08-29 20:54:36,991]: postivecharger.negativecharger.gap5 : 0.0078
[2019-08-29 20:54:36,991]: aromatic.uncharger.gap5 : 0.0078
[2019-08-29 20:54:36,991]: uncharger.aromatic.gap1 : 0.0078
[2019-08-29 20:54:36,991]: aromatic.uncharger.gap1 : 0.0078
[2019-08-29 20:54:36,992]: negativecharger.alphaticr.gap4 : 0.0078
[2019-08-29 20:54:36,992]: alphaticr.alphaticr.gap5 : 0.0077
[2019-08-29 20:54:36,992]: uncharger.uncharger.gap2 : 0.0076
[2019-08-29 20:54:36,992]: alphaticr.postivecharger.gap3 : 0.0076
[2019-08-29 20:54:36,992]: uncharger.postivecharger.gap1 : 0.0076
[2019-08-29 20:54:36,992]: uncharger.alphaticr.gap0 : 0.0076
[2019-08-29 20:54:36,992]: negativecharger.alphaticr.gap3 : 0.0076
[2019-08-29 20:54:36,993]: alphaticr.alphaticr.gap0 : 0.0075
[2019-08-29 20:54:36,993]: postivecharger.uncharger.gap3 : 0.0075
[2019-08-29 20:54:36,993]: alphaticr.aromatic.gap2 : 0.0075
[2019-08-29 20:54:36,993]: postivecharger.aromatic.gap3 : 0.0075
[2019-08-29 20:54:36,993]: uncharger.alphaticr.gap5 : 0.0075
[2019-08-29 20:54:36,993]: uncharger.aromatic.gap0 : 0.0074
[2019-08-29 20:54:36,993]: postivecharger.postivecharger.gap1 : 0.0074
[2019-08-29 20:54:36,993]: alphaticr.negativecharger.gap3 : 0.0074
[2019-08-29 20:54:36,994]: uncharger.uncharger.gap3 : 0.0074
[2019-08-29 20:54:36,994]: aromatic.negativecharger.gap5 : 0.0074
[2019-08-29 20:54:36,994]: aromatic.uncharger.gap4 : 0.0073
[2019-08-29 20:54:36,994]: uncharger.negativecharger.gap1 : 0.0073
[2019-08-29 20:54:36,994]: alphaticr.alphaticr.gap4 : 0.0073
[2019-08-29 20:54:36,994]: aromatic.alphaticr.gap4 : 0.0073
[2019-08-29 20:54:36,994]: aromatic.negativecharger.gap0 : 0.0073
[2019-08-29 20:54:36,995]: postivecharger.alphaticr.gap1 : 0.0073
[2019-08-29 20:54:36,995]: postivecharger.uncharger.gap0 : 0.0073
[2019-08-29 20:54:36,995]: alphaticr.alphaticr.gap1 : 0.0073
[2019-08-29 20:54:36,995]: uncharger.postivecharger.gap0 : 0.0073
[2019-08-29 20:54:36,995]: postivecharger.uncharger.gap2 : 0.0073
[2019-08-29 20:54:36,995]: alphaticr.aromatic.gap0 : 0.0073
[2019-08-29 20:54:36,995]: uncharger.alphaticr.gap1 : 0.0072
[2019-08-29 20:54:36,995]: postivecharger.alphaticr.gap0 : 0.0072
[2019-08-29 20:54:36,996]: postivecharger.uncharger.gap4 : 0.0072
[2019-08-29 20:54:36,996]: uncharger.postivecharger.gap2 : 0.0072
[2019-08-29 20:54:36,996]: uncharger.aromatic.gap5 : 0.0072
[2019-08-29 20:54:36,996]: uncharger.aromatic.gap3 : 0.0072
[2019-08-29 20:54:36,996]: uncharger.postivecharger.gap4 : 0.0072
[2019-08-29 20:54:36,996]: negativecharger.alphaticr.gap0 : 0.0071
[2019-08-29 20:54:36,996]: aromatic.uncharger.gap0 : 0.0071
[2019-08-29 20:54:36,997]: postivecharger.postivecharger.gap4 : 0.0071
[2019-08-29 20:54:36,997]: negativecharger.uncharger.gap2 : 0.0071
[2019-08-29 20:54:36,997]: uncharger.alphaticr.gap2 : 0.0071
[2019-08-29 20:54:36,997]: alphaticr.negativecharger.gap5 : 0.0070
[2019-08-29 20:54:36,997]: aromatic.postivecharger.gap4 : 0.0070
[2019-08-29 20:54:36,997]: negativecharger.aromatic.gap3 : 0.0070
[2019-08-29 20:54:36,997]: uncharger.postivecharger.gap5 : 0.0069
[2019-08-29 20:54:36,998]: aromatic.negativecharger.gap1 : 0.0069
[2019-08-29 20:54:36,998]: postivecharger.uncharger.gap5 : 0.0068
[2019-08-29 20:54:36,998]: negativecharger.postivecharger.gap1 : 0.0068
[2019-08-29 20:54:36,998]: aromatic.uncharger.gap2 : 0.0068
[2019-08-29 20:54:36,998]: alphaticr.negativecharger.gap0 : 0.0068
[2019-08-29 20:54:36,998]: postivecharger.alphaticr.gap5 : 0.0068
[2019-08-29 20:54:36,999]: negativecharger.alphaticr.gap1 : 0.0068
[2019-08-29 20:54:36,999]: negativecharger.uncharger.gap1 : 0.0068
[2019-08-29 20:54:36,999]: alphaticr.aromatic.gap1 : 0.0068
[2019-08-29 20:54:36,999]: aromatic.aromatic.gap4 : 0.0068
[2019-08-29 20:54:36,999]: aromatic.aromatic.gap0 : 0.0068
[2019-08-29 20:54:36,999]: negativecharger.alphaticr.gap5 : 0.0067
[2019-08-29 20:54:36,999]: negativecharger.postivecharger.gap2 : 0.0067
[2019-08-29 20:54:36,999]: uncharger.aromatic.gap4 : 0.0066
[2019-08-29 20:54:37,000]: aromatic.aromatic.gap1 : 0.0066
[2019-08-29 20:54:37,000]: aromatic.alphaticr.gap1 : 0.0066
[2019-08-29 20:54:37,000]: alphaticr.alphaticr.gap2 : 0.0066
[2019-08-29 20:54:37,000]: alphaticr.uncharger.gap4 : 0.0066
[2019-08-29 20:54:37,000]: negativecharger.uncharger.gap5 : 0.0066
[2019-08-29 20:54:37,000]: postivecharger.aromatic.gap4 : 0.0066
[2019-08-29 20:54:37,000]: postivecharger.negativecharger.gap0 : 0.0066
[2019-08-29 20:54:37,001]: uncharger.negativecharger.gap5 : 0.0066
[2019-08-29 20:54:37,001]: negativecharger.aromatic.gap5 : 0.0066
[2019-08-29 20:54:37,001]: postivecharger.aromatic.gap2 : 0.0065
[2019-08-29 20:54:37,001]: alphaticr.postivecharger.gap2 : 0.0065
[2019-08-29 20:54:37,001]: aromatic.aromatic.gap5 : 0.0065
[2019-08-29 20:54:37,001]: aromatic.negativecharger.gap3 : 0.0065
[2019-08-29 20:54:37,001]: aromatic.postivecharger.gap0 : 0.0065
[2019-08-29 20:54:37,002]: alphaticr.negativecharger.gap1 : 0.0065
[2019-08-29 20:54:37,002]: alphaticr.uncharger.gap5 : 0.0065
[2019-08-29 20:54:37,002]: negativecharger.negativecharger.gap2 : 0.0065
[2019-08-29 20:54:37,002]: postivecharger.postivecharger.gap0 : 0.0065
[2019-08-29 20:54:37,002]: uncharger.alphaticr.gap3 : 0.0065
[2019-08-29 20:54:37,002]: alphaticr.aromatic.gap5 : 0.0065
[2019-08-29 20:54:37,002]: alphaticr.uncharger.gap3 : 0.0065
[2019-08-29 20:54:37,003]: uncharger.aromatic.gap2 : 0.0065
[2019-08-29 20:54:37,003]: negativecharger.postivecharger.gap0 : 0.0065
[2019-08-29 20:54:37,003]: negativecharger.aromatic.gap0 : 0.0065
[2019-08-29 20:54:37,003]: negativecharger.alphaticr.gap2 : 0.0065
[2019-08-29 20:54:37,003]: aromatic.postivecharger.gap3 : 0.0065
[2019-08-29 20:54:37,003]: postivecharger.negativecharger.gap4 : 0.0065
[2019-08-29 20:54:37,003]: aromatic.negativecharger.gap4 : 0.0064
[2019-08-29 20:54:37,003]: uncharger.alphaticr.gap4 : 0.0064
[2019-08-29 20:54:37,004]: uncharger.negativecharger.gap4 : 0.0064
[2019-08-29 20:54:37,004]: negativecharger.negativecharger.gap1 : 0.0064
[2019-08-29 20:54:37,004]: aromatic.aromatic.gap3 : 0.0064
[2019-08-29 20:54:37,004]: postivecharger.postivecharger.gap2 : 0.0064
[2019-08-29 20:54:37,004]: postivecharger.aromatic.gap1 : 0.0064
[2019-08-29 20:54:37,004]: negativecharger.uncharger.gap0 : 0.0064
[2019-08-29 20:54:37,004]: postivecharger.alphaticr.gap2 : 0.0064
[2019-08-29 20:54:37,005]: alphaticr.aromatic.gap3 : 0.0064
[2019-08-29 20:54:37,005]: postivecharger.alphaticr.gap3 : 0.0064
[2019-08-29 20:54:37,005]: alphaticr.uncharger.gap0 : 0.0064
[2019-08-29 20:54:37,005]: negativecharger.aromatic.gap1 : 0.0064
[2019-08-29 20:54:37,005]: alphaticr.postivecharger.gap1 : 0.0064
[2019-08-29 20:54:37,005]: alphaticr.postivecharger.gap4 : 0.0064
[2019-08-29 20:54:37,005]: uncharger.uncharger.gap4 : 0.0064
[2019-08-29 20:54:37,006]: postivecharger.uncharger.gap1 : 0.0064
[2019-08-29 20:54:37,006]: negativecharger.postivecharger.gap4 : 0.0064
[2019-08-29 20:54:37,006]: postivecharger.postivecharger.gap5 : 0.0064
[2019-08-29 20:54:37,006]: alphaticr.alphaticr.gap3 : 0.0064
[2019-08-29 20:54:37,006]: postivecharger.negativecharger.gap1 : 0.0064
[2019-08-29 20:54:37,006]: negativecharger.negativecharger.gap4 : 0.0063
[2019-08-29 20:54:37,007]: aromatic.uncharger.gap3 : 0.0063
[2019-08-29 20:54:37,007]: alphaticr.negativecharger.gap4 : 0.0063
[2019-08-29 20:54:37,007]: postivecharger.negativecharger.gap2 : 0.0063
[2019-08-29 20:54:37,007]: postivecharger.aromatic.gap0 : 0.0063
[2019-08-29 20:54:37,007]: uncharger.negativecharger.gap3 : 0.0063
[2019-08-29 20:54:37,007]: uncharger.negativecharger.gap2 : 0.0063
[2019-08-29 20:54:37,007]: negativecharger.negativecharger.gap0 : 0.0063
[2019-08-29 20:54:37,008]: uncharger.negativecharger.gap0 : 0.0063
[2019-08-29 20:54:37,008]: alphaticr.aromatic.gap4 : 0.0063
[2019-08-29 20:54:37,008]: aromatic.postivecharger.gap2 : 0.0063
[2019-08-29 20:54:37,008]: negativecharger.postivecharger.gap3 : 0.0063
[2019-08-29 20:54:37,008]: postivecharger.alphaticr.gap4 : 0.0063
[2019-08-29 20:54:37,008]: postivecharger.aromatic.gap5 : 0.0063
[2019-08-29 20:54:37,008]: aromatic.aromatic.gap2 : 0.0063
[2019-08-29 20:54:37,009]: aromatic.negativecharger.gap2 : 0.0062
[2019-08-29 20:54:37,009]: alphaticr.negativecharger.gap2 : 0.0062
[2019-08-29 20:54:37,009]: negativecharger.uncharger.gap4 : 0.0062
[2019-08-29 20:54:37,009]: alphaticr.uncharger.gap2 : 0.0062
[2019-08-29 20:54:37,009]: negativecharger.uncharger.gap3 : 0.0062
[2019-08-29 20:54:37,009]: uncharger.uncharger.gap0 : 0.0061
[2019-08-29 20:54:37,009]: negativecharger.aromatic.gap4 : 0.0060
[2019-08-29 20:54:37,010]: uncharger.postivecharger.gap3 : 0.0060
[2019-08-29 20:54:37,010]: uncharger.uncharger.gap1 : 0.0059
[2019-08-29 20:54:37,010]: alphaticr.postivecharger.gap5 : 0.0059
[2019-08-29 20:54:37,010]: aromatic.alphaticr.gap2 : 0.0058
[2019-08-29 20:54:37,010]: aromatic.alphaticr.gap5 : 0.0058
[2019-08-29 20:54:37,010]: alphaticr.uncharger.gap1 : 0.0058
[2019-08-29 20:54:37,010]: postivecharger.negativecharger.gap3 : 0.0056
[2019-08-29 20:54:37,011]: negativecharger.negativecharger.gap5 : 0.0056
[2019-08-29 20:54:37,011]: alphaticr.postivecharger.gap0 : 0.0056
[2019-08-29 20:54:37,011]: negativecharger.postivecharger.gap5 : 0.0054
[2019-08-29 20:54:37,011]: aromatic.postivecharger.gap1 : 0.0054
[2019-08-29 20:54:37,011]: postivecharger.postivecharger.gap3 : 0.0054
[2019-08-29 20:54:37,011]: negativecharger.negativecharger.gap3 : 0.0053
[2019-08-29 20:54:37,011]: uncharger.uncharger.gap5 : 0.0048
[2019-08-29 20:54:37,012]: aromatic.alphaticr.gap0 : 0.0048
[2019-08-29 20:54:37,012]: aromatic.alphaticr.gap3 : 0.0046
[2019-08-29 20:54:37,012]: feature_rank end
