[2019-08-15 18:57:43,368]: ---mrmd 2.0 start----
[2019-08-15 18:57:43,409]: ANOVA start...
[2019-08-15 18:57:43,432]: ANOVA end.
[2019-08-15 18:57:43,432]: mic start...
[2019-08-15 18:57:53,540]: mic end.
[2019-08-15 18:57:53,540]: mrmd start...
[2019-08-15 18:57:54,086]: mrmd end.
[2019-08-15 18:57:54,086]: mRMR start...
[2019-08-15 18:57:54,220]: mRMR end.
[2019-08-15 18:57:54,221]: lasso start...
[2019-08-15 18:57:54,259]: lasso end.
[2019-08-15 18:57:54,260]: lasso2 start...
[2019-08-15 18:57:55,115]: lasso2 end.
[2019-08-15 18:57:55,125]: rank start ...
[2019-08-15 18:57:55,169]: The final  rank is
[2019-08-15 18:57:55,171]: Janin_P : 0.0092
[2019-08-15 18:57:55,171]: Engelman_GES_R : 0.0075
[2019-08-15 18:57:55,171]: Cornette_C : 0.0072
[2019-08-15 18:57:55,172]: Janin_D : 0.0072
[2019-08-15 18:57:55,172]: Rose_I : 0.0071
[2019-08-15 18:57:55,172]: Hopp_Woods_R : 0.0070
[2019-08-15 18:57:55,172]: Cornette_T : 0.0070
[2019-08-15 18:57:55,172]: Cornette_P : 0.0070
[2019-08-15 18:57:55,172]: hydrophily : 0.0069
[2019-08-15 18:57:55,172]: Cornette_V : 0.0068
[2019-08-15 18:57:55,173]: Rose_S : 0.0068
[2019-08-15 18:57:55,173]: Janin_Q : 0.0068
[2019-08-15 18:57:55,173]: polar : 0.0068
[2019-08-15 18:57:55,173]: Engelman_GES_D : 0.0068
[2019-08-15 18:57:55,173]: Kyte_Doolittle_I : 0.0067
[2019-08-15 18:57:55,173]: Eisenberg_R : 0.0067
[2019-08-15 18:57:55,174]: Cornette_F : 0.0066
[2019-08-15 18:57:55,174]: Cornette_L : 0.0066
[2019-08-15 18:57:55,174]: Kyte_Doolittle_A : 0.0066
[2019-08-15 18:57:55,174]: basic_polar : 0.0066
[2019-08-15 18:57:55,174]: Janin_R : 0.0066
[2019-08-15 18:57:55,174]: Engelman_GES_S : 0.0065
[2019-08-15 18:57:55,175]: Hopp_Woods_A : 0.0065
[2019-08-15 18:57:55,175]: Eisenberg_N : 0.0065
[2019-08-15 18:57:55,175]: Hopp_Woods_D : 0.0065
[2019-08-15 18:57:55,175]: Janin_T : 0.0064
[2019-08-15 18:57:55,175]: Hopp_Woods_I : 0.0064
[2019-08-15 18:57:55,175]: Engelman_GES_Q : 0.0064
[2019-08-15 18:57:55,175]: Rose_L : 0.0064
[2019-08-15 18:57:55,176]: Rose_H : 0.0063
[2019-08-15 18:57:55,176]: Rose_T : 0.0063
[2019-08-15 18:57:55,176]: Rose_R : 0.0062
[2019-08-15 18:57:55,176]: Janin_N : 0.0062
[2019-08-15 18:57:55,176]: Cornette_K : 0.0062
[2019-08-15 18:57:55,176]: Engelman_GES_N : 0.0062
[2019-08-15 18:57:55,177]: Engelman_GES_W : 0.0062
[2019-08-15 18:57:55,177]: Rose_W : 0.0061
[2019-08-15 18:57:55,177]: Engelman_GES_G : 0.0061
[2019-08-15 18:57:55,177]: Janin_V : 0.0060
[2019-08-15 18:57:55,177]: Kyte_Doolittle_C : 0.0060
[2019-08-15 18:57:55,177]: Cornette_W : 0.0059
[2019-08-15 18:57:55,177]: Janin_S : 0.0059
[2019-08-15 18:57:55,178]: Eisenberg_S : 0.0059
[2019-08-15 18:57:55,178]: Janin_M : 0.0059
[2019-08-15 18:57:55,178]: Hopp_Woods_T : 0.0059
[2019-08-15 18:57:55,178]: Cornette_Y : 0.0059
[2019-08-15 18:57:55,178]: Kyte_Doolittle_Y : 0.0059
[2019-08-15 18:57:55,178]: Kyte_Doolittle_Q : 0.0059
[2019-08-15 18:57:55,178]: Eisenberg_W : 0.0059
[2019-08-15 18:57:55,179]: moderate : 0.0058
[2019-08-15 18:57:55,179]: Engelman_GES_L : 0.0058
[2019-08-15 18:57:55,179]: nonpolar : 0.0058
[2019-08-15 18:57:55,179]: C : 0.0058
[2019-08-15 18:57:55,179]: alphatic : 0.0058
[2019-08-15 18:57:55,179]: Hopp_Woods_E : 0.0057
[2019-08-15 18:57:55,180]: G : 0.0057
[2019-08-15 18:57:55,180]: W : 0.0057
[2019-08-15 18:57:55,180]: Hopp_Woods_N : 0.0057
[2019-08-15 18:57:55,180]: aliphatic : 0.0057
[2019-08-15 18:57:55,180]: negative : 0.0057
[2019-08-15 18:57:55,180]: Kyte_Doolittle_W : 0.0057
[2019-08-15 18:57:55,180]: Kyte_Doolittle_K : 0.0057
[2019-08-15 18:57:55,181]: P : 0.0057
[2019-08-15 18:57:55,181]: D : 0.0057
[2019-08-15 18:57:55,181]: Eisenberg_L : 0.0057
[2019-08-15 18:57:55,181]: Eisenberg_Y : 0.0057
[2019-08-15 18:57:55,181]: Rose_M : 0.0057
[2019-08-15 18:57:55,181]: postivecharge : 0.0057
[2019-08-15 18:57:55,182]: Engelman_GES_K : 0.0057
[2019-08-15 18:57:55,182]: Kyte_Doolittle_H : 0.0057
[2019-08-15 18:57:55,182]: Hopp_Woods_H : 0.0056
[2019-08-15 18:57:55,182]: Hopp_Woods_F : 0.0056
[2019-08-15 18:57:55,182]: Eisenberg_I : 0.0056
[2019-08-15 18:57:55,182]: Cornette_I : 0.0056
[2019-08-15 18:57:55,183]: Cornette_H : 0.0056
[2019-08-15 18:57:55,183]: Janin_W : 0.0056
[2019-08-15 18:57:55,183]: Kyte_Doolittle_F : 0.0056
[2019-08-15 18:57:55,183]: Engelman_GES_I : 0.0056
[2019-08-15 18:57:55,183]: Engelman_GES_M : 0.0056
[2019-08-15 18:57:55,183]: Engelman_GES_V : 0.0056
[2019-08-15 18:57:55,183]: Kyte_Doolittle_L : 0.0056
[2019-08-15 18:57:55,184]: positve : 0.0056
[2019-08-15 18:57:55,184]: Janin_L : 0.0056
[2019-08-15 18:57:55,184]: Janin_F : 0.0055
[2019-08-15 18:57:55,184]: Hopp_Woods_V : 0.0055
[2019-08-15 18:57:55,184]: Cornette_A : 0.0055
[2019-08-15 18:57:55,184]: T : 0.0055
[2019-08-15 18:57:55,184]: I : 0.0055
[2019-08-15 18:57:55,185]: Hopp_Woods_S : 0.0055
[2019-08-15 18:57:55,185]: Eisenberg_D : 0.0055
[2019-08-15 18:57:55,185]: Cornette_D : 0.0055
[2019-08-15 18:57:55,185]: H : 0.0055
[2019-08-15 18:57:55,185]: Kyte_Doolittle_N : 0.0055
[2019-08-15 18:57:55,185]: Cornette_E : 0.0055
[2019-08-15 18:57:55,185]: Rose_F : 0.0055
[2019-08-15 18:57:55,186]: A : 0.0055
[2019-08-15 18:57:55,186]: S : 0.0055
[2019-08-15 18:57:55,186]: Janin_E : 0.0055
[2019-08-15 18:57:55,186]: Kyte_Doolittle_D : 0.0055
[2019-08-15 18:57:55,186]: aromatic : 0.0055
[2019-08-15 18:57:55,187]: Engelman_GES_A : 0.0055
[2019-08-15 18:57:55,187]: Eisenberg_G : 0.0055
[2019-08-15 18:57:55,187]: Engelman_GES_F : 0.0055
[2019-08-15 18:57:55,187]: Rose_C : 0.0055
[2019-08-15 18:57:55,187]: Kyte_Doolittle_E : 0.0055
[2019-08-15 18:57:55,187]: Kyte_Doolittle_V : 0.0055
[2019-08-15 18:57:55,187]: Rose_A : 0.0055
[2019-08-15 18:57:55,187]: R : 0.0055
[2019-08-15 18:57:55,188]: Engelman_GES_E : 0.0055
[2019-08-15 18:57:55,188]: Eisenberg_K : 0.0055
[2019-08-15 18:57:55,188]: Hopp_Woods_L : 0.0054
[2019-08-15 18:57:55,188]: Janin_Y : 0.0054
[2019-08-15 18:57:55,188]: Rose_D : 0.0054
[2019-08-15 18:57:55,188]: Rose_P : 0.0054
[2019-08-15 18:57:55,188]: Eisenberg_F : 0.0054
[2019-08-15 18:57:55,189]: Kyte_Doolittle_S : 0.0054
[2019-08-15 18:57:55,189]: Q : 0.0054
[2019-08-15 18:57:55,189]: Kyte_Doolittle_G : 0.0054
[2019-08-15 18:57:55,189]: Hopp_Woods_C : 0.0054
[2019-08-15 18:57:55,189]: F : 0.0054
[2019-08-15 18:57:55,189]: Janin_H : 0.0054
[2019-08-15 18:57:55,189]: Cornette_S : 0.0054
[2019-08-15 18:57:55,190]: Cornette_M : 0.0054
[2019-08-15 18:57:55,190]: Engelman_GES_Y : 0.0054
[2019-08-15 18:57:55,190]: hydrophobicity : 0.0054
[2019-08-15 18:57:55,190]: E : 0.0054
[2019-08-15 18:57:55,190]: L : 0.0054
[2019-08-15 18:57:55,190]: Rose_E : 0.0054
[2019-08-15 18:57:55,191]: V : 0.0054
[2019-08-15 18:57:55,191]: negativecharge : 0.0054
[2019-08-15 18:57:55,191]: Eisenberg_V : 0.0054
[2019-08-15 18:57:55,191]: K : 0.0053
[2019-08-15 18:57:55,191]: Hopp_Woods_K : 0.0053
[2019-08-15 18:57:55,191]: Janin_I : 0.0053
[2019-08-15 18:57:55,191]: Eisenberg_H : 0.0053
[2019-08-15 18:57:55,191]: Rose_N : 0.0053
[2019-08-15 18:57:55,192]: Janin_K : 0.0053
[2019-08-15 18:57:55,192]: Hopp_Woods_Y : 0.0053
[2019-08-15 18:57:55,192]: Eisenberg_P : 0.0053
[2019-08-15 18:57:55,192]: N : 0.0053
[2019-08-15 18:57:55,192]: Hopp_Woods_W : 0.0053
[2019-08-15 18:57:55,192]: Engelman_GES_P : 0.0053
[2019-08-15 18:57:55,193]: uncharge : 0.0053
[2019-08-15 18:57:55,193]: Rose_Q : 0.0053
[2019-08-15 18:57:55,193]: Hopp_Woods_Q : 0.0053
[2019-08-15 18:57:55,193]: Rose_V : 0.0053
[2019-08-15 18:57:55,193]: Janin_A : 0.0052
[2019-08-15 18:57:55,193]: Kyte_Doolittle_R : 0.0052
[2019-08-15 18:57:55,193]: Janin_C : 0.0052
[2019-08-15 18:57:55,194]: Y : 0.0052
[2019-08-15 18:57:55,194]: Eisenberg_A : 0.0052
[2019-08-15 18:57:55,194]: Cornette_Q : 0.0052
[2019-08-15 18:57:55,194]: heterocyclics : 0.0052
[2019-08-15 18:57:55,194]: Kyte_Doolittle_M : 0.0051
[2019-08-15 18:57:55,194]: Kyte_Doolittle_P : 0.0051
[2019-08-15 18:57:55,194]: Engelman_GES_H : 0.0051
[2019-08-15 18:57:55,195]: Engelman_GES_T : 0.0051
[2019-08-15 18:57:55,195]: Rose_K : 0.0050
[2019-08-15 18:57:55,195]: neutral : 0.0050
[2019-08-15 18:57:55,195]: Eisenberg_C : 0.0050
[2019-08-15 18:57:55,196]: Eisenberg_E : 0.0050
[2019-08-15 18:57:55,196]: Engelman_GES_C : 0.0050
[2019-08-15 18:57:55,196]: Eisenberg_M : 0.0049
[2019-08-15 18:57:55,196]: Hopp_Woods_M : 0.0048
[2019-08-15 18:57:55,196]: Kyte_Doolittle_T : 0.0046
[2019-08-15 18:57:55,197]: acidic_polar : 0.0045
[2019-08-15 18:57:55,197]: Cornette_R : 0.0045
[2019-08-15 18:57:55,197]: Eisenberg_Q : 0.0044
[2019-08-15 18:57:55,197]: M : 0.0044
[2019-08-15 18:57:55,197]: Janin_G : 0.0044
[2019-08-15 18:57:55,198]: Rose_Y : 0.0044
[2019-08-15 18:57:55,198]: Rose_G : 0.0043
[2019-08-15 18:57:55,198]: aromatic.1 : 0.0043
[2019-08-15 18:57:55,198]: Eisenberg_T : 0.0039
[2019-08-15 18:57:55,198]: Cornette_N : 0.0035
[2019-08-15 18:57:55,198]: Cornette_G : 0.0030
[2019-08-15 18:57:55,199]: Hopp_Woods_G : 0.0025
[2019-08-15 18:57:55,199]: Hopp_Woods_P : 0.0020
[2019-08-15 18:57:55,199]: feature_rank end
