[2019-08-14 19:42:09,388]: ---mrmd 2.0 start----
[2019-08-14 19:42:09,477]: ANOVA start...
[2019-08-14 19:42:09,495]: ANOVA end.
[2019-08-14 19:42:09,495]: mic start...
[2019-08-14 19:42:15,304]: mic end.
[2019-08-14 19:42:15,304]: mrmd start...
[2019-08-14 19:42:15,551]: mrmd end.
[2019-08-14 19:42:15,551]: mRMR start...
[2019-08-14 19:42:23,298]: mRMR end.
[2019-08-14 19:42:23,299]: lasso start...
[2019-08-14 19:42:23,325]: lasso end.
[2019-08-14 19:42:23,325]: lasso2 start...
[2019-08-14 19:42:23,948]: lasso2 end.
[2019-08-14 19:42:23,951]: rank start ...
[2019-08-14 19:42:23,960]: The final  rank is
[2019-08-14 19:42:23,961]: aromatic.uncharger.gap5 : 0.0080
[2019-08-14 19:42:23,961]: aromatic.uncharger.gap0 : 0.0078
[2019-08-14 19:42:23,961]: uncharger.postivecharger.gap0 : 0.0077
[2019-08-14 19:42:23,961]: uncharger.aromatic.gap5 : 0.0077
[2019-08-14 19:42:23,961]: uncharger.aromatic.gap1 : 0.0077
[2019-08-14 19:42:23,961]: alphaticr.alphaticr.gap5 : 0.0077
[2019-08-14 19:42:23,961]: uncharger.uncharger.gap3 : 0.0077
[2019-08-14 19:42:23,961]: aromatic.uncharger.gap4 : 0.0077
[2019-08-14 19:42:23,961]: alphaticr.alphaticr.gap0 : 0.0077
[2019-08-14 19:42:23,962]: postivecharger.negativecharger.gap5 : 0.0076
[2019-08-14 19:42:23,962]: aromatic.negativecharger.gap0 : 0.0076
[2019-08-14 19:42:23,962]: aromatic.postivecharger.gap5 : 0.0076
[2019-08-14 19:42:23,962]: alphaticr.postivecharger.gap3 : 0.0076
[2019-08-14 19:42:23,962]: aromatic.uncharger.gap2 : 0.0076
[2019-08-14 19:42:23,962]: postivecharger.postivecharger.gap4 : 0.0076
[2019-08-14 19:42:23,962]: postivecharger.uncharger.gap5 : 0.0076
[2019-08-14 19:42:23,962]: uncharger.postivecharger.gap2 : 0.0076
[2019-08-14 19:42:23,962]: postivecharger.uncharger.gap3 : 0.0075
[2019-08-14 19:42:23,962]: alphaticr.aromatic.gap2 : 0.0075
[2019-08-14 19:42:23,962]: uncharger.postivecharger.gap1 : 0.0075
[2019-08-14 19:42:23,962]: alphaticr.postivecharger.gap2 : 0.0075
[2019-08-14 19:42:23,963]: uncharger.negativecharger.gap1 : 0.0075
[2019-08-14 19:42:23,963]: aromatic.alphaticr.gap4 : 0.0075
[2019-08-14 19:42:23,963]: postivecharger.alphaticr.gap3 : 0.0074
[2019-08-14 19:42:23,963]: uncharger.alphaticr.gap5 : 0.0074
[2019-08-14 19:42:23,963]: postivecharger.uncharger.gap0 : 0.0074
[2019-08-14 19:42:23,963]: negativecharger.alphaticr.gap4 : 0.0074
[2019-08-14 19:42:23,963]: postivecharger.aromatic.gap3 : 0.0074
[2019-08-14 19:42:23,963]: postivecharger.postivecharger.gap1 : 0.0074
[2019-08-14 19:42:23,963]: negativecharger.uncharger.gap2 : 0.0074
[2019-08-14 19:42:23,963]: alphaticr.alphaticr.gap4 : 0.0074
[2019-08-14 19:42:23,963]: postivecharger.alphaticr.gap0 : 0.0074
[2019-08-14 19:42:23,963]: uncharger.alphaticr.gap0 : 0.0074
[2019-08-14 19:42:23,963]: uncharger.aromatic.gap0 : 0.0073
[2019-08-14 19:42:23,964]: negativecharger.alphaticr.gap3 : 0.0073
[2019-08-14 19:42:23,964]: uncharger.uncharger.gap2 : 0.0073
[2019-08-14 19:42:23,964]: alphaticr.alphaticr.gap1 : 0.0073
[2019-08-14 19:42:23,964]: uncharger.alphaticr.gap2 : 0.0073
[2019-08-14 19:42:23,964]: alphaticr.negativecharger.gap3 : 0.0073
[2019-08-14 19:42:23,964]: uncharger.alphaticr.gap1 : 0.0073
[2019-08-14 19:42:23,964]: postivecharger.uncharger.gap2 : 0.0073
[2019-08-14 19:42:23,964]: negativecharger.alphaticr.gap0 : 0.0073
[2019-08-14 19:42:23,964]: postivecharger.uncharger.gap4 : 0.0073
[2019-08-14 19:42:23,964]: aromatic.negativecharger.gap5 : 0.0073
[2019-08-14 19:42:23,965]: uncharger.postivecharger.gap4 : 0.0073
[2019-08-14 19:42:23,965]: uncharger.postivecharger.gap5 : 0.0072
[2019-08-14 19:42:23,965]: negativecharger.aromatic.gap2 : 0.0072
[2019-08-14 19:42:23,965]: aromatic.uncharger.gap1 : 0.0072
[2019-08-14 19:42:23,965]: uncharger.negativecharger.gap5 : 0.0072
[2019-08-14 19:42:23,965]: uncharger.aromatic.gap4 : 0.0071
[2019-08-14 19:42:23,965]: postivecharger.alphaticr.gap1 : 0.0071
[2019-08-14 19:42:23,965]: postivecharger.aromatic.gap5 : 0.0070
[2019-08-14 19:42:23,965]: alphaticr.negativecharger.gap5 : 0.0070
[2019-08-14 19:42:23,965]: negativecharger.negativecharger.gap2 : 0.0070
[2019-08-14 19:42:23,965]: negativecharger.postivecharger.gap2 : 0.0069
[2019-08-14 19:42:23,966]: aromatic.postivecharger.gap4 : 0.0069
[2019-08-14 19:42:23,966]: aromatic.alphaticr.gap5 : 0.0069
[2019-08-14 19:42:23,966]: postivecharger.negativecharger.gap0 : 0.0069
[2019-08-14 19:42:23,966]: uncharger.aromatic.gap3 : 0.0068
[2019-08-14 19:42:23,966]: postivecharger.postivecharger.gap5 : 0.0067
[2019-08-14 19:42:23,966]: negativecharger.aromatic.gap3 : 0.0067
[2019-08-14 19:42:23,966]: negativecharger.alphaticr.gap5 : 0.0067
[2019-08-14 19:42:23,966]: negativecharger.postivecharger.gap4 : 0.0067
[2019-08-14 19:42:23,966]: negativecharger.uncharger.gap1 : 0.0067
[2019-08-14 19:42:23,966]: postivecharger.negativecharger.gap1 : 0.0066
[2019-08-14 19:42:23,966]: uncharger.alphaticr.gap3 : 0.0066
[2019-08-14 19:42:23,966]: postivecharger.aromatic.gap1 : 0.0066
[2019-08-14 19:42:23,966]: aromatic.aromatic.gap0 : 0.0066
[2019-08-14 19:42:23,967]: alphaticr.negativecharger.gap0 : 0.0066
[2019-08-14 19:42:23,967]: negativecharger.uncharger.gap5 : 0.0066
[2019-08-14 19:42:23,967]: aromatic.negativecharger.gap2 : 0.0065
[2019-08-14 19:42:23,967]: postivecharger.alphaticr.gap2 : 0.0065
[2019-08-14 19:42:23,967]: aromatic.negativecharger.gap1 : 0.0065
[2019-08-14 19:42:23,967]: aromatic.postivecharger.gap0 : 0.0065
[2019-08-14 19:42:23,967]: negativecharger.aromatic.gap1 : 0.0065
[2019-08-14 19:42:23,967]: alphaticr.uncharger.gap0 : 0.0065
[2019-08-14 19:42:23,967]: alphaticr.uncharger.gap5 : 0.0065
[2019-08-14 19:42:23,967]: postivecharger.negativecharger.gap2 : 0.0065
[2019-08-14 19:42:23,967]: aromatic.aromatic.gap5 : 0.0065
[2019-08-14 19:42:23,968]: postivecharger.postivecharger.gap2 : 0.0065
[2019-08-14 19:42:23,968]: negativecharger.postivecharger.gap1 : 0.0065
[2019-08-14 19:42:23,968]: aromatic.alphaticr.gap1 : 0.0064
[2019-08-14 19:42:23,968]: negativecharger.aromatic.gap5 : 0.0064
[2019-08-14 19:42:23,968]: negativecharger.negativecharger.gap4 : 0.0064
[2019-08-14 19:42:23,968]: alphaticr.negativecharger.gap4 : 0.0064
[2019-08-14 19:42:23,968]: alphaticr.postivecharger.gap5 : 0.0064
[2019-08-14 19:42:23,968]: uncharger.negativecharger.gap4 : 0.0064
[2019-08-14 19:42:23,968]: negativecharger.uncharger.gap4 : 0.0064
[2019-08-14 19:42:23,968]: negativecharger.negativecharger.gap5 : 0.0064
[2019-08-14 19:42:23,968]: postivecharger.negativecharger.gap4 : 0.0064
[2019-08-14 19:42:23,968]: uncharger.negativecharger.gap0 : 0.0064
[2019-08-14 19:42:23,969]: aromatic.postivecharger.gap3 : 0.0064
[2019-08-14 19:42:23,969]: negativecharger.alphaticr.gap1 : 0.0064
[2019-08-14 19:42:23,969]: alphaticr.aromatic.gap5 : 0.0064
[2019-08-14 19:42:23,969]: alphaticr.negativecharger.gap1 : 0.0064
[2019-08-14 19:42:23,969]: aromatic.aromatic.gap4 : 0.0063
[2019-08-14 19:42:23,969]: alphaticr.uncharger.gap2 : 0.0063
[2019-08-14 19:42:23,969]: alphaticr.postivecharger.gap4 : 0.0063
[2019-08-14 19:42:23,970]: negativecharger.postivecharger.gap0 : 0.0063
[2019-08-14 19:42:23,970]: postivecharger.uncharger.gap1 : 0.0063
[2019-08-14 19:42:23,970]: alphaticr.aromatic.gap1 : 0.0063
[2019-08-14 19:42:23,970]: aromatic.aromatic.gap1 : 0.0063
[2019-08-14 19:42:23,970]: uncharger.negativecharger.gap2 : 0.0063
[2019-08-14 19:42:23,970]: postivecharger.aromatic.gap4 : 0.0063
[2019-08-14 19:42:23,970]: uncharger.aromatic.gap2 : 0.0063
[2019-08-14 19:42:23,970]: alphaticr.alphaticr.gap3 : 0.0063
[2019-08-14 19:42:23,970]: postivecharger.alphaticr.gap4 : 0.0063
[2019-08-14 19:42:23,970]: negativecharger.negativecharger.gap1 : 0.0063
[2019-08-14 19:42:23,970]: postivecharger.alphaticr.gap5 : 0.0062
[2019-08-14 19:42:23,971]: alphaticr.alphaticr.gap2 : 0.0062
[2019-08-14 19:42:23,971]: negativecharger.uncharger.gap0 : 0.0062
[2019-08-14 19:42:23,971]: postivecharger.postivecharger.gap0 : 0.0062
[2019-08-14 19:42:23,971]: negativecharger.aromatic.gap4 : 0.0062
[2019-08-14 19:42:23,971]: alphaticr.postivecharger.gap1 : 0.0062
[2019-08-14 19:42:23,971]: postivecharger.aromatic.gap2 : 0.0062
[2019-08-14 19:42:23,971]: aromatic.aromatic.gap2 : 0.0062
[2019-08-14 19:42:23,971]: alphaticr.negativecharger.gap2 : 0.0062
[2019-08-14 19:42:23,971]: negativecharger.postivecharger.gap3 : 0.0062
[2019-08-14 19:42:23,971]: negativecharger.negativecharger.gap0 : 0.0062
[2019-08-14 19:42:23,971]: aromatic.negativecharger.gap3 : 0.0062
[2019-08-14 19:42:23,971]: alphaticr.aromatic.gap3 : 0.0062
[2019-08-14 19:42:23,972]: postivecharger.aromatic.gap0 : 0.0062
[2019-08-14 19:42:23,972]: negativecharger.alphaticr.gap2 : 0.0061
[2019-08-14 19:42:23,972]: alphaticr.aromatic.gap0 : 0.0061
[2019-08-14 19:42:23,972]: negativecharger.aromatic.gap0 : 0.0061
[2019-08-14 19:42:23,972]: negativecharger.postivecharger.gap5 : 0.0061
[2019-08-14 19:42:23,972]: uncharger.uncharger.gap0 : 0.0061
[2019-08-14 19:42:23,972]: aromatic.postivecharger.gap1 : 0.0061
[2019-08-14 19:42:23,972]: aromatic.uncharger.gap3 : 0.0061
[2019-08-14 19:42:23,972]: negativecharger.uncharger.gap3 : 0.0061
[2019-08-14 19:42:23,972]: aromatic.negativecharger.gap4 : 0.0061
[2019-08-14 19:42:23,972]: uncharger.negativecharger.gap3 : 0.0061
[2019-08-14 19:42:23,972]: uncharger.uncharger.gap1 : 0.0060
[2019-08-14 19:42:23,973]: negativecharger.negativecharger.gap3 : 0.0060
[2019-08-14 19:42:23,973]: alphaticr.aromatic.gap4 : 0.0059
[2019-08-14 19:42:23,973]: aromatic.postivecharger.gap2 : 0.0059
[2019-08-14 19:42:23,973]: uncharger.uncharger.gap4 : 0.0059
[2019-08-14 19:42:23,973]: uncharger.alphaticr.gap4 : 0.0058
[2019-08-14 19:42:23,973]: alphaticr.postivecharger.gap0 : 0.0057
[2019-08-14 19:42:23,973]: uncharger.postivecharger.gap3 : 0.0056
[2019-08-14 19:42:23,973]: postivecharger.postivecharger.gap3 : 0.0056
[2019-08-14 19:42:23,973]: alphaticr.uncharger.gap3 : 0.0055
[2019-08-14 19:42:23,973]: alphaticr.uncharger.gap4 : 0.0055
[2019-08-14 19:42:23,973]: aromatic.alphaticr.gap0 : 0.0055
[2019-08-14 19:42:23,973]: alphaticr.uncharger.gap1 : 0.0055
[2019-08-14 19:42:23,973]: aromatic.alphaticr.gap2 : 0.0055
[2019-08-14 19:42:23,974]: postivecharger.negativecharger.gap3 : 0.0054
[2019-08-14 19:42:23,974]: uncharger.uncharger.gap5 : 0.0051
[2019-08-14 19:42:23,974]: aromatic.aromatic.gap3 : 0.0051
[2019-08-14 19:42:23,974]: aromatic.alphaticr.gap3 : 0.0051
[2019-08-14 19:42:23,974]: feature_rank end
[2019-08-14 19:42:24,000]: Start dimension reduction ...
[2019-08-14 19:42:33,036]: length=1 accuarcy=0.4991 f1=0.5003 precision=0.5007 recall=0.5000 roc=0.4980 
[2019-08-14 19:42:41,956]: length=31 accuarcy=0.7291 f1=0.7340 precision=0.7378 recall=0.7364 roc=0.7303 
[2019-08-14 19:42:50,758]: length=61 accuarcy=0.7764 f1=0.7818 precision=0.7818 recall=0.7818 roc=0.7807 
[2019-08-14 19:43:00,411]: length=91 accuarcy=0.7473 f1=0.7532 precision=0.7550 recall=0.7545 roc=0.7499 
[2019-08-14 19:43:10,067]: length=121 accuarcy=0.7300 f1=0.7356 precision=0.7360 recall=0.7364 roc=0.7330 
[2019-08-14 19:43:19,106]: length=150 accuarcy=0.7655 f1=0.7715 precision=0.7735 recall=0.7727 roc=0.7682 
[2019-08-14 19:43:19,107]: ----------
[2019-08-14 19:43:19,107]: the max acc = 0.7764
[2019-08-14 19:43:19,108]: ['aromatic.uncharger.gap5' 'aromatic.uncharger.gap0'
 'uncharger.postivecharger.gap0' 'uncharger.aromatic.gap5'
 'uncharger.aromatic.gap1' 'alphaticr.alphaticr.gap5'
 'uncharger.uncharger.gap3' 'aromatic.uncharger.gap4'
 'alphaticr.alphaticr.gap0' 'postivecharger.negativecharger.gap5'
 'aromatic.negativecharger.gap0' 'aromatic.postivecharger.gap5'
 'alphaticr.postivecharger.gap3' 'aromatic.uncharger.gap2'
 'postivecharger.postivecharger.gap4' 'postivecharger.uncharger.gap5'
 'uncharger.postivecharger.gap2' 'postivecharger.uncharger.gap3'
 'alphaticr.aromatic.gap2' 'uncharger.postivecharger.gap1'
 'alphaticr.postivecharger.gap2' 'uncharger.negativecharger.gap1'
 'aromatic.alphaticr.gap4' 'postivecharger.alphaticr.gap3'
 'uncharger.alphaticr.gap5' 'postivecharger.uncharger.gap0'
 'negativecharger.alphaticr.gap4' 'postivecharger.aromatic.gap3'
 'postivecharger.postivecharger.gap1' 'negativecharger.uncharger.gap2'
 'alphaticr.alphaticr.gap4' 'postivecharger.alphaticr.gap0'
 'uncharger.alphaticr.gap0' 'uncharger.aromatic.gap0'
 'negativecharger.alphaticr.gap3' 'uncharger.uncharger.gap2'
 'alphaticr.alphaticr.gap1' 'uncharger.alphaticr.gap2'
 'alphaticr.negativecharger.gap3' 'uncharger.alphaticr.gap1'
 'postivecharger.uncharger.gap2' 'negativecharger.alphaticr.gap0'
 'postivecharger.uncharger.gap4' 'aromatic.negativecharger.gap5'
 'uncharger.postivecharger.gap4' 'uncharger.postivecharger.gap5'
 'negativecharger.aromatic.gap2' 'aromatic.uncharger.gap1'
 'uncharger.negativecharger.gap5' 'uncharger.aromatic.gap4'
 'postivecharger.alphaticr.gap1' 'postivecharger.aromatic.gap5'
 'alphaticr.negativecharger.gap5' 'negativecharger.negativecharger.gap2'
 'negativecharger.postivecharger.gap2' 'aromatic.postivecharger.gap4'
 'aromatic.alphaticr.gap5' 'postivecharger.negativecharger.gap0'
 'uncharger.aromatic.gap3' 'postivecharger.postivecharger.gap5'
 'negativecharger.aromatic.gap3'],length = 61
[2019-08-14 19:43:19,108]: -----------
[2019-08-14 19:43:19,108]: ***confusion matrix***
[2019-08-14 19:43:19,109]:                pos_class      neg_class      
[2019-08-14 19:43:19,109]: pos_class      TP:47             FN:12             
[2019-08-14 19:43:19,109]: neg_class      FP:12             TN:39             
[2019-08-14 19:43:19,109]: accuarcy = 0.7818181818181819 
[2019-08-14 19:43:19,110]: precision =0.7818181818181819 
[2019-08-14 19:43:19,110]: recall =0.7818181818181819
[2019-08-14 19:43:19,111]: f1 =0.7818181818181819 
[2019-08-14 19:43:19,111]: roc area = 0.7806580259222333
[2019-08-14 19:43:19,125]: -----------
[2019-08-14 19:43:19,126]: The output by the terminal's log has been saved in the J:\多设备共享\work\MRMD2.0-github\Logs\201908141942.log.
[2019-08-14 19:43:19,126]: metrics have been saved in the J:\多设备共享\work\MRMD2.0-github\Results\rd.csv.
[2019-08-14 19:43:19,126]: reduced dimensional dataset has been saved in the J:\多设备共享\work\MRMD2.0-github\Results\m.csv.
[2019-08-14 19:43:19,126]: ---mrmd 2.0 end---
