[2019-08-24 12:59:16,850]: ---mrmd 2.0 start----
[2019-08-24 12:59:16,861]: ANOVA start...
[2019-08-24 12:59:16,874]: ANOVA end.
[2019-08-24 12:59:16,874]: mic start...
[2019-08-24 12:59:26,695]: mic end.
[2019-08-24 12:59:26,695]: mrmd start...
[2019-08-24 12:59:26,957]: mrmd end.
[2019-08-24 12:59:26,958]: mRMR start...
[2019-08-24 12:59:37,526]: mRMR end.
[2019-08-24 12:59:37,526]: lasso start...
[2019-08-24 12:59:37,562]: lasso end.
[2019-08-24 12:59:37,562]: chi2 start...
[2019-08-24 12:59:37,588]: chi2 end.
[2019-08-24 12:59:37,588]: ref start...
[2019-08-24 12:59:38,856]: ref end.
[2019-08-24 12:59:38,874]: rank start ...
[2019-08-24 12:59:38,886]: The final  rank is
[2019-08-24 12:59:38,887]: Hopp_Woods_R : 0.0071
[2019-08-24 12:59:38,887]: basic_polar : 0.0070
[2019-08-24 12:59:38,887]: Rose_I : 0.0067
[2019-08-24 12:59:38,887]: Janin_W : 0.0067
[2019-08-24 12:59:38,887]: Janin_P : 0.0067
[2019-08-24 12:59:38,887]: Kyte_Doolittle_I : 0.0066
[2019-08-24 12:59:38,887]: Cornette_C : 0.0066
[2019-08-24 12:59:38,887]: Cornette_T : 0.0066
[2019-08-24 12:59:38,888]: hydrophily : 0.0066
[2019-08-24 12:59:38,888]: Kyte_Doolittle_A : 0.0065
[2019-08-24 12:59:38,888]: Cornette_V : 0.0065
[2019-08-24 12:59:38,888]: Engelman_GES_W : 0.0065
[2019-08-24 12:59:38,888]: Janin_D : 0.0065
[2019-08-24 12:59:38,888]: Engelman_GES_D : 0.0065
[2019-08-24 12:59:38,888]: Eisenberg_R : 0.0064
[2019-08-24 12:59:38,888]: Engelman_GES_S : 0.0064
[2019-08-24 12:59:38,888]: Engelman_GES_E : 0.0064
[2019-08-24 12:59:38,888]: Engelman_GES_N : 0.0064
[2019-08-24 12:59:38,888]: Rose_S : 0.0064
[2019-08-24 12:59:38,889]: Hopp_Woods_A : 0.0063
[2019-08-24 12:59:38,889]: Hopp_Woods_I : 0.0063
[2019-08-24 12:59:38,889]: Hopp_Woods_D : 0.0063
[2019-08-24 12:59:38,889]: Janin_Q : 0.0062
[2019-08-24 12:59:38,889]: Engelman_GES_R : 0.0062
[2019-08-24 12:59:38,889]: Cornette_F : 0.0062
[2019-08-24 12:59:38,889]: Cornette_K : 0.0062
[2019-08-24 12:59:38,889]: Eisenberg_N : 0.0062
[2019-08-24 12:59:38,889]: Rose_H : 0.0062
[2019-08-24 12:59:38,889]: Cornette_P : 0.0062
[2019-08-24 12:59:38,890]: Cornette_D : 0.0061
[2019-08-24 12:59:38,890]: Engelman_GES_L : 0.0061
[2019-08-24 12:59:38,890]: C : 0.0061
[2019-08-24 12:59:38,890]: Rose_L : 0.0061
[2019-08-24 12:59:38,890]: Cornette_E : 0.0061
[2019-08-24 12:59:38,890]: Kyte_Doolittle_P : 0.0061
[2019-08-24 12:59:38,890]: aromatic : 0.0060
[2019-08-24 12:59:38,890]: Engelman_GES_F : 0.0060
[2019-08-24 12:59:38,890]: Janin_H : 0.0060
[2019-08-24 12:59:38,890]: Rose_Q : 0.0060
[2019-08-24 12:59:38,890]: Kyte_Doolittle_W : 0.0060
[2019-08-24 12:59:38,891]: Kyte_Doolittle_K : 0.0059
[2019-08-24 12:59:38,891]: Janin_V : 0.0059
[2019-08-24 12:59:38,891]: Kyte_Doolittle_C : 0.0059
[2019-08-24 12:59:38,891]: Kyte_Doolittle_H : 0.0059
[2019-08-24 12:59:38,891]: K : 0.0059
[2019-08-24 12:59:38,891]: Cornette_H : 0.0059
[2019-08-24 12:59:38,891]: F : 0.0059
[2019-08-24 12:59:38,891]: Eisenberg_Y : 0.0059
[2019-08-24 12:59:38,891]: Janin_Y : 0.0058
[2019-08-24 12:59:38,892]: Kyte_Doolittle_L : 0.0058
[2019-08-24 12:59:38,892]: Hopp_Woods_F : 0.0058
[2019-08-24 12:59:38,892]: alphatic : 0.0058
[2019-08-24 12:59:38,892]: Rose_R : 0.0058
[2019-08-24 12:59:38,892]: Rose_T : 0.0058
[2019-08-24 12:59:38,892]: P : 0.0058
[2019-08-24 12:59:38,892]: nonpolar : 0.0058
[2019-08-24 12:59:38,892]: Rose_W : 0.0058
[2019-08-24 12:59:38,892]: Eisenberg_K : 0.0058
[2019-08-24 12:59:38,892]: Eisenberg_D : 0.0058
[2019-08-24 12:59:38,892]: I : 0.0058
[2019-08-24 12:59:38,893]: Kyte_Doolittle_N : 0.0058
[2019-08-24 12:59:38,893]: Cornette_S : 0.0058
[2019-08-24 12:59:38,893]: Rose_P : 0.0058
[2019-08-24 12:59:38,893]: Engelman_GES_P : 0.0057
[2019-08-24 12:59:38,893]: Rose_V : 0.0057
[2019-08-24 12:59:38,893]: Hopp_Woods_N : 0.0057
[2019-08-24 12:59:38,893]: Janin_A : 0.0057
[2019-08-24 12:59:38,893]: S : 0.0057
[2019-08-24 12:59:38,894]: Eisenberg_V : 0.0057
[2019-08-24 12:59:38,894]: Q : 0.0057
[2019-08-24 12:59:38,894]: Engelman_GES_K : 0.0057
[2019-08-24 12:59:38,894]: Eisenberg_W : 0.0057
[2019-08-24 12:59:38,894]: moderate : 0.0057
[2019-08-24 12:59:38,894]: Rose_M : 0.0057
[2019-08-24 12:59:38,894]: Cornette_W : 0.0057
[2019-08-24 12:59:38,894]: Hopp_Woods_H : 0.0057
[2019-08-24 12:59:38,894]: Engelman_GES_Y : 0.0057
[2019-08-24 12:59:38,894]: Janin_L : 0.0056
[2019-08-24 12:59:38,895]: Eisenberg_M : 0.0056
[2019-08-24 12:59:38,895]: aliphatic : 0.0056
[2019-08-24 12:59:38,895]: Kyte_Doolittle_D : 0.0056
[2019-08-24 12:59:38,895]: Engelman_GES_Q : 0.0056
[2019-08-24 12:59:38,895]: Engelman_GES_T : 0.0056
[2019-08-24 12:59:38,895]: V : 0.0056
[2019-08-24 12:59:38,895]: Eisenberg_Q : 0.0056
[2019-08-24 12:59:38,895]: Eisenberg_S : 0.0056
[2019-08-24 12:59:38,895]: Janin_T : 0.0056
[2019-08-24 12:59:38,895]: Eisenberg_T : 0.0056
[2019-08-24 12:59:38,895]: T : 0.0056
[2019-08-24 12:59:38,896]: negativecharge : 0.0056
[2019-08-24 12:59:38,896]: Hopp_Woods_Q : 0.0056
[2019-08-24 12:59:38,896]: Janin_I : 0.0056
[2019-08-24 12:59:38,896]: Kyte_Doolittle_Y : 0.0056
[2019-08-24 12:59:38,896]: Kyte_Doolittle_F : 0.0056
[2019-08-24 12:59:38,896]: Cornette_A : 0.0056
[2019-08-24 12:59:38,896]: uncharge : 0.0056
[2019-08-24 12:59:38,896]: Y : 0.0056
[2019-08-24 12:59:38,896]: polar : 0.0056
[2019-08-24 12:59:38,896]: Kyte_Doolittle_S : 0.0056
[2019-08-24 12:59:38,897]: Hopp_Woods_M : 0.0056
[2019-08-24 12:59:38,897]: Kyte_Doolittle_R : 0.0056
[2019-08-24 12:59:38,897]: Cornette_Q : 0.0056
[2019-08-24 12:59:38,897]: Hopp_Woods_S : 0.0055
[2019-08-24 12:59:38,897]: Rose_D : 0.0055
[2019-08-24 12:59:38,897]: Kyte_Doolittle_E : 0.0055
[2019-08-24 12:59:38,897]: Kyte_Doolittle_M : 0.0055
[2019-08-24 12:59:38,898]: Kyte_Doolittle_G : 0.0055
[2019-08-24 12:59:38,898]: Kyte_Doolittle_Q : 0.0055
[2019-08-24 12:59:38,898]: Cornette_Y : 0.0055
[2019-08-24 12:59:38,898]: Eisenberg_P : 0.0055
[2019-08-24 12:59:38,898]: positve : 0.0055
[2019-08-24 12:59:38,898]: Rose_A : 0.0055
[2019-08-24 12:59:38,898]: Engelman_GES_H : 0.0055
[2019-08-24 12:59:38,899]: Cornette_M : 0.0055
[2019-08-24 12:59:38,899]: Eisenberg_A : 0.0055
[2019-08-24 12:59:38,899]: postivecharge : 0.0055
[2019-08-24 12:59:38,899]: Hopp_Woods_L : 0.0055
[2019-08-24 12:59:38,899]: Eisenberg_H : 0.0055
[2019-08-24 12:59:38,899]: Engelman_GES_V : 0.0055
[2019-08-24 12:59:38,899]: Cornette_L : 0.0055
[2019-08-24 12:59:38,899]: Hopp_Woods_V : 0.0055
[2019-08-24 12:59:38,899]: Janin_K : 0.0055
[2019-08-24 12:59:38,899]: D : 0.0055
[2019-08-24 12:59:38,900]: Eisenberg_L : 0.0055
[2019-08-24 12:59:38,900]: R : 0.0055
[2019-08-24 12:59:38,900]: Hopp_Woods_Y : 0.0055
[2019-08-24 12:59:38,900]: G : 0.0055
[2019-08-24 12:59:38,900]: Engelman_GES_G : 0.0055
[2019-08-24 12:59:38,900]: E : 0.0054
[2019-08-24 12:59:38,900]: Rose_F : 0.0054
[2019-08-24 12:59:38,900]: N : 0.0054
[2019-08-24 12:59:38,900]: Hopp_Woods_C : 0.0054
[2019-08-24 12:59:38,900]: Janin_F : 0.0054
[2019-08-24 12:59:38,900]: hydrophobicity : 0.0054
[2019-08-24 12:59:38,901]: Hopp_Woods_K : 0.0054
[2019-08-24 12:59:38,901]: M : 0.0054
[2019-08-24 12:59:38,901]: Eisenberg_I : 0.0054
[2019-08-24 12:59:38,901]: Janin_E : 0.0054
[2019-08-24 12:59:38,901]: Hopp_Woods_E : 0.0054
[2019-08-24 12:59:38,901]: Engelman_GES_A : 0.0054
[2019-08-24 12:59:38,901]: H : 0.0054
[2019-08-24 12:59:38,901]: Janin_N : 0.0054
[2019-08-24 12:59:38,901]: Janin_M : 0.0054
[2019-08-24 12:59:38,901]: Engelman_GES_M : 0.0053
[2019-08-24 12:59:38,902]: Rose_C : 0.0053
[2019-08-24 12:59:38,902]: Engelman_GES_C : 0.0053
[2019-08-24 12:59:38,902]: neutral : 0.0053
[2019-08-24 12:59:38,902]: Eisenberg_C : 0.0053
[2019-08-24 12:59:38,902]: Rose_N : 0.0053
[2019-08-24 12:59:38,902]: Eisenberg_G : 0.0053
[2019-08-24 12:59:38,902]: W : 0.0053
[2019-08-24 12:59:38,902]: Rose_K : 0.0052
[2019-08-24 12:59:38,902]: Kyte_Doolittle_T : 0.0051
[2019-08-24 12:59:38,902]: Janin_R : 0.0051
[2019-08-24 12:59:38,902]: aromatic.1 : 0.0051
[2019-08-24 12:59:38,902]: negative : 0.0051
[2019-08-24 12:59:38,903]: Hopp_Woods_T : 0.0050
[2019-08-24 12:59:38,903]: Janin_G : 0.0050
[2019-08-24 12:59:38,903]: Janin_S : 0.0050
[2019-08-24 12:59:38,903]: A : 0.0050
[2019-08-24 12:59:38,903]: Engelman_GES_I : 0.0050
[2019-08-24 12:59:38,903]: Rose_E : 0.0050
[2019-08-24 12:59:38,903]: Hopp_Woods_W : 0.0049
[2019-08-24 12:59:38,903]: Cornette_R : 0.0049
[2019-08-24 12:59:38,903]: Cornette_I : 0.0049
[2019-08-24 12:59:38,903]: Eisenberg_E : 0.0049
[2019-08-24 12:59:38,903]: Eisenberg_F : 0.0049
[2019-08-24 12:59:38,903]: Kyte_Doolittle_V : 0.0048
[2019-08-24 12:59:38,904]: Rose_Y : 0.0047
[2019-08-24 12:59:38,904]: L : 0.0047
[2019-08-24 12:59:38,904]: heterocyclics : 0.0047
[2019-08-24 12:59:38,904]: Janin_C : 0.0047
[2019-08-24 12:59:38,904]: acidic_polar : 0.0043
[2019-08-24 12:59:38,904]: Cornette_N : 0.0043
[2019-08-24 12:59:38,904]: Rose_G : 0.0043
[2019-08-24 12:59:38,904]: Hopp_Woods_P : 0.0031
[2019-08-24 12:59:38,904]: Hopp_Woods_G : 0.0031
[2019-08-24 12:59:38,905]: Cornette_G : 0.0030
[2019-08-24 12:59:38,905]: feature_rank end
[2019-08-24 12:59:38,926]: Start dimension reduction ...
[2019-08-24 12:59:46,824]: length=1 f1=0.6957 accuarcy=0.6957 precision=0.6957 recall=0.6957 auc=0.6920 
[2019-08-24 12:59:54,557]: length=2 f1=0.6856 accuarcy=0.6848 precision=0.6878 recall=0.6848 auc=0.6846 
[2019-08-24 13:00:02,353]: length=3 f1=0.7488 accuarcy=0.7500 precision=0.7493 recall=0.7500 auc=0.7434 
[2019-08-24 13:00:10,264]: length=4 f1=0.7270 accuarcy=0.7283 precision=0.7273 recall=0.7283 auc=0.7214 
[2019-08-24 13:00:18,437]: length=5 f1=0.7801 accuarcy=0.7826 precision=0.7844 recall=0.7826 auc=0.7728 
[2019-08-24 13:00:26,136]: length=6 f1=0.8335 accuarcy=0.8370 precision=0.8474 recall=0.8370 auc=0.8242 
[2019-08-24 13:00:33,874]: length=7 f1=0.8799 accuarcy=0.8804 precision=0.8812 recall=0.8804 auc=0.8754 
[2019-08-24 13:00:41,649]: length=8 f1=0.8906 accuarcy=0.8913 precision=0.8933 recall=0.8913 auc=0.8852 
[2019-08-24 13:00:49,529]: length=9 f1=0.8793 accuarcy=0.8804 precision=0.8837 recall=0.8804 auc=0.8730 
[2019-08-24 13:00:57,344]: length=10 f1=0.8687 accuarcy=0.8696 precision=0.8712 recall=0.8696 auc=0.8632 
[2019-08-24 13:01:05,134]: length=11 f1=0.8687 accuarcy=0.8696 precision=0.8712 recall=0.8696 auc=0.8632 
[2019-08-24 13:01:13,320]: length=12 f1=0.8900 accuarcy=0.8913 precision=0.8967 recall=0.8913 auc=0.8828 
