[2019-08-15 20:25:59,607]: ---mrmd 2.0 start----
[2019-08-15 20:25:59,642]: ANOVA start...
[2019-08-15 20:25:59,654]: ANOVA end.
[2019-08-15 20:25:59,654]: mic start...
[2019-08-15 20:26:04,854]: mic end.
[2019-08-15 20:26:04,854]: mrmd start...
[2019-08-15 20:26:05,122]: mrmd end.
[2019-08-15 20:26:05,123]: mRMR start...
[2019-08-15 20:26:05,245]: mRMR end.
[2019-08-15 20:26:05,245]: lasso start...
[2019-08-15 20:26:05,277]: lasso end.
[2019-08-15 20:26:05,277]: lasso2 start...
[2019-08-15 20:26:06,045]: lasso2 end.
[2019-08-15 20:26:06,050]: rank start ...
[2019-08-15 20:26:06,063]: The final  rank is
[2019-08-15 20:26:06,064]: Janin_P : 0.0092
[2019-08-15 20:26:06,064]: Engelman_GES_R : 0.0075
[2019-08-15 20:26:06,064]: Cornette_C : 0.0072
[2019-08-15 20:26:06,064]: Janin_D : 0.0072
[2019-08-15 20:26:06,064]: Rose_I : 0.0071
[2019-08-15 20:26:06,064]: Hopp_Woods_R : 0.0070
[2019-08-15 20:26:06,065]: Cornette_T : 0.0070
[2019-08-15 20:26:06,065]: Cornette_P : 0.0070
[2019-08-15 20:26:06,065]: hydrophily : 0.0069
[2019-08-15 20:26:06,065]: Cornette_V : 0.0068
[2019-08-15 20:26:06,065]: Rose_S : 0.0068
[2019-08-15 20:26:06,065]: Janin_Q : 0.0068
[2019-08-15 20:26:06,065]: polar : 0.0068
[2019-08-15 20:26:06,065]: Engelman_GES_D : 0.0068
[2019-08-15 20:26:06,065]: Kyte_Doolittle_I : 0.0067
[2019-08-15 20:26:06,065]: Eisenberg_R : 0.0067
[2019-08-15 20:26:06,065]: Cornette_F : 0.0066
[2019-08-15 20:26:06,065]: Cornette_L : 0.0066
[2019-08-15 20:26:06,065]: Kyte_Doolittle_A : 0.0066
[2019-08-15 20:26:06,066]: basic_polar : 0.0066
[2019-08-15 20:26:06,066]: Janin_R : 0.0066
[2019-08-15 20:26:06,066]: Engelman_GES_S : 0.0065
[2019-08-15 20:26:06,066]: Hopp_Woods_A : 0.0065
[2019-08-15 20:26:06,066]: Eisenberg_N : 0.0065
[2019-08-15 20:26:06,066]: Hopp_Woods_D : 0.0065
[2019-08-15 20:26:06,066]: Janin_T : 0.0064
[2019-08-15 20:26:06,066]: Hopp_Woods_I : 0.0064
[2019-08-15 20:26:06,066]: Engelman_GES_Q : 0.0064
[2019-08-15 20:26:06,066]: Rose_L : 0.0064
[2019-08-15 20:26:06,066]: Rose_H : 0.0063
[2019-08-15 20:26:06,067]: Rose_T : 0.0063
[2019-08-15 20:26:06,067]: Rose_R : 0.0062
[2019-08-15 20:26:06,067]: Janin_N : 0.0062
[2019-08-15 20:26:06,067]: Cornette_K : 0.0062
[2019-08-15 20:26:06,067]: Engelman_GES_N : 0.0062
[2019-08-15 20:26:06,067]: Engelman_GES_W : 0.0062
[2019-08-15 20:26:06,067]: Rose_W : 0.0061
[2019-08-15 20:26:06,067]: Engelman_GES_G : 0.0061
[2019-08-15 20:26:06,067]: Janin_V : 0.0060
[2019-08-15 20:26:06,067]: Kyte_Doolittle_C : 0.0060
[2019-08-15 20:26:06,067]: Cornette_W : 0.0059
[2019-08-15 20:26:06,068]: Janin_S : 0.0059
[2019-08-15 20:26:06,068]: Eisenberg_S : 0.0059
[2019-08-15 20:26:06,068]: Janin_M : 0.0059
[2019-08-15 20:26:06,068]: Hopp_Woods_T : 0.0059
[2019-08-15 20:26:06,068]: Cornette_Y : 0.0059
[2019-08-15 20:26:06,068]: Kyte_Doolittle_Y : 0.0059
[2019-08-15 20:26:06,068]: Kyte_Doolittle_Q : 0.0059
[2019-08-15 20:26:06,068]: Eisenberg_W : 0.0059
[2019-08-15 20:26:06,068]: moderate : 0.0058
[2019-08-15 20:26:06,068]: Engelman_GES_L : 0.0058
[2019-08-15 20:26:06,068]: nonpolar : 0.0058
[2019-08-15 20:26:06,068]: C : 0.0058
[2019-08-15 20:26:06,069]: alphatic : 0.0058
[2019-08-15 20:26:06,069]: Hopp_Woods_E : 0.0057
[2019-08-15 20:26:06,069]: G : 0.0057
[2019-08-15 20:26:06,069]: W : 0.0057
[2019-08-15 20:26:06,069]: Hopp_Woods_N : 0.0057
[2019-08-15 20:26:06,069]: aliphatic : 0.0057
[2019-08-15 20:26:06,069]: negative : 0.0057
[2019-08-15 20:26:06,069]: Kyte_Doolittle_W : 0.0057
[2019-08-15 20:26:06,069]: Kyte_Doolittle_K : 0.0057
[2019-08-15 20:26:06,069]: P : 0.0057
[2019-08-15 20:26:06,069]: D : 0.0057
[2019-08-15 20:26:06,069]: Eisenberg_L : 0.0057
[2019-08-15 20:26:06,069]: Eisenberg_Y : 0.0057
[2019-08-15 20:26:06,070]: Rose_M : 0.0057
[2019-08-15 20:26:06,070]: postivecharge : 0.0057
[2019-08-15 20:26:06,070]: Engelman_GES_K : 0.0057
[2019-08-15 20:26:06,070]: Kyte_Doolittle_H : 0.0057
[2019-08-15 20:26:06,070]: Hopp_Woods_H : 0.0056
[2019-08-15 20:26:06,070]: Hopp_Woods_F : 0.0056
[2019-08-15 20:26:06,070]: Eisenberg_I : 0.0056
[2019-08-15 20:26:06,070]: Cornette_I : 0.0056
[2019-08-15 20:26:06,070]: Cornette_H : 0.0056
[2019-08-15 20:26:06,070]: Janin_W : 0.0056
[2019-08-15 20:26:06,070]: Kyte_Doolittle_F : 0.0056
[2019-08-15 20:26:06,070]: Engelman_GES_I : 0.0056
[2019-08-15 20:26:06,071]: Engelman_GES_M : 0.0056
[2019-08-15 20:26:06,071]: Engelman_GES_V : 0.0056
[2019-08-15 20:26:06,071]: Kyte_Doolittle_L : 0.0056
[2019-08-15 20:26:06,071]: positve : 0.0056
[2019-08-15 20:26:06,071]: Janin_L : 0.0056
[2019-08-15 20:26:06,071]: Janin_F : 0.0055
[2019-08-15 20:26:06,071]: Hopp_Woods_V : 0.0055
[2019-08-15 20:26:06,071]: Cornette_A : 0.0055
[2019-08-15 20:26:06,071]: T : 0.0055
[2019-08-15 20:26:06,071]: I : 0.0055
[2019-08-15 20:26:06,071]: Hopp_Woods_S : 0.0055
[2019-08-15 20:26:06,071]: Eisenberg_D : 0.0055
[2019-08-15 20:26:06,072]: Cornette_D : 0.0055
[2019-08-15 20:26:06,072]: H : 0.0055
[2019-08-15 20:26:06,072]: Kyte_Doolittle_N : 0.0055
[2019-08-15 20:26:06,072]: Cornette_E : 0.0055
[2019-08-15 20:26:06,072]: Rose_F : 0.0055
[2019-08-15 20:26:06,072]: A : 0.0055
[2019-08-15 20:26:06,072]: S : 0.0055
[2019-08-15 20:26:06,072]: Janin_E : 0.0055
[2019-08-15 20:26:06,072]: Kyte_Doolittle_D : 0.0055
[2019-08-15 20:26:06,072]: aromatic : 0.0055
[2019-08-15 20:26:06,072]: Engelman_GES_A : 0.0055
[2019-08-15 20:26:06,072]: Eisenberg_G : 0.0055
[2019-08-15 20:26:06,072]: Engelman_GES_F : 0.0055
[2019-08-15 20:26:06,073]: Rose_C : 0.0055
[2019-08-15 20:26:06,073]: Kyte_Doolittle_E : 0.0055
[2019-08-15 20:26:06,073]: Kyte_Doolittle_V : 0.0055
[2019-08-15 20:26:06,073]: Rose_A : 0.0055
[2019-08-15 20:26:06,073]: R : 0.0055
[2019-08-15 20:26:06,073]: Engelman_GES_E : 0.0055
[2019-08-15 20:26:06,073]: Eisenberg_K : 0.0055
[2019-08-15 20:26:06,073]: Hopp_Woods_L : 0.0054
[2019-08-15 20:26:06,073]: Janin_Y : 0.0054
[2019-08-15 20:26:06,073]: Rose_D : 0.0054
[2019-08-15 20:26:06,073]: Rose_P : 0.0054
[2019-08-15 20:26:06,074]: Eisenberg_F : 0.0054
[2019-08-15 20:26:06,074]: Kyte_Doolittle_S : 0.0054
[2019-08-15 20:26:06,074]: Q : 0.0054
[2019-08-15 20:26:06,074]: Kyte_Doolittle_G : 0.0054
[2019-08-15 20:26:06,074]: Hopp_Woods_C : 0.0054
[2019-08-15 20:26:06,074]: F : 0.0054
[2019-08-15 20:26:06,074]: Janin_H : 0.0054
[2019-08-15 20:26:06,074]: Cornette_S : 0.0054
[2019-08-15 20:26:06,074]: Cornette_M : 0.0054
[2019-08-15 20:26:06,074]: Engelman_GES_Y : 0.0054
[2019-08-15 20:26:06,074]: hydrophobicity : 0.0054
[2019-08-15 20:26:06,075]: E : 0.0054
[2019-08-15 20:26:06,075]: L : 0.0054
[2019-08-15 20:26:06,075]: Rose_E : 0.0054
[2019-08-15 20:26:06,075]: V : 0.0054
[2019-08-15 20:26:06,075]: negativecharge : 0.0054
[2019-08-15 20:26:06,075]: Eisenberg_V : 0.0054
[2019-08-15 20:26:06,075]: K : 0.0053
[2019-08-15 20:26:06,075]: Hopp_Woods_K : 0.0053
[2019-08-15 20:26:06,075]: Janin_I : 0.0053
[2019-08-15 20:26:06,075]: Eisenberg_H : 0.0053
[2019-08-15 20:26:06,075]: Rose_N : 0.0053
[2019-08-15 20:26:06,075]: Janin_K : 0.0053
[2019-08-15 20:26:06,075]: Hopp_Woods_Y : 0.0053
[2019-08-15 20:26:06,076]: Eisenberg_P : 0.0053
[2019-08-15 20:26:06,076]: N : 0.0053
[2019-08-15 20:26:06,076]: Hopp_Woods_W : 0.0053
[2019-08-15 20:26:06,076]: Engelman_GES_P : 0.0053
[2019-08-15 20:26:06,076]: uncharge : 0.0053
[2019-08-15 20:26:06,076]: Rose_Q : 0.0053
[2019-08-15 20:26:06,076]: Hopp_Woods_Q : 0.0053
[2019-08-15 20:26:06,076]: Rose_V : 0.0053
[2019-08-15 20:26:06,076]: Janin_A : 0.0052
[2019-08-15 20:26:06,076]: Kyte_Doolittle_R : 0.0052
[2019-08-15 20:26:06,076]: Janin_C : 0.0052
[2019-08-15 20:26:06,076]: Y : 0.0052
[2019-08-15 20:26:06,076]: Eisenberg_A : 0.0052
[2019-08-15 20:26:06,077]: Cornette_Q : 0.0052
[2019-08-15 20:26:06,077]: heterocyclics : 0.0052
[2019-08-15 20:26:06,077]: Kyte_Doolittle_M : 0.0051
[2019-08-15 20:26:06,077]: Kyte_Doolittle_P : 0.0051
[2019-08-15 20:26:06,077]: Engelman_GES_H : 0.0051
[2019-08-15 20:26:06,077]: Engelman_GES_T : 0.0051
[2019-08-15 20:26:06,077]: Rose_K : 0.0050
[2019-08-15 20:26:06,077]: neutral : 0.0050
[2019-08-15 20:26:06,077]: Eisenberg_C : 0.0050
[2019-08-15 20:26:06,077]: Eisenberg_E : 0.0050
[2019-08-15 20:26:06,077]: Engelman_GES_C : 0.0050
[2019-08-15 20:26:06,077]: Eisenberg_M : 0.0049
[2019-08-15 20:26:06,078]: Hopp_Woods_M : 0.0048
[2019-08-15 20:26:06,078]: Kyte_Doolittle_T : 0.0046
[2019-08-15 20:26:06,078]: acidic_polar : 0.0045
[2019-08-15 20:26:06,078]: Cornette_R : 0.0045
[2019-08-15 20:26:06,078]: Eisenberg_Q : 0.0044
[2019-08-15 20:26:06,078]: M : 0.0044
[2019-08-15 20:26:06,078]: Janin_G : 0.0044
[2019-08-15 20:26:06,079]: Rose_Y : 0.0044
[2019-08-15 20:26:06,079]: Rose_G : 0.0043
[2019-08-15 20:26:06,079]: aromatic.1 : 0.0043
[2019-08-15 20:26:06,079]: Eisenberg_T : 0.0039
[2019-08-15 20:26:06,079]: Cornette_N : 0.0035
[2019-08-15 20:26:06,079]: Cornette_G : 0.0030
[2019-08-15 20:26:06,079]: Hopp_Woods_G : 0.0025
[2019-08-15 20:26:06,079]: Hopp_Woods_P : 0.0020
[2019-08-15 20:26:06,079]: feature_rank end
[2019-08-15 20:26:06,103]: Start dimension reduction ...
