[2019-08-06 08:29:31,616]: ---mrmd 2.0 start----
[2019-08-06 08:29:31,723]: ANOVA start...
[2019-08-06 08:29:31,779]: ANOVA end.
[2019-08-06 08:29:31,779]: mic start...
[2019-08-06 08:29:45,105]: mic end.
[2019-08-06 08:29:45,106]: mrmd start...
[2019-08-06 08:29:45,985]: mrmd end.
[2019-08-06 08:29:45,985]: mRMR start...
[2019-08-06 08:30:17,336]: mRMR end.
[2019-08-06 08:30:17,337]: lasso start...
[2019-08-06 08:30:17,443]: lasso end.
[2019-08-06 08:30:19,680]: rank start ...
[2019-08-06 08:30:19,722]: The final  rank is
[2019-08-06 08:30:19,722]: Janin_P : 0.0078
[2019-08-06 08:30:19,722]: Janin_D : 0.0074
[2019-08-06 08:30:19,723]: Hopp_Woods_R : 0.0071
[2019-08-06 08:30:19,723]: Rose_I : 0.0069
[2019-08-06 08:30:19,723]: hydrophily : 0.0069
[2019-08-06 08:30:19,723]: Engelman_GES_D : 0.0069
[2019-08-06 08:30:19,723]: Cornette_C : 0.0069
[2019-08-06 08:30:19,724]: Cornette_T : 0.0068
[2019-08-06 08:30:19,724]: Kyte_Doolittle_I : 0.0068
[2019-08-06 08:30:19,724]: Engelman_GES_S : 0.0067
[2019-08-06 08:30:19,724]: Rose_P : 0.0067
[2019-08-06 08:30:19,724]: Cornette_V : 0.0067
[2019-08-06 08:30:19,724]: Kyte_Doolittle_A : 0.0067
[2019-08-06 08:30:19,724]: basic_polar : 0.0066
[2019-08-06 08:30:19,725]: Cornette_P : 0.0066
[2019-08-06 08:30:19,725]: Rose_R : 0.0065
[2019-08-06 08:30:19,725]: Rose_S : 0.0065
[2019-08-06 08:30:19,725]: Cornette_F : 0.0065
[2019-08-06 08:30:19,725]: Hopp_Woods_A : 0.0065
[2019-08-06 08:30:19,725]: Hopp_Woods_I : 0.0064
[2019-08-06 08:30:19,725]: Engelman_GES_Q : 0.0064
[2019-08-06 08:30:19,726]: Hopp_Woods_D : 0.0064
[2019-08-06 08:30:19,726]: polar : 0.0063
[2019-08-06 08:30:19,726]: Engelman_GES_R : 0.0063
[2019-08-06 08:30:19,726]: Eisenberg_R : 0.0063
[2019-08-06 08:30:19,727]: Engelman_GES_N : 0.0062
[2019-08-06 08:30:19,727]: Cornette_W : 0.0062
[2019-08-06 08:30:19,727]: Rose_L : 0.0062
[2019-08-06 08:30:19,727]: Cornette_K : 0.0062
[2019-08-06 08:30:19,727]: Rose_H : 0.0062
[2019-08-06 08:30:19,727]: Engelman_GES_W : 0.0062
[2019-08-06 08:30:19,728]: Eisenberg_N : 0.0062
[2019-08-06 08:30:19,728]: Rose_T : 0.0061
[2019-08-06 08:30:19,728]: C : 0.0061
[2019-08-06 08:30:19,728]: Engelman_GES_L : 0.0061
[2019-08-06 08:30:19,728]: Cornette_Y : 0.0060
[2019-08-06 08:30:19,729]: Kyte_Doolittle_W : 0.0060
[2019-08-06 08:30:19,729]: Janin_V : 0.0060
[2019-08-06 08:30:19,729]: alphatic : 0.0059
[2019-08-06 08:30:19,729]: nonpolar : 0.0059
[2019-08-06 08:30:19,729]: Kyte_Doolittle_C : 0.0059
[2019-08-06 08:30:19,729]: Hopp_Woods_T : 0.0059
[2019-08-06 08:30:19,729]: moderate : 0.0059
[2019-08-06 08:30:19,730]: Janin_F : 0.0059
[2019-08-06 08:30:19,730]: Janin_L : 0.0059
[2019-08-06 08:30:19,730]: Engelman_GES_Y : 0.0059
[2019-08-06 08:30:19,731]: Hopp_Woods_Q : 0.0059
[2019-08-06 08:30:19,731]: Engelman_GES_G : 0.0059
[2019-08-06 08:30:19,731]: Eisenberg_S : 0.0059
[2019-08-06 08:30:19,731]: Janin_H : 0.0059
[2019-08-06 08:30:19,731]: Kyte_Doolittle_Y : 0.0058
[2019-08-06 08:30:19,731]: Eisenberg_W : 0.0058
[2019-08-06 08:30:19,731]: postivecharge : 0.0058
[2019-08-06 08:30:19,732]: Hopp_Woods_C : 0.0058
[2019-08-06 08:30:19,732]: Janin_W : 0.0058
[2019-08-06 08:30:19,732]: W : 0.0058
[2019-08-06 08:30:19,732]: D : 0.0058
[2019-08-06 08:30:19,732]: Hopp_Woods_L : 0.0057
[2019-08-06 08:30:19,732]: aliphatic : 0.0057
[2019-08-06 08:30:19,732]: K : 0.0057
[2019-08-06 08:30:19,733]: Cornette_A : 0.0057
[2019-08-06 08:30:19,733]: Q : 0.0057
[2019-08-06 08:30:19,733]: Cornette_H : 0.0057
[2019-08-06 08:30:19,733]: Rose_D : 0.0057
[2019-08-06 08:30:19,733]: Rose_W : 0.0057
[2019-08-06 08:30:19,733]: Janin_Q : 0.0057
[2019-08-06 08:30:19,733]: Hopp_Woods_N : 0.0057
[2019-08-06 08:30:19,734]: Hopp_Woods_F : 0.0057
[2019-08-06 08:30:19,734]: Cornette_S : 0.0057
[2019-08-06 08:30:19,734]: Cornette_E : 0.0057
[2019-08-06 08:30:19,734]: Hopp_Woods_E : 0.0057
[2019-08-06 08:30:19,734]: Hopp_Woods_H : 0.0057
[2019-08-06 08:30:19,734]: positve : 0.0057
[2019-08-06 08:30:19,734]: Kyte_Doolittle_D : 0.0056
[2019-08-06 08:30:19,735]: Engelman_GES_P : 0.0056
[2019-08-06 08:30:19,735]: Kyte_Doolittle_K : 0.0056
[2019-08-06 08:30:19,735]: Cornette_Q : 0.0056
[2019-08-06 08:30:19,735]: Kyte_Doolittle_F : 0.0056
[2019-08-06 08:30:19,735]: Engelman_GES_A : 0.0056
[2019-08-06 08:30:19,735]: Kyte_Doolittle_H : 0.0056
[2019-08-06 08:30:19,735]: Engelman_GES_I : 0.0056
[2019-08-06 08:30:19,736]: Rose_M : 0.0056
[2019-08-06 08:30:19,736]: Kyte_Doolittle_L : 0.0056
[2019-08-06 08:30:19,736]: Engelman_GES_M : 0.0056
[2019-08-06 08:30:19,736]: Eisenberg_L : 0.0056
[2019-08-06 08:30:19,736]: Kyte_Doolittle_Q : 0.0056
[2019-08-06 08:30:19,736]: H : 0.0056
[2019-08-06 08:30:19,736]: Kyte_Doolittle_N : 0.0056
[2019-08-06 08:30:19,736]: Kyte_Doolittle_S : 0.0056
[2019-08-06 08:30:19,737]: Engelman_GES_F : 0.0056
[2019-08-06 08:30:19,737]: P : 0.0056
[2019-08-06 08:30:19,737]: Hopp_Woods_S : 0.0056
[2019-08-06 08:30:19,737]: Eisenberg_I : 0.0056
[2019-08-06 08:30:19,737]: G : 0.0056
[2019-08-06 08:30:19,737]: Hopp_Woods_V : 0.0056
[2019-08-06 08:30:19,737]: Janin_K : 0.0056
[2019-08-06 08:30:19,737]: Engelman_GES_E : 0.0056
[2019-08-06 08:30:19,738]: R : 0.0055
[2019-08-06 08:30:19,738]: S : 0.0055
[2019-08-06 08:30:19,738]: Janin_I : 0.0055
[2019-08-06 08:30:19,738]: Rose_A : 0.0055
[2019-08-06 08:30:19,738]: aromatic : 0.0055
[2019-08-06 08:30:19,738]: I : 0.0055
[2019-08-06 08:30:19,738]: Hopp_Woods_Y : 0.0055
[2019-08-06 08:30:19,739]: Janin_R : 0.0055
[2019-08-06 08:30:19,739]: Cornette_D : 0.0055
[2019-08-06 08:30:19,739]: T : 0.0055
[2019-08-06 08:30:19,739]: Hopp_Woods_K : 0.0055
[2019-08-06 08:30:19,739]: Kyte_Doolittle_V : 0.0055
[2019-08-06 08:30:19,739]: Janin_M : 0.0055
[2019-08-06 08:30:19,739]: Rose_F : 0.0055
[2019-08-06 08:30:19,739]: Kyte_Doolittle_G : 0.0055
[2019-08-06 08:30:19,740]: Kyte_Doolittle_E : 0.0055
[2019-08-06 08:30:19,740]: uncharge : 0.0055
[2019-08-06 08:30:19,740]: Rose_V : 0.0055
[2019-08-06 08:30:19,740]: Engelman_GES_V : 0.0055
[2019-08-06 08:30:19,740]: Rose_N : 0.0055
[2019-08-06 08:30:19,740]: Eisenberg_K : 0.0055
[2019-08-06 08:30:19,741]: Eisenberg_V : 0.0055
[2019-08-06 08:30:19,741]: Cornette_L : 0.0055
[2019-08-06 08:30:19,741]: E : 0.0055
[2019-08-06 08:30:19,741]: A : 0.0055
[2019-08-06 08:30:19,741]: V : 0.0055
[2019-08-06 08:30:19,741]: Kyte_Doolittle_M : 0.0055
[2019-08-06 08:30:19,741]: Cornette_M : 0.0054
[2019-08-06 08:30:19,742]: Eisenberg_H : 0.0054
[2019-08-06 08:30:19,742]: Janin_N : 0.0054
[2019-08-06 08:30:19,742]: Hopp_Woods_W : 0.0054
[2019-08-06 08:30:19,742]: Rose_Q : 0.0054
[2019-08-06 08:30:19,742]: Cornette_I : 0.0054
[2019-08-06 08:30:19,742]: F : 0.0054
[2019-08-06 08:30:19,742]: Eisenberg_P : 0.0054
[2019-08-06 08:30:19,743]: Janin_Y : 0.0054
[2019-08-06 08:30:19,743]: N : 0.0054
[2019-08-06 08:30:19,743]: Eisenberg_G : 0.0054
[2019-08-06 08:30:19,743]: Janin_A : 0.0054
[2019-08-06 08:30:19,743]: Rose_C : 0.0054
[2019-08-06 08:30:19,743]: negativecharge : 0.0054
[2019-08-06 08:30:19,743]: Janin_E : 0.0054
[2019-08-06 08:30:19,743]: Kyte_Doolittle_R : 0.0054
[2019-08-06 08:30:19,744]: L : 0.0054
[2019-08-06 08:30:19,744]: Eisenberg_A : 0.0054
[2019-08-06 08:30:19,744]: Rose_K : 0.0053
[2019-08-06 08:30:19,744]: hydrophobicity : 0.0053
[2019-08-06 08:30:19,744]: Engelman_GES_T : 0.0053
[2019-08-06 08:30:19,744]: Kyte_Doolittle_T : 0.0053
[2019-08-06 08:30:19,745]: Kyte_Doolittle_P : 0.0053
[2019-08-06 08:30:19,745]: Janin_T : 0.0053
[2019-08-06 08:30:19,745]: neutral : 0.0052
[2019-08-06 08:30:19,745]: Eisenberg_M : 0.0052
[2019-08-06 08:30:19,745]: Y : 0.0052
[2019-08-06 08:30:19,745]: Hopp_Woods_M : 0.0052
[2019-08-06 08:30:19,745]: Janin_C : 0.0051
[2019-08-06 08:30:19,746]: Eisenberg_C : 0.0051
[2019-08-06 08:30:19,746]: Engelman_GES_H : 0.0051
[2019-08-06 08:30:19,746]: Engelman_GES_C : 0.0051
[2019-08-06 08:30:19,746]: Eisenberg_Y : 0.0050
[2019-08-06 08:30:19,746]: Janin_S : 0.0049
[2019-08-06 08:30:19,746]: Rose_E : 0.0049
[2019-08-06 08:30:19,746]: acidic_polar : 0.0049
[2019-08-06 08:30:19,762]: Eisenberg_F : 0.0048
[2019-08-06 08:30:19,762]: Cornette_R : 0.0048
[2019-08-06 08:30:19,762]: Eisenberg_E : 0.0048
[2019-08-06 08:30:19,762]: Eisenberg_D : 0.0048
[2019-08-06 08:30:19,763]: Janin_G : 0.0047
[2019-08-06 08:30:19,763]: Engelman_GES_K : 0.0047
[2019-08-06 08:30:19,763]: Rose_G : 0.0047
[2019-08-06 08:30:19,763]: negative : 0.0047
[2019-08-06 08:30:19,763]: Rose_Y : 0.0046
[2019-08-06 08:30:19,763]: M : 0.0045
[2019-08-06 08:30:19,763]: aromatic.1 : 0.0045
[2019-08-06 08:30:19,764]: Eisenberg_Q : 0.0044
[2019-08-06 08:30:19,764]: Eisenberg_T : 0.0043
[2019-08-06 08:30:19,764]: heterocyclics : 0.0043
[2019-08-06 08:30:19,764]: Cornette_N : 0.0041
[2019-08-06 08:30:19,764]: Cornette_G : 0.0030
[2019-08-06 08:30:19,764]: Hopp_Woods_G : 0.0030
[2019-08-06 08:30:19,764]: Hopp_Woods_P : 0.0026
[2019-08-06 08:30:19,765]: feature_rank end
[2019-08-06 08:30:19,843]: Start dimension reduction ...
[2019-08-06 08:30:42,655]: length=1 accuarcy=0.7576 f1=0.7382 precision=0.8329 recall=0.7609 roc=0.7317 
[2019-08-06 08:31:05,483]: length=2 accuarcy=0.8040 f1=0.8047 precision=0.8059 recall=0.8043 roc=0.8044 
[2019-08-06 08:31:27,649]: length=3 accuarcy=0.7929 f1=0.7932 precision=0.7931 recall=0.7935 roc=0.7898 
[2019-08-06 08:31:53,424]: length=4 accuarcy=0.8707 f1=0.8687 precision=0.8712 recall=0.8696 roc=0.8632 
[2019-08-06 08:32:17,402]: length=5 accuarcy=0.8485 f1=0.8468 precision=0.8491 recall=0.8478 roc=0.8412 
[2019-08-06 08:32:39,784]: length=6 accuarcy=0.8485 f1=0.8474 precision=0.8478 recall=0.8478 roc=0.8436 
[2019-08-06 08:33:01,832]: length=7 accuarcy=0.8929 f1=0.8906 precision=0.8933 recall=0.8913 roc=0.8852 
[2019-08-06 08:33:23,616]: length=8 accuarcy=0.8596 f1=0.8585 precision=0.8585 recall=0.8587 roc=0.8558 
[2019-08-06 08:33:45,934]: length=9 accuarcy=0.8596 f1=0.8585 precision=0.8585 recall=0.8587 roc=0.8558 
[2019-08-06 08:34:08,552]: length=10 accuarcy=0.8596 f1=0.8580 precision=0.8592 recall=0.8587 roc=0.8534 
[2019-08-06 08:34:30,074]: length=11 accuarcy=0.8374 f1=0.8367 precision=0.8367 recall=0.8370 roc=0.8338 
[2019-08-06 08:34:52,128]: length=12 accuarcy=0.8687 f1=0.8692 precision=0.8696 recall=0.8696 roc=0.8656 
[2019-08-06 08:35:13,889]: length=13 accuarcy=0.8465 f1=0.8468 precision=0.8491 recall=0.8478 roc=0.8412 
[2019-08-06 08:35:35,879]: length=14 accuarcy=0.8354 f1=0.8362 precision=0.8372 recall=0.8370 roc=0.8314 
[2019-08-06 08:35:58,096]: length=15 accuarcy=0.8687 f1=0.8687 precision=0.8712 recall=0.8696 roc=0.8632 
[2019-08-06 08:36:20,354]: length=16 accuarcy=0.8485 f1=0.8468 precision=0.8491 recall=0.8478 roc=0.8412 
[2019-08-06 08:36:42,746]: length=17 accuarcy=0.8707 f1=0.8692 precision=0.8696 recall=0.8696 roc=0.8656 
[2019-08-06 08:37:05,396]: length=18 accuarcy=0.8485 f1=0.8474 precision=0.8478 recall=0.8478 roc=0.8436 
[2019-08-06 08:37:27,253]: length=19 accuarcy=0.8687 f1=0.8687 precision=0.8712 recall=0.8696 roc=0.8632 
[2019-08-06 08:37:49,395]: length=20 accuarcy=0.8576 f1=0.8580 precision=0.8592 recall=0.8587 roc=0.8534 
[2019-08-06 08:38:11,827]: length=21 accuarcy=0.8596 f1=0.8580 precision=0.8592 recall=0.8587 roc=0.8534 
[2019-08-06 08:38:34,342]: length=22 accuarcy=0.8465 f1=0.8468 precision=0.8491 recall=0.8478 roc=0.8412 
[2019-08-06 08:38:56,407]: length=23 accuarcy=0.8596 f1=0.8585 precision=0.8585 recall=0.8587 roc=0.8558 
[2019-08-06 08:39:18,402]: length=24 accuarcy=0.8818 f1=0.8803 precision=0.8803 recall=0.8804 roc=0.8778 
[2019-08-06 08:39:42,090]: length=25 accuarcy=0.8707 f1=0.8692 precision=0.8696 recall=0.8696 roc=0.8656 
[2019-08-06 08:40:04,367]: length=26 accuarcy=0.8596 f1=0.8588 precision=0.8592 recall=0.8587 roc=0.8582 
[2019-08-06 08:40:26,190]: length=27 accuarcy=0.8909 f1=0.8910 precision=0.8915 recall=0.8913 roc=0.8876 
[2019-08-06 08:40:48,403]: length=28 accuarcy=0.8485 f1=0.8478 precision=0.8478 recall=0.8478 roc=0.8460 
[2019-08-06 08:41:11,109]: length=29 accuarcy=0.8152 f1=0.8143 precision=0.8152 recall=0.8152 roc=0.8094 
[2019-08-06 08:41:33,731]: length=30 accuarcy=0.8374 f1=0.8362 precision=0.8372 recall=0.8370 roc=0.8314 
[2019-08-06 08:41:56,391]: length=31 accuarcy=0.8374 f1=0.8367 precision=0.8367 recall=0.8370 roc=0.8338 
[2019-08-06 08:42:22,617]: length=32 accuarcy=0.8576 f1=0.8580 precision=0.8592 recall=0.8587 roc=0.8534 
[2019-08-06 08:42:44,231]: length=33 accuarcy=0.8909 f1=0.8913 precision=0.8913 recall=0.8913 roc=0.8900 
[2019-08-06 08:43:07,020]: length=34 accuarcy=0.8596 f1=0.8585 precision=0.8585 recall=0.8587 roc=0.8558 
[2019-08-06 08:43:29,058]: length=35 accuarcy=0.8374 f1=0.8367 precision=0.8367 recall=0.8370 roc=0.8338 
[2019-08-06 08:43:51,318]: length=36 accuarcy=0.8596 f1=0.8580 precision=0.8592 recall=0.8587 roc=0.8534 
[2019-08-06 08:44:14,405]: length=37 accuarcy=0.8798 f1=0.8793 precision=0.8837 recall=0.8804 roc=0.8730 
[2019-08-06 08:44:36,669]: length=38 accuarcy=0.8707 f1=0.8692 precision=0.8696 recall=0.8696 roc=0.8656 
[2019-08-06 08:44:59,159]: length=39 accuarcy=0.8707 f1=0.8692 precision=0.8696 recall=0.8696 roc=0.8656 
[2019-08-06 08:45:21,982]: length=40 accuarcy=0.8465 f1=0.8468 precision=0.8491 recall=0.8478 roc=0.8412 
[2019-08-06 08:45:44,166]: length=41 accuarcy=0.8465 f1=0.8474 precision=0.8478 recall=0.8478 roc=0.8436 
[2019-08-06 08:46:07,011]: length=42 accuarcy=0.8596 f1=0.8580 precision=0.8592 recall=0.8587 roc=0.8534 
[2019-08-06 08:46:28,576]: length=43 accuarcy=0.8687 f1=0.8687 precision=0.8712 recall=0.8696 roc=0.8632 
[2019-08-06 08:46:50,456]: length=44 accuarcy=0.8929 f1=0.8906 precision=0.8933 recall=0.8913 roc=0.8852 
[2019-08-06 08:47:15,147]: length=45 accuarcy=0.8778 f1=0.8793 precision=0.8837 recall=0.8804 roc=0.8730 
[2019-08-06 08:47:36,962]: length=46 accuarcy=0.8687 f1=0.8687 precision=0.8712 recall=0.8696 roc=0.8632 
[2019-08-06 08:47:59,506]: length=47 accuarcy=0.8707 f1=0.8692 precision=0.8696 recall=0.8696 roc=0.8656 
[2019-08-06 08:48:22,507]: length=48 accuarcy=0.8576 f1=0.8580 precision=0.8592 recall=0.8587 roc=0.8534 
[2019-08-06 08:48:44,644]: length=49 accuarcy=0.8374 f1=0.8355 precision=0.8391 recall=0.8370 roc=0.8290 
[2019-08-06 08:49:04,964]: length=50 accuarcy=0.8556 f1=0.8574 precision=0.8614 recall=0.8587 roc=0.8510 
[2019-08-06 08:49:26,565]: length=51 accuarcy=0.8687 f1=0.8687 precision=0.8712 recall=0.8696 roc=0.8632 
[2019-08-06 08:49:48,221]: length=52 accuarcy=0.8707 f1=0.8692 precision=0.8696 recall=0.8696 roc=0.8656 
[2019-08-06 08:50:09,887]: length=53 accuarcy=0.8889 f1=0.8900 precision=0.8967 recall=0.8913 roc=0.8828 
[2019-08-06 08:50:32,164]: length=54 accuarcy=0.8485 f1=0.8474 precision=0.8478 recall=0.8478 roc=0.8436 
[2019-08-06 08:50:53,642]: length=55 accuarcy=0.8687 f1=0.8687 precision=0.8712 recall=0.8696 roc=0.8632 
[2019-08-06 08:51:16,445]: length=56 accuarcy=0.8576 f1=0.8574 precision=0.8614 recall=0.8587 roc=0.8510 
[2019-08-06 08:51:39,059]: length=57 accuarcy=0.8687 f1=0.8687 precision=0.8712 recall=0.8696 roc=0.8632 
[2019-08-06 08:52:01,107]: length=58 accuarcy=0.8465 f1=0.8468 precision=0.8491 recall=0.8478 roc=0.8412 
[2019-08-06 08:52:24,299]: length=59 accuarcy=0.8576 f1=0.8580 precision=0.8592 recall=0.8587 roc=0.8534 
[2019-08-06 08:52:46,650]: length=60 accuarcy=0.8465 f1=0.8468 precision=0.8491 recall=0.8478 roc=0.8412 
[2019-08-06 08:53:09,514]: length=61 accuarcy=0.8263 f1=0.8256 precision=0.8259 recall=0.8261 roc=0.8216 
[2019-08-06 08:53:31,333]: length=62 accuarcy=0.8596 f1=0.8580 precision=0.8592 recall=0.8587 roc=0.8534 
[2019-08-06 08:53:56,111]: length=63 accuarcy=0.8667 f1=0.8687 precision=0.8712 recall=0.8696 roc=0.8632 
[2019-08-06 08:54:18,043]: length=64 accuarcy=0.8263 f1=0.8256 precision=0.8259 recall=0.8261 roc=0.8216 
[2019-08-06 08:54:40,761]: length=65 accuarcy=0.8485 f1=0.8468 precision=0.8491 recall=0.8478 roc=0.8412 
[2019-08-06 08:55:04,271]: length=66 accuarcy=0.8485 f1=0.8468 precision=0.8491 recall=0.8478 roc=0.8412 
[2019-08-06 08:55:26,208]: length=67 accuarcy=0.8556 f1=0.8574 precision=0.8614 recall=0.8587 roc=0.8510 
[2019-08-06 08:55:48,552]: length=68 accuarcy=0.8465 f1=0.8468 precision=0.8491 recall=0.8478 roc=0.8412 
[2019-08-06 08:56:10,423]: length=69 accuarcy=0.8485 f1=0.8474 precision=0.8478 recall=0.8478 roc=0.8436 
[2019-08-06 08:56:31,484]: length=70 accuarcy=0.8596 f1=0.8580 precision=0.8592 recall=0.8587 roc=0.8534 
[2019-08-06 08:56:53,146]: length=71 accuarcy=0.8374 f1=0.8362 precision=0.8372 recall=0.8370 roc=0.8314 
[2019-08-06 08:57:15,656]: length=72 accuarcy=0.8667 f1=0.8680 precision=0.8743 recall=0.8696 roc=0.8608 
[2019-08-06 08:57:37,461]: length=73 accuarcy=0.8556 f1=0.8574 precision=0.8614 recall=0.8587 roc=0.8510 
[2019-08-06 08:58:01,428]: length=74 accuarcy=0.8374 f1=0.8362 precision=0.8372 recall=0.8370 roc=0.8314 
[2019-08-06 08:58:22,993]: length=75 accuarcy=0.8485 f1=0.8468 precision=0.8491 recall=0.8478 roc=0.8412 
[2019-08-06 08:58:46,315]: length=76 accuarcy=0.8263 f1=0.8256 precision=0.8259 recall=0.8261 roc=0.8216 
[2019-08-06 08:59:10,174]: length=77 accuarcy=0.8374 f1=0.8362 precision=0.8372 recall=0.8370 roc=0.8314 
[2019-08-06 08:59:31,724]: length=78 accuarcy=0.8556 f1=0.8574 precision=0.8614 recall=0.8587 roc=0.8510 
[2019-08-06 08:59:55,063]: length=79 accuarcy=0.8263 f1=0.8256 precision=0.8259 recall=0.8261 roc=0.8216 
[2019-08-06 09:00:17,258]: length=80 accuarcy=0.8263 f1=0.8256 precision=0.8259 recall=0.8261 roc=0.8216 
[2019-08-06 09:00:39,166]: length=81 accuarcy=0.8687 f1=0.8687 precision=0.8712 recall=0.8696 roc=0.8632 
[2019-08-06 09:01:01,322]: length=82 accuarcy=0.8596 f1=0.8580 precision=0.8592 recall=0.8587 roc=0.8534 
[2019-08-06 09:01:23,773]: length=83 accuarcy=0.8576 f1=0.8574 precision=0.8614 recall=0.8587 roc=0.8510 
[2019-08-06 09:01:45,743]: length=84 accuarcy=0.8596 f1=0.8580 precision=0.8592 recall=0.8587 roc=0.8534 
[2019-08-06 09:02:07,334]: length=85 accuarcy=0.8576 f1=0.8574 precision=0.8614 recall=0.8587 roc=0.8510 
[2019-08-06 09:02:29,017]: length=86 accuarcy=0.8485 f1=0.8468 precision=0.8491 recall=0.8478 roc=0.8412 
[2019-08-06 09:02:50,841]: length=87 accuarcy=0.8485 f1=0.8474 precision=0.8478 recall=0.8478 roc=0.8436 
[2019-08-06 09:03:14,190]: length=88 accuarcy=0.8465 f1=0.8468 precision=0.8491 recall=0.8478 roc=0.8412 
[2019-08-06 09:03:36,814]: length=89 accuarcy=0.8374 f1=0.8362 precision=0.8372 recall=0.8370 roc=0.8314 
[2019-08-06 09:03:59,094]: length=90 accuarcy=0.8374 f1=0.8362 precision=0.8372 recall=0.8370 roc=0.8314 
[2019-08-06 09:04:21,281]: length=91 accuarcy=0.8465 f1=0.8474 precision=0.8478 recall=0.8478 roc=0.8436 
[2019-08-06 09:04:42,803]: length=92 accuarcy=0.8667 f1=0.8680 precision=0.8743 recall=0.8696 roc=0.8608 
[2019-08-06 09:05:04,681]: length=93 accuarcy=0.8263 f1=0.8249 precision=0.8269 recall=0.8261 roc=0.8192 
[2019-08-06 09:05:26,720]: length=94 accuarcy=0.8444 f1=0.8474 precision=0.8478 recall=0.8478 roc=0.8436 
[2019-08-06 09:05:48,738]: length=95 accuarcy=0.8556 f1=0.8574 precision=0.8614 recall=0.8587 roc=0.8510 
[2019-08-06 09:06:10,696]: length=96 accuarcy=0.8354 f1=0.8362 precision=0.8372 recall=0.8370 roc=0.8314 
[2019-08-06 09:06:32,950]: length=97 accuarcy=0.8444 f1=0.8468 precision=0.8491 recall=0.8478 roc=0.8412 
[2019-08-06 09:06:54,795]: length=98 accuarcy=0.8778 f1=0.8793 precision=0.8837 recall=0.8804 roc=0.8730 
[2019-08-06 09:07:17,095]: length=99 accuarcy=0.8374 f1=0.8367 precision=0.8367 recall=0.8370 roc=0.8338 
[2019-08-06 09:07:40,897]: length=100 accuarcy=0.8465 f1=0.8474 precision=0.8478 recall=0.8478 roc=0.8436 
[2019-08-06 09:08:02,921]: length=101 accuarcy=0.8576 f1=0.8580 precision=0.8592 recall=0.8587 roc=0.8534 
[2019-08-06 09:08:24,644]: length=102 accuarcy=0.8556 f1=0.8580 precision=0.8592 recall=0.8587 roc=0.8534 
[2019-08-06 09:08:47,117]: length=103 accuarcy=0.8576 f1=0.8580 precision=0.8592 recall=0.8587 roc=0.8534 
[2019-08-06 09:09:09,101]: length=104 accuarcy=0.8576 f1=0.8580 precision=0.8592 recall=0.8587 roc=0.8534 
[2019-08-06 09:09:31,636]: length=105 accuarcy=0.8354 f1=0.8362 precision=0.8372 recall=0.8370 roc=0.8314 
[2019-08-06 09:09:54,717]: length=106 accuarcy=0.8354 f1=0.8367 precision=0.8367 recall=0.8370 roc=0.8338 
[2019-08-06 09:10:16,842]: length=107 accuarcy=0.8465 f1=0.8474 precision=0.8478 recall=0.8478 roc=0.8436 
[2019-08-06 09:10:38,803]: length=108 accuarcy=0.8667 f1=0.8687 precision=0.8712 recall=0.8696 roc=0.8632 
[2019-08-06 09:11:00,981]: length=109 accuarcy=0.8354 f1=0.8367 precision=0.8367 recall=0.8370 roc=0.8338 
[2019-08-06 09:11:23,009]: length=110 accuarcy=0.8374 f1=0.8367 precision=0.8367 recall=0.8370 roc=0.8338 
[2019-08-06 09:11:44,810]: length=111 accuarcy=0.8242 f1=0.8256 precision=0.8259 recall=0.8261 roc=0.8216 
[2019-08-06 09:12:06,726]: length=112 accuarcy=0.8263 f1=0.8256 precision=0.8259 recall=0.8261 roc=0.8216 
[2019-08-06 09:12:28,599]: length=113 accuarcy=0.8444 f1=0.8468 precision=0.8491 recall=0.8478 roc=0.8412 
[2019-08-06 09:12:50,648]: length=114 accuarcy=0.8667 f1=0.8687 precision=0.8712 recall=0.8696 roc=0.8632 
[2019-08-06 09:13:13,587]: length=115 accuarcy=0.8556 f1=0.8574 precision=0.8614 recall=0.8587 roc=0.8510 
[2019-08-06 09:13:34,983]: length=116 accuarcy=0.8465 f1=0.8474 precision=0.8478 recall=0.8478 roc=0.8436 
[2019-08-06 09:13:57,352]: length=117 accuarcy=0.8465 f1=0.8468 precision=0.8491 recall=0.8478 roc=0.8412 
[2019-08-06 09:14:19,429]: length=118 accuarcy=0.8485 f1=0.8468 precision=0.8491 recall=0.8478 roc=0.8412 
[2019-08-06 09:14:41,408]: length=119 accuarcy=0.8465 f1=0.8474 precision=0.8478 recall=0.8478 roc=0.8436 
[2019-08-06 09:15:04,109]: length=120 accuarcy=0.8465 f1=0.8474 precision=0.8478 recall=0.8478 roc=0.8436 
[2019-08-06 09:15:26,916]: length=121 accuarcy=0.8242 f1=0.8256 precision=0.8259 recall=0.8261 roc=0.8216 
[2019-08-06 09:15:48,658]: length=122 accuarcy=0.8465 f1=0.8468 precision=0.8491 recall=0.8478 roc=0.8412 
[2019-08-06 09:16:12,188]: length=123 accuarcy=0.8465 f1=0.8474 precision=0.8478 recall=0.8478 roc=0.8436 
[2019-08-06 09:16:34,719]: length=124 accuarcy=0.8374 f1=0.8367 precision=0.8367 recall=0.8370 roc=0.8338 
[2019-08-06 09:16:56,797]: length=125 accuarcy=0.8556 f1=0.8574 precision=0.8614 recall=0.8587 roc=0.8510 
[2019-08-06 09:17:19,168]: length=126 accuarcy=0.8242 f1=0.8261 precision=0.8261 recall=0.8261 roc=0.8240 
[2019-08-06 09:17:41,274]: length=127 accuarcy=0.8576 f1=0.8580 precision=0.8592 recall=0.8587 roc=0.8534 
[2019-08-06 09:18:03,965]: length=128 accuarcy=0.8394 f1=0.8355 precision=0.8391 recall=0.8370 roc=0.8290 
[2019-08-06 09:18:26,241]: length=129 accuarcy=0.8465 f1=0.8474 precision=0.8478 recall=0.8478 roc=0.8436 
[2019-08-06 09:18:48,528]: length=130 accuarcy=0.8556 f1=0.8574 precision=0.8614 recall=0.8587 roc=0.8510 
[2019-08-06 09:19:10,577]: length=131 accuarcy=0.8556 f1=0.8574 precision=0.8614 recall=0.8587 roc=0.8510 
[2019-08-06 09:19:32,969]: length=132 accuarcy=0.8333 f1=0.8362 precision=0.8372 recall=0.8370 roc=0.8314 
[2019-08-06 09:19:55,164]: length=133 accuarcy=0.8667 f1=0.8687 precision=0.8712 recall=0.8696 roc=0.8632 
[2019-08-06 09:20:17,692]: length=134 accuarcy=0.8374 f1=0.8362 precision=0.8372 recall=0.8370 roc=0.8314 
[2019-08-06 09:20:40,478]: length=135 accuarcy=0.8374 f1=0.8367 precision=0.8367 recall=0.8370 roc=0.8338 
[2019-08-06 09:21:03,613]: length=136 accuarcy=0.8465 f1=0.8474 precision=0.8478 recall=0.8478 roc=0.8436 
[2019-08-06 09:21:26,535]: length=137 accuarcy=0.8263 f1=0.8256 precision=0.8259 recall=0.8261 roc=0.8216 
[2019-08-06 09:21:48,609]: length=138 accuarcy=0.8354 f1=0.8362 precision=0.8372 recall=0.8370 roc=0.8314 
[2019-08-06 09:22:12,212]: length=139 accuarcy=0.8444 f1=0.8474 precision=0.8478 recall=0.8478 roc=0.8436 
[2019-08-06 09:22:34,124]: length=140 accuarcy=0.8576 f1=0.8580 precision=0.8592 recall=0.8587 roc=0.8534 
[2019-08-06 09:22:57,565]: length=141 accuarcy=0.8465 f1=0.8474 precision=0.8478 recall=0.8478 roc=0.8436 
[2019-08-06 09:23:19,630]: length=142 accuarcy=0.8667 f1=0.8687 precision=0.8712 recall=0.8696 roc=0.8632 
[2019-08-06 09:23:42,031]: length=143 accuarcy=0.8465 f1=0.8468 precision=0.8491 recall=0.8478 roc=0.8412 
[2019-08-06 09:24:04,108]: length=144 accuarcy=0.8465 f1=0.8474 precision=0.8478 recall=0.8478 roc=0.8436 
[2019-08-06 09:24:26,235]: length=145 accuarcy=0.8556 f1=0.8580 precision=0.8592 recall=0.8587 roc=0.8534 
[2019-08-06 09:24:48,207]: length=146 accuarcy=0.8465 f1=0.8468 precision=0.8491 recall=0.8478 roc=0.8412 
[2019-08-06 09:25:10,112]: length=147 accuarcy=0.8576 f1=0.8580 precision=0.8592 recall=0.8587 roc=0.8534 
[2019-08-06 09:25:32,022]: length=148 accuarcy=0.8354 f1=0.8362 precision=0.8372 recall=0.8370 roc=0.8314 
[2019-08-06 09:25:54,344]: length=149 accuarcy=0.8667 f1=0.8687 precision=0.8712 recall=0.8696 roc=0.8632 
[2019-08-06 09:26:16,255]: length=150 accuarcy=0.8242 f1=0.8256 precision=0.8259 recall=0.8261 roc=0.8216 
[2019-08-06 09:26:38,759]: length=151 accuarcy=0.8444 f1=0.8468 precision=0.8491 recall=0.8478 roc=0.8412 
[2019-08-06 09:27:00,867]: length=152 accuarcy=0.8556 f1=0.8574 precision=0.8614 recall=0.8587 roc=0.8510 
[2019-08-06 09:27:23,180]: length=153 accuarcy=0.8576 f1=0.8574 precision=0.8614 recall=0.8587 roc=0.8510 
[2019-08-06 09:27:45,922]: length=154 accuarcy=0.8242 f1=0.8249 precision=0.8269 recall=0.8261 roc=0.8192 
[2019-08-06 09:28:08,187]: length=155 accuarcy=0.8354 f1=0.8362 precision=0.8372 recall=0.8370 roc=0.8314 
[2019-08-06 09:28:29,840]: length=156 accuarcy=0.8556 f1=0.8574 precision=0.8614 recall=0.8587 roc=0.8510 
[2019-08-06 09:28:52,270]: length=157 accuarcy=0.8374 f1=0.8367 precision=0.8367 recall=0.8370 roc=0.8338 
[2019-08-06 09:29:14,519]: length=158 accuarcy=0.8152 f1=0.8150 precision=0.8149 recall=0.8152 roc=0.8118 
[2019-08-06 09:29:37,539]: length=159 accuarcy=0.8485 f1=0.8474 precision=0.8478 recall=0.8478 roc=0.8436 
[2019-08-06 09:30:00,385]: length=160 accuarcy=0.8576 f1=0.8580 precision=0.8592 recall=0.8587 roc=0.8534 
[2019-08-06 09:30:20,065]: length=161 accuarcy=0.8242 f1=0.8256 precision=0.8259 recall=0.8261 roc=0.8216 
[2019-08-06 09:30:42,623]: length=162 accuarcy=0.8556 f1=0.8574 precision=0.8614 recall=0.8587 roc=0.8510 
[2019-08-06 09:31:04,950]: length=163 accuarcy=0.8556 f1=0.8580 precision=0.8592 recall=0.8587 roc=0.8534 
[2019-08-06 09:31:22,794]: length=164 accuarcy=0.8667 f1=0.8687 precision=0.8712 recall=0.8696 roc=0.8632 
[2019-08-06 09:31:45,631]: length=165 accuarcy=0.8667 f1=0.8687 precision=0.8712 recall=0.8696 roc=0.8632 
[2019-08-06 09:32:10,004]: length=166 accuarcy=0.8556 f1=0.8574 precision=0.8614 recall=0.8587 roc=0.8510 
[2019-08-06 09:32:32,590]: length=167 accuarcy=0.8667 f1=0.8687 precision=0.8712 recall=0.8696 roc=0.8632 
[2019-08-06 09:32:54,901]: length=168 accuarcy=0.8778 f1=0.8793 precision=0.8837 recall=0.8804 roc=0.8730 
[2019-08-06 09:33:17,499]: length=169 accuarcy=0.8444 f1=0.8460 precision=0.8518 recall=0.8478 roc=0.8388 
[2019-08-06 09:33:39,797]: length=170 accuarcy=0.8576 f1=0.8580 precision=0.8592 recall=0.8587 roc=0.8534 
[2019-08-06 09:34:02,505]: length=171 accuarcy=0.8465 f1=0.8468 precision=0.8491 recall=0.8478 roc=0.8412 
[2019-08-06 09:34:24,578]: length=172 accuarcy=0.8687 f1=0.8687 precision=0.8712 recall=0.8696 roc=0.8632 
[2019-08-06 09:34:42,675]: length=173 accuarcy=0.8465 f1=0.8468 precision=0.8491 recall=0.8478 roc=0.8412 
[2019-08-06 09:34:54,631]: length=174 accuarcy=0.8556 f1=0.8574 precision=0.8614 recall=0.8587 roc=0.8510 
[2019-08-06 09:35:06,403]: length=175 accuarcy=0.8444 f1=0.8468 precision=0.8491 recall=0.8478 roc=0.8412 
[2019-08-06 09:35:18,384]: length=176 accuarcy=0.8576 f1=0.8580 precision=0.8592 recall=0.8587 roc=0.8534 
[2019-08-06 09:35:30,412]: length=177 accuarcy=0.8242 f1=0.8256 precision=0.8259 recall=0.8261 roc=0.8216 
[2019-08-06 09:35:42,089]: length=178 accuarcy=0.8465 f1=0.8468 precision=0.8491 recall=0.8478 roc=0.8412 
[2019-08-06 09:35:42,090]: ----------
[2019-08-06 09:35:42,091]: the max acc = 0.8929
[2019-08-06 09:35:42,091]: ['Janin_P' 'Janin_D' 'Hopp_Woods_R' 'Rose_I' 'hydrophily' 'Engelman_GES_D'
 'Cornette_C'],length = 7
[2019-08-06 09:35:42,091]: -----------
[2019-08-06 09:35:48,054]: ***confusion matrix***
[2019-08-06 09:35:48,054]:                pos_class      neg_class      
[2019-08-06 09:35:48,054]: pos_class      TP:34             FN:7              
[2019-08-06 09:35:48,054]: neg_class      FP:3              TN:48             
[2019-08-06 09:35:48,055]: accuarcy = 0.8913043478260869 
[2019-08-06 09:35:48,056]: precision =0.893312680269202 
[2019-08-06 09:35:48,057]: recall =0.8913043478260869
[2019-08-06 09:35:48,058]: f1 =0.8905681411833994 
[2019-08-06 09:35:48,059]: roc area = 0.885222381635581
[2019-08-06 09:35:48,073]: -----------
[2019-08-06 09:35:48,073]: The output by the terminal's log has been saved in the J:\多设备共享\work\MRMD2.0-github\Logs\201908060829.log.
[2019-08-06 09:35:48,073]: metrics have been saved in the J:\多设备共享\work\MRMD2.0-github\Results\mixfeature_frequency_DBD.csv.metrics.csv.
[2019-08-06 09:35:48,073]: reduced dimensional dataset has been saved in the J:\多设备共享\work\MRMD2.0-github\Results\mixfeature_frequency_DBD.csv.reduced_dimensional.csv.
[2019-08-06 09:35:48,074]: ---mrmd 2.0 end---
