[2019-08-24 13:01:31,955]: ---mrmd 2.0 start----
[2019-08-24 13:01:31,967]: ANOVA start...
[2019-08-24 13:01:31,979]: ANOVA end.
[2019-08-24 13:01:31,980]: mic start...
[2019-08-24 13:01:42,072]: mic end.
[2019-08-24 13:01:42,072]: mrmd start...
[2019-08-24 13:01:42,329]: mrmd end.
[2019-08-24 13:01:42,329]: mRMR start...
[2019-08-24 13:01:52,905]: mRMR end.
[2019-08-24 13:01:52,905]: lasso start...
[2019-08-24 13:01:52,943]: lasso end.
[2019-08-24 13:01:52,944]: chi2 start...
[2019-08-24 13:01:52,969]: chi2 end.
[2019-08-24 13:01:52,969]: ref start...
[2019-08-24 13:01:54,253]: ref end.
[2019-08-24 13:01:54,271]: rank start ...
[2019-08-24 13:01:54,284]: The final  rank is
[2019-08-24 13:01:54,284]: Hopp_Woods_R : 0.0071
[2019-08-24 13:01:54,284]: basic_polar : 0.0070
[2019-08-24 13:01:54,284]: Rose_I : 0.0067
[2019-08-24 13:01:54,284]: Janin_W : 0.0067
[2019-08-24 13:01:54,284]: Janin_P : 0.0067
[2019-08-24 13:01:54,284]: Kyte_Doolittle_I : 0.0066
[2019-08-24 13:01:54,284]: Cornette_C : 0.0066
[2019-08-24 13:01:54,285]: Cornette_T : 0.0066
[2019-08-24 13:01:54,285]: hydrophily : 0.0066
[2019-08-24 13:01:54,285]: Kyte_Doolittle_A : 0.0065
[2019-08-24 13:01:54,285]: Cornette_V : 0.0065
[2019-08-24 13:01:54,285]: Engelman_GES_W : 0.0065
[2019-08-24 13:01:54,285]: Janin_D : 0.0065
[2019-08-24 13:01:54,285]: Engelman_GES_D : 0.0065
[2019-08-24 13:01:54,285]: Eisenberg_R : 0.0064
[2019-08-24 13:01:54,285]: Engelman_GES_S : 0.0064
[2019-08-24 13:01:54,285]: Engelman_GES_E : 0.0064
[2019-08-24 13:01:54,286]: Engelman_GES_N : 0.0064
[2019-08-24 13:01:54,286]: Rose_S : 0.0064
[2019-08-24 13:01:54,286]: Hopp_Woods_A : 0.0063
[2019-08-24 13:01:54,286]: Hopp_Woods_I : 0.0063
[2019-08-24 13:01:54,286]: Hopp_Woods_D : 0.0063
[2019-08-24 13:01:54,286]: Janin_Q : 0.0062
[2019-08-24 13:01:54,286]: Engelman_GES_R : 0.0062
[2019-08-24 13:01:54,286]: Cornette_F : 0.0062
[2019-08-24 13:01:54,286]: Cornette_K : 0.0062
[2019-08-24 13:01:54,287]: Eisenberg_N : 0.0062
[2019-08-24 13:01:54,287]: Rose_H : 0.0062
[2019-08-24 13:01:54,287]: Cornette_P : 0.0062
[2019-08-24 13:01:54,287]: Cornette_D : 0.0061
[2019-08-24 13:01:54,287]: Engelman_GES_L : 0.0061
[2019-08-24 13:01:54,287]: C : 0.0061
[2019-08-24 13:01:54,287]: Rose_L : 0.0061
[2019-08-24 13:01:54,287]: Cornette_E : 0.0061
[2019-08-24 13:01:54,287]: Kyte_Doolittle_P : 0.0061
[2019-08-24 13:01:54,287]: aromatic : 0.0060
[2019-08-24 13:01:54,288]: Engelman_GES_F : 0.0060
[2019-08-24 13:01:54,288]: Janin_H : 0.0060
[2019-08-24 13:01:54,288]: Rose_Q : 0.0060
[2019-08-24 13:01:54,288]: Kyte_Doolittle_W : 0.0060
[2019-08-24 13:01:54,288]: Kyte_Doolittle_K : 0.0059
[2019-08-24 13:01:54,288]: Janin_V : 0.0059
[2019-08-24 13:01:54,288]: Kyte_Doolittle_C : 0.0059
[2019-08-24 13:01:54,288]: Kyte_Doolittle_H : 0.0059
[2019-08-24 13:01:54,288]: K : 0.0059
[2019-08-24 13:01:54,288]: Cornette_H : 0.0059
[2019-08-24 13:01:54,288]: F : 0.0059
[2019-08-24 13:01:54,288]: Eisenberg_Y : 0.0059
[2019-08-24 13:01:54,289]: Janin_Y : 0.0058
[2019-08-24 13:01:54,289]: Kyte_Doolittle_L : 0.0058
[2019-08-24 13:01:54,289]: Hopp_Woods_F : 0.0058
[2019-08-24 13:01:54,289]: alphatic : 0.0058
[2019-08-24 13:01:54,289]: Rose_R : 0.0058
[2019-08-24 13:01:54,289]: Rose_T : 0.0058
[2019-08-24 13:01:54,289]: P : 0.0058
[2019-08-24 13:01:54,289]: nonpolar : 0.0058
[2019-08-24 13:01:54,289]: Rose_W : 0.0058
[2019-08-24 13:01:54,289]: Eisenberg_K : 0.0058
[2019-08-24 13:01:54,290]: Eisenberg_D : 0.0058
[2019-08-24 13:01:54,290]: I : 0.0058
[2019-08-24 13:01:54,290]: Kyte_Doolittle_N : 0.0058
[2019-08-24 13:01:54,290]: Cornette_S : 0.0058
[2019-08-24 13:01:54,290]: Rose_P : 0.0058
[2019-08-24 13:01:54,290]: Engelman_GES_P : 0.0057
[2019-08-24 13:01:54,290]: Rose_V : 0.0057
[2019-08-24 13:01:54,290]: Hopp_Woods_N : 0.0057
[2019-08-24 13:01:54,290]: Janin_A : 0.0057
[2019-08-24 13:01:54,290]: S : 0.0057
[2019-08-24 13:01:54,291]: Eisenberg_V : 0.0057
[2019-08-24 13:01:54,291]: Q : 0.0057
[2019-08-24 13:01:54,291]: Engelman_GES_K : 0.0057
[2019-08-24 13:01:54,291]: Eisenberg_W : 0.0057
[2019-08-24 13:01:54,291]: moderate : 0.0057
[2019-08-24 13:01:54,291]: Rose_M : 0.0057
[2019-08-24 13:01:54,291]: Cornette_W : 0.0057
[2019-08-24 13:01:54,291]: Hopp_Woods_H : 0.0057
[2019-08-24 13:01:54,291]: Engelman_GES_Y : 0.0057
[2019-08-24 13:01:54,291]: Janin_L : 0.0056
[2019-08-24 13:01:54,291]: Eisenberg_M : 0.0056
[2019-08-24 13:01:54,292]: aliphatic : 0.0056
[2019-08-24 13:01:54,292]: Kyte_Doolittle_D : 0.0056
[2019-08-24 13:01:54,292]: Engelman_GES_Q : 0.0056
[2019-08-24 13:01:54,292]: Engelman_GES_T : 0.0056
[2019-08-24 13:01:54,292]: V : 0.0056
[2019-08-24 13:01:54,292]: Eisenberg_Q : 0.0056
[2019-08-24 13:01:54,292]: Eisenberg_S : 0.0056
[2019-08-24 13:01:54,292]: Janin_T : 0.0056
[2019-08-24 13:01:54,292]: Eisenberg_T : 0.0056
[2019-08-24 13:01:54,292]: T : 0.0056
[2019-08-24 13:01:54,292]: negativecharge : 0.0056
[2019-08-24 13:01:54,293]: Hopp_Woods_Q : 0.0056
[2019-08-24 13:01:54,293]: Janin_I : 0.0056
[2019-08-24 13:01:54,293]: Kyte_Doolittle_Y : 0.0056
[2019-08-24 13:01:54,293]: Kyte_Doolittle_F : 0.0056
[2019-08-24 13:01:54,293]: Cornette_A : 0.0056
[2019-08-24 13:01:54,293]: uncharge : 0.0056
[2019-08-24 13:01:54,293]: Y : 0.0056
[2019-08-24 13:01:54,293]: polar : 0.0056
[2019-08-24 13:01:54,293]: Kyte_Doolittle_S : 0.0056
[2019-08-24 13:01:54,293]: Hopp_Woods_M : 0.0056
[2019-08-24 13:01:54,293]: Kyte_Doolittle_R : 0.0056
[2019-08-24 13:01:54,294]: Cornette_Q : 0.0056
[2019-08-24 13:01:54,294]: Hopp_Woods_S : 0.0055
[2019-08-24 13:01:54,294]: Rose_D : 0.0055
[2019-08-24 13:01:54,294]: Kyte_Doolittle_E : 0.0055
[2019-08-24 13:01:54,294]: Kyte_Doolittle_M : 0.0055
[2019-08-24 13:01:54,294]: Kyte_Doolittle_G : 0.0055
[2019-08-24 13:01:54,294]: Kyte_Doolittle_Q : 0.0055
[2019-08-24 13:01:54,294]: Cornette_Y : 0.0055
[2019-08-24 13:01:54,294]: Eisenberg_P : 0.0055
[2019-08-24 13:01:54,294]: positve : 0.0055
[2019-08-24 13:01:54,294]: Rose_A : 0.0055
[2019-08-24 13:01:54,295]: Engelman_GES_H : 0.0055
[2019-08-24 13:01:54,295]: Cornette_M : 0.0055
[2019-08-24 13:01:54,295]: Eisenberg_A : 0.0055
[2019-08-24 13:01:54,295]: postivecharge : 0.0055
[2019-08-24 13:01:54,295]: Hopp_Woods_L : 0.0055
[2019-08-24 13:01:54,295]: Eisenberg_H : 0.0055
[2019-08-24 13:01:54,295]: Engelman_GES_V : 0.0055
[2019-08-24 13:01:54,295]: Cornette_L : 0.0055
[2019-08-24 13:01:54,295]: Hopp_Woods_V : 0.0055
[2019-08-24 13:01:54,295]: Janin_K : 0.0055
[2019-08-24 13:01:54,296]: D : 0.0055
[2019-08-24 13:01:54,296]: Eisenberg_L : 0.0055
[2019-08-24 13:01:54,296]: R : 0.0055
[2019-08-24 13:01:54,296]: Hopp_Woods_Y : 0.0055
[2019-08-24 13:01:54,296]: G : 0.0055
[2019-08-24 13:01:54,296]: Engelman_GES_G : 0.0055
[2019-08-24 13:01:54,296]: E : 0.0054
[2019-08-24 13:01:54,296]: Rose_F : 0.0054
[2019-08-24 13:01:54,296]: N : 0.0054
[2019-08-24 13:01:54,296]: Hopp_Woods_C : 0.0054
[2019-08-24 13:01:54,296]: Janin_F : 0.0054
[2019-08-24 13:01:54,296]: hydrophobicity : 0.0054
[2019-08-24 13:01:54,297]: Hopp_Woods_K : 0.0054
[2019-08-24 13:01:54,297]: M : 0.0054
[2019-08-24 13:01:54,297]: Eisenberg_I : 0.0054
[2019-08-24 13:01:54,297]: Janin_E : 0.0054
[2019-08-24 13:01:54,297]: Hopp_Woods_E : 0.0054
[2019-08-24 13:01:54,297]: Engelman_GES_A : 0.0054
[2019-08-24 13:01:54,297]: H : 0.0054
[2019-08-24 13:01:54,297]: Janin_N : 0.0054
[2019-08-24 13:01:54,297]: Janin_M : 0.0054
[2019-08-24 13:01:54,297]: Engelman_GES_M : 0.0053
[2019-08-24 13:01:54,297]: Rose_C : 0.0053
[2019-08-24 13:01:54,298]: Engelman_GES_C : 0.0053
[2019-08-24 13:01:54,298]: neutral : 0.0053
[2019-08-24 13:01:54,298]: Eisenberg_C : 0.0053
[2019-08-24 13:01:54,298]: Rose_N : 0.0053
[2019-08-24 13:01:54,298]: Eisenberg_G : 0.0053
[2019-08-24 13:01:54,298]: W : 0.0053
[2019-08-24 13:01:54,298]: Rose_K : 0.0052
[2019-08-24 13:01:54,298]: Kyte_Doolittle_T : 0.0051
[2019-08-24 13:01:54,298]: Janin_R : 0.0051
[2019-08-24 13:01:54,299]: aromatic.1 : 0.0051
[2019-08-24 13:01:54,299]: negative : 0.0051
[2019-08-24 13:01:54,299]: Hopp_Woods_T : 0.0050
[2019-08-24 13:01:54,299]: Janin_G : 0.0050
[2019-08-24 13:01:54,299]: Janin_S : 0.0050
[2019-08-24 13:01:54,299]: A : 0.0050
[2019-08-24 13:01:54,299]: Engelman_GES_I : 0.0050
[2019-08-24 13:01:54,299]: Rose_E : 0.0050
[2019-08-24 13:01:54,299]: Hopp_Woods_W : 0.0049
[2019-08-24 13:01:54,299]: Cornette_R : 0.0049
[2019-08-24 13:01:54,299]: Cornette_I : 0.0049
[2019-08-24 13:01:54,299]: Eisenberg_E : 0.0049
[2019-08-24 13:01:54,300]: Eisenberg_F : 0.0049
[2019-08-24 13:01:54,300]: Kyte_Doolittle_V : 0.0048
[2019-08-24 13:01:54,300]: Rose_Y : 0.0047
[2019-08-24 13:01:54,300]: L : 0.0047
[2019-08-24 13:01:54,300]: heterocyclics : 0.0047
[2019-08-24 13:01:54,300]: Janin_C : 0.0047
[2019-08-24 13:01:54,300]: acidic_polar : 0.0043
[2019-08-24 13:01:54,300]: Cornette_N : 0.0043
[2019-08-24 13:01:54,300]: Rose_G : 0.0043
[2019-08-24 13:01:54,300]: Hopp_Woods_P : 0.0031
[2019-08-24 13:01:54,300]: Hopp_Woods_G : 0.0031
[2019-08-24 13:01:54,301]: Cornette_G : 0.0030
[2019-08-24 13:01:54,301]: feature_rank end
[2019-08-24 13:01:54,322]: Start dimension reduction ...
[2019-08-24 13:02:02,150]: length=1 f1=0.6957 accuarcy=0.6957 precision=0.6957 recall=0.6957 auc=0.6920 
[2019-08-24 13:02:10,102]: length=31 f1=0.8474 accuarcy=0.8478 precision=0.8478 recall=0.8478 auc=0.8436 
[2019-08-24 13:02:18,145]: length=61 f1=0.8580 accuarcy=0.8587 precision=0.8592 recall=0.8587 auc=0.8534 
[2019-08-24 13:02:26,004]: length=91 f1=0.8256 accuarcy=0.8261 precision=0.8259 recall=0.8261 auc=0.8216 
[2019-08-24 13:02:33,697]: length=121 f1=0.8580 accuarcy=0.8587 precision=0.8592 recall=0.8587 auc=0.8534 
[2019-08-24 13:02:41,622]: length=151 f1=0.8468 accuarcy=0.8478 precision=0.8491 recall=0.8478 auc=0.8412 
[2019-08-24 13:02:49,573]: length=178 f1=0.8468 accuarcy=0.8478 precision=0.8491 recall=0.8478 auc=0.8412 
[2019-08-24 13:02:49,578]: ----------
[2019-08-24 13:02:49,578]: the max 0.8478260869565217 = 0.8587
[2019-08-24 13:02:49,578]: ['Hopp_Woods_R' 'basic_polar' 'Rose_I' 'Janin_W' 'Janin_P'
 'Kyte_Doolittle_I' 'Cornette_C' 'Cornette_T' 'hydrophily'
 'Kyte_Doolittle_A' 'Cornette_V' 'Engelman_GES_W' 'Janin_D'
 'Engelman_GES_D' 'Eisenberg_R' 'Engelman_GES_S' 'Engelman_GES_E'
 'Engelman_GES_N' 'Rose_S' 'Hopp_Woods_A' 'Hopp_Woods_I' 'Hopp_Woods_D'
 'Janin_Q' 'Engelman_GES_R' 'Cornette_F' 'Cornette_K' 'Eisenberg_N'
 'Rose_H' 'Cornette_P' 'Cornette_D' 'Engelman_GES_L' 'C' 'Rose_L'
 'Cornette_E' 'Kyte_Doolittle_P' 'aromatic' 'Engelman_GES_F' 'Janin_H'
 'Rose_Q' 'Kyte_Doolittle_W' 'Kyte_Doolittle_K' 'Janin_V'
 'Kyte_Doolittle_C' 'Kyte_Doolittle_H' 'K' 'Cornette_H' 'F' 'Eisenberg_Y'
 'Janin_Y' 'Kyte_Doolittle_L' 'Hopp_Woods_F' 'alphatic' 'Rose_R' 'Rose_T'
 'P' 'nonpolar' 'Rose_W' 'Eisenberg_K' 'Eisenberg_D' 'I'
 'Kyte_Doolittle_N'],length = 61
[2019-08-24 13:02:49,578]: -----------
[2019-08-24 13:02:57,381]: ***confusion matrix***
[2019-08-24 13:02:57,382]:                pos_class      neg_class      
[2019-08-24 13:02:57,382]: pos_class      TP:33             FN:8              
[2019-08-24 13:02:57,382]: neg_class      FP:5              TN:46             
[2019-08-24 13:02:57,383]: f1 =0.8580 
[2019-08-24 13:02:57,383]: accuarcy = 0.8587 
[2019-08-24 13:02:57,384]: precision =0.8592 
[2019-08-24 13:02:57,385]: recall =0.8587
[2019-08-24 13:02:57,385]: auc = 0.8534
[2019-08-24 13:02:57,408]: -----------
[2019-08-24 13:02:57,408]: The output by the terminal's log has been saved in the J:\多设备共享\work\MRMD2.0-github\Logs\201908241301.log.
[2019-08-24 13:02:57,408]: metrics have been saved in the J:\多设备共享\work\MRMD2.0-github\Results\meteixa.csv.
[2019-08-24 13:02:57,409]: reduced dimensional dataset has been saved in the J:\多设备共享\work\MRMD2.0-github\Results\rd.csv.
[2019-08-24 13:02:57,409]: ---mrmd 2.0 end---
