[2019-08-25 17:09:16,135]: ---mrmd 2.0 start----
[2019-08-25 17:09:16,215]: ANOVA start...
[2019-08-25 17:09:16,234]: ANOVA end.
[2019-08-25 17:09:16,234]: mic start...
[2019-08-25 17:09:26,334]: mic end.
[2019-08-25 17:09:26,334]: mrmd start...
[2019-08-25 17:09:26,542]: mrmd end.
[2019-08-25 17:09:26,542]: mRMR start...
[2019-08-25 17:09:29,272]: mRMR end.
[2019-08-25 17:09:29,272]: lasso start...
[2019-08-25 17:09:29,309]: lasso end.
[2019-08-25 17:09:29,310]: chi2 start...
[2019-08-25 17:09:29,338]: chi2 end.
[2019-08-25 17:09:29,338]: ref start...
[2019-08-25 17:09:30,214]: ref end.
[2019-08-25 17:09:30,218]: rank start ...
[2019-08-25 17:09:30,229]: The final  rank is
[2019-08-25 17:09:30,229]: negativecharger.aromatic.gap2 : 0.0078
[2019-08-25 17:09:30,229]: aromatic.postivecharger.gap5 : 0.0078
[2019-08-25 17:09:30,230]: postivecharger.negativecharger.gap5 : 0.0078
[2019-08-25 17:09:30,230]: aromatic.uncharger.gap5 : 0.0078
[2019-08-25 17:09:30,230]: uncharger.aromatic.gap1 : 0.0078
[2019-08-25 17:09:30,230]: aromatic.uncharger.gap1 : 0.0078
[2019-08-25 17:09:30,230]: negativecharger.alphaticr.gap4 : 0.0078
[2019-08-25 17:09:30,230]: alphaticr.alphaticr.gap5 : 0.0077
[2019-08-25 17:09:30,230]: uncharger.uncharger.gap2 : 0.0076
[2019-08-25 17:09:30,230]: alphaticr.postivecharger.gap3 : 0.0076
[2019-08-25 17:09:30,230]: uncharger.postivecharger.gap1 : 0.0076
[2019-08-25 17:09:30,230]: uncharger.alphaticr.gap0 : 0.0076
[2019-08-25 17:09:30,230]: negativecharger.alphaticr.gap3 : 0.0076
[2019-08-25 17:09:30,230]: alphaticr.alphaticr.gap0 : 0.0075
[2019-08-25 17:09:30,231]: postivecharger.uncharger.gap3 : 0.0075
[2019-08-25 17:09:30,231]: alphaticr.aromatic.gap2 : 0.0075
[2019-08-25 17:09:30,231]: postivecharger.aromatic.gap3 : 0.0075
[2019-08-25 17:09:30,231]: uncharger.alphaticr.gap5 : 0.0075
[2019-08-25 17:09:30,231]: uncharger.aromatic.gap0 : 0.0074
[2019-08-25 17:09:30,231]: postivecharger.postivecharger.gap1 : 0.0074
[2019-08-25 17:09:30,231]: alphaticr.negativecharger.gap3 : 0.0074
[2019-08-25 17:09:30,231]: uncharger.uncharger.gap3 : 0.0074
[2019-08-25 17:09:30,231]: aromatic.negativecharger.gap5 : 0.0074
[2019-08-25 17:09:30,232]: aromatic.uncharger.gap4 : 0.0073
[2019-08-25 17:09:30,232]: uncharger.negativecharger.gap1 : 0.0073
[2019-08-25 17:09:30,232]: alphaticr.alphaticr.gap4 : 0.0073
[2019-08-25 17:09:30,232]: aromatic.alphaticr.gap4 : 0.0073
[2019-08-25 17:09:30,232]: aromatic.negativecharger.gap0 : 0.0073
[2019-08-25 17:09:30,232]: postivecharger.alphaticr.gap1 : 0.0073
[2019-08-25 17:09:30,232]: postivecharger.uncharger.gap0 : 0.0073
[2019-08-25 17:09:30,232]: alphaticr.alphaticr.gap1 : 0.0073
[2019-08-25 17:09:30,232]: uncharger.postivecharger.gap0 : 0.0073
[2019-08-25 17:09:30,232]: postivecharger.uncharger.gap2 : 0.0073
[2019-08-25 17:09:30,232]: alphaticr.aromatic.gap0 : 0.0073
[2019-08-25 17:09:30,232]: uncharger.alphaticr.gap1 : 0.0072
[2019-08-25 17:09:30,233]: postivecharger.alphaticr.gap0 : 0.0072
[2019-08-25 17:09:30,233]: postivecharger.uncharger.gap4 : 0.0072
[2019-08-25 17:09:30,233]: uncharger.postivecharger.gap2 : 0.0072
[2019-08-25 17:09:30,233]: uncharger.aromatic.gap5 : 0.0072
[2019-08-25 17:09:30,233]: uncharger.aromatic.gap3 : 0.0072
[2019-08-25 17:09:30,233]: uncharger.postivecharger.gap4 : 0.0072
[2019-08-25 17:09:30,233]: negativecharger.alphaticr.gap0 : 0.0071
[2019-08-25 17:09:30,233]: aromatic.uncharger.gap0 : 0.0071
[2019-08-25 17:09:30,233]: postivecharger.postivecharger.gap4 : 0.0071
[2019-08-25 17:09:30,233]: negativecharger.uncharger.gap2 : 0.0071
[2019-08-25 17:09:30,233]: uncharger.alphaticr.gap2 : 0.0071
[2019-08-25 17:09:30,233]: alphaticr.negativecharger.gap5 : 0.0070
[2019-08-25 17:09:30,234]: aromatic.postivecharger.gap4 : 0.0070
[2019-08-25 17:09:30,234]: negativecharger.aromatic.gap3 : 0.0070
[2019-08-25 17:09:30,234]: uncharger.postivecharger.gap5 : 0.0069
[2019-08-25 17:09:30,234]: aromatic.negativecharger.gap1 : 0.0069
[2019-08-25 17:09:30,234]: postivecharger.uncharger.gap5 : 0.0068
[2019-08-25 17:09:30,234]: negativecharger.postivecharger.gap1 : 0.0068
[2019-08-25 17:09:30,234]: aromatic.uncharger.gap2 : 0.0068
[2019-08-25 17:09:30,234]: alphaticr.negativecharger.gap0 : 0.0068
[2019-08-25 17:09:30,234]: postivecharger.alphaticr.gap5 : 0.0068
[2019-08-25 17:09:30,234]: negativecharger.alphaticr.gap1 : 0.0068
[2019-08-25 17:09:30,235]: negativecharger.uncharger.gap1 : 0.0068
[2019-08-25 17:09:30,235]: alphaticr.aromatic.gap1 : 0.0068
[2019-08-25 17:09:30,235]: aromatic.aromatic.gap4 : 0.0068
[2019-08-25 17:09:30,235]: aromatic.aromatic.gap0 : 0.0068
[2019-08-25 17:09:30,235]: negativecharger.alphaticr.gap5 : 0.0067
[2019-08-25 17:09:30,235]: negativecharger.postivecharger.gap2 : 0.0067
[2019-08-25 17:09:30,235]: uncharger.aromatic.gap4 : 0.0066
[2019-08-25 17:09:30,235]: aromatic.aromatic.gap1 : 0.0066
[2019-08-25 17:09:30,235]: aromatic.alphaticr.gap1 : 0.0066
[2019-08-25 17:09:30,235]: alphaticr.alphaticr.gap2 : 0.0066
[2019-08-25 17:09:30,236]: alphaticr.uncharger.gap4 : 0.0066
[2019-08-25 17:09:30,236]: negativecharger.uncharger.gap5 : 0.0066
[2019-08-25 17:09:30,236]: postivecharger.aromatic.gap4 : 0.0066
[2019-08-25 17:09:30,236]: postivecharger.negativecharger.gap0 : 0.0066
[2019-08-25 17:09:30,236]: uncharger.negativecharger.gap5 : 0.0066
[2019-08-25 17:09:30,236]: negativecharger.aromatic.gap5 : 0.0066
[2019-08-25 17:09:30,236]: postivecharger.aromatic.gap2 : 0.0065
[2019-08-25 17:09:30,236]: alphaticr.postivecharger.gap2 : 0.0065
[2019-08-25 17:09:30,236]: aromatic.aromatic.gap5 : 0.0065
[2019-08-25 17:09:30,236]: aromatic.negativecharger.gap3 : 0.0065
[2019-08-25 17:09:30,236]: aromatic.postivecharger.gap0 : 0.0065
[2019-08-25 17:09:30,236]: alphaticr.negativecharger.gap1 : 0.0065
[2019-08-25 17:09:30,237]: alphaticr.uncharger.gap5 : 0.0065
[2019-08-25 17:09:30,237]: negativecharger.negativecharger.gap2 : 0.0065
[2019-08-25 17:09:30,237]: postivecharger.postivecharger.gap0 : 0.0065
[2019-08-25 17:09:30,237]: uncharger.alphaticr.gap3 : 0.0065
[2019-08-25 17:09:30,237]: alphaticr.aromatic.gap5 : 0.0065
[2019-08-25 17:09:30,237]: alphaticr.uncharger.gap3 : 0.0065
[2019-08-25 17:09:30,237]: uncharger.aromatic.gap2 : 0.0065
[2019-08-25 17:09:30,237]: negativecharger.postivecharger.gap0 : 0.0065
[2019-08-25 17:09:30,237]: negativecharger.aromatic.gap0 : 0.0065
[2019-08-25 17:09:30,238]: negativecharger.alphaticr.gap2 : 0.0065
[2019-08-25 17:09:30,238]: aromatic.postivecharger.gap3 : 0.0065
[2019-08-25 17:09:30,238]: postivecharger.negativecharger.gap4 : 0.0065
[2019-08-25 17:09:30,238]: aromatic.negativecharger.gap4 : 0.0064
[2019-08-25 17:09:30,238]: uncharger.alphaticr.gap4 : 0.0064
[2019-08-25 17:09:30,238]: uncharger.negativecharger.gap4 : 0.0064
[2019-08-25 17:09:30,238]: negativecharger.negativecharger.gap1 : 0.0064
[2019-08-25 17:09:30,238]: aromatic.aromatic.gap3 : 0.0064
[2019-08-25 17:09:30,238]: postivecharger.postivecharger.gap2 : 0.0064
[2019-08-25 17:09:30,238]: postivecharger.aromatic.gap1 : 0.0064
[2019-08-25 17:09:30,238]: negativecharger.uncharger.gap0 : 0.0064
[2019-08-25 17:09:30,239]: postivecharger.alphaticr.gap2 : 0.0064
[2019-08-25 17:09:30,239]: alphaticr.aromatic.gap3 : 0.0064
[2019-08-25 17:09:30,239]: postivecharger.alphaticr.gap3 : 0.0064
[2019-08-25 17:09:30,239]: alphaticr.uncharger.gap0 : 0.0064
[2019-08-25 17:09:30,239]: negativecharger.aromatic.gap1 : 0.0064
[2019-08-25 17:09:30,239]: alphaticr.postivecharger.gap1 : 0.0064
[2019-08-25 17:09:30,239]: alphaticr.postivecharger.gap4 : 0.0064
[2019-08-25 17:09:30,239]: uncharger.uncharger.gap4 : 0.0064
[2019-08-25 17:09:30,239]: postivecharger.uncharger.gap1 : 0.0064
[2019-08-25 17:09:30,239]: negativecharger.postivecharger.gap4 : 0.0064
[2019-08-25 17:09:30,240]: postivecharger.postivecharger.gap5 : 0.0064
[2019-08-25 17:09:30,240]: alphaticr.alphaticr.gap3 : 0.0064
[2019-08-25 17:09:30,240]: postivecharger.negativecharger.gap1 : 0.0064
[2019-08-25 17:09:30,240]: negativecharger.negativecharger.gap4 : 0.0063
[2019-08-25 17:09:30,240]: aromatic.uncharger.gap3 : 0.0063
[2019-08-25 17:09:30,240]: alphaticr.negativecharger.gap4 : 0.0063
[2019-08-25 17:09:30,240]: postivecharger.negativecharger.gap2 : 0.0063
[2019-08-25 17:09:30,240]: postivecharger.aromatic.gap0 : 0.0063
[2019-08-25 17:09:30,240]: uncharger.negativecharger.gap3 : 0.0063
[2019-08-25 17:09:30,240]: uncharger.negativecharger.gap2 : 0.0063
[2019-08-25 17:09:30,241]: negativecharger.negativecharger.gap0 : 0.0063
[2019-08-25 17:09:30,241]: uncharger.negativecharger.gap0 : 0.0063
[2019-08-25 17:09:30,241]: alphaticr.aromatic.gap4 : 0.0063
[2019-08-25 17:09:30,241]: aromatic.postivecharger.gap2 : 0.0063
[2019-08-25 17:09:30,241]: negativecharger.postivecharger.gap3 : 0.0063
[2019-08-25 17:09:30,242]: postivecharger.alphaticr.gap4 : 0.0063
[2019-08-25 17:09:30,242]: postivecharger.aromatic.gap5 : 0.0063
[2019-08-25 17:09:30,242]: aromatic.aromatic.gap2 : 0.0063
[2019-08-25 17:09:30,242]: aromatic.negativecharger.gap2 : 0.0062
[2019-08-25 17:09:30,242]: alphaticr.negativecharger.gap2 : 0.0062
[2019-08-25 17:09:30,242]: negativecharger.uncharger.gap4 : 0.0062
[2019-08-25 17:09:30,242]: alphaticr.uncharger.gap2 : 0.0062
[2019-08-25 17:09:30,242]: negativecharger.uncharger.gap3 : 0.0062
[2019-08-25 17:09:30,242]: uncharger.uncharger.gap0 : 0.0061
[2019-08-25 17:09:30,243]: negativecharger.aromatic.gap4 : 0.0060
[2019-08-25 17:09:30,243]: uncharger.postivecharger.gap3 : 0.0060
[2019-08-25 17:09:30,243]: uncharger.uncharger.gap1 : 0.0059
[2019-08-25 17:09:30,243]: alphaticr.postivecharger.gap5 : 0.0059
[2019-08-25 17:09:30,243]: aromatic.alphaticr.gap2 : 0.0058
[2019-08-25 17:09:30,243]: aromatic.alphaticr.gap5 : 0.0058
[2019-08-25 17:09:30,243]: alphaticr.uncharger.gap1 : 0.0058
[2019-08-25 17:09:30,243]: postivecharger.negativecharger.gap3 : 0.0056
[2019-08-25 17:09:30,243]: negativecharger.negativecharger.gap5 : 0.0056
[2019-08-25 17:09:30,243]: alphaticr.postivecharger.gap0 : 0.0056
[2019-08-25 17:09:30,243]: negativecharger.postivecharger.gap5 : 0.0054
[2019-08-25 17:09:30,243]: aromatic.postivecharger.gap1 : 0.0054
[2019-08-25 17:09:30,244]: postivecharger.postivecharger.gap3 : 0.0054
[2019-08-25 17:09:30,244]: negativecharger.negativecharger.gap3 : 0.0053
[2019-08-25 17:09:30,244]: uncharger.uncharger.gap5 : 0.0048
[2019-08-25 17:09:30,244]: aromatic.alphaticr.gap0 : 0.0048
[2019-08-25 17:09:30,244]: aromatic.alphaticr.gap3 : 0.0046
[2019-08-25 17:09:30,244]: feature_rank end
