[2019-08-15 16:33:12,091]: ---mrmd 2.0 start----
[2019-08-15 16:33:12,182]: ANOVA start...
[2019-08-15 16:33:12,199]: ANOVA end.
[2019-08-15 16:33:12,200]: mic start...
[2019-08-15 16:33:17,632]: mic end.
[2019-08-15 16:33:17,632]: mrmd start...
[2019-08-15 16:33:17,817]: mrmd end.
[2019-08-15 16:33:17,818]: mRMR start...
[2019-08-15 16:33:17,938]: mRMR end.
[2019-08-15 16:33:17,938]: lasso start...
[2019-08-15 16:33:17,963]: lasso end.
[2019-08-15 16:33:17,964]: lasso2 start...
[2019-08-15 16:33:18,594]: lasso2 end.
[2019-08-15 16:33:18,598]: rank start ...
[2019-08-15 16:33:18,608]: The final  rank is
[2019-08-15 16:33:18,608]: uncharger.uncharger.gap3 : 0.0091
[2019-08-15 16:33:18,608]: alphaticr.alphaticr.gap4 : 0.0086
[2019-08-15 16:33:18,608]: aromatic.uncharger.gap0 : 0.0082
[2019-08-15 16:33:18,608]: postivecharger.aromatic.gap3 : 0.0081
[2019-08-15 16:33:18,608]: uncharger.postivecharger.gap2 : 0.0080
[2019-08-15 16:33:18,609]: aromatic.uncharger.gap4 : 0.0080
[2019-08-15 16:33:18,609]: uncharger.aromatic.gap5 : 0.0080
[2019-08-15 16:33:18,609]: aromatic.negativecharger.gap0 : 0.0079
[2019-08-15 16:33:18,609]: negativecharger.alphaticr.gap4 : 0.0079
[2019-08-15 16:33:18,609]: postivecharger.negativecharger.gap5 : 0.0079
[2019-08-15 16:33:18,609]: alphaticr.alphaticr.gap0 : 0.0078
[2019-08-15 16:33:18,609]: alphaticr.postivecharger.gap3 : 0.0078
[2019-08-15 16:33:18,609]: postivecharger.uncharger.gap5 : 0.0077
[2019-08-15 16:33:18,609]: uncharger.alphaticr.gap3 : 0.0077
[2019-08-15 16:33:18,610]: alphaticr.aromatic.gap2 : 0.0077
[2019-08-15 16:33:18,610]: uncharger.uncharger.gap2 : 0.0076
[2019-08-15 16:33:18,610]: aromatic.postivecharger.gap5 : 0.0076
[2019-08-15 16:33:18,610]: alphaticr.negativecharger.gap4 : 0.0076
[2019-08-15 16:33:18,610]: postivecharger.postivecharger.gap4 : 0.0076
[2019-08-15 16:33:18,610]: uncharger.negativecharger.gap1 : 0.0076
[2019-08-15 16:33:18,610]: uncharger.aromatic.gap1 : 0.0076
[2019-08-15 16:33:18,610]: uncharger.negativecharger.gap5 : 0.0076
[2019-08-15 16:33:18,610]: aromatic.uncharger.gap5 : 0.0075
[2019-08-15 16:33:18,610]: alphaticr.alphaticr.gap5 : 0.0075
[2019-08-15 16:33:18,611]: uncharger.alphaticr.gap2 : 0.0075
[2019-08-15 16:33:18,611]: postivecharger.alphaticr.gap1 : 0.0075
[2019-08-15 16:33:18,611]: alphaticr.postivecharger.gap2 : 0.0075
[2019-08-15 16:33:18,611]: alphaticr.alphaticr.gap1 : 0.0074
[2019-08-15 16:33:18,611]: postivecharger.uncharger.gap0 : 0.0074
[2019-08-15 16:33:18,611]: alphaticr.negativecharger.gap3 : 0.0074
[2019-08-15 16:33:18,611]: postivecharger.uncharger.gap2 : 0.0074
[2019-08-15 16:33:18,611]: uncharger.postivecharger.gap5 : 0.0074
[2019-08-15 16:33:18,611]: aromatic.uncharger.gap2 : 0.0074
[2019-08-15 16:33:18,611]: aromatic.negativecharger.gap5 : 0.0074
[2019-08-15 16:33:18,611]: postivecharger.postivecharger.gap1 : 0.0074
[2019-08-15 16:33:18,612]: alphaticr.negativecharger.gap5 : 0.0074
[2019-08-15 16:33:18,612]: postivecharger.uncharger.gap3 : 0.0074
[2019-08-15 16:33:18,612]: negativecharger.uncharger.gap2 : 0.0073
[2019-08-15 16:33:18,612]: postivecharger.uncharger.gap4 : 0.0073
[2019-08-15 16:33:18,612]: postivecharger.alphaticr.gap3 : 0.0073
[2019-08-15 16:33:18,612]: postivecharger.alphaticr.gap0 : 0.0073
[2019-08-15 16:33:18,612]: uncharger.alphaticr.gap0 : 0.0073
[2019-08-15 16:33:18,612]: negativecharger.alphaticr.gap0 : 0.0073
[2019-08-15 16:33:18,612]: uncharger.alphaticr.gap5 : 0.0073
[2019-08-15 16:33:18,612]: aromatic.uncharger.gap1 : 0.0073
[2019-08-15 16:33:18,612]: uncharger.aromatic.gap0 : 0.0073
[2019-08-15 16:33:18,613]: uncharger.postivecharger.gap4 : 0.0073
[2019-08-15 16:33:18,613]: uncharger.postivecharger.gap0 : 0.0073
[2019-08-15 16:33:18,613]: uncharger.alphaticr.gap1 : 0.0072
[2019-08-15 16:33:18,613]: aromatic.alphaticr.gap4 : 0.0072
[2019-08-15 16:33:18,613]: alphaticr.postivecharger.gap4 : 0.0072
[2019-08-15 16:33:18,613]: uncharger.negativecharger.gap3 : 0.0071
[2019-08-15 16:33:18,613]: negativecharger.postivecharger.gap2 : 0.0071
[2019-08-15 16:33:18,613]: uncharger.postivecharger.gap1 : 0.0071
[2019-08-15 16:33:18,613]: negativecharger.alphaticr.gap3 : 0.0070
[2019-08-15 16:33:18,613]: negativecharger.alphaticr.gap5 : 0.0070
[2019-08-15 16:33:18,614]: alphaticr.aromatic.gap4 : 0.0070
[2019-08-15 16:33:18,614]: postivecharger.aromatic.gap5 : 0.0069
[2019-08-15 16:33:18,614]: postivecharger.negativecharger.gap0 : 0.0068
[2019-08-15 16:33:18,614]: negativecharger.aromatic.gap2 : 0.0068
[2019-08-15 16:33:18,614]: negativecharger.aromatic.gap3 : 0.0068
[2019-08-15 16:33:18,614]: aromatic.postivecharger.gap4 : 0.0068
[2019-08-15 16:33:18,614]: postivecharger.postivecharger.gap5 : 0.0068
[2019-08-15 16:33:18,614]: uncharger.aromatic.gap4 : 0.0067
[2019-08-15 16:33:18,614]: negativecharger.uncharger.gap5 : 0.0067
[2019-08-15 16:33:18,614]: aromatic.alphaticr.gap5 : 0.0066
[2019-08-15 16:33:18,615]: negativecharger.negativecharger.gap2 : 0.0066
[2019-08-15 16:33:18,615]: negativecharger.postivecharger.gap4 : 0.0066
[2019-08-15 16:33:18,615]: alphaticr.uncharger.gap4 : 0.0066
[2019-08-15 16:33:18,615]: uncharger.aromatic.gap3 : 0.0066
[2019-08-15 16:33:18,615]: aromatic.negativecharger.gap2 : 0.0065
[2019-08-15 16:33:18,615]: postivecharger.aromatic.gap1 : 0.0065
[2019-08-15 16:33:18,615]: aromatic.aromatic.gap0 : 0.0065
[2019-08-15 16:33:18,615]: aromatic.postivecharger.gap2 : 0.0065
[2019-08-15 16:33:18,615]: alphaticr.negativecharger.gap0 : 0.0065
[2019-08-15 16:33:18,615]: negativecharger.uncharger.gap3 : 0.0065
[2019-08-15 16:33:18,616]: alphaticr.postivecharger.gap5 : 0.0065
[2019-08-15 16:33:18,616]: alphaticr.negativecharger.gap1 : 0.0064
[2019-08-15 16:33:18,616]: aromatic.alphaticr.gap1 : 0.0064
[2019-08-15 16:33:18,616]: uncharger.postivecharger.gap3 : 0.0064
[2019-08-15 16:33:18,616]: aromatic.postivecharger.gap0 : 0.0064
[2019-08-15 16:33:18,616]: postivecharger.negativecharger.gap1 : 0.0064
[2019-08-15 16:33:18,616]: alphaticr.uncharger.gap0 : 0.0064
[2019-08-15 16:33:18,616]: alphaticr.uncharger.gap2 : 0.0063
[2019-08-15 16:33:18,616]: aromatic.postivecharger.gap3 : 0.0063
[2019-08-15 16:33:18,616]: negativecharger.negativecharger.gap4 : 0.0063
[2019-08-15 16:33:18,616]: uncharger.negativecharger.gap0 : 0.0063
[2019-08-15 16:33:18,617]: postivecharger.negativecharger.gap2 : 0.0063
[2019-08-15 16:33:18,617]: uncharger.negativecharger.gap4 : 0.0063
[2019-08-15 16:33:18,617]: postivecharger.aromatic.gap2 : 0.0063
[2019-08-15 16:33:18,617]: alphaticr.uncharger.gap5 : 0.0063
[2019-08-15 16:33:18,617]: alphaticr.aromatic.gap1 : 0.0062
[2019-08-15 16:33:18,617]: aromatic.aromatic.gap5 : 0.0062
[2019-08-15 16:33:18,617]: alphaticr.negativecharger.gap2 : 0.0062
[2019-08-15 16:33:18,617]: postivecharger.postivecharger.gap2 : 0.0062
[2019-08-15 16:33:18,617]: postivecharger.negativecharger.gap4 : 0.0062
[2019-08-15 16:33:18,617]: negativecharger.negativecharger.gap5 : 0.0062
[2019-08-15 16:33:18,617]: aromatic.negativecharger.gap1 : 0.0062
[2019-08-15 16:33:18,617]: uncharger.uncharger.gap5 : 0.0062
[2019-08-15 16:33:18,618]: negativecharger.uncharger.gap1 : 0.0062
[2019-08-15 16:33:18,618]: negativecharger.postivecharger.gap0 : 0.0062
[2019-08-15 16:33:18,618]: negativecharger.aromatic.gap5 : 0.0062
[2019-08-15 16:33:18,618]: negativecharger.uncharger.gap4 : 0.0062
[2019-08-15 16:33:18,618]: postivecharger.postivecharger.gap0 : 0.0062
[2019-08-15 16:33:18,618]: postivecharger.aromatic.gap0 : 0.0062
[2019-08-15 16:33:18,618]: negativecharger.alphaticr.gap1 : 0.0062
[2019-08-15 16:33:18,618]: aromatic.negativecharger.gap3 : 0.0062
[2019-08-15 16:33:18,618]: aromatic.aromatic.gap1 : 0.0062
[2019-08-15 16:33:18,618]: alphaticr.aromatic.gap5 : 0.0061
[2019-08-15 16:33:18,619]: postivecharger.aromatic.gap4 : 0.0061
[2019-08-15 16:33:18,619]: negativecharger.negativecharger.gap0 : 0.0061
[2019-08-15 16:33:18,619]: aromatic.aromatic.gap4 : 0.0061
[2019-08-15 16:33:18,619]: aromatic.negativecharger.gap4 : 0.0061
[2019-08-15 16:33:18,619]: postivecharger.uncharger.gap1 : 0.0061
[2019-08-15 16:33:18,619]: negativecharger.postivecharger.gap3 : 0.0061
[2019-08-15 16:33:18,619]: alphaticr.aromatic.gap0 : 0.0061
[2019-08-15 16:33:18,619]: uncharger.negativecharger.gap2 : 0.0061
[2019-08-15 16:33:18,619]: negativecharger.aromatic.gap4 : 0.0061
[2019-08-15 16:33:18,619]: alphaticr.alphaticr.gap3 : 0.0061
[2019-08-15 16:33:18,619]: negativecharger.aromatic.gap0 : 0.0061
[2019-08-15 16:33:18,620]: postivecharger.alphaticr.gap4 : 0.0061
[2019-08-15 16:33:18,620]: aromatic.aromatic.gap2 : 0.0061
[2019-08-15 16:33:18,620]: negativecharger.postivecharger.gap1 : 0.0060
[2019-08-15 16:33:18,620]: uncharger.aromatic.gap2 : 0.0060
[2019-08-15 16:33:18,620]: negativecharger.negativecharger.gap3 : 0.0060
[2019-08-15 16:33:18,620]: postivecharger.alphaticr.gap2 : 0.0060
[2019-08-15 16:33:18,620]: alphaticr.postivecharger.gap1 : 0.0060
[2019-08-15 16:33:18,620]: uncharger.uncharger.gap1 : 0.0060
[2019-08-15 16:33:18,620]: negativecharger.uncharger.gap0 : 0.0060
[2019-08-15 16:33:18,620]: alphaticr.alphaticr.gap2 : 0.0060
[2019-08-15 16:33:18,620]: negativecharger.negativecharger.gap1 : 0.0060
[2019-08-15 16:33:18,621]: alphaticr.uncharger.gap1 : 0.0059
[2019-08-15 16:33:18,621]: negativecharger.alphaticr.gap2 : 0.0059
[2019-08-15 16:33:18,621]: aromatic.uncharger.gap3 : 0.0059
[2019-08-15 16:33:18,621]: postivecharger.alphaticr.gap5 : 0.0059
[2019-08-15 16:33:18,621]: negativecharger.aromatic.gap1 : 0.0059
[2019-08-15 16:33:18,621]: uncharger.uncharger.gap0 : 0.0059
[2019-08-15 16:33:18,621]: negativecharger.postivecharger.gap5 : 0.0058
[2019-08-15 16:33:18,621]: alphaticr.aromatic.gap3 : 0.0058
[2019-08-15 16:33:18,621]: aromatic.postivecharger.gap1 : 0.0058
[2019-08-15 16:33:18,621]: alphaticr.postivecharger.gap0 : 0.0056
[2019-08-15 16:33:18,621]: uncharger.alphaticr.gap4 : 0.0055
[2019-08-15 16:33:18,621]: uncharger.uncharger.gap4 : 0.0055
[2019-08-15 16:33:18,622]: postivecharger.postivecharger.gap3 : 0.0052
[2019-08-15 16:33:18,622]: alphaticr.uncharger.gap3 : 0.0052
[2019-08-15 16:33:18,622]: aromatic.alphaticr.gap2 : 0.0052
[2019-08-15 16:33:18,622]: aromatic.alphaticr.gap0 : 0.0051
[2019-08-15 16:33:18,622]: postivecharger.negativecharger.gap3 : 0.0050
[2019-08-15 16:33:18,622]: aromatic.aromatic.gap3 : 0.0047
[2019-08-15 16:33:18,622]: aromatic.alphaticr.gap3 : 0.0047
[2019-08-15 16:33:18,622]: feature_rank end
[2019-08-15 16:33:18,649]: Start dimension reduction ...
[2019-08-15 16:33:23,188]: length=1 f1=0.5811 accuarcy=0.5818 precision=0.5808 recall=0.5818 roc=0.5783 
[2019-08-15 16:33:27,804]: length=6 f1=0.6252 accuarcy=0.6273 precision=0.6258 recall=0.6273 roc=0.6220 
[2019-08-15 16:33:32,375]: length=11 f1=0.7262 accuarcy=0.7273 precision=0.7270 recall=0.7273 roc=0.7232 
[2019-08-15 16:33:36,702]: length=16 f1=0.7079 accuarcy=0.7091 precision=0.7086 recall=0.7091 roc=0.7049 
[2019-08-15 16:33:41,096]: length=21 f1=0.7268 accuarcy=0.7273 precision=0.7268 recall=0.7273 roc=0.7245 
[2019-08-15 16:33:45,309]: length=26 f1=0.7174 accuarcy=0.7182 precision=0.7177 recall=0.7182 roc=0.7147 
[2019-08-15 16:33:49,829]: length=31 f1=0.7627 accuarcy=0.7636 precision=0.7638 recall=0.7636 roc=0.7597 
[2019-08-15 16:33:54,046]: length=36 f1=0.7329 accuarcy=0.7364 precision=0.7397 recall=0.7364 roc=0.7290 
[2019-08-15 16:33:58,212]: length=41 f1=0.7362 accuarcy=0.7364 precision=0.7361 recall=0.7364 roc=0.7343 
[2019-08-15 16:34:02,518]: length=46 f1=0.7362 accuarcy=0.7364 precision=0.7361 recall=0.7364 roc=0.7343 
[2019-08-15 16:34:07,197]: length=51 f1=0.8000 accuarcy=0.8000 precision=0.8000 recall=0.8000 roc=0.7989 
[2019-08-15 16:34:11,360]: length=56 f1=0.7726 accuarcy=0.7727 precision=0.7725 recall=0.7727 roc=0.7709 
[2019-08-15 16:34:15,527]: length=61 f1=0.7268 accuarcy=0.7273 precision=0.7268 recall=0.7273 roc=0.7245 
[2019-08-15 16:34:19,796]: length=66 f1=0.7726 accuarcy=0.7727 precision=0.7725 recall=0.7727 roc=0.7709 
[2019-08-15 16:34:24,362]: length=71 f1=0.7632 accuarcy=0.7636 precision=0.7634 recall=0.7636 roc=0.7611 
[2019-08-15 16:34:28,938]: length=76 f1=0.7539 accuarcy=0.7545 precision=0.7543 recall=0.7545 roc=0.7512 
[2019-08-15 16:34:33,206]: length=81 f1=0.7544 accuarcy=0.7545 precision=0.7543 recall=0.7545 roc=0.7526 
[2019-08-15 16:34:37,466]: length=86 f1=0.7627 accuarcy=0.7636 precision=0.7638 recall=0.7636 roc=0.7597 
[2019-08-15 16:34:41,731]: length=91 f1=0.7715 accuarcy=0.7727 precision=0.7735 recall=0.7727 roc=0.7682 
[2019-08-15 16:34:46,111]: length=96 f1=0.7450 accuarcy=0.7455 precision=0.7451 recall=0.7455 roc=0.7428 
[2019-08-15 16:34:50,485]: length=101 f1=0.7532 accuarcy=0.7545 precision=0.7550 recall=0.7545 roc=0.7499 
[2019-08-15 16:34:54,690]: length=106 f1=0.7620 accuarcy=0.7636 precision=0.7649 recall=0.7636 roc=0.7584 
[2019-08-15 16:34:58,980]: length=111 f1=0.7450 accuarcy=0.7455 precision=0.7451 recall=0.7455 roc=0.7428 
[2019-08-15 16:35:03,607]: length=116 f1=0.7803 accuarcy=0.7818 precision=0.7835 recall=0.7818 roc=0.7767 
[2019-08-15 16:35:08,337]: length=121 f1=0.7627 accuarcy=0.7636 precision=0.7638 recall=0.7636 roc=0.7597 
[2019-08-15 16:35:12,695]: length=126 f1=0.7524 accuarcy=0.7545 precision=0.7565 recall=0.7545 roc=0.7486 
[2019-08-15 16:35:17,046]: length=131 f1=0.7539 accuarcy=0.7545 precision=0.7543 recall=0.7545 roc=0.7512 
[2019-08-15 16:35:21,617]: length=136 f1=0.7715 accuarcy=0.7727 precision=0.7735 recall=0.7727 roc=0.7682 
[2019-08-15 16:35:26,645]: length=141 f1=0.7437 accuarcy=0.7455 precision=0.7464 recall=0.7455 roc=0.7401 
[2019-08-15 16:35:31,442]: length=146 f1=0.7809 accuarcy=0.7818 precision=0.7822 recall=0.7818 roc=0.7780 
[2019-08-15 16:35:36,063]: length=150 f1=0.7356 accuarcy=0.7364 precision=0.7360 recall=0.7364 roc=0.7330 
[2019-08-15 16:35:36,064]: ----------
[2019-08-15 16:35:36,064]: the max f1 = 0.8000
[2019-08-15 16:35:36,065]: ['uncharger.uncharger.gap3' 'alphaticr.alphaticr.gap4'
 'aromatic.uncharger.gap0' 'postivecharger.aromatic.gap3'
 'uncharger.postivecharger.gap2' 'aromatic.uncharger.gap4'
 'uncharger.aromatic.gap5' 'aromatic.negativecharger.gap0'
 'negativecharger.alphaticr.gap4' 'postivecharger.negativecharger.gap5'
 'alphaticr.alphaticr.gap0' 'alphaticr.postivecharger.gap3'
 'postivecharger.uncharger.gap5' 'uncharger.alphaticr.gap3'
 'alphaticr.aromatic.gap2' 'uncharger.uncharger.gap2'
 'aromatic.postivecharger.gap5' 'alphaticr.negativecharger.gap4'
 'postivecharger.postivecharger.gap4' 'uncharger.negativecharger.gap1'
 'uncharger.aromatic.gap1' 'uncharger.negativecharger.gap5'
 'aromatic.uncharger.gap5' 'alphaticr.alphaticr.gap5'
 'uncharger.alphaticr.gap2' 'postivecharger.alphaticr.gap1'
 'alphaticr.postivecharger.gap2' 'alphaticr.alphaticr.gap1'
 'postivecharger.uncharger.gap0' 'alphaticr.negativecharger.gap3'
 'postivecharger.uncharger.gap2' 'uncharger.postivecharger.gap5'
 'aromatic.uncharger.gap2' 'aromatic.negativecharger.gap5'
 'postivecharger.postivecharger.gap1' 'alphaticr.negativecharger.gap5'
 'postivecharger.uncharger.gap3' 'negativecharger.uncharger.gap2'
 'postivecharger.uncharger.gap4' 'postivecharger.alphaticr.gap3'
 'postivecharger.alphaticr.gap0' 'uncharger.alphaticr.gap0'
 'negativecharger.alphaticr.gap0' 'uncharger.alphaticr.gap5'
 'aromatic.uncharger.gap1' 'uncharger.aromatic.gap0'
 'uncharger.postivecharger.gap4' 'uncharger.postivecharger.gap0'
 'uncharger.alphaticr.gap1' 'aromatic.alphaticr.gap4'
 'alphaticr.postivecharger.gap4'],length = 51
[2019-08-15 16:35:36,065]: -----------
[2019-08-15 16:35:40,378]: ***confusion matrix***
[2019-08-15 16:35:40,378]:                pos_class      neg_class      
[2019-08-15 16:35:40,378]: pos_class      TP:48             FN:11             
[2019-08-15 16:35:40,379]: neg_class      FP:11             TN:40             
[2019-08-15 16:35:40,379]: f1 =0.8000 
[2019-08-15 16:35:40,380]: accuarcy = 0.8000 
[2019-08-15 16:35:40,380]: precision =0.8000 
[2019-08-15 16:35:40,381]: recall =0.8000
[2019-08-15 16:35:40,382]: roc area = 0.7989
[2019-08-15 16:35:40,387]: -----------
[2019-08-15 16:35:40,388]: The output by the terminal's log has been saved in the J:\多设备共享\work\MRMD2.0-github\Logs\201908151633.log.
[2019-08-15 16:35:40,388]: metrics have been saved in the J:\多设备共享\work\MRMD2.0-github\Results\meteixa.csv.
[2019-08-15 16:35:40,388]: reduced dimensional dataset has been saved in the J:\多设备共享\work\MRMD2.0-github\Results\rd.csv.
[2019-08-15 16:35:40,388]: ---mrmd 2.0 end---
