[2019-08-06 08:28:30,326]: ---mrmd 2.0 start----
[2019-08-06 08:28:30,536]: ANOVA start...
[2019-08-06 08:28:30,556]: ANOVA end.
[2019-08-06 08:28:30,556]: mic start...
[2019-08-06 08:28:37,478]: mic end.
[2019-08-06 08:28:37,478]: mrmd start...
[2019-08-06 08:28:37,728]: mrmd end.
[2019-08-06 08:28:37,728]: mRMR start...
[2019-08-06 08:28:49,287]: mRMR end.
[2019-08-06 08:28:49,287]: lasso start...
[2019-08-06 08:28:49,985]: lasso end.
[2019-08-06 08:28:51,336]: rank start ...
[2019-08-06 08:28:51,346]: The final  rank is
[2019-08-06 08:28:51,346]: Janin_P : 0.0078
[2019-08-06 08:28:51,346]: Janin_D : 0.0074
[2019-08-06 08:28:51,346]: Hopp_Woods_R : 0.0071
[2019-08-06 08:28:51,346]: Rose_I : 0.0069
[2019-08-06 08:28:51,346]: hydrophily : 0.0069
[2019-08-06 08:28:51,346]: Engelman_GES_D : 0.0069
[2019-08-06 08:28:51,346]: Cornette_C : 0.0069
[2019-08-06 08:28:51,346]: Cornette_T : 0.0068
[2019-08-06 08:28:51,346]: Kyte_Doolittle_I : 0.0068
[2019-08-06 08:28:51,346]: Engelman_GES_S : 0.0067
[2019-08-06 08:28:51,346]: Rose_P : 0.0067
[2019-08-06 08:28:51,346]: Cornette_V : 0.0067
[2019-08-06 08:28:51,346]: Kyte_Doolittle_A : 0.0067
[2019-08-06 08:28:51,346]: basic_polar : 0.0066
[2019-08-06 08:28:51,346]: Cornette_P : 0.0066
[2019-08-06 08:28:51,346]: Rose_R : 0.0065
[2019-08-06 08:28:51,346]: Rose_S : 0.0065
[2019-08-06 08:28:51,346]: Cornette_F : 0.0065
[2019-08-06 08:28:51,346]: Hopp_Woods_A : 0.0065
[2019-08-06 08:28:51,346]: Hopp_Woods_I : 0.0064
[2019-08-06 08:28:51,346]: Engelman_GES_Q : 0.0064
[2019-08-06 08:28:51,346]: Hopp_Woods_D : 0.0064
[2019-08-06 08:28:51,346]: polar : 0.0063
[2019-08-06 08:28:51,346]: Engelman_GES_R : 0.0063
[2019-08-06 08:28:51,346]: Eisenberg_R : 0.0063
[2019-08-06 08:28:51,346]: Engelman_GES_N : 0.0062
[2019-08-06 08:28:51,346]: Cornette_W : 0.0062
[2019-08-06 08:28:51,356]: Rose_L : 0.0062
[2019-08-06 08:28:51,356]: Cornette_K : 0.0062
[2019-08-06 08:28:51,356]: Rose_H : 0.0062
[2019-08-06 08:28:51,356]: Engelman_GES_W : 0.0062
[2019-08-06 08:28:51,356]: Eisenberg_N : 0.0062
[2019-08-06 08:28:51,356]: Rose_T : 0.0061
[2019-08-06 08:28:51,356]: C : 0.0061
[2019-08-06 08:28:51,356]: Engelman_GES_L : 0.0061
[2019-08-06 08:28:51,356]: Cornette_Y : 0.0060
[2019-08-06 08:28:51,356]: Kyte_Doolittle_W : 0.0060
[2019-08-06 08:28:51,356]: Janin_V : 0.0060
[2019-08-06 08:28:51,356]: alphatic : 0.0059
[2019-08-06 08:28:51,356]: nonpolar : 0.0059
[2019-08-06 08:28:51,356]: Kyte_Doolittle_C : 0.0059
[2019-08-06 08:28:51,356]: Hopp_Woods_T : 0.0059
[2019-08-06 08:28:51,356]: moderate : 0.0059
[2019-08-06 08:28:51,356]: Janin_F : 0.0059
[2019-08-06 08:28:51,356]: Janin_L : 0.0059
[2019-08-06 08:28:51,356]: Engelman_GES_Y : 0.0059
[2019-08-06 08:28:51,356]: Hopp_Woods_Q : 0.0059
[2019-08-06 08:28:51,356]: Engelman_GES_G : 0.0059
[2019-08-06 08:28:51,356]: Eisenberg_S : 0.0059
[2019-08-06 08:28:51,356]: Janin_H : 0.0059
[2019-08-06 08:28:51,356]: Kyte_Doolittle_Y : 0.0058
[2019-08-06 08:28:51,356]: Eisenberg_W : 0.0058
[2019-08-06 08:28:51,356]: postivecharge : 0.0058
[2019-08-06 08:28:51,356]: Hopp_Woods_C : 0.0058
[2019-08-06 08:28:51,356]: Janin_W : 0.0058
[2019-08-06 08:28:51,356]: W : 0.0058
[2019-08-06 08:28:51,356]: D : 0.0058
[2019-08-06 08:28:51,356]: Hopp_Woods_L : 0.0057
[2019-08-06 08:28:51,356]: aliphatic : 0.0057
[2019-08-06 08:28:51,356]: K : 0.0057
[2019-08-06 08:28:51,356]: Cornette_A : 0.0057
[2019-08-06 08:28:51,356]: Q : 0.0057
[2019-08-06 08:28:51,356]: Cornette_H : 0.0057
[2019-08-06 08:28:51,356]: Rose_D : 0.0057
[2019-08-06 08:28:51,356]: Rose_W : 0.0057
[2019-08-06 08:28:51,356]: Janin_Q : 0.0057
[2019-08-06 08:28:51,356]: Hopp_Woods_N : 0.0057
[2019-08-06 08:28:51,356]: Hopp_Woods_F : 0.0057
[2019-08-06 08:28:51,356]: Cornette_S : 0.0057
[2019-08-06 08:28:51,356]: Cornette_E : 0.0057
[2019-08-06 08:28:51,356]: Hopp_Woods_E : 0.0057
[2019-08-06 08:28:51,356]: Hopp_Woods_H : 0.0057
[2019-08-06 08:28:51,356]: positve : 0.0057
[2019-08-06 08:28:51,356]: Kyte_Doolittle_D : 0.0056
[2019-08-06 08:28:51,356]: Engelman_GES_P : 0.0056
[2019-08-06 08:28:51,356]: Kyte_Doolittle_K : 0.0056
[2019-08-06 08:28:51,356]: Cornette_Q : 0.0056
[2019-08-06 08:28:51,356]: Kyte_Doolittle_F : 0.0056
[2019-08-06 08:28:51,356]: Engelman_GES_A : 0.0056
[2019-08-06 08:28:51,356]: Kyte_Doolittle_H : 0.0056
[2019-08-06 08:28:51,356]: Engelman_GES_I : 0.0056
[2019-08-06 08:28:51,356]: Rose_M : 0.0056
[2019-08-06 08:28:51,356]: Kyte_Doolittle_L : 0.0056
[2019-08-06 08:28:51,356]: Engelman_GES_M : 0.0056
[2019-08-06 08:28:51,356]: Eisenberg_L : 0.0056
[2019-08-06 08:28:51,356]: Kyte_Doolittle_Q : 0.0056
[2019-08-06 08:28:51,356]: H : 0.0056
[2019-08-06 08:28:51,356]: Kyte_Doolittle_N : 0.0056
[2019-08-06 08:28:51,356]: Kyte_Doolittle_S : 0.0056
[2019-08-06 08:28:51,356]: Engelman_GES_F : 0.0056
[2019-08-06 08:28:51,356]: P : 0.0056
[2019-08-06 08:28:51,356]: Hopp_Woods_S : 0.0056
[2019-08-06 08:28:51,356]: Eisenberg_I : 0.0056
[2019-08-06 08:28:51,356]: G : 0.0056
[2019-08-06 08:28:51,356]: Hopp_Woods_V : 0.0056
[2019-08-06 08:28:51,356]: Janin_K : 0.0056
[2019-08-06 08:28:51,356]: Engelman_GES_E : 0.0056
[2019-08-06 08:28:51,356]: R : 0.0055
[2019-08-06 08:28:51,356]: S : 0.0055
[2019-08-06 08:28:51,356]: Janin_I : 0.0055
[2019-08-06 08:28:51,356]: Rose_A : 0.0055
[2019-08-06 08:28:51,356]: aromatic : 0.0055
[2019-08-06 08:28:51,356]: I : 0.0055
[2019-08-06 08:28:51,356]: Hopp_Woods_Y : 0.0055
[2019-08-06 08:28:51,356]: Janin_R : 0.0055
[2019-08-06 08:28:51,356]: Cornette_D : 0.0055
[2019-08-06 08:28:51,356]: T : 0.0055
[2019-08-06 08:28:51,356]: Hopp_Woods_K : 0.0055
[2019-08-06 08:28:51,356]: Kyte_Doolittle_V : 0.0055
[2019-08-06 08:28:51,356]: Janin_M : 0.0055
[2019-08-06 08:28:51,356]: Rose_F : 0.0055
[2019-08-06 08:28:51,356]: Kyte_Doolittle_G : 0.0055
[2019-08-06 08:28:51,356]: Kyte_Doolittle_E : 0.0055
[2019-08-06 08:28:51,356]: uncharge : 0.0055
[2019-08-06 08:28:51,356]: Rose_V : 0.0055
[2019-08-06 08:28:51,356]: Engelman_GES_V : 0.0055
[2019-08-06 08:28:51,366]: Rose_N : 0.0055
[2019-08-06 08:28:51,366]: Eisenberg_K : 0.0055
[2019-08-06 08:28:51,366]: Eisenberg_V : 0.0055
[2019-08-06 08:28:51,366]: Cornette_L : 0.0055
[2019-08-06 08:28:51,366]: E : 0.0055
[2019-08-06 08:28:51,366]: A : 0.0055
[2019-08-06 08:28:51,366]: V : 0.0055
[2019-08-06 08:28:51,366]: Kyte_Doolittle_M : 0.0055
[2019-08-06 08:28:51,366]: Cornette_M : 0.0054
[2019-08-06 08:28:51,366]: Eisenberg_H : 0.0054
[2019-08-06 08:28:51,366]: Janin_N : 0.0054
[2019-08-06 08:28:51,366]: Hopp_Woods_W : 0.0054
[2019-08-06 08:28:51,366]: Rose_Q : 0.0054
[2019-08-06 08:28:51,366]: Cornette_I : 0.0054
[2019-08-06 08:28:51,366]: F : 0.0054
[2019-08-06 08:28:51,366]: Eisenberg_P : 0.0054
[2019-08-06 08:28:51,366]: Janin_Y : 0.0054
[2019-08-06 08:28:51,366]: N : 0.0054
[2019-08-06 08:28:51,366]: Eisenberg_G : 0.0054
[2019-08-06 08:28:51,366]: Janin_A : 0.0054
[2019-08-06 08:28:51,366]: Rose_C : 0.0054
[2019-08-06 08:28:51,366]: negativecharge : 0.0054
[2019-08-06 08:28:51,366]: Janin_E : 0.0054
[2019-08-06 08:28:51,366]: Kyte_Doolittle_R : 0.0054
[2019-08-06 08:28:51,366]: L : 0.0054
[2019-08-06 08:28:51,366]: Eisenberg_A : 0.0054
[2019-08-06 08:28:51,366]: Rose_K : 0.0053
[2019-08-06 08:28:51,366]: hydrophobicity : 0.0053
[2019-08-06 08:28:51,366]: Engelman_GES_T : 0.0053
[2019-08-06 08:28:51,366]: Kyte_Doolittle_T : 0.0053
[2019-08-06 08:28:51,376]: Kyte_Doolittle_P : 0.0053
[2019-08-06 08:28:51,376]: Janin_T : 0.0053
[2019-08-06 08:28:51,376]: neutral : 0.0052
[2019-08-06 08:28:51,376]: Eisenberg_M : 0.0052
[2019-08-06 08:28:51,376]: Y : 0.0052
[2019-08-06 08:28:51,376]: Hopp_Woods_M : 0.0052
[2019-08-06 08:28:51,376]: Janin_C : 0.0051
[2019-08-06 08:28:51,376]: Eisenberg_C : 0.0051
[2019-08-06 08:28:51,376]: Engelman_GES_H : 0.0051
[2019-08-06 08:28:51,376]: Engelman_GES_C : 0.0051
[2019-08-06 08:28:51,376]: Eisenberg_Y : 0.0050
[2019-08-06 08:28:51,376]: Janin_S : 0.0049
[2019-08-06 08:28:51,376]: Rose_E : 0.0049
[2019-08-06 08:28:51,376]: acidic_polar : 0.0049
[2019-08-06 08:28:51,376]: Eisenberg_F : 0.0048
[2019-08-06 08:28:51,376]: Cornette_R : 0.0048
[2019-08-06 08:28:51,376]: Eisenberg_E : 0.0048
[2019-08-06 08:28:51,376]: Eisenberg_D : 0.0048
[2019-08-06 08:28:51,376]: Janin_G : 0.0047
[2019-08-06 08:28:51,376]: Engelman_GES_K : 0.0047
[2019-08-06 08:28:51,376]: Rose_G : 0.0047
[2019-08-06 08:28:51,376]: negative : 0.0047
[2019-08-06 08:28:51,376]: Rose_Y : 0.0046
[2019-08-06 08:28:51,376]: M : 0.0045
[2019-08-06 08:28:51,376]: aromatic.1 : 0.0045
[2019-08-06 08:28:51,376]: Eisenberg_Q : 0.0044
[2019-08-06 08:28:51,376]: Eisenberg_T : 0.0043
[2019-08-06 08:28:51,376]: heterocyclics : 0.0043
[2019-08-06 08:28:51,376]: Cornette_N : 0.0041
[2019-08-06 08:28:51,376]: Cornette_G : 0.0030
[2019-08-06 08:28:51,376]: Hopp_Woods_G : 0.0030
[2019-08-06 08:28:51,376]: Hopp_Woods_P : 0.0026
[2019-08-06 08:28:51,376]: feature_rank end
[2019-08-06 08:28:51,416]: Start dimension reduction ...
[2019-08-06 08:29:02,286]: length=1 accuarcy=0.7576 f1=0.7382 precision=0.8329 recall=0.7609 roc=0.7317 
[2019-08-06 08:29:15,008]: length=2 accuarcy=0.8040 f1=0.8047 precision=0.8059 recall=0.8043 roc=0.8044 
[2019-08-06 08:29:36,335]: length=3 accuarcy=0.7929 f1=0.7932 precision=0.7931 recall=0.7935 roc=0.7898 
[2019-08-06 08:29:54,301]: length=4 accuarcy=0.8707 f1=0.8687 precision=0.8712 recall=0.8696 roc=0.8632 
[2019-08-06 08:30:07,908]: length=5 accuarcy=0.8485 f1=0.8468 precision=0.8491 recall=0.8478 roc=0.8412 
[2019-08-06 08:30:22,827]: length=6 accuarcy=0.8485 f1=0.8474 precision=0.8478 recall=0.8478 roc=0.8436 
[2019-08-06 08:30:46,987]: length=7 accuarcy=0.8929 f1=0.8906 precision=0.8933 recall=0.8913 roc=0.8852 
[2019-08-06 08:31:10,452]: length=8 accuarcy=0.8596 f1=0.8585 precision=0.8585 recall=0.8587 roc=0.8558 
[2019-08-06 08:31:36,057]: length=9 accuarcy=0.8596 f1=0.8585 precision=0.8585 recall=0.8587 roc=0.8558 
[2019-08-06 08:32:04,804]: length=10 accuarcy=0.8596 f1=0.8580 precision=0.8592 recall=0.8587 roc=0.8534 
[2019-08-06 08:32:26,735]: length=11 accuarcy=0.8374 f1=0.8367 precision=0.8367 recall=0.8370 roc=0.8338 
[2019-08-06 08:32:49,573]: length=12 accuarcy=0.8687 f1=0.8692 precision=0.8696 recall=0.8696 roc=0.8656 
[2019-08-06 08:33:12,043]: length=13 accuarcy=0.8465 f1=0.8468 precision=0.8491 recall=0.8478 roc=0.8412 
[2019-08-06 08:33:33,604]: length=14 accuarcy=0.8354 f1=0.8362 precision=0.8372 recall=0.8370 roc=0.8314 
[2019-08-06 08:33:56,189]: length=15 accuarcy=0.8687 f1=0.8687 precision=0.8712 recall=0.8696 roc=0.8632 
[2019-08-06 08:34:18,621]: length=16 accuarcy=0.8485 f1=0.8468 precision=0.8491 recall=0.8478 roc=0.8412 
[2019-08-06 08:34:40,521]: length=17 accuarcy=0.8707 f1=0.8692 precision=0.8696 recall=0.8696 roc=0.8656 
[2019-08-06 08:35:02,468]: length=18 accuarcy=0.8485 f1=0.8474 precision=0.8478 recall=0.8478 roc=0.8436 
[2019-08-06 08:35:24,268]: length=19 accuarcy=0.8687 f1=0.8687 precision=0.8712 recall=0.8696 roc=0.8632 
[2019-08-06 08:35:45,702]: length=20 accuarcy=0.8576 f1=0.8580 precision=0.8592 recall=0.8587 roc=0.8534 
[2019-08-06 08:36:08,047]: length=21 accuarcy=0.8596 f1=0.8580 precision=0.8592 recall=0.8587 roc=0.8534 
[2019-08-06 08:36:31,176]: length=22 accuarcy=0.8465 f1=0.8468 precision=0.8491 recall=0.8478 roc=0.8412 
[2019-08-06 08:36:53,295]: length=23 accuarcy=0.8596 f1=0.8585 precision=0.8585 recall=0.8587 roc=0.8558 
[2019-08-06 08:37:15,610]: length=24 accuarcy=0.8818 f1=0.8803 precision=0.8803 recall=0.8804 roc=0.8778 
[2019-08-06 08:37:37,496]: length=25 accuarcy=0.8707 f1=0.8692 precision=0.8696 recall=0.8696 roc=0.8656 
[2019-08-06 08:37:59,755]: length=26 accuarcy=0.8596 f1=0.8588 precision=0.8592 recall=0.8587 roc=0.8582 
[2019-08-06 08:38:22,724]: length=27 accuarcy=0.8909 f1=0.8910 precision=0.8915 recall=0.8913 roc=0.8876 
[2019-08-06 08:38:44,350]: length=28 accuarcy=0.8485 f1=0.8478 precision=0.8478 recall=0.8478 roc=0.8460 
[2019-08-06 08:39:06,930]: length=29 accuarcy=0.8152 f1=0.8143 precision=0.8152 recall=0.8152 roc=0.8094 
[2019-08-06 08:39:28,987]: length=30 accuarcy=0.8374 f1=0.8362 precision=0.8372 recall=0.8370 roc=0.8314 
[2019-08-06 08:39:51,510]: length=31 accuarcy=0.8374 f1=0.8367 precision=0.8367 recall=0.8370 roc=0.8338 
[2019-08-06 08:40:14,694]: length=32 accuarcy=0.8576 f1=0.8580 precision=0.8592 recall=0.8587 roc=0.8534 
[2019-08-06 08:40:36,116]: length=33 accuarcy=0.8909 f1=0.8913 precision=0.8913 recall=0.8913 roc=0.8900 
[2019-08-06 08:40:57,588]: length=34 accuarcy=0.8596 f1=0.8585 precision=0.8585 recall=0.8587 roc=0.8558 
[2019-08-06 08:41:20,636]: length=35 accuarcy=0.8374 f1=0.8367 precision=0.8367 recall=0.8370 roc=0.8338 
[2019-08-06 08:41:42,087]: length=36 accuarcy=0.8596 f1=0.8580 precision=0.8592 recall=0.8587 roc=0.8534 
[2019-08-06 08:42:02,999]: length=37 accuarcy=0.8798 f1=0.8793 precision=0.8837 recall=0.8804 roc=0.8730 
[2019-08-06 08:42:23,149]: length=38 accuarcy=0.8707 f1=0.8692 precision=0.8696 recall=0.8696 roc=0.8656 
[2019-08-06 08:42:45,268]: length=39 accuarcy=0.8707 f1=0.8692 precision=0.8696 recall=0.8696 roc=0.8656 
[2019-08-06 08:43:08,097]: length=40 accuarcy=0.8465 f1=0.8468 precision=0.8491 recall=0.8478 roc=0.8412 
[2019-08-06 08:43:29,907]: length=41 accuarcy=0.8465 f1=0.8474 precision=0.8478 recall=0.8478 roc=0.8436 
[2019-08-06 08:43:52,070]: length=42 accuarcy=0.8596 f1=0.8580 precision=0.8592 recall=0.8587 roc=0.8534 
[2019-08-06 08:44:14,850]: length=43 accuarcy=0.8687 f1=0.8687 precision=0.8712 recall=0.8696 roc=0.8632 
[2019-08-06 08:44:37,563]: length=44 accuarcy=0.8929 f1=0.8906 precision=0.8933 recall=0.8913 roc=0.8852 
[2019-08-06 08:45:00,606]: length=45 accuarcy=0.8778 f1=0.8793 precision=0.8837 recall=0.8804 roc=0.8730 
[2019-08-06 08:45:23,862]: length=46 accuarcy=0.8687 f1=0.8687 precision=0.8712 recall=0.8696 roc=0.8632 
[2019-08-06 08:45:45,482]: length=47 accuarcy=0.8707 f1=0.8692 precision=0.8696 recall=0.8696 roc=0.8656 
[2019-08-06 08:46:07,030]: length=48 accuarcy=0.8576 f1=0.8580 precision=0.8592 recall=0.8587 roc=0.8534 
[2019-08-06 08:46:29,050]: length=49 accuarcy=0.8374 f1=0.8355 precision=0.8391 recall=0.8370 roc=0.8290 
[2019-08-06 08:46:50,770]: length=50 accuarcy=0.8556 f1=0.8574 precision=0.8614 recall=0.8587 roc=0.8510 
[2019-08-06 08:47:15,755]: length=51 accuarcy=0.8687 f1=0.8687 precision=0.8712 recall=0.8696 roc=0.8632 
[2019-08-06 08:47:39,056]: length=52 accuarcy=0.8707 f1=0.8692 precision=0.8696 recall=0.8696 roc=0.8656 
[2019-08-06 08:48:02,030]: length=53 accuarcy=0.8889 f1=0.8900 precision=0.8967 recall=0.8913 roc=0.8828 
[2019-08-06 08:48:26,493]: length=54 accuarcy=0.8485 f1=0.8474 precision=0.8478 recall=0.8478 roc=0.8436 
[2019-08-06 08:48:50,574]: length=55 accuarcy=0.8687 f1=0.8687 precision=0.8712 recall=0.8696 roc=0.8632 
[2019-08-06 08:49:13,962]: length=56 accuarcy=0.8576 f1=0.8574 precision=0.8614 recall=0.8587 roc=0.8510 
[2019-08-06 08:49:37,476]: length=57 accuarcy=0.8687 f1=0.8687 precision=0.8712 recall=0.8696 roc=0.8632 
[2019-08-06 08:49:59,856]: length=58 accuarcy=0.8465 f1=0.8468 precision=0.8491 recall=0.8478 roc=0.8412 
[2019-08-06 08:50:22,062]: length=59 accuarcy=0.8576 f1=0.8580 precision=0.8592 recall=0.8587 roc=0.8534 
[2019-08-06 08:50:44,792]: length=60 accuarcy=0.8465 f1=0.8468 precision=0.8491 recall=0.8478 roc=0.8412 
[2019-08-06 08:51:05,753]: length=61 accuarcy=0.8263 f1=0.8256 precision=0.8259 recall=0.8261 roc=0.8216 
[2019-08-06 08:51:27,235]: length=62 accuarcy=0.8596 f1=0.8580 precision=0.8592 recall=0.8587 roc=0.8534 
[2019-08-06 08:51:49,185]: length=63 accuarcy=0.8667 f1=0.8687 precision=0.8712 recall=0.8696 roc=0.8632 
[2019-08-06 08:52:12,236]: length=64 accuarcy=0.8263 f1=0.8256 precision=0.8259 recall=0.8261 roc=0.8216 
[2019-08-06 08:52:34,291]: length=65 accuarcy=0.8485 f1=0.8468 precision=0.8491 recall=0.8478 roc=0.8412 
[2019-08-06 08:52:57,450]: length=66 accuarcy=0.8485 f1=0.8468 precision=0.8491 recall=0.8478 roc=0.8412 
[2019-08-06 08:53:20,126]: length=67 accuarcy=0.8556 f1=0.8574 precision=0.8614 recall=0.8587 roc=0.8510 
[2019-08-06 08:53:41,897]: length=68 accuarcy=0.8465 f1=0.8468 precision=0.8491 recall=0.8478 roc=0.8412 
[2019-08-06 08:54:01,248]: length=69 accuarcy=0.8485 f1=0.8474 precision=0.8478 recall=0.8478 roc=0.8436 
[2019-08-06 08:54:23,115]: length=70 accuarcy=0.8596 f1=0.8580 precision=0.8592 recall=0.8587 roc=0.8534 
[2019-08-06 08:54:45,687]: length=71 accuarcy=0.8374 f1=0.8362 precision=0.8372 recall=0.8370 roc=0.8314 
[2019-08-06 08:55:08,108]: length=72 accuarcy=0.8667 f1=0.8680 precision=0.8743 recall=0.8696 roc=0.8608 
[2019-08-06 08:55:29,908]: length=73 accuarcy=0.8556 f1=0.8574 precision=0.8614 recall=0.8587 roc=0.8510 
[2019-08-06 08:55:51,206]: length=74 accuarcy=0.8374 f1=0.8362 precision=0.8372 recall=0.8370 roc=0.8314 
[2019-08-06 08:56:13,430]: length=75 accuarcy=0.8485 f1=0.8468 precision=0.8491 recall=0.8478 roc=0.8412 
[2019-08-06 08:56:36,072]: length=76 accuarcy=0.8263 f1=0.8256 precision=0.8259 recall=0.8261 roc=0.8216 
[2019-08-06 08:56:58,245]: length=77 accuarcy=0.8374 f1=0.8362 precision=0.8372 recall=0.8370 roc=0.8314 
[2019-08-06 08:57:20,646]: length=78 accuarcy=0.8556 f1=0.8574 precision=0.8614 recall=0.8587 roc=0.8510 
[2019-08-06 08:57:43,048]: length=79 accuarcy=0.8263 f1=0.8256 precision=0.8259 recall=0.8261 roc=0.8216 
[2019-08-06 08:58:05,562]: length=80 accuarcy=0.8263 f1=0.8256 precision=0.8259 recall=0.8261 roc=0.8216 
[2019-08-06 08:58:27,574]: length=81 accuarcy=0.8687 f1=0.8687 precision=0.8712 recall=0.8696 roc=0.8632 
[2019-08-06 08:58:49,179]: length=82 accuarcy=0.8596 f1=0.8580 precision=0.8592 recall=0.8587 roc=0.8534 
[2019-08-06 08:59:12,411]: length=83 accuarcy=0.8576 f1=0.8574 precision=0.8614 recall=0.8587 roc=0.8510 
[2019-08-06 08:59:33,971]: length=84 accuarcy=0.8596 f1=0.8580 precision=0.8592 recall=0.8587 roc=0.8534 
[2019-08-06 08:59:55,920]: length=85 accuarcy=0.8576 f1=0.8574 precision=0.8614 recall=0.8587 roc=0.8510 
[2019-08-06 09:00:18,034]: length=86 accuarcy=0.8485 f1=0.8468 precision=0.8491 recall=0.8478 roc=0.8412 
[2019-08-06 09:00:39,942]: length=87 accuarcy=0.8485 f1=0.8474 precision=0.8478 recall=0.8478 roc=0.8436 
[2019-08-06 09:01:02,863]: length=88 accuarcy=0.8465 f1=0.8468 precision=0.8491 recall=0.8478 roc=0.8412 
[2019-08-06 09:01:24,677]: length=89 accuarcy=0.8374 f1=0.8362 precision=0.8372 recall=0.8370 roc=0.8314 
[2019-08-06 09:01:46,405]: length=90 accuarcy=0.8374 f1=0.8362 precision=0.8372 recall=0.8370 roc=0.8314 
[2019-08-06 09:02:08,786]: length=91 accuarcy=0.8465 f1=0.8474 precision=0.8478 recall=0.8478 roc=0.8436 
[2019-08-06 09:02:30,754]: length=92 accuarcy=0.8667 f1=0.8680 precision=0.8743 recall=0.8696 roc=0.8608 
[2019-08-06 09:02:53,418]: length=93 accuarcy=0.8263 f1=0.8249 precision=0.8269 recall=0.8261 roc=0.8192 
[2019-08-06 09:03:15,569]: length=94 accuarcy=0.8444 f1=0.8474 precision=0.8478 recall=0.8478 roc=0.8436 
[2019-08-06 09:03:37,109]: length=95 accuarcy=0.8556 f1=0.8574 precision=0.8614 recall=0.8587 roc=0.8510 
[2019-08-06 09:03:59,238]: length=96 accuarcy=0.8354 f1=0.8362 precision=0.8372 recall=0.8370 roc=0.8314 
[2019-08-06 09:04:21,401]: length=97 accuarcy=0.8444 f1=0.8468 precision=0.8491 recall=0.8478 roc=0.8412 
[2019-08-06 09:04:43,407]: length=98 accuarcy=0.8778 f1=0.8793 precision=0.8837 recall=0.8804 roc=0.8730 
[2019-08-06 09:05:05,409]: length=99 accuarcy=0.8374 f1=0.8367 precision=0.8367 recall=0.8370 roc=0.8338 
[2019-08-06 09:05:27,689]: length=100 accuarcy=0.8465 f1=0.8474 precision=0.8478 recall=0.8478 roc=0.8436 
[2019-08-06 09:05:49,520]: length=101 accuarcy=0.8576 f1=0.8580 precision=0.8592 recall=0.8587 roc=0.8534 
[2019-08-06 09:06:11,345]: length=102 accuarcy=0.8556 f1=0.8580 precision=0.8592 recall=0.8587 roc=0.8534 
[2019-08-06 09:06:33,290]: length=103 accuarcy=0.8576 f1=0.8580 precision=0.8592 recall=0.8587 roc=0.8534 
[2019-08-06 09:06:55,480]: length=104 accuarcy=0.8576 f1=0.8580 precision=0.8592 recall=0.8587 roc=0.8534 
[2019-08-06 09:07:17,427]: length=105 accuarcy=0.8354 f1=0.8362 precision=0.8372 recall=0.8370 roc=0.8314 
[2019-08-06 09:07:41,301]: length=106 accuarcy=0.8354 f1=0.8367 precision=0.8367 recall=0.8370 roc=0.8338 
[2019-08-06 09:08:03,505]: length=107 accuarcy=0.8465 f1=0.8474 precision=0.8478 recall=0.8478 roc=0.8436 
[2019-08-06 09:08:25,658]: length=108 accuarcy=0.8667 f1=0.8687 precision=0.8712 recall=0.8696 roc=0.8632 
[2019-08-06 09:08:47,379]: length=109 accuarcy=0.8354 f1=0.8367 precision=0.8367 recall=0.8370 roc=0.8338 
[2019-08-06 09:09:09,291]: length=110 accuarcy=0.8374 f1=0.8367 precision=0.8367 recall=0.8370 roc=0.8338 
[2019-08-06 09:09:31,612]: length=111 accuarcy=0.8242 f1=0.8256 precision=0.8259 recall=0.8261 roc=0.8216 
[2019-08-06 09:09:53,740]: length=112 accuarcy=0.8263 f1=0.8256 precision=0.8259 recall=0.8261 roc=0.8216 
[2019-08-06 09:10:16,319]: length=113 accuarcy=0.8444 f1=0.8468 precision=0.8491 recall=0.8478 roc=0.8412 
[2019-08-06 09:10:38,220]: length=114 accuarcy=0.8667 f1=0.8687 precision=0.8712 recall=0.8696 roc=0.8632 
[2019-08-06 09:11:00,437]: length=115 accuarcy=0.8556 f1=0.8574 precision=0.8614 recall=0.8587 roc=0.8510 
[2019-08-06 09:11:22,092]: length=116 accuarcy=0.8465 f1=0.8474 precision=0.8478 recall=0.8478 roc=0.8436 
[2019-08-06 09:11:44,112]: length=117 accuarcy=0.8465 f1=0.8468 precision=0.8491 recall=0.8478 roc=0.8412 
[2019-08-06 09:12:06,166]: length=118 accuarcy=0.8485 f1=0.8468 precision=0.8491 recall=0.8478 roc=0.8412 
[2019-08-06 09:12:27,914]: length=119 accuarcy=0.8465 f1=0.8474 precision=0.8478 recall=0.8478 roc=0.8436 
[2019-08-06 09:12:49,964]: length=120 accuarcy=0.8465 f1=0.8474 precision=0.8478 recall=0.8478 roc=0.8436 
[2019-08-06 09:13:11,061]: length=121 accuarcy=0.8242 f1=0.8256 precision=0.8259 recall=0.8261 roc=0.8216 
[2019-08-06 09:13:34,379]: length=122 accuarcy=0.8465 f1=0.8468 precision=0.8491 recall=0.8478 roc=0.8412 
[2019-08-06 09:13:57,115]: length=123 accuarcy=0.8465 f1=0.8474 precision=0.8478 recall=0.8478 roc=0.8436 
[2019-08-06 09:14:19,073]: length=124 accuarcy=0.8374 f1=0.8367 precision=0.8367 recall=0.8370 roc=0.8338 
[2019-08-06 09:14:40,961]: length=125 accuarcy=0.8556 f1=0.8574 precision=0.8614 recall=0.8587 roc=0.8510 
[2019-08-06 09:15:03,370]: length=126 accuarcy=0.8242 f1=0.8261 precision=0.8261 recall=0.8261 roc=0.8240 
[2019-08-06 09:15:25,608]: length=127 accuarcy=0.8576 f1=0.8580 precision=0.8592 recall=0.8587 roc=0.8534 
[2019-08-06 09:15:48,155]: length=128 accuarcy=0.8394 f1=0.8355 precision=0.8391 recall=0.8370 roc=0.8290 
[2019-08-06 09:16:11,834]: length=129 accuarcy=0.8465 f1=0.8474 precision=0.8478 recall=0.8478 roc=0.8436 
[2019-08-06 09:16:32,943]: length=130 accuarcy=0.8556 f1=0.8574 precision=0.8614 recall=0.8587 roc=0.8510 
[2019-08-06 09:16:55,601]: length=131 accuarcy=0.8556 f1=0.8574 precision=0.8614 recall=0.8587 roc=0.8510 
[2019-08-06 09:17:18,131]: length=132 accuarcy=0.8333 f1=0.8362 precision=0.8372 recall=0.8370 roc=0.8314 
[2019-08-06 09:17:40,482]: length=133 accuarcy=0.8667 f1=0.8687 precision=0.8712 recall=0.8696 roc=0.8632 
[2019-08-06 09:18:03,240]: length=134 accuarcy=0.8374 f1=0.8362 precision=0.8372 recall=0.8370 roc=0.8314 
[2019-08-06 09:18:25,429]: length=135 accuarcy=0.8374 f1=0.8367 precision=0.8367 recall=0.8370 roc=0.8338 
[2019-08-06 09:18:47,310]: length=136 accuarcy=0.8465 f1=0.8474 precision=0.8478 recall=0.8478 roc=0.8436 
[2019-08-06 09:19:09,406]: length=137 accuarcy=0.8263 f1=0.8256 precision=0.8259 recall=0.8261 roc=0.8216 
[2019-08-06 09:19:31,092]: length=138 accuarcy=0.8354 f1=0.8362 precision=0.8372 recall=0.8370 roc=0.8314 
[2019-08-06 09:19:53,456]: length=139 accuarcy=0.8444 f1=0.8474 precision=0.8478 recall=0.8478 roc=0.8436 
[2019-08-06 09:20:16,525]: length=140 accuarcy=0.8576 f1=0.8580 precision=0.8592 recall=0.8587 roc=0.8534 
[2019-08-06 09:20:38,773]: length=141 accuarcy=0.8465 f1=0.8474 precision=0.8478 recall=0.8478 roc=0.8436 
[2019-08-06 09:21:02,523]: length=142 accuarcy=0.8667 f1=0.8687 precision=0.8712 recall=0.8696 roc=0.8632 
[2019-08-06 09:21:25,934]: length=143 accuarcy=0.8465 f1=0.8468 precision=0.8491 recall=0.8478 roc=0.8412 
[2019-08-06 09:21:48,311]: length=144 accuarcy=0.8465 f1=0.8474 precision=0.8478 recall=0.8478 roc=0.8436 
[2019-08-06 09:22:11,160]: length=145 accuarcy=0.8556 f1=0.8580 precision=0.8592 recall=0.8587 roc=0.8534 
[2019-08-06 09:22:31,382]: length=146 accuarcy=0.8465 f1=0.8468 precision=0.8491 recall=0.8478 roc=0.8412 
[2019-08-06 09:22:55,541]: length=147 accuarcy=0.8576 f1=0.8580 precision=0.8592 recall=0.8587 roc=0.8534 
[2019-08-06 09:23:17,592]: length=148 accuarcy=0.8354 f1=0.8362 precision=0.8372 recall=0.8370 roc=0.8314 
[2019-08-06 09:23:40,258]: length=149 accuarcy=0.8667 f1=0.8687 precision=0.8712 recall=0.8696 roc=0.8632 
[2019-08-06 09:24:02,796]: length=150 accuarcy=0.8242 f1=0.8256 precision=0.8259 recall=0.8261 roc=0.8216 
[2019-08-06 09:24:25,022]: length=151 accuarcy=0.8444 f1=0.8468 precision=0.8491 recall=0.8478 roc=0.8412 
[2019-08-06 09:24:47,134]: length=152 accuarcy=0.8556 f1=0.8574 precision=0.8614 recall=0.8587 roc=0.8510 
[2019-08-06 09:25:09,097]: length=153 accuarcy=0.8576 f1=0.8574 precision=0.8614 recall=0.8587 roc=0.8510 
[2019-08-06 09:25:31,333]: length=154 accuarcy=0.8242 f1=0.8249 precision=0.8269 recall=0.8261 roc=0.8192 
[2019-08-06 09:25:52,984]: length=155 accuarcy=0.8354 f1=0.8362 precision=0.8372 recall=0.8370 roc=0.8314 
[2019-08-06 09:26:15,348]: length=156 accuarcy=0.8556 f1=0.8574 precision=0.8614 recall=0.8587 roc=0.8510 
[2019-08-06 09:26:37,466]: length=157 accuarcy=0.8374 f1=0.8367 precision=0.8367 recall=0.8370 roc=0.8338 
[2019-08-06 09:27:00,502]: length=158 accuarcy=0.8152 f1=0.8150 precision=0.8149 recall=0.8152 roc=0.8118 
[2019-08-06 09:27:22,347]: length=159 accuarcy=0.8485 f1=0.8474 precision=0.8478 recall=0.8478 roc=0.8436 
[2019-08-06 09:27:44,757]: length=160 accuarcy=0.8576 f1=0.8580 precision=0.8592 recall=0.8587 roc=0.8534 
[2019-08-06 09:28:07,800]: length=161 accuarcy=0.8242 f1=0.8256 precision=0.8259 recall=0.8261 roc=0.8216 
[2019-08-06 09:28:29,448]: length=162 accuarcy=0.8556 f1=0.8574 precision=0.8614 recall=0.8587 roc=0.8510 
[2019-08-06 09:28:51,949]: length=163 accuarcy=0.8556 f1=0.8580 precision=0.8592 recall=0.8587 roc=0.8534 
[2019-08-06 09:29:13,573]: length=164 accuarcy=0.8667 f1=0.8687 precision=0.8712 recall=0.8696 roc=0.8632 
[2019-08-06 09:29:34,698]: length=165 accuarcy=0.8667 f1=0.8687 precision=0.8712 recall=0.8696 roc=0.8632 
[2019-08-06 09:29:56,800]: length=166 accuarcy=0.8556 f1=0.8574 precision=0.8614 recall=0.8587 roc=0.8510 
[2019-08-06 09:30:20,291]: length=167 accuarcy=0.8667 f1=0.8687 precision=0.8712 recall=0.8696 roc=0.8632 
[2019-08-06 09:30:42,703]: length=168 accuarcy=0.8778 f1=0.8793 precision=0.8837 recall=0.8804 roc=0.8730 
[2019-08-06 09:31:05,375]: length=169 accuarcy=0.8444 f1=0.8460 precision=0.8518 recall=0.8478 roc=0.8388 
[2019-08-06 09:31:30,111]: length=170 accuarcy=0.8576 f1=0.8580 precision=0.8592 recall=0.8587 roc=0.8534 
[2019-08-06 09:31:53,448]: length=171 accuarcy=0.8465 f1=0.8468 precision=0.8491 recall=0.8478 roc=0.8412 
[2019-08-06 09:32:15,351]: length=172 accuarcy=0.8687 f1=0.8687 precision=0.8712 recall=0.8696 roc=0.8632 
[2019-08-06 09:32:36,819]: length=173 accuarcy=0.8465 f1=0.8468 precision=0.8491 recall=0.8478 roc=0.8412 
[2019-08-06 09:32:58,955]: length=174 accuarcy=0.8556 f1=0.8574 precision=0.8614 recall=0.8587 roc=0.8510 
[2019-08-06 09:33:20,668]: length=175 accuarcy=0.8444 f1=0.8468 precision=0.8491 recall=0.8478 roc=0.8412 
[2019-08-06 09:33:42,253]: length=176 accuarcy=0.8576 f1=0.8580 precision=0.8592 recall=0.8587 roc=0.8534 
[2019-08-06 09:34:04,592]: length=177 accuarcy=0.8242 f1=0.8256 precision=0.8259 recall=0.8261 roc=0.8216 
[2019-08-06 09:34:26,609]: length=178 accuarcy=0.8465 f1=0.8468 precision=0.8491 recall=0.8478 roc=0.8412 
[2019-08-06 09:34:26,610]: ----------
[2019-08-06 09:34:26,610]: the max acc = 0.8929
[2019-08-06 09:34:26,611]: ['Janin_P' 'Janin_D' 'Hopp_Woods_R' 'Rose_I' 'hydrophily' 'Engelman_GES_D'
 'Cornette_C'],length = 7
[2019-08-06 09:34:26,611]: -----------
[2019-08-06 09:34:37,239]: ***confusion matrix***
[2019-08-06 09:34:37,239]:                pos_class      neg_class      
[2019-08-06 09:34:37,239]: pos_class      TP:34             FN:7              
[2019-08-06 09:34:37,239]: neg_class      FP:3              TN:48             
[2019-08-06 09:34:37,240]: accuarcy = 0.8913043478260869 
[2019-08-06 09:34:37,241]: precision =0.893312680269202 
[2019-08-06 09:34:37,242]: recall =0.8913043478260869
[2019-08-06 09:34:37,243]: f1 =0.8905681411833994 
[2019-08-06 09:34:37,244]: roc area = 0.885222381635581
[2019-08-06 09:34:37,314]: -----------
[2019-08-06 09:34:37,315]: The output by the terminal's log has been saved in the J:\多设备共享\work\MRMD2.0-github\Logs\201908060828.log.
[2019-08-06 09:34:37,324]: metrics have been saved in the J:\多设备共享\work\MRMD2.0-github\Results\mixfeature_frequency_DBD.csv.metrics.csv.
[2019-08-06 09:34:37,324]: reduced dimensional dataset has been saved in the J:\多设备共享\work\MRMD2.0-github\Results\mixfeature_frequency_DBD.csv.reduced_dimensional.csv.
[2019-08-06 09:34:37,325]: ---mrmd 2.0 end---
