[2019-08-24 20:25:46,556]: ---mrmd 2.0 start----
[2019-08-24 20:25:46,568]: ANOVA start...
[2019-08-24 20:25:46,581]: ANOVA end.
[2019-08-24 20:25:46,581]: mic start...
[2019-08-24 20:25:56,920]: mic end.
[2019-08-24 20:25:56,920]: mrmd start...
[2019-08-24 20:25:57,181]: mrmd end.
[2019-08-24 20:25:57,182]: mRMR start...
[2019-08-24 20:26:00,916]: mRMR end.
[2019-08-24 20:26:00,916]: lasso start...
[2019-08-24 20:26:00,949]: lasso end.
[2019-08-24 20:26:00,949]: chi2 start...
[2019-08-24 20:26:00,974]: chi2 end.
[2019-08-24 20:26:00,974]: ref start...
[2019-08-24 20:26:02,230]: ref end.
[2019-08-24 20:26:02,234]: rank start ...
[2019-08-24 20:26:02,246]: The final  rank is
[2019-08-24 20:26:02,247]: Hopp_Woods_R : 0.0072
[2019-08-24 20:26:02,247]: basic_polar : 0.0070
[2019-08-24 20:26:02,247]: aromatic : 0.0067
[2019-08-24 20:26:02,247]: Janin_P : 0.0067
[2019-08-24 20:26:02,247]: Cornette_C : 0.0066
[2019-08-24 20:26:02,247]: Rose_I : 0.0066
[2019-08-24 20:26:02,247]: Janin_D : 0.0066
[2019-08-24 20:26:02,247]: Kyte_Doolittle_I : 0.0066
[2019-08-24 20:26:02,247]: Janin_W : 0.0066
[2019-08-24 20:26:02,248]: hydrophily : 0.0066
[2019-08-24 20:26:02,248]: Kyte_Doolittle_A : 0.0066
[2019-08-24 20:26:02,248]: Cornette_V : 0.0066
[2019-08-24 20:26:02,248]: Cornette_T : 0.0066
[2019-08-24 20:26:02,248]: Engelman_GES_W : 0.0065
[2019-08-24 20:26:02,248]: Engelman_GES_D : 0.0065
[2019-08-24 20:26:02,248]: Engelman_GES_E : 0.0064
[2019-08-24 20:26:02,248]: Engelman_GES_S : 0.0064
[2019-08-24 20:26:02,248]: Hopp_Woods_I : 0.0064
[2019-08-24 20:26:02,248]: Engelman_GES_R : 0.0064
[2019-08-24 20:26:02,248]: Engelman_GES_N : 0.0064
[2019-08-24 20:26:02,249]: Rose_S : 0.0064
[2019-08-24 20:26:02,249]: Hopp_Woods_D : 0.0063
[2019-08-24 20:26:02,249]: Hopp_Woods_A : 0.0063
[2019-08-24 20:26:02,249]: Janin_Q : 0.0063
[2019-08-24 20:26:02,249]: Rose_L : 0.0062
[2019-08-24 20:26:02,249]: Cornette_F : 0.0062
[2019-08-24 20:26:02,249]: Cornette_K : 0.0062
[2019-08-24 20:26:02,249]: Rose_H : 0.0062
[2019-08-24 20:26:02,249]: Cornette_P : 0.0062
[2019-08-24 20:26:02,249]: Cornette_D : 0.0062
[2019-08-24 20:26:02,249]: Eisenberg_N : 0.0062
[2019-08-24 20:26:02,250]: Engelman_GES_L : 0.0061
[2019-08-24 20:26:02,250]: C : 0.0061
[2019-08-24 20:26:02,250]: Cornette_E : 0.0061
[2019-08-24 20:26:02,250]: Kyte_Doolittle_P : 0.0061
[2019-08-24 20:26:02,250]: Rose_Q : 0.0060
[2019-08-24 20:26:02,250]: Engelman_GES_F : 0.0060
[2019-08-24 20:26:02,250]: Janin_H : 0.0060
[2019-08-24 20:26:02,250]: F : 0.0060
[2019-08-24 20:26:02,250]: Kyte_Doolittle_C : 0.0060
[2019-08-24 20:26:02,250]: Kyte_Doolittle_K : 0.0060
[2019-08-24 20:26:02,251]: Janin_V : 0.0060
[2019-08-24 20:26:02,251]: Kyte_Doolittle_W : 0.0060
[2019-08-24 20:26:02,251]: Kyte_Doolittle_H : 0.0060
[2019-08-24 20:26:02,251]: Cornette_H : 0.0059
[2019-08-24 20:26:02,251]: Hopp_Woods_F : 0.0059
[2019-08-24 20:26:02,251]: Janin_Y : 0.0059
[2019-08-24 20:26:02,251]: Kyte_Doolittle_L : 0.0059
[2019-08-24 20:26:02,252]: Eisenberg_Y : 0.0058
[2019-08-24 20:26:02,252]: alphatic : 0.0058
[2019-08-24 20:26:02,252]: P : 0.0058
[2019-08-24 20:26:02,252]: Rose_T : 0.0058
[2019-08-24 20:26:02,252]: Rose_R : 0.0058
[2019-08-24 20:26:02,252]: K : 0.0058
[2019-08-24 20:26:02,252]: Eisenberg_D : 0.0058
[2019-08-24 20:26:02,252]: I : 0.0058
[2019-08-24 20:26:02,252]: Janin_A : 0.0058
[2019-08-24 20:26:02,252]: Rose_W : 0.0058
[2019-08-24 20:26:02,252]: Q : 0.0058
[2019-08-24 20:26:02,253]: Cornette_S : 0.0058
[2019-08-24 20:26:02,253]: S : 0.0058
[2019-08-24 20:26:02,253]: Eisenberg_K : 0.0058
[2019-08-24 20:26:02,253]: Rose_P : 0.0058
[2019-08-24 20:26:02,253]: Kyte_Doolittle_N : 0.0058
[2019-08-24 20:26:02,253]: nonpolar : 0.0058
[2019-08-24 20:26:02,253]: Engelman_GES_P : 0.0058
[2019-08-24 20:26:02,253]: Hopp_Woods_N : 0.0057
[2019-08-24 20:26:02,253]: Rose_V : 0.0057
[2019-08-24 20:26:02,253]: Eisenberg_V : 0.0057
[2019-08-24 20:26:02,253]: moderate : 0.0057
[2019-08-24 20:26:02,254]: Rose_M : 0.0057
[2019-08-24 20:26:02,254]: Y : 0.0057
[2019-08-24 20:26:02,254]: Cornette_W : 0.0057
[2019-08-24 20:26:02,254]: Engelman_GES_Y : 0.0057
[2019-08-24 20:26:02,254]: Hopp_Woods_H : 0.0057
[2019-08-24 20:26:02,254]: aliphatic : 0.0057
[2019-08-24 20:26:02,254]: V : 0.0057
[2019-08-24 20:26:02,254]: Eisenberg_M : 0.0057
[2019-08-24 20:26:02,254]: Janin_L : 0.0057
[2019-08-24 20:26:02,254]: Engelman_GES_T : 0.0057
[2019-08-24 20:26:02,255]: uncharge : 0.0056
[2019-08-24 20:26:02,255]: Engelman_GES_Q : 0.0056
[2019-08-24 20:26:02,255]: Kyte_Doolittle_S : 0.0056
[2019-08-24 20:26:02,255]: Kyte_Doolittle_Y : 0.0056
[2019-08-24 20:26:02,255]: Janin_K : 0.0056
[2019-08-24 20:26:02,255]: Eisenberg_S : 0.0056
[2019-08-24 20:26:02,255]: Eisenberg_R : 0.0056
[2019-08-24 20:26:02,255]: negativecharge : 0.0056
[2019-08-24 20:26:02,256]: Janin_I : 0.0056
[2019-08-24 20:26:02,256]: Kyte_Doolittle_R : 0.0056
[2019-08-24 20:26:02,256]: Engelman_GES_K : 0.0056
[2019-08-24 20:26:02,256]: T : 0.0056
[2019-08-24 20:26:02,256]: Cornette_A : 0.0056
[2019-08-24 20:26:02,256]: Hopp_Woods_Q : 0.0056
[2019-08-24 20:26:02,256]: Janin_T : 0.0056
[2019-08-24 20:26:02,256]: Hopp_Woods_Y : 0.0056
[2019-08-24 20:26:02,256]: Hopp_Woods_M : 0.0056
[2019-08-24 20:26:02,256]: Kyte_Doolittle_D : 0.0056
[2019-08-24 20:26:02,256]: Kyte_Doolittle_F : 0.0056
[2019-08-24 20:26:02,257]: Eisenberg_W : 0.0056
[2019-08-24 20:26:02,257]: Rose_D : 0.0056
[2019-08-24 20:26:02,257]: polar : 0.0056
[2019-08-24 20:26:02,257]: Rose_A : 0.0056
[2019-08-24 20:26:02,257]: Kyte_Doolittle_E : 0.0056
[2019-08-24 20:26:02,257]: Kyte_Doolittle_M : 0.0056
[2019-08-24 20:26:02,257]: Cornette_Q : 0.0056
[2019-08-24 20:26:02,257]: positve : 0.0056
[2019-08-24 20:26:02,257]: Kyte_Doolittle_Q : 0.0056
[2019-08-24 20:26:02,257]: Cornette_M : 0.0055
[2019-08-24 20:26:02,258]: Hopp_Woods_L : 0.0055
[2019-08-24 20:26:02,258]: Kyte_Doolittle_G : 0.0055
[2019-08-24 20:26:02,258]: Cornette_Y : 0.0055
[2019-08-24 20:26:02,258]: postivecharge : 0.0055
[2019-08-24 20:26:02,258]: Engelman_GES_H : 0.0055
[2019-08-24 20:26:02,258]: Hopp_Woods_S : 0.0055
[2019-08-24 20:26:02,258]: Eisenberg_A : 0.0055
[2019-08-24 20:26:02,258]: Engelman_GES_V : 0.0055
[2019-08-24 20:26:02,258]: G : 0.0055
[2019-08-24 20:26:02,258]: Cornette_L : 0.0055
[2019-08-24 20:26:02,258]: Hopp_Woods_V : 0.0055
[2019-08-24 20:26:02,259]: Eisenberg_L : 0.0055
[2019-08-24 20:26:02,259]: R : 0.0055
[2019-08-24 20:26:02,259]: Eisenberg_H : 0.0055
[2019-08-24 20:26:02,259]: D : 0.0055
[2019-08-24 20:26:02,259]: Engelman_GES_G : 0.0055
[2019-08-24 20:26:02,259]: Rose_F : 0.0055
[2019-08-24 20:26:02,259]: Hopp_Woods_C : 0.0055
[2019-08-24 20:26:02,259]: E : 0.0054
[2019-08-24 20:26:02,259]: N : 0.0054
[2019-08-24 20:26:02,259]: Hopp_Woods_K : 0.0054
[2019-08-24 20:26:02,259]: Eisenberg_I : 0.0054
[2019-08-24 20:26:02,260]: hydrophobicity : 0.0054
[2019-08-24 20:26:02,260]: M : 0.0054
[2019-08-24 20:26:02,260]: Hopp_Woods_E : 0.0054
[2019-08-24 20:26:02,260]: Janin_F : 0.0054
[2019-08-24 20:26:02,260]: Janin_N : 0.0054
[2019-08-24 20:26:02,260]: Janin_E : 0.0054
[2019-08-24 20:26:02,260]: H : 0.0054
[2019-08-24 20:26:02,260]: Janin_M : 0.0054
[2019-08-24 20:26:02,260]: Engelman_GES_M : 0.0053
[2019-08-24 20:26:02,260]: Eisenberg_C : 0.0053
[2019-08-24 20:26:02,260]: Rose_C : 0.0053
[2019-08-24 20:26:02,261]: Engelman_GES_C : 0.0053
[2019-08-24 20:26:02,261]: neutral : 0.0053
[2019-08-24 20:26:02,261]: Rose_N : 0.0053
[2019-08-24 20:26:02,261]: Engelman_GES_A : 0.0053
[2019-08-24 20:26:02,261]: Eisenberg_G : 0.0053
[2019-08-24 20:26:02,261]: W : 0.0053
[2019-08-24 20:26:02,261]: Rose_K : 0.0051
[2019-08-24 20:26:02,261]: Janin_R : 0.0051
[2019-08-24 20:26:02,261]: Kyte_Doolittle_T : 0.0051
[2019-08-24 20:26:02,261]: negative : 0.0051
[2019-08-24 20:26:02,261]: Janin_G : 0.0050
[2019-08-24 20:26:02,262]: Hopp_Woods_T : 0.0050
[2019-08-24 20:26:02,262]: Janin_S : 0.0050
[2019-08-24 20:26:02,262]: Eisenberg_Q : 0.0050
[2019-08-24 20:26:02,262]: A : 0.0050
[2019-08-24 20:26:02,262]: Hopp_Woods_W : 0.0050
[2019-08-24 20:26:02,262]: Rose_E : 0.0050
[2019-08-24 20:26:02,262]: Engelman_GES_I : 0.0050
[2019-08-24 20:26:02,262]: Cornette_R : 0.0049
[2019-08-24 20:26:02,262]: Cornette_I : 0.0049
[2019-08-24 20:26:02,262]: Eisenberg_E : 0.0049
[2019-08-24 20:26:02,263]: Eisenberg_F : 0.0049
[2019-08-24 20:26:02,263]: Kyte_Doolittle_V : 0.0048
[2019-08-24 20:26:02,263]: Eisenberg_T : 0.0048
[2019-08-24 20:26:02,263]: Eisenberg_P : 0.0048
[2019-08-24 20:26:02,263]: Rose_Y : 0.0048
[2019-08-24 20:26:02,263]: L : 0.0047
[2019-08-24 20:26:02,263]: Janin_C : 0.0047
[2019-08-24 20:26:02,263]: heterocyclics : 0.0047
[2019-08-24 20:26:02,263]: aromatic.1 : 0.0044
[2019-08-24 20:26:02,263]: Rose_G : 0.0043
[2019-08-24 20:26:02,263]: acidic_polar : 0.0043
[2019-08-24 20:26:02,264]: Cornette_N : 0.0043
[2019-08-24 20:26:02,264]: Hopp_Woods_P : 0.0031
[2019-08-24 20:26:02,264]: Hopp_Woods_G : 0.0031
[2019-08-24 20:26:02,264]: Cornette_G : 0.0030
[2019-08-24 20:26:02,264]: feature_rank end
[2019-08-24 20:26:02,288]: Start dimension reduction ...
[2019-08-24 20:26:10,052]: length=1 f1=0.6957 accuarcy=0.6957 precision=0.6957 recall=0.6957 auc=0.6920 
[2019-08-24 20:26:18,316]: length=2 f1=0.6856 accuarcy=0.6848 precision=0.6878 recall=0.6848 auc=0.6846 
[2019-08-24 20:26:26,358]: length=3 f1=0.7714 accuarcy=0.7717 precision=0.7713 recall=0.7717 auc=0.7678 
[2019-08-24 20:26:34,306]: length=4 f1=0.7932 accuarcy=0.7935 precision=0.7931 recall=0.7935 auc=0.7898 
[2019-08-24 20:26:42,082]: length=5 f1=0.8468 accuarcy=0.8478 precision=0.8491 recall=0.8478 auc=0.8412 
[2019-08-24 20:26:49,938]: length=6 f1=0.8793 accuarcy=0.8804 precision=0.8837 recall=0.8804 auc=0.8730 
[2019-08-24 20:26:58,046]: length=7 f1=0.8906 accuarcy=0.8913 precision=0.8933 recall=0.8913 auc=0.8852 
[2019-08-24 20:27:06,550]: length=8 f1=0.9013 accuarcy=0.9022 precision=0.9059 recall=0.9022 auc=0.8950 
[2019-08-24 20:27:14,616]: length=9 f1=0.8900 accuarcy=0.8913 precision=0.8967 recall=0.8913 auc=0.8828 
[2019-08-24 20:27:22,871]: length=10 f1=0.8680 accuarcy=0.8696 precision=0.8743 recall=0.8696 auc=0.8608 
[2019-08-24 20:27:31,608]: length=11 f1=0.8680 accuarcy=0.8696 precision=0.8743 recall=0.8696 auc=0.8608 
[2019-08-24 20:27:39,438]: length=12 f1=0.8680 accuarcy=0.8696 precision=0.8743 recall=0.8696 auc=0.8608 
[2019-08-24 20:27:47,152]: length=13 f1=0.8680 accuarcy=0.8696 precision=0.8743 recall=0.8696 auc=0.8608 
[2019-08-24 20:27:54,640]: length=14 f1=0.8793 accuarcy=0.8804 precision=0.8837 recall=0.8804 auc=0.8730 
[2019-08-24 20:28:03,149]: length=15 f1=0.8910 accuarcy=0.8913 precision=0.8915 recall=0.8913 auc=0.8876 
[2019-08-24 20:28:10,965]: length=16 f1=0.8906 accuarcy=0.8913 precision=0.8933 recall=0.8913 auc=0.8852 
[2019-08-24 20:28:18,433]: length=17 f1=0.8687 accuarcy=0.8696 precision=0.8712 recall=0.8696 auc=0.8632 
[2019-08-24 20:28:26,306]: length=18 f1=0.8799 accuarcy=0.8804 precision=0.8812 recall=0.8804 auc=0.8754 
[2019-08-24 20:28:34,351]: length=19 f1=0.8906 accuarcy=0.8913 precision=0.8933 recall=0.8913 auc=0.8852 
[2019-08-24 20:28:42,273]: length=20 f1=0.8692 accuarcy=0.8696 precision=0.8696 recall=0.8696 auc=0.8656 
[2019-08-24 20:28:50,065]: length=21 f1=0.8580 accuarcy=0.8587 precision=0.8592 recall=0.8587 auc=0.8534 
[2019-08-24 20:28:58,097]: length=22 f1=0.8585 accuarcy=0.8587 precision=0.8585 recall=0.8587 auc=0.8558 
[2019-08-24 20:29:06,424]: length=23 f1=0.8799 accuarcy=0.8804 precision=0.8812 recall=0.8804 auc=0.8754 
[2019-08-24 20:29:15,808]: length=24 f1=0.9017 accuarcy=0.9022 precision=0.9032 recall=0.9022 auc=0.8974 
[2019-08-24 20:29:23,805]: length=25 f1=0.8478 accuarcy=0.8478 precision=0.8478 recall=0.8478 auc=0.8460 
[2019-08-24 20:29:32,170]: length=26 f1=0.8580 accuarcy=0.8587 precision=0.8592 recall=0.8587 auc=0.8534 
[2019-08-24 20:29:40,117]: length=27 f1=0.8910 accuarcy=0.8913 precision=0.8915 recall=0.8913 auc=0.8876 
[2019-08-24 20:29:48,556]: length=28 f1=0.8585 accuarcy=0.8587 precision=0.8585 recall=0.8587 auc=0.8558 
[2019-08-24 20:29:56,853]: length=29 f1=0.8687 accuarcy=0.8696 precision=0.8712 recall=0.8696 auc=0.8632 
[2019-08-24 20:30:05,292]: length=30 f1=0.8468 accuarcy=0.8478 precision=0.8491 recall=0.8478 auc=0.8412 
[2019-08-24 20:30:13,912]: length=31 f1=0.8799 accuarcy=0.8804 precision=0.8812 recall=0.8804 auc=0.8754 
[2019-08-24 20:30:22,251]: length=32 f1=0.8474 accuarcy=0.8478 precision=0.8478 recall=0.8478 auc=0.8436 
[2019-08-24 20:30:30,646]: length=33 f1=0.8687 accuarcy=0.8696 precision=0.8712 recall=0.8696 auc=0.8632 
[2019-08-24 20:30:38,510]: length=34 f1=0.8687 accuarcy=0.8696 precision=0.8712 recall=0.8696 auc=0.8632 
[2019-08-24 20:30:48,094]: length=35 f1=0.8687 accuarcy=0.8696 precision=0.8712 recall=0.8696 auc=0.8632 
[2019-08-24 20:30:56,438]: length=36 f1=0.8362 accuarcy=0.8370 precision=0.8372 recall=0.8370 auc=0.8314 
[2019-08-24 20:31:05,209]: length=37 f1=0.8367 accuarcy=0.8370 precision=0.8367 recall=0.8370 auc=0.8338 
[2019-08-24 20:31:13,210]: length=38 f1=0.8580 accuarcy=0.8587 precision=0.8592 recall=0.8587 auc=0.8534 
[2019-08-24 20:31:20,867]: length=39 f1=0.8362 accuarcy=0.8370 precision=0.8372 recall=0.8370 auc=0.8314 
[2019-08-24 20:31:29,168]: length=40 f1=0.8574 accuarcy=0.8587 precision=0.8614 recall=0.8587 auc=0.8510 
[2019-08-24 20:31:37,487]: length=41 f1=0.8460 accuarcy=0.8478 precision=0.8518 recall=0.8478 auc=0.8388 
[2019-08-24 20:31:45,543]: length=42 f1=0.8362 accuarcy=0.8370 precision=0.8372 recall=0.8370 auc=0.8314 
[2019-08-24 20:31:54,027]: length=43 f1=0.8468 accuarcy=0.8478 precision=0.8491 recall=0.8478 auc=0.8412 
[2019-08-24 20:32:02,218]: length=44 f1=0.8355 accuarcy=0.8370 precision=0.8391 recall=0.8370 auc=0.8290 
[2019-08-24 20:32:10,578]: length=45 f1=0.8468 accuarcy=0.8478 precision=0.8491 recall=0.8478 auc=0.8412 
[2019-08-24 20:32:18,461]: length=46 f1=0.8468 accuarcy=0.8478 precision=0.8491 recall=0.8478 auc=0.8412 
[2019-08-24 20:32:26,354]: length=47 f1=0.8355 accuarcy=0.8370 precision=0.8391 recall=0.8370 auc=0.8290 
[2019-08-24 20:32:34,322]: length=48 f1=0.8574 accuarcy=0.8587 precision=0.8614 recall=0.8587 auc=0.8510 
[2019-08-24 20:32:42,758]: length=49 f1=0.8355 accuarcy=0.8370 precision=0.8391 recall=0.8370 auc=0.8290 
[2019-08-24 20:32:50,818]: length=50 f1=0.8574 accuarcy=0.8587 precision=0.8614 recall=0.8587 auc=0.8510 
[2019-08-24 20:32:58,728]: length=51 f1=0.8574 accuarcy=0.8587 precision=0.8614 recall=0.8587 auc=0.8510 
[2019-08-24 20:33:07,257]: length=52 f1=0.8580 accuarcy=0.8587 precision=0.8592 recall=0.8587 auc=0.8534 
[2019-08-24 20:33:15,280]: length=53 f1=0.8468 accuarcy=0.8478 precision=0.8491 recall=0.8478 auc=0.8412 
[2019-08-24 20:33:23,170]: length=54 f1=0.8574 accuarcy=0.8587 precision=0.8614 recall=0.8587 auc=0.8510 
[2019-08-24 20:33:31,746]: length=55 f1=0.8574 accuarcy=0.8587 precision=0.8614 recall=0.8587 auc=0.8510 
[2019-08-24 20:33:39,827]: length=56 f1=0.8574 accuarcy=0.8587 precision=0.8614 recall=0.8587 auc=0.8510 
[2019-08-24 20:33:47,684]: length=57 f1=0.8687 accuarcy=0.8696 precision=0.8712 recall=0.8696 auc=0.8632 
[2019-08-24 20:33:55,671]: length=58 f1=0.8687 accuarcy=0.8696 precision=0.8712 recall=0.8696 auc=0.8632 
[2019-08-24 20:34:03,617]: length=59 f1=0.8692 accuarcy=0.8696 precision=0.8696 recall=0.8696 auc=0.8656 
[2019-08-24 20:34:11,589]: length=60 f1=0.8680 accuarcy=0.8696 precision=0.8743 recall=0.8696 auc=0.8608 
[2019-08-24 20:34:19,593]: length=61 f1=0.8362 accuarcy=0.8370 precision=0.8372 recall=0.8370 auc=0.8314 
[2019-08-24 20:34:27,447]: length=62 f1=0.8580 accuarcy=0.8587 precision=0.8592 recall=0.8587 auc=0.8534 
[2019-08-24 20:34:35,693]: length=63 f1=0.8355 accuarcy=0.8370 precision=0.8391 recall=0.8370 auc=0.8290 
[2019-08-24 20:34:43,684]: length=64 f1=0.8468 accuarcy=0.8478 precision=0.8491 recall=0.8478 auc=0.8412 
[2019-08-24 20:34:51,637]: length=65 f1=0.8468 accuarcy=0.8478 precision=0.8491 recall=0.8478 auc=0.8412 
[2019-08-24 20:34:59,576]: length=66 f1=0.8580 accuarcy=0.8587 precision=0.8592 recall=0.8587 auc=0.8534 
[2019-08-24 20:35:07,807]: length=67 f1=0.8574 accuarcy=0.8587 precision=0.8614 recall=0.8587 auc=0.8510 
[2019-08-24 20:35:16,714]: length=68 f1=0.8680 accuarcy=0.8696 precision=0.8743 recall=0.8696 auc=0.8608 
[2019-08-24 20:35:25,130]: length=69 f1=0.8574 accuarcy=0.8587 precision=0.8614 recall=0.8587 auc=0.8510 
[2019-08-24 20:35:33,536]: length=70 f1=0.8468 accuarcy=0.8478 precision=0.8491 recall=0.8478 auc=0.8412 
[2019-08-24 20:35:41,651]: length=71 f1=0.8474 accuarcy=0.8478 precision=0.8478 recall=0.8478 auc=0.8436 
[2019-08-24 20:35:49,609]: length=72 f1=0.8687 accuarcy=0.8696 precision=0.8712 recall=0.8696 auc=0.8632 
[2019-08-24 20:35:57,935]: length=73 f1=0.8687 accuarcy=0.8696 precision=0.8712 recall=0.8696 auc=0.8632 
[2019-08-24 20:36:05,929]: length=74 f1=0.8687 accuarcy=0.8696 precision=0.8712 recall=0.8696 auc=0.8632 
[2019-08-24 20:36:14,388]: length=75 f1=0.8468 accuarcy=0.8478 precision=0.8491 recall=0.8478 auc=0.8412 
[2019-08-24 20:36:22,677]: length=76 f1=0.8687 accuarcy=0.8696 precision=0.8712 recall=0.8696 auc=0.8632 
[2019-08-24 20:36:30,858]: length=77 f1=0.8574 accuarcy=0.8587 precision=0.8614 recall=0.8587 auc=0.8510 
[2019-08-24 20:36:38,822]: length=78 f1=0.8580 accuarcy=0.8587 precision=0.8592 recall=0.8587 auc=0.8534 
[2019-08-24 20:36:47,255]: length=79 f1=0.8468 accuarcy=0.8478 precision=0.8491 recall=0.8478 auc=0.8412 
[2019-08-24 20:36:55,320]: length=80 f1=0.8687 accuarcy=0.8696 precision=0.8712 recall=0.8696 auc=0.8632 
[2019-08-24 20:37:03,984]: length=81 f1=0.8680 accuarcy=0.8696 precision=0.8743 recall=0.8696 auc=0.8608 
[2019-08-24 20:37:12,594]: length=82 f1=0.8687 accuarcy=0.8696 precision=0.8712 recall=0.8696 auc=0.8632 
[2019-08-24 20:37:22,431]: length=83 f1=0.8574 accuarcy=0.8587 precision=0.8614 recall=0.8587 auc=0.8510 
[2019-08-24 20:37:32,833]: length=84 f1=0.8687 accuarcy=0.8696 precision=0.8712 recall=0.8696 auc=0.8632 
[2019-08-24 20:37:43,189]: length=85 f1=0.8574 accuarcy=0.8587 precision=0.8614 recall=0.8587 auc=0.8510 
[2019-08-24 20:37:53,261]: length=86 f1=0.8580 accuarcy=0.8587 precision=0.8592 recall=0.8587 auc=0.8534 
[2019-08-24 20:38:02,780]: length=87 f1=0.8580 accuarcy=0.8587 precision=0.8592 recall=0.8587 auc=0.8534 
[2019-08-24 20:38:12,089]: length=88 f1=0.8580 accuarcy=0.8587 precision=0.8592 recall=0.8587 auc=0.8534 
[2019-08-24 20:38:20,646]: length=89 f1=0.8580 accuarcy=0.8587 precision=0.8592 recall=0.8587 auc=0.8534 
[2019-08-24 20:38:28,693]: length=90 f1=0.8799 accuarcy=0.8804 precision=0.8812 recall=0.8804 auc=0.8754 
[2019-08-24 20:38:37,278]: length=91 f1=0.8580 accuarcy=0.8587 precision=0.8592 recall=0.8587 auc=0.8534 
[2019-08-24 20:38:45,466]: length=92 f1=0.8362 accuarcy=0.8370 precision=0.8372 recall=0.8370 auc=0.8314 
[2019-08-24 20:38:54,312]: length=93 f1=0.8362 accuarcy=0.8370 precision=0.8372 recall=0.8370 auc=0.8314 
[2019-08-24 20:39:03,045]: length=94 f1=0.8468 accuarcy=0.8478 precision=0.8491 recall=0.8478 auc=0.8412 
[2019-08-24 20:39:11,289]: length=95 f1=0.8362 accuarcy=0.8370 precision=0.8372 recall=0.8370 auc=0.8314 
[2019-08-24 20:39:20,275]: length=96 f1=0.8256 accuarcy=0.8261 precision=0.8259 recall=0.8261 auc=0.8216 
[2019-08-24 20:39:28,453]: length=97 f1=0.8468 accuarcy=0.8478 precision=0.8491 recall=0.8478 auc=0.8412 
[2019-08-24 20:39:37,209]: length=98 f1=0.8474 accuarcy=0.8478 precision=0.8478 recall=0.8478 auc=0.8436 
[2019-08-24 20:39:45,358]: length=99 f1=0.8150 accuarcy=0.8152 precision=0.8149 recall=0.8152 auc=0.8118 
[2019-08-24 20:39:53,397]: length=100 f1=0.8362 accuarcy=0.8370 precision=0.8372 recall=0.8370 auc=0.8314 
[2019-08-24 20:40:01,773]: length=101 f1=0.8362 accuarcy=0.8370 precision=0.8372 recall=0.8370 auc=0.8314 
[2019-08-24 20:40:10,554]: length=102 f1=0.8580 accuarcy=0.8587 precision=0.8592 recall=0.8587 auc=0.8534 
[2019-08-24 20:40:19,089]: length=103 f1=0.8367 accuarcy=0.8370 precision=0.8367 recall=0.8370 auc=0.8338 
[2019-08-24 20:40:27,381]: length=104 f1=0.8474 accuarcy=0.8478 precision=0.8478 recall=0.8478 auc=0.8436 
[2019-08-24 20:40:35,229]: length=105 f1=0.8474 accuarcy=0.8478 precision=0.8478 recall=0.8478 auc=0.8436 
[2019-08-24 20:40:43,494]: length=106 f1=0.8256 accuarcy=0.8261 precision=0.8259 recall=0.8261 auc=0.8216 
[2019-08-24 20:40:51,487]: length=107 f1=0.8362 accuarcy=0.8370 precision=0.8372 recall=0.8370 auc=0.8314 
[2019-08-24 20:40:59,487]: length=108 f1=0.8367 accuarcy=0.8370 precision=0.8367 recall=0.8370 auc=0.8338 
[2019-08-24 20:41:07,474]: length=109 f1=0.8367 accuarcy=0.8370 precision=0.8367 recall=0.8370 auc=0.8338 
[2019-08-24 20:41:15,452]: length=110 f1=0.8474 accuarcy=0.8478 precision=0.8478 recall=0.8478 auc=0.8436 
[2019-08-24 20:41:23,291]: length=111 f1=0.8362 accuarcy=0.8370 precision=0.8372 recall=0.8370 auc=0.8314 
[2019-08-24 20:41:31,093]: length=112 f1=0.8367 accuarcy=0.8370 precision=0.8367 recall=0.8370 auc=0.8338 
[2019-08-24 20:41:39,068]: length=113 f1=0.8367 accuarcy=0.8370 precision=0.8367 recall=0.8370 auc=0.8338 
[2019-08-24 20:41:47,003]: length=114 f1=0.8468 accuarcy=0.8478 precision=0.8491 recall=0.8478 auc=0.8412 
[2019-08-24 20:41:54,824]: length=115 f1=0.8362 accuarcy=0.8370 precision=0.8372 recall=0.8370 auc=0.8314 
[2019-08-24 20:42:02,557]: length=116 f1=0.8468 accuarcy=0.8478 precision=0.8491 recall=0.8478 auc=0.8412 
[2019-08-24 20:42:10,320]: length=117 f1=0.8367 accuarcy=0.8370 precision=0.8367 recall=0.8370 auc=0.8338 
[2019-08-24 20:42:18,373]: length=118 f1=0.8580 accuarcy=0.8587 precision=0.8592 recall=0.8587 auc=0.8534 
[2019-08-24 20:42:26,231]: length=119 f1=0.8468 accuarcy=0.8478 precision=0.8491 recall=0.8478 auc=0.8412 
[2019-08-24 20:42:34,758]: length=120 f1=0.8474 accuarcy=0.8478 precision=0.8478 recall=0.8478 auc=0.8436 
[2019-08-24 20:42:43,195]: length=121 f1=0.8367 accuarcy=0.8370 precision=0.8367 recall=0.8370 auc=0.8338 
[2019-08-24 20:42:51,286]: length=122 f1=0.8367 accuarcy=0.8370 precision=0.8367 recall=0.8370 auc=0.8338 
[2019-08-24 20:42:59,044]: length=123 f1=0.8362 accuarcy=0.8370 precision=0.8372 recall=0.8370 auc=0.8314 
[2019-08-24 20:43:06,863]: length=124 f1=0.8362 accuarcy=0.8370 precision=0.8372 recall=0.8370 auc=0.8314 
[2019-08-24 20:43:14,636]: length=125 f1=0.8474 accuarcy=0.8478 precision=0.8478 recall=0.8478 auc=0.8436 
[2019-08-24 20:43:22,475]: length=126 f1=0.8256 accuarcy=0.8261 precision=0.8259 recall=0.8261 auc=0.8216 
[2019-08-24 20:43:30,401]: length=127 f1=0.8362 accuarcy=0.8370 precision=0.8372 recall=0.8370 auc=0.8314 
[2019-08-24 20:43:38,430]: length=128 f1=0.8468 accuarcy=0.8478 precision=0.8491 recall=0.8478 auc=0.8412 
[2019-08-24 20:43:46,381]: length=129 f1=0.8367 accuarcy=0.8370 precision=0.8367 recall=0.8370 auc=0.8338 
[2019-08-24 20:43:54,155]: length=130 f1=0.8043 accuarcy=0.8043 precision=0.8043 recall=0.8043 auc=0.8020 
[2019-08-24 20:44:02,232]: length=131 f1=0.8580 accuarcy=0.8587 precision=0.8592 recall=0.8587 auc=0.8534 
[2019-08-24 20:44:10,092]: length=132 f1=0.8474 accuarcy=0.8478 precision=0.8478 recall=0.8478 auc=0.8436 
[2019-08-24 20:44:18,139]: length=133 f1=0.8474 accuarcy=0.8478 precision=0.8478 recall=0.8478 auc=0.8436 
[2019-08-24 20:44:26,021]: length=134 f1=0.8474 accuarcy=0.8478 precision=0.8478 recall=0.8478 auc=0.8436 
[2019-08-24 20:44:34,148]: length=135 f1=0.8474 accuarcy=0.8478 precision=0.8478 recall=0.8478 auc=0.8436 
[2019-08-24 20:44:41,989]: length=136 f1=0.8580 accuarcy=0.8587 precision=0.8592 recall=0.8587 auc=0.8534 
[2019-08-24 20:44:50,209]: length=137 f1=0.8362 accuarcy=0.8370 precision=0.8372 recall=0.8370 auc=0.8314 
[2019-08-24 20:44:58,560]: length=138 f1=0.8362 accuarcy=0.8370 precision=0.8372 recall=0.8370 auc=0.8314 
[2019-08-24 20:45:06,940]: length=139 f1=0.8474 accuarcy=0.8478 precision=0.8478 recall=0.8478 auc=0.8436 
[2019-08-24 20:45:15,320]: length=140 f1=0.8474 accuarcy=0.8478 precision=0.8478 recall=0.8478 auc=0.8436 
[2019-08-24 20:45:23,480]: length=141 f1=0.8150 accuarcy=0.8152 precision=0.8149 recall=0.8152 auc=0.8118 
[2019-08-24 20:45:31,515]: length=142 f1=0.8474 accuarcy=0.8478 precision=0.8478 recall=0.8478 auc=0.8436 
[2019-08-24 20:45:39,557]: length=143 f1=0.8474 accuarcy=0.8478 precision=0.8478 recall=0.8478 auc=0.8436 
[2019-08-24 20:45:47,770]: length=144 f1=0.8362 accuarcy=0.8370 precision=0.8372 recall=0.8370 auc=0.8314 
[2019-08-24 20:45:55,779]: length=145 f1=0.8362 accuarcy=0.8370 precision=0.8372 recall=0.8370 auc=0.8314 
[2019-08-24 20:46:04,301]: length=146 f1=0.8468 accuarcy=0.8478 precision=0.8491 recall=0.8478 auc=0.8412 
[2019-08-24 20:46:12,520]: length=147 f1=0.8362 accuarcy=0.8370 precision=0.8372 recall=0.8370 auc=0.8314 
[2019-08-24 20:46:20,585]: length=148 f1=0.8687 accuarcy=0.8696 precision=0.8712 recall=0.8696 auc=0.8632 
[2019-08-24 20:46:30,026]: length=149 f1=0.8367 accuarcy=0.8370 precision=0.8367 recall=0.8370 auc=0.8338 
[2019-08-24 20:46:38,688]: length=150 f1=0.8474 accuarcy=0.8478 precision=0.8478 recall=0.8478 auc=0.8436 
[2019-08-24 20:46:47,248]: length=151 f1=0.8474 accuarcy=0.8478 precision=0.8478 recall=0.8478 auc=0.8436 
[2019-08-24 20:46:55,589]: length=152 f1=0.8367 accuarcy=0.8370 precision=0.8367 recall=0.8370 auc=0.8338 
[2019-08-24 20:47:03,621]: length=153 f1=0.8580 accuarcy=0.8587 precision=0.8592 recall=0.8587 auc=0.8534 
[2019-08-24 20:47:12,749]: length=154 f1=0.8468 accuarcy=0.8478 precision=0.8491 recall=0.8478 auc=0.8412 
[2019-08-24 20:47:21,330]: length=155 f1=0.8468 accuarcy=0.8478 precision=0.8491 recall=0.8478 auc=0.8412 
[2019-08-24 20:47:30,024]: length=156 f1=0.8474 accuarcy=0.8478 precision=0.8478 recall=0.8478 auc=0.8436 
[2019-08-24 20:47:37,854]: length=157 f1=0.8468 accuarcy=0.8478 precision=0.8491 recall=0.8478 auc=0.8412 
[2019-08-24 20:47:45,567]: length=158 f1=0.8249 accuarcy=0.8261 precision=0.8269 recall=0.8261 auc=0.8192 
[2019-08-24 20:47:53,706]: length=159 f1=0.8256 accuarcy=0.8261 precision=0.8259 recall=0.8261 auc=0.8216 
[2019-08-24 20:48:02,647]: length=160 f1=0.8580 accuarcy=0.8587 precision=0.8592 recall=0.8587 auc=0.8534 
[2019-08-24 20:48:11,355]: length=161 f1=0.8687 accuarcy=0.8696 precision=0.8712 recall=0.8696 auc=0.8632 
[2019-08-24 20:48:19,926]: length=162 f1=0.8261 accuarcy=0.8261 precision=0.8261 recall=0.8261 auc=0.8240 
[2019-08-24 20:48:27,426]: length=163 f1=0.8367 accuarcy=0.8370 precision=0.8367 recall=0.8370 auc=0.8338 
[2019-08-24 20:48:35,738]: length=164 f1=0.8474 accuarcy=0.8478 precision=0.8478 recall=0.8478 auc=0.8436 
[2019-08-24 20:48:44,245]: length=165 f1=0.8474 accuarcy=0.8478 precision=0.8478 recall=0.8478 auc=0.8436 
[2019-08-24 20:48:52,555]: length=166 f1=0.8474 accuarcy=0.8478 precision=0.8478 recall=0.8478 auc=0.8436 
[2019-08-24 20:49:01,653]: length=167 f1=0.8468 accuarcy=0.8478 precision=0.8491 recall=0.8478 auc=0.8412 
[2019-08-24 20:49:10,990]: length=168 f1=0.8362 accuarcy=0.8370 precision=0.8372 recall=0.8370 auc=0.8314 
[2019-08-24 20:49:19,302]: length=169 f1=0.8687 accuarcy=0.8696 precision=0.8712 recall=0.8696 auc=0.8632 
[2019-08-24 20:49:27,086]: length=170 f1=0.8474 accuarcy=0.8478 precision=0.8478 recall=0.8478 auc=0.8436 
[2019-08-24 20:49:34,792]: length=171 f1=0.8468 accuarcy=0.8478 precision=0.8491 recall=0.8478 auc=0.8412 
[2019-08-24 20:49:42,352]: length=172 f1=0.8793 accuarcy=0.8804 precision=0.8837 recall=0.8804 auc=0.8730 
[2019-08-24 20:49:50,120]: length=173 f1=0.8362 accuarcy=0.8370 precision=0.8372 recall=0.8370 auc=0.8314 
[2019-08-24 20:49:57,987]: length=174 f1=0.8580 accuarcy=0.8587 precision=0.8592 recall=0.8587 auc=0.8534 
[2019-08-24 20:50:05,813]: length=175 f1=0.8362 accuarcy=0.8370 precision=0.8372 recall=0.8370 auc=0.8314 
[2019-08-24 20:50:13,441]: length=176 f1=0.8362 accuarcy=0.8370 precision=0.8372 recall=0.8370 auc=0.8314 
[2019-08-24 20:50:21,045]: length=177 f1=0.8468 accuarcy=0.8478 precision=0.8491 recall=0.8478 auc=0.8412 
[2019-08-24 20:50:28,801]: length=178 f1=0.8580 accuarcy=0.8587 precision=0.8592 recall=0.8587 auc=0.8534 
[2019-08-24 20:50:28,807]: ----------
[2019-08-24 20:50:28,807]: the max acc = 0.9022
[2019-08-24 20:50:28,807]: ['Hopp_Woods_R' 'basic_polar' 'aromatic' 'Janin_P' 'Cornette_C' 'Rose_I'
 'Janin_D' 'Kyte_Doolittle_I'],length = 8
[2019-08-24 20:50:28,807]: -----------
[2019-08-24 20:50:36,952]: ***confusion matrix***
[2019-08-24 20:50:36,952]:                pos_class      neg_class      
[2019-08-24 20:50:36,952]: pos_class      TP:34             FN:7              
[2019-08-24 20:50:36,952]: neg_class      FP:2              TN:49             
[2019-08-24 20:50:36,953]: f1 =0.9013 
[2019-08-24 20:50:36,953]: accuarcy = 0.9022 
[2019-08-24 20:50:36,954]: precision =0.9059 
[2019-08-24 20:50:36,955]: recall =0.9022
[2019-08-24 20:50:36,955]: auc = 0.8950
[2019-08-24 20:50:36,968]: -----------
[2019-08-24 20:50:36,968]: The output by the terminal's log has been saved in the J:\多设备共享\work\MRMD2.0-github\Logs\201908242025.log.
[2019-08-24 20:50:36,968]: metrics have been saved in the J:\多设备共享\work\MRMD2.0-github\Results\meteixa.csv.
[2019-08-24 20:50:36,968]: reduced dimensional dataset has been saved in the J:\多设备共享\work\MRMD2.0-github\Results\rd.csv.
[2019-08-24 20:50:36,969]: ---mrmd 2.0 end---
