[2019-08-29 20:55:34,141]: ---mrmd 2.0 start----
[2019-08-29 20:55:34,276]: ANOVA start...
[2019-08-29 20:55:34,294]: ANOVA end.
[2019-08-29 20:55:34,294]: mic start...
[2019-08-29 20:55:43,681]: mic end.
[2019-08-29 20:55:43,681]: mrmd start...
[2019-08-29 20:55:43,881]: mrmd end.
[2019-08-29 20:55:43,881]: mRMR start...
[2019-08-29 20:55:46,407]: mRMR end.
[2019-08-29 20:55:46,407]: lasso start...
[2019-08-29 20:55:46,442]: lasso end.
[2019-08-29 20:55:46,443]: chi2 start...
[2019-08-29 20:55:46,469]: chi2 end.
[2019-08-29 20:55:46,469]: ref start...
[2019-08-29 20:55:47,277]: ref end.
[2019-08-29 20:55:47,281]: rank start ...
[2019-08-29 20:55:47,291]: The final  rank is
[2019-08-29 20:55:47,291]: negativecharger.aromatic.gap2 : 0.0078
[2019-08-29 20:55:47,291]: aromatic.postivecharger.gap5 : 0.0078
[2019-08-29 20:55:47,291]: postivecharger.negativecharger.gap5 : 0.0078
[2019-08-29 20:55:47,292]: aromatic.uncharger.gap5 : 0.0078
[2019-08-29 20:55:47,292]: uncharger.aromatic.gap1 : 0.0078
[2019-08-29 20:55:47,292]: aromatic.uncharger.gap1 : 0.0078
[2019-08-29 20:55:47,292]: negativecharger.alphaticr.gap4 : 0.0078
[2019-08-29 20:55:47,292]: alphaticr.alphaticr.gap5 : 0.0077
[2019-08-29 20:55:47,292]: uncharger.uncharger.gap2 : 0.0076
[2019-08-29 20:55:47,292]: alphaticr.postivecharger.gap3 : 0.0076
[2019-08-29 20:55:47,292]: uncharger.postivecharger.gap1 : 0.0076
[2019-08-29 20:55:47,292]: uncharger.alphaticr.gap0 : 0.0076
[2019-08-29 20:55:47,292]: negativecharger.alphaticr.gap3 : 0.0076
[2019-08-29 20:55:47,292]: alphaticr.alphaticr.gap0 : 0.0075
[2019-08-29 20:55:47,292]: postivecharger.uncharger.gap3 : 0.0075
[2019-08-29 20:55:47,292]: alphaticr.aromatic.gap2 : 0.0075
[2019-08-29 20:55:47,292]: postivecharger.aromatic.gap3 : 0.0075
[2019-08-29 20:55:47,293]: uncharger.alphaticr.gap5 : 0.0075
[2019-08-29 20:55:47,293]: uncharger.aromatic.gap0 : 0.0074
[2019-08-29 20:55:47,293]: postivecharger.postivecharger.gap1 : 0.0074
[2019-08-29 20:55:47,293]: alphaticr.negativecharger.gap3 : 0.0074
[2019-08-29 20:55:47,293]: uncharger.uncharger.gap3 : 0.0074
[2019-08-29 20:55:47,293]: aromatic.negativecharger.gap5 : 0.0074
[2019-08-29 20:55:47,293]: aromatic.uncharger.gap4 : 0.0073
[2019-08-29 20:55:47,293]: uncharger.negativecharger.gap1 : 0.0073
[2019-08-29 20:55:47,293]: alphaticr.alphaticr.gap4 : 0.0073
[2019-08-29 20:55:47,293]: aromatic.alphaticr.gap4 : 0.0073
[2019-08-29 20:55:47,293]: aromatic.negativecharger.gap0 : 0.0073
[2019-08-29 20:55:47,293]: postivecharger.alphaticr.gap1 : 0.0073
[2019-08-29 20:55:47,293]: postivecharger.uncharger.gap0 : 0.0073
[2019-08-29 20:55:47,293]: alphaticr.alphaticr.gap1 : 0.0073
[2019-08-29 20:55:47,293]: uncharger.postivecharger.gap0 : 0.0073
[2019-08-29 20:55:47,294]: postivecharger.uncharger.gap2 : 0.0073
[2019-08-29 20:55:47,294]: alphaticr.aromatic.gap0 : 0.0073
[2019-08-29 20:55:47,294]: uncharger.alphaticr.gap1 : 0.0072
[2019-08-29 20:55:47,294]: postivecharger.alphaticr.gap0 : 0.0072
[2019-08-29 20:55:47,294]: postivecharger.uncharger.gap4 : 0.0072
[2019-08-29 20:55:47,294]: uncharger.postivecharger.gap2 : 0.0072
[2019-08-29 20:55:47,294]: uncharger.aromatic.gap5 : 0.0072
[2019-08-29 20:55:47,294]: uncharger.aromatic.gap3 : 0.0072
[2019-08-29 20:55:47,294]: uncharger.postivecharger.gap4 : 0.0072
[2019-08-29 20:55:47,294]: negativecharger.alphaticr.gap0 : 0.0071
[2019-08-29 20:55:47,294]: aromatic.uncharger.gap0 : 0.0071
[2019-08-29 20:55:47,294]: postivecharger.postivecharger.gap4 : 0.0071
[2019-08-29 20:55:47,294]: negativecharger.uncharger.gap2 : 0.0071
[2019-08-29 20:55:47,294]: uncharger.alphaticr.gap2 : 0.0071
[2019-08-29 20:55:47,295]: alphaticr.negativecharger.gap5 : 0.0070
[2019-08-29 20:55:47,295]: aromatic.postivecharger.gap4 : 0.0070
[2019-08-29 20:55:47,295]: negativecharger.aromatic.gap3 : 0.0070
[2019-08-29 20:55:47,295]: uncharger.postivecharger.gap5 : 0.0069
[2019-08-29 20:55:47,295]: aromatic.negativecharger.gap1 : 0.0069
[2019-08-29 20:55:47,295]: postivecharger.uncharger.gap5 : 0.0068
[2019-08-29 20:55:47,295]: negativecharger.postivecharger.gap1 : 0.0068
[2019-08-29 20:55:47,295]: aromatic.uncharger.gap2 : 0.0068
[2019-08-29 20:55:47,295]: alphaticr.negativecharger.gap0 : 0.0068
[2019-08-29 20:55:47,295]: postivecharger.alphaticr.gap5 : 0.0068
[2019-08-29 20:55:47,295]: negativecharger.alphaticr.gap1 : 0.0068
[2019-08-29 20:55:47,295]: negativecharger.uncharger.gap1 : 0.0068
[2019-08-29 20:55:47,296]: alphaticr.aromatic.gap1 : 0.0068
[2019-08-29 20:55:47,296]: aromatic.aromatic.gap4 : 0.0068
[2019-08-29 20:55:47,296]: aromatic.aromatic.gap0 : 0.0068
[2019-08-29 20:55:47,296]: negativecharger.alphaticr.gap5 : 0.0067
[2019-08-29 20:55:47,296]: negativecharger.postivecharger.gap2 : 0.0067
[2019-08-29 20:55:47,296]: uncharger.aromatic.gap4 : 0.0066
[2019-08-29 20:55:47,296]: aromatic.aromatic.gap1 : 0.0066
[2019-08-29 20:55:47,296]: aromatic.alphaticr.gap1 : 0.0066
[2019-08-29 20:55:47,296]: alphaticr.alphaticr.gap2 : 0.0066
[2019-08-29 20:55:47,296]: alphaticr.uncharger.gap4 : 0.0066
[2019-08-29 20:55:47,297]: negativecharger.uncharger.gap5 : 0.0066
[2019-08-29 20:55:47,297]: postivecharger.aromatic.gap4 : 0.0066
[2019-08-29 20:55:47,297]: postivecharger.negativecharger.gap0 : 0.0066
[2019-08-29 20:55:47,297]: uncharger.negativecharger.gap5 : 0.0066
[2019-08-29 20:55:47,297]: negativecharger.aromatic.gap5 : 0.0066
[2019-08-29 20:55:47,297]: postivecharger.aromatic.gap2 : 0.0065
[2019-08-29 20:55:47,297]: alphaticr.postivecharger.gap2 : 0.0065
[2019-08-29 20:55:47,297]: aromatic.aromatic.gap5 : 0.0065
[2019-08-29 20:55:47,297]: aromatic.negativecharger.gap3 : 0.0065
[2019-08-29 20:55:47,297]: aromatic.postivecharger.gap0 : 0.0065
[2019-08-29 20:55:47,297]: alphaticr.negativecharger.gap1 : 0.0065
[2019-08-29 20:55:47,297]: alphaticr.uncharger.gap5 : 0.0065
[2019-08-29 20:55:47,297]: negativecharger.negativecharger.gap2 : 0.0065
[2019-08-29 20:55:47,297]: postivecharger.postivecharger.gap0 : 0.0065
[2019-08-29 20:55:47,298]: uncharger.alphaticr.gap3 : 0.0065
[2019-08-29 20:55:47,298]: alphaticr.aromatic.gap5 : 0.0065
[2019-08-29 20:55:47,298]: alphaticr.uncharger.gap3 : 0.0065
[2019-08-29 20:55:47,298]: uncharger.aromatic.gap2 : 0.0065
[2019-08-29 20:55:47,298]: negativecharger.postivecharger.gap0 : 0.0065
[2019-08-29 20:55:47,298]: negativecharger.aromatic.gap0 : 0.0065
[2019-08-29 20:55:47,298]: negativecharger.alphaticr.gap2 : 0.0065
[2019-08-29 20:55:47,298]: aromatic.postivecharger.gap3 : 0.0065
[2019-08-29 20:55:47,298]: postivecharger.negativecharger.gap4 : 0.0065
[2019-08-29 20:55:47,298]: aromatic.negativecharger.gap4 : 0.0064
[2019-08-29 20:55:47,298]: uncharger.alphaticr.gap4 : 0.0064
[2019-08-29 20:55:47,298]: uncharger.negativecharger.gap4 : 0.0064
[2019-08-29 20:55:47,298]: negativecharger.negativecharger.gap1 : 0.0064
[2019-08-29 20:55:47,298]: aromatic.aromatic.gap3 : 0.0064
[2019-08-29 20:55:47,299]: postivecharger.postivecharger.gap2 : 0.0064
[2019-08-29 20:55:47,299]: postivecharger.aromatic.gap1 : 0.0064
[2019-08-29 20:55:47,299]: negativecharger.uncharger.gap0 : 0.0064
[2019-08-29 20:55:47,299]: postivecharger.alphaticr.gap2 : 0.0064
[2019-08-29 20:55:47,299]: alphaticr.aromatic.gap3 : 0.0064
[2019-08-29 20:55:47,299]: postivecharger.alphaticr.gap3 : 0.0064
[2019-08-29 20:55:47,299]: alphaticr.uncharger.gap0 : 0.0064
[2019-08-29 20:55:47,299]: negativecharger.aromatic.gap1 : 0.0064
[2019-08-29 20:55:47,299]: alphaticr.postivecharger.gap1 : 0.0064
[2019-08-29 20:55:47,299]: alphaticr.postivecharger.gap4 : 0.0064
[2019-08-29 20:55:47,299]: uncharger.uncharger.gap4 : 0.0064
[2019-08-29 20:55:47,299]: postivecharger.uncharger.gap1 : 0.0064
[2019-08-29 20:55:47,299]: negativecharger.postivecharger.gap4 : 0.0064
[2019-08-29 20:55:47,299]: postivecharger.postivecharger.gap5 : 0.0064
[2019-08-29 20:55:47,299]: alphaticr.alphaticr.gap3 : 0.0064
[2019-08-29 20:55:47,300]: postivecharger.negativecharger.gap1 : 0.0064
[2019-08-29 20:55:47,300]: negativecharger.negativecharger.gap4 : 0.0063
[2019-08-29 20:55:47,300]: aromatic.uncharger.gap3 : 0.0063
[2019-08-29 20:55:47,300]: alphaticr.negativecharger.gap4 : 0.0063
[2019-08-29 20:55:47,300]: postivecharger.negativecharger.gap2 : 0.0063
[2019-08-29 20:55:47,300]: postivecharger.aromatic.gap0 : 0.0063
[2019-08-29 20:55:47,300]: uncharger.negativecharger.gap3 : 0.0063
[2019-08-29 20:55:47,300]: uncharger.negativecharger.gap2 : 0.0063
[2019-08-29 20:55:47,300]: negativecharger.negativecharger.gap0 : 0.0063
[2019-08-29 20:55:47,300]: uncharger.negativecharger.gap0 : 0.0063
[2019-08-29 20:55:47,300]: alphaticr.aromatic.gap4 : 0.0063
[2019-08-29 20:55:47,300]: aromatic.postivecharger.gap2 : 0.0063
[2019-08-29 20:55:47,300]: negativecharger.postivecharger.gap3 : 0.0063
[2019-08-29 20:55:47,301]: postivecharger.alphaticr.gap4 : 0.0063
[2019-08-29 20:55:47,301]: postivecharger.aromatic.gap5 : 0.0063
[2019-08-29 20:55:47,301]: aromatic.aromatic.gap2 : 0.0063
[2019-08-29 20:55:47,301]: aromatic.negativecharger.gap2 : 0.0062
[2019-08-29 20:55:47,301]: alphaticr.negativecharger.gap2 : 0.0062
[2019-08-29 20:55:47,301]: negativecharger.uncharger.gap4 : 0.0062
[2019-08-29 20:55:47,301]: alphaticr.uncharger.gap2 : 0.0062
[2019-08-29 20:55:47,301]: negativecharger.uncharger.gap3 : 0.0062
[2019-08-29 20:55:47,301]: uncharger.uncharger.gap0 : 0.0061
[2019-08-29 20:55:47,301]: negativecharger.aromatic.gap4 : 0.0060
[2019-08-29 20:55:47,301]: uncharger.postivecharger.gap3 : 0.0060
[2019-08-29 20:55:47,301]: uncharger.uncharger.gap1 : 0.0059
[2019-08-29 20:55:47,301]: alphaticr.postivecharger.gap5 : 0.0059
[2019-08-29 20:55:47,301]: aromatic.alphaticr.gap2 : 0.0058
[2019-08-29 20:55:47,302]: aromatic.alphaticr.gap5 : 0.0058
[2019-08-29 20:55:47,302]: alphaticr.uncharger.gap1 : 0.0058
[2019-08-29 20:55:47,302]: postivecharger.negativecharger.gap3 : 0.0056
[2019-08-29 20:55:47,302]: negativecharger.negativecharger.gap5 : 0.0056
[2019-08-29 20:55:47,302]: alphaticr.postivecharger.gap0 : 0.0056
[2019-08-29 20:55:47,302]: negativecharger.postivecharger.gap5 : 0.0054
[2019-08-29 20:55:47,302]: aromatic.postivecharger.gap1 : 0.0054
[2019-08-29 20:55:47,302]: postivecharger.postivecharger.gap3 : 0.0054
[2019-08-29 20:55:47,302]: negativecharger.negativecharger.gap3 : 0.0053
[2019-08-29 20:55:47,302]: uncharger.uncharger.gap5 : 0.0048
[2019-08-29 20:55:47,302]: aromatic.alphaticr.gap0 : 0.0048
[2019-08-29 20:55:47,302]: aromatic.alphaticr.gap3 : 0.0046
[2019-08-29 20:55:47,302]: feature_rank end
[2019-08-29 20:55:47,352]: Start dimension reduction ...
[2019-08-29 20:55:54,739]: length=1 f1=0.5254 accuarcy=0.5273 precision=0.5249 recall=0.5273 auc=0.5221 
[2019-08-29 20:56:02,241]: length=2 f1=0.5178 accuarcy=0.5182 precision=0.5175 recall=0.5182 auc=0.5150 
[2019-08-29 20:56:09,888]: length=3 f1=0.5273 accuarcy=0.5273 precision=0.5273 recall=0.5273 auc=0.5248 
[2019-08-29 20:56:17,621]: length=4 f1=0.5265 accuarcy=0.5273 precision=0.5260 recall=0.5273 auc=0.5234 
[2019-08-29 20:56:25,027]: length=5 f1=0.5254 accuarcy=0.5273 precision=0.5249 recall=0.5273 auc=0.5221 
[2019-08-29 20:56:32,308]: length=6 f1=0.5704 accuarcy=0.5727 precision=0.5704 recall=0.5727 auc=0.5671 
[2019-08-29 20:56:40,002]: length=7 f1=0.6070 accuarcy=0.6091 precision=0.6074 recall=0.6091 auc=0.6037 
[2019-08-29 20:56:47,646]: length=8 f1=0.6521 accuarcy=0.6545 precision=0.6536 recall=0.6545 auc=0.6487 
[2019-08-29 20:56:55,602]: length=9 f1=0.6252 accuarcy=0.6273 precision=0.6258 recall=0.6273 auc=0.6220 
[2019-08-29 20:57:03,569]: length=10 f1=0.6056 accuarcy=0.6091 precision=0.6072 recall=0.6091 auc=0.6024 
