[2019-08-29 20:27:47,037]: ---mrmd 2.0 start----
[2019-08-29 20:27:47,114]: ANOVA start...
[2019-08-29 20:27:47,126]: ANOVA end.
[2019-08-29 20:27:47,126]: mic start...
[2019-08-29 20:27:56,466]: mic end.
[2019-08-29 20:27:56,466]: mrmd start...
[2019-08-29 20:27:56,730]: mrmd end.
[2019-08-29 20:27:56,730]: mRMR start...
[2019-08-29 20:28:00,630]: mRMR end.
[2019-08-29 20:28:00,630]: lasso start...
[2019-08-29 20:28:00,685]: lasso end.
[2019-08-29 20:28:00,685]: chi2 start...
[2019-08-29 20:28:00,710]: chi2 end.
[2019-08-29 20:28:00,710]: ref start...
[2019-08-29 20:28:01,943]: ref end.
[2019-08-29 20:28:01,948]: rank start ...
[2019-08-29 20:28:01,960]: The final  rank is
[2019-08-29 20:28:01,961]: Hopp_Woods_R : 0.0071
[2019-08-29 20:28:01,961]: basic_polar : 0.0070
[2019-08-29 20:28:01,961]: Rose_I : 0.0067
[2019-08-29 20:28:01,961]: Janin_W : 0.0067
[2019-08-29 20:28:01,961]: aromatic : 0.0067
[2019-08-29 20:28:01,961]: Janin_P : 0.0067
[2019-08-29 20:28:01,961]: Cornette_C : 0.0066
[2019-08-29 20:28:01,961]: Kyte_Doolittle_I : 0.0066
[2019-08-29 20:28:01,961]: Janin_D : 0.0066
[2019-08-29 20:28:01,961]: hydrophily : 0.0066
[2019-08-29 20:28:01,961]: Kyte_Doolittle_A : 0.0066
[2019-08-29 20:28:01,961]: Cornette_V : 0.0065
[2019-08-29 20:28:01,962]: Engelman_GES_W : 0.0065
[2019-08-29 20:28:01,962]: Cornette_T : 0.0065
[2019-08-29 20:28:01,962]: Engelman_GES_D : 0.0065
[2019-08-29 20:28:01,962]: Eisenberg_R : 0.0064
[2019-08-29 20:28:01,962]: Engelman_GES_S : 0.0064
[2019-08-29 20:28:01,962]: Engelman_GES_E : 0.0064
[2019-08-29 20:28:01,962]: Engelman_GES_N : 0.0064
[2019-08-29 20:28:01,962]: Rose_S : 0.0064
[2019-08-29 20:28:01,962]: Hopp_Woods_I : 0.0063
[2019-08-29 20:28:01,962]: Hopp_Woods_A : 0.0063
[2019-08-29 20:28:01,962]: Hopp_Woods_D : 0.0063
[2019-08-29 20:28:01,962]: Engelman_GES_R : 0.0063
[2019-08-29 20:28:01,962]: Janin_Q : 0.0062
[2019-08-29 20:28:01,963]: Cornette_F : 0.0062
[2019-08-29 20:28:01,963]: Cornette_K : 0.0062
[2019-08-29 20:28:01,963]: Cornette_P : 0.0062
[2019-08-29 20:28:01,963]: Rose_H : 0.0062
[2019-08-29 20:28:01,963]: Eisenberg_N : 0.0061
[2019-08-29 20:28:01,963]: Cornette_D : 0.0061
[2019-08-29 20:28:01,963]: Engelman_GES_L : 0.0061
[2019-08-29 20:28:01,963]: Rose_L : 0.0061
[2019-08-29 20:28:01,963]: C : 0.0061
[2019-08-29 20:28:01,963]: Cornette_E : 0.0061
[2019-08-29 20:28:01,963]: Kyte_Doolittle_P : 0.0061
[2019-08-29 20:28:01,963]: Rose_Q : 0.0060
[2019-08-29 20:28:01,963]: Engelman_GES_F : 0.0060
[2019-08-29 20:28:01,964]: Janin_H : 0.0060
[2019-08-29 20:28:01,964]: Kyte_Doolittle_W : 0.0060
[2019-08-29 20:28:01,964]: Kyte_Doolittle_K : 0.0060
[2019-08-29 20:28:01,964]: Janin_V : 0.0059
[2019-08-29 20:28:01,964]: Kyte_Doolittle_C : 0.0059
[2019-08-29 20:28:01,964]: Kyte_Doolittle_H : 0.0059
[2019-08-29 20:28:01,964]: Cornette_H : 0.0059
[2019-08-29 20:28:01,964]: K : 0.0059
[2019-08-29 20:28:01,964]: Hopp_Woods_F : 0.0059
[2019-08-29 20:28:01,964]: F : 0.0059
[2019-08-29 20:28:01,964]: Eisenberg_Y : 0.0059
[2019-08-29 20:28:01,964]: Janin_Y : 0.0059
[2019-08-29 20:28:01,964]: Kyte_Doolittle_L : 0.0058
[2019-08-29 20:28:01,964]: alphatic : 0.0058
[2019-08-29 20:28:01,965]: Rose_T : 0.0058
[2019-08-29 20:28:01,965]: Rose_R : 0.0058
[2019-08-29 20:28:01,965]: P : 0.0058
[2019-08-29 20:28:01,965]: Rose_W : 0.0058
[2019-08-29 20:28:01,965]: Eisenberg_D : 0.0058
[2019-08-29 20:28:01,965]: Eisenberg_K : 0.0058
[2019-08-29 20:28:01,965]: Cornette_S : 0.0058
[2019-08-29 20:28:01,965]: I : 0.0058
[2019-08-29 20:28:01,965]: Q : 0.0058
[2019-08-29 20:28:01,965]: Rose_P : 0.0058
[2019-08-29 20:28:01,965]: Kyte_Doolittle_N : 0.0058
[2019-08-29 20:28:01,965]: nonpolar : 0.0057
[2019-08-29 20:28:01,965]: Engelman_GES_P : 0.0057
[2019-08-29 20:28:01,965]: Rose_V : 0.0057
[2019-08-29 20:28:01,966]: Hopp_Woods_N : 0.0057
[2019-08-29 20:28:01,966]: S : 0.0057
[2019-08-29 20:28:01,966]: Janin_A : 0.0057
[2019-08-29 20:28:01,966]: Eisenberg_V : 0.0057
[2019-08-29 20:28:01,966]: Eisenberg_W : 0.0057
[2019-08-29 20:28:01,966]: moderate : 0.0057
[2019-08-29 20:28:01,966]: Rose_M : 0.0057
[2019-08-29 20:28:01,966]: Cornette_W : 0.0057
[2019-08-29 20:28:01,966]: Hopp_Woods_H : 0.0057
[2019-08-29 20:28:01,966]: Engelman_GES_Y : 0.0057
[2019-08-29 20:28:01,966]: Janin_L : 0.0056
[2019-08-29 20:28:01,966]: Eisenberg_M : 0.0056
[2019-08-29 20:28:01,966]: Engelman_GES_T : 0.0056
[2019-08-29 20:28:01,967]: aliphatic : 0.0056
[2019-08-29 20:28:01,967]: Engelman_GES_Q : 0.0056
[2019-08-29 20:28:01,967]: Eisenberg_Q : 0.0056
[2019-08-29 20:28:01,967]: V : 0.0056
[2019-08-29 20:28:01,967]: Eisenberg_S : 0.0056
[2019-08-29 20:28:01,967]: Eisenberg_T : 0.0056
[2019-08-29 20:28:01,967]: Engelman_GES_K : 0.0056
[2019-08-29 20:28:01,967]: negativecharge : 0.0056
[2019-08-29 20:28:01,967]: Kyte_Doolittle_D : 0.0056
[2019-08-29 20:28:01,967]: T : 0.0056
[2019-08-29 20:28:01,967]: Janin_T : 0.0056
[2019-08-29 20:28:01,967]: Kyte_Doolittle_Y : 0.0056
[2019-08-29 20:28:01,968]: Janin_I : 0.0056
[2019-08-29 20:28:01,968]: Hopp_Woods_Q : 0.0056
[2019-08-29 20:28:01,968]: Kyte_Doolittle_S : 0.0056
[2019-08-29 20:28:01,968]: Cornette_A : 0.0056
[2019-08-29 20:28:01,968]: Kyte_Doolittle_F : 0.0056
[2019-08-29 20:28:01,968]: Hopp_Woods_M : 0.0056
[2019-08-29 20:28:01,968]: Kyte_Doolittle_R : 0.0056
[2019-08-29 20:28:01,968]: uncharge : 0.0056
[2019-08-29 20:28:01,968]: Y : 0.0056
[2019-08-29 20:28:01,968]: polar : 0.0056
[2019-08-29 20:28:01,968]: Cornette_Q : 0.0056
[2019-08-29 20:28:01,968]: Kyte_Doolittle_M : 0.0055
[2019-08-29 20:28:01,968]: Rose_D : 0.0055
[2019-08-29 20:28:01,969]: Kyte_Doolittle_E : 0.0055
[2019-08-29 20:28:01,969]: Kyte_Doolittle_G : 0.0055
[2019-08-29 20:28:01,969]: positve : 0.0055
[2019-08-29 20:28:01,969]: Kyte_Doolittle_Q : 0.0055
[2019-08-29 20:28:01,969]: Eisenberg_P : 0.0055
[2019-08-29 20:28:01,969]: Cornette_Y : 0.0055
[2019-08-29 20:28:01,969]: Rose_A : 0.0055
[2019-08-29 20:28:01,969]: Engelman_GES_H : 0.0055
[2019-08-29 20:28:01,969]: Eisenberg_A : 0.0055
[2019-08-29 20:28:01,969]: Cornette_M : 0.0055
[2019-08-29 20:28:01,969]: postivecharge : 0.0055
[2019-08-29 20:28:01,969]: Hopp_Woods_S : 0.0055
[2019-08-29 20:28:01,969]: Hopp_Woods_L : 0.0055
[2019-08-29 20:28:01,970]: Engelman_GES_V : 0.0055
[2019-08-29 20:28:01,970]: Hopp_Woods_V : 0.0055
[2019-08-29 20:28:01,970]: Cornette_L : 0.0055
[2019-08-29 20:28:01,970]: Janin_K : 0.0055
[2019-08-29 20:28:01,970]: R : 0.0055
[2019-08-29 20:28:01,970]: D : 0.0055
[2019-08-29 20:28:01,970]: Eisenberg_L : 0.0055
[2019-08-29 20:28:01,970]: Eisenberg_H : 0.0055
[2019-08-29 20:28:01,970]: Hopp_Woods_Y : 0.0055
[2019-08-29 20:28:01,970]: Engelman_GES_G : 0.0055
[2019-08-29 20:28:01,970]: G : 0.0055
[2019-08-29 20:28:01,970]: E : 0.0054
[2019-08-29 20:28:01,970]: Hopp_Woods_C : 0.0054
[2019-08-29 20:28:01,970]: N : 0.0054
[2019-08-29 20:28:01,971]: Rose_F : 0.0054
[2019-08-29 20:28:01,971]: Janin_F : 0.0054
[2019-08-29 20:28:01,971]: hydrophobicity : 0.0054
[2019-08-29 20:28:01,971]: M : 0.0054
[2019-08-29 20:28:01,971]: Hopp_Woods_K : 0.0054
[2019-08-29 20:28:01,971]: Janin_E : 0.0054
[2019-08-29 20:28:01,971]: Eisenberg_I : 0.0054
[2019-08-29 20:28:01,971]: Hopp_Woods_E : 0.0054
[2019-08-29 20:28:01,971]: Janin_N : 0.0054
[2019-08-29 20:28:01,971]: Engelman_GES_A : 0.0054
[2019-08-29 20:28:01,971]: H : 0.0054
[2019-08-29 20:28:01,971]: Janin_M : 0.0054
[2019-08-29 20:28:01,971]: Engelman_GES_M : 0.0053
[2019-08-29 20:28:01,972]: Rose_C : 0.0053
[2019-08-29 20:28:01,972]: Engelman_GES_C : 0.0053
[2019-08-29 20:28:01,972]: neutral : 0.0053
[2019-08-29 20:28:01,972]: Eisenberg_C : 0.0053
[2019-08-29 20:28:01,972]: Rose_N : 0.0053
[2019-08-29 20:28:01,972]: W : 0.0053
[2019-08-29 20:28:01,972]: Eisenberg_G : 0.0053
[2019-08-29 20:28:01,972]: Rose_K : 0.0052
[2019-08-29 20:28:01,972]: Kyte_Doolittle_T : 0.0051
[2019-08-29 20:28:01,972]: Janin_R : 0.0051
[2019-08-29 20:28:01,972]: negative : 0.0051
[2019-08-29 20:28:01,972]: Hopp_Woods_T : 0.0050
[2019-08-29 20:28:01,972]: Janin_S : 0.0050
[2019-08-29 20:28:01,972]: Janin_G : 0.0050
[2019-08-29 20:28:01,973]: A : 0.0050
[2019-08-29 20:28:01,973]: Rose_E : 0.0050
[2019-08-29 20:28:01,973]: Engelman_GES_I : 0.0050
[2019-08-29 20:28:01,973]: Hopp_Woods_W : 0.0050
[2019-08-29 20:28:01,973]: Cornette_R : 0.0049
[2019-08-29 20:28:01,973]: Cornette_I : 0.0049
[2019-08-29 20:28:01,973]: Eisenberg_E : 0.0049
[2019-08-29 20:28:01,973]: Eisenberg_F : 0.0049
[2019-08-29 20:28:01,973]: Kyte_Doolittle_V : 0.0048
[2019-08-29 20:28:01,973]: Rose_Y : 0.0047
[2019-08-29 20:28:01,973]: L : 0.0047
[2019-08-29 20:28:01,974]: heterocyclics : 0.0047
[2019-08-29 20:28:01,974]: Janin_C : 0.0047
[2019-08-29 20:28:01,974]: aromatic.1 : 0.0044
[2019-08-29 20:28:01,974]: acidic_polar : 0.0043
[2019-08-29 20:28:01,974]: Rose_G : 0.0043
[2019-08-29 20:28:01,974]: Cornette_N : 0.0043
[2019-08-29 20:28:01,974]: Hopp_Woods_P : 0.0031
[2019-08-29 20:28:01,974]: Hopp_Woods_G : 0.0031
[2019-08-29 20:28:01,974]: Cornette_G : 0.0030
[2019-08-29 20:28:01,974]: feature_rank end
[2019-08-29 20:28:02,048]: Start dimension reduction ...
[2019-08-29 20:28:09,506]: length=1 f1=0.6559 accuarcy=0.6630 precision=0.6620 recall=0.6630 auc=0.6483 
[2019-08-29 20:28:17,174]: length=2 f1=0.6626 accuarcy=0.6630 precision=0.6623 recall=0.6630 auc=0.6578 
[2019-08-29 20:28:24,685]: length=3 f1=0.7258 accuarcy=0.7283 precision=0.7277 recall=0.7283 auc=0.7190 
[2019-08-29 20:28:31,969]: length=4 f1=0.6936 accuarcy=0.6957 precision=0.6942 recall=0.6957 auc=0.6872 
[2019-08-29 20:28:39,246]: length=5 f1=0.7811 accuarcy=0.7826 precision=0.7827 recall=0.7826 auc=0.7752 
[2019-08-29 20:28:46,508]: length=6 f1=0.7916 accuarcy=0.7935 precision=0.7946 recall=0.7935 auc=0.7850 
[2019-08-29 20:28:54,318]: length=7 f1=0.8580 accuarcy=0.8587 precision=0.8592 recall=0.8587 auc=0.8534 
[2019-08-29 20:29:01,996]: length=8 f1=0.8673 accuarcy=0.8696 precision=0.8790 recall=0.8696 auc=0.8584 
[2019-08-29 20:29:09,565]: length=9 f1=0.8793 accuarcy=0.8804 precision=0.8837 recall=0.8804 auc=0.8730 
[2019-08-29 20:29:16,853]: length=10 f1=0.8793 accuarcy=0.8804 precision=0.8837 recall=0.8804 auc=0.8730 
[2019-08-29 20:29:25,126]: length=11 f1=0.8680 accuarcy=0.8696 precision=0.8743 recall=0.8696 auc=0.8608 
[2019-08-29 20:29:32,534]: length=12 f1=0.8680 accuarcy=0.8696 precision=0.8743 recall=0.8696 auc=0.8608 
[2019-08-29 20:29:39,933]: length=13 f1=0.9007 accuarcy=0.9022 precision=0.9104 recall=0.9022 auc=0.8926 
[2019-08-29 20:29:48,240]: length=14 f1=0.8574 accuarcy=0.8587 precision=0.8614 recall=0.8587 auc=0.8510 
[2019-08-29 20:29:55,564]: length=15 f1=0.8787 accuarcy=0.8804 precision=0.8878 recall=0.8804 auc=0.8706 
[2019-08-29 20:30:03,160]: length=16 f1=0.9013 accuarcy=0.9022 precision=0.9059 recall=0.9022 auc=0.8950 
[2019-08-29 20:30:10,557]: length=17 f1=0.8906 accuarcy=0.8913 precision=0.8933 recall=0.8913 auc=0.8852 
[2019-08-29 20:30:17,817]: length=18 f1=0.8799 accuarcy=0.8804 precision=0.8812 recall=0.8804 auc=0.8754 
[2019-08-29 20:30:25,832]: length=19 f1=0.8585 accuarcy=0.8587 precision=0.8585 recall=0.8587 auc=0.8558 
[2019-08-29 20:30:33,291]: length=20 f1=0.8474 accuarcy=0.8478 precision=0.8478 recall=0.8478 auc=0.8436 
[2019-08-29 20:30:40,756]: length=21 f1=0.8574 accuarcy=0.8587 precision=0.8614 recall=0.8587 auc=0.8510 
[2019-08-29 20:30:48,154]: length=22 f1=0.8574 accuarcy=0.8587 precision=0.8614 recall=0.8587 auc=0.8510 
[2019-08-29 20:30:55,413]: length=23 f1=0.8793 accuarcy=0.8804 precision=0.8837 recall=0.8804 auc=0.8730 
[2019-08-29 20:31:03,120]: length=24 f1=0.8580 accuarcy=0.8587 precision=0.8592 recall=0.8587 auc=0.8534 
[2019-08-29 20:31:10,736]: length=25 f1=0.8692 accuarcy=0.8696 precision=0.8696 recall=0.8696 auc=0.8656 
[2019-08-29 20:31:18,051]: length=26 f1=0.8474 accuarcy=0.8478 precision=0.8478 recall=0.8478 auc=0.8436 
[2019-08-29 20:31:25,717]: length=27 f1=0.8793 accuarcy=0.8804 precision=0.8837 recall=0.8804 auc=0.8730 
[2019-08-29 20:31:33,328]: length=28 f1=0.8249 accuarcy=0.8261 precision=0.8269 recall=0.8261 auc=0.8192 
[2019-08-29 20:31:40,760]: length=29 f1=0.8362 accuarcy=0.8370 precision=0.8372 recall=0.8370 auc=0.8314 
[2019-08-29 20:31:48,397]: length=30 f1=0.8687 accuarcy=0.8696 precision=0.8712 recall=0.8696 auc=0.8632 
[2019-08-29 20:31:55,817]: length=31 f1=0.8150 accuarcy=0.8152 precision=0.8149 recall=0.8152 auc=0.8118 
[2019-08-29 20:32:03,506]: length=32 f1=0.8474 accuarcy=0.8478 precision=0.8478 recall=0.8478 auc=0.8436 
[2019-08-29 20:32:11,374]: length=33 f1=0.8680 accuarcy=0.8696 precision=0.8743 recall=0.8696 auc=0.8608 
[2019-08-29 20:32:18,924]: length=34 f1=0.8580 accuarcy=0.8587 precision=0.8592 recall=0.8587 auc=0.8534 
[2019-08-29 20:32:26,261]: length=35 f1=0.8474 accuarcy=0.8478 precision=0.8478 recall=0.8478 auc=0.8436 
[2019-08-29 20:32:33,881]: length=36 f1=0.8474 accuarcy=0.8478 precision=0.8478 recall=0.8478 auc=0.8436 
[2019-08-29 20:32:41,208]: length=37 f1=0.8687 accuarcy=0.8696 precision=0.8712 recall=0.8696 auc=0.8632 
[2019-08-29 20:32:48,635]: length=38 f1=0.8264 accuarcy=0.8261 precision=0.8275 recall=0.8261 auc=0.8264 
[2019-08-29 20:32:55,916]: length=39 f1=0.8478 accuarcy=0.8478 precision=0.8478 recall=0.8478 auc=0.8460 
[2019-08-29 20:33:03,161]: length=40 f1=0.8585 accuarcy=0.8587 precision=0.8585 recall=0.8587 auc=0.8558 
[2019-08-29 20:33:10,445]: length=41 f1=0.8474 accuarcy=0.8478 precision=0.8478 recall=0.8478 auc=0.8436 
[2019-08-29 20:33:18,315]: length=42 f1=0.8474 accuarcy=0.8478 precision=0.8478 recall=0.8478 auc=0.8436 
[2019-08-29 20:33:25,683]: length=43 f1=0.8468 accuarcy=0.8478 precision=0.8491 recall=0.8478 auc=0.8412 
[2019-08-29 20:33:33,345]: length=44 f1=0.8367 accuarcy=0.8370 precision=0.8367 recall=0.8370 auc=0.8338 
[2019-08-29 20:33:40,795]: length=45 f1=0.8687 accuarcy=0.8696 precision=0.8712 recall=0.8696 auc=0.8632 
[2019-08-29 20:33:48,374]: length=46 f1=0.8474 accuarcy=0.8478 precision=0.8478 recall=0.8478 auc=0.8436 
[2019-08-29 20:33:55,825]: length=47 f1=0.8367 accuarcy=0.8370 precision=0.8367 recall=0.8370 auc=0.8338 
[2019-08-29 20:34:03,231]: length=48 f1=0.8474 accuarcy=0.8478 precision=0.8478 recall=0.8478 auc=0.8436 
[2019-08-29 20:34:10,644]: length=49 f1=0.8362 accuarcy=0.8370 precision=0.8372 recall=0.8370 auc=0.8314 
[2019-08-29 20:34:18,279]: length=50 f1=0.8474 accuarcy=0.8478 precision=0.8478 recall=0.8478 auc=0.8436 
[2019-08-29 20:34:26,061]: length=51 f1=0.8261 accuarcy=0.8261 precision=0.8261 recall=0.8261 auc=0.8240 
[2019-08-29 20:34:34,433]: length=52 f1=0.8362 accuarcy=0.8370 precision=0.8372 recall=0.8370 auc=0.8314 
[2019-08-29 20:34:41,766]: length=53 f1=0.8367 accuarcy=0.8370 precision=0.8367 recall=0.8370 auc=0.8338 
[2019-08-29 20:34:49,156]: length=54 f1=0.8580 accuarcy=0.8587 precision=0.8592 recall=0.8587 auc=0.8534 
[2019-08-29 20:34:57,068]: length=55 f1=0.8580 accuarcy=0.8587 precision=0.8592 recall=0.8587 auc=0.8534 
[2019-08-29 20:35:05,005]: length=56 f1=0.8261 accuarcy=0.8261 precision=0.8261 recall=0.8261 auc=0.8240 
[2019-08-29 20:35:12,236]: length=57 f1=0.8474 accuarcy=0.8478 precision=0.8478 recall=0.8478 auc=0.8436 
[2019-08-29 20:35:19,647]: length=58 f1=0.8580 accuarcy=0.8587 precision=0.8592 recall=0.8587 auc=0.8534 
[2019-08-29 20:35:27,002]: length=59 f1=0.8261 accuarcy=0.8261 precision=0.8261 recall=0.8261 auc=0.8240 
[2019-08-29 20:35:35,326]: length=60 f1=0.8574 accuarcy=0.8587 precision=0.8614 recall=0.8587 auc=0.8510 
[2019-08-29 20:35:42,703]: length=61 f1=0.8367 accuarcy=0.8370 precision=0.8367 recall=0.8370 auc=0.8338 
[2019-08-29 20:35:50,168]: length=62 f1=0.8474 accuarcy=0.8478 precision=0.8478 recall=0.8478 auc=0.8436 
[2019-08-29 20:35:57,565]: length=63 f1=0.8580 accuarcy=0.8587 precision=0.8592 recall=0.8587 auc=0.8534 
[2019-08-29 20:36:05,261]: length=64 f1=0.8367 accuarcy=0.8370 precision=0.8367 recall=0.8370 auc=0.8338 
[2019-08-29 20:36:13,126]: length=65 f1=0.8687 accuarcy=0.8696 precision=0.8712 recall=0.8696 auc=0.8632 
[2019-08-29 20:36:20,923]: length=66 f1=0.8261 accuarcy=0.8261 precision=0.8261 recall=0.8261 auc=0.8240 
[2019-08-29 20:36:28,461]: length=67 f1=0.8256 accuarcy=0.8261 precision=0.8259 recall=0.8261 auc=0.8216 
[2019-08-29 20:36:36,380]: length=68 f1=0.8687 accuarcy=0.8696 precision=0.8712 recall=0.8696 auc=0.8632 
[2019-08-29 20:36:43,894]: length=69 f1=0.8474 accuarcy=0.8478 precision=0.8478 recall=0.8478 auc=0.8436 
[2019-08-29 20:36:51,458]: length=70 f1=0.8261 accuarcy=0.8261 precision=0.8261 recall=0.8261 auc=0.8240 
[2019-08-29 20:36:58,929]: length=71 f1=0.8474 accuarcy=0.8478 precision=0.8478 recall=0.8478 auc=0.8436 
[2019-08-29 20:37:06,544]: length=72 f1=0.8692 accuarcy=0.8696 precision=0.8696 recall=0.8696 auc=0.8656 
[2019-08-29 20:37:14,443]: length=73 f1=0.8367 accuarcy=0.8370 precision=0.8367 recall=0.8370 auc=0.8338 
[2019-08-29 20:37:21,767]: length=74 f1=0.8474 accuarcy=0.8478 precision=0.8478 recall=0.8478 auc=0.8436 
[2019-08-29 20:37:29,477]: length=75 f1=0.8367 accuarcy=0.8370 precision=0.8367 recall=0.8370 auc=0.8338 
[2019-08-29 20:37:37,556]: length=76 f1=0.8580 accuarcy=0.8587 precision=0.8592 recall=0.8587 auc=0.8534 
[2019-08-29 20:37:45,951]: length=77 f1=0.8474 accuarcy=0.8478 precision=0.8478 recall=0.8478 auc=0.8436 
[2019-08-29 20:37:54,219]: length=78 f1=0.8367 accuarcy=0.8370 precision=0.8367 recall=0.8370 auc=0.8338 
[2019-08-29 20:38:01,633]: length=79 f1=0.8367 accuarcy=0.8370 precision=0.8367 recall=0.8370 auc=0.8338 
[2019-08-29 20:38:09,145]: length=80 f1=0.8362 accuarcy=0.8370 precision=0.8372 recall=0.8370 auc=0.8314 
[2019-08-29 20:38:16,826]: length=81 f1=0.8474 accuarcy=0.8478 precision=0.8478 recall=0.8478 auc=0.8436 
[2019-08-29 20:38:24,491]: length=82 f1=0.8367 accuarcy=0.8370 precision=0.8367 recall=0.8370 auc=0.8338 
[2019-08-29 20:38:31,966]: length=83 f1=0.8367 accuarcy=0.8370 precision=0.8367 recall=0.8370 auc=0.8338 
[2019-08-29 20:38:39,586]: length=84 f1=0.8687 accuarcy=0.8696 precision=0.8712 recall=0.8696 auc=0.8632 
[2019-08-29 20:38:47,009]: length=85 f1=0.8362 accuarcy=0.8370 precision=0.8372 recall=0.8370 auc=0.8314 
[2019-08-29 20:38:54,645]: length=86 f1=0.8474 accuarcy=0.8478 precision=0.8478 recall=0.8478 auc=0.8436 
[2019-08-29 20:39:02,078]: length=87 f1=0.8367 accuarcy=0.8370 precision=0.8367 recall=0.8370 auc=0.8338 
[2019-08-29 20:39:09,600]: length=88 f1=0.8362 accuarcy=0.8370 precision=0.8372 recall=0.8370 auc=0.8314 
[2019-08-29 20:39:17,167]: length=89 f1=0.8261 accuarcy=0.8261 precision=0.8261 recall=0.8261 auc=0.8240 
[2019-08-29 20:39:24,654]: length=90 f1=0.8256 accuarcy=0.8261 precision=0.8259 recall=0.8261 auc=0.8216 
[2019-08-29 20:39:32,341]: length=91 f1=0.8474 accuarcy=0.8478 precision=0.8478 recall=0.8478 auc=0.8436 
[2019-08-29 20:39:40,051]: length=92 f1=0.8367 accuarcy=0.8370 precision=0.8367 recall=0.8370 auc=0.8338 
[2019-08-29 20:39:47,126]: length=93 f1=0.8580 accuarcy=0.8587 precision=0.8592 recall=0.8587 auc=0.8534 
[2019-08-29 20:39:54,318]: length=94 f1=0.8367 accuarcy=0.8370 precision=0.8367 recall=0.8370 auc=0.8338 
[2019-08-29 20:40:01,509]: length=95 f1=0.8474 accuarcy=0.8478 precision=0.8478 recall=0.8478 auc=0.8436 
[2019-08-29 20:40:09,007]: length=96 f1=0.8367 accuarcy=0.8370 precision=0.8367 recall=0.8370 auc=0.8338 
[2019-08-29 20:40:16,784]: length=97 f1=0.8580 accuarcy=0.8587 precision=0.8592 recall=0.8587 auc=0.8534 
[2019-08-29 20:40:24,338]: length=98 f1=0.8367 accuarcy=0.8370 precision=0.8367 recall=0.8370 auc=0.8338 
[2019-08-29 20:40:31,902]: length=99 f1=0.8367 accuarcy=0.8370 precision=0.8367 recall=0.8370 auc=0.8338 
[2019-08-29 20:40:40,152]: length=100 f1=0.8580 accuarcy=0.8587 precision=0.8592 recall=0.8587 auc=0.8534 
[2019-08-29 20:40:47,536]: length=101 f1=0.8256 accuarcy=0.8261 precision=0.8259 recall=0.8261 auc=0.8216 
[2019-08-29 20:40:54,810]: length=102 f1=0.8154 accuarcy=0.8152 precision=0.8158 recall=0.8152 auc=0.8142 
[2019-08-29 20:41:02,502]: length=103 f1=0.8367 accuarcy=0.8370 precision=0.8367 recall=0.8370 auc=0.8338 
[2019-08-29 20:41:10,048]: length=104 f1=0.8261 accuarcy=0.8261 precision=0.8261 recall=0.8261 auc=0.8240 
[2019-08-29 20:41:17,820]: length=105 f1=0.8367 accuarcy=0.8370 precision=0.8367 recall=0.8370 auc=0.8338 
[2019-08-29 20:41:25,544]: length=106 f1=0.8367 accuarcy=0.8370 precision=0.8367 recall=0.8370 auc=0.8338 
[2019-08-29 20:41:33,297]: length=107 f1=0.8261 accuarcy=0.8261 precision=0.8261 recall=0.8261 auc=0.8240 
[2019-08-29 20:41:41,084]: length=108 f1=0.8150 accuarcy=0.8152 precision=0.8149 recall=0.8152 auc=0.8118 
[2019-08-29 20:41:48,719]: length=109 f1=0.8367 accuarcy=0.8370 precision=0.8367 recall=0.8370 auc=0.8338 
[2019-08-29 20:41:56,047]: length=110 f1=0.8580 accuarcy=0.8587 precision=0.8592 recall=0.8587 auc=0.8534 
[2019-08-29 20:42:03,447]: length=111 f1=0.8367 accuarcy=0.8370 precision=0.8367 recall=0.8370 auc=0.8338 
[2019-08-29 20:42:10,635]: length=112 f1=0.8367 accuarcy=0.8370 precision=0.8367 recall=0.8370 auc=0.8338 
[2019-08-29 20:42:18,189]: length=113 f1=0.8256 accuarcy=0.8261 precision=0.8259 recall=0.8261 auc=0.8216 
[2019-08-29 20:42:25,757]: length=114 f1=0.8367 accuarcy=0.8370 precision=0.8367 recall=0.8370 auc=0.8338 
[2019-08-29 20:42:33,805]: length=115 f1=0.8261 accuarcy=0.8261 precision=0.8261 recall=0.8261 auc=0.8240 
[2019-08-29 20:42:41,576]: length=116 f1=0.8367 accuarcy=0.8370 precision=0.8367 recall=0.8370 auc=0.8338 
[2019-08-29 20:42:48,865]: length=117 f1=0.8474 accuarcy=0.8478 precision=0.8478 recall=0.8478 auc=0.8436 
[2019-08-29 20:42:56,421]: length=118 f1=0.8256 accuarcy=0.8261 precision=0.8259 recall=0.8261 auc=0.8216 
[2019-08-29 20:43:04,019]: length=119 f1=0.8261 accuarcy=0.8261 precision=0.8261 recall=0.8261 auc=0.8240 
[2019-08-29 20:43:11,485]: length=120 f1=0.8367 accuarcy=0.8370 precision=0.8367 recall=0.8370 auc=0.8338 
[2019-08-29 20:43:18,617]: length=121 f1=0.8367 accuarcy=0.8370 precision=0.8367 recall=0.8370 auc=0.8338 
[2019-08-29 20:43:25,879]: length=122 f1=0.8261 accuarcy=0.8261 precision=0.8261 recall=0.8261 auc=0.8240 
[2019-08-29 20:43:33,216]: length=123 f1=0.8256 accuarcy=0.8261 precision=0.8259 recall=0.8261 auc=0.8216 
[2019-08-29 20:43:40,637]: length=124 f1=0.8367 accuarcy=0.8370 precision=0.8367 recall=0.8370 auc=0.8338 
[2019-08-29 20:43:48,324]: length=125 f1=0.8362 accuarcy=0.8370 precision=0.8372 recall=0.8370 auc=0.8314 
[2019-08-29 20:43:56,149]: length=126 f1=0.8367 accuarcy=0.8370 precision=0.8367 recall=0.8370 auc=0.8338 
[2019-08-29 20:44:03,874]: length=127 f1=0.8367 accuarcy=0.8370 precision=0.8367 recall=0.8370 auc=0.8338 
[2019-08-29 20:44:11,339]: length=128 f1=0.8261 accuarcy=0.8261 precision=0.8261 recall=0.8261 auc=0.8240 
[2019-08-29 20:44:18,542]: length=129 f1=0.8154 accuarcy=0.8152 precision=0.8158 recall=0.8152 auc=0.8142 
[2019-08-29 20:44:25,853]: length=130 f1=0.8367 accuarcy=0.8370 precision=0.8367 recall=0.8370 auc=0.8338 
[2019-08-29 20:44:33,143]: length=131 f1=0.8580 accuarcy=0.8587 precision=0.8592 recall=0.8587 auc=0.8534 
[2019-08-29 20:44:40,230]: length=132 f1=0.8256 accuarcy=0.8261 precision=0.8259 recall=0.8261 auc=0.8216 
[2019-08-29 20:44:47,664]: length=133 f1=0.8367 accuarcy=0.8370 precision=0.8367 recall=0.8370 auc=0.8338 
[2019-08-29 20:44:54,922]: length=134 f1=0.8367 accuarcy=0.8370 precision=0.8367 recall=0.8370 auc=0.8338 
[2019-08-29 20:45:02,273]: length=135 f1=0.8367 accuarcy=0.8370 precision=0.8367 recall=0.8370 auc=0.8338 
[2019-08-29 20:45:09,701]: length=136 f1=0.8154 accuarcy=0.8152 precision=0.8158 recall=0.8152 auc=0.8142 
[2019-08-29 20:45:18,545]: length=137 f1=0.8261 accuarcy=0.8261 precision=0.8261 recall=0.8261 auc=0.8240 
[2019-08-29 20:45:27,014]: length=138 f1=0.8367 accuarcy=0.8370 precision=0.8367 recall=0.8370 auc=0.8338 
[2019-08-29 20:45:35,534]: length=139 f1=0.8150 accuarcy=0.8152 precision=0.8149 recall=0.8152 auc=0.8118 
[2019-08-29 20:45:43,610]: length=140 f1=0.8474 accuarcy=0.8478 precision=0.8478 recall=0.8478 auc=0.8436 
[2019-08-29 20:45:52,366]: length=141 f1=0.8367 accuarcy=0.8370 precision=0.8367 recall=0.8370 auc=0.8338 
