[2019-08-14 19:10:49,207]: ---mrmd 2.0 start----
[2019-08-14 19:10:49,306]: ANOVA start...
[2019-08-14 19:10:49,324]: ANOVA end.
[2019-08-14 19:10:49,325]: mic start...
[2019-08-14 19:10:57,523]: mic end.
[2019-08-14 19:10:57,524]: mrmd start...
[2019-08-14 19:10:57,746]: mrmd end.
[2019-08-14 19:10:57,746]: mRMR start...
[2019-08-14 19:11:07,145]: mRMR end.
[2019-08-14 19:11:07,145]: lasso start...
[2019-08-14 19:11:07,173]: lasso end.
[2019-08-14 19:11:07,173]: lasso2 start...
[2019-08-14 19:11:07,840]: lasso2 end.
[2019-08-14 19:11:07,843]: rank start ...
[2019-08-14 19:11:07,852]: The final  rank is
[2019-08-14 19:11:07,853]: aromatic.uncharger.gap5 : 0.0080
[2019-08-14 19:11:07,853]: aromatic.uncharger.gap0 : 0.0078
[2019-08-14 19:11:07,853]: uncharger.postivecharger.gap0 : 0.0077
[2019-08-14 19:11:07,853]: uncharger.aromatic.gap5 : 0.0077
[2019-08-14 19:11:07,853]: uncharger.aromatic.gap1 : 0.0077
[2019-08-14 19:11:07,853]: alphaticr.alphaticr.gap5 : 0.0077
[2019-08-14 19:11:07,853]: uncharger.uncharger.gap3 : 0.0077
[2019-08-14 19:11:07,853]: aromatic.uncharger.gap4 : 0.0077
[2019-08-14 19:11:07,854]: alphaticr.alphaticr.gap0 : 0.0077
[2019-08-14 19:11:07,854]: postivecharger.negativecharger.gap5 : 0.0076
[2019-08-14 19:11:07,854]: aromatic.negativecharger.gap0 : 0.0076
[2019-08-14 19:11:07,854]: aromatic.postivecharger.gap5 : 0.0076
[2019-08-14 19:11:07,854]: alphaticr.postivecharger.gap3 : 0.0076
[2019-08-14 19:11:07,854]: aromatic.uncharger.gap2 : 0.0076
[2019-08-14 19:11:07,854]: postivecharger.postivecharger.gap4 : 0.0076
[2019-08-14 19:11:07,854]: postivecharger.uncharger.gap5 : 0.0076
[2019-08-14 19:11:07,854]: uncharger.postivecharger.gap2 : 0.0076
[2019-08-14 19:11:07,854]: postivecharger.uncharger.gap3 : 0.0075
[2019-08-14 19:11:07,854]: alphaticr.aromatic.gap2 : 0.0075
[2019-08-14 19:11:07,854]: uncharger.postivecharger.gap1 : 0.0075
[2019-08-14 19:11:07,855]: alphaticr.postivecharger.gap2 : 0.0075
[2019-08-14 19:11:07,855]: uncharger.negativecharger.gap1 : 0.0075
[2019-08-14 19:11:07,855]: aromatic.alphaticr.gap4 : 0.0075
[2019-08-14 19:11:07,855]: postivecharger.alphaticr.gap3 : 0.0074
[2019-08-14 19:11:07,855]: uncharger.alphaticr.gap5 : 0.0074
[2019-08-14 19:11:07,855]: postivecharger.uncharger.gap0 : 0.0074
[2019-08-14 19:11:07,855]: negativecharger.alphaticr.gap4 : 0.0074
[2019-08-14 19:11:07,855]: postivecharger.aromatic.gap3 : 0.0074
[2019-08-14 19:11:07,855]: postivecharger.postivecharger.gap1 : 0.0074
[2019-08-14 19:11:07,855]: negativecharger.uncharger.gap2 : 0.0074
[2019-08-14 19:11:07,855]: alphaticr.alphaticr.gap4 : 0.0074
[2019-08-14 19:11:07,855]: postivecharger.alphaticr.gap0 : 0.0074
[2019-08-14 19:11:07,856]: uncharger.alphaticr.gap0 : 0.0074
[2019-08-14 19:11:07,856]: uncharger.aromatic.gap0 : 0.0073
[2019-08-14 19:11:07,856]: negativecharger.alphaticr.gap3 : 0.0073
[2019-08-14 19:11:07,856]: uncharger.uncharger.gap2 : 0.0073
[2019-08-14 19:11:07,856]: alphaticr.alphaticr.gap1 : 0.0073
[2019-08-14 19:11:07,856]: uncharger.alphaticr.gap2 : 0.0073
[2019-08-14 19:11:07,856]: alphaticr.negativecharger.gap3 : 0.0073
[2019-08-14 19:11:07,856]: uncharger.alphaticr.gap1 : 0.0073
[2019-08-14 19:11:07,856]: postivecharger.uncharger.gap2 : 0.0073
[2019-08-14 19:11:07,857]: negativecharger.alphaticr.gap0 : 0.0073
[2019-08-14 19:11:07,857]: postivecharger.uncharger.gap4 : 0.0073
[2019-08-14 19:11:07,857]: aromatic.negativecharger.gap5 : 0.0073
[2019-08-14 19:11:07,857]: uncharger.postivecharger.gap4 : 0.0073
[2019-08-14 19:11:07,857]: uncharger.postivecharger.gap5 : 0.0072
[2019-08-14 19:11:07,857]: negativecharger.aromatic.gap2 : 0.0072
[2019-08-14 19:11:07,857]: aromatic.uncharger.gap1 : 0.0072
[2019-08-14 19:11:07,857]: uncharger.negativecharger.gap5 : 0.0072
[2019-08-14 19:11:07,857]: uncharger.aromatic.gap4 : 0.0071
[2019-08-14 19:11:07,857]: postivecharger.alphaticr.gap1 : 0.0071
[2019-08-14 19:11:07,857]: postivecharger.aromatic.gap5 : 0.0070
[2019-08-14 19:11:07,857]: alphaticr.negativecharger.gap5 : 0.0070
[2019-08-14 19:11:07,858]: negativecharger.negativecharger.gap2 : 0.0070
[2019-08-14 19:11:07,858]: negativecharger.postivecharger.gap2 : 0.0069
[2019-08-14 19:11:07,858]: aromatic.postivecharger.gap4 : 0.0069
[2019-08-14 19:11:07,858]: aromatic.alphaticr.gap5 : 0.0069
[2019-08-14 19:11:07,858]: postivecharger.negativecharger.gap0 : 0.0069
[2019-08-14 19:11:07,858]: uncharger.aromatic.gap3 : 0.0068
[2019-08-14 19:11:07,858]: postivecharger.postivecharger.gap5 : 0.0067
[2019-08-14 19:11:07,858]: negativecharger.aromatic.gap3 : 0.0067
[2019-08-14 19:11:07,858]: negativecharger.alphaticr.gap5 : 0.0067
[2019-08-14 19:11:07,858]: negativecharger.postivecharger.gap4 : 0.0067
[2019-08-14 19:11:07,859]: negativecharger.uncharger.gap1 : 0.0067
[2019-08-14 19:11:07,859]: postivecharger.negativecharger.gap1 : 0.0066
[2019-08-14 19:11:07,859]: uncharger.alphaticr.gap3 : 0.0066
[2019-08-14 19:11:07,859]: postivecharger.aromatic.gap1 : 0.0066
[2019-08-14 19:11:07,859]: aromatic.aromatic.gap0 : 0.0066
[2019-08-14 19:11:07,859]: alphaticr.negativecharger.gap0 : 0.0066
[2019-08-14 19:11:07,859]: negativecharger.uncharger.gap5 : 0.0066
[2019-08-14 19:11:07,859]: aromatic.negativecharger.gap2 : 0.0065
[2019-08-14 19:11:07,859]: postivecharger.alphaticr.gap2 : 0.0065
[2019-08-14 19:11:07,860]: aromatic.negativecharger.gap1 : 0.0065
[2019-08-14 19:11:07,860]: aromatic.postivecharger.gap0 : 0.0065
[2019-08-14 19:11:07,860]: negativecharger.aromatic.gap1 : 0.0065
[2019-08-14 19:11:07,860]: alphaticr.uncharger.gap0 : 0.0065
[2019-08-14 19:11:07,860]: alphaticr.uncharger.gap5 : 0.0065
[2019-08-14 19:11:07,860]: postivecharger.negativecharger.gap2 : 0.0065
[2019-08-14 19:11:07,860]: aromatic.aromatic.gap5 : 0.0065
[2019-08-14 19:11:07,860]: postivecharger.postivecharger.gap2 : 0.0065
[2019-08-14 19:11:07,860]: negativecharger.postivecharger.gap1 : 0.0065
[2019-08-14 19:11:07,861]: aromatic.alphaticr.gap1 : 0.0064
[2019-08-14 19:11:07,861]: negativecharger.aromatic.gap5 : 0.0064
[2019-08-14 19:11:07,861]: negativecharger.negativecharger.gap4 : 0.0064
[2019-08-14 19:11:07,861]: alphaticr.negativecharger.gap4 : 0.0064
[2019-08-14 19:11:07,861]: alphaticr.postivecharger.gap5 : 0.0064
[2019-08-14 19:11:07,861]: uncharger.negativecharger.gap4 : 0.0064
[2019-08-14 19:11:07,861]: negativecharger.uncharger.gap4 : 0.0064
[2019-08-14 19:11:07,861]: negativecharger.negativecharger.gap5 : 0.0064
[2019-08-14 19:11:07,861]: postivecharger.negativecharger.gap4 : 0.0064
[2019-08-14 19:11:07,861]: uncharger.negativecharger.gap0 : 0.0064
[2019-08-14 19:11:07,861]: aromatic.postivecharger.gap3 : 0.0064
[2019-08-14 19:11:07,862]: negativecharger.alphaticr.gap1 : 0.0064
[2019-08-14 19:11:07,862]: alphaticr.aromatic.gap5 : 0.0064
[2019-08-14 19:11:07,862]: alphaticr.negativecharger.gap1 : 0.0064
[2019-08-14 19:11:07,862]: aromatic.aromatic.gap4 : 0.0063
[2019-08-14 19:11:07,862]: alphaticr.uncharger.gap2 : 0.0063
[2019-08-14 19:11:07,862]: alphaticr.postivecharger.gap4 : 0.0063
[2019-08-14 19:11:07,862]: negativecharger.postivecharger.gap0 : 0.0063
[2019-08-14 19:11:07,862]: postivecharger.uncharger.gap1 : 0.0063
[2019-08-14 19:11:07,862]: alphaticr.aromatic.gap1 : 0.0063
[2019-08-14 19:11:07,862]: aromatic.aromatic.gap1 : 0.0063
[2019-08-14 19:11:07,862]: uncharger.negativecharger.gap2 : 0.0063
[2019-08-14 19:11:07,863]: postivecharger.aromatic.gap4 : 0.0063
[2019-08-14 19:11:07,863]: uncharger.aromatic.gap2 : 0.0063
[2019-08-14 19:11:07,863]: alphaticr.alphaticr.gap3 : 0.0063
[2019-08-14 19:11:07,863]: postivecharger.alphaticr.gap4 : 0.0063
[2019-08-14 19:11:07,863]: negativecharger.negativecharger.gap1 : 0.0063
[2019-08-14 19:11:07,863]: postivecharger.alphaticr.gap5 : 0.0062
[2019-08-14 19:11:07,863]: alphaticr.alphaticr.gap2 : 0.0062
[2019-08-14 19:11:07,863]: negativecharger.uncharger.gap0 : 0.0062
[2019-08-14 19:11:07,864]: postivecharger.postivecharger.gap0 : 0.0062
[2019-08-14 19:11:07,864]: negativecharger.aromatic.gap4 : 0.0062
[2019-08-14 19:11:07,864]: alphaticr.postivecharger.gap1 : 0.0062
[2019-08-14 19:11:07,864]: postivecharger.aromatic.gap2 : 0.0062
[2019-08-14 19:11:07,864]: aromatic.aromatic.gap2 : 0.0062
[2019-08-14 19:11:07,864]: alphaticr.negativecharger.gap2 : 0.0062
[2019-08-14 19:11:07,864]: negativecharger.postivecharger.gap3 : 0.0062
[2019-08-14 19:11:07,864]: negativecharger.negativecharger.gap0 : 0.0062
[2019-08-14 19:11:07,865]: aromatic.negativecharger.gap3 : 0.0062
[2019-08-14 19:11:07,865]: alphaticr.aromatic.gap3 : 0.0062
[2019-08-14 19:11:07,865]: postivecharger.aromatic.gap0 : 0.0062
[2019-08-14 19:11:07,865]: negativecharger.alphaticr.gap2 : 0.0061
[2019-08-14 19:11:07,865]: alphaticr.aromatic.gap0 : 0.0061
[2019-08-14 19:11:07,865]: negativecharger.aromatic.gap0 : 0.0061
[2019-08-14 19:11:07,865]: negativecharger.postivecharger.gap5 : 0.0061
[2019-08-14 19:11:07,865]: uncharger.uncharger.gap0 : 0.0061
[2019-08-14 19:11:07,865]: aromatic.postivecharger.gap1 : 0.0061
[2019-08-14 19:11:07,865]: aromatic.uncharger.gap3 : 0.0061
[2019-08-14 19:11:07,865]: negativecharger.uncharger.gap3 : 0.0061
[2019-08-14 19:11:07,865]: aromatic.negativecharger.gap4 : 0.0061
[2019-08-14 19:11:07,866]: uncharger.negativecharger.gap3 : 0.0061
[2019-08-14 19:11:07,866]: uncharger.uncharger.gap1 : 0.0060
[2019-08-14 19:11:07,866]: negativecharger.negativecharger.gap3 : 0.0060
[2019-08-14 19:11:07,866]: alphaticr.aromatic.gap4 : 0.0059
[2019-08-14 19:11:07,866]: aromatic.postivecharger.gap2 : 0.0059
[2019-08-14 19:11:07,866]: uncharger.uncharger.gap4 : 0.0059
[2019-08-14 19:11:07,866]: uncharger.alphaticr.gap4 : 0.0058
[2019-08-14 19:11:07,866]: alphaticr.postivecharger.gap0 : 0.0057
[2019-08-14 19:11:07,866]: uncharger.postivecharger.gap3 : 0.0056
[2019-08-14 19:11:07,866]: postivecharger.postivecharger.gap3 : 0.0056
[2019-08-14 19:11:07,866]: alphaticr.uncharger.gap3 : 0.0055
[2019-08-14 19:11:07,867]: alphaticr.uncharger.gap4 : 0.0055
[2019-08-14 19:11:07,867]: aromatic.alphaticr.gap0 : 0.0055
[2019-08-14 19:11:07,867]: alphaticr.uncharger.gap1 : 0.0055
[2019-08-14 19:11:07,867]: aromatic.alphaticr.gap2 : 0.0055
[2019-08-14 19:11:07,867]: postivecharger.negativecharger.gap3 : 0.0054
[2019-08-14 19:11:07,867]: uncharger.uncharger.gap5 : 0.0051
[2019-08-14 19:11:07,867]: aromatic.aromatic.gap3 : 0.0051
[2019-08-14 19:11:07,867]: aromatic.alphaticr.gap3 : 0.0051
[2019-08-14 19:11:07,867]: feature_rank end
[2019-08-14 19:11:07,901]: Start dimension reduction ...
[2019-08-14 19:11:21,639]: length=1 accuarcy=0.4991 f1=0.5003 precision=0.5007 recall=0.5000 roc=0.4980 
[2019-08-14 19:11:36,159]: length=31 accuarcy=0.7291 f1=0.7340 precision=0.7378 recall=0.7364 roc=0.7303 
[2019-08-14 19:11:49,758]: length=61 accuarcy=0.7764 f1=0.7818 precision=0.7818 recall=0.7818 roc=0.7807 
[2019-08-14 19:12:03,941]: length=91 accuarcy=0.7473 f1=0.7532 precision=0.7550 recall=0.7545 roc=0.7499 
[2019-08-14 19:12:17,923]: length=121 accuarcy=0.7300 f1=0.7356 precision=0.7360 recall=0.7364 roc=0.7330 
[2019-08-14 19:12:32,220]: length=150 accuarcy=0.7655 f1=0.7715 precision=0.7735 recall=0.7727 roc=0.7682 
[2019-08-14 19:12:32,221]: ----------
[2019-08-14 19:12:32,221]: the max acc = 0.7764
[2019-08-14 19:12:32,222]: ['aromatic.uncharger.gap5' 'aromatic.uncharger.gap0'
 'uncharger.postivecharger.gap0' 'uncharger.aromatic.gap5'
 'uncharger.aromatic.gap1' 'alphaticr.alphaticr.gap5'
 'uncharger.uncharger.gap3' 'aromatic.uncharger.gap4'
 'alphaticr.alphaticr.gap0' 'postivecharger.negativecharger.gap5'
 'aromatic.negativecharger.gap0' 'aromatic.postivecharger.gap5'
 'alphaticr.postivecharger.gap3' 'aromatic.uncharger.gap2'
 'postivecharger.postivecharger.gap4' 'postivecharger.uncharger.gap5'
 'uncharger.postivecharger.gap2' 'postivecharger.uncharger.gap3'
 'alphaticr.aromatic.gap2' 'uncharger.postivecharger.gap1'
 'alphaticr.postivecharger.gap2' 'uncharger.negativecharger.gap1'
 'aromatic.alphaticr.gap4' 'postivecharger.alphaticr.gap3'
 'uncharger.alphaticr.gap5' 'postivecharger.uncharger.gap0'
 'negativecharger.alphaticr.gap4' 'postivecharger.aromatic.gap3'
 'postivecharger.postivecharger.gap1' 'negativecharger.uncharger.gap2'
 'alphaticr.alphaticr.gap4' 'postivecharger.alphaticr.gap0'
 'uncharger.alphaticr.gap0' 'uncharger.aromatic.gap0'
 'negativecharger.alphaticr.gap3' 'uncharger.uncharger.gap2'
 'alphaticr.alphaticr.gap1' 'uncharger.alphaticr.gap2'
 'alphaticr.negativecharger.gap3' 'uncharger.alphaticr.gap1'
 'postivecharger.uncharger.gap2' 'negativecharger.alphaticr.gap0'
 'postivecharger.uncharger.gap4' 'aromatic.negativecharger.gap5'
 'uncharger.postivecharger.gap4' 'uncharger.postivecharger.gap5'
 'negativecharger.aromatic.gap2' 'aromatic.uncharger.gap1'
 'uncharger.negativecharger.gap5' 'uncharger.aromatic.gap4'
 'postivecharger.alphaticr.gap1' 'postivecharger.aromatic.gap5'
 'alphaticr.negativecharger.gap5' 'negativecharger.negativecharger.gap2'
 'negativecharger.postivecharger.gap2' 'aromatic.postivecharger.gap4'
 'aromatic.alphaticr.gap5' 'postivecharger.negativecharger.gap0'
 'uncharger.aromatic.gap3' 'postivecharger.postivecharger.gap5'
 'negativecharger.aromatic.gap3'],length = 61
[2019-08-14 19:12:32,222]: -----------
[2019-08-14 19:12:39,402]: ***confusion matrix***
[2019-08-14 19:12:39,402]:                pos_class      neg_class      
[2019-08-14 19:12:39,402]: pos_class      TP:47             FN:12             
[2019-08-14 19:12:39,402]: neg_class      FP:12             TN:39             
[2019-08-14 19:12:39,402]: accuarcy = 0.7818181818181819 
[2019-08-14 19:12:39,403]: precision =0.7818181818181819 
[2019-08-14 19:12:39,404]: recall =0.7818181818181819
[2019-08-14 19:12:39,405]: f1 =0.7818181818181819 
[2019-08-14 19:12:39,407]: roc area = 0.7806580259222333
[2019-08-14 19:12:39,429]: -----------
[2019-08-14 19:12:39,429]: The output by the terminal's log has been saved in the J:\多设备共享\work\MRMD2.0-github\Logs\201908141910.log.
[2019-08-14 19:12:39,429]: metrics have been saved in the J:\多设备共享\work\MRMD2.0-github\Results\rd.csv.
[2019-08-14 19:12:39,430]: reduced dimensional dataset has been saved in the J:\多设备共享\work\MRMD2.0-github\Results\m.csv.
[2019-08-14 19:12:39,430]: ---mrmd 2.0 end---
