[2019-08-15 08:37:44,043]: ---mrmd 2.0 start----
[2019-08-15 08:37:44,139]: ANOVA start...
[2019-08-15 08:37:44,157]: ANOVA end.
[2019-08-15 08:37:44,157]: mic start...
[2019-08-15 08:37:49,271]: mic end.
[2019-08-15 08:37:49,271]: mrmd start...
[2019-08-15 08:37:49,461]: mrmd end.
[2019-08-15 08:37:49,462]: mRMR start...
[2019-08-15 08:37:49,590]: mRMR end.
[2019-08-15 08:37:49,590]: lasso start...
[2019-08-15 08:37:49,617]: lasso end.
[2019-08-15 08:37:49,617]: lasso2 start...
[2019-08-15 08:37:50,255]: lasso2 end.
[2019-08-15 08:37:50,258]: rank start ...
[2019-08-15 08:37:50,267]: The final  rank is
[2019-08-15 08:37:50,268]: uncharger.uncharger.gap3 : 0.0091
[2019-08-15 08:37:50,268]: alphaticr.alphaticr.gap4 : 0.0086
[2019-08-15 08:37:50,268]: aromatic.uncharger.gap0 : 0.0082
[2019-08-15 08:37:50,268]: postivecharger.aromatic.gap3 : 0.0081
[2019-08-15 08:37:50,268]: uncharger.postivecharger.gap2 : 0.0080
[2019-08-15 08:37:50,268]: aromatic.uncharger.gap4 : 0.0080
[2019-08-15 08:37:50,268]: uncharger.aromatic.gap5 : 0.0080
[2019-08-15 08:37:50,268]: aromatic.negativecharger.gap0 : 0.0079
[2019-08-15 08:37:50,269]: negativecharger.alphaticr.gap4 : 0.0079
[2019-08-15 08:37:50,269]: postivecharger.negativecharger.gap5 : 0.0079
[2019-08-15 08:37:50,269]: alphaticr.alphaticr.gap0 : 0.0078
[2019-08-15 08:37:50,269]: alphaticr.postivecharger.gap3 : 0.0078
[2019-08-15 08:37:50,269]: postivecharger.uncharger.gap5 : 0.0077
[2019-08-15 08:37:50,269]: uncharger.alphaticr.gap3 : 0.0077
[2019-08-15 08:37:50,269]: alphaticr.aromatic.gap2 : 0.0077
[2019-08-15 08:37:50,269]: uncharger.uncharger.gap2 : 0.0076
[2019-08-15 08:37:50,269]: aromatic.postivecharger.gap5 : 0.0076
[2019-08-15 08:37:50,269]: alphaticr.negativecharger.gap4 : 0.0076
[2019-08-15 08:37:50,269]: postivecharger.postivecharger.gap4 : 0.0076
[2019-08-15 08:37:50,270]: uncharger.negativecharger.gap1 : 0.0076
[2019-08-15 08:37:50,270]: uncharger.aromatic.gap1 : 0.0076
[2019-08-15 08:37:50,270]: uncharger.negativecharger.gap5 : 0.0076
[2019-08-15 08:37:50,270]: aromatic.uncharger.gap5 : 0.0075
[2019-08-15 08:37:50,270]: alphaticr.alphaticr.gap5 : 0.0075
[2019-08-15 08:37:50,270]: uncharger.alphaticr.gap2 : 0.0075
[2019-08-15 08:37:50,270]: postivecharger.alphaticr.gap1 : 0.0075
[2019-08-15 08:37:50,270]: alphaticr.postivecharger.gap2 : 0.0075
[2019-08-15 08:37:50,270]: alphaticr.alphaticr.gap1 : 0.0074
[2019-08-15 08:37:50,270]: postivecharger.uncharger.gap0 : 0.0074
[2019-08-15 08:37:50,270]: alphaticr.negativecharger.gap3 : 0.0074
[2019-08-15 08:37:50,270]: postivecharger.uncharger.gap2 : 0.0074
[2019-08-15 08:37:50,270]: uncharger.postivecharger.gap5 : 0.0074
[2019-08-15 08:37:50,271]: aromatic.uncharger.gap2 : 0.0074
[2019-08-15 08:37:50,271]: aromatic.negativecharger.gap5 : 0.0074
[2019-08-15 08:37:50,271]: postivecharger.postivecharger.gap1 : 0.0074
[2019-08-15 08:37:50,271]: alphaticr.negativecharger.gap5 : 0.0074
[2019-08-15 08:37:50,271]: postivecharger.uncharger.gap3 : 0.0074
[2019-08-15 08:37:50,271]: negativecharger.uncharger.gap2 : 0.0073
[2019-08-15 08:37:50,271]: postivecharger.uncharger.gap4 : 0.0073
[2019-08-15 08:37:50,271]: postivecharger.alphaticr.gap3 : 0.0073
[2019-08-15 08:37:50,271]: postivecharger.alphaticr.gap0 : 0.0073
[2019-08-15 08:37:50,271]: uncharger.alphaticr.gap0 : 0.0073
[2019-08-15 08:37:50,272]: negativecharger.alphaticr.gap0 : 0.0073
[2019-08-15 08:37:50,272]: uncharger.alphaticr.gap5 : 0.0073
[2019-08-15 08:37:50,272]: aromatic.uncharger.gap1 : 0.0073
[2019-08-15 08:37:50,272]: uncharger.aromatic.gap0 : 0.0073
[2019-08-15 08:37:50,272]: uncharger.postivecharger.gap4 : 0.0073
[2019-08-15 08:37:50,272]: uncharger.postivecharger.gap0 : 0.0073
[2019-08-15 08:37:50,272]: uncharger.alphaticr.gap1 : 0.0072
[2019-08-15 08:37:50,272]: aromatic.alphaticr.gap4 : 0.0072
[2019-08-15 08:37:50,272]: alphaticr.postivecharger.gap4 : 0.0072
[2019-08-15 08:37:50,272]: uncharger.negativecharger.gap3 : 0.0071
[2019-08-15 08:37:50,272]: negativecharger.postivecharger.gap2 : 0.0071
[2019-08-15 08:37:50,272]: uncharger.postivecharger.gap1 : 0.0071
[2019-08-15 08:37:50,273]: negativecharger.alphaticr.gap3 : 0.0070
[2019-08-15 08:37:50,273]: negativecharger.alphaticr.gap5 : 0.0070
[2019-08-15 08:37:50,273]: alphaticr.aromatic.gap4 : 0.0070
[2019-08-15 08:37:50,273]: postivecharger.aromatic.gap5 : 0.0069
[2019-08-15 08:37:50,273]: postivecharger.negativecharger.gap0 : 0.0068
[2019-08-15 08:37:50,273]: negativecharger.aromatic.gap2 : 0.0068
[2019-08-15 08:37:50,273]: negativecharger.aromatic.gap3 : 0.0068
[2019-08-15 08:37:50,273]: aromatic.postivecharger.gap4 : 0.0068
[2019-08-15 08:37:50,273]: postivecharger.postivecharger.gap5 : 0.0068
[2019-08-15 08:37:50,273]: uncharger.aromatic.gap4 : 0.0067
[2019-08-15 08:37:50,273]: negativecharger.uncharger.gap5 : 0.0067
[2019-08-15 08:37:50,274]: aromatic.alphaticr.gap5 : 0.0066
[2019-08-15 08:37:50,274]: negativecharger.negativecharger.gap2 : 0.0066
[2019-08-15 08:37:50,274]: negativecharger.postivecharger.gap4 : 0.0066
[2019-08-15 08:37:50,274]: alphaticr.uncharger.gap4 : 0.0066
[2019-08-15 08:37:50,274]: uncharger.aromatic.gap3 : 0.0066
[2019-08-15 08:37:50,274]: aromatic.negativecharger.gap2 : 0.0065
[2019-08-15 08:37:50,274]: postivecharger.aromatic.gap1 : 0.0065
[2019-08-15 08:37:50,274]: aromatic.aromatic.gap0 : 0.0065
[2019-08-15 08:37:50,274]: aromatic.postivecharger.gap2 : 0.0065
[2019-08-15 08:37:50,274]: alphaticr.negativecharger.gap0 : 0.0065
[2019-08-15 08:37:50,274]: negativecharger.uncharger.gap3 : 0.0065
[2019-08-15 08:37:50,274]: alphaticr.postivecharger.gap5 : 0.0065
[2019-08-15 08:37:50,275]: alphaticr.negativecharger.gap1 : 0.0064
[2019-08-15 08:37:50,275]: aromatic.alphaticr.gap1 : 0.0064
[2019-08-15 08:37:50,275]: uncharger.postivecharger.gap3 : 0.0064
[2019-08-15 08:37:50,275]: aromatic.postivecharger.gap0 : 0.0064
[2019-08-15 08:37:50,275]: postivecharger.negativecharger.gap1 : 0.0064
[2019-08-15 08:37:50,275]: alphaticr.uncharger.gap0 : 0.0064
[2019-08-15 08:37:50,275]: alphaticr.uncharger.gap2 : 0.0063
[2019-08-15 08:37:50,275]: aromatic.postivecharger.gap3 : 0.0063
[2019-08-15 08:37:50,275]: negativecharger.negativecharger.gap4 : 0.0063
[2019-08-15 08:37:50,275]: uncharger.negativecharger.gap0 : 0.0063
[2019-08-15 08:37:50,275]: postivecharger.negativecharger.gap2 : 0.0063
[2019-08-15 08:37:50,275]: uncharger.negativecharger.gap4 : 0.0063
[2019-08-15 08:37:50,276]: postivecharger.aromatic.gap2 : 0.0063
[2019-08-15 08:37:50,276]: alphaticr.uncharger.gap5 : 0.0063
[2019-08-15 08:37:50,276]: alphaticr.aromatic.gap1 : 0.0062
[2019-08-15 08:37:50,276]: aromatic.aromatic.gap5 : 0.0062
[2019-08-15 08:37:50,276]: alphaticr.negativecharger.gap2 : 0.0062
[2019-08-15 08:37:50,276]: postivecharger.postivecharger.gap2 : 0.0062
[2019-08-15 08:37:50,276]: postivecharger.negativecharger.gap4 : 0.0062
[2019-08-15 08:37:50,276]: negativecharger.negativecharger.gap5 : 0.0062
[2019-08-15 08:37:50,276]: aromatic.negativecharger.gap1 : 0.0062
[2019-08-15 08:37:50,276]: uncharger.uncharger.gap5 : 0.0062
[2019-08-15 08:37:50,276]: negativecharger.uncharger.gap1 : 0.0062
[2019-08-15 08:37:50,276]: negativecharger.postivecharger.gap0 : 0.0062
[2019-08-15 08:37:50,277]: negativecharger.aromatic.gap5 : 0.0062
[2019-08-15 08:37:50,277]: negativecharger.uncharger.gap4 : 0.0062
[2019-08-15 08:37:50,277]: postivecharger.postivecharger.gap0 : 0.0062
[2019-08-15 08:37:50,277]: postivecharger.aromatic.gap0 : 0.0062
[2019-08-15 08:37:50,277]: negativecharger.alphaticr.gap1 : 0.0062
[2019-08-15 08:37:50,277]: aromatic.negativecharger.gap3 : 0.0062
[2019-08-15 08:37:50,277]: aromatic.aromatic.gap1 : 0.0062
[2019-08-15 08:37:50,277]: alphaticr.aromatic.gap5 : 0.0061
[2019-08-15 08:37:50,277]: postivecharger.aromatic.gap4 : 0.0061
[2019-08-15 08:37:50,277]: negativecharger.negativecharger.gap0 : 0.0061
[2019-08-15 08:37:50,277]: aromatic.aromatic.gap4 : 0.0061
[2019-08-15 08:37:50,277]: aromatic.negativecharger.gap4 : 0.0061
[2019-08-15 08:37:50,278]: postivecharger.uncharger.gap1 : 0.0061
[2019-08-15 08:37:50,278]: negativecharger.postivecharger.gap3 : 0.0061
[2019-08-15 08:37:50,278]: alphaticr.aromatic.gap0 : 0.0061
[2019-08-15 08:37:50,278]: uncharger.negativecharger.gap2 : 0.0061
[2019-08-15 08:37:50,278]: negativecharger.aromatic.gap4 : 0.0061
[2019-08-15 08:37:50,278]: alphaticr.alphaticr.gap3 : 0.0061
[2019-08-15 08:37:50,278]: negativecharger.aromatic.gap0 : 0.0061
[2019-08-15 08:37:50,278]: postivecharger.alphaticr.gap4 : 0.0061
[2019-08-15 08:37:50,278]: aromatic.aromatic.gap2 : 0.0061
[2019-08-15 08:37:50,278]: negativecharger.postivecharger.gap1 : 0.0060
[2019-08-15 08:37:50,278]: uncharger.aromatic.gap2 : 0.0060
[2019-08-15 08:37:50,278]: negativecharger.negativecharger.gap3 : 0.0060
[2019-08-15 08:37:50,279]: postivecharger.alphaticr.gap2 : 0.0060
[2019-08-15 08:37:50,279]: alphaticr.postivecharger.gap1 : 0.0060
[2019-08-15 08:37:50,279]: uncharger.uncharger.gap1 : 0.0060
[2019-08-15 08:37:50,279]: negativecharger.uncharger.gap0 : 0.0060
[2019-08-15 08:37:50,279]: alphaticr.alphaticr.gap2 : 0.0060
[2019-08-15 08:37:50,279]: negativecharger.negativecharger.gap1 : 0.0060
[2019-08-15 08:37:50,279]: alphaticr.uncharger.gap1 : 0.0059
[2019-08-15 08:37:50,279]: negativecharger.alphaticr.gap2 : 0.0059
[2019-08-15 08:37:50,279]: aromatic.uncharger.gap3 : 0.0059
[2019-08-15 08:37:50,279]: postivecharger.alphaticr.gap5 : 0.0059
[2019-08-15 08:37:50,279]: negativecharger.aromatic.gap1 : 0.0059
[2019-08-15 08:37:50,279]: uncharger.uncharger.gap0 : 0.0059
[2019-08-15 08:37:50,279]: negativecharger.postivecharger.gap5 : 0.0058
[2019-08-15 08:37:50,280]: alphaticr.aromatic.gap3 : 0.0058
[2019-08-15 08:37:50,280]: aromatic.postivecharger.gap1 : 0.0058
[2019-08-15 08:37:50,280]: alphaticr.postivecharger.gap0 : 0.0056
[2019-08-15 08:37:50,280]: uncharger.alphaticr.gap4 : 0.0055
[2019-08-15 08:37:50,280]: uncharger.uncharger.gap4 : 0.0055
[2019-08-15 08:37:50,280]: postivecharger.postivecharger.gap3 : 0.0052
[2019-08-15 08:37:50,280]: alphaticr.uncharger.gap3 : 0.0052
[2019-08-15 08:37:50,280]: aromatic.alphaticr.gap2 : 0.0052
[2019-08-15 08:37:50,280]: aromatic.alphaticr.gap0 : 0.0051
[2019-08-15 08:37:50,280]: postivecharger.negativecharger.gap3 : 0.0050
[2019-08-15 08:37:50,280]: aromatic.aromatic.gap3 : 0.0047
[2019-08-15 08:37:50,280]: aromatic.alphaticr.gap3 : 0.0047
[2019-08-15 08:37:50,281]: feature_rank end
[2019-08-15 08:37:50,307]: Start dimension reduction ...
[2019-08-15 08:37:54,733]: length=1 accuarcy=0.5818 f1=0.5811 precision=0.5808 recall=0.5818 roc=0.5783 
[2019-08-15 08:37:59,124]: length=21 accuarcy=0.7273 f1=0.7268 precision=0.7268 recall=0.7273 roc=0.7245 
[2019-08-15 08:38:03,248]: length=41 accuarcy=0.7364 f1=0.7362 precision=0.7361 recall=0.7364 roc=0.7343 
[2019-08-15 08:38:07,476]: length=61 accuarcy=0.7273 f1=0.7268 precision=0.7268 recall=0.7273 roc=0.7245 
[2019-08-15 08:38:12,003]: length=81 accuarcy=0.7545 f1=0.7544 precision=0.7543 recall=0.7545 roc=0.7526 
[2019-08-15 08:38:16,675]: length=101 accuarcy=0.7545 f1=0.7532 precision=0.7550 recall=0.7545 roc=0.7499 
[2019-08-15 08:38:20,862]: length=121 accuarcy=0.7636 f1=0.7627 precision=0.7638 recall=0.7636 roc=0.7597 
[2019-08-15 08:38:24,977]: length=141 accuarcy=0.7455 f1=0.7437 precision=0.7464 recall=0.7455 roc=0.7401 
[2019-08-15 08:38:29,464]: length=150 accuarcy=0.7364 f1=0.7356 precision=0.7360 recall=0.7364 roc=0.7330 
[2019-08-15 08:38:29,466]: ----------
[2019-08-15 08:38:29,466]: the max f1 = 0.7627
[2019-08-15 08:38:29,466]: ['uncharger.uncharger.gap3' 'alphaticr.alphaticr.gap4'
 'aromatic.uncharger.gap0' 'postivecharger.aromatic.gap3'
 'uncharger.postivecharger.gap2' 'aromatic.uncharger.gap4'
 'uncharger.aromatic.gap5' 'aromatic.negativecharger.gap0'
 'negativecharger.alphaticr.gap4' 'postivecharger.negativecharger.gap5'
 'alphaticr.alphaticr.gap0' 'alphaticr.postivecharger.gap3'
 'postivecharger.uncharger.gap5' 'uncharger.alphaticr.gap3'
 'alphaticr.aromatic.gap2' 'uncharger.uncharger.gap2'
 'aromatic.postivecharger.gap5' 'alphaticr.negativecharger.gap4'
 'postivecharger.postivecharger.gap4' 'uncharger.negativecharger.gap1'
 'uncharger.aromatic.gap1' 'uncharger.negativecharger.gap5'
 'aromatic.uncharger.gap5' 'alphaticr.alphaticr.gap5'
 'uncharger.alphaticr.gap2' 'postivecharger.alphaticr.gap1'
 'alphaticr.postivecharger.gap2' 'alphaticr.alphaticr.gap1'
 'postivecharger.uncharger.gap0' 'alphaticr.negativecharger.gap3'
 'postivecharger.uncharger.gap2' 'uncharger.postivecharger.gap5'
 'aromatic.uncharger.gap2' 'aromatic.negativecharger.gap5'
 'postivecharger.postivecharger.gap1' 'alphaticr.negativecharger.gap5'
 'postivecharger.uncharger.gap3' 'negativecharger.uncharger.gap2'
 'postivecharger.uncharger.gap4' 'postivecharger.alphaticr.gap3'
 'postivecharger.alphaticr.gap0' 'uncharger.alphaticr.gap0'
 'negativecharger.alphaticr.gap0' 'uncharger.alphaticr.gap5'
 'aromatic.uncharger.gap1' 'uncharger.aromatic.gap0'
 'uncharger.postivecharger.gap4' 'uncharger.postivecharger.gap0'
 'uncharger.alphaticr.gap1' 'aromatic.alphaticr.gap4'
 'alphaticr.postivecharger.gap4' 'uncharger.negativecharger.gap3'
 'negativecharger.postivecharger.gap2' 'uncharger.postivecharger.gap1'
 'negativecharger.alphaticr.gap3' 'negativecharger.alphaticr.gap5'
 'alphaticr.aromatic.gap4' 'postivecharger.aromatic.gap5'
 'postivecharger.negativecharger.gap0' 'negativecharger.aromatic.gap2'
 'negativecharger.aromatic.gap3' 'aromatic.postivecharger.gap4'
 'postivecharger.postivecharger.gap5' 'uncharger.aromatic.gap4'
 'negativecharger.uncharger.gap5' 'aromatic.alphaticr.gap5'
 'negativecharger.negativecharger.gap2'
 'negativecharger.postivecharger.gap4' 'alphaticr.uncharger.gap4'
 'uncharger.aromatic.gap3' 'aromatic.negativecharger.gap2'
 'postivecharger.aromatic.gap1' 'aromatic.aromatic.gap0'
 'aromatic.postivecharger.gap2' 'alphaticr.negativecharger.gap0'
 'negativecharger.uncharger.gap3' 'alphaticr.postivecharger.gap5'
 'alphaticr.negativecharger.gap1' 'aromatic.alphaticr.gap1'
 'uncharger.postivecharger.gap3' 'aromatic.postivecharger.gap0'
 'postivecharger.negativecharger.gap1' 'alphaticr.uncharger.gap0'
 'alphaticr.uncharger.gap2' 'aromatic.postivecharger.gap3'
 'negativecharger.negativecharger.gap4' 'uncharger.negativecharger.gap0'
 'postivecharger.negativecharger.gap2' 'uncharger.negativecharger.gap4'
 'postivecharger.aromatic.gap2' 'alphaticr.uncharger.gap5'
 'alphaticr.aromatic.gap1' 'aromatic.aromatic.gap5'
 'alphaticr.negativecharger.gap2' 'postivecharger.postivecharger.gap2'
 'postivecharger.negativecharger.gap4'
 'negativecharger.negativecharger.gap5' 'aromatic.negativecharger.gap1'
 'uncharger.uncharger.gap5' 'negativecharger.uncharger.gap1'
 'negativecharger.postivecharger.gap0' 'negativecharger.aromatic.gap5'
 'negativecharger.uncharger.gap4' 'postivecharger.postivecharger.gap0'
 'postivecharger.aromatic.gap0' 'negativecharger.alphaticr.gap1'
 'aromatic.negativecharger.gap3' 'aromatic.aromatic.gap1'
 'alphaticr.aromatic.gap5' 'postivecharger.aromatic.gap4'
 'negativecharger.negativecharger.gap0' 'aromatic.aromatic.gap4'
 'aromatic.negativecharger.gap4' 'postivecharger.uncharger.gap1'
 'negativecharger.postivecharger.gap3' 'alphaticr.aromatic.gap0'
 'uncharger.negativecharger.gap2' 'negativecharger.aromatic.gap4'
 'alphaticr.alphaticr.gap3' 'negativecharger.aromatic.gap0'
 'postivecharger.alphaticr.gap4'],length = 121
[2019-08-15 08:38:29,467]: -----------
[2019-08-15 08:38:33,986]: ***confusion matrix***
[2019-08-15 08:38:33,986]:                pos_class      neg_class      
[2019-08-15 08:38:33,986]: pos_class      TP:48             FN:11             
[2019-08-15 08:38:33,986]: neg_class      FP:15             TN:36             
[2019-08-15 08:38:33,986]: accuarcy = 0.7636363636363637 
[2019-08-15 08:38:33,987]: precision =0.7637837339964999 
[2019-08-15 08:38:33,988]: recall =0.7636363636363637
[2019-08-15 08:38:33,988]: f1 =0.7626874296663524 
[2019-08-15 08:38:33,989]: roc area = 0.7597208374875374
[2019-08-15 08:38:33,994]: -----------
[2019-08-15 08:38:33,994]: The output by the terminal's log has been saved in the J:\多设备共享\work\MRMD2.0-github\Logs\201908150837.log.
[2019-08-15 08:38:33,994]: metrics have been saved in the J:\多设备共享\work\MRMD2.0-github\Results\rd.arff.
[2019-08-15 08:38:33,994]: reduced dimensional dataset has been saved in the J:\多设备共享\work\MRMD2.0-github\Results\metrics.csv.
[2019-08-15 08:38:33,994]: ---mrmd 2.0 end---
