[2019-08-13 21:06:24,399]: ---mrmd 2.0 start----
[2019-08-13 21:06:24,489]: ANOVA start...
[2019-08-13 21:06:24,509]: ANOVA end.
[2019-08-13 21:06:24,509]: mic start...
[2019-08-13 21:06:29,740]: mic end.
[2019-08-13 21:06:29,741]: mrmd start...
[2019-08-13 21:06:29,983]: mrmd end.
[2019-08-13 21:06:29,983]: mRMR start...
[2019-08-13 21:06:30,123]: mRMR end.
[2019-08-13 21:06:30,123]: lasso start...
[2019-08-13 21:06:30,150]: lasso end.
[2019-08-13 21:06:30,151]: lasso2 start...
[2019-08-13 21:06:30,811]: lasso2 end.
[2019-08-13 21:06:30,814]: rank start ...
[2019-08-13 21:06:30,823]: The final  rank is
[2019-08-13 21:06:30,824]: uncharger.uncharger.gap3 : 0.0091
[2019-08-13 21:06:30,824]: alphaticr.alphaticr.gap4 : 0.0086
[2019-08-13 21:06:30,824]: aromatic.uncharger.gap0 : 0.0082
[2019-08-13 21:06:30,825]: postivecharger.aromatic.gap3 : 0.0081
[2019-08-13 21:06:30,825]: uncharger.postivecharger.gap2 : 0.0080
[2019-08-13 21:06:30,825]: aromatic.uncharger.gap4 : 0.0080
[2019-08-13 21:06:30,825]: uncharger.aromatic.gap5 : 0.0080
[2019-08-13 21:06:30,825]: aromatic.negativecharger.gap0 : 0.0079
[2019-08-13 21:06:30,825]: negativecharger.alphaticr.gap4 : 0.0079
[2019-08-13 21:06:30,825]: postivecharger.negativecharger.gap5 : 0.0079
[2019-08-13 21:06:30,825]: alphaticr.alphaticr.gap0 : 0.0078
[2019-08-13 21:06:30,825]: alphaticr.postivecharger.gap3 : 0.0078
[2019-08-13 21:06:30,825]: postivecharger.uncharger.gap5 : 0.0077
[2019-08-13 21:06:30,825]: uncharger.alphaticr.gap3 : 0.0077
[2019-08-13 21:06:30,825]: alphaticr.aromatic.gap2 : 0.0077
[2019-08-13 21:06:30,826]: uncharger.uncharger.gap2 : 0.0076
[2019-08-13 21:06:30,826]: aromatic.postivecharger.gap5 : 0.0076
[2019-08-13 21:06:30,826]: alphaticr.negativecharger.gap4 : 0.0076
[2019-08-13 21:06:30,826]: postivecharger.postivecharger.gap4 : 0.0076
[2019-08-13 21:06:30,826]: uncharger.negativecharger.gap1 : 0.0076
[2019-08-13 21:06:30,826]: uncharger.aromatic.gap1 : 0.0076
[2019-08-13 21:06:30,826]: uncharger.negativecharger.gap5 : 0.0076
[2019-08-13 21:06:30,826]: aromatic.uncharger.gap5 : 0.0075
[2019-08-13 21:06:30,826]: alphaticr.alphaticr.gap5 : 0.0075
[2019-08-13 21:06:30,826]: uncharger.alphaticr.gap2 : 0.0075
[2019-08-13 21:06:30,826]: postivecharger.alphaticr.gap1 : 0.0075
[2019-08-13 21:06:30,826]: alphaticr.postivecharger.gap2 : 0.0075
[2019-08-13 21:06:30,826]: alphaticr.alphaticr.gap1 : 0.0074
[2019-08-13 21:06:30,827]: postivecharger.uncharger.gap0 : 0.0074
[2019-08-13 21:06:30,827]: alphaticr.negativecharger.gap3 : 0.0074
[2019-08-13 21:06:30,827]: postivecharger.uncharger.gap2 : 0.0074
[2019-08-13 21:06:30,827]: uncharger.postivecharger.gap5 : 0.0074
[2019-08-13 21:06:30,827]: aromatic.uncharger.gap2 : 0.0074
[2019-08-13 21:06:30,827]: aromatic.negativecharger.gap5 : 0.0074
[2019-08-13 21:06:30,827]: postivecharger.postivecharger.gap1 : 0.0074
[2019-08-13 21:06:30,827]: alphaticr.negativecharger.gap5 : 0.0074
[2019-08-13 21:06:30,827]: postivecharger.uncharger.gap3 : 0.0074
[2019-08-13 21:06:30,827]: negativecharger.uncharger.gap2 : 0.0073
[2019-08-13 21:06:30,827]: postivecharger.uncharger.gap4 : 0.0073
[2019-08-13 21:06:30,827]: postivecharger.alphaticr.gap3 : 0.0073
[2019-08-13 21:06:30,828]: postivecharger.alphaticr.gap0 : 0.0073
[2019-08-13 21:06:30,828]: uncharger.alphaticr.gap0 : 0.0073
[2019-08-13 21:06:30,828]: negativecharger.alphaticr.gap0 : 0.0073
[2019-08-13 21:06:30,828]: uncharger.alphaticr.gap5 : 0.0073
[2019-08-13 21:06:30,828]: aromatic.uncharger.gap1 : 0.0073
[2019-08-13 21:06:30,828]: uncharger.aromatic.gap0 : 0.0073
[2019-08-13 21:06:30,828]: uncharger.postivecharger.gap4 : 0.0073
[2019-08-13 21:06:30,828]: uncharger.postivecharger.gap0 : 0.0073
[2019-08-13 21:06:30,828]: uncharger.alphaticr.gap1 : 0.0072
[2019-08-13 21:06:30,828]: aromatic.alphaticr.gap4 : 0.0072
[2019-08-13 21:06:30,828]: alphaticr.postivecharger.gap4 : 0.0072
[2019-08-13 21:06:30,828]: uncharger.negativecharger.gap3 : 0.0071
[2019-08-13 21:06:30,828]: negativecharger.postivecharger.gap2 : 0.0071
[2019-08-13 21:06:30,829]: uncharger.postivecharger.gap1 : 0.0071
[2019-08-13 21:06:30,829]: negativecharger.alphaticr.gap3 : 0.0070
[2019-08-13 21:06:30,829]: negativecharger.alphaticr.gap5 : 0.0070
[2019-08-13 21:06:30,829]: alphaticr.aromatic.gap4 : 0.0070
[2019-08-13 21:06:30,829]: postivecharger.aromatic.gap5 : 0.0069
[2019-08-13 21:06:30,829]: postivecharger.negativecharger.gap0 : 0.0068
[2019-08-13 21:06:30,829]: negativecharger.aromatic.gap2 : 0.0068
[2019-08-13 21:06:30,829]: negativecharger.aromatic.gap3 : 0.0068
[2019-08-13 21:06:30,829]: aromatic.postivecharger.gap4 : 0.0068
[2019-08-13 21:06:30,829]: postivecharger.postivecharger.gap5 : 0.0068
[2019-08-13 21:06:30,829]: uncharger.aromatic.gap4 : 0.0067
[2019-08-13 21:06:30,829]: negativecharger.uncharger.gap5 : 0.0067
[2019-08-13 21:06:30,830]: aromatic.alphaticr.gap5 : 0.0066
[2019-08-13 21:06:30,830]: negativecharger.negativecharger.gap2 : 0.0066
[2019-08-13 21:06:30,830]: negativecharger.postivecharger.gap4 : 0.0066
[2019-08-13 21:06:30,830]: alphaticr.uncharger.gap4 : 0.0066
[2019-08-13 21:06:30,830]: uncharger.aromatic.gap3 : 0.0066
[2019-08-13 21:06:30,830]: aromatic.negativecharger.gap2 : 0.0065
[2019-08-13 21:06:30,830]: postivecharger.aromatic.gap1 : 0.0065
[2019-08-13 21:06:30,830]: aromatic.aromatic.gap0 : 0.0065
[2019-08-13 21:06:30,830]: aromatic.postivecharger.gap2 : 0.0065
[2019-08-13 21:06:30,830]: alphaticr.negativecharger.gap0 : 0.0065
[2019-08-13 21:06:30,831]: negativecharger.uncharger.gap3 : 0.0065
[2019-08-13 21:06:30,831]: alphaticr.postivecharger.gap5 : 0.0065
[2019-08-13 21:06:30,831]: alphaticr.negativecharger.gap1 : 0.0064
[2019-08-13 21:06:30,831]: aromatic.alphaticr.gap1 : 0.0064
[2019-08-13 21:06:30,831]: uncharger.postivecharger.gap3 : 0.0064
[2019-08-13 21:06:30,831]: aromatic.postivecharger.gap0 : 0.0064
[2019-08-13 21:06:30,831]: postivecharger.negativecharger.gap1 : 0.0064
[2019-08-13 21:06:30,831]: alphaticr.uncharger.gap0 : 0.0064
[2019-08-13 21:06:30,831]: alphaticr.uncharger.gap2 : 0.0063
[2019-08-13 21:06:30,832]: aromatic.postivecharger.gap3 : 0.0063
[2019-08-13 21:06:30,832]: negativecharger.negativecharger.gap4 : 0.0063
[2019-08-13 21:06:30,832]: uncharger.negativecharger.gap0 : 0.0063
[2019-08-13 21:06:30,832]: postivecharger.negativecharger.gap2 : 0.0063
[2019-08-13 21:06:30,832]: uncharger.negativecharger.gap4 : 0.0063
[2019-08-13 21:06:30,832]: postivecharger.aromatic.gap2 : 0.0063
[2019-08-13 21:06:30,832]: alphaticr.uncharger.gap5 : 0.0063
[2019-08-13 21:06:30,832]: alphaticr.aromatic.gap1 : 0.0062
[2019-08-13 21:06:30,832]: aromatic.aromatic.gap5 : 0.0062
[2019-08-13 21:06:30,833]: alphaticr.negativecharger.gap2 : 0.0062
[2019-08-13 21:06:30,833]: postivecharger.postivecharger.gap2 : 0.0062
[2019-08-13 21:06:30,833]: postivecharger.negativecharger.gap4 : 0.0062
[2019-08-13 21:06:30,833]: negativecharger.negativecharger.gap5 : 0.0062
[2019-08-13 21:06:30,833]: aromatic.negativecharger.gap1 : 0.0062
[2019-08-13 21:06:30,833]: uncharger.uncharger.gap5 : 0.0062
[2019-08-13 21:06:30,833]: negativecharger.uncharger.gap1 : 0.0062
[2019-08-13 21:06:30,833]: negativecharger.postivecharger.gap0 : 0.0062
[2019-08-13 21:06:30,833]: negativecharger.aromatic.gap5 : 0.0062
[2019-08-13 21:06:30,833]: negativecharger.uncharger.gap4 : 0.0062
[2019-08-13 21:06:30,833]: postivecharger.postivecharger.gap0 : 0.0062
[2019-08-13 21:06:30,833]: postivecharger.aromatic.gap0 : 0.0062
[2019-08-13 21:06:30,834]: negativecharger.alphaticr.gap1 : 0.0062
[2019-08-13 21:06:30,834]: aromatic.negativecharger.gap3 : 0.0062
[2019-08-13 21:06:30,834]: aromatic.aromatic.gap1 : 0.0062
[2019-08-13 21:06:30,834]: alphaticr.aromatic.gap5 : 0.0061
[2019-08-13 21:06:30,834]: postivecharger.aromatic.gap4 : 0.0061
[2019-08-13 21:06:30,834]: negativecharger.negativecharger.gap0 : 0.0061
[2019-08-13 21:06:30,834]: aromatic.aromatic.gap4 : 0.0061
[2019-08-13 21:06:30,834]: aromatic.negativecharger.gap4 : 0.0061
[2019-08-13 21:06:30,834]: postivecharger.uncharger.gap1 : 0.0061
[2019-08-13 21:06:30,834]: negativecharger.postivecharger.gap3 : 0.0061
[2019-08-13 21:06:30,834]: alphaticr.aromatic.gap0 : 0.0061
[2019-08-13 21:06:30,835]: uncharger.negativecharger.gap2 : 0.0061
[2019-08-13 21:06:30,835]: negativecharger.aromatic.gap4 : 0.0061
[2019-08-13 21:06:30,835]: alphaticr.alphaticr.gap3 : 0.0061
[2019-08-13 21:06:30,835]: negativecharger.aromatic.gap0 : 0.0061
[2019-08-13 21:06:30,835]: postivecharger.alphaticr.gap4 : 0.0061
[2019-08-13 21:06:30,835]: aromatic.aromatic.gap2 : 0.0061
[2019-08-13 21:06:30,835]: negativecharger.postivecharger.gap1 : 0.0060
[2019-08-13 21:06:30,835]: uncharger.aromatic.gap2 : 0.0060
[2019-08-13 21:06:30,835]: negativecharger.negativecharger.gap3 : 0.0060
[2019-08-13 21:06:30,835]: postivecharger.alphaticr.gap2 : 0.0060
[2019-08-13 21:06:30,835]: alphaticr.postivecharger.gap1 : 0.0060
[2019-08-13 21:06:30,835]: uncharger.uncharger.gap1 : 0.0060
[2019-08-13 21:06:30,836]: negativecharger.uncharger.gap0 : 0.0060
[2019-08-13 21:06:30,836]: alphaticr.alphaticr.gap2 : 0.0060
[2019-08-13 21:06:30,836]: negativecharger.negativecharger.gap1 : 0.0060
[2019-08-13 21:06:30,836]: alphaticr.uncharger.gap1 : 0.0059
[2019-08-13 21:06:30,836]: negativecharger.alphaticr.gap2 : 0.0059
[2019-08-13 21:06:30,836]: aromatic.uncharger.gap3 : 0.0059
[2019-08-13 21:06:30,836]: postivecharger.alphaticr.gap5 : 0.0059
[2019-08-13 21:06:30,836]: negativecharger.aromatic.gap1 : 0.0059
[2019-08-13 21:06:30,836]: uncharger.uncharger.gap0 : 0.0059
[2019-08-13 21:06:30,836]: negativecharger.postivecharger.gap5 : 0.0058
[2019-08-13 21:06:30,836]: alphaticr.aromatic.gap3 : 0.0058
[2019-08-13 21:06:30,836]: aromatic.postivecharger.gap1 : 0.0058
[2019-08-13 21:06:30,836]: alphaticr.postivecharger.gap0 : 0.0056
[2019-08-13 21:06:30,837]: uncharger.alphaticr.gap4 : 0.0055
[2019-08-13 21:06:30,837]: uncharger.uncharger.gap4 : 0.0055
[2019-08-13 21:06:30,837]: postivecharger.postivecharger.gap3 : 0.0052
[2019-08-13 21:06:30,837]: alphaticr.uncharger.gap3 : 0.0052
[2019-08-13 21:06:30,837]: aromatic.alphaticr.gap2 : 0.0052
[2019-08-13 21:06:30,837]: aromatic.alphaticr.gap0 : 0.0051
[2019-08-13 21:06:30,837]: postivecharger.negativecharger.gap3 : 0.0050
[2019-08-13 21:06:30,837]: aromatic.aromatic.gap3 : 0.0047
[2019-08-13 21:06:30,837]: aromatic.alphaticr.gap3 : 0.0047
[2019-08-13 21:06:30,837]: feature_rank end
[2019-08-13 21:06:30,865]: Start dimension reduction ...
[2019-08-13 21:06:39,481]: length=1 accuarcy=0.5820 f1=0.5811 precision=0.5808 recall=0.5818 roc=0.5783 
[2019-08-13 21:06:48,061]: length=31 accuarcy=0.7573 f1=0.7627 precision=0.7638 recall=0.7636 roc=0.7597 
[2019-08-13 21:06:55,949]: length=61 accuarcy=0.7209 f1=0.7268 precision=0.7268 recall=0.7273 roc=0.7245 
[2019-08-13 21:07:04,367]: length=91 accuarcy=0.7655 f1=0.7715 precision=0.7735 recall=0.7727 roc=0.7682 
[2019-08-13 21:07:12,722]: length=121 accuarcy=0.7573 f1=0.7627 precision=0.7638 recall=0.7636 roc=0.7597 
[2019-08-13 21:07:21,026]: length=150 accuarcy=0.7300 f1=0.7356 precision=0.7360 recall=0.7364 roc=0.7330 
[2019-08-13 21:07:21,027]: ----------
[2019-08-13 21:07:21,027]: the max acc = 0.7655
[2019-08-13 21:07:21,027]: ['uncharger.uncharger.gap3' 'alphaticr.alphaticr.gap4'
 'aromatic.uncharger.gap0' 'postivecharger.aromatic.gap3'
 'uncharger.postivecharger.gap2' 'aromatic.uncharger.gap4'
 'uncharger.aromatic.gap5' 'aromatic.negativecharger.gap0'
 'negativecharger.alphaticr.gap4' 'postivecharger.negativecharger.gap5'
 'alphaticr.alphaticr.gap0' 'alphaticr.postivecharger.gap3'
 'postivecharger.uncharger.gap5' 'uncharger.alphaticr.gap3'
 'alphaticr.aromatic.gap2' 'uncharger.uncharger.gap2'
 'aromatic.postivecharger.gap5' 'alphaticr.negativecharger.gap4'
 'postivecharger.postivecharger.gap4' 'uncharger.negativecharger.gap1'
 'uncharger.aromatic.gap1' 'uncharger.negativecharger.gap5'
 'aromatic.uncharger.gap5' 'alphaticr.alphaticr.gap5'
 'uncharger.alphaticr.gap2' 'postivecharger.alphaticr.gap1'
 'alphaticr.postivecharger.gap2' 'alphaticr.alphaticr.gap1'
 'postivecharger.uncharger.gap0' 'alphaticr.negativecharger.gap3'
 'postivecharger.uncharger.gap2' 'uncharger.postivecharger.gap5'
 'aromatic.uncharger.gap2' 'aromatic.negativecharger.gap5'
 'postivecharger.postivecharger.gap1' 'alphaticr.negativecharger.gap5'
 'postivecharger.uncharger.gap3' 'negativecharger.uncharger.gap2'
 'postivecharger.uncharger.gap4' 'postivecharger.alphaticr.gap3'
 'postivecharger.alphaticr.gap0' 'uncharger.alphaticr.gap0'
 'negativecharger.alphaticr.gap0' 'uncharger.alphaticr.gap5'
 'aromatic.uncharger.gap1' 'uncharger.aromatic.gap0'
 'uncharger.postivecharger.gap4' 'uncharger.postivecharger.gap0'
 'uncharger.alphaticr.gap1' 'aromatic.alphaticr.gap4'
 'alphaticr.postivecharger.gap4' 'uncharger.negativecharger.gap3'
 'negativecharger.postivecharger.gap2' 'uncharger.postivecharger.gap1'
 'negativecharger.alphaticr.gap3' 'negativecharger.alphaticr.gap5'
 'alphaticr.aromatic.gap4' 'postivecharger.aromatic.gap5'
 'postivecharger.negativecharger.gap0' 'negativecharger.aromatic.gap2'
 'negativecharger.aromatic.gap3' 'aromatic.postivecharger.gap4'
 'postivecharger.postivecharger.gap5' 'uncharger.aromatic.gap4'
 'negativecharger.uncharger.gap5' 'aromatic.alphaticr.gap5'
 'negativecharger.negativecharger.gap2'
 'negativecharger.postivecharger.gap4' 'alphaticr.uncharger.gap4'
 'uncharger.aromatic.gap3' 'aromatic.negativecharger.gap2'
 'postivecharger.aromatic.gap1' 'aromatic.aromatic.gap0'
 'aromatic.postivecharger.gap2' 'alphaticr.negativecharger.gap0'
 'negativecharger.uncharger.gap3' 'alphaticr.postivecharger.gap5'
 'alphaticr.negativecharger.gap1' 'aromatic.alphaticr.gap1'
 'uncharger.postivecharger.gap3' 'aromatic.postivecharger.gap0'
 'postivecharger.negativecharger.gap1' 'alphaticr.uncharger.gap0'
 'alphaticr.uncharger.gap2' 'aromatic.postivecharger.gap3'
 'negativecharger.negativecharger.gap4' 'uncharger.negativecharger.gap0'
 'postivecharger.negativecharger.gap2' 'uncharger.negativecharger.gap4'
 'postivecharger.aromatic.gap2' 'alphaticr.uncharger.gap5'],length = 91
[2019-08-13 21:07:21,028]: -----------
[2019-08-13 21:07:25,141]: ***confusion matrix***
[2019-08-13 21:07:25,142]:                pos_class      neg_class      
[2019-08-13 21:07:25,142]: pos_class      TP:49             FN:10             
[2019-08-13 21:07:25,142]: neg_class      FP:15             TN:36             
[2019-08-13 21:07:25,142]: accuarcy = 0.7727272727272727 
[2019-08-13 21:07:25,143]: precision =0.7734992588932806 
[2019-08-13 21:07:25,144]: recall =0.7727272727272727
[2019-08-13 21:07:25,144]: f1 =0.7714890925853963 
[2019-08-13 21:07:25,145]: roc area = 0.7681954137587238
[2019-08-13 21:07:25,148]: -----------
[2019-08-13 21:07:25,149]: The output by the terminal's log has been saved in the J:\多设备共享\work\MRMD2.0-github\Logs\201908132106.log.
[2019-08-13 21:07:25,149]: metrics have been saved in the J:\多设备共享\work\MRMD2.0-github\Results\rd.csv.
[2019-08-13 21:07:25,149]: reduced dimensional dataset has been saved in the J:\多设备共享\work\MRMD2.0-github\Results\m.csv.
[2019-08-13 21:07:25,149]: ---mrmd 2.0 end---
