[2019-08-25 17:12:32,881]: ---mrmd 2.0 start----
[2019-08-25 17:12:32,956]: ANOVA start...
[2019-08-25 17:12:32,975]: ANOVA end.
[2019-08-25 17:12:32,975]: mic start...
[2019-08-25 17:12:43,281]: mic end.
[2019-08-25 17:12:43,282]: mrmd start...
[2019-08-25 17:12:43,492]: mrmd end.
[2019-08-25 17:12:43,492]: mRMR start...
[2019-08-25 17:12:46,227]: mRMR end.
[2019-08-25 17:12:46,227]: lasso start...
[2019-08-25 17:12:46,264]: lasso end.
[2019-08-25 17:12:46,264]: chi2 start...
[2019-08-25 17:12:46,293]: chi2 end.
[2019-08-25 17:12:46,293]: ref start...
[2019-08-25 17:12:47,186]: ref end.
[2019-08-25 17:12:47,191]: rank start ...
[2019-08-25 17:12:47,201]: The final  rank is
[2019-08-25 17:12:47,201]: negativecharger.aromatic.gap2 : 0.0078
[2019-08-25 17:12:47,201]: aromatic.postivecharger.gap5 : 0.0078
[2019-08-25 17:12:47,201]: postivecharger.negativecharger.gap5 : 0.0078
[2019-08-25 17:12:47,201]: aromatic.uncharger.gap5 : 0.0078
[2019-08-25 17:12:47,201]: uncharger.aromatic.gap1 : 0.0078
[2019-08-25 17:12:47,201]: aromatic.uncharger.gap1 : 0.0078
[2019-08-25 17:12:47,201]: negativecharger.alphaticr.gap4 : 0.0078
[2019-08-25 17:12:47,202]: alphaticr.alphaticr.gap5 : 0.0077
[2019-08-25 17:12:47,202]: uncharger.uncharger.gap2 : 0.0076
[2019-08-25 17:12:47,202]: alphaticr.postivecharger.gap3 : 0.0076
[2019-08-25 17:12:47,202]: uncharger.postivecharger.gap1 : 0.0076
[2019-08-25 17:12:47,202]: uncharger.alphaticr.gap0 : 0.0076
[2019-08-25 17:12:47,202]: negativecharger.alphaticr.gap3 : 0.0076
[2019-08-25 17:12:47,202]: alphaticr.alphaticr.gap0 : 0.0075
[2019-08-25 17:12:47,202]: postivecharger.uncharger.gap3 : 0.0075
[2019-08-25 17:12:47,202]: alphaticr.aromatic.gap2 : 0.0075
[2019-08-25 17:12:47,202]: postivecharger.aromatic.gap3 : 0.0075
[2019-08-25 17:12:47,202]: uncharger.alphaticr.gap5 : 0.0075
[2019-08-25 17:12:47,203]: uncharger.aromatic.gap0 : 0.0074
[2019-08-25 17:12:47,203]: postivecharger.postivecharger.gap1 : 0.0074
[2019-08-25 17:12:47,203]: alphaticr.negativecharger.gap3 : 0.0074
[2019-08-25 17:12:47,203]: uncharger.uncharger.gap3 : 0.0074
[2019-08-25 17:12:47,204]: aromatic.negativecharger.gap5 : 0.0074
[2019-08-25 17:12:47,204]: aromatic.uncharger.gap4 : 0.0073
[2019-08-25 17:12:47,204]: uncharger.negativecharger.gap1 : 0.0073
[2019-08-25 17:12:47,204]: alphaticr.alphaticr.gap4 : 0.0073
[2019-08-25 17:12:47,204]: aromatic.alphaticr.gap4 : 0.0073
[2019-08-25 17:12:47,204]: aromatic.negativecharger.gap0 : 0.0073
[2019-08-25 17:12:47,204]: postivecharger.alphaticr.gap1 : 0.0073
[2019-08-25 17:12:47,205]: postivecharger.uncharger.gap0 : 0.0073
[2019-08-25 17:12:47,205]: alphaticr.alphaticr.gap1 : 0.0073
[2019-08-25 17:12:47,205]: uncharger.postivecharger.gap0 : 0.0073
[2019-08-25 17:12:47,205]: postivecharger.uncharger.gap2 : 0.0073
[2019-08-25 17:12:47,205]: alphaticr.aromatic.gap0 : 0.0073
[2019-08-25 17:12:47,205]: uncharger.alphaticr.gap1 : 0.0072
[2019-08-25 17:12:47,205]: postivecharger.alphaticr.gap0 : 0.0072
[2019-08-25 17:12:47,205]: postivecharger.uncharger.gap4 : 0.0072
[2019-08-25 17:12:47,205]: uncharger.postivecharger.gap2 : 0.0072
[2019-08-25 17:12:47,205]: uncharger.aromatic.gap5 : 0.0072
[2019-08-25 17:12:47,205]: uncharger.aromatic.gap3 : 0.0072
[2019-08-25 17:12:47,206]: uncharger.postivecharger.gap4 : 0.0072
[2019-08-25 17:12:47,206]: negativecharger.alphaticr.gap0 : 0.0071
[2019-08-25 17:12:47,206]: aromatic.uncharger.gap0 : 0.0071
[2019-08-25 17:12:47,206]: postivecharger.postivecharger.gap4 : 0.0071
[2019-08-25 17:12:47,206]: negativecharger.uncharger.gap2 : 0.0071
[2019-08-25 17:12:47,206]: uncharger.alphaticr.gap2 : 0.0071
[2019-08-25 17:12:47,206]: alphaticr.negativecharger.gap5 : 0.0070
[2019-08-25 17:12:47,206]: aromatic.postivecharger.gap4 : 0.0070
[2019-08-25 17:12:47,206]: negativecharger.aromatic.gap3 : 0.0070
[2019-08-25 17:12:47,206]: uncharger.postivecharger.gap5 : 0.0069
[2019-08-25 17:12:47,206]: aromatic.negativecharger.gap1 : 0.0069
[2019-08-25 17:12:47,206]: postivecharger.uncharger.gap5 : 0.0068
[2019-08-25 17:12:47,207]: negativecharger.postivecharger.gap1 : 0.0068
[2019-08-25 17:12:47,207]: aromatic.uncharger.gap2 : 0.0068
[2019-08-25 17:12:47,207]: alphaticr.negativecharger.gap0 : 0.0068
[2019-08-25 17:12:47,207]: postivecharger.alphaticr.gap5 : 0.0068
[2019-08-25 17:12:47,207]: negativecharger.alphaticr.gap1 : 0.0068
[2019-08-25 17:12:47,207]: negativecharger.uncharger.gap1 : 0.0068
[2019-08-25 17:12:47,207]: alphaticr.aromatic.gap1 : 0.0068
[2019-08-25 17:12:47,207]: aromatic.aromatic.gap4 : 0.0068
[2019-08-25 17:12:47,207]: aromatic.aromatic.gap0 : 0.0068
[2019-08-25 17:12:47,207]: negativecharger.alphaticr.gap5 : 0.0067
[2019-08-25 17:12:47,207]: negativecharger.postivecharger.gap2 : 0.0067
[2019-08-25 17:12:47,207]: uncharger.aromatic.gap4 : 0.0066
[2019-08-25 17:12:47,208]: aromatic.aromatic.gap1 : 0.0066
[2019-08-25 17:12:47,208]: aromatic.alphaticr.gap1 : 0.0066
[2019-08-25 17:12:47,208]: alphaticr.alphaticr.gap2 : 0.0066
[2019-08-25 17:12:47,208]: alphaticr.uncharger.gap4 : 0.0066
[2019-08-25 17:12:47,208]: negativecharger.uncharger.gap5 : 0.0066
[2019-08-25 17:12:47,208]: postivecharger.aromatic.gap4 : 0.0066
[2019-08-25 17:12:47,208]: postivecharger.negativecharger.gap0 : 0.0066
[2019-08-25 17:12:47,208]: uncharger.negativecharger.gap5 : 0.0066
[2019-08-25 17:12:47,208]: negativecharger.aromatic.gap5 : 0.0066
[2019-08-25 17:12:47,208]: postivecharger.aromatic.gap2 : 0.0065
[2019-08-25 17:12:47,209]: alphaticr.postivecharger.gap2 : 0.0065
[2019-08-25 17:12:47,209]: aromatic.aromatic.gap5 : 0.0065
[2019-08-25 17:12:47,209]: aromatic.negativecharger.gap3 : 0.0065
[2019-08-25 17:12:47,209]: aromatic.postivecharger.gap0 : 0.0065
[2019-08-25 17:12:47,209]: alphaticr.negativecharger.gap1 : 0.0065
[2019-08-25 17:12:47,209]: alphaticr.uncharger.gap5 : 0.0065
[2019-08-25 17:12:47,209]: negativecharger.negativecharger.gap2 : 0.0065
[2019-08-25 17:12:47,209]: postivecharger.postivecharger.gap0 : 0.0065
[2019-08-25 17:12:47,209]: uncharger.alphaticr.gap3 : 0.0065
[2019-08-25 17:12:47,209]: alphaticr.aromatic.gap5 : 0.0065
[2019-08-25 17:12:47,209]: alphaticr.uncharger.gap3 : 0.0065
[2019-08-25 17:12:47,209]: uncharger.aromatic.gap2 : 0.0065
[2019-08-25 17:12:47,210]: negativecharger.postivecharger.gap0 : 0.0065
[2019-08-25 17:12:47,210]: negativecharger.aromatic.gap0 : 0.0065
[2019-08-25 17:12:47,210]: negativecharger.alphaticr.gap2 : 0.0065
[2019-08-25 17:12:47,210]: aromatic.postivecharger.gap3 : 0.0065
[2019-08-25 17:12:47,210]: postivecharger.negativecharger.gap4 : 0.0065
[2019-08-25 17:12:47,210]: aromatic.negativecharger.gap4 : 0.0064
[2019-08-25 17:12:47,210]: uncharger.alphaticr.gap4 : 0.0064
[2019-08-25 17:12:47,210]: uncharger.negativecharger.gap4 : 0.0064
[2019-08-25 17:12:47,210]: negativecharger.negativecharger.gap1 : 0.0064
[2019-08-25 17:12:47,210]: aromatic.aromatic.gap3 : 0.0064
[2019-08-25 17:12:47,210]: postivecharger.postivecharger.gap2 : 0.0064
[2019-08-25 17:12:47,211]: postivecharger.aromatic.gap1 : 0.0064
[2019-08-25 17:12:47,211]: negativecharger.uncharger.gap0 : 0.0064
[2019-08-25 17:12:47,211]: postivecharger.alphaticr.gap2 : 0.0064
[2019-08-25 17:12:47,211]: alphaticr.aromatic.gap3 : 0.0064
[2019-08-25 17:12:47,211]: postivecharger.alphaticr.gap3 : 0.0064
[2019-08-25 17:12:47,211]: alphaticr.uncharger.gap0 : 0.0064
[2019-08-25 17:12:47,211]: negativecharger.aromatic.gap1 : 0.0064
[2019-08-25 17:12:47,211]: alphaticr.postivecharger.gap1 : 0.0064
[2019-08-25 17:12:47,211]: alphaticr.postivecharger.gap4 : 0.0064
[2019-08-25 17:12:47,211]: uncharger.uncharger.gap4 : 0.0064
[2019-08-25 17:12:47,211]: postivecharger.uncharger.gap1 : 0.0064
[2019-08-25 17:12:47,212]: negativecharger.postivecharger.gap4 : 0.0064
[2019-08-25 17:12:47,212]: postivecharger.postivecharger.gap5 : 0.0064
[2019-08-25 17:12:47,212]: alphaticr.alphaticr.gap3 : 0.0064
[2019-08-25 17:12:47,212]: postivecharger.negativecharger.gap1 : 0.0064
[2019-08-25 17:12:47,212]: negativecharger.negativecharger.gap4 : 0.0063
[2019-08-25 17:12:47,212]: aromatic.uncharger.gap3 : 0.0063
[2019-08-25 17:12:47,212]: alphaticr.negativecharger.gap4 : 0.0063
[2019-08-25 17:12:47,212]: postivecharger.negativecharger.gap2 : 0.0063
[2019-08-25 17:12:47,212]: postivecharger.aromatic.gap0 : 0.0063
[2019-08-25 17:12:47,212]: uncharger.negativecharger.gap3 : 0.0063
[2019-08-25 17:12:47,213]: uncharger.negativecharger.gap2 : 0.0063
[2019-08-25 17:12:47,213]: negativecharger.negativecharger.gap0 : 0.0063
[2019-08-25 17:12:47,213]: uncharger.negativecharger.gap0 : 0.0063
[2019-08-25 17:12:47,213]: alphaticr.aromatic.gap4 : 0.0063
[2019-08-25 17:12:47,213]: aromatic.postivecharger.gap2 : 0.0063
[2019-08-25 17:12:47,213]: negativecharger.postivecharger.gap3 : 0.0063
[2019-08-25 17:12:47,213]: postivecharger.alphaticr.gap4 : 0.0063
[2019-08-25 17:12:47,213]: postivecharger.aromatic.gap5 : 0.0063
[2019-08-25 17:12:47,213]: aromatic.aromatic.gap2 : 0.0063
[2019-08-25 17:12:47,213]: aromatic.negativecharger.gap2 : 0.0062
[2019-08-25 17:12:47,214]: alphaticr.negativecharger.gap2 : 0.0062
[2019-08-25 17:12:47,214]: negativecharger.uncharger.gap4 : 0.0062
[2019-08-25 17:12:47,214]: alphaticr.uncharger.gap2 : 0.0062
[2019-08-25 17:12:47,214]: negativecharger.uncharger.gap3 : 0.0062
[2019-08-25 17:12:47,214]: uncharger.uncharger.gap0 : 0.0061
[2019-08-25 17:12:47,214]: negativecharger.aromatic.gap4 : 0.0060
[2019-08-25 17:12:47,214]: uncharger.postivecharger.gap3 : 0.0060
[2019-08-25 17:12:47,214]: uncharger.uncharger.gap1 : 0.0059
[2019-08-25 17:12:47,214]: alphaticr.postivecharger.gap5 : 0.0059
[2019-08-25 17:12:47,214]: aromatic.alphaticr.gap2 : 0.0058
[2019-08-25 17:12:47,214]: aromatic.alphaticr.gap5 : 0.0058
[2019-08-25 17:12:47,214]: alphaticr.uncharger.gap1 : 0.0058
[2019-08-25 17:12:47,215]: postivecharger.negativecharger.gap3 : 0.0056
[2019-08-25 17:12:47,215]: negativecharger.negativecharger.gap5 : 0.0056
[2019-08-25 17:12:47,215]: alphaticr.postivecharger.gap0 : 0.0056
[2019-08-25 17:12:47,215]: negativecharger.postivecharger.gap5 : 0.0054
[2019-08-25 17:12:47,215]: aromatic.postivecharger.gap1 : 0.0054
[2019-08-25 17:12:47,215]: postivecharger.postivecharger.gap3 : 0.0054
[2019-08-25 17:12:47,215]: negativecharger.negativecharger.gap3 : 0.0053
[2019-08-25 17:12:47,215]: uncharger.uncharger.gap5 : 0.0048
[2019-08-25 17:12:47,215]: aromatic.alphaticr.gap0 : 0.0048
[2019-08-25 17:12:47,215]: aromatic.alphaticr.gap3 : 0.0046
[2019-08-25 17:12:47,215]: feature_rank end
