[2019-08-23 22:32:33,817]: ---mrmd 2.0 start----
[2019-08-23 22:32:33,829]: ANOVA start...
[2019-08-23 22:32:33,841]: ANOVA end.
[2019-08-23 22:32:33,841]: mic start...
[2019-08-23 22:32:43,205]: mic end.
[2019-08-23 22:32:43,205]: mrmd start...
[2019-08-23 22:32:43,456]: mrmd end.
[2019-08-23 22:32:43,456]: mRMR start...
[2019-08-23 22:32:53,865]: mRMR end.
[2019-08-23 22:32:53,865]: lasso start...
[2019-08-23 22:32:53,900]: lasso end.
[2019-08-23 22:32:53,900]: chi2 start...
[2019-08-23 22:32:53,931]: chi2 end.
[2019-08-23 22:32:53,936]: rank start ...
[2019-08-23 22:32:53,950]: The final  rank is
[2019-08-23 22:32:53,950]: Hopp_Woods_R : 0.0073
[2019-08-23 22:32:53,950]: basic_polar : 0.0072
[2019-08-23 22:32:53,950]: Cornette_C : 0.0070
[2019-08-23 22:32:53,950]: Janin_P : 0.0070
[2019-08-23 22:32:53,951]: Engelman_GES_D : 0.0069
[2019-08-23 22:32:53,951]: Rose_I : 0.0068
[2019-08-23 22:32:53,951]: Kyte_Doolittle_I : 0.0068
[2019-08-23 22:32:53,951]: hydrophily : 0.0068
[2019-08-23 22:32:53,951]: Cornette_V : 0.0067
[2019-08-23 22:32:53,951]: Engelman_GES_S : 0.0067
[2019-08-23 22:32:53,951]: Cornette_T : 0.0067
[2019-08-23 22:32:53,951]: Janin_D : 0.0067
[2019-08-23 22:32:53,951]: Kyte_Doolittle_A : 0.0066
[2019-08-23 22:32:53,951]: Janin_W : 0.0066
[2019-08-23 22:32:53,951]: Hopp_Woods_A : 0.0065
[2019-08-23 22:32:53,952]: Hopp_Woods_I : 0.0065
[2019-08-23 22:32:53,952]: Engelman_GES_N : 0.0064
[2019-08-23 22:32:53,952]: Eisenberg_R : 0.0064
[2019-08-23 22:32:53,952]: Engelman_GES_W : 0.0064
[2019-08-23 22:32:53,952]: Cornette_P : 0.0064
[2019-08-23 22:32:53,952]: Rose_S : 0.0064
[2019-08-23 22:32:53,952]: Engelman_GES_E : 0.0064
[2019-08-23 22:32:53,952]: Cornette_F : 0.0064
[2019-08-23 22:32:53,952]: Hopp_Woods_D : 0.0064
[2019-08-23 22:32:53,953]: Rose_P : 0.0063
[2019-08-23 22:32:53,953]: Cornette_K : 0.0063
[2019-08-23 22:32:53,953]: Rose_Q : 0.0063
[2019-08-23 22:32:53,953]: Rose_H : 0.0062
[2019-08-23 22:32:53,953]: Engelman_GES_R : 0.0062
[2019-08-23 22:32:53,953]: Kyte_Doolittle_P : 0.0062
[2019-08-23 22:32:53,953]: Cornette_D : 0.0062
[2019-08-23 22:32:53,953]: Eisenberg_N : 0.0062
[2019-08-23 22:32:53,953]: Rose_L : 0.0061
[2019-08-23 22:32:53,953]: Rose_W : 0.0061
[2019-08-23 22:32:53,953]: Kyte_Doolittle_H : 0.0061
[2019-08-23 22:32:53,953]: Janin_H : 0.0061
[2019-08-23 22:32:53,954]: Janin_V : 0.0061
[2019-08-23 22:32:53,954]: nonpolar : 0.0061
[2019-08-23 22:32:53,954]: Kyte_Doolittle_L : 0.0061
[2019-08-23 22:32:53,954]: Kyte_Doolittle_K : 0.0061
[2019-08-23 22:32:53,954]: Eisenberg_Y : 0.0060
[2019-08-23 22:32:53,954]: Janin_Q : 0.0060
[2019-08-23 22:32:53,954]: K : 0.0060
[2019-08-23 22:32:53,955]: Engelman_GES_F : 0.0060
[2019-08-23 22:32:53,955]: Eisenberg_K : 0.0060
[2019-08-23 22:32:53,955]: Engelman_GES_P : 0.0059
[2019-08-23 22:32:53,955]: Cornette_E : 0.0059
[2019-08-23 22:32:53,955]: Eisenberg_D : 0.0059
[2019-08-23 22:32:53,955]: Kyte_Doolittle_C : 0.0059
[2019-08-23 22:32:53,955]: Engelman_GES_L : 0.0059
[2019-08-23 22:32:53,955]: Rose_R : 0.0059
[2019-08-23 22:32:53,955]: Kyte_Doolittle_W : 0.0059
[2019-08-23 22:32:53,955]: Hopp_Woods_N : 0.0058
[2019-08-23 22:32:53,955]: Hopp_Woods_H : 0.0058
[2019-08-23 22:32:53,955]: Cornette_H : 0.0058
[2019-08-23 22:32:53,956]: Cornette_S : 0.0058
[2019-08-23 22:32:53,956]: Janin_Y : 0.0058
[2019-08-23 22:32:53,956]: Kyte_Doolittle_N : 0.0058
[2019-08-23 22:32:53,956]: D : 0.0058
[2019-08-23 22:32:53,956]: C : 0.0058
[2019-08-23 22:32:53,956]: Eisenberg_V : 0.0058
[2019-08-23 22:32:53,956]: Rose_V : 0.0058
[2019-08-23 22:32:53,956]: Engelman_GES_Y : 0.0058
[2019-08-23 22:32:53,956]: Cornette_W : 0.0058
[2019-08-23 22:32:53,956]: Janin_T : 0.0057
[2019-08-23 22:32:53,956]: Janin_L : 0.0057
[2019-08-23 22:32:53,957]: Cornette_Q : 0.0057
[2019-08-23 22:32:53,957]: moderate : 0.0057
[2019-08-23 22:32:53,957]: I : 0.0057
[2019-08-23 22:32:53,957]: Rose_T : 0.0057
[2019-08-23 22:32:53,957]: Eisenberg_S : 0.0057
[2019-08-23 22:32:53,957]: Eisenberg_W : 0.0057
[2019-08-23 22:32:53,957]: Engelman_GES_Q : 0.0057
[2019-08-23 22:32:53,957]: aromatic : 0.0057
[2019-08-23 22:32:53,957]: Hopp_Woods_F : 0.0057
[2019-08-23 22:32:53,957]: aliphatic : 0.0057
[2019-08-23 22:32:53,957]: Kyte_Doolittle_F : 0.0057
[2019-08-23 22:32:53,958]: Cornette_L : 0.0057
[2019-08-23 22:32:53,958]: Hopp_Woods_Q : 0.0056
[2019-08-23 22:32:53,958]: S : 0.0056
[2019-08-23 22:32:53,958]: Kyte_Doolittle_D : 0.0056
[2019-08-23 22:32:53,958]: Janin_I : 0.0056
[2019-08-23 22:32:53,958]: Hopp_Woods_S : 0.0056
[2019-08-23 22:32:53,958]: P : 0.0056
[2019-08-23 22:32:53,958]: F : 0.0056
[2019-08-23 22:32:53,959]: Janin_A : 0.0056
[2019-08-23 22:32:53,959]: Kyte_Doolittle_E : 0.0056
[2019-08-23 22:32:53,959]: alphatic : 0.0056
[2019-08-23 22:32:53,959]: Engelman_GES_T : 0.0056
[2019-08-23 22:32:53,959]: V : 0.0056
[2019-08-23 22:32:53,959]: Rose_D : 0.0056
[2019-08-23 22:32:53,959]: T : 0.0056
[2019-08-23 22:32:53,959]: Hopp_Woods_M : 0.0056
[2019-08-23 22:32:53,959]: Hopp_Woods_Y : 0.0056
[2019-08-23 22:32:53,959]: Hopp_Woods_C : 0.0056
[2019-08-23 22:32:53,959]: Engelman_GES_K : 0.0056
[2019-08-23 22:32:53,960]: Cornette_A : 0.0055
[2019-08-23 22:32:53,960]: postivecharge : 0.0055
[2019-08-23 22:32:53,960]: Kyte_Doolittle_Q : 0.0055
[2019-08-23 22:32:53,960]: Eisenberg_A : 0.0055
[2019-08-23 22:32:53,960]: Kyte_Doolittle_M : 0.0055
[2019-08-23 22:32:53,960]: Hopp_Woods_V : 0.0055
[2019-08-23 22:32:53,960]: polar : 0.0055
[2019-08-23 22:32:53,960]: M : 0.0055
[2019-08-23 22:32:53,960]: Rose_M : 0.0055
[2019-08-23 22:32:53,960]: Engelman_GES_G : 0.0055
[2019-08-23 22:32:53,960]: positve : 0.0055
[2019-08-23 22:32:53,961]: Eisenberg_M : 0.0055
[2019-08-23 22:32:53,961]: Q : 0.0055
[2019-08-23 22:32:53,961]: Janin_M : 0.0055
[2019-08-23 22:32:53,961]: Cornette_Y : 0.0055
[2019-08-23 22:32:53,961]: Kyte_Doolittle_Y : 0.0055
[2019-08-23 22:32:53,961]: Rose_A : 0.0055
[2019-08-23 22:32:53,961]: hydrophobicity : 0.0055
[2019-08-23 22:32:53,961]: negativecharge : 0.0055
[2019-08-23 22:32:53,962]: Rose_N : 0.0055
[2019-08-23 22:32:53,962]: Kyte_Doolittle_R : 0.0055
[2019-08-23 22:32:53,962]: Hopp_Woods_L : 0.0055
[2019-08-23 22:32:53,962]: Eisenberg_H : 0.0055
[2019-08-23 22:32:53,962]: E : 0.0055
[2019-08-23 22:32:53,962]: Kyte_Doolittle_S : 0.0055
[2019-08-23 22:32:53,962]: Hopp_Woods_E : 0.0054
[2019-08-23 22:32:53,962]: Hopp_Woods_K : 0.0054
[2019-08-23 22:32:53,962]: N : 0.0054
[2019-08-23 22:32:53,962]: Engelman_GES_V : 0.0054
[2019-08-23 22:32:53,962]: Cornette_M : 0.0054
[2019-08-23 22:32:53,963]: Janin_K : 0.0054
[2019-08-23 22:32:53,963]: uncharge : 0.0054
[2019-08-23 22:32:53,963]: Engelman_GES_A : 0.0054
[2019-08-23 22:32:53,963]: Eisenberg_T : 0.0054
[2019-08-23 22:32:53,963]: Rose_C : 0.0054
[2019-08-23 22:32:53,963]: Eisenberg_L : 0.0054
[2019-08-23 22:32:53,963]: Rose_F : 0.0054
[2019-08-23 22:32:53,963]: Engelman_GES_M : 0.0054
[2019-08-23 22:32:53,963]: Eisenberg_P : 0.0053
[2019-08-23 22:32:53,963]: H : 0.0053
[2019-08-23 22:32:53,963]: Eisenberg_I : 0.0053
[2019-08-23 22:32:53,964]: Engelman_GES_H : 0.0053
[2019-08-23 22:32:53,964]: Janin_F : 0.0053
[2019-08-23 22:32:53,964]: Eisenberg_Q : 0.0053
[2019-08-23 22:32:53,964]: G : 0.0053
[2019-08-23 22:32:53,964]: Janin_E : 0.0053
[2019-08-23 22:32:53,964]: R : 0.0053
[2019-08-23 22:32:53,964]: Rose_K : 0.0053
[2019-08-23 22:32:53,964]: Janin_N : 0.0053
[2019-08-23 22:32:53,964]: Eisenberg_G : 0.0053
[2019-08-23 22:32:53,964]: L : 0.0052
[2019-08-23 22:32:53,964]: Y : 0.0052
[2019-08-23 22:32:53,965]: Kyte_Doolittle_G : 0.0052
[2019-08-23 22:32:53,965]: Engelman_GES_C : 0.0052
[2019-08-23 22:32:53,965]: Eisenberg_C : 0.0051
[2019-08-23 22:32:53,965]: Kyte_Doolittle_T : 0.0051
[2019-08-23 22:32:53,965]: neutral : 0.0051
[2019-08-23 22:32:53,965]: Janin_R : 0.0050
[2019-08-23 22:32:53,965]: Rose_E : 0.0050
[2019-08-23 22:32:53,965]: Janin_S : 0.0049
[2019-08-23 22:32:53,965]: Engelman_GES_I : 0.0049
[2019-08-23 22:32:53,965]: Janin_G : 0.0049
[2019-08-23 22:32:53,965]: A : 0.0049
[2019-08-23 22:32:53,966]: Eisenberg_F : 0.0049
[2019-08-23 22:32:53,966]: Hopp_Woods_T : 0.0049
[2019-08-23 22:32:53,966]: Rose_Y : 0.0049
[2019-08-23 22:32:53,966]: Eisenberg_E : 0.0048
[2019-08-23 22:32:53,966]: W : 0.0048
[2019-08-23 22:32:53,966]: aromatic.1 : 0.0048
[2019-08-23 22:32:53,966]: Hopp_Woods_W : 0.0048
[2019-08-23 22:32:53,966]: Cornette_I : 0.0048
[2019-08-23 22:32:53,967]: Cornette_R : 0.0047
[2019-08-23 22:32:53,967]: Kyte_Doolittle_V : 0.0047
[2019-08-23 22:32:53,967]: Janin_C : 0.0047
[2019-08-23 22:32:53,967]: negative : 0.0046
[2019-08-23 22:32:53,967]: heterocyclics : 0.0045
[2019-08-23 22:32:53,967]: Cornette_N : 0.0042
[2019-08-23 22:32:53,967]: acidic_polar : 0.0042
[2019-08-23 22:32:53,967]: Rose_G : 0.0040
[2019-08-23 22:32:53,967]: Cornette_G : 0.0034
[2019-08-23 22:32:53,967]: Hopp_Woods_G : 0.0030
[2019-08-23 22:32:53,967]: Hopp_Woods_P : 0.0028
[2019-08-23 22:32:53,968]: feature_rank end
[2019-08-23 22:32:53,991]: Start dimension reduction ...
[2019-08-23 22:33:01,687]: length=1 f1=0.6957 accuarcy=0.6957 precision=0.6957 recall=0.6957 roc=0.6920 
[2019-08-23 22:33:09,712]: length=2 f1=0.6856 accuarcy=0.6848 precision=0.6878 recall=0.6848 roc=0.6846 
[2019-08-23 22:33:17,401]: length=3 f1=0.7497 accuarcy=0.7500 precision=0.7495 recall=0.7500 roc=0.7458 
[2019-08-23 22:33:25,199]: length=4 f1=0.7609 accuarcy=0.7609 precision=0.7609 recall=0.7609 roc=0.7580 
[2019-08-23 22:33:32,880]: length=5 f1=0.8362 accuarcy=0.8370 precision=0.8372 recall=0.8370 roc=0.8314 
[2019-08-23 22:33:40,517]: length=6 f1=0.8910 accuarcy=0.8913 precision=0.8915 recall=0.8913 roc=0.8876 
[2019-08-23 22:33:48,173]: length=7 f1=0.8906 accuarcy=0.8913 precision=0.8933 recall=0.8913 roc=0.8852 
[2019-08-23 22:33:55,940]: length=8 f1=0.8799 accuarcy=0.8804 precision=0.8812 recall=0.8804 roc=0.8754 
[2019-08-23 22:34:03,532]: length=9 f1=0.8906 accuarcy=0.8913 precision=0.8933 recall=0.8913 roc=0.8852 
[2019-08-23 22:34:11,623]: length=10 f1=0.8906 accuarcy=0.8913 precision=0.8933 recall=0.8913 roc=0.8852 
[2019-08-23 22:34:19,237]: length=11 f1=0.8687 accuarcy=0.8696 precision=0.8712 recall=0.8696 roc=0.8632 
[2019-08-23 22:34:27,684]: length=12 f1=0.8580 accuarcy=0.8587 precision=0.8592 recall=0.8587 roc=0.8534 
[2019-08-23 22:34:35,357]: length=13 f1=0.8468 accuarcy=0.8478 precision=0.8491 recall=0.8478 roc=0.8412 
[2019-08-23 22:34:43,099]: length=14 f1=0.8580 accuarcy=0.8587 precision=0.8592 recall=0.8587 roc=0.8534 
[2019-08-23 22:34:50,803]: length=15 f1=0.8692 accuarcy=0.8696 precision=0.8696 recall=0.8696 roc=0.8656 
[2019-08-23 22:34:58,756]: length=16 f1=0.8580 accuarcy=0.8587 precision=0.8592 recall=0.8587 roc=0.8534 
[2019-08-23 22:35:06,811]: length=17 f1=0.8687 accuarcy=0.8696 precision=0.8712 recall=0.8696 roc=0.8632 
[2019-08-23 22:35:14,336]: length=18 f1=0.8799 accuarcy=0.8804 precision=0.8812 recall=0.8804 roc=0.8754 
[2019-08-23 22:35:23,367]: length=19 f1=0.8687 accuarcy=0.8696 precision=0.8712 recall=0.8696 roc=0.8632 
[2019-08-23 22:35:31,224]: length=20 f1=0.8585 accuarcy=0.8587 precision=0.8585 recall=0.8587 roc=0.8558 
[2019-08-23 22:35:38,684]: length=21 f1=0.8585 accuarcy=0.8587 precision=0.8585 recall=0.8587 roc=0.8558 
[2019-08-23 22:35:46,193]: length=22 f1=0.8687 accuarcy=0.8696 precision=0.8712 recall=0.8696 roc=0.8632 
[2019-08-23 22:35:53,662]: length=23 f1=0.8474 accuarcy=0.8478 precision=0.8478 recall=0.8478 roc=0.8436 
[2019-08-23 22:36:01,862]: length=24 f1=0.8692 accuarcy=0.8696 precision=0.8696 recall=0.8696 roc=0.8656 
[2019-08-23 22:36:09,500]: length=25 f1=0.8468 accuarcy=0.8478 precision=0.8491 recall=0.8478 roc=0.8412 
[2019-08-23 22:36:18,023]: length=26 f1=0.8468 accuarcy=0.8478 precision=0.8491 recall=0.8478 roc=0.8412 
[2019-08-23 22:36:25,422]: length=27 f1=0.8799 accuarcy=0.8804 precision=0.8812 recall=0.8804 roc=0.8754 
[2019-08-23 22:36:33,192]: length=28 f1=0.8580 accuarcy=0.8587 precision=0.8592 recall=0.8587 roc=0.8534 
[2019-08-23 22:36:41,288]: length=29 f1=0.8799 accuarcy=0.8804 precision=0.8812 recall=0.8804 roc=0.8754 
[2019-08-23 22:36:48,661]: length=30 f1=0.8474 accuarcy=0.8478 precision=0.8478 recall=0.8478 roc=0.8436 
[2019-08-23 22:36:56,386]: length=31 f1=0.8362 accuarcy=0.8370 precision=0.8372 recall=0.8370 roc=0.8314 
[2019-08-23 22:37:04,269]: length=32 f1=0.8580 accuarcy=0.8587 precision=0.8592 recall=0.8587 roc=0.8534 
[2019-08-23 22:37:11,709]: length=33 f1=0.8362 accuarcy=0.8370 precision=0.8372 recall=0.8370 roc=0.8314 
[2019-08-23 22:37:19,285]: length=34 f1=0.8256 accuarcy=0.8261 precision=0.8259 recall=0.8261 roc=0.8216 
[2019-08-23 22:37:27,254]: length=35 f1=0.8474 accuarcy=0.8478 precision=0.8478 recall=0.8478 roc=0.8436 
[2019-08-23 22:37:34,701]: length=36 f1=0.8478 accuarcy=0.8478 precision=0.8478 recall=0.8478 roc=0.8460 
[2019-08-23 22:37:42,447]: length=37 f1=0.8474 accuarcy=0.8478 precision=0.8478 recall=0.8478 roc=0.8436 
[2019-08-23 22:37:49,732]: length=38 f1=0.8362 accuarcy=0.8370 precision=0.8372 recall=0.8370 roc=0.8314 
[2019-08-23 22:37:57,176]: length=39 f1=0.8474 accuarcy=0.8478 precision=0.8478 recall=0.8478 roc=0.8436 
[2019-08-23 22:38:04,639]: length=40 f1=0.8474 accuarcy=0.8478 precision=0.8478 recall=0.8478 roc=0.8436 
[2019-08-23 22:38:12,395]: length=41 f1=0.8585 accuarcy=0.8587 precision=0.8585 recall=0.8587 roc=0.8558 
[2019-08-23 22:38:19,813]: length=42 f1=0.8474 accuarcy=0.8478 precision=0.8478 recall=0.8478 roc=0.8436 
[2019-08-23 22:38:27,246]: length=43 f1=0.8362 accuarcy=0.8370 precision=0.8372 recall=0.8370 roc=0.8314 
[2019-08-23 22:38:35,540]: length=44 f1=0.8474 accuarcy=0.8478 precision=0.8478 recall=0.8478 roc=0.8436 
[2019-08-23 22:38:43,913]: length=45 f1=0.8474 accuarcy=0.8478 precision=0.8478 recall=0.8478 roc=0.8436 
[2019-08-23 22:38:51,254]: length=46 f1=0.8585 accuarcy=0.8587 precision=0.8585 recall=0.8587 roc=0.8558 
[2019-08-23 22:38:58,721]: length=47 f1=0.8355 accuarcy=0.8370 precision=0.8391 recall=0.8370 roc=0.8290 
[2019-08-23 22:39:06,419]: length=48 f1=0.8362 accuarcy=0.8370 precision=0.8372 recall=0.8370 roc=0.8314 
[2019-08-23 22:39:14,174]: length=49 f1=0.8474 accuarcy=0.8478 precision=0.8478 recall=0.8478 roc=0.8436 
[2019-08-23 22:39:21,885]: length=50 f1=0.8460 accuarcy=0.8478 precision=0.8518 recall=0.8478 roc=0.8388 
[2019-08-23 22:39:30,267]: length=51 f1=0.8474 accuarcy=0.8478 precision=0.8478 recall=0.8478 roc=0.8436 
[2019-08-23 22:39:38,170]: length=52 f1=0.8362 accuarcy=0.8370 precision=0.8372 recall=0.8370 roc=0.8314 
[2019-08-23 22:39:46,288]: length=53 f1=0.8362 accuarcy=0.8370 precision=0.8372 recall=0.8370 roc=0.8314 
[2019-08-23 22:39:54,931]: length=54 f1=0.8474 accuarcy=0.8478 precision=0.8478 recall=0.8478 roc=0.8436 
[2019-08-23 22:40:02,694]: length=55 f1=0.8580 accuarcy=0.8587 precision=0.8592 recall=0.8587 roc=0.8534 
[2019-08-23 22:40:10,041]: length=56 f1=0.8580 accuarcy=0.8587 precision=0.8592 recall=0.8587 roc=0.8534 
[2019-08-23 22:40:18,505]: length=57 f1=0.8460 accuarcy=0.8478 precision=0.8518 recall=0.8478 roc=0.8388 
[2019-08-23 22:40:26,174]: length=58 f1=0.8362 accuarcy=0.8370 precision=0.8372 recall=0.8370 roc=0.8314 
[2019-08-23 22:40:33,787]: length=59 f1=0.8362 accuarcy=0.8370 precision=0.8372 recall=0.8370 roc=0.8314 
[2019-08-23 22:40:41,563]: length=60 f1=0.8362 accuarcy=0.8370 precision=0.8372 recall=0.8370 roc=0.8314 
[2019-08-23 22:40:49,223]: length=61 f1=0.8362 accuarcy=0.8370 precision=0.8372 recall=0.8370 roc=0.8314 
[2019-08-23 22:40:56,884]: length=62 f1=0.8362 accuarcy=0.8370 precision=0.8372 recall=0.8370 roc=0.8314 
[2019-08-23 22:41:04,473]: length=63 f1=0.8362 accuarcy=0.8370 precision=0.8372 recall=0.8370 roc=0.8314 
[2019-08-23 22:41:11,886]: length=64 f1=0.8362 accuarcy=0.8370 precision=0.8372 recall=0.8370 roc=0.8314 
[2019-08-23 22:41:19,395]: length=65 f1=0.8256 accuarcy=0.8261 precision=0.8259 recall=0.8261 roc=0.8216 
[2019-08-23 22:41:27,216]: length=66 f1=0.8256 accuarcy=0.8261 precision=0.8259 recall=0.8261 roc=0.8216 
[2019-08-23 22:41:35,381]: length=67 f1=0.8468 accuarcy=0.8478 precision=0.8491 recall=0.8478 roc=0.8412 
[2019-08-23 22:41:43,078]: length=68 f1=0.8256 accuarcy=0.8261 precision=0.8259 recall=0.8261 roc=0.8216 
[2019-08-23 22:41:50,736]: length=69 f1=0.8362 accuarcy=0.8370 precision=0.8372 recall=0.8370 roc=0.8314 
[2019-08-23 22:41:58,513]: length=70 f1=0.8468 accuarcy=0.8478 precision=0.8491 recall=0.8478 roc=0.8412 
[2019-08-23 22:42:06,297]: length=71 f1=0.8474 accuarcy=0.8478 precision=0.8478 recall=0.8478 roc=0.8436 
[2019-08-23 22:42:13,763]: length=72 f1=0.8362 accuarcy=0.8370 precision=0.8372 recall=0.8370 roc=0.8314 
[2019-08-23 22:42:21,681]: length=73 f1=0.8468 accuarcy=0.8478 precision=0.8491 recall=0.8478 roc=0.8412 
[2019-08-23 22:42:29,230]: length=74 f1=0.8478 accuarcy=0.8478 precision=0.8478 recall=0.8478 roc=0.8460 
[2019-08-23 22:42:37,040]: length=75 f1=0.8474 accuarcy=0.8478 precision=0.8478 recall=0.8478 roc=0.8436 
[2019-08-23 22:42:44,729]: length=76 f1=0.8474 accuarcy=0.8478 precision=0.8478 recall=0.8478 roc=0.8436 
[2019-08-23 22:42:52,092]: length=77 f1=0.8585 accuarcy=0.8587 precision=0.8585 recall=0.8587 roc=0.8558 
[2019-08-23 22:42:59,479]: length=78 f1=0.8580 accuarcy=0.8587 precision=0.8592 recall=0.8587 roc=0.8534 
[2019-08-23 22:43:07,211]: length=79 f1=0.8367 accuarcy=0.8370 precision=0.8367 recall=0.8370 roc=0.8338 
[2019-08-23 22:43:15,015]: length=80 f1=0.8468 accuarcy=0.8478 precision=0.8491 recall=0.8478 roc=0.8412 
[2019-08-23 22:43:22,980]: length=81 f1=0.8256 accuarcy=0.8261 precision=0.8259 recall=0.8261 roc=0.8216 
[2019-08-23 22:43:30,962]: length=82 f1=0.8580 accuarcy=0.8587 precision=0.8592 recall=0.8587 roc=0.8534 
[2019-08-23 22:43:38,430]: length=83 f1=0.8367 accuarcy=0.8370 precision=0.8367 recall=0.8370 roc=0.8338 
[2019-08-23 22:43:46,237]: length=84 f1=0.8367 accuarcy=0.8370 precision=0.8367 recall=0.8370 roc=0.8338 
[2019-08-23 22:43:53,946]: length=85 f1=0.8367 accuarcy=0.8370 precision=0.8367 recall=0.8370 roc=0.8338 
[2019-08-23 22:44:01,340]: length=86 f1=0.8474 accuarcy=0.8478 precision=0.8478 recall=0.8478 roc=0.8436 
[2019-08-23 22:44:08,922]: length=87 f1=0.8362 accuarcy=0.8370 precision=0.8372 recall=0.8370 roc=0.8314 
[2019-08-23 22:44:16,281]: length=88 f1=0.8367 accuarcy=0.8370 precision=0.8367 recall=0.8370 roc=0.8338 
[2019-08-23 22:44:24,921]: length=89 f1=0.8580 accuarcy=0.8587 precision=0.8592 recall=0.8587 roc=0.8534 
[2019-08-23 22:44:32,411]: length=90 f1=0.8580 accuarcy=0.8587 precision=0.8592 recall=0.8587 roc=0.8534 
[2019-08-23 22:44:40,360]: length=91 f1=0.8468 accuarcy=0.8478 precision=0.8491 recall=0.8478 roc=0.8412 
[2019-08-23 22:44:48,459]: length=92 f1=0.8468 accuarcy=0.8478 precision=0.8491 recall=0.8478 roc=0.8412 
[2019-08-23 22:44:55,846]: length=93 f1=0.8367 accuarcy=0.8370 precision=0.8367 recall=0.8370 roc=0.8338 
[2019-08-23 22:45:04,237]: length=94 f1=0.8468 accuarcy=0.8478 precision=0.8491 recall=0.8478 roc=0.8412 
[2019-08-23 22:45:11,505]: length=95 f1=0.8367 accuarcy=0.8370 precision=0.8367 recall=0.8370 roc=0.8338 
[2019-08-23 22:45:18,845]: length=96 f1=0.8474 accuarcy=0.8478 precision=0.8478 recall=0.8478 roc=0.8436 
[2019-08-23 22:45:26,189]: length=97 f1=0.8256 accuarcy=0.8261 precision=0.8259 recall=0.8261 roc=0.8216 
[2019-08-23 22:45:33,973]: length=98 f1=0.8468 accuarcy=0.8478 precision=0.8491 recall=0.8478 roc=0.8412 
[2019-08-23 22:45:41,465]: length=99 f1=0.8150 accuarcy=0.8152 precision=0.8149 recall=0.8152 roc=0.8118 
[2019-08-23 22:45:49,213]: length=100 f1=0.8143 accuarcy=0.8152 precision=0.8152 recall=0.8152 roc=0.8094 
[2019-08-23 22:45:56,686]: length=101 f1=0.8468 accuarcy=0.8478 precision=0.8491 recall=0.8478 roc=0.8412 
[2019-08-23 22:46:04,644]: length=102 f1=0.8468 accuarcy=0.8478 precision=0.8491 recall=0.8478 roc=0.8412 
[2019-08-23 22:46:12,347]: length=103 f1=0.8468 accuarcy=0.8478 precision=0.8491 recall=0.8478 roc=0.8412 
[2019-08-23 22:46:19,861]: length=104 f1=0.8474 accuarcy=0.8478 precision=0.8478 recall=0.8478 roc=0.8436 
[2019-08-23 22:46:27,474]: length=105 f1=0.8580 accuarcy=0.8587 precision=0.8592 recall=0.8587 roc=0.8534 
[2019-08-23 22:46:35,034]: length=106 f1=0.8362 accuarcy=0.8370 precision=0.8372 recall=0.8370 roc=0.8314 
[2019-08-23 22:46:43,625]: length=107 f1=0.8474 accuarcy=0.8478 precision=0.8478 recall=0.8478 roc=0.8436 
[2019-08-23 22:46:51,402]: length=108 f1=0.8249 accuarcy=0.8261 precision=0.8269 recall=0.8261 roc=0.8192 
[2019-08-23 22:46:59,450]: length=109 f1=0.8580 accuarcy=0.8587 precision=0.8592 recall=0.8587 roc=0.8534 
[2019-08-23 22:47:07,397]: length=110 f1=0.8687 accuarcy=0.8696 precision=0.8712 recall=0.8696 roc=0.8632 
[2019-08-23 22:47:14,857]: length=111 f1=0.8468 accuarcy=0.8478 precision=0.8491 recall=0.8478 roc=0.8412 
[2019-08-23 22:47:22,691]: length=112 f1=0.8367 accuarcy=0.8370 precision=0.8367 recall=0.8370 roc=0.8338 
[2019-08-23 22:47:30,162]: length=113 f1=0.8474 accuarcy=0.8478 precision=0.8478 recall=0.8478 roc=0.8436 
[2019-08-23 22:47:38,275]: length=114 f1=0.8249 accuarcy=0.8261 precision=0.8269 recall=0.8261 roc=0.8192 
[2019-08-23 22:47:45,826]: length=115 f1=0.8468 accuarcy=0.8478 precision=0.8491 recall=0.8478 roc=0.8412 
[2019-08-23 22:47:53,902]: length=116 f1=0.8256 accuarcy=0.8261 precision=0.8259 recall=0.8261 roc=0.8216 
[2019-08-23 22:48:01,376]: length=117 f1=0.8474 accuarcy=0.8478 precision=0.8478 recall=0.8478 roc=0.8436 
[2019-08-23 22:48:09,151]: length=118 f1=0.8474 accuarcy=0.8478 precision=0.8478 recall=0.8478 roc=0.8436 
[2019-08-23 22:48:16,421]: length=119 f1=0.8261 accuarcy=0.8261 precision=0.8261 recall=0.8261 roc=0.8240 
[2019-08-23 22:48:23,858]: length=120 f1=0.8367 accuarcy=0.8370 precision=0.8367 recall=0.8370 roc=0.8338 
[2019-08-23 22:48:31,670]: length=121 f1=0.8367 accuarcy=0.8370 precision=0.8367 recall=0.8370 roc=0.8338 
[2019-08-23 22:48:39,059]: length=122 f1=0.8687 accuarcy=0.8696 precision=0.8712 recall=0.8696 roc=0.8632 
[2019-08-23 22:48:47,041]: length=123 f1=0.8474 accuarcy=0.8478 precision=0.8478 recall=0.8478 roc=0.8436 
[2019-08-23 22:48:54,840]: length=124 f1=0.8362 accuarcy=0.8370 precision=0.8372 recall=0.8370 roc=0.8314 
[2019-08-23 22:49:02,232]: length=125 f1=0.8474 accuarcy=0.8478 precision=0.8478 recall=0.8478 roc=0.8436 
[2019-08-23 22:49:10,497]: length=126 f1=0.8474 accuarcy=0.8478 precision=0.8478 recall=0.8478 roc=0.8436 
[2019-08-23 22:49:19,003]: length=127 f1=0.8468 accuarcy=0.8478 precision=0.8491 recall=0.8478 roc=0.8412 
[2019-08-23 22:49:26,611]: length=128 f1=0.8468 accuarcy=0.8478 precision=0.8491 recall=0.8478 roc=0.8412 
[2019-08-23 22:49:34,021]: length=129 f1=0.8362 accuarcy=0.8370 precision=0.8372 recall=0.8370 roc=0.8314 
[2019-08-23 22:49:41,587]: length=130 f1=0.8355 accuarcy=0.8370 precision=0.8391 recall=0.8370 roc=0.8290 
[2019-08-23 22:49:49,621]: length=131 f1=0.8580 accuarcy=0.8587 precision=0.8592 recall=0.8587 roc=0.8534 
[2019-08-23 22:49:57,138]: length=132 f1=0.8256 accuarcy=0.8261 precision=0.8259 recall=0.8261 roc=0.8216 
[2019-08-23 22:50:04,844]: length=133 f1=0.8362 accuarcy=0.8370 precision=0.8372 recall=0.8370 roc=0.8314 
[2019-08-23 22:50:12,408]: length=134 f1=0.8362 accuarcy=0.8370 precision=0.8372 recall=0.8370 roc=0.8314 
[2019-08-23 22:50:19,753]: length=135 f1=0.8367 accuarcy=0.8370 precision=0.8367 recall=0.8370 roc=0.8338 
[2019-08-23 22:50:27,463]: length=136 f1=0.8362 accuarcy=0.8370 precision=0.8372 recall=0.8370 roc=0.8314 
[2019-08-23 22:50:35,030]: length=137 f1=0.8468 accuarcy=0.8478 precision=0.8491 recall=0.8478 roc=0.8412 
[2019-08-23 22:50:42,539]: length=138 f1=0.8474 accuarcy=0.8478 precision=0.8478 recall=0.8478 roc=0.8436 
[2019-08-23 22:50:50,713]: length=139 f1=0.8468 accuarcy=0.8478 precision=0.8491 recall=0.8478 roc=0.8412 
[2019-08-23 22:50:58,216]: length=140 f1=0.8468 accuarcy=0.8478 precision=0.8491 recall=0.8478 roc=0.8412 
[2019-08-23 22:51:05,730]: length=141 f1=0.8367 accuarcy=0.8370 precision=0.8367 recall=0.8370 roc=0.8338 
[2019-08-23 22:51:13,171]: length=142 f1=0.8468 accuarcy=0.8478 precision=0.8491 recall=0.8478 roc=0.8412 
[2019-08-23 22:51:20,672]: length=143 f1=0.8474 accuarcy=0.8478 precision=0.8478 recall=0.8478 roc=0.8436 
[2019-08-23 22:51:28,207]: length=144 f1=0.8256 accuarcy=0.8261 precision=0.8259 recall=0.8261 roc=0.8216 
[2019-08-23 22:51:35,731]: length=145 f1=0.8261 accuarcy=0.8261 precision=0.8261 recall=0.8261 roc=0.8240 
[2019-08-23 22:51:43,394]: length=146 f1=0.8362 accuarcy=0.8370 precision=0.8372 recall=0.8370 roc=0.8314 
[2019-08-23 22:51:50,984]: length=147 f1=0.8362 accuarcy=0.8370 precision=0.8372 recall=0.8370 roc=0.8314 
[2019-08-23 22:51:59,038]: length=148 f1=0.8468 accuarcy=0.8478 precision=0.8491 recall=0.8478 roc=0.8412 
[2019-08-23 22:52:06,575]: length=149 f1=0.8256 accuarcy=0.8261 precision=0.8259 recall=0.8261 roc=0.8216 
[2019-08-23 22:52:13,949]: length=150 f1=0.8474 accuarcy=0.8478 precision=0.8478 recall=0.8478 roc=0.8436 
[2019-08-23 22:52:21,724]: length=151 f1=0.8362 accuarcy=0.8370 precision=0.8372 recall=0.8370 roc=0.8314 
[2019-08-23 22:52:29,405]: length=152 f1=0.8580 accuarcy=0.8587 precision=0.8592 recall=0.8587 roc=0.8534 
[2019-08-23 22:52:37,159]: length=153 f1=0.8474 accuarcy=0.8478 precision=0.8478 recall=0.8478 roc=0.8436 
[2019-08-23 22:52:44,934]: length=154 f1=0.8362 accuarcy=0.8370 precision=0.8372 recall=0.8370 roc=0.8314 
[2019-08-23 22:52:52,372]: length=155 f1=0.8367 accuarcy=0.8370 precision=0.8367 recall=0.8370 roc=0.8338 
[2019-08-23 22:53:00,191]: length=156 f1=0.8580 accuarcy=0.8587 precision=0.8592 recall=0.8587 roc=0.8534 
[2019-08-23 22:53:07,781]: length=157 f1=0.8468 accuarcy=0.8478 precision=0.8491 recall=0.8478 roc=0.8412 
[2019-08-23 22:53:15,643]: length=158 f1=0.8468 accuarcy=0.8478 precision=0.8491 recall=0.8478 roc=0.8412 
[2019-08-23 22:53:23,112]: length=159 f1=0.8574 accuarcy=0.8587 precision=0.8614 recall=0.8587 roc=0.8510 
[2019-08-23 22:53:31,085]: length=160 f1=0.8468 accuarcy=0.8478 precision=0.8491 recall=0.8478 roc=0.8412 
[2019-08-23 22:53:38,394]: length=161 f1=0.8362 accuarcy=0.8370 precision=0.8372 recall=0.8370 roc=0.8314 
[2019-08-23 22:53:46,456]: length=162 f1=0.8256 accuarcy=0.8261 precision=0.8259 recall=0.8261 roc=0.8216 
[2019-08-23 22:53:53,989]: length=163 f1=0.8574 accuarcy=0.8587 precision=0.8614 recall=0.8587 roc=0.8510 
[2019-08-23 22:54:01,967]: length=164 f1=0.8468 accuarcy=0.8478 precision=0.8491 recall=0.8478 roc=0.8412 
[2019-08-23 22:54:09,896]: length=165 f1=0.8256 accuarcy=0.8261 precision=0.8259 recall=0.8261 roc=0.8216 
[2019-08-23 22:54:17,575]: length=166 f1=0.8468 accuarcy=0.8478 precision=0.8491 recall=0.8478 roc=0.8412 
[2019-08-23 22:54:25,261]: length=167 f1=0.8249 accuarcy=0.8261 precision=0.8269 recall=0.8261 roc=0.8192 
[2019-08-23 22:54:32,629]: length=168 f1=0.8574 accuarcy=0.8587 precision=0.8614 recall=0.8587 roc=0.8510 
[2019-08-23 22:54:40,131]: length=169 f1=0.8367 accuarcy=0.8370 precision=0.8367 recall=0.8370 roc=0.8338 
[2019-08-23 22:54:47,925]: length=170 f1=0.8256 accuarcy=0.8261 precision=0.8259 recall=0.8261 roc=0.8216 
[2019-08-23 22:54:55,375]: length=171 f1=0.8355 accuarcy=0.8370 precision=0.8391 recall=0.8370 roc=0.8290 
[2019-08-23 22:55:03,380]: length=172 f1=0.8256 accuarcy=0.8261 precision=0.8259 recall=0.8261 roc=0.8216 
[2019-08-23 22:55:11,680]: length=173 f1=0.8474 accuarcy=0.8478 precision=0.8478 recall=0.8478 roc=0.8436 
[2019-08-23 22:55:19,477]: length=174 f1=0.8580 accuarcy=0.8587 precision=0.8592 recall=0.8587 roc=0.8534 
[2019-08-23 22:55:27,536]: length=175 f1=0.8362 accuarcy=0.8370 precision=0.8372 recall=0.8370 roc=0.8314 
[2019-08-23 22:55:35,380]: length=176 f1=0.8468 accuarcy=0.8478 precision=0.8491 recall=0.8478 roc=0.8412 
[2019-08-23 22:55:42,941]: length=177 f1=0.8362 accuarcy=0.8370 precision=0.8372 recall=0.8370 roc=0.8314 
[2019-08-23 22:55:51,350]: length=178 f1=0.8367 accuarcy=0.8370 precision=0.8367 recall=0.8370 roc=0.8338 
[2019-08-23 22:55:51,355]: ----------
[2019-08-23 22:55:51,355]: the max f1 = 0.8910
[2019-08-23 22:55:51,355]: ['Hopp_Woods_R' 'basic_polar' 'Cornette_C' 'Janin_P' 'Engelman_GES_D'
 'Rose_I'],length = 6
[2019-08-23 22:55:51,355]: -----------
[2019-08-23 22:55:58,845]: ***confusion matrix***
[2019-08-23 22:55:58,846]:                pos_class      neg_class      
[2019-08-23 22:55:58,846]: pos_class      TP:35             FN:6              
[2019-08-23 22:55:58,846]: neg_class      FP:4              TN:47             
[2019-08-23 22:55:58,847]: f1 =0.8910 
[2019-08-23 22:55:58,847]: accuarcy = 0.8913 
[2019-08-23 22:55:58,847]: precision =0.8915 
[2019-08-23 22:55:58,848]: recall =0.8913
[2019-08-23 22:55:58,849]: roc area = 0.8876
[2019-08-23 22:55:58,871]: -----------
[2019-08-23 22:55:58,871]: The output by the terminal's log has been saved in the J:\多设备共享\work\MRMD2.0-github\Logs\201908232232.log.
[2019-08-23 22:55:58,871]: metrics have been saved in the J:\多设备共享\work\MRMD2.0-github\Results\meteixa.csv.
[2019-08-23 22:55:58,871]: reduced dimensional dataset has been saved in the J:\多设备共享\work\MRMD2.0-github\Results\rd.csv.
[2019-08-23 22:55:58,871]: ---mrmd 2.0 end---
