[2019-08-15 08:41:03,286]: ---mrmd 2.0 start----
[2019-08-15 08:41:03,378]: ANOVA start...
[2019-08-15 08:41:03,396]: ANOVA end.
[2019-08-15 08:41:03,396]: mic start...
[2019-08-15 08:41:10,470]: mic end.
[2019-08-15 08:41:10,470]: mrmd start...
[2019-08-15 08:41:10,683]: mrmd end.
[2019-08-15 08:41:10,684]: mRMR start...
[2019-08-15 08:41:19,067]: mRMR end.
[2019-08-15 08:41:19,067]: lasso start...
[2019-08-15 08:41:19,092]: lasso end.
[2019-08-15 08:41:19,093]: lasso2 start...
[2019-08-15 08:41:19,762]: lasso2 end.
[2019-08-15 08:41:19,766]: rank start ...
[2019-08-15 08:41:19,776]: The final  rank is
[2019-08-15 08:41:19,777]: aromatic.uncharger.gap5 : 0.0080
[2019-08-15 08:41:19,778]: aromatic.uncharger.gap0 : 0.0078
[2019-08-15 08:41:19,778]: uncharger.postivecharger.gap0 : 0.0077
[2019-08-15 08:41:19,778]: uncharger.aromatic.gap5 : 0.0077
[2019-08-15 08:41:19,778]: uncharger.aromatic.gap1 : 0.0077
[2019-08-15 08:41:19,778]: alphaticr.alphaticr.gap5 : 0.0077
[2019-08-15 08:41:19,778]: uncharger.uncharger.gap3 : 0.0077
[2019-08-15 08:41:19,779]: aromatic.uncharger.gap4 : 0.0077
[2019-08-15 08:41:19,779]: alphaticr.alphaticr.gap0 : 0.0077
[2019-08-15 08:41:19,779]: postivecharger.negativecharger.gap5 : 0.0076
[2019-08-15 08:41:19,779]: aromatic.negativecharger.gap0 : 0.0076
[2019-08-15 08:41:19,779]: aromatic.postivecharger.gap5 : 0.0076
[2019-08-15 08:41:19,779]: alphaticr.postivecharger.gap3 : 0.0076
[2019-08-15 08:41:19,779]: aromatic.uncharger.gap2 : 0.0076
[2019-08-15 08:41:19,779]: postivecharger.postivecharger.gap4 : 0.0076
[2019-08-15 08:41:19,779]: postivecharger.uncharger.gap5 : 0.0076
[2019-08-15 08:41:19,780]: uncharger.postivecharger.gap2 : 0.0076
[2019-08-15 08:41:19,780]: postivecharger.uncharger.gap3 : 0.0075
[2019-08-15 08:41:19,780]: alphaticr.aromatic.gap2 : 0.0075
[2019-08-15 08:41:19,780]: uncharger.postivecharger.gap1 : 0.0075
[2019-08-15 08:41:19,780]: alphaticr.postivecharger.gap2 : 0.0075
[2019-08-15 08:41:19,780]: uncharger.negativecharger.gap1 : 0.0075
[2019-08-15 08:41:19,780]: aromatic.alphaticr.gap4 : 0.0075
[2019-08-15 08:41:19,781]: postivecharger.alphaticr.gap3 : 0.0074
[2019-08-15 08:41:19,781]: uncharger.alphaticr.gap5 : 0.0074
[2019-08-15 08:41:19,781]: postivecharger.uncharger.gap0 : 0.0074
[2019-08-15 08:41:19,781]: negativecharger.alphaticr.gap4 : 0.0074
[2019-08-15 08:41:19,781]: postivecharger.aromatic.gap3 : 0.0074
[2019-08-15 08:41:19,781]: postivecharger.postivecharger.gap1 : 0.0074
[2019-08-15 08:41:19,781]: negativecharger.uncharger.gap2 : 0.0074
[2019-08-15 08:41:19,781]: alphaticr.alphaticr.gap4 : 0.0074
[2019-08-15 08:41:19,782]: postivecharger.alphaticr.gap0 : 0.0074
[2019-08-15 08:41:19,782]: uncharger.alphaticr.gap0 : 0.0074
[2019-08-15 08:41:19,782]: uncharger.aromatic.gap0 : 0.0073
[2019-08-15 08:41:19,782]: negativecharger.alphaticr.gap3 : 0.0073
[2019-08-15 08:41:19,782]: uncharger.uncharger.gap2 : 0.0073
[2019-08-15 08:41:19,782]: alphaticr.alphaticr.gap1 : 0.0073
[2019-08-15 08:41:19,782]: uncharger.alphaticr.gap2 : 0.0073
[2019-08-15 08:41:19,782]: alphaticr.negativecharger.gap3 : 0.0073
[2019-08-15 08:41:19,782]: uncharger.alphaticr.gap1 : 0.0073
[2019-08-15 08:41:19,782]: postivecharger.uncharger.gap2 : 0.0073
[2019-08-15 08:41:19,782]: negativecharger.alphaticr.gap0 : 0.0073
[2019-08-15 08:41:19,782]: postivecharger.uncharger.gap4 : 0.0073
[2019-08-15 08:41:19,783]: aromatic.negativecharger.gap5 : 0.0073
[2019-08-15 08:41:19,783]: uncharger.postivecharger.gap4 : 0.0073
[2019-08-15 08:41:19,783]: uncharger.postivecharger.gap5 : 0.0072
[2019-08-15 08:41:19,783]: negativecharger.aromatic.gap2 : 0.0072
[2019-08-15 08:41:19,783]: aromatic.uncharger.gap1 : 0.0072
[2019-08-15 08:41:19,783]: uncharger.negativecharger.gap5 : 0.0072
[2019-08-15 08:41:19,783]: uncharger.aromatic.gap4 : 0.0071
[2019-08-15 08:41:19,783]: postivecharger.alphaticr.gap1 : 0.0071
[2019-08-15 08:41:19,783]: postivecharger.aromatic.gap5 : 0.0070
[2019-08-15 08:41:19,783]: alphaticr.negativecharger.gap5 : 0.0070
[2019-08-15 08:41:19,783]: negativecharger.negativecharger.gap2 : 0.0070
[2019-08-15 08:41:19,783]: negativecharger.postivecharger.gap2 : 0.0069
[2019-08-15 08:41:19,784]: aromatic.postivecharger.gap4 : 0.0069
[2019-08-15 08:41:19,784]: aromatic.alphaticr.gap5 : 0.0069
[2019-08-15 08:41:19,784]: postivecharger.negativecharger.gap0 : 0.0069
[2019-08-15 08:41:19,784]: uncharger.aromatic.gap3 : 0.0068
[2019-08-15 08:41:19,784]: postivecharger.postivecharger.gap5 : 0.0067
[2019-08-15 08:41:19,784]: negativecharger.aromatic.gap3 : 0.0067
[2019-08-15 08:41:19,784]: negativecharger.alphaticr.gap5 : 0.0067
[2019-08-15 08:41:19,784]: negativecharger.postivecharger.gap4 : 0.0067
[2019-08-15 08:41:19,784]: negativecharger.uncharger.gap1 : 0.0067
[2019-08-15 08:41:19,784]: postivecharger.negativecharger.gap1 : 0.0066
[2019-08-15 08:41:19,784]: uncharger.alphaticr.gap3 : 0.0066
[2019-08-15 08:41:19,784]: postivecharger.aromatic.gap1 : 0.0066
[2019-08-15 08:41:19,785]: aromatic.aromatic.gap0 : 0.0066
[2019-08-15 08:41:19,785]: alphaticr.negativecharger.gap0 : 0.0066
[2019-08-15 08:41:19,785]: negativecharger.uncharger.gap5 : 0.0066
[2019-08-15 08:41:19,785]: aromatic.negativecharger.gap2 : 0.0065
[2019-08-15 08:41:19,785]: postivecharger.alphaticr.gap2 : 0.0065
[2019-08-15 08:41:19,785]: aromatic.negativecharger.gap1 : 0.0065
[2019-08-15 08:41:19,785]: aromatic.postivecharger.gap0 : 0.0065
[2019-08-15 08:41:19,785]: negativecharger.aromatic.gap1 : 0.0065
[2019-08-15 08:41:19,785]: alphaticr.uncharger.gap0 : 0.0065
[2019-08-15 08:41:19,785]: alphaticr.uncharger.gap5 : 0.0065
[2019-08-15 08:41:19,785]: postivecharger.negativecharger.gap2 : 0.0065
[2019-08-15 08:41:19,785]: aromatic.aromatic.gap5 : 0.0065
[2019-08-15 08:41:19,785]: postivecharger.postivecharger.gap2 : 0.0065
[2019-08-15 08:41:19,786]: negativecharger.postivecharger.gap1 : 0.0065
[2019-08-15 08:41:19,786]: aromatic.alphaticr.gap1 : 0.0064
[2019-08-15 08:41:19,786]: negativecharger.aromatic.gap5 : 0.0064
[2019-08-15 08:41:19,786]: negativecharger.negativecharger.gap4 : 0.0064
[2019-08-15 08:41:19,786]: alphaticr.negativecharger.gap4 : 0.0064
[2019-08-15 08:41:19,786]: alphaticr.postivecharger.gap5 : 0.0064
[2019-08-15 08:41:19,786]: uncharger.negativecharger.gap4 : 0.0064
[2019-08-15 08:41:19,786]: negativecharger.uncharger.gap4 : 0.0064
[2019-08-15 08:41:19,786]: negativecharger.negativecharger.gap5 : 0.0064
[2019-08-15 08:41:19,786]: postivecharger.negativecharger.gap4 : 0.0064
[2019-08-15 08:41:19,786]: uncharger.negativecharger.gap0 : 0.0064
[2019-08-15 08:41:19,786]: aromatic.postivecharger.gap3 : 0.0064
[2019-08-15 08:41:19,787]: negativecharger.alphaticr.gap1 : 0.0064
[2019-08-15 08:41:19,787]: alphaticr.aromatic.gap5 : 0.0064
[2019-08-15 08:41:19,787]: alphaticr.negativecharger.gap1 : 0.0064
[2019-08-15 08:41:19,787]: aromatic.aromatic.gap4 : 0.0063
[2019-08-15 08:41:19,787]: alphaticr.uncharger.gap2 : 0.0063
[2019-08-15 08:41:19,787]: alphaticr.postivecharger.gap4 : 0.0063
[2019-08-15 08:41:19,787]: negativecharger.postivecharger.gap0 : 0.0063
[2019-08-15 08:41:19,787]: postivecharger.uncharger.gap1 : 0.0063
[2019-08-15 08:41:19,787]: alphaticr.aromatic.gap1 : 0.0063
[2019-08-15 08:41:19,787]: aromatic.aromatic.gap1 : 0.0063
[2019-08-15 08:41:19,787]: uncharger.negativecharger.gap2 : 0.0063
[2019-08-15 08:41:19,787]: postivecharger.aromatic.gap4 : 0.0063
[2019-08-15 08:41:19,788]: uncharger.aromatic.gap2 : 0.0063
[2019-08-15 08:41:19,788]: alphaticr.alphaticr.gap3 : 0.0063
[2019-08-15 08:41:19,788]: postivecharger.alphaticr.gap4 : 0.0063
[2019-08-15 08:41:19,788]: negativecharger.negativecharger.gap1 : 0.0063
[2019-08-15 08:41:19,788]: postivecharger.alphaticr.gap5 : 0.0062
[2019-08-15 08:41:19,788]: alphaticr.alphaticr.gap2 : 0.0062
[2019-08-15 08:41:19,788]: negativecharger.uncharger.gap0 : 0.0062
[2019-08-15 08:41:19,788]: postivecharger.postivecharger.gap0 : 0.0062
[2019-08-15 08:41:19,788]: negativecharger.aromatic.gap4 : 0.0062
[2019-08-15 08:41:19,788]: alphaticr.postivecharger.gap1 : 0.0062
[2019-08-15 08:41:19,788]: postivecharger.aromatic.gap2 : 0.0062
[2019-08-15 08:41:19,788]: aromatic.aromatic.gap2 : 0.0062
[2019-08-15 08:41:19,788]: alphaticr.negativecharger.gap2 : 0.0062
[2019-08-15 08:41:19,789]: negativecharger.postivecharger.gap3 : 0.0062
[2019-08-15 08:41:19,789]: negativecharger.negativecharger.gap0 : 0.0062
[2019-08-15 08:41:19,789]: aromatic.negativecharger.gap3 : 0.0062
[2019-08-15 08:41:19,789]: alphaticr.aromatic.gap3 : 0.0062
[2019-08-15 08:41:19,789]: postivecharger.aromatic.gap0 : 0.0062
[2019-08-15 08:41:19,789]: negativecharger.alphaticr.gap2 : 0.0061
[2019-08-15 08:41:19,789]: alphaticr.aromatic.gap0 : 0.0061
[2019-08-15 08:41:19,789]: negativecharger.aromatic.gap0 : 0.0061
[2019-08-15 08:41:19,789]: negativecharger.postivecharger.gap5 : 0.0061
[2019-08-15 08:41:19,789]: uncharger.uncharger.gap0 : 0.0061
[2019-08-15 08:41:19,789]: aromatic.postivecharger.gap1 : 0.0061
[2019-08-15 08:41:19,789]: aromatic.uncharger.gap3 : 0.0061
[2019-08-15 08:41:19,790]: negativecharger.uncharger.gap3 : 0.0061
[2019-08-15 08:41:19,790]: aromatic.negativecharger.gap4 : 0.0061
[2019-08-15 08:41:19,790]: uncharger.negativecharger.gap3 : 0.0061
[2019-08-15 08:41:19,790]: uncharger.uncharger.gap1 : 0.0060
[2019-08-15 08:41:19,790]: negativecharger.negativecharger.gap3 : 0.0060
[2019-08-15 08:41:19,790]: alphaticr.aromatic.gap4 : 0.0059
[2019-08-15 08:41:19,790]: aromatic.postivecharger.gap2 : 0.0059
[2019-08-15 08:41:19,790]: uncharger.uncharger.gap4 : 0.0059
[2019-08-15 08:41:19,790]: uncharger.alphaticr.gap4 : 0.0058
[2019-08-15 08:41:19,790]: alphaticr.postivecharger.gap0 : 0.0057
[2019-08-15 08:41:19,790]: uncharger.postivecharger.gap3 : 0.0056
[2019-08-15 08:41:19,791]: postivecharger.postivecharger.gap3 : 0.0056
[2019-08-15 08:41:19,791]: alphaticr.uncharger.gap3 : 0.0055
[2019-08-15 08:41:19,791]: alphaticr.uncharger.gap4 : 0.0055
[2019-08-15 08:41:19,791]: aromatic.alphaticr.gap0 : 0.0055
[2019-08-15 08:41:19,791]: alphaticr.uncharger.gap1 : 0.0055
[2019-08-15 08:41:19,791]: aromatic.alphaticr.gap2 : 0.0055
[2019-08-15 08:41:19,791]: postivecharger.negativecharger.gap3 : 0.0054
[2019-08-15 08:41:19,791]: uncharger.uncharger.gap5 : 0.0051
[2019-08-15 08:41:19,791]: aromatic.aromatic.gap3 : 0.0051
[2019-08-15 08:41:19,791]: aromatic.alphaticr.gap3 : 0.0051
[2019-08-15 08:41:19,791]: feature_rank end
[2019-08-15 08:41:19,821]: Start dimension reduction ...
[2019-08-15 08:41:30,819]: length=1 accuarcy=0.4991 f1=0.5003 precision=0.5007 recall=0.5000 roc=0.4980 
[2019-08-15 08:41:41,525]: length=31 accuarcy=0.7291 f1=0.7340 precision=0.7378 recall=0.7364 roc=0.7303 
[2019-08-15 08:41:51,972]: length=61 accuarcy=0.7764 f1=0.7818 precision=0.7818 recall=0.7818 roc=0.7807 
[2019-08-15 08:42:04,730]: length=91 accuarcy=0.7473 f1=0.7532 precision=0.7550 recall=0.7545 roc=0.7499 
[2019-08-15 08:42:15,834]: length=121 accuarcy=0.7300 f1=0.7356 precision=0.7360 recall=0.7364 roc=0.7330 
[2019-08-15 08:42:27,440]: length=150 accuarcy=0.7655 f1=0.7715 precision=0.7735 recall=0.7727 roc=0.7682 
[2019-08-15 08:42:27,442]: ----------
[2019-08-15 08:42:27,442]: the max acc = 0.7764
[2019-08-15 08:42:27,442]: ['aromatic.uncharger.gap5' 'aromatic.uncharger.gap0'
 'uncharger.postivecharger.gap0' 'uncharger.aromatic.gap5'
 'uncharger.aromatic.gap1' 'alphaticr.alphaticr.gap5'
 'uncharger.uncharger.gap3' 'aromatic.uncharger.gap4'
 'alphaticr.alphaticr.gap0' 'postivecharger.negativecharger.gap5'
 'aromatic.negativecharger.gap0' 'aromatic.postivecharger.gap5'
 'alphaticr.postivecharger.gap3' 'aromatic.uncharger.gap2'
 'postivecharger.postivecharger.gap4' 'postivecharger.uncharger.gap5'
 'uncharger.postivecharger.gap2' 'postivecharger.uncharger.gap3'
 'alphaticr.aromatic.gap2' 'uncharger.postivecharger.gap1'
 'alphaticr.postivecharger.gap2' 'uncharger.negativecharger.gap1'
 'aromatic.alphaticr.gap4' 'postivecharger.alphaticr.gap3'
 'uncharger.alphaticr.gap5' 'postivecharger.uncharger.gap0'
 'negativecharger.alphaticr.gap4' 'postivecharger.aromatic.gap3'
 'postivecharger.postivecharger.gap1' 'negativecharger.uncharger.gap2'
 'alphaticr.alphaticr.gap4' 'postivecharger.alphaticr.gap0'
 'uncharger.alphaticr.gap0' 'uncharger.aromatic.gap0'
 'negativecharger.alphaticr.gap3' 'uncharger.uncharger.gap2'
 'alphaticr.alphaticr.gap1' 'uncharger.alphaticr.gap2'
 'alphaticr.negativecharger.gap3' 'uncharger.alphaticr.gap1'
 'postivecharger.uncharger.gap2' 'negativecharger.alphaticr.gap0'
 'postivecharger.uncharger.gap4' 'aromatic.negativecharger.gap5'
 'uncharger.postivecharger.gap4' 'uncharger.postivecharger.gap5'
 'negativecharger.aromatic.gap2' 'aromatic.uncharger.gap1'
 'uncharger.negativecharger.gap5' 'uncharger.aromatic.gap4'
 'postivecharger.alphaticr.gap1' 'postivecharger.aromatic.gap5'
 'alphaticr.negativecharger.gap5' 'negativecharger.negativecharger.gap2'
 'negativecharger.postivecharger.gap2' 'aromatic.postivecharger.gap4'
 'aromatic.alphaticr.gap5' 'postivecharger.negativecharger.gap0'
 'uncharger.aromatic.gap3' 'postivecharger.postivecharger.gap5'
 'negativecharger.aromatic.gap3'],length = 61
[2019-08-15 08:42:27,442]: -----------
[2019-08-15 08:42:27,443]: ***confusion matrix***
[2019-08-15 08:42:27,443]:                pos_class      neg_class      
[2019-08-15 08:42:27,443]: pos_class      TP:47             FN:12             
[2019-08-15 08:42:27,443]: neg_class      FP:12             TN:39             
[2019-08-15 08:42:27,444]: accuarcy = 0.7818181818181819 
[2019-08-15 08:42:27,444]: precision =0.7818181818181819 
[2019-08-15 08:42:27,445]: recall =0.7818181818181819
[2019-08-15 08:42:27,445]: f1 =0.7818181818181819 
[2019-08-15 08:42:27,446]: roc area = 0.7806580259222333
[2019-08-15 08:42:27,460]: -----------
[2019-08-15 08:42:27,460]: The output by the terminal's log has been saved in the J:\多设备共享\work\MRMD2.0-github\Logs\201908150841.log.
[2019-08-15 08:42:27,460]: metrics have been saved in the J:\多设备共享\work\MRMD2.0-github\Results\rd.csv.
[2019-08-15 08:42:27,460]: reduced dimensional dataset has been saved in the J:\多设备共享\work\MRMD2.0-github\Results\m.csv.
[2019-08-15 08:42:27,460]: ---mrmd 2.0 end---
