[2019-08-14 20:20:07,808]: ---mrmd 2.0 start----
[2019-08-14 20:20:07,972]: ANOVA start...
[2019-08-14 20:20:07,999]: ANOVA end.
[2019-08-14 20:20:07,999]: mic start...
[2019-08-14 20:20:18,145]: mic end.
[2019-08-14 20:20:18,145]: mrmd start...
[2019-08-14 20:20:18,541]: mrmd end.
[2019-08-14 20:20:18,541]: mRMR start...
[2019-08-14 20:20:26,103]: mRMR end.
[2019-08-14 20:20:26,104]: lasso start...
[2019-08-14 20:20:26,137]: lasso end.
[2019-08-14 20:20:26,137]: lasso2 start...
[2019-08-14 20:20:26,810]: lasso2 end.
[2019-08-14 20:20:26,817]: rank start ...
[2019-08-14 20:20:26,845]: The final  rank is
[2019-08-14 20:20:26,846]: aromatic.uncharger.gap5 : 0.0080
[2019-08-14 20:20:26,846]: aromatic.uncharger.gap0 : 0.0078
[2019-08-14 20:20:26,846]: uncharger.postivecharger.gap0 : 0.0077
[2019-08-14 20:20:26,846]: uncharger.aromatic.gap5 : 0.0077
[2019-08-14 20:20:26,846]: uncharger.aromatic.gap1 : 0.0077
[2019-08-14 20:20:26,847]: alphaticr.alphaticr.gap5 : 0.0077
[2019-08-14 20:20:26,847]: uncharger.uncharger.gap3 : 0.0077
[2019-08-14 20:20:26,847]: aromatic.uncharger.gap4 : 0.0077
[2019-08-14 20:20:26,847]: alphaticr.alphaticr.gap0 : 0.0077
[2019-08-14 20:20:26,847]: postivecharger.negativecharger.gap5 : 0.0076
[2019-08-14 20:20:26,847]: aromatic.negativecharger.gap0 : 0.0076
[2019-08-14 20:20:26,848]: aromatic.postivecharger.gap5 : 0.0076
[2019-08-14 20:20:26,848]: alphaticr.postivecharger.gap3 : 0.0076
[2019-08-14 20:20:26,848]: aromatic.uncharger.gap2 : 0.0076
[2019-08-14 20:20:26,848]: postivecharger.postivecharger.gap4 : 0.0076
[2019-08-14 20:20:26,848]: postivecharger.uncharger.gap5 : 0.0076
[2019-08-14 20:20:26,848]: uncharger.postivecharger.gap2 : 0.0076
[2019-08-14 20:20:26,848]: postivecharger.uncharger.gap3 : 0.0075
[2019-08-14 20:20:26,848]: alphaticr.aromatic.gap2 : 0.0075
[2019-08-14 20:20:26,849]: uncharger.postivecharger.gap1 : 0.0075
[2019-08-14 20:20:26,849]: alphaticr.postivecharger.gap2 : 0.0075
[2019-08-14 20:20:26,849]: uncharger.negativecharger.gap1 : 0.0075
[2019-08-14 20:20:26,849]: aromatic.alphaticr.gap4 : 0.0075
[2019-08-14 20:20:26,849]: postivecharger.alphaticr.gap3 : 0.0074
[2019-08-14 20:20:26,849]: uncharger.alphaticr.gap5 : 0.0074
[2019-08-14 20:20:26,849]: postivecharger.uncharger.gap0 : 0.0074
[2019-08-14 20:20:26,850]: negativecharger.alphaticr.gap4 : 0.0074
[2019-08-14 20:20:26,850]: postivecharger.aromatic.gap3 : 0.0074
[2019-08-14 20:20:26,850]: postivecharger.postivecharger.gap1 : 0.0074
[2019-08-14 20:20:26,850]: negativecharger.uncharger.gap2 : 0.0074
[2019-08-14 20:20:26,850]: alphaticr.alphaticr.gap4 : 0.0074
[2019-08-14 20:20:26,850]: postivecharger.alphaticr.gap0 : 0.0074
[2019-08-14 20:20:26,850]: uncharger.alphaticr.gap0 : 0.0074
[2019-08-14 20:20:26,850]: uncharger.aromatic.gap0 : 0.0073
[2019-08-14 20:20:26,851]: negativecharger.alphaticr.gap3 : 0.0073
[2019-08-14 20:20:26,851]: uncharger.uncharger.gap2 : 0.0073
[2019-08-14 20:20:26,851]: alphaticr.alphaticr.gap1 : 0.0073
[2019-08-14 20:20:26,851]: uncharger.alphaticr.gap2 : 0.0073
[2019-08-14 20:20:26,851]: alphaticr.negativecharger.gap3 : 0.0073
[2019-08-14 20:20:26,851]: uncharger.alphaticr.gap1 : 0.0073
[2019-08-14 20:20:26,851]: postivecharger.uncharger.gap2 : 0.0073
[2019-08-14 20:20:26,851]: negativecharger.alphaticr.gap0 : 0.0073
[2019-08-14 20:20:26,852]: postivecharger.uncharger.gap4 : 0.0073
[2019-08-14 20:20:26,852]: aromatic.negativecharger.gap5 : 0.0073
[2019-08-14 20:20:26,852]: uncharger.postivecharger.gap4 : 0.0073
[2019-08-14 20:20:26,852]: uncharger.postivecharger.gap5 : 0.0072
[2019-08-14 20:20:26,852]: negativecharger.aromatic.gap2 : 0.0072
[2019-08-14 20:20:26,852]: aromatic.uncharger.gap1 : 0.0072
[2019-08-14 20:20:26,852]: uncharger.negativecharger.gap5 : 0.0072
[2019-08-14 20:20:26,853]: uncharger.aromatic.gap4 : 0.0071
[2019-08-14 20:20:26,853]: postivecharger.alphaticr.gap1 : 0.0071
[2019-08-14 20:20:26,853]: postivecharger.aromatic.gap5 : 0.0070
[2019-08-14 20:20:26,853]: alphaticr.negativecharger.gap5 : 0.0070
[2019-08-14 20:20:26,853]: negativecharger.negativecharger.gap2 : 0.0070
[2019-08-14 20:20:26,853]: negativecharger.postivecharger.gap2 : 0.0069
[2019-08-14 20:20:26,853]: aromatic.postivecharger.gap4 : 0.0069
[2019-08-14 20:20:26,854]: aromatic.alphaticr.gap5 : 0.0069
[2019-08-14 20:20:26,854]: postivecharger.negativecharger.gap0 : 0.0069
[2019-08-14 20:20:26,854]: uncharger.aromatic.gap3 : 0.0068
[2019-08-14 20:20:26,854]: postivecharger.postivecharger.gap5 : 0.0067
[2019-08-14 20:20:26,854]: negativecharger.aromatic.gap3 : 0.0067
[2019-08-14 20:20:26,854]: negativecharger.alphaticr.gap5 : 0.0067
[2019-08-14 20:20:26,854]: negativecharger.postivecharger.gap4 : 0.0067
[2019-08-14 20:20:26,855]: negativecharger.uncharger.gap1 : 0.0067
[2019-08-14 20:20:26,855]: postivecharger.negativecharger.gap1 : 0.0066
[2019-08-14 20:20:26,855]: uncharger.alphaticr.gap3 : 0.0066
[2019-08-14 20:20:26,855]: postivecharger.aromatic.gap1 : 0.0066
[2019-08-14 20:20:26,855]: aromatic.aromatic.gap0 : 0.0066
[2019-08-14 20:20:26,855]: alphaticr.negativecharger.gap0 : 0.0066
[2019-08-14 20:20:26,855]: negativecharger.uncharger.gap5 : 0.0066
[2019-08-14 20:20:26,855]: aromatic.negativecharger.gap2 : 0.0065
[2019-08-14 20:20:26,856]: postivecharger.alphaticr.gap2 : 0.0065
[2019-08-14 20:20:26,856]: aromatic.negativecharger.gap1 : 0.0065
[2019-08-14 20:20:26,856]: aromatic.postivecharger.gap0 : 0.0065
[2019-08-14 20:20:26,856]: negativecharger.aromatic.gap1 : 0.0065
[2019-08-14 20:20:26,856]: alphaticr.uncharger.gap0 : 0.0065
[2019-08-14 20:20:26,856]: alphaticr.uncharger.gap5 : 0.0065
[2019-08-14 20:20:26,856]: postivecharger.negativecharger.gap2 : 0.0065
[2019-08-14 20:20:26,856]: aromatic.aromatic.gap5 : 0.0065
[2019-08-14 20:20:26,857]: postivecharger.postivecharger.gap2 : 0.0065
[2019-08-14 20:20:26,857]: negativecharger.postivecharger.gap1 : 0.0065
[2019-08-14 20:20:26,857]: aromatic.alphaticr.gap1 : 0.0064
[2019-08-14 20:20:26,857]: negativecharger.aromatic.gap5 : 0.0064
[2019-08-14 20:20:26,857]: negativecharger.negativecharger.gap4 : 0.0064
[2019-08-14 20:20:26,857]: alphaticr.negativecharger.gap4 : 0.0064
[2019-08-14 20:20:26,857]: alphaticr.postivecharger.gap5 : 0.0064
[2019-08-14 20:20:26,858]: uncharger.negativecharger.gap4 : 0.0064
[2019-08-14 20:20:26,858]: negativecharger.uncharger.gap4 : 0.0064
[2019-08-14 20:20:26,858]: negativecharger.negativecharger.gap5 : 0.0064
[2019-08-14 20:20:26,858]: postivecharger.negativecharger.gap4 : 0.0064
[2019-08-14 20:20:26,858]: uncharger.negativecharger.gap0 : 0.0064
[2019-08-14 20:20:26,858]: aromatic.postivecharger.gap3 : 0.0064
[2019-08-14 20:20:26,859]: negativecharger.alphaticr.gap1 : 0.0064
[2019-08-14 20:20:26,859]: alphaticr.aromatic.gap5 : 0.0064
[2019-08-14 20:20:26,859]: alphaticr.negativecharger.gap1 : 0.0064
[2019-08-14 20:20:26,859]: aromatic.aromatic.gap4 : 0.0063
[2019-08-14 20:20:26,859]: alphaticr.uncharger.gap2 : 0.0063
[2019-08-14 20:20:26,859]: alphaticr.postivecharger.gap4 : 0.0063
[2019-08-14 20:20:26,859]: negativecharger.postivecharger.gap0 : 0.0063
[2019-08-14 20:20:26,860]: postivecharger.uncharger.gap1 : 0.0063
[2019-08-14 20:20:26,860]: alphaticr.aromatic.gap1 : 0.0063
[2019-08-14 20:20:26,860]: aromatic.aromatic.gap1 : 0.0063
[2019-08-14 20:20:26,860]: uncharger.negativecharger.gap2 : 0.0063
[2019-08-14 20:20:26,860]: postivecharger.aromatic.gap4 : 0.0063
[2019-08-14 20:20:26,860]: uncharger.aromatic.gap2 : 0.0063
[2019-08-14 20:20:26,860]: alphaticr.alphaticr.gap3 : 0.0063
[2019-08-14 20:20:26,861]: postivecharger.alphaticr.gap4 : 0.0063
[2019-08-14 20:20:26,861]: negativecharger.negativecharger.gap1 : 0.0063
[2019-08-14 20:20:26,861]: postivecharger.alphaticr.gap5 : 0.0062
[2019-08-14 20:20:26,861]: alphaticr.alphaticr.gap2 : 0.0062
[2019-08-14 20:20:26,861]: negativecharger.uncharger.gap0 : 0.0062
[2019-08-14 20:20:26,861]: postivecharger.postivecharger.gap0 : 0.0062
[2019-08-14 20:20:26,861]: negativecharger.aromatic.gap4 : 0.0062
[2019-08-14 20:20:26,861]: alphaticr.postivecharger.gap1 : 0.0062
[2019-08-14 20:20:26,862]: postivecharger.aromatic.gap2 : 0.0062
[2019-08-14 20:20:26,862]: aromatic.aromatic.gap2 : 0.0062
[2019-08-14 20:20:26,862]: alphaticr.negativecharger.gap2 : 0.0062
[2019-08-14 20:20:26,862]: negativecharger.postivecharger.gap3 : 0.0062
[2019-08-14 20:20:26,862]: negativecharger.negativecharger.gap0 : 0.0062
[2019-08-14 20:20:26,862]: aromatic.negativecharger.gap3 : 0.0062
[2019-08-14 20:20:26,862]: alphaticr.aromatic.gap3 : 0.0062
[2019-08-14 20:20:26,863]: postivecharger.aromatic.gap0 : 0.0062
[2019-08-14 20:20:26,863]: negativecharger.alphaticr.gap2 : 0.0061
[2019-08-14 20:20:26,863]: alphaticr.aromatic.gap0 : 0.0061
[2019-08-14 20:20:26,863]: negativecharger.aromatic.gap0 : 0.0061
[2019-08-14 20:20:26,863]: negativecharger.postivecharger.gap5 : 0.0061
[2019-08-14 20:20:26,863]: uncharger.uncharger.gap0 : 0.0061
[2019-08-14 20:20:26,863]: aromatic.postivecharger.gap1 : 0.0061
[2019-08-14 20:20:26,864]: aromatic.uncharger.gap3 : 0.0061
[2019-08-14 20:20:26,864]: negativecharger.uncharger.gap3 : 0.0061
[2019-08-14 20:20:26,864]: aromatic.negativecharger.gap4 : 0.0061
[2019-08-14 20:20:26,864]: uncharger.negativecharger.gap3 : 0.0061
[2019-08-14 20:20:26,864]: uncharger.uncharger.gap1 : 0.0060
[2019-08-14 20:20:26,864]: negativecharger.negativecharger.gap3 : 0.0060
[2019-08-14 20:20:26,865]: alphaticr.aromatic.gap4 : 0.0059
[2019-08-14 20:20:26,865]: aromatic.postivecharger.gap2 : 0.0059
[2019-08-14 20:20:26,865]: uncharger.uncharger.gap4 : 0.0059
[2019-08-14 20:20:26,865]: uncharger.alphaticr.gap4 : 0.0058
[2019-08-14 20:20:26,865]: alphaticr.postivecharger.gap0 : 0.0057
[2019-08-14 20:20:26,865]: uncharger.postivecharger.gap3 : 0.0056
[2019-08-14 20:20:26,866]: postivecharger.postivecharger.gap3 : 0.0056
[2019-08-14 20:20:26,866]: alphaticr.uncharger.gap3 : 0.0055
[2019-08-14 20:20:26,866]: alphaticr.uncharger.gap4 : 0.0055
[2019-08-14 20:20:26,866]: aromatic.alphaticr.gap0 : 0.0055
[2019-08-14 20:20:26,866]: alphaticr.uncharger.gap1 : 0.0055
[2019-08-14 20:20:26,866]: aromatic.alphaticr.gap2 : 0.0055
[2019-08-14 20:20:26,866]: postivecharger.negativecharger.gap3 : 0.0054
[2019-08-14 20:20:26,866]: uncharger.uncharger.gap5 : 0.0051
[2019-08-14 20:20:26,867]: aromatic.aromatic.gap3 : 0.0051
[2019-08-14 20:20:26,867]: aromatic.alphaticr.gap3 : 0.0051
[2019-08-14 20:20:26,867]: feature_rank end
[2019-08-14 20:20:26,908]: Start dimension reduction ...
