[2019-08-15 19:00:03,416]: ---mrmd 2.0 start----
[2019-08-15 19:00:03,458]: ANOVA start...
[2019-08-15 19:00:03,480]: ANOVA end.
[2019-08-15 19:00:03,481]: mic start...
[2019-08-15 19:00:13,239]: mic end.
[2019-08-15 19:00:13,239]: mrmd start...
[2019-08-15 19:00:13,789]: mrmd end.
[2019-08-15 19:00:13,789]: mRMR start...
[2019-08-15 19:00:13,926]: mRMR end.
[2019-08-15 19:00:13,926]: lasso start...
[2019-08-15 19:00:13,960]: lasso end.
[2019-08-15 19:00:13,960]: lasso2 start...
[2019-08-15 19:00:14,818]: lasso2 end.
[2019-08-15 19:00:14,828]: rank start ...
[2019-08-15 19:00:14,874]: The final  rank is
[2019-08-15 19:00:14,876]: Janin_P : 0.0092
[2019-08-15 19:00:14,876]: Engelman_GES_R : 0.0075
[2019-08-15 19:00:14,877]: Cornette_C : 0.0072
[2019-08-15 19:00:14,877]: Janin_D : 0.0072
[2019-08-15 19:00:14,877]: Rose_I : 0.0071
[2019-08-15 19:00:14,877]: Hopp_Woods_R : 0.0070
[2019-08-15 19:00:14,877]: Cornette_T : 0.0070
[2019-08-15 19:00:14,877]: Cornette_P : 0.0070
[2019-08-15 19:00:14,878]: hydrophily : 0.0069
[2019-08-15 19:00:14,878]: Cornette_V : 0.0068
[2019-08-15 19:00:14,878]: Rose_S : 0.0068
[2019-08-15 19:00:14,878]: Janin_Q : 0.0068
[2019-08-15 19:00:14,878]: polar : 0.0068
[2019-08-15 19:00:14,878]: Engelman_GES_D : 0.0068
[2019-08-15 19:00:14,878]: Kyte_Doolittle_I : 0.0067
[2019-08-15 19:00:14,879]: Eisenberg_R : 0.0067
[2019-08-15 19:00:14,879]: Cornette_F : 0.0066
[2019-08-15 19:00:14,879]: Cornette_L : 0.0066
[2019-08-15 19:00:14,879]: Kyte_Doolittle_A : 0.0066
[2019-08-15 19:00:14,879]: basic_polar : 0.0066
[2019-08-15 19:00:14,879]: Janin_R : 0.0066
[2019-08-15 19:00:14,879]: Engelman_GES_S : 0.0065
[2019-08-15 19:00:14,880]: Hopp_Woods_A : 0.0065
[2019-08-15 19:00:14,880]: Eisenberg_N : 0.0065
[2019-08-15 19:00:14,880]: Hopp_Woods_D : 0.0065
[2019-08-15 19:00:14,880]: Janin_T : 0.0064
[2019-08-15 19:00:14,880]: Hopp_Woods_I : 0.0064
[2019-08-15 19:00:14,880]: Engelman_GES_Q : 0.0064
[2019-08-15 19:00:14,880]: Rose_L : 0.0064
[2019-08-15 19:00:14,881]: Rose_H : 0.0063
[2019-08-15 19:00:14,881]: Rose_T : 0.0063
[2019-08-15 19:00:14,881]: Rose_R : 0.0062
[2019-08-15 19:00:14,881]: Janin_N : 0.0062
[2019-08-15 19:00:14,881]: Cornette_K : 0.0062
[2019-08-15 19:00:14,881]: Engelman_GES_N : 0.0062
[2019-08-15 19:00:14,881]: Engelman_GES_W : 0.0062
[2019-08-15 19:00:14,882]: Rose_W : 0.0061
[2019-08-15 19:00:14,882]: Engelman_GES_G : 0.0061
[2019-08-15 19:00:14,882]: Janin_V : 0.0060
[2019-08-15 19:00:14,882]: Kyte_Doolittle_C : 0.0060
[2019-08-15 19:00:14,882]: Cornette_W : 0.0059
[2019-08-15 19:00:14,882]: Janin_S : 0.0059
[2019-08-15 19:00:14,882]: Eisenberg_S : 0.0059
[2019-08-15 19:00:14,883]: Janin_M : 0.0059
[2019-08-15 19:00:14,883]: Hopp_Woods_T : 0.0059
[2019-08-15 19:00:14,883]: Cornette_Y : 0.0059
[2019-08-15 19:00:14,883]: Kyte_Doolittle_Y : 0.0059
[2019-08-15 19:00:14,883]: Kyte_Doolittle_Q : 0.0059
[2019-08-15 19:00:14,883]: Eisenberg_W : 0.0059
[2019-08-15 19:00:14,883]: moderate : 0.0058
[2019-08-15 19:00:14,884]: Engelman_GES_L : 0.0058
[2019-08-15 19:00:14,884]: nonpolar : 0.0058
[2019-08-15 19:00:14,884]: C : 0.0058
[2019-08-15 19:00:14,884]: alphatic : 0.0058
[2019-08-15 19:00:14,884]: Hopp_Woods_E : 0.0057
[2019-08-15 19:00:14,884]: G : 0.0057
[2019-08-15 19:00:14,885]: W : 0.0057
[2019-08-15 19:00:14,885]: Hopp_Woods_N : 0.0057
[2019-08-15 19:00:14,885]: aliphatic : 0.0057
[2019-08-15 19:00:14,885]: negative : 0.0057
[2019-08-15 19:00:14,885]: Kyte_Doolittle_W : 0.0057
[2019-08-15 19:00:14,885]: Kyte_Doolittle_K : 0.0057
[2019-08-15 19:00:14,885]: P : 0.0057
[2019-08-15 19:00:14,886]: D : 0.0057
[2019-08-15 19:00:14,886]: Eisenberg_L : 0.0057
[2019-08-15 19:00:14,886]: Eisenberg_Y : 0.0057
[2019-08-15 19:00:14,886]: Rose_M : 0.0057
[2019-08-15 19:00:14,886]: postivecharge : 0.0057
[2019-08-15 19:00:14,886]: Engelman_GES_K : 0.0057
[2019-08-15 19:00:14,886]: Kyte_Doolittle_H : 0.0057
[2019-08-15 19:00:14,887]: Hopp_Woods_H : 0.0056
[2019-08-15 19:00:14,887]: Hopp_Woods_F : 0.0056
[2019-08-15 19:00:14,887]: Eisenberg_I : 0.0056
[2019-08-15 19:00:14,887]: Cornette_I : 0.0056
[2019-08-15 19:00:14,887]: Cornette_H : 0.0056
[2019-08-15 19:00:14,887]: Janin_W : 0.0056
[2019-08-15 19:00:14,887]: Kyte_Doolittle_F : 0.0056
[2019-08-15 19:00:14,888]: Engelman_GES_I : 0.0056
[2019-08-15 19:00:14,888]: Engelman_GES_M : 0.0056
[2019-08-15 19:00:14,888]: Engelman_GES_V : 0.0056
[2019-08-15 19:00:14,888]: Kyte_Doolittle_L : 0.0056
[2019-08-15 19:00:14,888]: positve : 0.0056
[2019-08-15 19:00:14,888]: Janin_L : 0.0056
[2019-08-15 19:00:14,888]: Janin_F : 0.0055
[2019-08-15 19:00:14,889]: Hopp_Woods_V : 0.0055
[2019-08-15 19:00:14,889]: Cornette_A : 0.0055
[2019-08-15 19:00:14,889]: T : 0.0055
[2019-08-15 19:00:14,889]: I : 0.0055
[2019-08-15 19:00:14,889]: Hopp_Woods_S : 0.0055
[2019-08-15 19:00:14,889]: Eisenberg_D : 0.0055
[2019-08-15 19:00:14,889]: Cornette_D : 0.0055
[2019-08-15 19:00:14,890]: H : 0.0055
[2019-08-15 19:00:14,890]: Kyte_Doolittle_N : 0.0055
[2019-08-15 19:00:14,890]: Cornette_E : 0.0055
[2019-08-15 19:00:14,891]: Rose_F : 0.0055
[2019-08-15 19:00:14,891]: A : 0.0055
[2019-08-15 19:00:14,891]: S : 0.0055
[2019-08-15 19:00:14,891]: Janin_E : 0.0055
[2019-08-15 19:00:14,891]: Kyte_Doolittle_D : 0.0055
[2019-08-15 19:00:14,891]: aromatic : 0.0055
[2019-08-15 19:00:14,891]: Engelman_GES_A : 0.0055
[2019-08-15 19:00:14,892]: Eisenberg_G : 0.0055
[2019-08-15 19:00:14,892]: Engelman_GES_F : 0.0055
[2019-08-15 19:00:14,892]: Rose_C : 0.0055
[2019-08-15 19:00:14,892]: Kyte_Doolittle_E : 0.0055
[2019-08-15 19:00:14,892]: Kyte_Doolittle_V : 0.0055
[2019-08-15 19:00:14,892]: Rose_A : 0.0055
[2019-08-15 19:00:14,892]: R : 0.0055
[2019-08-15 19:00:14,893]: Engelman_GES_E : 0.0055
[2019-08-15 19:00:14,893]: Eisenberg_K : 0.0055
[2019-08-15 19:00:14,893]: Hopp_Woods_L : 0.0054
[2019-08-15 19:00:14,893]: Janin_Y : 0.0054
[2019-08-15 19:00:14,893]: Rose_D : 0.0054
[2019-08-15 19:00:14,893]: Rose_P : 0.0054
[2019-08-15 19:00:14,893]: Eisenberg_F : 0.0054
[2019-08-15 19:00:14,894]: Kyte_Doolittle_S : 0.0054
[2019-08-15 19:00:14,894]: Q : 0.0054
[2019-08-15 19:00:14,894]: Kyte_Doolittle_G : 0.0054
[2019-08-15 19:00:14,894]: Hopp_Woods_C : 0.0054
[2019-08-15 19:00:14,894]: F : 0.0054
[2019-08-15 19:00:14,894]: Janin_H : 0.0054
[2019-08-15 19:00:14,895]: Cornette_S : 0.0054
[2019-08-15 19:00:14,895]: Cornette_M : 0.0054
[2019-08-15 19:00:14,895]: Engelman_GES_Y : 0.0054
[2019-08-15 19:00:14,895]: hydrophobicity : 0.0054
[2019-08-15 19:00:14,895]: E : 0.0054
[2019-08-15 19:00:14,895]: L : 0.0054
[2019-08-15 19:00:14,895]: Rose_E : 0.0054
[2019-08-15 19:00:14,896]: V : 0.0054
[2019-08-15 19:00:14,896]: negativecharge : 0.0054
[2019-08-15 19:00:14,896]: Eisenberg_V : 0.0054
[2019-08-15 19:00:14,896]: K : 0.0053
[2019-08-15 19:00:14,896]: Hopp_Woods_K : 0.0053
[2019-08-15 19:00:14,896]: Janin_I : 0.0053
[2019-08-15 19:00:14,897]: Eisenberg_H : 0.0053
[2019-08-15 19:00:14,897]: Rose_N : 0.0053
[2019-08-15 19:00:14,897]: Janin_K : 0.0053
[2019-08-15 19:00:14,897]: Hopp_Woods_Y : 0.0053
[2019-08-15 19:00:14,897]: Eisenberg_P : 0.0053
[2019-08-15 19:00:14,897]: N : 0.0053
[2019-08-15 19:00:14,897]: Hopp_Woods_W : 0.0053
[2019-08-15 19:00:14,898]: Engelman_GES_P : 0.0053
[2019-08-15 19:00:14,898]: uncharge : 0.0053
[2019-08-15 19:00:14,898]: Rose_Q : 0.0053
[2019-08-15 19:00:14,898]: Hopp_Woods_Q : 0.0053
[2019-08-15 19:00:14,898]: Rose_V : 0.0053
[2019-08-15 19:00:14,898]: Janin_A : 0.0052
[2019-08-15 19:00:14,898]: Kyte_Doolittle_R : 0.0052
[2019-08-15 19:00:14,899]: Janin_C : 0.0052
[2019-08-15 19:00:14,899]: Y : 0.0052
[2019-08-15 19:00:14,899]: Eisenberg_A : 0.0052
[2019-08-15 19:00:14,899]: Cornette_Q : 0.0052
[2019-08-15 19:00:14,899]: heterocyclics : 0.0052
[2019-08-15 19:00:14,899]: Kyte_Doolittle_M : 0.0051
[2019-08-15 19:00:14,899]: Kyte_Doolittle_P : 0.0051
[2019-08-15 19:00:14,900]: Engelman_GES_H : 0.0051
[2019-08-15 19:00:14,900]: Engelman_GES_T : 0.0051
[2019-08-15 19:00:14,900]: Rose_K : 0.0050
[2019-08-15 19:00:14,900]: neutral : 0.0050
[2019-08-15 19:00:14,900]: Eisenberg_C : 0.0050
[2019-08-15 19:00:14,900]: Eisenberg_E : 0.0050
[2019-08-15 19:00:14,901]: Engelman_GES_C : 0.0050
[2019-08-15 19:00:14,901]: Eisenberg_M : 0.0049
[2019-08-15 19:00:14,901]: Hopp_Woods_M : 0.0048
[2019-08-15 19:00:14,901]: Kyte_Doolittle_T : 0.0046
[2019-08-15 19:00:14,901]: acidic_polar : 0.0045
[2019-08-15 19:00:14,902]: Cornette_R : 0.0045
[2019-08-15 19:00:14,902]: Eisenberg_Q : 0.0044
[2019-08-15 19:00:14,902]: M : 0.0044
[2019-08-15 19:00:14,902]: Janin_G : 0.0044
[2019-08-15 19:00:14,902]: Rose_Y : 0.0044
[2019-08-15 19:00:14,902]: Rose_G : 0.0043
[2019-08-15 19:00:14,902]: aromatic.1 : 0.0043
[2019-08-15 19:00:14,903]: Eisenberg_T : 0.0039
[2019-08-15 19:00:14,903]: Cornette_N : 0.0035
[2019-08-15 19:00:14,903]: Cornette_G : 0.0030
[2019-08-15 19:00:14,903]: Hopp_Woods_G : 0.0025
[2019-08-15 19:00:14,903]: Hopp_Woods_P : 0.0020
[2019-08-15 19:00:14,903]: feature_rank end
