[2019-08-15 19:02:03,773]: ---mrmd 2.0 start----
[2019-08-15 19:02:03,808]: ANOVA start...
[2019-08-15 19:02:03,821]: ANOVA end.
[2019-08-15 19:02:03,822]: mic start...
[2019-08-15 19:02:09,021]: mic end.
[2019-08-15 19:02:09,021]: mrmd start...
[2019-08-15 19:02:09,276]: mrmd end.
[2019-08-15 19:02:09,276]: mRMR start...
[2019-08-15 19:02:09,392]: mRMR end.
[2019-08-15 19:02:09,392]: lasso start...
[2019-08-15 19:02:09,420]: lasso end.
[2019-08-15 19:02:09,420]: lasso2 start...
[2019-08-15 19:02:10,179]: lasso2 end.
[2019-08-15 19:02:10,181]: rank start ...
[2019-08-15 19:02:10,195]: The final  rank is
[2019-08-15 19:02:10,196]: Janin_P : 0.0092
[2019-08-15 19:02:10,196]: Engelman_GES_R : 0.0075
[2019-08-15 19:02:10,196]: Cornette_C : 0.0072
[2019-08-15 19:02:10,196]: Janin_D : 0.0072
[2019-08-15 19:02:10,196]: Rose_I : 0.0071
[2019-08-15 19:02:10,196]: Hopp_Woods_R : 0.0070
[2019-08-15 19:02:10,196]: Cornette_T : 0.0070
[2019-08-15 19:02:10,196]: Cornette_P : 0.0070
[2019-08-15 19:02:10,196]: hydrophily : 0.0069
[2019-08-15 19:02:10,196]: Cornette_V : 0.0068
[2019-08-15 19:02:10,197]: Rose_S : 0.0068
[2019-08-15 19:02:10,197]: Janin_Q : 0.0068
[2019-08-15 19:02:10,197]: polar : 0.0068
[2019-08-15 19:02:10,197]: Engelman_GES_D : 0.0068
[2019-08-15 19:02:10,197]: Kyte_Doolittle_I : 0.0067
[2019-08-15 19:02:10,197]: Eisenberg_R : 0.0067
[2019-08-15 19:02:10,197]: Cornette_F : 0.0066
[2019-08-15 19:02:10,197]: Cornette_L : 0.0066
[2019-08-15 19:02:10,197]: Kyte_Doolittle_A : 0.0066
[2019-08-15 19:02:10,197]: basic_polar : 0.0066
[2019-08-15 19:02:10,197]: Janin_R : 0.0066
[2019-08-15 19:02:10,197]: Engelman_GES_S : 0.0065
[2019-08-15 19:02:10,197]: Hopp_Woods_A : 0.0065
[2019-08-15 19:02:10,198]: Eisenberg_N : 0.0065
[2019-08-15 19:02:10,198]: Hopp_Woods_D : 0.0065
[2019-08-15 19:02:10,198]: Janin_T : 0.0064
[2019-08-15 19:02:10,198]: Hopp_Woods_I : 0.0064
[2019-08-15 19:02:10,198]: Engelman_GES_Q : 0.0064
[2019-08-15 19:02:10,198]: Rose_L : 0.0064
[2019-08-15 19:02:10,198]: Rose_H : 0.0063
[2019-08-15 19:02:10,198]: Rose_T : 0.0063
[2019-08-15 19:02:10,198]: Rose_R : 0.0062
[2019-08-15 19:02:10,198]: Janin_N : 0.0062
[2019-08-15 19:02:10,198]: Cornette_K : 0.0062
[2019-08-15 19:02:10,198]: Engelman_GES_N : 0.0062
[2019-08-15 19:02:10,199]: Engelman_GES_W : 0.0062
[2019-08-15 19:02:10,199]: Rose_W : 0.0061
[2019-08-15 19:02:10,199]: Engelman_GES_G : 0.0061
[2019-08-15 19:02:10,199]: Janin_V : 0.0060
[2019-08-15 19:02:10,199]: Kyte_Doolittle_C : 0.0060
[2019-08-15 19:02:10,199]: Cornette_W : 0.0059
[2019-08-15 19:02:10,199]: Janin_S : 0.0059
[2019-08-15 19:02:10,199]: Eisenberg_S : 0.0059
[2019-08-15 19:02:10,199]: Janin_M : 0.0059
[2019-08-15 19:02:10,199]: Hopp_Woods_T : 0.0059
[2019-08-15 19:02:10,199]: Cornette_Y : 0.0059
[2019-08-15 19:02:10,199]: Kyte_Doolittle_Y : 0.0059
[2019-08-15 19:02:10,200]: Kyte_Doolittle_Q : 0.0059
[2019-08-15 19:02:10,200]: Eisenberg_W : 0.0059
[2019-08-15 19:02:10,200]: moderate : 0.0058
[2019-08-15 19:02:10,200]: Engelman_GES_L : 0.0058
[2019-08-15 19:02:10,200]: nonpolar : 0.0058
[2019-08-15 19:02:10,200]: C : 0.0058
[2019-08-15 19:02:10,200]: alphatic : 0.0058
[2019-08-15 19:02:10,200]: Hopp_Woods_E : 0.0057
[2019-08-15 19:02:10,200]: G : 0.0057
[2019-08-15 19:02:10,200]: W : 0.0057
[2019-08-15 19:02:10,200]: Hopp_Woods_N : 0.0057
[2019-08-15 19:02:10,200]: aliphatic : 0.0057
[2019-08-15 19:02:10,200]: negative : 0.0057
[2019-08-15 19:02:10,201]: Kyte_Doolittle_W : 0.0057
[2019-08-15 19:02:10,201]: Kyte_Doolittle_K : 0.0057
[2019-08-15 19:02:10,201]: P : 0.0057
[2019-08-15 19:02:10,201]: D : 0.0057
[2019-08-15 19:02:10,201]: Eisenberg_L : 0.0057
[2019-08-15 19:02:10,201]: Eisenberg_Y : 0.0057
[2019-08-15 19:02:10,201]: Rose_M : 0.0057
[2019-08-15 19:02:10,201]: postivecharge : 0.0057
[2019-08-15 19:02:10,201]: Engelman_GES_K : 0.0057
[2019-08-15 19:02:10,201]: Kyte_Doolittle_H : 0.0057
[2019-08-15 19:02:10,201]: Hopp_Woods_H : 0.0056
[2019-08-15 19:02:10,202]: Hopp_Woods_F : 0.0056
[2019-08-15 19:02:10,202]: Eisenberg_I : 0.0056
[2019-08-15 19:02:10,202]: Cornette_I : 0.0056
[2019-08-15 19:02:10,202]: Cornette_H : 0.0056
[2019-08-15 19:02:10,202]: Janin_W : 0.0056
[2019-08-15 19:02:10,202]: Kyte_Doolittle_F : 0.0056
[2019-08-15 19:02:10,202]: Engelman_GES_I : 0.0056
[2019-08-15 19:02:10,202]: Engelman_GES_M : 0.0056
[2019-08-15 19:02:10,202]: Engelman_GES_V : 0.0056
[2019-08-15 19:02:10,202]: Kyte_Doolittle_L : 0.0056
[2019-08-15 19:02:10,202]: positve : 0.0056
[2019-08-15 19:02:10,202]: Janin_L : 0.0056
[2019-08-15 19:02:10,203]: Janin_F : 0.0055
[2019-08-15 19:02:10,203]: Hopp_Woods_V : 0.0055
[2019-08-15 19:02:10,203]: Cornette_A : 0.0055
[2019-08-15 19:02:10,203]: T : 0.0055
[2019-08-15 19:02:10,203]: I : 0.0055
[2019-08-15 19:02:10,203]: Hopp_Woods_S : 0.0055
[2019-08-15 19:02:10,203]: Eisenberg_D : 0.0055
[2019-08-15 19:02:10,203]: Cornette_D : 0.0055
[2019-08-15 19:02:10,203]: H : 0.0055
[2019-08-15 19:02:10,203]: Kyte_Doolittle_N : 0.0055
[2019-08-15 19:02:10,203]: Cornette_E : 0.0055
[2019-08-15 19:02:10,204]: Rose_F : 0.0055
[2019-08-15 19:02:10,204]: A : 0.0055
[2019-08-15 19:02:10,204]: S : 0.0055
[2019-08-15 19:02:10,204]: Janin_E : 0.0055
[2019-08-15 19:02:10,204]: Kyte_Doolittle_D : 0.0055
[2019-08-15 19:02:10,204]: aromatic : 0.0055
[2019-08-15 19:02:10,204]: Engelman_GES_A : 0.0055
[2019-08-15 19:02:10,204]: Eisenberg_G : 0.0055
[2019-08-15 19:02:10,204]: Engelman_GES_F : 0.0055
[2019-08-15 19:02:10,204]: Rose_C : 0.0055
[2019-08-15 19:02:10,204]: Kyte_Doolittle_E : 0.0055
[2019-08-15 19:02:10,204]: Kyte_Doolittle_V : 0.0055
[2019-08-15 19:02:10,205]: Rose_A : 0.0055
[2019-08-15 19:02:10,205]: R : 0.0055
[2019-08-15 19:02:10,205]: Engelman_GES_E : 0.0055
[2019-08-15 19:02:10,205]: Eisenberg_K : 0.0055
[2019-08-15 19:02:10,205]: Hopp_Woods_L : 0.0054
[2019-08-15 19:02:10,205]: Janin_Y : 0.0054
[2019-08-15 19:02:10,205]: Rose_D : 0.0054
[2019-08-15 19:02:10,205]: Rose_P : 0.0054
[2019-08-15 19:02:10,205]: Eisenberg_F : 0.0054
[2019-08-15 19:02:10,206]: Kyte_Doolittle_S : 0.0054
[2019-08-15 19:02:10,206]: Q : 0.0054
[2019-08-15 19:02:10,206]: Kyte_Doolittle_G : 0.0054
[2019-08-15 19:02:10,206]: Hopp_Woods_C : 0.0054
[2019-08-15 19:02:10,206]: F : 0.0054
[2019-08-15 19:02:10,206]: Janin_H : 0.0054
[2019-08-15 19:02:10,206]: Cornette_S : 0.0054
[2019-08-15 19:02:10,206]: Cornette_M : 0.0054
[2019-08-15 19:02:10,206]: Engelman_GES_Y : 0.0054
[2019-08-15 19:02:10,206]: hydrophobicity : 0.0054
[2019-08-15 19:02:10,207]: E : 0.0054
[2019-08-15 19:02:10,207]: L : 0.0054
[2019-08-15 19:02:10,207]: Rose_E : 0.0054
[2019-08-15 19:02:10,207]: V : 0.0054
[2019-08-15 19:02:10,207]: negativecharge : 0.0054
[2019-08-15 19:02:10,207]: Eisenberg_V : 0.0054
[2019-08-15 19:02:10,207]: K : 0.0053
[2019-08-15 19:02:10,207]: Hopp_Woods_K : 0.0053
[2019-08-15 19:02:10,207]: Janin_I : 0.0053
[2019-08-15 19:02:10,207]: Eisenberg_H : 0.0053
[2019-08-15 19:02:10,207]: Rose_N : 0.0053
[2019-08-15 19:02:10,207]: Janin_K : 0.0053
[2019-08-15 19:02:10,207]: Hopp_Woods_Y : 0.0053
[2019-08-15 19:02:10,208]: Eisenberg_P : 0.0053
[2019-08-15 19:02:10,208]: N : 0.0053
[2019-08-15 19:02:10,208]: Hopp_Woods_W : 0.0053
[2019-08-15 19:02:10,208]: Engelman_GES_P : 0.0053
[2019-08-15 19:02:10,208]: uncharge : 0.0053
[2019-08-15 19:02:10,208]: Rose_Q : 0.0053
[2019-08-15 19:02:10,208]: Hopp_Woods_Q : 0.0053
[2019-08-15 19:02:10,208]: Rose_V : 0.0053
[2019-08-15 19:02:10,208]: Janin_A : 0.0052
[2019-08-15 19:02:10,208]: Kyte_Doolittle_R : 0.0052
[2019-08-15 19:02:10,208]: Janin_C : 0.0052
[2019-08-15 19:02:10,208]: Y : 0.0052
[2019-08-15 19:02:10,209]: Eisenberg_A : 0.0052
[2019-08-15 19:02:10,209]: Cornette_Q : 0.0052
[2019-08-15 19:02:10,209]: heterocyclics : 0.0052
[2019-08-15 19:02:10,209]: Kyte_Doolittle_M : 0.0051
[2019-08-15 19:02:10,209]: Kyte_Doolittle_P : 0.0051
[2019-08-15 19:02:10,209]: Engelman_GES_H : 0.0051
[2019-08-15 19:02:10,209]: Engelman_GES_T : 0.0051
[2019-08-15 19:02:10,209]: Rose_K : 0.0050
[2019-08-15 19:02:10,210]: neutral : 0.0050
[2019-08-15 19:02:10,210]: Eisenberg_C : 0.0050
[2019-08-15 19:02:10,210]: Eisenberg_E : 0.0050
[2019-08-15 19:02:10,210]: Engelman_GES_C : 0.0050
[2019-08-15 19:02:10,210]: Eisenberg_M : 0.0049
[2019-08-15 19:02:10,210]: Hopp_Woods_M : 0.0048
[2019-08-15 19:02:10,210]: Kyte_Doolittle_T : 0.0046
[2019-08-15 19:02:10,210]: acidic_polar : 0.0045
[2019-08-15 19:02:10,210]: Cornette_R : 0.0045
[2019-08-15 19:02:10,210]: Eisenberg_Q : 0.0044
[2019-08-15 19:02:10,210]: M : 0.0044
[2019-08-15 19:02:10,210]: Janin_G : 0.0044
[2019-08-15 19:02:10,211]: Rose_Y : 0.0044
[2019-08-15 19:02:10,211]: Rose_G : 0.0043
[2019-08-15 19:02:10,211]: aromatic.1 : 0.0043
[2019-08-15 19:02:10,211]: Eisenberg_T : 0.0039
[2019-08-15 19:02:10,211]: Cornette_N : 0.0035
[2019-08-15 19:02:10,211]: Cornette_G : 0.0030
[2019-08-15 19:02:10,211]: Hopp_Woods_G : 0.0025
[2019-08-15 19:02:10,211]: Hopp_Woods_P : 0.0020
[2019-08-15 19:02:10,211]: feature_rank end
[2019-08-15 19:02:10,235]: Start dimension reduction ...
[2019-08-15 19:02:14,512]: length=1 f1=0.7382 accuarcy=0.7609 precision=0.8329 recall=0.7609 roc=0.7317 
[2019-08-15 19:02:18,722]: length=2 f1=0.7258 accuarcy=0.7283 precision=0.7277 recall=0.7283 roc=0.7190 
[2019-08-15 19:02:22,930]: length=3 f1=0.7697 accuarcy=0.7717 precision=0.7723 recall=0.7717 roc=0.7630 
[2019-08-15 19:02:27,311]: length=4 f1=0.8362 accuarcy=0.8370 precision=0.8372 recall=0.8370 roc=0.8314 
[2019-08-15 19:02:31,578]: length=5 f1=0.8803 accuarcy=0.8804 precision=0.8803 recall=0.8804 roc=0.8778 
[2019-08-15 19:02:35,806]: length=6 f1=0.8910 accuarcy=0.8913 precision=0.8915 recall=0.8913 roc=0.8876 
[2019-08-15 19:02:40,093]: length=7 f1=0.8799 accuarcy=0.8804 precision=0.8812 recall=0.8804 roc=0.8754 
[2019-08-15 19:02:44,660]: length=8 f1=0.8580 accuarcy=0.8587 precision=0.8592 recall=0.8587 roc=0.8534 
[2019-08-15 19:02:49,041]: length=9 f1=0.8468 accuarcy=0.8478 precision=0.8491 recall=0.8478 roc=0.8412 
[2019-08-15 19:02:53,239]: length=10 f1=0.8580 accuarcy=0.8587 precision=0.8592 recall=0.8587 roc=0.8534 
[2019-08-15 19:02:57,435]: length=11 f1=0.8143 accuarcy=0.8152 precision=0.8152 recall=0.8152 roc=0.8094 
[2019-08-15 19:03:01,789]: length=12 f1=0.8355 accuarcy=0.8370 precision=0.8391 recall=0.8370 roc=0.8290 
[2019-08-15 19:03:06,027]: length=13 f1=0.8256 accuarcy=0.8261 precision=0.8259 recall=0.8261 roc=0.8216 
[2019-08-15 19:03:10,298]: length=14 f1=0.8696 accuarcy=0.8696 precision=0.8696 recall=0.8696 roc=0.8680 
[2019-08-15 19:03:14,514]: length=15 f1=0.8468 accuarcy=0.8478 precision=0.8491 recall=0.8478 roc=0.8412 
[2019-08-15 19:03:18,760]: length=16 f1=0.8696 accuarcy=0.8696 precision=0.8696 recall=0.8696 roc=0.8680 
[2019-08-15 19:03:23,016]: length=17 f1=0.9017 accuarcy=0.9022 precision=0.9032 recall=0.9022 roc=0.8974 
[2019-08-15 19:03:27,759]: length=18 f1=0.9020 accuarcy=0.9022 precision=0.9021 recall=0.9022 roc=0.8998 
[2019-08-15 19:03:32,101]: length=19 f1=0.8580 accuarcy=0.8587 precision=0.8592 recall=0.8587 roc=0.8534 
[2019-08-15 19:03:36,303]: length=20 f1=0.8474 accuarcy=0.8478 precision=0.8478 recall=0.8478 roc=0.8436 
[2019-08-15 19:03:40,783]: length=21 f1=0.8803 accuarcy=0.8804 precision=0.8803 recall=0.8804 roc=0.8778 
[2019-08-15 19:03:45,286]: length=22 f1=0.8580 accuarcy=0.8587 precision=0.8592 recall=0.8587 roc=0.8534 
[2019-08-15 19:03:49,702]: length=23 f1=0.8468 accuarcy=0.8478 precision=0.8491 recall=0.8478 roc=0.8412 
[2019-08-15 19:03:53,908]: length=24 f1=0.8585 accuarcy=0.8587 precision=0.8585 recall=0.8587 roc=0.8558 
[2019-08-15 19:03:58,059]: length=25 f1=0.8371 accuarcy=0.8370 precision=0.8375 recall=0.8370 roc=0.8362 
[2019-08-15 19:04:02,262]: length=26 f1=0.8692 accuarcy=0.8696 precision=0.8696 recall=0.8696 roc=0.8656 
[2019-08-15 19:04:06,322]: length=27 f1=0.8474 accuarcy=0.8478 precision=0.8478 recall=0.8478 roc=0.8436 
[2019-08-15 19:04:10,408]: length=28 f1=0.8585 accuarcy=0.8587 precision=0.8585 recall=0.8587 roc=0.8558 
[2019-08-15 19:04:14,359]: length=29 f1=0.8249 accuarcy=0.8261 precision=0.8269 recall=0.8261 roc=0.8192 
[2019-08-15 19:04:18,458]: length=30 f1=0.8460 accuarcy=0.8478 precision=0.8518 recall=0.8478 roc=0.8388 
[2019-08-15 19:04:22,478]: length=31 f1=0.8478 accuarcy=0.8478 precision=0.8478 recall=0.8478 roc=0.8460 
[2019-08-15 19:04:26,448]: length=32 f1=0.8468 accuarcy=0.8478 precision=0.8491 recall=0.8478 roc=0.8412 
[2019-08-15 19:04:30,441]: length=33 f1=0.8371 accuarcy=0.8370 precision=0.8375 recall=0.8370 roc=0.8362 
[2019-08-15 19:04:34,597]: length=34 f1=0.8692 accuarcy=0.8696 precision=0.8696 recall=0.8696 roc=0.8656 
[2019-08-15 19:04:38,676]: length=35 f1=0.8367 accuarcy=0.8370 precision=0.8367 recall=0.8370 roc=0.8338 
[2019-08-15 19:04:42,738]: length=36 f1=0.8696 accuarcy=0.8696 precision=0.8696 recall=0.8696 roc=0.8680 
[2019-08-15 19:04:46,840]: length=37 f1=0.8256 accuarcy=0.8261 precision=0.8259 recall=0.8261 roc=0.8216 
[2019-08-15 19:04:51,171]: length=38 f1=0.8580 accuarcy=0.8587 precision=0.8592 recall=0.8587 roc=0.8534 
[2019-08-15 19:04:55,419]: length=39 f1=0.8474 accuarcy=0.8478 precision=0.8478 recall=0.8478 roc=0.8436 
[2019-08-15 19:04:59,841]: length=40 f1=0.8910 accuarcy=0.8913 precision=0.8915 recall=0.8913 roc=0.8876 
[2019-08-15 19:05:03,958]: length=41 f1=0.8910 accuarcy=0.8913 precision=0.8915 recall=0.8913 roc=0.8876 
[2019-08-15 19:05:08,078]: length=42 f1=0.8696 accuarcy=0.8696 precision=0.8696 recall=0.8696 roc=0.8680 
[2019-08-15 19:05:12,120]: length=43 f1=0.8585 accuarcy=0.8587 precision=0.8585 recall=0.8587 roc=0.8558 
[2019-08-15 19:05:16,203]: length=44 f1=0.8474 accuarcy=0.8478 precision=0.8478 recall=0.8478 roc=0.8436 
[2019-08-15 19:05:20,176]: length=45 f1=0.8799 accuarcy=0.8804 precision=0.8812 recall=0.8804 roc=0.8754 
[2019-08-15 19:05:24,230]: length=46 f1=0.8692 accuarcy=0.8696 precision=0.8696 recall=0.8696 roc=0.8656 
[2019-08-15 19:05:28,211]: length=47 f1=0.8362 accuarcy=0.8370 precision=0.8372 recall=0.8370 roc=0.8314 
[2019-08-15 19:05:32,537]: length=48 f1=0.8367 accuarcy=0.8370 precision=0.8367 recall=0.8370 roc=0.8338 
[2019-08-15 19:05:36,626]: length=49 f1=0.8585 accuarcy=0.8587 precision=0.8585 recall=0.8587 roc=0.8558 
[2019-08-15 19:05:40,521]: length=50 f1=0.8468 accuarcy=0.8478 precision=0.8491 recall=0.8478 roc=0.8412 
[2019-08-15 19:05:44,560]: length=51 f1=0.8478 accuarcy=0.8478 precision=0.8478 recall=0.8478 roc=0.8460 
[2019-08-15 19:05:48,649]: length=52 f1=0.8249 accuarcy=0.8261 precision=0.8269 recall=0.8261 roc=0.8192 
[2019-08-15 19:05:53,182]: length=53 f1=0.8799 accuarcy=0.8804 precision=0.8812 recall=0.8804 roc=0.8754 
[2019-08-15 19:05:57,157]: length=54 f1=0.8692 accuarcy=0.8696 precision=0.8696 recall=0.8696 roc=0.8656 
[2019-08-15 19:06:01,138]: length=55 f1=0.8362 accuarcy=0.8370 precision=0.8372 recall=0.8370 roc=0.8314 
[2019-08-15 19:06:05,101]: length=56 f1=0.8474 accuarcy=0.8478 precision=0.8478 recall=0.8478 roc=0.8436 
[2019-08-15 19:06:09,079]: length=57 f1=0.8687 accuarcy=0.8696 precision=0.8712 recall=0.8696 roc=0.8632 
[2019-08-15 19:06:13,019]: length=58 f1=0.8474 accuarcy=0.8478 precision=0.8478 recall=0.8478 roc=0.8436 
[2019-08-15 19:06:17,065]: length=59 f1=0.8580 accuarcy=0.8587 precision=0.8592 recall=0.8587 roc=0.8534 
[2019-08-15 19:06:20,960]: length=60 f1=0.8474 accuarcy=0.8478 precision=0.8478 recall=0.8478 roc=0.8436 
[2019-08-15 19:06:25,332]: length=61 f1=0.8478 accuarcy=0.8478 precision=0.8478 recall=0.8478 roc=0.8460 
[2019-08-15 19:06:29,525]: length=62 f1=0.8474 accuarcy=0.8478 precision=0.8478 recall=0.8478 roc=0.8436 
[2019-08-15 19:06:33,498]: length=63 f1=0.8580 accuarcy=0.8587 precision=0.8592 recall=0.8587 roc=0.8534 
[2019-08-15 19:06:37,694]: length=64 f1=0.8474 accuarcy=0.8478 precision=0.8478 recall=0.8478 roc=0.8436 
[2019-08-15 19:06:42,317]: length=65 f1=0.8367 accuarcy=0.8370 precision=0.8367 recall=0.8370 roc=0.8338 
[2019-08-15 19:06:46,786]: length=66 f1=0.8367 accuarcy=0.8370 precision=0.8367 recall=0.8370 roc=0.8338 
[2019-08-15 19:06:51,402]: length=67 f1=0.8580 accuarcy=0.8587 precision=0.8592 recall=0.8587 roc=0.8534 
[2019-08-15 19:06:56,472]: length=68 f1=0.8474 accuarcy=0.8478 precision=0.8478 recall=0.8478 roc=0.8436 
[2019-08-15 19:07:00,757]: length=69 f1=0.8468 accuarcy=0.8478 precision=0.8491 recall=0.8478 roc=0.8412 
[2019-08-15 19:07:05,065]: length=70 f1=0.8362 accuarcy=0.8370 precision=0.8372 recall=0.8370 roc=0.8314 
[2019-08-15 19:07:10,074]: length=71 f1=0.8474 accuarcy=0.8478 precision=0.8478 recall=0.8478 roc=0.8436 
[2019-08-15 19:07:14,801]: length=72 f1=0.8574 accuarcy=0.8587 precision=0.8614 recall=0.8587 roc=0.8510 
[2019-08-15 19:07:19,085]: length=73 f1=0.8687 accuarcy=0.8696 precision=0.8712 recall=0.8696 roc=0.8632 
[2019-08-15 19:07:23,919]: length=74 f1=0.8474 accuarcy=0.8478 precision=0.8478 recall=0.8478 roc=0.8436 
[2019-08-15 19:07:28,524]: length=75 f1=0.8692 accuarcy=0.8696 precision=0.8696 recall=0.8696 roc=0.8656 
[2019-08-15 19:07:32,917]: length=76 f1=0.8580 accuarcy=0.8587 precision=0.8592 recall=0.8587 roc=0.8534 
[2019-08-15 19:07:37,334]: length=77 f1=0.8580 accuarcy=0.8587 precision=0.8592 recall=0.8587 roc=0.8534 
[2019-08-15 19:07:41,704]: length=78 f1=0.8468 accuarcy=0.8478 precision=0.8491 recall=0.8478 roc=0.8412 
[2019-08-15 19:07:46,011]: length=79 f1=0.8468 accuarcy=0.8478 precision=0.8491 recall=0.8478 roc=0.8412 
[2019-08-15 19:07:50,228]: length=80 f1=0.8580 accuarcy=0.8587 precision=0.8592 recall=0.8587 roc=0.8534 
[2019-08-15 19:07:54,163]: length=81 f1=0.8362 accuarcy=0.8370 precision=0.8372 recall=0.8370 roc=0.8314 
[2019-08-15 19:07:58,439]: length=82 f1=0.8580 accuarcy=0.8587 precision=0.8592 recall=0.8587 roc=0.8534 
[2019-08-15 19:08:02,884]: length=83 f1=0.8474 accuarcy=0.8478 precision=0.8478 recall=0.8478 roc=0.8436 
[2019-08-15 19:08:07,137]: length=84 f1=0.8793 accuarcy=0.8804 precision=0.8837 recall=0.8804 roc=0.8730 
[2019-08-15 19:08:11,079]: length=85 f1=0.8687 accuarcy=0.8696 precision=0.8712 recall=0.8696 roc=0.8632 
[2019-08-15 19:08:15,346]: length=86 f1=0.8574 accuarcy=0.8587 precision=0.8614 recall=0.8587 roc=0.8510 
[2019-08-15 19:08:19,426]: length=87 f1=0.8580 accuarcy=0.8587 precision=0.8592 recall=0.8587 roc=0.8534 
[2019-08-15 19:08:23,619]: length=88 f1=0.8474 accuarcy=0.8478 precision=0.8478 recall=0.8478 roc=0.8436 
[2019-08-15 19:08:27,788]: length=89 f1=0.8468 accuarcy=0.8478 precision=0.8491 recall=0.8478 roc=0.8412 
[2019-08-15 19:08:31,781]: length=90 f1=0.8585 accuarcy=0.8587 precision=0.8585 recall=0.8587 roc=0.8558 
[2019-08-15 19:08:35,824]: length=91 f1=0.8585 accuarcy=0.8587 precision=0.8585 recall=0.8587 roc=0.8558 
[2019-08-15 19:08:40,001]: length=92 f1=0.8367 accuarcy=0.8370 precision=0.8367 recall=0.8370 roc=0.8338 
[2019-08-15 19:08:44,243]: length=93 f1=0.8574 accuarcy=0.8587 precision=0.8614 recall=0.8587 roc=0.8510 
[2019-08-15 19:08:48,329]: length=94 f1=0.8362 accuarcy=0.8370 precision=0.8372 recall=0.8370 roc=0.8314 
[2019-08-15 19:08:52,537]: length=95 f1=0.8687 accuarcy=0.8696 precision=0.8712 recall=0.8696 roc=0.8632 
[2019-08-15 19:08:56,616]: length=96 f1=0.8580 accuarcy=0.8587 precision=0.8592 recall=0.8587 roc=0.8534 
[2019-08-15 19:09:01,040]: length=97 f1=0.8580 accuarcy=0.8587 precision=0.8592 recall=0.8587 roc=0.8534 
[2019-08-15 19:09:05,307]: length=98 f1=0.8362 accuarcy=0.8370 precision=0.8372 recall=0.8370 roc=0.8314 
[2019-08-15 19:09:09,457]: length=99 f1=0.8468 accuarcy=0.8478 precision=0.8491 recall=0.8478 roc=0.8412 
[2019-08-15 19:09:13,447]: length=100 f1=0.8692 accuarcy=0.8696 precision=0.8696 recall=0.8696 roc=0.8656 
[2019-08-15 19:09:17,625]: length=101 f1=0.8474 accuarcy=0.8478 precision=0.8478 recall=0.8478 roc=0.8436 
[2019-08-15 19:09:21,794]: length=102 f1=0.8367 accuarcy=0.8370 precision=0.8367 recall=0.8370 roc=0.8338 
[2019-08-15 19:09:25,877]: length=103 f1=0.8474 accuarcy=0.8478 precision=0.8478 recall=0.8478 roc=0.8436 
[2019-08-15 19:09:30,295]: length=104 f1=0.8367 accuarcy=0.8370 precision=0.8367 recall=0.8370 roc=0.8338 
[2019-08-15 19:09:34,605]: length=105 f1=0.8474 accuarcy=0.8478 precision=0.8478 recall=0.8478 roc=0.8436 
[2019-08-15 19:09:38,648]: length=106 f1=0.8367 accuarcy=0.8370 precision=0.8367 recall=0.8370 roc=0.8338 
[2019-08-15 19:09:42,759]: length=107 f1=0.8256 accuarcy=0.8261 precision=0.8259 recall=0.8261 roc=0.8216 
[2019-08-15 19:09:46,814]: length=108 f1=0.8474 accuarcy=0.8478 precision=0.8478 recall=0.8478 roc=0.8436 
[2019-08-15 19:09:51,079]: length=109 f1=0.8468 accuarcy=0.8478 precision=0.8491 recall=0.8478 roc=0.8412 
[2019-08-15 19:09:55,117]: length=110 f1=0.8468 accuarcy=0.8478 precision=0.8491 recall=0.8478 roc=0.8412 
[2019-08-15 19:09:59,415]: length=111 f1=0.8474 accuarcy=0.8478 precision=0.8478 recall=0.8478 roc=0.8436 
[2019-08-15 19:10:04,217]: length=112 f1=0.8580 accuarcy=0.8587 precision=0.8592 recall=0.8587 roc=0.8534 
[2019-08-15 19:10:08,347]: length=113 f1=0.8256 accuarcy=0.8261 precision=0.8259 recall=0.8261 roc=0.8216 
[2019-08-15 19:10:12,379]: length=114 f1=0.8580 accuarcy=0.8587 precision=0.8592 recall=0.8587 roc=0.8534 
[2019-08-15 19:10:16,306]: length=115 f1=0.8580 accuarcy=0.8587 precision=0.8592 recall=0.8587 roc=0.8534 
[2019-08-15 19:10:20,413]: length=116 f1=0.8478 accuarcy=0.8478 precision=0.8478 recall=0.8478 roc=0.8460 
[2019-08-15 19:10:24,456]: length=117 f1=0.8574 accuarcy=0.8587 precision=0.8614 recall=0.8587 roc=0.8510 
[2019-08-15 19:10:28,546]: length=118 f1=0.8474 accuarcy=0.8478 precision=0.8478 recall=0.8478 roc=0.8436 
[2019-08-15 19:10:32,621]: length=119 f1=0.8580 accuarcy=0.8587 precision=0.8592 recall=0.8587 roc=0.8534 
[2019-08-15 19:10:36,615]: length=120 f1=0.8474 accuarcy=0.8478 precision=0.8478 recall=0.8478 roc=0.8436 
[2019-08-15 19:10:40,631]: length=121 f1=0.8580 accuarcy=0.8587 precision=0.8592 recall=0.8587 roc=0.8534 
[2019-08-15 19:10:44,507]: length=122 f1=0.8474 accuarcy=0.8478 precision=0.8478 recall=0.8478 roc=0.8436 
[2019-08-15 19:10:48,420]: length=123 f1=0.8580 accuarcy=0.8587 precision=0.8592 recall=0.8587 roc=0.8534 
[2019-08-15 19:10:52,431]: length=124 f1=0.8580 accuarcy=0.8587 precision=0.8592 recall=0.8587 roc=0.8534 
[2019-08-15 19:10:56,496]: length=125 f1=0.8362 accuarcy=0.8370 precision=0.8372 recall=0.8370 roc=0.8314 
[2019-08-15 19:11:00,715]: length=126 f1=0.8580 accuarcy=0.8587 precision=0.8592 recall=0.8587 roc=0.8534 
[2019-08-15 19:11:05,133]: length=127 f1=0.8468 accuarcy=0.8478 precision=0.8491 recall=0.8478 roc=0.8412 
[2019-08-15 19:11:09,502]: length=128 f1=0.8580 accuarcy=0.8587 precision=0.8592 recall=0.8587 roc=0.8534 
[2019-08-15 19:11:13,646]: length=129 f1=0.8468 accuarcy=0.8478 precision=0.8491 recall=0.8478 roc=0.8412 
[2019-08-15 19:11:17,799]: length=130 f1=0.8580 accuarcy=0.8587 precision=0.8592 recall=0.8587 roc=0.8534 
[2019-08-15 19:11:21,819]: length=131 f1=0.8574 accuarcy=0.8587 precision=0.8614 recall=0.8587 roc=0.8510 
[2019-08-15 19:11:26,217]: length=132 f1=0.8367 accuarcy=0.8370 precision=0.8367 recall=0.8370 roc=0.8338 
[2019-08-15 19:11:30,430]: length=133 f1=0.8367 accuarcy=0.8370 precision=0.8367 recall=0.8370 roc=0.8338 
[2019-08-15 19:11:34,409]: length=134 f1=0.8362 accuarcy=0.8370 precision=0.8372 recall=0.8370 roc=0.8314 
[2019-08-15 19:11:38,762]: length=135 f1=0.8362 accuarcy=0.8370 precision=0.8372 recall=0.8370 roc=0.8314 
[2019-08-15 19:11:42,962]: length=136 f1=0.8355 accuarcy=0.8370 precision=0.8391 recall=0.8370 roc=0.8290 
[2019-08-15 19:11:47,243]: length=137 f1=0.8474 accuarcy=0.8478 precision=0.8478 recall=0.8478 roc=0.8436 
[2019-08-15 19:11:51,305]: length=138 f1=0.8580 accuarcy=0.8587 precision=0.8592 recall=0.8587 roc=0.8534 
[2019-08-15 19:11:55,388]: length=139 f1=0.8256 accuarcy=0.8261 precision=0.8259 recall=0.8261 roc=0.8216 
[2019-08-15 19:12:00,099]: length=140 f1=0.8256 accuarcy=0.8261 precision=0.8259 recall=0.8261 roc=0.8216 
[2019-08-15 19:12:04,618]: length=141 f1=0.8474 accuarcy=0.8478 precision=0.8478 recall=0.8478 roc=0.8436 
[2019-08-15 19:12:09,516]: length=142 f1=0.8249 accuarcy=0.8261 precision=0.8269 recall=0.8261 roc=0.8192 
[2019-08-15 19:12:13,605]: length=143 f1=0.8367 accuarcy=0.8370 precision=0.8367 recall=0.8370 roc=0.8338 
[2019-08-15 19:12:17,913]: length=144 f1=0.8574 accuarcy=0.8587 precision=0.8614 recall=0.8587 roc=0.8510 
[2019-08-15 19:12:22,096]: length=145 f1=0.8367 accuarcy=0.8370 precision=0.8367 recall=0.8370 roc=0.8338 
[2019-08-15 19:12:26,192]: length=146 f1=0.8580 accuarcy=0.8587 precision=0.8592 recall=0.8587 roc=0.8534 
[2019-08-15 19:12:30,325]: length=147 f1=0.8574 accuarcy=0.8587 precision=0.8614 recall=0.8587 roc=0.8510 
[2019-08-15 19:12:34,365]: length=148 f1=0.8249 accuarcy=0.8261 precision=0.8269 recall=0.8261 roc=0.8192 
[2019-08-15 19:12:38,458]: length=149 f1=0.8574 accuarcy=0.8587 precision=0.8614 recall=0.8587 roc=0.8510 
[2019-08-15 19:12:42,736]: length=150 f1=0.8362 accuarcy=0.8370 precision=0.8372 recall=0.8370 roc=0.8314 
[2019-08-15 19:12:46,733]: length=151 f1=0.8362 accuarcy=0.8370 precision=0.8372 recall=0.8370 roc=0.8314 
[2019-08-15 19:12:50,757]: length=152 f1=0.8468 accuarcy=0.8478 precision=0.8491 recall=0.8478 roc=0.8412 
[2019-08-15 19:12:54,899]: length=153 f1=0.8362 accuarcy=0.8370 precision=0.8372 recall=0.8370 roc=0.8314 
[2019-08-15 19:12:59,114]: length=154 f1=0.8468 accuarcy=0.8478 precision=0.8491 recall=0.8478 roc=0.8412 
[2019-08-15 19:13:03,130]: length=155 f1=0.8574 accuarcy=0.8587 precision=0.8614 recall=0.8587 roc=0.8510 
[2019-08-15 19:13:07,156]: length=156 f1=0.8474 accuarcy=0.8478 precision=0.8478 recall=0.8478 roc=0.8436 
[2019-08-15 19:13:11,536]: length=157 f1=0.8474 accuarcy=0.8478 precision=0.8478 recall=0.8478 roc=0.8436 
[2019-08-15 19:13:15,711]: length=158 f1=0.8362 accuarcy=0.8370 precision=0.8372 recall=0.8370 roc=0.8314 
[2019-08-15 19:13:19,822]: length=159 f1=0.8468 accuarcy=0.8478 precision=0.8491 recall=0.8478 roc=0.8412 
[2019-08-15 19:13:23,834]: length=160 f1=0.8687 accuarcy=0.8696 precision=0.8712 recall=0.8696 roc=0.8632 
[2019-08-15 19:13:28,153]: length=161 f1=0.8460 accuarcy=0.8478 precision=0.8518 recall=0.8478 roc=0.8388 
[2019-08-15 19:13:33,188]: length=162 f1=0.8474 accuarcy=0.8478 precision=0.8478 recall=0.8478 roc=0.8436 
[2019-08-15 19:13:37,250]: length=163 f1=0.8355 accuarcy=0.8370 precision=0.8391 recall=0.8370 roc=0.8290 
[2019-08-15 19:13:41,374]: length=164 f1=0.8687 accuarcy=0.8696 precision=0.8712 recall=0.8696 roc=0.8632 
[2019-08-15 19:13:45,497]: length=165 f1=0.8580 accuarcy=0.8587 precision=0.8592 recall=0.8587 roc=0.8534 
[2019-08-15 19:13:49,628]: length=166 f1=0.8362 accuarcy=0.8370 precision=0.8372 recall=0.8370 roc=0.8314 
[2019-08-15 19:13:53,990]: length=167 f1=0.8362 accuarcy=0.8370 precision=0.8372 recall=0.8370 roc=0.8314 
[2019-08-15 19:13:57,962]: length=168 f1=0.8580 accuarcy=0.8587 precision=0.8592 recall=0.8587 roc=0.8534 
[2019-08-15 19:14:01,975]: length=169 f1=0.8687 accuarcy=0.8696 precision=0.8712 recall=0.8696 roc=0.8632 
[2019-08-15 19:14:06,449]: length=170 f1=0.8362 accuarcy=0.8370 precision=0.8372 recall=0.8370 roc=0.8314 
[2019-08-15 19:14:11,394]: length=171 f1=0.8687 accuarcy=0.8696 precision=0.8712 recall=0.8696 roc=0.8632 
[2019-08-15 19:14:15,609]: length=172 f1=0.8367 accuarcy=0.8370 precision=0.8367 recall=0.8370 roc=0.8338 
[2019-08-15 19:14:19,738]: length=173 f1=0.8460 accuarcy=0.8478 precision=0.8518 recall=0.8478 roc=0.8388 
[2019-08-15 19:14:23,781]: length=174 f1=0.8793 accuarcy=0.8804 precision=0.8837 recall=0.8804 roc=0.8730 
[2019-08-15 19:14:28,081]: length=175 f1=0.8468 accuarcy=0.8478 precision=0.8491 recall=0.8478 roc=0.8412 
[2019-08-15 19:14:32,282]: length=176 f1=0.8362 accuarcy=0.8370 precision=0.8372 recall=0.8370 roc=0.8314 
[2019-08-15 19:14:36,266]: length=177 f1=0.8468 accuarcy=0.8478 precision=0.8491 recall=0.8478 roc=0.8412 
[2019-08-15 19:14:40,193]: length=178 f1=0.8468 accuarcy=0.8478 precision=0.8491 recall=0.8478 roc=0.8412 
[2019-08-15 19:14:40,194]: ----------
[2019-08-15 19:14:40,195]: the max f1 = 0.9020
[2019-08-15 19:14:40,195]: ['Janin_P' 'Engelman_GES_R' 'Cornette_C' 'Janin_D' 'Rose_I' 'Hopp_Woods_R'
 'Cornette_T' 'Cornette_P' 'hydrophily' 'Cornette_V' 'Rose_S' 'Janin_Q'
 'polar' 'Engelman_GES_D' 'Kyte_Doolittle_I' 'Eisenberg_R' 'Cornette_F'
 'Cornette_L'],length = 18
[2019-08-15 19:14:40,195]: -----------
[2019-08-15 19:14:44,132]: ***confusion matrix***
[2019-08-15 19:14:44,132]:                pos_class      neg_class      
[2019-08-15 19:14:44,132]: pos_class      TP:36             FN:5              
[2019-08-15 19:14:44,132]: neg_class      FP:4              TN:47             
[2019-08-15 19:14:44,133]: f1 =0.9020 
[2019-08-15 19:14:44,133]: accuarcy = 0.9022 
[2019-08-15 19:14:44,134]: precision =0.9021 
[2019-08-15 19:14:44,134]: recall =0.9022
[2019-08-15 19:14:44,135]: roc area = 0.8998
[2019-08-15 19:14:44,142]: -----------
[2019-08-15 19:14:44,142]: The output by the terminal's log has been saved in the J:\多设备共享\work\MRMD2.0-github\Logs\201908151902.log.
[2019-08-15 19:14:44,142]: metrics have been saved in the J:\多设备共享\work\MRMD2.0-github\Results\meteixa.csv.
[2019-08-15 19:14:44,142]: reduced dimensional dataset has been saved in the J:\多设备共享\work\MRMD2.0-github\Results\rd.csv.
[2019-08-15 19:14:44,142]: ---mrmd 2.0 end---
