[2019-08-14 16:33:59,616]: ---mrmd 2.0 start----
[2019-08-14 16:33:59,705]: ANOVA start...
[2019-08-14 16:33:59,723]: ANOVA end.
[2019-08-14 16:33:59,723]: mic start...
[2019-08-14 16:34:05,422]: mic end.
[2019-08-14 16:34:05,422]: mrmd start...
[2019-08-14 16:34:05,686]: mrmd end.
[2019-08-14 16:34:05,686]: mRMR start...
[2019-08-14 16:34:13,134]: mRMR end.
[2019-08-14 16:34:13,135]: lasso start...
[2019-08-14 16:34:13,159]: lasso end.
[2019-08-14 16:34:13,159]: lasso2 start...
[2019-08-14 16:34:13,785]: lasso2 end.
[2019-08-14 16:34:13,788]: rank start ...
[2019-08-14 16:34:13,798]: The final  rank is
[2019-08-14 16:34:13,799]: aromatic.uncharger.gap5 : 0.0080
[2019-08-14 16:34:13,799]: aromatic.uncharger.gap0 : 0.0078
[2019-08-14 16:34:13,799]: uncharger.postivecharger.gap0 : 0.0077
[2019-08-14 16:34:13,799]: uncharger.aromatic.gap5 : 0.0077
[2019-08-14 16:34:13,799]: uncharger.aromatic.gap1 : 0.0077
[2019-08-14 16:34:13,799]: alphaticr.alphaticr.gap5 : 0.0077
[2019-08-14 16:34:13,799]: uncharger.uncharger.gap3 : 0.0077
[2019-08-14 16:34:13,799]: aromatic.uncharger.gap4 : 0.0077
[2019-08-14 16:34:13,799]: alphaticr.alphaticr.gap0 : 0.0077
[2019-08-14 16:34:13,799]: postivecharger.negativecharger.gap5 : 0.0076
[2019-08-14 16:34:13,800]: aromatic.negativecharger.gap0 : 0.0076
[2019-08-14 16:34:13,800]: aromatic.postivecharger.gap5 : 0.0076
[2019-08-14 16:34:13,800]: alphaticr.postivecharger.gap3 : 0.0076
[2019-08-14 16:34:13,800]: aromatic.uncharger.gap2 : 0.0076
[2019-08-14 16:34:13,800]: postivecharger.postivecharger.gap4 : 0.0076
[2019-08-14 16:34:13,800]: postivecharger.uncharger.gap5 : 0.0076
[2019-08-14 16:34:13,800]: uncharger.postivecharger.gap2 : 0.0076
[2019-08-14 16:34:13,800]: postivecharger.uncharger.gap3 : 0.0075
[2019-08-14 16:34:13,800]: alphaticr.aromatic.gap2 : 0.0075
[2019-08-14 16:34:13,800]: uncharger.postivecharger.gap1 : 0.0075
[2019-08-14 16:34:13,800]: alphaticr.postivecharger.gap2 : 0.0075
[2019-08-14 16:34:13,800]: uncharger.negativecharger.gap1 : 0.0075
[2019-08-14 16:34:13,801]: aromatic.alphaticr.gap4 : 0.0075
[2019-08-14 16:34:13,801]: postivecharger.alphaticr.gap3 : 0.0074
[2019-08-14 16:34:13,801]: uncharger.alphaticr.gap5 : 0.0074
[2019-08-14 16:34:13,801]: postivecharger.uncharger.gap0 : 0.0074
[2019-08-14 16:34:13,801]: negativecharger.alphaticr.gap4 : 0.0074
[2019-08-14 16:34:13,801]: postivecharger.aromatic.gap3 : 0.0074
[2019-08-14 16:34:13,801]: postivecharger.postivecharger.gap1 : 0.0074
[2019-08-14 16:34:13,801]: negativecharger.uncharger.gap2 : 0.0074
[2019-08-14 16:34:13,801]: alphaticr.alphaticr.gap4 : 0.0074
[2019-08-14 16:34:13,801]: postivecharger.alphaticr.gap0 : 0.0074
[2019-08-14 16:34:13,801]: uncharger.alphaticr.gap0 : 0.0074
[2019-08-14 16:34:13,801]: uncharger.aromatic.gap0 : 0.0073
[2019-08-14 16:34:13,801]: negativecharger.alphaticr.gap3 : 0.0073
[2019-08-14 16:34:13,802]: uncharger.uncharger.gap2 : 0.0073
[2019-08-14 16:34:13,802]: alphaticr.alphaticr.gap1 : 0.0073
[2019-08-14 16:34:13,802]: uncharger.alphaticr.gap2 : 0.0073
[2019-08-14 16:34:13,802]: alphaticr.negativecharger.gap3 : 0.0073
[2019-08-14 16:34:13,802]: uncharger.alphaticr.gap1 : 0.0073
[2019-08-14 16:34:13,802]: postivecharger.uncharger.gap2 : 0.0073
[2019-08-14 16:34:13,802]: negativecharger.alphaticr.gap0 : 0.0073
[2019-08-14 16:34:13,802]: postivecharger.uncharger.gap4 : 0.0073
[2019-08-14 16:34:13,802]: aromatic.negativecharger.gap5 : 0.0073
[2019-08-14 16:34:13,802]: uncharger.postivecharger.gap4 : 0.0073
[2019-08-14 16:34:13,802]: uncharger.postivecharger.gap5 : 0.0072
[2019-08-14 16:34:13,802]: negativecharger.aromatic.gap2 : 0.0072
[2019-08-14 16:34:13,803]: aromatic.uncharger.gap1 : 0.0072
[2019-08-14 16:34:13,803]: uncharger.negativecharger.gap5 : 0.0072
[2019-08-14 16:34:13,803]: uncharger.aromatic.gap4 : 0.0071
[2019-08-14 16:34:13,803]: postivecharger.alphaticr.gap1 : 0.0071
[2019-08-14 16:34:13,803]: postivecharger.aromatic.gap5 : 0.0070
[2019-08-14 16:34:13,803]: alphaticr.negativecharger.gap5 : 0.0070
[2019-08-14 16:34:13,803]: negativecharger.negativecharger.gap2 : 0.0070
[2019-08-14 16:34:13,803]: negativecharger.postivecharger.gap2 : 0.0069
[2019-08-14 16:34:13,803]: aromatic.postivecharger.gap4 : 0.0069
[2019-08-14 16:34:13,804]: aromatic.alphaticr.gap5 : 0.0069
[2019-08-14 16:34:13,804]: postivecharger.negativecharger.gap0 : 0.0069
[2019-08-14 16:34:13,804]: uncharger.aromatic.gap3 : 0.0068
[2019-08-14 16:34:13,804]: postivecharger.postivecharger.gap5 : 0.0067
[2019-08-14 16:34:13,804]: negativecharger.aromatic.gap3 : 0.0067
[2019-08-14 16:34:13,804]: negativecharger.alphaticr.gap5 : 0.0067
[2019-08-14 16:34:13,804]: negativecharger.postivecharger.gap4 : 0.0067
[2019-08-14 16:34:13,804]: negativecharger.uncharger.gap1 : 0.0067
[2019-08-14 16:34:13,804]: postivecharger.negativecharger.gap1 : 0.0066
[2019-08-14 16:34:13,804]: uncharger.alphaticr.gap3 : 0.0066
[2019-08-14 16:34:13,804]: postivecharger.aromatic.gap1 : 0.0066
[2019-08-14 16:34:13,804]: aromatic.aromatic.gap0 : 0.0066
[2019-08-14 16:34:13,805]: alphaticr.negativecharger.gap0 : 0.0066
[2019-08-14 16:34:13,805]: negativecharger.uncharger.gap5 : 0.0066
[2019-08-14 16:34:13,805]: aromatic.negativecharger.gap2 : 0.0065
[2019-08-14 16:34:13,805]: postivecharger.alphaticr.gap2 : 0.0065
[2019-08-14 16:34:13,805]: aromatic.negativecharger.gap1 : 0.0065
[2019-08-14 16:34:13,805]: aromatic.postivecharger.gap0 : 0.0065
[2019-08-14 16:34:13,805]: negativecharger.aromatic.gap1 : 0.0065
[2019-08-14 16:34:13,805]: alphaticr.uncharger.gap0 : 0.0065
[2019-08-14 16:34:13,805]: alphaticr.uncharger.gap5 : 0.0065
[2019-08-14 16:34:13,805]: postivecharger.negativecharger.gap2 : 0.0065
[2019-08-14 16:34:13,805]: aromatic.aromatic.gap5 : 0.0065
[2019-08-14 16:34:13,805]: postivecharger.postivecharger.gap2 : 0.0065
[2019-08-14 16:34:13,806]: negativecharger.postivecharger.gap1 : 0.0065
[2019-08-14 16:34:13,806]: aromatic.alphaticr.gap1 : 0.0064
[2019-08-14 16:34:13,806]: negativecharger.aromatic.gap5 : 0.0064
[2019-08-14 16:34:13,806]: negativecharger.negativecharger.gap4 : 0.0064
[2019-08-14 16:34:13,806]: alphaticr.negativecharger.gap4 : 0.0064
[2019-08-14 16:34:13,806]: alphaticr.postivecharger.gap5 : 0.0064
[2019-08-14 16:34:13,806]: uncharger.negativecharger.gap4 : 0.0064
[2019-08-14 16:34:13,806]: negativecharger.uncharger.gap4 : 0.0064
[2019-08-14 16:34:13,806]: negativecharger.negativecharger.gap5 : 0.0064
[2019-08-14 16:34:13,807]: postivecharger.negativecharger.gap4 : 0.0064
[2019-08-14 16:34:13,807]: uncharger.negativecharger.gap0 : 0.0064
[2019-08-14 16:34:13,807]: aromatic.postivecharger.gap3 : 0.0064
[2019-08-14 16:34:13,807]: negativecharger.alphaticr.gap1 : 0.0064
[2019-08-14 16:34:13,807]: alphaticr.aromatic.gap5 : 0.0064
[2019-08-14 16:34:13,807]: alphaticr.negativecharger.gap1 : 0.0064
[2019-08-14 16:34:13,807]: aromatic.aromatic.gap4 : 0.0063
[2019-08-14 16:34:13,807]: alphaticr.uncharger.gap2 : 0.0063
[2019-08-14 16:34:13,807]: alphaticr.postivecharger.gap4 : 0.0063
[2019-08-14 16:34:13,807]: negativecharger.postivecharger.gap0 : 0.0063
[2019-08-14 16:34:13,808]: postivecharger.uncharger.gap1 : 0.0063
[2019-08-14 16:34:13,808]: alphaticr.aromatic.gap1 : 0.0063
[2019-08-14 16:34:13,808]: aromatic.aromatic.gap1 : 0.0063
[2019-08-14 16:34:13,808]: uncharger.negativecharger.gap2 : 0.0063
[2019-08-14 16:34:13,808]: postivecharger.aromatic.gap4 : 0.0063
[2019-08-14 16:34:13,808]: uncharger.aromatic.gap2 : 0.0063
[2019-08-14 16:34:13,808]: alphaticr.alphaticr.gap3 : 0.0063
[2019-08-14 16:34:13,808]: postivecharger.alphaticr.gap4 : 0.0063
[2019-08-14 16:34:13,808]: negativecharger.negativecharger.gap1 : 0.0063
[2019-08-14 16:34:13,809]: postivecharger.alphaticr.gap5 : 0.0062
[2019-08-14 16:34:13,809]: alphaticr.alphaticr.gap2 : 0.0062
[2019-08-14 16:34:13,809]: negativecharger.uncharger.gap0 : 0.0062
[2019-08-14 16:34:13,809]: postivecharger.postivecharger.gap0 : 0.0062
[2019-08-14 16:34:13,809]: negativecharger.aromatic.gap4 : 0.0062
[2019-08-14 16:34:13,809]: alphaticr.postivecharger.gap1 : 0.0062
[2019-08-14 16:34:13,809]: postivecharger.aromatic.gap2 : 0.0062
[2019-08-14 16:34:13,809]: aromatic.aromatic.gap2 : 0.0062
[2019-08-14 16:34:13,809]: alphaticr.negativecharger.gap2 : 0.0062
[2019-08-14 16:34:13,809]: negativecharger.postivecharger.gap3 : 0.0062
[2019-08-14 16:34:13,809]: negativecharger.negativecharger.gap0 : 0.0062
[2019-08-14 16:34:13,810]: aromatic.negativecharger.gap3 : 0.0062
[2019-08-14 16:34:13,810]: alphaticr.aromatic.gap3 : 0.0062
[2019-08-14 16:34:13,810]: postivecharger.aromatic.gap0 : 0.0062
[2019-08-14 16:34:13,810]: negativecharger.alphaticr.gap2 : 0.0061
[2019-08-14 16:34:13,810]: alphaticr.aromatic.gap0 : 0.0061
[2019-08-14 16:34:13,810]: negativecharger.aromatic.gap0 : 0.0061
[2019-08-14 16:34:13,810]: negativecharger.postivecharger.gap5 : 0.0061
[2019-08-14 16:34:13,810]: uncharger.uncharger.gap0 : 0.0061
[2019-08-14 16:34:13,810]: aromatic.postivecharger.gap1 : 0.0061
[2019-08-14 16:34:13,810]: aromatic.uncharger.gap3 : 0.0061
[2019-08-14 16:34:13,810]: negativecharger.uncharger.gap3 : 0.0061
[2019-08-14 16:34:13,810]: aromatic.negativecharger.gap4 : 0.0061
[2019-08-14 16:34:13,811]: uncharger.negativecharger.gap3 : 0.0061
[2019-08-14 16:34:13,811]: uncharger.uncharger.gap1 : 0.0060
[2019-08-14 16:34:13,811]: negativecharger.negativecharger.gap3 : 0.0060
[2019-08-14 16:34:13,811]: alphaticr.aromatic.gap4 : 0.0059
[2019-08-14 16:34:13,811]: aromatic.postivecharger.gap2 : 0.0059
[2019-08-14 16:34:13,811]: uncharger.uncharger.gap4 : 0.0059
[2019-08-14 16:34:13,811]: uncharger.alphaticr.gap4 : 0.0058
[2019-08-14 16:34:13,811]: alphaticr.postivecharger.gap0 : 0.0057
[2019-08-14 16:34:13,811]: uncharger.postivecharger.gap3 : 0.0056
[2019-08-14 16:34:13,811]: postivecharger.postivecharger.gap3 : 0.0056
[2019-08-14 16:34:13,812]: alphaticr.uncharger.gap3 : 0.0055
[2019-08-14 16:34:13,812]: alphaticr.uncharger.gap4 : 0.0055
[2019-08-14 16:34:13,812]: aromatic.alphaticr.gap0 : 0.0055
[2019-08-14 16:34:13,812]: alphaticr.uncharger.gap1 : 0.0055
[2019-08-14 16:34:13,812]: aromatic.alphaticr.gap2 : 0.0055
[2019-08-14 16:34:13,812]: postivecharger.negativecharger.gap3 : 0.0054
[2019-08-14 16:34:13,812]: uncharger.uncharger.gap5 : 0.0051
[2019-08-14 16:34:13,812]: aromatic.aromatic.gap3 : 0.0051
[2019-08-14 16:34:13,812]: aromatic.alphaticr.gap3 : 0.0051
[2019-08-14 16:34:13,812]: feature_rank end
[2019-08-14 16:34:13,840]: Start dimension reduction ...
[2019-08-14 16:34:15,739]: length=1 f1=0.3850 accuarcy=0.5455  precision=0.2975 recall=0.5455 roc=0.5000 
[2019-08-14 16:34:17,612]: length=2 f1=0.4253 accuarcy=0.4545  precision=0.4242 recall=0.4545 roc=0.4333 
[2019-08-14 16:34:19,599]: length=3 f1=0.5580 accuarcy=0.5909  precision=0.5936 recall=0.5909 roc=0.5667 
[2019-08-14 16:34:21,691]: length=4 f1=0.6798 accuarcy=0.6818  precision=0.6807 recall=0.6818 roc=0.6750 
[2019-08-14 16:34:23,480]: length=5 f1=0.6714 accuarcy=0.6818  precision=0.6883 recall=0.6818 roc=0.6667 
[2019-08-14 16:34:25,296]: length=6 f1=0.7653 accuarcy=0.7727  precision=0.7896 recall=0.7727 roc=0.7583 
[2019-08-14 16:34:27,112]: length=7 f1=0.7653 accuarcy=0.7727  precision=0.7896 recall=0.7727 roc=0.7583 
[2019-08-14 16:34:28,954]: length=8 f1=0.6714 accuarcy=0.6818  precision=0.6883 recall=0.6818 roc=0.6667 
[2019-08-14 16:34:31,015]: length=9 f1=0.7653 accuarcy=0.7727  precision=0.7896 recall=0.7727 roc=0.7583 
[2019-08-14 16:34:32,955]: length=10 f1=0.7273 accuarcy=0.7273  precision=0.7273 recall=0.7273 roc=0.7250 
[2019-08-14 16:34:34,826]: length=11 f1=0.7226 accuarcy=0.7273  precision=0.7305 recall=0.7273 roc=0.7167 
[2019-08-14 16:34:36,712]: length=12 f1=0.7713 accuarcy=0.7727  precision=0.7731 recall=0.7727 roc=0.7667 
[2019-08-14 16:34:38,691]: length=13 f1=0.7732 accuarcy=0.7727  precision=0.7769 recall=0.7727 roc=0.7750 
[2019-08-14 16:34:40,610]: length=14 f1=0.7226 accuarcy=0.7273  precision=0.7305 recall=0.7273 roc=0.7167 
[2019-08-14 16:34:42,412]: length=15 f1=0.7226 accuarcy=0.7273  precision=0.7305 recall=0.7273 roc=0.7167 
[2019-08-14 16:34:44,250]: length=16 f1=0.6562 accuarcy=0.6818  precision=0.7166 recall=0.6818 roc=0.6583 
[2019-08-14 16:34:46,050]: length=17 f1=0.6714 accuarcy=0.6818  precision=0.6883 recall=0.6818 roc=0.6667 
[2019-08-14 16:34:47,886]: length=18 f1=0.7127 accuarcy=0.7273  precision=0.7538 recall=0.7273 roc=0.7083 
[2019-08-14 16:34:49,755]: length=19 f1=0.7127 accuarcy=0.7273  precision=0.7538 recall=0.7273 roc=0.7083 
[2019-08-14 16:34:51,792]: length=20 f1=0.7127 accuarcy=0.7273  precision=0.7538 recall=0.7273 roc=0.7083 
[2019-08-14 16:34:53,920]: length=21 f1=0.6714 accuarcy=0.6818  precision=0.6883 recall=0.6818 roc=0.6667 
[2019-08-14 16:34:56,100]: length=22 f1=0.7653 accuarcy=0.7727  precision=0.7896 recall=0.7727 roc=0.7583 
[2019-08-14 16:34:58,340]: length=23 f1=0.7226 accuarcy=0.7273  precision=0.7305 recall=0.7273 roc=0.7167 
[2019-08-14 16:35:00,307]: length=24 f1=0.7226 accuarcy=0.7273  precision=0.7305 recall=0.7273 roc=0.7167 
[2019-08-14 16:35:02,386]: length=25 f1=0.7127 accuarcy=0.7273  precision=0.7538 recall=0.7273 roc=0.7083 
[2019-08-14 16:35:04,594]: length=26 f1=0.6169 accuarcy=0.6364  precision=0.6439 recall=0.6364 roc=0.6167 
[2019-08-14 16:35:06,626]: length=27 f1=0.7127 accuarcy=0.7273  precision=0.7538 recall=0.7273 roc=0.7083 
[2019-08-14 16:35:08,573]: length=28 f1=0.7653 accuarcy=0.7727  precision=0.7896 recall=0.7727 roc=0.7583 
[2019-08-14 16:35:10,519]: length=29 f1=0.7127 accuarcy=0.7273  precision=0.7538 recall=0.7273 roc=0.7083 
[2019-08-14 16:35:12,550]: length=30 f1=0.7653 accuarcy=0.7727  precision=0.7896 recall=0.7727 roc=0.7583 
[2019-08-14 16:35:14,600]: length=31 f1=0.6169 accuarcy=0.6364  precision=0.6439 recall=0.6364 roc=0.6167 
[2019-08-14 16:35:16,807]: length=32 f1=0.7127 accuarcy=0.7273  precision=0.7538 recall=0.7273 roc=0.7083 
[2019-08-14 16:35:19,038]: length=33 f1=0.8628 accuarcy=0.8636  precision=0.8656 recall=0.8636 roc=0.8583 
[2019-08-14 16:35:21,402]: length=34 f1=0.7713 accuarcy=0.7727  precision=0.7731 recall=0.7727 roc=0.7667 
[2019-08-14 16:35:23,385]: length=35 f1=0.8151 accuarcy=0.8182  precision=0.8263 recall=0.8182 roc=0.8083 
[2019-08-14 16:35:25,996]: length=36 f1=0.7713 accuarcy=0.7727  precision=0.7731 recall=0.7727 roc=0.7667 
[2019-08-14 16:35:28,215]: length=37 f1=0.7713 accuarcy=0.7727  precision=0.7731 recall=0.7727 roc=0.7667 
[2019-08-14 16:35:30,306]: length=38 f1=0.8151 accuarcy=0.8182  precision=0.8263 recall=0.8182 roc=0.8083 
[2019-08-14 16:35:32,313]: length=39 f1=0.8592 accuarcy=0.8636  precision=0.8909 recall=0.8636 roc=0.8500 
[2019-08-14 16:35:34,286]: length=40 f1=0.8628 accuarcy=0.8636  precision=0.8656 recall=0.8636 roc=0.8583 
[2019-08-14 16:35:36,292]: length=41 f1=0.7653 accuarcy=0.7727  precision=0.7896 recall=0.7727 roc=0.7583 
[2019-08-14 16:35:38,355]: length=42 f1=0.8592 accuarcy=0.8636  precision=0.8909 recall=0.8636 roc=0.8500 
[2019-08-14 16:35:40,438]: length=43 f1=0.7226 accuarcy=0.7273  precision=0.7305 recall=0.7273 roc=0.7167 
[2019-08-14 16:35:42,436]: length=44 f1=0.7226 accuarcy=0.7273  precision=0.7305 recall=0.7273 roc=0.7167 
[2019-08-14 16:35:44,586]: length=45 f1=0.7713 accuarcy=0.7727  precision=0.7731 recall=0.7727 roc=0.7667 
[2019-08-14 16:35:46,702]: length=46 f1=0.7127 accuarcy=0.7273  precision=0.7538 recall=0.7273 roc=0.7083 
[2019-08-14 16:35:48,713]: length=47 f1=0.7226 accuarcy=0.7273  precision=0.7305 recall=0.7273 roc=0.7167 
[2019-08-14 16:35:50,779]: length=48 f1=0.7653 accuarcy=0.7727  precision=0.7896 recall=0.7727 roc=0.7583 
[2019-08-14 16:35:53,037]: length=49 f1=0.7653 accuarcy=0.7727  precision=0.7896 recall=0.7727 roc=0.7583 
[2019-08-14 16:35:55,123]: length=50 f1=0.7127 accuarcy=0.7273  precision=0.7538 recall=0.7273 roc=0.7083 
[2019-08-14 16:35:57,398]: length=51 f1=0.7653 accuarcy=0.7727  precision=0.7896 recall=0.7727 roc=0.7583 
[2019-08-14 16:35:59,654]: length=52 f1=0.8182 accuarcy=0.8182  precision=0.8182 recall=0.8182 roc=0.8167 
[2019-08-14 16:36:01,744]: length=53 f1=0.6798 accuarcy=0.6818  precision=0.6807 recall=0.6818 roc=0.6750 
[2019-08-14 16:36:04,008]: length=54 f1=0.7226 accuarcy=0.7273  precision=0.7305 recall=0.7273 roc=0.7167 
[2019-08-14 16:36:06,146]: length=55 f1=0.7713 accuarcy=0.7727  precision=0.7731 recall=0.7727 roc=0.7667 
[2019-08-14 16:36:08,326]: length=56 f1=0.7544 accuarcy=0.7727  precision=0.8396 recall=0.7727 roc=0.7500 
[2019-08-14 16:36:10,551]: length=57 f1=0.6798 accuarcy=0.6818  precision=0.6807 recall=0.6818 roc=0.6750 
[2019-08-14 16:36:12,680]: length=58 f1=0.8151 accuarcy=0.8182  precision=0.8263 recall=0.8182 roc=0.8083 
[2019-08-14 16:36:14,789]: length=59 f1=0.8592 accuarcy=0.8636  precision=0.8909 recall=0.8636 roc=0.8500 
[2019-08-14 16:36:16,961]: length=60 f1=0.6714 accuarcy=0.6818  precision=0.6883 recall=0.6818 roc=0.6667 
[2019-08-14 16:36:19,126]: length=61 f1=0.7713 accuarcy=0.7727  precision=0.7731 recall=0.7727 roc=0.7667 
[2019-08-14 16:36:21,308]: length=62 f1=0.7653 accuarcy=0.7727  precision=0.7896 recall=0.7727 roc=0.7583 
[2019-08-14 16:36:23,510]: length=63 f1=0.7713 accuarcy=0.7727  precision=0.7731 recall=0.7727 roc=0.7667 
[2019-08-14 16:36:25,761]: length=64 f1=0.8151 accuarcy=0.8182  precision=0.8263 recall=0.8182 roc=0.8083 
[2019-08-14 16:36:27,901]: length=65 f1=0.9075 accuarcy=0.9091  precision=0.9221 recall=0.9091 roc=0.9000 
[2019-08-14 16:36:29,998]: length=66 f1=0.8084 accuarcy=0.8182  precision=0.8636 recall=0.8182 roc=0.8000 
[2019-08-14 16:36:32,198]: length=67 f1=0.7713 accuarcy=0.7727  precision=0.7731 recall=0.7727 roc=0.7667 
[2019-08-14 16:36:34,325]: length=68 f1=0.8592 accuarcy=0.8636  precision=0.8909 recall=0.8636 roc=0.8500 
[2019-08-14 16:36:36,496]: length=69 f1=0.8151 accuarcy=0.8182  precision=0.8263 recall=0.8182 roc=0.8083 
[2019-08-14 16:36:38,653]: length=70 f1=0.8151 accuarcy=0.8182  precision=0.8263 recall=0.8182 roc=0.8083 
[2019-08-14 16:36:40,887]: length=71 f1=0.8592 accuarcy=0.8636  precision=0.8909 recall=0.8636 roc=0.8500 
[2019-08-14 16:36:43,052]: length=72 f1=0.7544 accuarcy=0.7727  precision=0.8396 recall=0.7727 roc=0.7500 
[2019-08-14 16:36:45,194]: length=73 f1=0.7544 accuarcy=0.7727  precision=0.8396 recall=0.7727 roc=0.7500 
[2019-08-14 16:36:47,367]: length=74 f1=0.7226 accuarcy=0.7273  precision=0.7305 recall=0.7273 roc=0.7167 
[2019-08-14 16:36:49,557]: length=75 f1=0.8592 accuarcy=0.8636  precision=0.8909 recall=0.8636 roc=0.8500 
[2019-08-14 16:36:51,736]: length=76 f1=0.7653 accuarcy=0.7727  precision=0.7896 recall=0.7727 roc=0.7583 
[2019-08-14 16:36:53,954]: length=77 f1=0.8151 accuarcy=0.8182  precision=0.8263 recall=0.8182 roc=0.8083 
[2019-08-14 16:36:56,118]: length=78 f1=0.8592 accuarcy=0.8636  precision=0.8909 recall=0.8636 roc=0.8500 
[2019-08-14 16:36:58,257]: length=79 f1=0.7713 accuarcy=0.7727  precision=0.7731 recall=0.7727 roc=0.7667 
[2019-08-14 16:37:00,406]: length=80 f1=0.8592 accuarcy=0.8636  precision=0.8909 recall=0.8636 roc=0.8500 
[2019-08-14 16:37:02,571]: length=81 f1=0.8151 accuarcy=0.8182  precision=0.8263 recall=0.8182 roc=0.8083 
[2019-08-14 16:37:04,757]: length=82 f1=0.7127 accuarcy=0.7273  precision=0.7538 recall=0.7273 roc=0.7083 
[2019-08-14 16:37:06,872]: length=83 f1=0.7544 accuarcy=0.7727  precision=0.8396 recall=0.7727 roc=0.7500 
[2019-08-14 16:37:09,001]: length=84 f1=0.8084 accuarcy=0.8182  precision=0.8636 recall=0.8182 roc=0.8000 
[2019-08-14 16:37:11,124]: length=85 f1=0.6798 accuarcy=0.6818  precision=0.6807 recall=0.6818 roc=0.6750 
[2019-08-14 16:37:13,356]: length=86 f1=0.7653 accuarcy=0.7727  precision=0.7896 recall=0.7727 roc=0.7583 
[2019-08-14 16:37:15,526]: length=87 f1=0.8151 accuarcy=0.8182  precision=0.8263 recall=0.8182 roc=0.8083 
[2019-08-14 16:37:17,775]: length=88 f1=0.7653 accuarcy=0.7727  precision=0.7896 recall=0.7727 roc=0.7583 
[2019-08-14 16:37:19,991]: length=89 f1=0.6562 accuarcy=0.6818  precision=0.7166 recall=0.6818 roc=0.6583 
[2019-08-14 16:37:22,255]: length=90 f1=0.6562 accuarcy=0.6818  precision=0.7166 recall=0.6818 roc=0.6583 
[2019-08-14 16:37:24,385]: length=91 f1=0.8182 accuarcy=0.8182  precision=0.8182 recall=0.8182 roc=0.8167 
[2019-08-14 16:37:26,588]: length=92 f1=0.8182 accuarcy=0.8182  precision=0.8182 recall=0.8182 roc=0.8167 
[2019-08-14 16:37:28,785]: length=93 f1=0.7653 accuarcy=0.7727  precision=0.7896 recall=0.7727 roc=0.7583 
[2019-08-14 16:37:31,135]: length=94 f1=0.7713 accuarcy=0.7727  precision=0.7731 recall=0.7727 roc=0.7667 
[2019-08-14 16:37:33,371]: length=95 f1=0.8182 accuarcy=0.8182  precision=0.8182 recall=0.8182 roc=0.8167 
[2019-08-14 16:37:35,590]: length=96 f1=0.8628 accuarcy=0.8636  precision=0.8656 recall=0.8636 roc=0.8583 
[2019-08-14 16:37:37,965]: length=97 f1=0.7127 accuarcy=0.7273  precision=0.7538 recall=0.7273 roc=0.7083 
[2019-08-14 16:37:40,327]: length=98 f1=0.7226 accuarcy=0.7273  precision=0.7305 recall=0.7273 roc=0.7167 
[2019-08-14 16:37:42,570]: length=99 f1=0.8151 accuarcy=0.8182  precision=0.8263 recall=0.8182 roc=0.8083 
[2019-08-14 16:37:44,743]: length=100 f1=0.7127 accuarcy=0.7273  precision=0.7538 recall=0.7273 roc=0.7083 
[2019-08-14 16:37:47,181]: length=101 f1=0.7713 accuarcy=0.7727  precision=0.7731 recall=0.7727 roc=0.7667 
[2019-08-14 16:37:49,619]: length=102 f1=0.8182 accuarcy=0.8182  precision=0.8182 recall=0.8182 roc=0.8167 
[2019-08-14 16:37:51,897]: length=103 f1=0.9075 accuarcy=0.9091  precision=0.9221 recall=0.9091 roc=0.9000 
[2019-08-14 16:37:54,084]: length=104 f1=0.8628 accuarcy=0.8636  precision=0.8656 recall=0.8636 roc=0.8583 
[2019-08-14 16:37:56,352]: length=105 f1=0.9075 accuarcy=0.9091  precision=0.9221 recall=0.9091 roc=0.9000 
[2019-08-14 16:37:58,583]: length=106 f1=0.8628 accuarcy=0.8636  precision=0.8656 recall=0.8636 roc=0.8583 
[2019-08-14 16:38:00,961]: length=107 f1=0.8151 accuarcy=0.8182  precision=0.8263 recall=0.8182 roc=0.8083 
[2019-08-14 16:38:03,176]: length=108 f1=0.8628 accuarcy=0.8636  precision=0.8656 recall=0.8636 roc=0.8583 
[2019-08-14 16:38:05,486]: length=109 f1=0.8151 accuarcy=0.8182  precision=0.8263 recall=0.8182 roc=0.8083 
[2019-08-14 16:38:07,905]: length=110 f1=0.8151 accuarcy=0.8182  precision=0.8263 recall=0.8182 roc=0.8083 
[2019-08-14 16:38:10,144]: length=111 f1=0.8084 accuarcy=0.8182  precision=0.8636 recall=0.8182 roc=0.8000 
[2019-08-14 16:38:12,452]: length=112 f1=0.6169 accuarcy=0.6364  precision=0.6439 recall=0.6364 roc=0.6167 
[2019-08-14 16:38:14,682]: length=113 f1=0.8592 accuarcy=0.8636  precision=0.8909 recall=0.8636 roc=0.8500 
[2019-08-14 16:38:17,075]: length=114 f1=0.7653 accuarcy=0.7727  precision=0.7896 recall=0.7727 roc=0.7583 
[2019-08-14 16:38:19,306]: length=115 f1=0.7226 accuarcy=0.7273  precision=0.7305 recall=0.7273 roc=0.7167 
[2019-08-14 16:38:21,604]: length=116 f1=0.8628 accuarcy=0.8636  precision=0.8656 recall=0.8636 roc=0.8583 
[2019-08-14 16:38:23,961]: length=117 f1=0.8151 accuarcy=0.8182  precision=0.8263 recall=0.8182 roc=0.8083 
[2019-08-14 16:38:26,309]: length=118 f1=0.7713 accuarcy=0.7727  precision=0.7731 recall=0.7727 roc=0.7667 
[2019-08-14 16:38:28,615]: length=119 f1=0.7273 accuarcy=0.7273  precision=0.7273 recall=0.7273 roc=0.7250 
[2019-08-14 16:38:30,927]: length=120 f1=0.7713 accuarcy=0.7727  precision=0.7731 recall=0.7727 roc=0.7667 
[2019-08-14 16:38:33,265]: length=121 f1=0.8628 accuarcy=0.8636  precision=0.8656 recall=0.8636 roc=0.8583 
[2019-08-14 16:38:35,600]: length=122 f1=0.9075 accuarcy=0.9091  precision=0.9221 recall=0.9091 roc=0.9000 
[2019-08-14 16:38:37,828]: length=123 f1=0.7713 accuarcy=0.7727  precision=0.7731 recall=0.7727 roc=0.7667 
[2019-08-14 16:38:40,092]: length=124 f1=0.9075 accuarcy=0.9091  precision=0.9221 recall=0.9091 roc=0.9000 
[2019-08-14 16:38:42,317]: length=125 f1=0.8592 accuarcy=0.8636  precision=0.8909 recall=0.8636 roc=0.8500 
[2019-08-14 16:38:44,550]: length=126 f1=0.8151 accuarcy=0.8182  precision=0.8263 recall=0.8182 roc=0.8083 
[2019-08-14 16:38:46,770]: length=127 f1=0.8084 accuarcy=0.8182  precision=0.8636 recall=0.8182 roc=0.8000 
[2019-08-14 16:38:48,999]: length=128 f1=0.8592 accuarcy=0.8636  precision=0.8909 recall=0.8636 roc=0.8500 
[2019-08-14 16:38:51,267]: length=129 f1=0.9075 accuarcy=0.9091  precision=0.9221 recall=0.9091 roc=0.9000 
[2019-08-14 16:38:53,501]: length=130 f1=0.8151 accuarcy=0.8182  precision=0.8263 recall=0.8182 roc=0.8083 
[2019-08-14 16:38:55,770]: length=131 f1=0.8628 accuarcy=0.8636  precision=0.8656 recall=0.8636 roc=0.8583 
[2019-08-14 16:38:58,023]: length=132 f1=0.7713 accuarcy=0.7727  precision=0.7731 recall=0.7727 roc=0.7667 
[2019-08-14 16:39:00,324]: length=133 f1=0.8592 accuarcy=0.8636  precision=0.8909 recall=0.8636 roc=0.8500 
[2019-08-14 16:39:02,636]: length=134 f1=0.8151 accuarcy=0.8182  precision=0.8263 recall=0.8182 roc=0.8083 
[2019-08-14 16:39:04,914]: length=135 f1=0.7713 accuarcy=0.7727  precision=0.7731 recall=0.7727 roc=0.7667 
[2019-08-14 16:39:07,157]: length=136 f1=0.7653 accuarcy=0.7727  precision=0.7896 recall=0.7727 roc=0.7583 
[2019-08-14 16:39:09,451]: length=137 f1=0.7226 accuarcy=0.7273  precision=0.7305 recall=0.7273 roc=0.7167 
[2019-08-14 16:39:11,749]: length=138 f1=0.8628 accuarcy=0.8636  precision=0.8951 recall=0.8636 roc=0.8750 
[2019-08-14 16:39:14,046]: length=139 f1=0.7226 accuarcy=0.7273  precision=0.7305 recall=0.7273 roc=0.7167 
[2019-08-14 16:39:16,362]: length=140 f1=0.8182 accuarcy=0.8182  precision=0.8182 recall=0.8182 roc=0.8167 
[2019-08-14 16:39:18,670]: length=141 f1=0.8151 accuarcy=0.8182  precision=0.8263 recall=0.8182 roc=0.8083 
[2019-08-14 16:39:20,945]: length=142 f1=0.7713 accuarcy=0.7727  precision=0.7731 recall=0.7727 roc=0.7667 
[2019-08-14 16:39:23,258]: length=143 f1=0.7713 accuarcy=0.7727  precision=0.7731 recall=0.7727 roc=0.7667 
[2019-08-14 16:39:25,586]: length=144 f1=0.8182 accuarcy=0.8182  precision=0.8182 recall=0.8182 roc=0.8167 
[2019-08-14 16:39:27,871]: length=145 f1=0.8628 accuarcy=0.8636  precision=0.8656 recall=0.8636 roc=0.8583 
[2019-08-14 16:39:30,189]: length=146 f1=0.8151 accuarcy=0.8182  precision=0.8263 recall=0.8182 roc=0.8083 
[2019-08-14 16:39:32,474]: length=147 f1=0.8182 accuarcy=0.8182  precision=0.8182 recall=0.8182 roc=0.8167 
[2019-08-14 16:39:34,776]: length=148 f1=0.7713 accuarcy=0.7727  precision=0.7731 recall=0.7727 roc=0.7667 
[2019-08-14 16:39:37,092]: length=149 f1=0.7653 accuarcy=0.7727  precision=0.7896 recall=0.7727 roc=0.7583 
[2019-08-14 16:39:39,411]: length=150 f1=0.6798 accuarcy=0.6818  precision=0.6807 recall=0.6818 roc=0.6750 
[2019-08-14 16:39:39,412]: ----------
[2019-08-14 16:39:39,412]: the max acc = 0.6798
[2019-08-14 16:39:39,413]: ['aromatic.uncharger.gap5' 'aromatic.uncharger.gap0'
 'uncharger.postivecharger.gap0' 'uncharger.aromatic.gap5'
 'uncharger.aromatic.gap1' 'alphaticr.alphaticr.gap5'
 'uncharger.uncharger.gap3' 'aromatic.uncharger.gap4'
 'alphaticr.alphaticr.gap0' 'postivecharger.negativecharger.gap5'
 'aromatic.negativecharger.gap0' 'aromatic.postivecharger.gap5'
 'alphaticr.postivecharger.gap3' 'aromatic.uncharger.gap2'
 'postivecharger.postivecharger.gap4' 'postivecharger.uncharger.gap5'
 'uncharger.postivecharger.gap2' 'postivecharger.uncharger.gap3'
 'alphaticr.aromatic.gap2' 'uncharger.postivecharger.gap1'
 'alphaticr.postivecharger.gap2' 'uncharger.negativecharger.gap1'
 'aromatic.alphaticr.gap4' 'postivecharger.alphaticr.gap3'
 'uncharger.alphaticr.gap5' 'postivecharger.uncharger.gap0'
 'negativecharger.alphaticr.gap4' 'postivecharger.aromatic.gap3'
 'postivecharger.postivecharger.gap1' 'negativecharger.uncharger.gap2'
 'alphaticr.alphaticr.gap4' 'postivecharger.alphaticr.gap0'
 'uncharger.alphaticr.gap0' 'uncharger.aromatic.gap0'
 'negativecharger.alphaticr.gap3' 'uncharger.uncharger.gap2'
 'alphaticr.alphaticr.gap1' 'uncharger.alphaticr.gap2'
 'alphaticr.negativecharger.gap3' 'uncharger.alphaticr.gap1'
 'postivecharger.uncharger.gap2' 'negativecharger.alphaticr.gap0'
 'postivecharger.uncharger.gap4' 'aromatic.negativecharger.gap5'
 'uncharger.postivecharger.gap4' 'uncharger.postivecharger.gap5'
 'negativecharger.aromatic.gap2' 'aromatic.uncharger.gap1'
 'uncharger.negativecharger.gap5' 'uncharger.aromatic.gap4'
 'postivecharger.alphaticr.gap1' 'postivecharger.aromatic.gap5'
 'alphaticr.negativecharger.gap5' 'negativecharger.negativecharger.gap2'
 'negativecharger.postivecharger.gap2' 'aromatic.postivecharger.gap4'
 'aromatic.alphaticr.gap5' 'postivecharger.negativecharger.gap0'
 'uncharger.aromatic.gap3' 'postivecharger.postivecharger.gap5'
 'negativecharger.aromatic.gap3' 'negativecharger.alphaticr.gap5'
 'negativecharger.postivecharger.gap4' 'negativecharger.uncharger.gap1'
 'postivecharger.negativecharger.gap1'],length = 65
[2019-08-14 16:39:39,413]: -----------
[2019-08-14 16:39:39,413]: ***confusion matrix***
[2019-08-14 16:39:39,413]:                pos_class      neg_class      
[2019-08-14 16:39:39,413]: pos_class      TP:9              FN:3              
[2019-08-14 16:39:39,413]: neg_class      FP:4              TN:6              
[2019-08-14 16:39:39,414]: f1 =0.9075369075369075 
[2019-08-14 16:39:39,414]: accuarcy = 0.9090909090909091 
[2019-08-14 16:39:39,415]: precision =0.922077922077922 
[2019-08-14 16:39:39,415]: recall =0.9090909090909091
[2019-08-14 16:39:39,416]: roc area = 0.9
[2019-08-14 16:39:39,430]: -----------
[2019-08-14 16:39:39,431]: The output by the terminal's log has been saved in the J:\多设备共享\work\MRMD2.0-github\Logs\201908141633.log.
[2019-08-14 16:39:39,431]: metrics have been saved in the J:\多设备共享\work\MRMD2.0-github\Results\rd.csv.
[2019-08-14 16:39:39,431]: reduced dimensional dataset has been saved in the J:\多设备共享\work\MRMD2.0-github\Results\m.csv.
[2019-08-14 16:39:39,431]: ---mrmd 2.0 end---
