[2019-08-14 20:15:51,363]: ---mrmd 2.0 start----
[2019-08-14 20:15:51,463]: ANOVA start...
[2019-08-14 20:15:51,480]: ANOVA end.
[2019-08-14 20:15:51,480]: mic start...
[2019-08-14 20:15:56,631]: mic end.
[2019-08-14 20:15:56,632]: mrmd start...
[2019-08-14 20:15:56,818]: mrmd end.
[2019-08-14 20:15:56,818]: mRMR start...
[2019-08-14 20:16:03,896]: mRMR end.
[2019-08-14 20:16:03,897]: lasso start...
[2019-08-14 20:16:03,922]: lasso end.
[2019-08-14 20:16:03,922]: lasso2 start...
[2019-08-14 20:16:04,536]: lasso2 end.
[2019-08-14 20:16:04,539]: rank start ...
[2019-08-14 20:16:04,548]: The final  rank is
[2019-08-14 20:16:04,549]: aromatic.uncharger.gap5 : 0.0080
[2019-08-14 20:16:04,549]: aromatic.uncharger.gap0 : 0.0078
[2019-08-14 20:16:04,549]: uncharger.postivecharger.gap0 : 0.0077
[2019-08-14 20:16:04,549]: uncharger.aromatic.gap5 : 0.0077
[2019-08-14 20:16:04,549]: uncharger.aromatic.gap1 : 0.0077
[2019-08-14 20:16:04,549]: alphaticr.alphaticr.gap5 : 0.0077
[2019-08-14 20:16:04,549]: uncharger.uncharger.gap3 : 0.0077
[2019-08-14 20:16:04,549]: aromatic.uncharger.gap4 : 0.0077
[2019-08-14 20:16:04,549]: alphaticr.alphaticr.gap0 : 0.0077
[2019-08-14 20:16:04,549]: postivecharger.negativecharger.gap5 : 0.0076
[2019-08-14 20:16:04,549]: aromatic.negativecharger.gap0 : 0.0076
[2019-08-14 20:16:04,549]: aromatic.postivecharger.gap5 : 0.0076
[2019-08-14 20:16:04,549]: alphaticr.postivecharger.gap3 : 0.0076
[2019-08-14 20:16:04,549]: aromatic.uncharger.gap2 : 0.0076
[2019-08-14 20:16:04,549]: postivecharger.postivecharger.gap4 : 0.0076
[2019-08-14 20:16:04,550]: postivecharger.uncharger.gap5 : 0.0076
[2019-08-14 20:16:04,550]: uncharger.postivecharger.gap2 : 0.0076
[2019-08-14 20:16:04,550]: postivecharger.uncharger.gap3 : 0.0075
[2019-08-14 20:16:04,550]: alphaticr.aromatic.gap2 : 0.0075
[2019-08-14 20:16:04,550]: uncharger.postivecharger.gap1 : 0.0075
[2019-08-14 20:16:04,550]: alphaticr.postivecharger.gap2 : 0.0075
[2019-08-14 20:16:04,550]: uncharger.negativecharger.gap1 : 0.0075
[2019-08-14 20:16:04,550]: aromatic.alphaticr.gap4 : 0.0075
[2019-08-14 20:16:04,550]: postivecharger.alphaticr.gap3 : 0.0074
[2019-08-14 20:16:04,550]: uncharger.alphaticr.gap5 : 0.0074
[2019-08-14 20:16:04,550]: postivecharger.uncharger.gap0 : 0.0074
[2019-08-14 20:16:04,550]: negativecharger.alphaticr.gap4 : 0.0074
[2019-08-14 20:16:04,550]: postivecharger.aromatic.gap3 : 0.0074
[2019-08-14 20:16:04,551]: postivecharger.postivecharger.gap1 : 0.0074
[2019-08-14 20:16:04,551]: negativecharger.uncharger.gap2 : 0.0074
[2019-08-14 20:16:04,551]: alphaticr.alphaticr.gap4 : 0.0074
[2019-08-14 20:16:04,551]: postivecharger.alphaticr.gap0 : 0.0074
[2019-08-14 20:16:04,551]: uncharger.alphaticr.gap0 : 0.0074
[2019-08-14 20:16:04,551]: uncharger.aromatic.gap0 : 0.0073
[2019-08-14 20:16:04,551]: negativecharger.alphaticr.gap3 : 0.0073
[2019-08-14 20:16:04,551]: uncharger.uncharger.gap2 : 0.0073
[2019-08-14 20:16:04,551]: alphaticr.alphaticr.gap1 : 0.0073
[2019-08-14 20:16:04,551]: uncharger.alphaticr.gap2 : 0.0073
[2019-08-14 20:16:04,551]: alphaticr.negativecharger.gap3 : 0.0073
[2019-08-14 20:16:04,551]: uncharger.alphaticr.gap1 : 0.0073
[2019-08-14 20:16:04,551]: postivecharger.uncharger.gap2 : 0.0073
[2019-08-14 20:16:04,551]: negativecharger.alphaticr.gap0 : 0.0073
[2019-08-14 20:16:04,551]: postivecharger.uncharger.gap4 : 0.0073
[2019-08-14 20:16:04,552]: aromatic.negativecharger.gap5 : 0.0073
[2019-08-14 20:16:04,552]: uncharger.postivecharger.gap4 : 0.0073
[2019-08-14 20:16:04,552]: uncharger.postivecharger.gap5 : 0.0072
[2019-08-14 20:16:04,552]: negativecharger.aromatic.gap2 : 0.0072
[2019-08-14 20:16:04,552]: aromatic.uncharger.gap1 : 0.0072
[2019-08-14 20:16:04,552]: uncharger.negativecharger.gap5 : 0.0072
[2019-08-14 20:16:04,552]: uncharger.aromatic.gap4 : 0.0071
[2019-08-14 20:16:04,552]: postivecharger.alphaticr.gap1 : 0.0071
[2019-08-14 20:16:04,552]: postivecharger.aromatic.gap5 : 0.0070
[2019-08-14 20:16:04,552]: alphaticr.negativecharger.gap5 : 0.0070
[2019-08-14 20:16:04,552]: negativecharger.negativecharger.gap2 : 0.0070
[2019-08-14 20:16:04,552]: negativecharger.postivecharger.gap2 : 0.0069
[2019-08-14 20:16:04,553]: aromatic.postivecharger.gap4 : 0.0069
[2019-08-14 20:16:04,553]: aromatic.alphaticr.gap5 : 0.0069
[2019-08-14 20:16:04,553]: postivecharger.negativecharger.gap0 : 0.0069
[2019-08-14 20:16:04,553]: uncharger.aromatic.gap3 : 0.0068
[2019-08-14 20:16:04,553]: postivecharger.postivecharger.gap5 : 0.0067
[2019-08-14 20:16:04,553]: negativecharger.aromatic.gap3 : 0.0067
[2019-08-14 20:16:04,553]: negativecharger.alphaticr.gap5 : 0.0067
[2019-08-14 20:16:04,553]: negativecharger.postivecharger.gap4 : 0.0067
[2019-08-14 20:16:04,553]: negativecharger.uncharger.gap1 : 0.0067
[2019-08-14 20:16:04,553]: postivecharger.negativecharger.gap1 : 0.0066
[2019-08-14 20:16:04,553]: uncharger.alphaticr.gap3 : 0.0066
[2019-08-14 20:16:04,553]: postivecharger.aromatic.gap1 : 0.0066
[2019-08-14 20:16:04,553]: aromatic.aromatic.gap0 : 0.0066
[2019-08-14 20:16:04,553]: alphaticr.negativecharger.gap0 : 0.0066
[2019-08-14 20:16:04,554]: negativecharger.uncharger.gap5 : 0.0066
[2019-08-14 20:16:04,554]: aromatic.negativecharger.gap2 : 0.0065
[2019-08-14 20:16:04,554]: postivecharger.alphaticr.gap2 : 0.0065
[2019-08-14 20:16:04,554]: aromatic.negativecharger.gap1 : 0.0065
[2019-08-14 20:16:04,554]: aromatic.postivecharger.gap0 : 0.0065
[2019-08-14 20:16:04,554]: negativecharger.aromatic.gap1 : 0.0065
[2019-08-14 20:16:04,554]: alphaticr.uncharger.gap0 : 0.0065
[2019-08-14 20:16:04,554]: alphaticr.uncharger.gap5 : 0.0065
[2019-08-14 20:16:04,554]: postivecharger.negativecharger.gap2 : 0.0065
[2019-08-14 20:16:04,554]: aromatic.aromatic.gap5 : 0.0065
[2019-08-14 20:16:04,554]: postivecharger.postivecharger.gap2 : 0.0065
[2019-08-14 20:16:04,554]: negativecharger.postivecharger.gap1 : 0.0065
[2019-08-14 20:16:04,554]: aromatic.alphaticr.gap1 : 0.0064
[2019-08-14 20:16:04,554]: negativecharger.aromatic.gap5 : 0.0064
[2019-08-14 20:16:04,554]: negativecharger.negativecharger.gap4 : 0.0064
[2019-08-14 20:16:04,555]: alphaticr.negativecharger.gap4 : 0.0064
[2019-08-14 20:16:04,555]: alphaticr.postivecharger.gap5 : 0.0064
[2019-08-14 20:16:04,555]: uncharger.negativecharger.gap4 : 0.0064
[2019-08-14 20:16:04,555]: negativecharger.uncharger.gap4 : 0.0064
[2019-08-14 20:16:04,555]: negativecharger.negativecharger.gap5 : 0.0064
[2019-08-14 20:16:04,555]: postivecharger.negativecharger.gap4 : 0.0064
[2019-08-14 20:16:04,555]: uncharger.negativecharger.gap0 : 0.0064
[2019-08-14 20:16:04,555]: aromatic.postivecharger.gap3 : 0.0064
[2019-08-14 20:16:04,555]: negativecharger.alphaticr.gap1 : 0.0064
[2019-08-14 20:16:04,555]: alphaticr.aromatic.gap5 : 0.0064
[2019-08-14 20:16:04,555]: alphaticr.negativecharger.gap1 : 0.0064
[2019-08-14 20:16:04,555]: aromatic.aromatic.gap4 : 0.0063
[2019-08-14 20:16:04,556]: alphaticr.uncharger.gap2 : 0.0063
[2019-08-14 20:16:04,556]: alphaticr.postivecharger.gap4 : 0.0063
[2019-08-14 20:16:04,556]: negativecharger.postivecharger.gap0 : 0.0063
[2019-08-14 20:16:04,556]: postivecharger.uncharger.gap1 : 0.0063
[2019-08-14 20:16:04,556]: alphaticr.aromatic.gap1 : 0.0063
[2019-08-14 20:16:04,556]: aromatic.aromatic.gap1 : 0.0063
[2019-08-14 20:16:04,556]: uncharger.negativecharger.gap2 : 0.0063
[2019-08-14 20:16:04,556]: postivecharger.aromatic.gap4 : 0.0063
[2019-08-14 20:16:04,556]: uncharger.aromatic.gap2 : 0.0063
[2019-08-14 20:16:04,556]: alphaticr.alphaticr.gap3 : 0.0063
[2019-08-14 20:16:04,556]: postivecharger.alphaticr.gap4 : 0.0063
[2019-08-14 20:16:04,556]: negativecharger.negativecharger.gap1 : 0.0063
[2019-08-14 20:16:04,556]: postivecharger.alphaticr.gap5 : 0.0062
[2019-08-14 20:16:04,556]: alphaticr.alphaticr.gap2 : 0.0062
[2019-08-14 20:16:04,556]: negativecharger.uncharger.gap0 : 0.0062
[2019-08-14 20:16:04,557]: postivecharger.postivecharger.gap0 : 0.0062
[2019-08-14 20:16:04,557]: negativecharger.aromatic.gap4 : 0.0062
[2019-08-14 20:16:04,557]: alphaticr.postivecharger.gap1 : 0.0062
[2019-08-14 20:16:04,557]: postivecharger.aromatic.gap2 : 0.0062
[2019-08-14 20:16:04,557]: aromatic.aromatic.gap2 : 0.0062
[2019-08-14 20:16:04,557]: alphaticr.negativecharger.gap2 : 0.0062
[2019-08-14 20:16:04,557]: negativecharger.postivecharger.gap3 : 0.0062
[2019-08-14 20:16:04,557]: negativecharger.negativecharger.gap0 : 0.0062
[2019-08-14 20:16:04,557]: aromatic.negativecharger.gap3 : 0.0062
[2019-08-14 20:16:04,557]: alphaticr.aromatic.gap3 : 0.0062
[2019-08-14 20:16:04,557]: postivecharger.aromatic.gap0 : 0.0062
[2019-08-14 20:16:04,557]: negativecharger.alphaticr.gap2 : 0.0061
[2019-08-14 20:16:04,558]: alphaticr.aromatic.gap0 : 0.0061
[2019-08-14 20:16:04,558]: negativecharger.aromatic.gap0 : 0.0061
[2019-08-14 20:16:04,558]: negativecharger.postivecharger.gap5 : 0.0061
[2019-08-14 20:16:04,558]: uncharger.uncharger.gap0 : 0.0061
[2019-08-14 20:16:04,558]: aromatic.postivecharger.gap1 : 0.0061
[2019-08-14 20:16:04,558]: aromatic.uncharger.gap3 : 0.0061
[2019-08-14 20:16:04,558]: negativecharger.uncharger.gap3 : 0.0061
[2019-08-14 20:16:04,558]: aromatic.negativecharger.gap4 : 0.0061
[2019-08-14 20:16:04,558]: uncharger.negativecharger.gap3 : 0.0061
[2019-08-14 20:16:04,558]: uncharger.uncharger.gap1 : 0.0060
[2019-08-14 20:16:04,558]: negativecharger.negativecharger.gap3 : 0.0060
[2019-08-14 20:16:04,558]: alphaticr.aromatic.gap4 : 0.0059
[2019-08-14 20:16:04,558]: aromatic.postivecharger.gap2 : 0.0059
[2019-08-14 20:16:04,558]: uncharger.uncharger.gap4 : 0.0059
[2019-08-14 20:16:04,558]: uncharger.alphaticr.gap4 : 0.0058
[2019-08-14 20:16:04,559]: alphaticr.postivecharger.gap0 : 0.0057
[2019-08-14 20:16:04,559]: uncharger.postivecharger.gap3 : 0.0056
[2019-08-14 20:16:04,559]: postivecharger.postivecharger.gap3 : 0.0056
[2019-08-14 20:16:04,559]: alphaticr.uncharger.gap3 : 0.0055
[2019-08-14 20:16:04,559]: alphaticr.uncharger.gap4 : 0.0055
[2019-08-14 20:16:04,559]: aromatic.alphaticr.gap0 : 0.0055
[2019-08-14 20:16:04,559]: alphaticr.uncharger.gap1 : 0.0055
[2019-08-14 20:16:04,559]: aromatic.alphaticr.gap2 : 0.0055
[2019-08-14 20:16:04,559]: postivecharger.negativecharger.gap3 : 0.0054
[2019-08-14 20:16:04,559]: uncharger.uncharger.gap5 : 0.0051
[2019-08-14 20:16:04,559]: aromatic.aromatic.gap3 : 0.0051
[2019-08-14 20:16:04,559]: aromatic.alphaticr.gap3 : 0.0051
[2019-08-14 20:16:04,559]: feature_rank end
[2019-08-14 20:16:04,585]: Start dimension reduction ...
[2019-08-14 20:16:12,770]: length=1 accuarcy=0.4991 f1=0.5003 precision=0.5007 recall=0.5000 roc=0.4980 
[2019-08-14 20:16:21,166]: length=21 accuarcy=0.7217 f1=0.7262 precision=0.7270 recall=0.7273 roc=0.7232 
[2019-08-14 20:16:29,405]: length=41 accuarcy=0.7571 f1=0.7632 precision=0.7634 recall=0.7636 roc=0.7611 
[2019-08-14 20:16:37,959]: length=61 accuarcy=0.7764 f1=0.7818 precision=0.7818 recall=0.7818 roc=0.7807 
[2019-08-14 20:16:46,235]: length=81 accuarcy=0.7764 f1=0.7809 precision=0.7822 recall=0.7818 roc=0.7780 
[2019-08-14 20:16:54,544]: length=101 accuarcy=0.7664 f1=0.7721 precision=0.7726 recall=0.7727 roc=0.7695 
[2019-08-14 20:17:02,947]: length=121 accuarcy=0.7300 f1=0.7356 precision=0.7360 recall=0.7364 roc=0.7330 
[2019-08-14 20:17:11,105]: length=141 accuarcy=0.7564 f1=0.7627 precision=0.7638 recall=0.7636 roc=0.7597 
[2019-08-14 20:17:20,252]: length=150 accuarcy=0.7655 f1=0.7715 precision=0.7735 recall=0.7727 roc=0.7682 
[2019-08-14 20:17:20,253]: ----------
[2019-08-14 20:17:20,253]: the max acc = 0.7764
[2019-08-14 20:17:20,253]: ['aromatic.uncharger.gap5' 'aromatic.uncharger.gap0'
 'uncharger.postivecharger.gap0' 'uncharger.aromatic.gap5'
 'uncharger.aromatic.gap1' 'alphaticr.alphaticr.gap5'
 'uncharger.uncharger.gap3' 'aromatic.uncharger.gap4'
 'alphaticr.alphaticr.gap0' 'postivecharger.negativecharger.gap5'
 'aromatic.negativecharger.gap0' 'aromatic.postivecharger.gap5'
 'alphaticr.postivecharger.gap3' 'aromatic.uncharger.gap2'
 'postivecharger.postivecharger.gap4' 'postivecharger.uncharger.gap5'
 'uncharger.postivecharger.gap2' 'postivecharger.uncharger.gap3'
 'alphaticr.aromatic.gap2' 'uncharger.postivecharger.gap1'
 'alphaticr.postivecharger.gap2' 'uncharger.negativecharger.gap1'
 'aromatic.alphaticr.gap4' 'postivecharger.alphaticr.gap3'
 'uncharger.alphaticr.gap5' 'postivecharger.uncharger.gap0'
 'negativecharger.alphaticr.gap4' 'postivecharger.aromatic.gap3'
 'postivecharger.postivecharger.gap1' 'negativecharger.uncharger.gap2'
 'alphaticr.alphaticr.gap4' 'postivecharger.alphaticr.gap0'
 'uncharger.alphaticr.gap0' 'uncharger.aromatic.gap0'
 'negativecharger.alphaticr.gap3' 'uncharger.uncharger.gap2'
 'alphaticr.alphaticr.gap1' 'uncharger.alphaticr.gap2'
 'alphaticr.negativecharger.gap3' 'uncharger.alphaticr.gap1'
 'postivecharger.uncharger.gap2' 'negativecharger.alphaticr.gap0'
 'postivecharger.uncharger.gap4' 'aromatic.negativecharger.gap5'
 'uncharger.postivecharger.gap4' 'uncharger.postivecharger.gap5'
 'negativecharger.aromatic.gap2' 'aromatic.uncharger.gap1'
 'uncharger.negativecharger.gap5' 'uncharger.aromatic.gap4'
 'postivecharger.alphaticr.gap1' 'postivecharger.aromatic.gap5'
 'alphaticr.negativecharger.gap5' 'negativecharger.negativecharger.gap2'
 'negativecharger.postivecharger.gap2' 'aromatic.postivecharger.gap4'
 'aromatic.alphaticr.gap5' 'postivecharger.negativecharger.gap0'
 'uncharger.aromatic.gap3' 'postivecharger.postivecharger.gap5'
 'negativecharger.aromatic.gap3'],length = 61
[2019-08-14 20:17:20,254]: -----------
[2019-08-14 20:17:24,336]: ***confusion matrix***
[2019-08-14 20:17:24,336]:                pos_class      neg_class      
[2019-08-14 20:17:24,337]: pos_class      TP:47             FN:12             
[2019-08-14 20:17:24,337]: neg_class      FP:12             TN:39             
[2019-08-14 20:17:24,337]: accuarcy = 0.7818181818181819 
[2019-08-14 20:17:24,338]: precision =0.7818181818181819 
[2019-08-14 20:17:24,338]: recall =0.7818181818181819
[2019-08-14 20:17:24,339]: f1 =0.7818181818181819 
[2019-08-14 20:17:24,339]: roc area = 0.7806580259222333
[2019-08-14 20:17:24,354]: -----------
[2019-08-14 20:17:24,354]: The output by the terminal's log has been saved in the J:\多设备共享\work\MRMD2.0-github\Logs\201908142015.log.
[2019-08-14 20:17:24,354]: metrics have been saved in the J:\多设备共享\work\MRMD2.0-github\Results\rd.arff.
[2019-08-14 20:17:24,354]: reduced dimensional dataset has been saved in the J:\多设备共享\work\MRMD2.0-github\Results\metrics.csv.
[2019-08-14 20:17:24,354]: ---mrmd 2.0 end---
