[2019-08-25 23:04:45,418]: ---mrmd 2.0 start----
[2019-08-25 23:04:45,494]: ANOVA start...
[2019-08-25 23:04:45,512]: ANOVA end.
[2019-08-25 23:04:45,512]: mic start...
[2019-08-25 23:04:55,210]: mic end.
[2019-08-25 23:04:55,211]: mrmd start...
[2019-08-25 23:04:55,462]: mrmd end.
[2019-08-25 23:04:55,463]: mRMR start...
[2019-08-25 23:04:58,295]: mRMR end.
[2019-08-25 23:04:58,296]: lasso start...
[2019-08-25 23:04:58,332]: lasso end.
[2019-08-25 23:04:58,332]: chi2 start...
[2019-08-25 23:04:58,361]: chi2 end.
[2019-08-25 23:04:58,361]: ref start...
[2019-08-25 23:04:59,194]: ref end.
[2019-08-25 23:04:59,198]: rank start ...
[2019-08-25 23:04:59,208]: The final  rank is
[2019-08-25 23:04:59,208]: negativecharger.aromatic.gap2 : 0.0078
[2019-08-25 23:04:59,208]: aromatic.postivecharger.gap5 : 0.0078
[2019-08-25 23:04:59,208]: postivecharger.negativecharger.gap5 : 0.0078
[2019-08-25 23:04:59,209]: aromatic.uncharger.gap5 : 0.0078
[2019-08-25 23:04:59,209]: uncharger.aromatic.gap1 : 0.0078
[2019-08-25 23:04:59,209]: aromatic.uncharger.gap1 : 0.0078
[2019-08-25 23:04:59,209]: negativecharger.alphaticr.gap4 : 0.0078
[2019-08-25 23:04:59,209]: alphaticr.alphaticr.gap5 : 0.0077
[2019-08-25 23:04:59,209]: uncharger.uncharger.gap2 : 0.0076
[2019-08-25 23:04:59,209]: alphaticr.postivecharger.gap3 : 0.0076
[2019-08-25 23:04:59,209]: uncharger.postivecharger.gap1 : 0.0076
[2019-08-25 23:04:59,209]: uncharger.alphaticr.gap0 : 0.0076
[2019-08-25 23:04:59,209]: negativecharger.alphaticr.gap3 : 0.0076
[2019-08-25 23:04:59,209]: alphaticr.alphaticr.gap0 : 0.0075
[2019-08-25 23:04:59,210]: postivecharger.uncharger.gap3 : 0.0075
[2019-08-25 23:04:59,210]: alphaticr.aromatic.gap2 : 0.0075
[2019-08-25 23:04:59,210]: postivecharger.aromatic.gap3 : 0.0075
[2019-08-25 23:04:59,210]: uncharger.alphaticr.gap5 : 0.0075
[2019-08-25 23:04:59,210]: uncharger.aromatic.gap0 : 0.0074
[2019-08-25 23:04:59,210]: postivecharger.postivecharger.gap1 : 0.0074
[2019-08-25 23:04:59,210]: alphaticr.negativecharger.gap3 : 0.0074
[2019-08-25 23:04:59,210]: uncharger.uncharger.gap3 : 0.0074
[2019-08-25 23:04:59,210]: aromatic.negativecharger.gap5 : 0.0074
[2019-08-25 23:04:59,211]: aromatic.uncharger.gap4 : 0.0073
[2019-08-25 23:04:59,211]: uncharger.negativecharger.gap1 : 0.0073
[2019-08-25 23:04:59,211]: alphaticr.alphaticr.gap4 : 0.0073
[2019-08-25 23:04:59,211]: aromatic.alphaticr.gap4 : 0.0073
[2019-08-25 23:04:59,211]: aromatic.negativecharger.gap0 : 0.0073
[2019-08-25 23:04:59,211]: postivecharger.alphaticr.gap1 : 0.0073
[2019-08-25 23:04:59,211]: postivecharger.uncharger.gap0 : 0.0073
[2019-08-25 23:04:59,211]: alphaticr.alphaticr.gap1 : 0.0073
[2019-08-25 23:04:59,211]: uncharger.postivecharger.gap0 : 0.0073
[2019-08-25 23:04:59,211]: postivecharger.uncharger.gap2 : 0.0073
[2019-08-25 23:04:59,211]: alphaticr.aromatic.gap0 : 0.0073
[2019-08-25 23:04:59,211]: uncharger.alphaticr.gap1 : 0.0072
[2019-08-25 23:04:59,212]: postivecharger.alphaticr.gap0 : 0.0072
[2019-08-25 23:04:59,212]: postivecharger.uncharger.gap4 : 0.0072
[2019-08-25 23:04:59,212]: uncharger.postivecharger.gap2 : 0.0072
[2019-08-25 23:04:59,212]: uncharger.aromatic.gap5 : 0.0072
[2019-08-25 23:04:59,212]: uncharger.aromatic.gap3 : 0.0072
[2019-08-25 23:04:59,212]: uncharger.postivecharger.gap4 : 0.0072
[2019-08-25 23:04:59,212]: negativecharger.alphaticr.gap0 : 0.0071
[2019-08-25 23:04:59,212]: aromatic.uncharger.gap0 : 0.0071
[2019-08-25 23:04:59,212]: postivecharger.postivecharger.gap4 : 0.0071
[2019-08-25 23:04:59,212]: negativecharger.uncharger.gap2 : 0.0071
[2019-08-25 23:04:59,213]: uncharger.alphaticr.gap2 : 0.0071
[2019-08-25 23:04:59,213]: alphaticr.negativecharger.gap5 : 0.0070
[2019-08-25 23:04:59,213]: aromatic.postivecharger.gap4 : 0.0070
[2019-08-25 23:04:59,213]: negativecharger.aromatic.gap3 : 0.0070
[2019-08-25 23:04:59,213]: uncharger.postivecharger.gap5 : 0.0069
[2019-08-25 23:04:59,213]: aromatic.negativecharger.gap1 : 0.0069
[2019-08-25 23:04:59,213]: postivecharger.uncharger.gap5 : 0.0068
[2019-08-25 23:04:59,213]: negativecharger.postivecharger.gap1 : 0.0068
[2019-08-25 23:04:59,213]: aromatic.uncharger.gap2 : 0.0068
[2019-08-25 23:04:59,213]: alphaticr.negativecharger.gap0 : 0.0068
[2019-08-25 23:04:59,214]: postivecharger.alphaticr.gap5 : 0.0068
[2019-08-25 23:04:59,214]: negativecharger.alphaticr.gap1 : 0.0068
[2019-08-25 23:04:59,214]: negativecharger.uncharger.gap1 : 0.0068
[2019-08-25 23:04:59,214]: alphaticr.aromatic.gap1 : 0.0068
[2019-08-25 23:04:59,214]: aromatic.aromatic.gap4 : 0.0068
[2019-08-25 23:04:59,214]: aromatic.aromatic.gap0 : 0.0068
[2019-08-25 23:04:59,214]: negativecharger.alphaticr.gap5 : 0.0067
[2019-08-25 23:04:59,214]: negativecharger.postivecharger.gap2 : 0.0067
[2019-08-25 23:04:59,214]: uncharger.aromatic.gap4 : 0.0066
[2019-08-25 23:04:59,214]: aromatic.aromatic.gap1 : 0.0066
[2019-08-25 23:04:59,214]: aromatic.alphaticr.gap1 : 0.0066
[2019-08-25 23:04:59,215]: alphaticr.alphaticr.gap2 : 0.0066
[2019-08-25 23:04:59,215]: alphaticr.uncharger.gap4 : 0.0066
[2019-08-25 23:04:59,215]: negativecharger.uncharger.gap5 : 0.0066
[2019-08-25 23:04:59,215]: postivecharger.aromatic.gap4 : 0.0066
[2019-08-25 23:04:59,215]: postivecharger.negativecharger.gap0 : 0.0066
[2019-08-25 23:04:59,215]: uncharger.negativecharger.gap5 : 0.0066
[2019-08-25 23:04:59,215]: negativecharger.aromatic.gap5 : 0.0066
[2019-08-25 23:04:59,215]: postivecharger.aromatic.gap2 : 0.0065
[2019-08-25 23:04:59,215]: alphaticr.postivecharger.gap2 : 0.0065
[2019-08-25 23:04:59,215]: aromatic.aromatic.gap5 : 0.0065
[2019-08-25 23:04:59,216]: aromatic.negativecharger.gap3 : 0.0065
[2019-08-25 23:04:59,216]: aromatic.postivecharger.gap0 : 0.0065
[2019-08-25 23:04:59,216]: alphaticr.negativecharger.gap1 : 0.0065
[2019-08-25 23:04:59,216]: alphaticr.uncharger.gap5 : 0.0065
[2019-08-25 23:04:59,216]: negativecharger.negativecharger.gap2 : 0.0065
[2019-08-25 23:04:59,216]: postivecharger.postivecharger.gap0 : 0.0065
[2019-08-25 23:04:59,216]: uncharger.alphaticr.gap3 : 0.0065
[2019-08-25 23:04:59,216]: alphaticr.aromatic.gap5 : 0.0065
[2019-08-25 23:04:59,216]: alphaticr.uncharger.gap3 : 0.0065
[2019-08-25 23:04:59,216]: uncharger.aromatic.gap2 : 0.0065
[2019-08-25 23:04:59,216]: negativecharger.postivecharger.gap0 : 0.0065
[2019-08-25 23:04:59,216]: negativecharger.aromatic.gap0 : 0.0065
[2019-08-25 23:04:59,217]: negativecharger.alphaticr.gap2 : 0.0065
[2019-08-25 23:04:59,217]: aromatic.postivecharger.gap3 : 0.0065
[2019-08-25 23:04:59,217]: postivecharger.negativecharger.gap4 : 0.0065
[2019-08-25 23:04:59,217]: aromatic.negativecharger.gap4 : 0.0064
[2019-08-25 23:04:59,217]: uncharger.alphaticr.gap4 : 0.0064
[2019-08-25 23:04:59,217]: uncharger.negativecharger.gap4 : 0.0064
[2019-08-25 23:04:59,217]: negativecharger.negativecharger.gap1 : 0.0064
[2019-08-25 23:04:59,217]: aromatic.aromatic.gap3 : 0.0064
[2019-08-25 23:04:59,217]: postivecharger.postivecharger.gap2 : 0.0064
[2019-08-25 23:04:59,217]: postivecharger.aromatic.gap1 : 0.0064
[2019-08-25 23:04:59,218]: negativecharger.uncharger.gap0 : 0.0064
[2019-08-25 23:04:59,218]: postivecharger.alphaticr.gap2 : 0.0064
[2019-08-25 23:04:59,218]: alphaticr.aromatic.gap3 : 0.0064
[2019-08-25 23:04:59,218]: postivecharger.alphaticr.gap3 : 0.0064
[2019-08-25 23:04:59,218]: alphaticr.uncharger.gap0 : 0.0064
[2019-08-25 23:04:59,218]: negativecharger.aromatic.gap1 : 0.0064
[2019-08-25 23:04:59,218]: alphaticr.postivecharger.gap1 : 0.0064
[2019-08-25 23:04:59,218]: alphaticr.postivecharger.gap4 : 0.0064
[2019-08-25 23:04:59,218]: uncharger.uncharger.gap4 : 0.0064
[2019-08-25 23:04:59,218]: postivecharger.uncharger.gap1 : 0.0064
[2019-08-25 23:04:59,218]: negativecharger.postivecharger.gap4 : 0.0064
[2019-08-25 23:04:59,219]: postivecharger.postivecharger.gap5 : 0.0064
[2019-08-25 23:04:59,219]: alphaticr.alphaticr.gap3 : 0.0064
[2019-08-25 23:04:59,219]: postivecharger.negativecharger.gap1 : 0.0064
[2019-08-25 23:04:59,219]: negativecharger.negativecharger.gap4 : 0.0063
[2019-08-25 23:04:59,219]: aromatic.uncharger.gap3 : 0.0063
[2019-08-25 23:04:59,219]: alphaticr.negativecharger.gap4 : 0.0063
[2019-08-25 23:04:59,219]: postivecharger.negativecharger.gap2 : 0.0063
[2019-08-25 23:04:59,219]: postivecharger.aromatic.gap0 : 0.0063
[2019-08-25 23:04:59,219]: uncharger.negativecharger.gap3 : 0.0063
[2019-08-25 23:04:59,219]: uncharger.negativecharger.gap2 : 0.0063
[2019-08-25 23:04:59,220]: negativecharger.negativecharger.gap0 : 0.0063
[2019-08-25 23:04:59,220]: uncharger.negativecharger.gap0 : 0.0063
[2019-08-25 23:04:59,220]: alphaticr.aromatic.gap4 : 0.0063
[2019-08-25 23:04:59,220]: aromatic.postivecharger.gap2 : 0.0063
[2019-08-25 23:04:59,220]: negativecharger.postivecharger.gap3 : 0.0063
[2019-08-25 23:04:59,220]: postivecharger.alphaticr.gap4 : 0.0063
[2019-08-25 23:04:59,220]: postivecharger.aromatic.gap5 : 0.0063
[2019-08-25 23:04:59,220]: aromatic.aromatic.gap2 : 0.0063
[2019-08-25 23:04:59,220]: aromatic.negativecharger.gap2 : 0.0062
[2019-08-25 23:04:59,220]: alphaticr.negativecharger.gap2 : 0.0062
[2019-08-25 23:04:59,220]: negativecharger.uncharger.gap4 : 0.0062
[2019-08-25 23:04:59,220]: alphaticr.uncharger.gap2 : 0.0062
[2019-08-25 23:04:59,221]: negativecharger.uncharger.gap3 : 0.0062
[2019-08-25 23:04:59,221]: uncharger.uncharger.gap0 : 0.0061
[2019-08-25 23:04:59,221]: negativecharger.aromatic.gap4 : 0.0060
[2019-08-25 23:04:59,221]: uncharger.postivecharger.gap3 : 0.0060
[2019-08-25 23:04:59,221]: uncharger.uncharger.gap1 : 0.0059
[2019-08-25 23:04:59,221]: alphaticr.postivecharger.gap5 : 0.0059
[2019-08-25 23:04:59,221]: aromatic.alphaticr.gap2 : 0.0058
[2019-08-25 23:04:59,221]: aromatic.alphaticr.gap5 : 0.0058
[2019-08-25 23:04:59,221]: alphaticr.uncharger.gap1 : 0.0058
[2019-08-25 23:04:59,221]: postivecharger.negativecharger.gap3 : 0.0056
[2019-08-25 23:04:59,222]: negativecharger.negativecharger.gap5 : 0.0056
[2019-08-25 23:04:59,222]: alphaticr.postivecharger.gap0 : 0.0056
[2019-08-25 23:04:59,222]: negativecharger.postivecharger.gap5 : 0.0054
[2019-08-25 23:04:59,222]: aromatic.postivecharger.gap1 : 0.0054
[2019-08-25 23:04:59,222]: postivecharger.postivecharger.gap3 : 0.0054
[2019-08-25 23:04:59,222]: negativecharger.negativecharger.gap3 : 0.0053
[2019-08-25 23:04:59,222]: uncharger.uncharger.gap5 : 0.0048
[2019-08-25 23:04:59,223]: aromatic.alphaticr.gap0 : 0.0048
[2019-08-25 23:04:59,223]: aromatic.alphaticr.gap3 : 0.0046
[2019-08-25 23:04:59,223]: feature_rank end
[2019-08-25 23:04:59,275]: Start dimension reduction ...
[2019-08-25 23:05:06,845]: length=1 f1=0.5279 accuarcy=0.5273 precision=0.5299 recall=0.5273 auc=0.5274 
[2019-08-25 23:05:14,533]: length=2 f1=0.5730 accuarcy=0.5727 precision=0.5733 recall=0.5727 auc=0.5711 
[2019-08-25 23:05:22,205]: length=3 f1=0.5619 accuarcy=0.5636 precision=0.5616 recall=0.5636 auc=0.5587 
[2019-08-25 23:05:30,171]: length=4 f1=0.4996 accuarcy=0.5000 precision=0.4993 recall=0.5000 auc=0.4967 
[2019-08-25 23:05:37,841]: length=5 f1=0.5629 accuarcy=0.5636 precision=0.5626 recall=0.5636 auc=0.5600 
[2019-08-25 23:05:45,538]: length=6 f1=0.6040 accuarcy=0.6091 precision=0.6073 recall=0.6091 auc=0.6010 
[2019-08-25 23:05:54,350]: length=7 f1=0.6324 accuarcy=0.6364 precision=0.6354 recall=0.6364 auc=0.6291 
[2019-08-25 23:06:01,880]: length=8 f1=0.6175 accuarcy=0.6182 precision=0.6173 recall=0.6182 auc=0.6148 
[2019-08-25 23:06:09,751]: length=9 f1=0.6409 accuarcy=0.6455 precision=0.6451 recall=0.6455 auc=0.6376 
[2019-08-25 23:06:17,206]: length=10 f1=0.6790 accuarcy=0.6818 precision=0.6818 recall=0.6818 auc=0.6755 
[2019-08-25 23:06:25,064]: length=11 f1=0.6638 accuarcy=0.6636 precision=0.6641 recall=0.6636 auc=0.6625 
[2019-08-25 23:06:32,700]: length=12 f1=0.6992 accuarcy=0.7000 precision=0.6994 recall=0.7000 auc=0.6964 
[2019-08-25 23:06:40,135]: length=13 f1=0.6704 accuarcy=0.6727 precision=0.6722 recall=0.6727 auc=0.6670 
[2019-08-25 23:06:47,896]: length=14 f1=0.6790 accuarcy=0.6818 precision=0.6818 recall=0.6818 auc=0.6755 
[2019-08-25 23:06:56,189]: length=15 f1=0.7253 accuarcy=0.7273 precision=0.7278 recall=0.7273 auc=0.7218 
[2019-08-25 23:07:03,688]: length=16 f1=0.7253 accuarcy=0.7273 precision=0.7278 recall=0.7273 auc=0.7218 
[2019-08-25 23:07:11,100]: length=17 f1=0.7166 accuarcy=0.7182 precision=0.7181 recall=0.7182 auc=0.7134 
[2019-08-25 23:07:18,308]: length=18 f1=0.6984 accuarcy=0.7000 precision=0.6997 recall=0.7000 auc=0.6951 
[2019-08-25 23:07:26,264]: length=19 f1=0.7253 accuarcy=0.7273 precision=0.7278 recall=0.7273 auc=0.7218 
[2019-08-25 23:07:33,537]: length=20 f1=0.6984 accuarcy=0.7000 precision=0.6997 recall=0.7000 auc=0.6951 
[2019-08-25 23:07:40,912]: length=21 f1=0.7524 accuarcy=0.7545 precision=0.7565 recall=0.7545 auc=0.7486 
[2019-08-25 23:07:48,215]: length=22 f1=0.7524 accuarcy=0.7545 precision=0.7565 recall=0.7545 auc=0.7486 
[2019-08-25 23:07:55,328]: length=23 f1=0.7444 accuarcy=0.7455 precision=0.7454 recall=0.7455 auc=0.7414 
[2019-08-25 23:08:03,155]: length=24 f1=0.6992 accuarcy=0.7000 precision=0.6994 recall=0.7000 auc=0.6964 
[2019-08-25 23:08:10,365]: length=25 f1=0.7174 accuarcy=0.7182 precision=0.7177 recall=0.7182 auc=0.7147 
[2019-08-25 23:08:17,922]: length=26 f1=0.7079 accuarcy=0.7091 precision=0.7086 recall=0.7091 auc=0.7049 
[2019-08-25 23:08:25,579]: length=27 f1=0.7340 accuarcy=0.7364 precision=0.7378 recall=0.7364 auc=0.7303 
[2019-08-25 23:08:33,317]: length=28 f1=0.7539 accuarcy=0.7545 precision=0.7543 recall=0.7545 auc=0.7512 
[2019-08-25 23:08:40,782]: length=29 f1=0.7079 accuarcy=0.7091 precision=0.7086 recall=0.7091 auc=0.7049 
[2019-08-25 23:08:48,735]: length=30 f1=0.7544 accuarcy=0.7545 precision=0.7543 recall=0.7545 auc=0.7526 
[2019-08-25 23:08:55,917]: length=31 f1=0.7356 accuarcy=0.7364 precision=0.7360 recall=0.7364 auc=0.7330 
[2019-08-25 23:09:03,447]: length=32 f1=0.7253 accuarcy=0.7273 precision=0.7278 recall=0.7273 auc=0.7218 
[2019-08-25 23:09:10,916]: length=33 f1=0.7180 accuarcy=0.7182 precision=0.7179 recall=0.7182 auc=0.7160 
[2019-08-25 23:09:17,994]: length=34 f1=0.7262 accuarcy=0.7273 precision=0.7270 recall=0.7273 auc=0.7232 
[2019-08-25 23:09:25,282]: length=35 f1=0.7340 accuarcy=0.7364 precision=0.7378 recall=0.7364 auc=0.7303 
[2019-08-25 23:09:32,540]: length=36 f1=0.7458 accuarcy=0.7455 precision=0.7481 recall=0.7455 auc=0.7468 
[2019-08-25 23:09:40,038]: length=37 f1=0.7437 accuarcy=0.7455 precision=0.7464 recall=0.7455 auc=0.7401 
[2019-08-25 23:09:47,563]: length=38 f1=0.7729 accuarcy=0.7727 precision=0.7731 recall=0.7727 auc=0.7722 
[2019-08-25 23:09:55,045]: length=39 f1=0.7632 accuarcy=0.7636 precision=0.7634 recall=0.7636 auc=0.7611 
[2019-08-25 23:10:02,810]: length=40 f1=0.7437 accuarcy=0.7455 precision=0.7464 recall=0.7455 auc=0.7401 
[2019-08-25 23:10:10,008]: length=41 f1=0.7818 accuarcy=0.7818 precision=0.7818 recall=0.7818 auc=0.7807 
[2019-08-25 23:10:17,968]: length=42 f1=0.7627 accuarcy=0.7636 precision=0.7638 recall=0.7636 auc=0.7597 
[2019-08-25 23:10:25,282]: length=43 f1=0.7721 accuarcy=0.7727 precision=0.7726 recall=0.7727 auc=0.7695 
[2019-08-25 23:10:32,737]: length=44 f1=0.7721 accuarcy=0.7727 precision=0.7726 recall=0.7727 auc=0.7695 
[2019-08-25 23:10:40,210]: length=45 f1=0.7898 accuarcy=0.7909 precision=0.7920 recall=0.7909 auc=0.7865 
[2019-08-25 23:10:47,661]: length=46 f1=0.7818 accuarcy=0.7818 precision=0.7818 recall=0.7818 auc=0.7807 
[2019-08-25 23:10:54,847]: length=47 f1=0.7721 accuarcy=0.7727 precision=0.7726 recall=0.7727 auc=0.7695 
[2019-08-25 23:11:02,763]: length=48 f1=0.7620 accuarcy=0.7636 precision=0.7649 recall=0.7636 auc=0.7584 
[2019-08-25 23:11:11,639]: length=49 f1=0.7715 accuarcy=0.7727 precision=0.7735 recall=0.7727 auc=0.7682 
[2019-08-25 23:11:19,195]: length=50 f1=0.7721 accuarcy=0.7727 precision=0.7726 recall=0.7727 auc=0.7695 
[2019-08-25 23:11:26,677]: length=51 f1=0.7627 accuarcy=0.7636 precision=0.7638 recall=0.7636 auc=0.7597 
[2019-08-25 23:11:33,999]: length=52 f1=0.7715 accuarcy=0.7727 precision=0.7735 recall=0.7727 auc=0.7682 
[2019-08-25 23:11:41,300]: length=53 f1=0.7721 accuarcy=0.7727 precision=0.7726 recall=0.7727 auc=0.7695 
[2019-08-25 23:11:48,926]: length=54 f1=0.7544 accuarcy=0.7545 precision=0.7543 recall=0.7545 auc=0.7526 
[2019-08-25 23:11:56,211]: length=55 f1=0.7803 accuarcy=0.7818 precision=0.7835 recall=0.7818 auc=0.7767 
[2019-08-25 23:12:03,995]: length=56 f1=0.7450 accuarcy=0.7455 precision=0.7451 recall=0.7455 auc=0.7428 
[2019-08-25 23:12:11,332]: length=57 f1=0.7532 accuarcy=0.7545 precision=0.7550 recall=0.7545 auc=0.7499 
[2019-08-25 23:12:18,481]: length=58 f1=0.7262 accuarcy=0.7273 precision=0.7270 recall=0.7273 auc=0.7232 
[2019-08-25 23:12:26,026]: length=59 f1=0.7620 accuarcy=0.7636 precision=0.7649 recall=0.7636 auc=0.7584 
[2019-08-25 23:12:33,424]: length=60 f1=0.7632 accuarcy=0.7636 precision=0.7634 recall=0.7636 auc=0.7611 
[2019-08-25 23:12:40,519]: length=61 f1=0.7721 accuarcy=0.7727 precision=0.7726 recall=0.7727 auc=0.7695 
[2019-08-25 23:12:47,968]: length=62 f1=0.7803 accuarcy=0.7818 precision=0.7835 recall=0.7818 auc=0.7767 
[2019-08-25 23:12:55,172]: length=63 f1=0.7898 accuarcy=0.7909 precision=0.7920 recall=0.7909 auc=0.7865 
[2019-08-25 23:13:02,750]: length=64 f1=0.7627 accuarcy=0.7636 precision=0.7638 recall=0.7636 auc=0.7597 
[2019-08-25 23:13:10,215]: length=65 f1=0.7627 accuarcy=0.7636 precision=0.7638 recall=0.7636 auc=0.7597 
[2019-08-25 23:13:17,696]: length=66 f1=0.7707 accuarcy=0.7727 precision=0.7751 recall=0.7727 auc=0.7669 
[2019-08-25 23:13:25,613]: length=67 f1=0.7809 accuarcy=0.7818 precision=0.7822 recall=0.7818 auc=0.7780 
[2019-08-25 23:13:32,970]: length=68 f1=0.7620 accuarcy=0.7636 precision=0.7649 recall=0.7636 auc=0.7584 
[2019-08-25 23:13:40,102]: length=69 f1=0.7444 accuarcy=0.7455 precision=0.7454 recall=0.7455 auc=0.7414 
[2019-08-25 23:13:47,308]: length=70 f1=0.7532 accuarcy=0.7545 precision=0.7550 recall=0.7545 auc=0.7499 
[2019-08-25 23:13:54,724]: length=71 f1=0.7632 accuarcy=0.7636 precision=0.7634 recall=0.7636 auc=0.7611 
[2019-08-25 23:14:02,300]: length=72 f1=0.7444 accuarcy=0.7455 precision=0.7454 recall=0.7455 auc=0.7414 
[2019-08-25 23:14:09,605]: length=73 f1=0.7532 accuarcy=0.7545 precision=0.7550 recall=0.7545 auc=0.7499 
[2019-08-25 23:14:16,737]: length=74 f1=0.7803 accuarcy=0.7818 precision=0.7835 recall=0.7818 auc=0.7767 
[2019-08-25 23:14:24,254]: length=75 f1=0.7803 accuarcy=0.7818 precision=0.7835 recall=0.7818 auc=0.7767 
[2019-08-25 23:14:31,352]: length=76 f1=0.7539 accuarcy=0.7545 precision=0.7543 recall=0.7545 auc=0.7512 
[2019-08-25 23:14:38,657]: length=77 f1=0.7627 accuarcy=0.7636 precision=0.7638 recall=0.7636 auc=0.7597 
[2019-08-25 23:14:46,164]: length=78 f1=0.7815 accuarcy=0.7818 precision=0.7816 recall=0.7818 auc=0.7793 
[2019-08-25 23:14:53,867]: length=79 f1=0.7450 accuarcy=0.7455 precision=0.7451 recall=0.7455 auc=0.7428 
[2019-08-25 23:15:01,339]: length=80 f1=0.7273 accuarcy=0.7273 precision=0.7273 recall=0.7273 auc=0.7258 
[2019-08-25 23:15:09,795]: length=81 f1=0.7356 accuarcy=0.7364 precision=0.7360 recall=0.7364 auc=0.7330 
[2019-08-25 23:15:17,422]: length=82 f1=0.7444 accuarcy=0.7455 precision=0.7454 recall=0.7455 auc=0.7414 
[2019-08-25 23:15:24,757]: length=83 f1=0.7532 accuarcy=0.7545 precision=0.7550 recall=0.7545 auc=0.7499 
[2019-08-25 23:15:32,385]: length=84 f1=0.7166 accuarcy=0.7182 precision=0.7181 recall=0.7182 auc=0.7134 
[2019-08-25 23:15:39,942]: length=85 f1=0.7544 accuarcy=0.7545 precision=0.7543 recall=0.7545 auc=0.7526 
[2019-08-25 23:15:47,063]: length=86 f1=0.7715 accuarcy=0.7727 precision=0.7735 recall=0.7727 auc=0.7682 
[2019-08-25 23:15:54,340]: length=87 f1=0.7532 accuarcy=0.7545 precision=0.7550 recall=0.7545 auc=0.7499 
[2019-08-25 23:16:01,743]: length=88 f1=0.7620 accuarcy=0.7636 precision=0.7649 recall=0.7636 auc=0.7584 
[2019-08-25 23:16:09,378]: length=89 f1=0.7809 accuarcy=0.7818 precision=0.7822 recall=0.7818 auc=0.7780 
[2019-08-25 23:16:16,584]: length=90 f1=0.7627 accuarcy=0.7636 precision=0.7638 recall=0.7636 auc=0.7597 
[2019-08-25 23:16:24,501]: length=91 f1=0.7444 accuarcy=0.7455 precision=0.7454 recall=0.7455 auc=0.7414 
[2019-08-25 23:16:31,896]: length=92 f1=0.7620 accuarcy=0.7636 precision=0.7649 recall=0.7636 auc=0.7584 
[2019-08-25 23:16:39,728]: length=93 f1=0.8086 accuarcy=0.8091 precision=0.8093 recall=0.8091 auc=0.8061 
[2019-08-25 23:16:47,183]: length=94 f1=0.7803 accuarcy=0.7818 precision=0.7835 recall=0.7818 auc=0.7767 
[2019-08-25 23:16:54,412]: length=95 f1=0.7803 accuarcy=0.7818 precision=0.7835 recall=0.7818 auc=0.7767 
[2019-08-25 23:17:01,648]: length=96 f1=0.8074 accuarcy=0.8091 precision=0.8125 recall=0.8091 auc=0.8034 
[2019-08-25 23:17:09,286]: length=97 f1=0.7721 accuarcy=0.7727 precision=0.7726 recall=0.7727 auc=0.7695 
[2019-08-25 23:17:16,896]: length=98 f1=0.7627 accuarcy=0.7636 precision=0.7638 recall=0.7636 auc=0.7597 
[2019-08-25 23:17:24,254]: length=99 f1=0.7636 accuarcy=0.7636 precision=0.7636 recall=0.7636 auc=0.7624 
[2019-08-25 23:17:31,442]: length=100 f1=0.7908 accuarcy=0.7909 precision=0.7907 recall=0.7909 auc=0.7891 
[2019-08-25 23:17:38,956]: length=101 f1=0.7809 accuarcy=0.7818 precision=0.7822 recall=0.7818 auc=0.7780 
[2019-08-25 23:17:46,439]: length=102 f1=0.7632 accuarcy=0.7636 precision=0.7634 recall=0.7636 auc=0.7611 
[2019-08-25 23:17:53,738]: length=103 f1=0.7978 accuarcy=0.8000 precision=0.8044 recall=0.8000 auc=0.7936 
[2019-08-25 23:18:00,921]: length=104 f1=0.7898 accuarcy=0.7909 precision=0.7920 recall=0.7909 auc=0.7865 
[2019-08-25 23:18:08,726]: length=105 f1=0.7898 accuarcy=0.7909 precision=0.7920 recall=0.7909 auc=0.7865 
[2019-08-25 23:18:16,093]: length=106 f1=0.7803 accuarcy=0.7818 precision=0.7835 recall=0.7818 auc=0.7767 
[2019-08-25 23:18:23,352]: length=107 f1=0.7524 accuarcy=0.7545 precision=0.7565 recall=0.7545 auc=0.7486 
[2019-08-25 23:18:30,836]: length=108 f1=0.7815 accuarcy=0.7818 precision=0.7816 recall=0.7818 auc=0.7793 
[2019-08-25 23:18:38,419]: length=109 f1=0.7600 accuarcy=0.7636 precision=0.7696 recall=0.7636 auc=0.7557 
[2019-08-25 23:18:45,910]: length=110 f1=0.7992 accuarcy=0.8000 precision=0.8005 recall=0.8000 auc=0.7963 
[2019-08-25 23:18:53,169]: length=111 f1=0.7898 accuarcy=0.7909 precision=0.7920 recall=0.7909 auc=0.7865 
[2019-08-25 23:19:00,524]: length=112 f1=0.7903 accuarcy=0.7909 precision=0.7909 recall=0.7909 auc=0.7878 
[2019-08-25 23:19:07,698]: length=113 f1=0.7795 accuarcy=0.7818 precision=0.7857 recall=0.7818 auc=0.7753 
[2019-08-25 23:19:15,738]: length=114 f1=0.7898 accuarcy=0.7909 precision=0.7920 recall=0.7909 auc=0.7865 
[2019-08-25 23:19:23,152]: length=115 f1=0.7620 accuarcy=0.7636 precision=0.7649 recall=0.7636 auc=0.7584 
[2019-08-25 23:19:30,648]: length=116 f1=0.7818 accuarcy=0.7818 precision=0.7818 recall=0.7818 auc=0.7807 
[2019-08-25 23:19:37,851]: length=117 f1=0.7809 accuarcy=0.7818 precision=0.7822 recall=0.7818 auc=0.7780 
[2019-08-25 23:19:45,629]: length=118 f1=0.7539 accuarcy=0.7545 precision=0.7543 recall=0.7545 auc=0.7512 
[2019-08-25 23:19:52,962]: length=119 f1=0.7627 accuarcy=0.7636 precision=0.7638 recall=0.7636 auc=0.7597 
[2019-08-25 23:20:00,387]: length=120 f1=0.7908 accuarcy=0.7909 precision=0.7907 recall=0.7909 auc=0.7891 
[2019-08-25 23:20:07,958]: length=121 f1=0.7803 accuarcy=0.7818 precision=0.7835 recall=0.7818 auc=0.7767 
[2019-08-25 23:20:15,767]: length=122 f1=0.7815 accuarcy=0.7818 precision=0.7816 recall=0.7818 auc=0.7793 
[2019-08-25 23:20:23,402]: length=123 f1=0.7815 accuarcy=0.7818 precision=0.7816 recall=0.7818 auc=0.7793 
[2019-08-25 23:20:30,882]: length=124 f1=0.7539 accuarcy=0.7545 precision=0.7543 recall=0.7545 auc=0.7512 
[2019-08-25 23:20:38,346]: length=125 f1=0.7444 accuarcy=0.7455 precision=0.7454 recall=0.7455 auc=0.7414 
[2019-08-25 23:20:46,295]: length=126 f1=0.7795 accuarcy=0.7818 precision=0.7857 recall=0.7818 auc=0.7753 
[2019-08-25 23:20:53,706]: length=127 f1=0.7715 accuarcy=0.7727 precision=0.7735 recall=0.7727 auc=0.7682 
[2019-08-25 23:21:01,094]: length=128 f1=0.7437 accuarcy=0.7455 precision=0.7464 recall=0.7455 auc=0.7401 
[2019-08-25 23:21:08,508]: length=129 f1=0.7726 accuarcy=0.7727 precision=0.7725 recall=0.7727 auc=0.7709 
[2019-08-25 23:21:16,119]: length=130 f1=0.7992 accuarcy=0.8000 precision=0.8005 recall=0.8000 auc=0.7963 
[2019-08-25 23:21:23,798]: length=131 f1=0.8081 accuarcy=0.8091 precision=0.8104 recall=0.8091 auc=0.8048 
[2019-08-25 23:21:31,228]: length=132 f1=0.7620 accuarcy=0.7636 precision=0.7649 recall=0.7636 auc=0.7584 
[2019-08-25 23:21:38,370]: length=133 f1=0.7611 accuarcy=0.7636 precision=0.7669 recall=0.7636 auc=0.7571 
[2019-08-25 23:21:45,728]: length=134 f1=0.7891 accuarcy=0.7909 precision=0.7938 recall=0.7909 auc=0.7851 
[2019-08-25 23:21:52,979]: length=135 f1=0.7349 accuarcy=0.7364 precision=0.7366 recall=0.7364 auc=0.7316 
[2019-08-25 23:22:00,643]: length=136 f1=0.7627 accuarcy=0.7636 precision=0.7638 recall=0.7636 auc=0.7597 
[2019-08-25 23:22:07,973]: length=137 f1=0.7809 accuarcy=0.7818 precision=0.7822 recall=0.7818 auc=0.7780 
[2019-08-25 23:22:15,749]: length=138 f1=0.7815 accuarcy=0.7818 precision=0.7816 recall=0.7818 auc=0.7793 
[2019-08-25 23:22:23,400]: length=139 f1=0.7539 accuarcy=0.7545 precision=0.7543 recall=0.7545 auc=0.7512 
[2019-08-25 23:22:30,679]: length=140 f1=0.7903 accuarcy=0.7909 precision=0.7909 recall=0.7909 auc=0.7878 
[2019-08-25 23:22:38,198]: length=141 f1=0.7803 accuarcy=0.7818 precision=0.7835 recall=0.7818 auc=0.7767 
[2019-08-25 23:22:45,944]: length=142 f1=0.7795 accuarcy=0.7818 precision=0.7857 recall=0.7818 auc=0.7753 
[2019-08-25 23:22:53,160]: length=143 f1=0.7872 accuarcy=0.7909 precision=0.8002 recall=0.7909 auc=0.7825 
[2019-08-25 23:23:01,497]: length=144 f1=0.7539 accuarcy=0.7545 precision=0.7543 recall=0.7545 auc=0.7512 
[2019-08-25 23:23:09,115]: length=145 f1=0.7524 accuarcy=0.7545 precision=0.7565 recall=0.7545 auc=0.7486 
[2019-08-25 23:23:16,600]: length=146 f1=0.7636 accuarcy=0.7636 precision=0.7636 recall=0.7636 auc=0.7624 
[2019-08-25 23:23:24,429]: length=147 f1=0.7803 accuarcy=0.7818 precision=0.7835 recall=0.7818 auc=0.7767 
[2019-08-25 23:23:31,824]: length=148 f1=0.7795 accuarcy=0.7818 precision=0.7857 recall=0.7818 auc=0.7753 
[2019-08-25 23:23:39,706]: length=149 f1=0.7809 accuarcy=0.7818 precision=0.7822 recall=0.7818 auc=0.7780 
[2019-08-25 23:23:47,182]: length=150 f1=0.7427 accuarcy=0.7455 precision=0.7481 recall=0.7455 auc=0.7388 
[2019-08-25 23:23:47,188]: ----------
[2019-08-25 23:23:47,188]: the max f1 = 0.8086
[2019-08-25 23:23:47,188]: ['negativecharger.aromatic.gap2' 'aromatic.postivecharger.gap5'
 'postivecharger.negativecharger.gap5' 'aromatic.uncharger.gap5'
 'uncharger.aromatic.gap1' 'aromatic.uncharger.gap1'
 'negativecharger.alphaticr.gap4' 'alphaticr.alphaticr.gap5'
 'uncharger.uncharger.gap2' 'alphaticr.postivecharger.gap3'
 'uncharger.postivecharger.gap1' 'uncharger.alphaticr.gap0'
 'negativecharger.alphaticr.gap3' 'alphaticr.alphaticr.gap0'
 'postivecharger.uncharger.gap3' 'alphaticr.aromatic.gap2'
 'postivecharger.aromatic.gap3' 'uncharger.alphaticr.gap5'
 'uncharger.aromatic.gap0' 'postivecharger.postivecharger.gap1'
 'alphaticr.negativecharger.gap3' 'uncharger.uncharger.gap3'
 'aromatic.negativecharger.gap5' 'aromatic.uncharger.gap4'
 'uncharger.negativecharger.gap1' 'alphaticr.alphaticr.gap4'
 'aromatic.alphaticr.gap4' 'aromatic.negativecharger.gap0'
 'postivecharger.alphaticr.gap1' 'postivecharger.uncharger.gap0'
 'alphaticr.alphaticr.gap1' 'uncharger.postivecharger.gap0'
 'postivecharger.uncharger.gap2' 'alphaticr.aromatic.gap0'
 'uncharger.alphaticr.gap1' 'postivecharger.alphaticr.gap0'
 'postivecharger.uncharger.gap4' 'uncharger.postivecharger.gap2'
 'uncharger.aromatic.gap5' 'uncharger.aromatic.gap3'
 'uncharger.postivecharger.gap4' 'negativecharger.alphaticr.gap0'
 'aromatic.uncharger.gap0' 'postivecharger.postivecharger.gap4'
 'negativecharger.uncharger.gap2' 'uncharger.alphaticr.gap2'
 'alphaticr.negativecharger.gap5' 'aromatic.postivecharger.gap4'
 'negativecharger.aromatic.gap3' 'uncharger.postivecharger.gap5'
 'aromatic.negativecharger.gap1' 'postivecharger.uncharger.gap5'
 'negativecharger.postivecharger.gap1' 'aromatic.uncharger.gap2'
 'alphaticr.negativecharger.gap0' 'postivecharger.alphaticr.gap5'
 'negativecharger.alphaticr.gap1' 'negativecharger.uncharger.gap1'
 'alphaticr.aromatic.gap1' 'aromatic.aromatic.gap4'
 'aromatic.aromatic.gap0' 'negativecharger.alphaticr.gap5'
 'negativecharger.postivecharger.gap2' 'uncharger.aromatic.gap4'
 'aromatic.aromatic.gap1' 'aromatic.alphaticr.gap1'
 'alphaticr.alphaticr.gap2' 'alphaticr.uncharger.gap4'
 'negativecharger.uncharger.gap5' 'postivecharger.aromatic.gap4'
 'postivecharger.negativecharger.gap0' 'uncharger.negativecharger.gap5'
 'negativecharger.aromatic.gap5' 'postivecharger.aromatic.gap2'
 'alphaticr.postivecharger.gap2' 'aromatic.aromatic.gap5'
 'aromatic.negativecharger.gap3' 'aromatic.postivecharger.gap0'
 'alphaticr.negativecharger.gap1' 'alphaticr.uncharger.gap5'
 'negativecharger.negativecharger.gap2'
 'postivecharger.postivecharger.gap0' 'uncharger.alphaticr.gap3'
 'alphaticr.aromatic.gap5' 'alphaticr.uncharger.gap3'
 'uncharger.aromatic.gap2' 'negativecharger.postivecharger.gap0'
 'negativecharger.aromatic.gap0' 'negativecharger.alphaticr.gap2'
 'aromatic.postivecharger.gap3' 'postivecharger.negativecharger.gap4'
 'aromatic.negativecharger.gap4' 'uncharger.alphaticr.gap4'],length = 93
[2019-08-25 23:23:47,189]: -----------
[2019-08-25 23:23:54,624]: ***confusion matrix***
[2019-08-25 23:23:54,624]:                pos_class      neg_class      
[2019-08-25 23:23:54,624]: pos_class      TP:50             FN:9              
[2019-08-25 23:23:54,624]: neg_class      FP:12             TN:39             
[2019-08-25 23:23:54,625]: f1 =0.8086 
[2019-08-25 23:23:54,626]: accuarcy = 0.8091 
[2019-08-25 23:23:54,626]: precision =0.8093 
[2019-08-25 23:23:54,627]: recall =0.8091
[2019-08-25 23:23:54,628]: auc = 0.8061
[2019-08-25 23:23:54,658]: -----------
[2019-08-25 23:23:54,659]: The output by the terminal's log has been saved in the J:\多设备共享\work\MRMD2.0-github\Logs\201908252304.log.
[2019-08-25 23:23:54,659]: metrics have been saved in the J:\多设备共享\work\MRMD2.0-github\Results\150_2.csv.
[2019-08-25 23:23:54,659]: reduced dimensional dataset has been saved in the J:\多设备共享\work\MRMD2.0-github\Results\150_1.csv.
[2019-08-25 23:23:54,659]: ---mrmd 2.0 end---
