[2019-08-09 17:25:06,139]: ---mrmd 2.0 start----
[2019-08-09 17:25:06,233]: ANOVA start...
[2019-08-09 17:25:06,439]: ANOVA end.
[2019-08-09 17:25:06,439]: mic start...
[2019-08-09 17:25:22,290]: mic end.
[2019-08-09 17:25:22,291]: mrmd start...
[2019-08-09 17:25:22,900]: mrmd end.
[2019-08-09 17:25:22,900]: mRMR start...
[2019-08-09 17:30:00,218]: mRMR end.
[2019-08-09 17:30:00,218]: lasso start...
[2019-08-09 17:30:00,296]: lasso end.
[2019-08-09 17:39:26,004]: rank start ...
[2019-08-09 17:39:26,035]: The final  rank is
[2019-08-09 17:39:26,035]: 82 : 0.0108
[2019-08-09 17:39:26,035]: 78 : 0.0104
[2019-08-09 17:39:26,332]: 43 : 0.0103
[2019-08-09 17:39:26,332]: 93 : 0.0103
[2019-08-09 17:39:26,332]: 65 : 0.0098
[2019-08-09 17:39:26,332]: 58 : 0.0097
[2019-08-09 17:39:26,332]: 36 : 0.0095
[2019-08-09 17:39:26,332]: 111 : 0.0095
[2019-08-09 17:39:26,332]: 79 : 0.0094
[2019-08-09 17:39:26,332]: 68 : 0.0094
[2019-08-09 17:39:26,332]: 98 : 0.0094
[2019-08-09 17:39:26,332]: 47 : 0.0094
[2019-08-09 17:39:26,332]: 4 : 0.0094
[2019-08-09 17:39:26,332]: 55 : 0.0094
[2019-08-09 17:39:26,332]: 50 : 0.0093
[2019-08-09 17:39:26,332]: 17 : 0.0093
[2019-08-09 17:39:26,332]: 49 : 0.0093
[2019-08-09 17:39:26,332]: 102 : 0.0093
[2019-08-09 17:39:26,332]: 59 : 0.0093
[2019-08-09 17:39:26,332]: 64 : 0.0092
[2019-08-09 17:39:26,332]: 25 : 0.0092
[2019-08-09 17:39:26,332]: 80 : 0.0092
[2019-08-09 17:39:26,332]: 72 : 0.0092
[2019-08-09 17:39:26,332]: 57 : 0.0091
[2019-08-09 17:39:26,332]: 114 : 0.0091
[2019-08-09 17:39:26,332]: 71 : 0.0091
[2019-08-09 17:39:26,332]: 14 : 0.0090
[2019-08-09 17:39:26,332]: 54 : 0.0090
[2019-08-09 17:39:26,332]: 32 : 0.0090
[2019-08-09 17:39:26,332]: 69 : 0.0090
[2019-08-09 17:39:26,332]: 53 : 0.0090
[2019-08-09 17:39:26,332]: 3 : 0.0090
[2019-08-09 17:39:26,332]: 46 : 0.0090
[2019-08-09 17:39:26,332]: 37 : 0.0089
[2019-08-09 17:39:26,332]: 67 : 0.0089
[2019-08-09 17:39:26,332]: 118 : 0.0089
[2019-08-09 17:39:26,332]: 70 : 0.0089
[2019-08-09 17:39:26,332]: 16 : 0.0088
[2019-08-09 17:39:26,332]: 48 : 0.0088
[2019-08-09 17:39:26,332]: 83 : 0.0088
[2019-08-09 17:39:26,332]: 92 : 0.0088
[2019-08-09 17:39:26,332]: 40 : 0.0087
[2019-08-09 17:39:26,332]: 51 : 0.0087
[2019-08-09 17:39:26,332]: 24 : 0.0087
[2019-08-09 17:39:26,332]: 87 : 0.0087
[2019-08-09 17:39:26,332]: 84 : 0.0087
[2019-08-09 17:39:26,332]: 115 : 0.0086
[2019-08-09 17:39:26,332]: 33 : 0.0086
[2019-08-09 17:39:26,332]: 90 : 0.0086
[2019-08-09 17:39:26,332]: 21 : 0.0086
[2019-08-09 17:39:26,332]: 94 : 0.0085
[2019-08-09 17:39:26,332]: 19 : 0.0085
[2019-08-09 17:39:26,332]: 56 : 0.0084
[2019-08-09 17:39:26,332]: 99 : 0.0084
[2019-08-09 17:39:26,332]: 117 : 0.0084
[2019-08-09 17:39:26,332]: 10 : 0.0084
[2019-08-09 17:39:26,332]: 30 : 0.0084
[2019-08-09 17:39:26,348]: 41 : 0.0084
[2019-08-09 17:39:26,348]: 85 : 0.0084
[2019-08-09 17:39:26,348]: 13 : 0.0084
[2019-08-09 17:39:26,348]: 88 : 0.0083
[2019-08-09 17:39:26,348]: 34 : 0.0083
[2019-08-09 17:39:26,348]: 113 : 0.0083
[2019-08-09 17:39:26,348]: 12 : 0.0083
[2019-08-09 17:39:26,348]: 9 : 0.0083
[2019-08-09 17:39:26,348]: 28 : 0.0082
[2019-08-09 17:39:26,348]: 101 : 0.0082
[2019-08-09 17:39:26,348]: 76 : 0.0082
[2019-08-09 17:39:26,348]: 97 : 0.0082
[2019-08-09 17:39:26,348]: 109 : 0.0082
[2019-08-09 17:39:26,348]: 77 : 0.0082
[2019-08-09 17:39:26,348]: 0 : 0.0081
[2019-08-09 17:39:26,348]: 38 : 0.0081
[2019-08-09 17:39:26,348]: 27 : 0.0081
[2019-08-09 17:39:26,348]: 23 : 0.0081
[2019-08-09 17:39:26,348]: 8 : 0.0081
[2019-08-09 17:39:26,348]: 107 : 0.0079
[2019-08-09 17:39:26,348]: 104 : 0.0079
[2019-08-09 17:39:26,348]: 105 : 0.0079
[2019-08-09 17:39:26,348]: 15 : 0.0078
[2019-08-09 17:39:26,348]: 39 : 0.0078
[2019-08-09 17:39:26,348]: 2 : 0.0078
[2019-08-09 17:39:26,348]: 26 : 0.0078
[2019-08-09 17:39:26,348]: 45 : 0.0078
[2019-08-09 17:39:26,348]: 95 : 0.0078
[2019-08-09 17:39:26,348]: 42 : 0.0077
[2019-08-09 17:39:26,348]: 35 : 0.0077
[2019-08-09 17:39:26,348]: 100 : 0.0077
[2019-08-09 17:39:26,348]: 5 : 0.0076
[2019-08-09 17:39:26,348]: 81 : 0.0076
[2019-08-09 17:39:26,348]: 31 : 0.0075
[2019-08-09 17:39:26,348]: 63 : 0.0075
[2019-08-09 17:39:26,348]: 75 : 0.0075
[2019-08-09 17:39:26,348]: 73 : 0.0074
[2019-08-09 17:39:26,348]: 52 : 0.0074
[2019-08-09 17:39:26,348]: 1 : 0.0074
[2019-08-09 17:39:26,348]: 110 : 0.0073
[2019-08-09 17:39:26,348]: 6 : 0.0073
[2019-08-09 17:39:26,348]: 74 : 0.0073
[2019-08-09 17:39:26,348]: 66 : 0.0072
[2019-08-09 17:39:26,348]: 44 : 0.0072
[2019-08-09 17:39:26,348]: 86 : 0.0072
[2019-08-09 17:39:26,348]: 119 : 0.0071
[2019-08-09 17:39:26,348]: 20 : 0.0070
[2019-08-09 17:39:26,348]: 103 : 0.0070
[2019-08-09 17:39:26,348]: 96 : 0.0070
[2019-08-09 17:39:26,348]: 122 : 0.0070
[2019-08-09 17:39:26,348]: 108 : 0.0070
[2019-08-09 17:39:26,348]: 29 : 0.0069
[2019-08-09 17:39:26,348]: 22 : 0.0069
[2019-08-09 17:39:26,348]: 121 : 0.0069
[2019-08-09 17:39:26,348]: 18 : 0.0069
[2019-08-09 17:39:26,348]: 7 : 0.0068
[2019-08-09 17:39:26,348]: 91 : 0.0068
[2019-08-09 17:39:26,348]: 112 : 0.0066
[2019-08-09 17:39:26,348]: 120 : 0.0066
[2019-08-09 17:39:26,348]: 106 : 0.0063
[2019-08-09 17:39:26,348]: 116 : 0.0060
[2019-08-09 17:39:26,348]: 89 : 0.0059
[2019-08-09 17:39:26,348]: 11 : 0.0058
[2019-08-09 17:39:26,348]: 60 : 0.0037
[2019-08-09 17:39:26,348]: 62 : 0.0023
[2019-08-09 17:39:26,348]: 61 : 0.0022
[2019-08-09 17:39:26,348]: feature_rank end
[2019-08-09 17:39:26,457]: Start dimension reduction ...
[2019-08-09 17:39:58,996]: length=1 accuarcy=0.5886 f1=0.5885 precision=0.5887 recall=0.5886 roc=0.5886 
[2019-08-09 17:40:33,091]: length=2 accuarcy=0.6597 f1=0.6508 precision=0.6778 recall=0.6597 roc=0.6597 
[2019-08-09 17:41:10,104]: length=3 accuarcy=0.6466 f1=0.6444 precision=0.6503 recall=0.6466 roc=0.6466 
[2019-08-09 17:41:55,027]: length=4 accuarcy=0.6511 f1=0.6493 precision=0.6544 recall=0.6511 roc=0.6511 
[2019-08-09 17:42:25,091]: length=5 accuarcy=0.6858 f1=0.6849 precision=0.6880 recall=0.6858 roc=0.6858 
[2019-08-09 17:42:57,377]: length=6 accuarcy=0.6761 f1=0.6750 precision=0.6785 recall=0.6761 roc=0.6761 
[2019-08-09 17:43:30,440]: length=7 accuarcy=0.6682 f1=0.6671 precision=0.6705 recall=0.6682 roc=0.6682 
[2019-08-09 17:44:04,115]: length=8 accuarcy=0.6312 f1=0.6308 precision=0.6319 recall=0.6312 roc=0.6313 
[2019-08-09 17:44:36,807]: length=9 accuarcy=0.6312 f1=0.6312 precision=0.6313 recall=0.6312 roc=0.6312 
[2019-08-09 17:45:09,551]: length=10 accuarcy=0.6568 f1=0.6568 precision=0.6568 recall=0.6568 roc=0.6568 
[2019-08-09 17:45:42,934]: length=11 accuarcy=0.6472 f1=0.6471 precision=0.6472 recall=0.6472 roc=0.6472 
[2019-08-09 17:46:15,859]: length=12 accuarcy=0.6602 f1=0.6602 precision=0.6603 recall=0.6602 roc=0.6602 
[2019-08-09 17:46:49,178]: length=13 accuarcy=0.6625 f1=0.6625 precision=0.6626 recall=0.6625 roc=0.6625 
[2019-08-09 17:47:22,995]: length=14 accuarcy=0.6687 f1=0.6687 precision=0.6688 recall=0.6687 roc=0.6688 
[2019-08-09 17:47:56,507]: length=15 accuarcy=0.6875 f1=0.6875 precision=0.6876 recall=0.6875 roc=0.6875 
[2019-08-09 17:48:29,997]: length=16 accuarcy=0.6852 f1=0.6852 precision=0.6852 recall=0.6852 roc=0.6852 
[2019-08-09 17:49:02,826]: length=17 accuarcy=0.6972 f1=0.6971 precision=0.6972 recall=0.6972 roc=0.6972 
[2019-08-09 17:49:40,292]: length=18 accuarcy=0.7011 f1=0.7011 precision=0.7012 recall=0.7011 roc=0.7011 
[2019-08-09 17:50:18,870]: length=19 accuarcy=0.7034 f1=0.7034 precision=0.7035 recall=0.7034 roc=0.7034 
[2019-08-09 17:50:56,738]: length=20 accuarcy=0.7233 f1=0.7233 precision=0.7233 recall=0.7233 roc=0.7233 
[2019-08-09 17:51:43,852]: length=21 accuarcy=0.7142 f1=0.7142 precision=0.7143 recall=0.7142 roc=0.7142 
[2019-08-09 17:52:29,596]: length=22 accuarcy=0.7295 f1=0.7295 precision=0.7296 recall=0.7295 roc=0.7295 
[2019-08-09 17:53:10,676]: length=23 accuarcy=0.7949 f1=0.7947 precision=0.7959 recall=0.7949 roc=0.7949 
[2019-08-09 17:54:00,188]: length=24 accuarcy=0.7869 f1=0.7869 precision=0.7870 recall=0.7869 roc=0.7869 
[2019-08-09 17:54:48,580]: length=25 accuarcy=0.7903 f1=0.7902 precision=0.7910 recall=0.7903 roc=0.7903 
[2019-08-09 17:55:37,956]: length=26 accuarcy=0.7949 f1=0.7948 precision=0.7954 recall=0.7949 roc=0.7949 
[2019-08-09 17:56:17,323]: length=27 accuarcy=0.7898 f1=0.7897 precision=0.7900 recall=0.7898 roc=0.7898 
[2019-08-09 17:56:53,694]: length=28 accuarcy=0.7892 f1=0.7891 precision=0.7898 recall=0.7892 roc=0.7892 
[2019-08-09 17:57:34,763]: length=29 accuarcy=0.7841 f1=0.7840 precision=0.7845 recall=0.7841 roc=0.7841 
[2019-08-09 17:58:15,054]: length=30 accuarcy=0.7977 f1=0.7976 precision=0.7983 recall=0.7977 roc=0.7977 
[2019-08-09 17:58:58,687]: length=31 accuarcy=0.7960 f1=0.7959 precision=0.7967 recall=0.7960 roc=0.7960 
[2019-08-09 17:59:41,765]: length=32 accuarcy=0.7898 f1=0.7897 precision=0.7903 recall=0.7898 roc=0.7898 
[2019-08-09 18:00:25,815]: length=33 accuarcy=0.7932 f1=0.7931 precision=0.7939 recall=0.7932 roc=0.7932 
[2019-08-09 18:01:11,264]: length=34 accuarcy=0.7847 f1=0.7846 precision=0.7852 recall=0.7847 roc=0.7847 
[2019-08-09 18:02:01,368]: length=35 accuarcy=0.8028 f1=0.8028 precision=0.8033 recall=0.8028 roc=0.8028 
[2019-08-09 18:02:43,870]: length=36 accuarcy=0.8074 f1=0.8073 precision=0.8079 recall=0.8074 roc=0.8074 
[2019-08-09 18:03:37,841]: length=37 accuarcy=0.8125 f1=0.8123 precision=0.8140 recall=0.8125 roc=0.8125 
[2019-08-09 18:04:23,894]: length=38 accuarcy=0.8045 f1=0.8044 precision=0.8054 recall=0.8045 roc=0.8045 
[2019-08-09 18:05:05,249]: length=39 accuarcy=0.8136 f1=0.8135 precision=0.8144 recall=0.8136 roc=0.8136 
[2019-08-09 18:05:48,026]: length=40 accuarcy=0.8165 f1=0.8164 precision=0.8169 recall=0.8165 roc=0.8165 
[2019-08-09 18:06:30,472]: length=41 accuarcy=0.8233 f1=0.8233 precision=0.8236 recall=0.8233 roc=0.8233 
[2019-08-09 18:07:11,495]: length=42 accuarcy=0.8216 f1=0.8215 precision=0.8222 recall=0.8216 roc=0.8216 
[2019-08-09 18:07:52,999]: length=43 accuarcy=0.8216 f1=0.8214 precision=0.8226 recall=0.8216 roc=0.8216 
[2019-08-09 18:08:38,390]: length=44 accuarcy=0.8284 f1=0.8283 precision=0.8289 recall=0.8284 roc=0.8284 
[2019-08-09 18:09:21,685]: length=45 accuarcy=0.8284 f1=0.8283 precision=0.8290 recall=0.8284 roc=0.8284 
[2019-08-09 18:10:05,842]: length=46 accuarcy=0.8222 f1=0.8221 precision=0.8227 recall=0.8222 roc=0.8222 
[2019-08-09 18:10:50,835]: length=47 accuarcy=0.8290 f1=0.8289 precision=0.8298 recall=0.8290 roc=0.8290 
[2019-08-09 18:11:36,593]: length=48 accuarcy=0.8170 f1=0.8170 precision=0.8171 recall=0.8170 roc=0.8170 
[2019-08-09 18:12:22,472]: length=49 accuarcy=0.8290 f1=0.8289 precision=0.8294 recall=0.8290 roc=0.8290 
[2019-08-09 18:13:06,978]: length=50 accuarcy=0.8267 f1=0.8266 precision=0.8275 recall=0.8267 roc=0.8267 
[2019-08-09 18:13:52,141]: length=51 accuarcy=0.8273 f1=0.8272 precision=0.8276 recall=0.8273 roc=0.8273 
[2019-08-09 18:14:38,177]: length=52 accuarcy=0.8102 f1=0.8101 precision=0.8108 recall=0.8102 roc=0.8102 
[2019-08-09 18:15:20,570]: length=53 accuarcy=0.8267 f1=0.8266 precision=0.8273 recall=0.8267 roc=0.8267 
[2019-08-09 18:16:13,241]: length=54 accuarcy=0.8222 f1=0.8221 precision=0.8229 recall=0.8222 roc=0.8222 
[2019-08-09 18:16:58,921]: length=55 accuarcy=0.8136 f1=0.8136 precision=0.8141 recall=0.8136 roc=0.8136 
[2019-08-09 18:17:43,858]: length=56 accuarcy=0.8222 f1=0.8220 precision=0.8230 recall=0.8222 roc=0.8222 
[2019-08-09 18:18:34,015]: length=57 accuarcy=0.8216 f1=0.8216 precision=0.8218 recall=0.8216 roc=0.8216 
