[2019-08-24 11:14:19,870]: ---mrmd 2.0 start----
[2019-08-24 11:14:19,882]: ANOVA start...
[2019-08-24 11:14:19,896]: ANOVA end.
[2019-08-24 11:14:19,896]: mic start...
[2019-08-24 11:14:32,346]: mic end.
[2019-08-24 11:14:32,346]: mrmd start...
[2019-08-24 11:14:32,614]: mrmd end.
[2019-08-24 11:14:32,614]: mRMR start...
[2019-08-24 11:14:44,154]: mRMR end.
[2019-08-24 11:14:44,154]: lasso start...
[2019-08-24 11:14:44,189]: lasso end.
[2019-08-24 11:14:44,190]: chi2 start...
[2019-08-24 11:14:44,215]: chi2 end.
[2019-08-24 11:14:44,215]: ref start...
[2019-08-24 11:14:45,504]: ref end.
[2019-08-24 11:14:45,524]: rank start ...
[2019-08-24 11:14:45,538]: The final  rank is
[2019-08-24 11:14:45,538]: Hopp_Woods_R : 0.0071
[2019-08-24 11:14:45,538]: basic_polar : 0.0070
[2019-08-24 11:14:45,538]: Rose_I : 0.0067
[2019-08-24 11:14:45,538]: Janin_W : 0.0067
[2019-08-24 11:14:45,538]: Janin_P : 0.0067
[2019-08-24 11:14:45,538]: Cornette_C : 0.0066
[2019-08-24 11:14:45,539]: Kyte_Doolittle_I : 0.0066
[2019-08-24 11:14:45,539]: Cornette_T : 0.0066
[2019-08-24 11:14:45,539]: hydrophily : 0.0066
[2019-08-24 11:14:45,539]: Kyte_Doolittle_A : 0.0065
[2019-08-24 11:14:45,539]: Cornette_V : 0.0065
[2019-08-24 11:14:45,539]: Engelman_GES_W : 0.0065
[2019-08-24 11:14:45,539]: Janin_D : 0.0065
[2019-08-24 11:14:45,539]: Engelman_GES_D : 0.0065
[2019-08-24 11:14:45,539]: Eisenberg_R : 0.0064
[2019-08-24 11:14:45,539]: Engelman_GES_S : 0.0064
[2019-08-24 11:14:45,540]: Engelman_GES_E : 0.0064
[2019-08-24 11:14:45,540]: Engelman_GES_N : 0.0064
[2019-08-24 11:14:45,540]: Rose_S : 0.0064
[2019-08-24 11:14:45,540]: Hopp_Woods_A : 0.0064
[2019-08-24 11:14:45,540]: Hopp_Woods_I : 0.0063
[2019-08-24 11:14:45,540]: Hopp_Woods_D : 0.0063
[2019-08-24 11:14:45,540]: Janin_Q : 0.0062
[2019-08-24 11:14:45,540]: Engelman_GES_R : 0.0062
[2019-08-24 11:14:45,540]: Cornette_F : 0.0062
[2019-08-24 11:14:45,540]: Cornette_K : 0.0062
[2019-08-24 11:14:45,541]: Eisenberg_N : 0.0062
[2019-08-24 11:14:45,541]: Rose_H : 0.0062
[2019-08-24 11:14:45,541]: Cornette_P : 0.0062
[2019-08-24 11:14:45,541]: Cornette_D : 0.0061
[2019-08-24 11:14:45,541]: Engelman_GES_L : 0.0061
[2019-08-24 11:14:45,541]: C : 0.0061
[2019-08-24 11:14:45,541]: Rose_L : 0.0061
[2019-08-24 11:14:45,541]: Cornette_E : 0.0061
[2019-08-24 11:14:45,541]: Kyte_Doolittle_P : 0.0061
[2019-08-24 11:14:45,542]: aromatic : 0.0060
[2019-08-24 11:14:45,542]: Engelman_GES_F : 0.0060
[2019-08-24 11:14:45,542]: Rose_Q : 0.0060
[2019-08-24 11:14:45,542]: Janin_H : 0.0060
[2019-08-24 11:14:45,542]: Kyte_Doolittle_W : 0.0060
[2019-08-24 11:14:45,542]: Kyte_Doolittle_C : 0.0059
[2019-08-24 11:14:45,543]: Janin_V : 0.0059
[2019-08-24 11:14:45,543]: Kyte_Doolittle_H : 0.0059
[2019-08-24 11:14:45,543]: K : 0.0059
[2019-08-24 11:14:45,543]: Kyte_Doolittle_K : 0.0059
[2019-08-24 11:14:45,543]: Cornette_H : 0.0059
[2019-08-24 11:14:45,543]: F : 0.0059
[2019-08-24 11:14:45,543]: Eisenberg_Y : 0.0059
[2019-08-24 11:14:45,543]: Janin_Y : 0.0058
[2019-08-24 11:14:45,544]: Kyte_Doolittle_L : 0.0058
[2019-08-24 11:14:45,544]: Hopp_Woods_F : 0.0058
[2019-08-24 11:14:45,544]: alphatic : 0.0058
[2019-08-24 11:14:45,544]: Rose_T : 0.0058
[2019-08-24 11:14:45,544]: Rose_R : 0.0058
[2019-08-24 11:14:45,544]: P : 0.0058
[2019-08-24 11:14:45,544]: nonpolar : 0.0058
[2019-08-24 11:14:45,544]: Rose_W : 0.0058
[2019-08-24 11:14:45,544]: Eisenberg_D : 0.0058
[2019-08-24 11:14:45,545]: Eisenberg_K : 0.0058
[2019-08-24 11:14:45,545]: I : 0.0058
[2019-08-24 11:14:45,545]: Kyte_Doolittle_N : 0.0058
[2019-08-24 11:14:45,545]: Cornette_S : 0.0058
[2019-08-24 11:14:45,545]: Rose_P : 0.0058
[2019-08-24 11:14:45,545]: Cornette_W : 0.0057
[2019-08-24 11:14:45,545]: Engelman_GES_P : 0.0057
[2019-08-24 11:14:45,545]: Rose_V : 0.0057
[2019-08-24 11:14:45,545]: Janin_A : 0.0057
[2019-08-24 11:14:45,545]: Hopp_Woods_N : 0.0057
[2019-08-24 11:14:45,545]: S : 0.0057
[2019-08-24 11:14:45,546]: Q : 0.0057
[2019-08-24 11:14:45,546]: Eisenberg_V : 0.0057
[2019-08-24 11:14:45,546]: Engelman_GES_K : 0.0057
[2019-08-24 11:14:45,546]: Eisenberg_W : 0.0057
[2019-08-24 11:14:45,546]: moderate : 0.0057
[2019-08-24 11:14:45,546]: Hopp_Woods_H : 0.0057
[2019-08-24 11:14:45,546]: Engelman_GES_Y : 0.0057
[2019-08-24 11:14:45,546]: Janin_T : 0.0056
[2019-08-24 11:14:45,546]: Eisenberg_M : 0.0056
[2019-08-24 11:14:45,546]: Rose_M : 0.0056
[2019-08-24 11:14:45,547]: aliphatic : 0.0056
[2019-08-24 11:14:45,547]: Janin_L : 0.0056
[2019-08-24 11:14:45,547]: Kyte_Doolittle_D : 0.0056
[2019-08-24 11:14:45,547]: Eisenberg_S : 0.0056
[2019-08-24 11:14:45,547]: Engelman_GES_T : 0.0056
[2019-08-24 11:14:45,547]: Engelman_GES_Q : 0.0056
[2019-08-24 11:14:45,547]: Eisenberg_Q : 0.0056
[2019-08-24 11:14:45,547]: V : 0.0056
[2019-08-24 11:14:45,547]: Eisenberg_T : 0.0056
[2019-08-24 11:14:45,547]: negativecharge : 0.0056
[2019-08-24 11:14:45,548]: Hopp_Woods_Q : 0.0056
[2019-08-24 11:14:45,548]: Kyte_Doolittle_F : 0.0056
[2019-08-24 11:14:45,548]: Kyte_Doolittle_Y : 0.0056
[2019-08-24 11:14:45,548]: Cornette_A : 0.0056
[2019-08-24 11:14:45,548]: Y : 0.0056
[2019-08-24 11:14:45,548]: Janin_I : 0.0056
[2019-08-24 11:14:45,548]: uncharge : 0.0056
[2019-08-24 11:14:45,548]: polar : 0.0056
[2019-08-24 11:14:45,548]: Kyte_Doolittle_S : 0.0056
[2019-08-24 11:14:45,548]: Hopp_Woods_M : 0.0056
[2019-08-24 11:14:45,548]: Kyte_Doolittle_R : 0.0056
[2019-08-24 11:14:45,549]: Cornette_Q : 0.0056
[2019-08-24 11:14:45,549]: T : 0.0056
[2019-08-24 11:14:45,549]: Kyte_Doolittle_G : 0.0056
[2019-08-24 11:14:45,549]: Hopp_Woods_S : 0.0055
[2019-08-24 11:14:45,549]: Kyte_Doolittle_Q : 0.0055
[2019-08-24 11:14:45,549]: Rose_D : 0.0055
[2019-08-24 11:14:45,549]: Kyte_Doolittle_E : 0.0055
[2019-08-24 11:14:45,549]: Kyte_Doolittle_M : 0.0055
[2019-08-24 11:14:45,549]: Cornette_Y : 0.0055
[2019-08-24 11:14:45,549]: positve : 0.0055
[2019-08-24 11:14:45,549]: Eisenberg_P : 0.0055
[2019-08-24 11:14:45,550]: Rose_A : 0.0055
[2019-08-24 11:14:45,550]: Eisenberg_A : 0.0055
[2019-08-24 11:14:45,550]: Engelman_GES_H : 0.0055
[2019-08-24 11:14:45,550]: Engelman_GES_G : 0.0055
[2019-08-24 11:14:45,550]: Cornette_M : 0.0055
[2019-08-24 11:14:45,550]: postivecharge : 0.0055
[2019-08-24 11:14:45,550]: Eisenberg_H : 0.0055
[2019-08-24 11:14:45,550]: Engelman_GES_V : 0.0055
[2019-08-24 11:14:45,550]: Hopp_Woods_L : 0.0055
[2019-08-24 11:14:45,550]: Cornette_L : 0.0055
[2019-08-24 11:14:45,550]: Hopp_Woods_V : 0.0055
[2019-08-24 11:14:45,551]: D : 0.0055
[2019-08-24 11:14:45,551]: Janin_K : 0.0055
[2019-08-24 11:14:45,551]: Eisenberg_L : 0.0055
[2019-08-24 11:14:45,551]: R : 0.0055
[2019-08-24 11:14:45,551]: Hopp_Woods_Y : 0.0055
[2019-08-24 11:14:45,551]: G : 0.0055
[2019-08-24 11:14:45,551]: E : 0.0054
[2019-08-24 11:14:45,551]: Rose_F : 0.0054
[2019-08-24 11:14:45,551]: N : 0.0054
[2019-08-24 11:14:45,551]: Hopp_Woods_C : 0.0054
[2019-08-24 11:14:45,551]: Janin_F : 0.0054
[2019-08-24 11:14:45,552]: hydrophobicity : 0.0054
[2019-08-24 11:14:45,552]: Hopp_Woods_K : 0.0054
[2019-08-24 11:14:45,552]: Janin_E : 0.0054
[2019-08-24 11:14:45,552]: M : 0.0054
[2019-08-24 11:14:45,552]: Eisenberg_I : 0.0054
[2019-08-24 11:14:45,552]: H : 0.0054
[2019-08-24 11:14:45,552]: Engelman_GES_A : 0.0054
[2019-08-24 11:14:45,552]: Hopp_Woods_E : 0.0054
[2019-08-24 11:14:45,552]: Janin_N : 0.0054
[2019-08-24 11:14:45,552]: Janin_M : 0.0054
[2019-08-24 11:14:45,552]: Engelman_GES_M : 0.0053
[2019-08-24 11:14:45,553]: Rose_C : 0.0053
[2019-08-24 11:14:45,553]: Engelman_GES_C : 0.0053
[2019-08-24 11:14:45,553]: Eisenberg_G : 0.0053
[2019-08-24 11:14:45,553]: neutral : 0.0053
[2019-08-24 11:14:45,553]: Eisenberg_C : 0.0053
[2019-08-24 11:14:45,553]: Rose_N : 0.0053
[2019-08-24 11:14:45,553]: W : 0.0053
[2019-08-24 11:14:45,553]: Rose_K : 0.0052
[2019-08-24 11:14:45,553]: Kyte_Doolittle_T : 0.0051
[2019-08-24 11:14:45,553]: Janin_R : 0.0051
[2019-08-24 11:14:45,553]: aromatic.1 : 0.0051
[2019-08-24 11:14:45,554]: negative : 0.0051
[2019-08-24 11:14:45,554]: Hopp_Woods_T : 0.0050
[2019-08-24 11:14:45,554]: Janin_G : 0.0050
[2019-08-24 11:14:45,554]: Janin_S : 0.0050
[2019-08-24 11:14:45,554]: A : 0.0050
[2019-08-24 11:14:45,554]: Engelman_GES_I : 0.0050
[2019-08-24 11:14:45,554]: Rose_E : 0.0050
[2019-08-24 11:14:45,554]: Hopp_Woods_W : 0.0049
[2019-08-24 11:14:45,554]: Cornette_R : 0.0049
[2019-08-24 11:14:45,554]: Cornette_I : 0.0049
[2019-08-24 11:14:45,555]: Eisenberg_E : 0.0049
[2019-08-24 11:14:45,555]: Eisenberg_F : 0.0049
[2019-08-24 11:14:45,555]: Kyte_Doolittle_V : 0.0048
[2019-08-24 11:14:45,555]: Rose_Y : 0.0047
[2019-08-24 11:14:45,555]: L : 0.0047
[2019-08-24 11:14:45,555]: heterocyclics : 0.0047
[2019-08-24 11:14:45,555]: Janin_C : 0.0047
[2019-08-24 11:14:45,555]: acidic_polar : 0.0043
[2019-08-24 11:14:45,555]: Rose_G : 0.0043
[2019-08-24 11:14:45,555]: Cornette_N : 0.0043
[2019-08-24 11:14:45,555]: Cornette_G : 0.0030
[2019-08-24 11:14:45,555]: Hopp_Woods_P : 0.0030
[2019-08-24 11:14:45,556]: Hopp_Woods_G : 0.0026
[2019-08-24 11:14:45,556]: feature_rank end
[2019-08-24 11:14:45,580]: Start dimension reduction ...
