[2019-08-15 10:42:11,671]: ---mrmd 2.0 start----
[2019-08-15 10:42:11,943]: ANOVA start...
[2019-08-15 10:42:11,973]: ANOVA end.
[2019-08-15 10:42:11,973]: mic start...
[2019-08-15 10:42:20,966]: mic end.
[2019-08-15 10:42:20,967]: mrmd start...
[2019-08-15 10:42:21,268]: mrmd end.
[2019-08-15 10:42:21,269]: mRMR start...
[2019-08-15 10:42:21,492]: mRMR end.
[2019-08-15 10:42:21,493]: lasso start...
[2019-08-15 10:42:21,528]: lasso end.
[2019-08-15 10:42:21,529]: lasso2 start...
[2019-08-15 10:42:23,485]: lasso2 end.
[2019-08-15 10:42:23,488]: rank start ...
[2019-08-15 10:42:23,498]: The final  rank is
[2019-08-15 10:42:23,498]: uncharger.uncharger.gap3 : 0.0091
[2019-08-15 10:42:23,498]: alphaticr.alphaticr.gap4 : 0.0086
[2019-08-15 10:42:23,498]: aromatic.uncharger.gap0 : 0.0082
[2019-08-15 10:42:23,499]: postivecharger.aromatic.gap3 : 0.0081
[2019-08-15 10:42:23,499]: uncharger.postivecharger.gap2 : 0.0080
[2019-08-15 10:42:23,499]: aromatic.uncharger.gap4 : 0.0080
[2019-08-15 10:42:23,499]: uncharger.aromatic.gap5 : 0.0080
[2019-08-15 10:42:23,499]: aromatic.negativecharger.gap0 : 0.0079
[2019-08-15 10:42:23,499]: negativecharger.alphaticr.gap4 : 0.0079
[2019-08-15 10:42:23,499]: postivecharger.negativecharger.gap5 : 0.0079
[2019-08-15 10:42:23,499]: alphaticr.alphaticr.gap0 : 0.0078
[2019-08-15 10:42:23,499]: alphaticr.postivecharger.gap3 : 0.0078
[2019-08-15 10:42:23,499]: postivecharger.uncharger.gap5 : 0.0077
[2019-08-15 10:42:23,499]: uncharger.alphaticr.gap3 : 0.0077
[2019-08-15 10:42:23,500]: alphaticr.aromatic.gap2 : 0.0077
[2019-08-15 10:42:23,500]: uncharger.uncharger.gap2 : 0.0076
[2019-08-15 10:42:23,500]: aromatic.postivecharger.gap5 : 0.0076
[2019-08-15 10:42:23,500]: alphaticr.negativecharger.gap4 : 0.0076
[2019-08-15 10:42:23,500]: postivecharger.postivecharger.gap4 : 0.0076
[2019-08-15 10:42:23,500]: uncharger.negativecharger.gap1 : 0.0076
[2019-08-15 10:42:23,501]: uncharger.aromatic.gap1 : 0.0076
[2019-08-15 10:42:23,501]: uncharger.negativecharger.gap5 : 0.0076
[2019-08-15 10:42:23,501]: aromatic.uncharger.gap5 : 0.0075
[2019-08-15 10:42:23,501]: alphaticr.alphaticr.gap5 : 0.0075
[2019-08-15 10:42:23,501]: uncharger.alphaticr.gap2 : 0.0075
[2019-08-15 10:42:23,501]: postivecharger.alphaticr.gap1 : 0.0075
[2019-08-15 10:42:23,501]: alphaticr.postivecharger.gap2 : 0.0075
[2019-08-15 10:42:23,501]: alphaticr.alphaticr.gap1 : 0.0074
[2019-08-15 10:42:23,501]: postivecharger.uncharger.gap0 : 0.0074
[2019-08-15 10:42:23,501]: alphaticr.negativecharger.gap3 : 0.0074
[2019-08-15 10:42:23,502]: postivecharger.uncharger.gap2 : 0.0074
[2019-08-15 10:42:23,502]: uncharger.postivecharger.gap5 : 0.0074
[2019-08-15 10:42:23,502]: aromatic.uncharger.gap2 : 0.0074
[2019-08-15 10:42:23,502]: aromatic.negativecharger.gap5 : 0.0074
[2019-08-15 10:42:23,502]: postivecharger.postivecharger.gap1 : 0.0074
[2019-08-15 10:42:23,502]: alphaticr.negativecharger.gap5 : 0.0074
[2019-08-15 10:42:23,502]: postivecharger.uncharger.gap3 : 0.0074
[2019-08-15 10:42:23,502]: negativecharger.uncharger.gap2 : 0.0073
[2019-08-15 10:42:23,502]: postivecharger.uncharger.gap4 : 0.0073
[2019-08-15 10:42:23,502]: postivecharger.alphaticr.gap3 : 0.0073
[2019-08-15 10:42:23,503]: postivecharger.alphaticr.gap0 : 0.0073
[2019-08-15 10:42:23,503]: uncharger.alphaticr.gap0 : 0.0073
[2019-08-15 10:42:23,503]: negativecharger.alphaticr.gap0 : 0.0073
[2019-08-15 10:42:23,503]: uncharger.alphaticr.gap5 : 0.0073
[2019-08-15 10:42:23,503]: aromatic.uncharger.gap1 : 0.0073
[2019-08-15 10:42:23,503]: uncharger.aromatic.gap0 : 0.0073
[2019-08-15 10:42:23,503]: uncharger.postivecharger.gap4 : 0.0073
[2019-08-15 10:42:23,503]: uncharger.postivecharger.gap0 : 0.0073
[2019-08-15 10:42:23,503]: uncharger.alphaticr.gap1 : 0.0072
[2019-08-15 10:42:23,503]: aromatic.alphaticr.gap4 : 0.0072
[2019-08-15 10:42:23,504]: alphaticr.postivecharger.gap4 : 0.0072
[2019-08-15 10:42:23,504]: uncharger.negativecharger.gap3 : 0.0071
[2019-08-15 10:42:23,504]: negativecharger.postivecharger.gap2 : 0.0071
[2019-08-15 10:42:23,504]: uncharger.postivecharger.gap1 : 0.0071
[2019-08-15 10:42:23,504]: negativecharger.alphaticr.gap3 : 0.0070
[2019-08-15 10:42:23,504]: negativecharger.alphaticr.gap5 : 0.0070
[2019-08-15 10:42:23,504]: alphaticr.aromatic.gap4 : 0.0070
[2019-08-15 10:42:23,504]: postivecharger.aromatic.gap5 : 0.0069
[2019-08-15 10:42:23,505]: postivecharger.negativecharger.gap0 : 0.0068
[2019-08-15 10:42:23,505]: negativecharger.aromatic.gap2 : 0.0068
[2019-08-15 10:42:23,505]: negativecharger.aromatic.gap3 : 0.0068
[2019-08-15 10:42:23,505]: aromatic.postivecharger.gap4 : 0.0068
[2019-08-15 10:42:23,505]: postivecharger.postivecharger.gap5 : 0.0068
[2019-08-15 10:42:23,505]: uncharger.aromatic.gap4 : 0.0067
[2019-08-15 10:42:23,505]: negativecharger.uncharger.gap5 : 0.0067
[2019-08-15 10:42:23,505]: aromatic.alphaticr.gap5 : 0.0066
[2019-08-15 10:42:23,506]: negativecharger.negativecharger.gap2 : 0.0066
[2019-08-15 10:42:23,506]: negativecharger.postivecharger.gap4 : 0.0066
[2019-08-15 10:42:23,506]: alphaticr.uncharger.gap4 : 0.0066
[2019-08-15 10:42:23,506]: uncharger.aromatic.gap3 : 0.0066
[2019-08-15 10:42:23,506]: aromatic.negativecharger.gap2 : 0.0065
[2019-08-15 10:42:23,506]: postivecharger.aromatic.gap1 : 0.0065
[2019-08-15 10:42:23,506]: aromatic.aromatic.gap0 : 0.0065
[2019-08-15 10:42:23,506]: aromatic.postivecharger.gap2 : 0.0065
[2019-08-15 10:42:23,506]: alphaticr.negativecharger.gap0 : 0.0065
[2019-08-15 10:42:23,507]: negativecharger.uncharger.gap3 : 0.0065
[2019-08-15 10:42:23,507]: alphaticr.postivecharger.gap5 : 0.0065
[2019-08-15 10:42:23,507]: alphaticr.negativecharger.gap1 : 0.0064
[2019-08-15 10:42:23,507]: aromatic.alphaticr.gap1 : 0.0064
[2019-08-15 10:42:23,507]: uncharger.postivecharger.gap3 : 0.0064
[2019-08-15 10:42:23,507]: aromatic.postivecharger.gap0 : 0.0064
[2019-08-15 10:42:23,507]: postivecharger.negativecharger.gap1 : 0.0064
[2019-08-15 10:42:23,507]: alphaticr.uncharger.gap0 : 0.0064
[2019-08-15 10:42:23,507]: alphaticr.uncharger.gap2 : 0.0063
[2019-08-15 10:42:23,508]: aromatic.postivecharger.gap3 : 0.0063
[2019-08-15 10:42:23,508]: negativecharger.negativecharger.gap4 : 0.0063
[2019-08-15 10:42:23,508]: uncharger.negativecharger.gap0 : 0.0063
[2019-08-15 10:42:23,508]: postivecharger.negativecharger.gap2 : 0.0063
[2019-08-15 10:42:23,508]: uncharger.negativecharger.gap4 : 0.0063
[2019-08-15 10:42:23,508]: postivecharger.aromatic.gap2 : 0.0063
[2019-08-15 10:42:23,508]: alphaticr.uncharger.gap5 : 0.0063
[2019-08-15 10:42:23,508]: alphaticr.aromatic.gap1 : 0.0062
[2019-08-15 10:42:23,508]: aromatic.aromatic.gap5 : 0.0062
[2019-08-15 10:42:23,508]: alphaticr.negativecharger.gap2 : 0.0062
[2019-08-15 10:42:23,509]: postivecharger.postivecharger.gap2 : 0.0062
[2019-08-15 10:42:23,509]: postivecharger.negativecharger.gap4 : 0.0062
[2019-08-15 10:42:23,509]: negativecharger.negativecharger.gap5 : 0.0062
[2019-08-15 10:42:23,509]: aromatic.negativecharger.gap1 : 0.0062
[2019-08-15 10:42:23,509]: uncharger.uncharger.gap5 : 0.0062
[2019-08-15 10:42:23,509]: negativecharger.uncharger.gap1 : 0.0062
[2019-08-15 10:42:23,509]: negativecharger.postivecharger.gap0 : 0.0062
[2019-08-15 10:42:23,509]: negativecharger.aromatic.gap5 : 0.0062
[2019-08-15 10:42:23,509]: negativecharger.uncharger.gap4 : 0.0062
[2019-08-15 10:42:23,509]: postivecharger.postivecharger.gap0 : 0.0062
[2019-08-15 10:42:23,510]: postivecharger.aromatic.gap0 : 0.0062
[2019-08-15 10:42:23,510]: negativecharger.alphaticr.gap1 : 0.0062
[2019-08-15 10:42:23,510]: aromatic.negativecharger.gap3 : 0.0062
[2019-08-15 10:42:23,510]: aromatic.aromatic.gap1 : 0.0062
[2019-08-15 10:42:23,510]: alphaticr.aromatic.gap5 : 0.0061
[2019-08-15 10:42:23,510]: postivecharger.aromatic.gap4 : 0.0061
[2019-08-15 10:42:23,510]: negativecharger.negativecharger.gap0 : 0.0061
[2019-08-15 10:42:23,510]: aromatic.aromatic.gap4 : 0.0061
[2019-08-15 10:42:23,510]: aromatic.negativecharger.gap4 : 0.0061
[2019-08-15 10:42:23,510]: postivecharger.uncharger.gap1 : 0.0061
[2019-08-15 10:42:23,510]: negativecharger.postivecharger.gap3 : 0.0061
[2019-08-15 10:42:23,511]: alphaticr.aromatic.gap0 : 0.0061
[2019-08-15 10:42:23,511]: uncharger.negativecharger.gap2 : 0.0061
[2019-08-15 10:42:23,511]: negativecharger.aromatic.gap4 : 0.0061
[2019-08-15 10:42:23,511]: alphaticr.alphaticr.gap3 : 0.0061
[2019-08-15 10:42:23,511]: negativecharger.aromatic.gap0 : 0.0061
[2019-08-15 10:42:23,511]: postivecharger.alphaticr.gap4 : 0.0061
[2019-08-15 10:42:23,511]: aromatic.aromatic.gap2 : 0.0061
[2019-08-15 10:42:23,511]: negativecharger.postivecharger.gap1 : 0.0060
[2019-08-15 10:42:23,512]: uncharger.aromatic.gap2 : 0.0060
[2019-08-15 10:42:23,512]: negativecharger.negativecharger.gap3 : 0.0060
[2019-08-15 10:42:23,512]: postivecharger.alphaticr.gap2 : 0.0060
[2019-08-15 10:42:23,512]: alphaticr.postivecharger.gap1 : 0.0060
[2019-08-15 10:42:23,512]: uncharger.uncharger.gap1 : 0.0060
[2019-08-15 10:42:23,512]: negativecharger.uncharger.gap0 : 0.0060
[2019-08-15 10:42:23,512]: alphaticr.alphaticr.gap2 : 0.0060
[2019-08-15 10:42:23,512]: negativecharger.negativecharger.gap1 : 0.0060
[2019-08-15 10:42:23,512]: alphaticr.uncharger.gap1 : 0.0059
[2019-08-15 10:42:23,512]: negativecharger.alphaticr.gap2 : 0.0059
[2019-08-15 10:42:23,513]: aromatic.uncharger.gap3 : 0.0059
[2019-08-15 10:42:23,513]: postivecharger.alphaticr.gap5 : 0.0059
[2019-08-15 10:42:23,513]: negativecharger.aromatic.gap1 : 0.0059
[2019-08-15 10:42:23,513]: uncharger.uncharger.gap0 : 0.0059
[2019-08-15 10:42:23,513]: negativecharger.postivecharger.gap5 : 0.0058
[2019-08-15 10:42:23,513]: alphaticr.aromatic.gap3 : 0.0058
[2019-08-15 10:42:23,513]: aromatic.postivecharger.gap1 : 0.0058
[2019-08-15 10:42:23,513]: alphaticr.postivecharger.gap0 : 0.0056
[2019-08-15 10:42:23,513]: uncharger.alphaticr.gap4 : 0.0055
[2019-08-15 10:42:23,513]: uncharger.uncharger.gap4 : 0.0055
[2019-08-15 10:42:23,513]: postivecharger.postivecharger.gap3 : 0.0052
[2019-08-15 10:42:23,514]: alphaticr.uncharger.gap3 : 0.0052
[2019-08-15 10:42:23,514]: aromatic.alphaticr.gap2 : 0.0052
[2019-08-15 10:42:23,514]: aromatic.alphaticr.gap0 : 0.0051
[2019-08-15 10:42:23,514]: postivecharger.negativecharger.gap3 : 0.0050
[2019-08-15 10:42:23,514]: aromatic.aromatic.gap3 : 0.0047
[2019-08-15 10:42:23,514]: aromatic.alphaticr.gap3 : 0.0047
[2019-08-15 10:42:23,514]: feature_rank end
[2019-08-15 10:42:23,582]: Start dimension reduction ...
[2019-08-15 10:42:36,319]: length=1 f1=0.5811  accuarcy=0.5818 precision=0.5808 recall=0.5818 roc=0.5783 
[2019-08-15 10:42:47,797]: length=6 f1=0.6252  accuarcy=0.6273 precision=0.6258 recall=0.6273 roc=0.6220 
[2019-08-15 10:43:01,798]: length=11 f1=0.7262  accuarcy=0.7273 precision=0.7270 recall=0.7273 roc=0.7232 
[2019-08-15 10:43:13,796]: length=16 f1=0.7079  accuarcy=0.7091 precision=0.7086 recall=0.7091 roc=0.7049 
[2019-08-15 10:43:25,402]: length=21 f1=0.7268  accuarcy=0.7273 precision=0.7268 recall=0.7273 roc=0.7245 
[2019-08-15 10:43:36,834]: length=26 f1=0.7174  accuarcy=0.7182 precision=0.7177 recall=0.7182 roc=0.7147 
[2019-08-15 10:43:50,326]: length=31 f1=0.7627  accuarcy=0.7636 precision=0.7638 recall=0.7636 roc=0.7597 
[2019-08-15 10:44:04,232]: length=36 f1=0.7329  accuarcy=0.7364 precision=0.7397 recall=0.7364 roc=0.7290 
[2019-08-15 10:44:16,848]: length=41 f1=0.7362  accuarcy=0.7364 precision=0.7361 recall=0.7364 roc=0.7343 
[2019-08-15 10:44:29,544]: length=46 f1=0.7362  accuarcy=0.7364 precision=0.7361 recall=0.7364 roc=0.7343 
[2019-08-15 10:44:41,925]: length=51 f1=0.8000  accuarcy=0.8000 precision=0.8000 recall=0.8000 roc=0.7989 
[2019-08-15 10:44:56,035]: length=56 f1=0.7726  accuarcy=0.7727 precision=0.7725 recall=0.7727 roc=0.7709 
[2019-08-15 10:45:09,540]: length=61 f1=0.7268  accuarcy=0.7273 precision=0.7268 recall=0.7273 roc=0.7245 
[2019-08-15 10:45:21,205]: length=66 f1=0.7726  accuarcy=0.7727 precision=0.7725 recall=0.7727 roc=0.7709 
[2019-08-15 10:45:31,864]: length=71 f1=0.7632  accuarcy=0.7636 precision=0.7634 recall=0.7636 roc=0.7611 
[2019-08-15 10:45:43,951]: length=76 f1=0.7539  accuarcy=0.7545 precision=0.7543 recall=0.7545 roc=0.7512 
[2019-08-15 10:45:56,369]: length=81 f1=0.7544  accuarcy=0.7545 precision=0.7543 recall=0.7545 roc=0.7526 
[2019-08-15 10:46:08,276]: length=86 f1=0.7627  accuarcy=0.7636 precision=0.7638 recall=0.7636 roc=0.7597 
[2019-08-15 10:46:21,152]: length=91 f1=0.7715  accuarcy=0.7727 precision=0.7735 recall=0.7727 roc=0.7682 
[2019-08-15 10:46:33,974]: length=96 f1=0.7450  accuarcy=0.7455 precision=0.7451 recall=0.7455 roc=0.7428 
[2019-08-15 10:46:46,244]: length=101 f1=0.7532  accuarcy=0.7545 precision=0.7550 recall=0.7545 roc=0.7499 
[2019-08-15 10:46:59,857]: length=106 f1=0.7620  accuarcy=0.7636 precision=0.7649 recall=0.7636 roc=0.7584 
[2019-08-15 10:47:14,584]: length=111 f1=0.7450  accuarcy=0.7455 precision=0.7451 recall=0.7455 roc=0.7428 
[2019-08-15 10:47:27,303]: length=116 f1=0.7803  accuarcy=0.7818 precision=0.7835 recall=0.7818 roc=0.7767 
[2019-08-15 10:47:39,911]: length=121 f1=0.7627  accuarcy=0.7636 precision=0.7638 recall=0.7636 roc=0.7597 
[2019-08-15 10:47:53,008]: length=126 f1=0.7524  accuarcy=0.7545 precision=0.7565 recall=0.7545 roc=0.7486 
[2019-08-15 10:48:05,934]: length=131 f1=0.7539  accuarcy=0.7545 precision=0.7543 recall=0.7545 roc=0.7512 
[2019-08-15 10:48:17,575]: length=136 f1=0.7715  accuarcy=0.7727 precision=0.7735 recall=0.7727 roc=0.7682 
[2019-08-15 10:48:29,736]: length=141 f1=0.7437  accuarcy=0.7455 precision=0.7464 recall=0.7455 roc=0.7401 
[2019-08-15 10:48:43,581]: length=146 f1=0.7809  accuarcy=0.7818 precision=0.7822 recall=0.7818 roc=0.7780 
[2019-08-15 10:48:56,110]: length=150 f1=0.7356  accuarcy=0.7364 precision=0.7360 recall=0.7364 roc=0.7330 
[2019-08-15 10:48:56,112]: ----------
[2019-08-15 10:48:56,112]: the max f1 = 0.8000
[2019-08-15 10:48:56,112]: ['uncharger.uncharger.gap3' 'alphaticr.alphaticr.gap4'
 'aromatic.uncharger.gap0' 'postivecharger.aromatic.gap3'
 'uncharger.postivecharger.gap2' 'aromatic.uncharger.gap4'
 'uncharger.aromatic.gap5' 'aromatic.negativecharger.gap0'
 'negativecharger.alphaticr.gap4' 'postivecharger.negativecharger.gap5'
 'alphaticr.alphaticr.gap0' 'alphaticr.postivecharger.gap3'
 'postivecharger.uncharger.gap5' 'uncharger.alphaticr.gap3'
 'alphaticr.aromatic.gap2' 'uncharger.uncharger.gap2'
 'aromatic.postivecharger.gap5' 'alphaticr.negativecharger.gap4'
 'postivecharger.postivecharger.gap4' 'uncharger.negativecharger.gap1'
 'uncharger.aromatic.gap1' 'uncharger.negativecharger.gap5'
 'aromatic.uncharger.gap5' 'alphaticr.alphaticr.gap5'
 'uncharger.alphaticr.gap2' 'postivecharger.alphaticr.gap1'
 'alphaticr.postivecharger.gap2' 'alphaticr.alphaticr.gap1'
 'postivecharger.uncharger.gap0' 'alphaticr.negativecharger.gap3'
 'postivecharger.uncharger.gap2' 'uncharger.postivecharger.gap5'
 'aromatic.uncharger.gap2' 'aromatic.negativecharger.gap5'
 'postivecharger.postivecharger.gap1' 'alphaticr.negativecharger.gap5'
 'postivecharger.uncharger.gap3' 'negativecharger.uncharger.gap2'
 'postivecharger.uncharger.gap4' 'postivecharger.alphaticr.gap3'
 'postivecharger.alphaticr.gap0' 'uncharger.alphaticr.gap0'
 'negativecharger.alphaticr.gap0' 'uncharger.alphaticr.gap5'
 'aromatic.uncharger.gap1' 'uncharger.aromatic.gap0'
 'uncharger.postivecharger.gap4' 'uncharger.postivecharger.gap0'
 'uncharger.alphaticr.gap1' 'aromatic.alphaticr.gap4'
 'alphaticr.postivecharger.gap4'],length = 51
[2019-08-15 10:48:56,113]: -----------
[2019-08-15 10:49:04,799]: ***confusion matrix***
[2019-08-15 10:49:04,799]:                pos_class      neg_class      
[2019-08-15 10:49:04,799]: pos_class      TP:48             FN:11             
[2019-08-15 10:49:04,799]: neg_class      FP:11             TN:40             
[2019-08-15 10:49:04,800]: f1 =0.8000 
[2019-08-15 10:49:04,801]: accuarcy = 0.8000 
[2019-08-15 10:49:04,803]: precision =0.8000 
[2019-08-15 10:49:04,805]: recall =0.8000
[2019-08-15 10:49:04,806]: roc area = 0.7989
[2019-08-15 10:49:04,813]: -----------
[2019-08-15 10:49:04,813]: The output by the terminal's log has been saved in the J:\多设备共享\work\MRMD2.0-github\Logs\201908151042.log.
[2019-08-15 10:49:04,814]: metrics have been saved in the J:\多设备共享\work\MRMD2.0-github\Results\meteixa.csv.
[2019-08-15 10:49:04,814]: reduced dimensional dataset has been saved in the J:\多设备共享\work\MRMD2.0-github\Results\rd.csv.
[2019-08-15 10:49:04,814]: ---mrmd 2.0 end---
