[2019-08-13 19:59:23,637]: ---mrmd 2.0 start----
[2019-08-13 19:59:23,727]: ANOVA start...
[2019-08-13 19:59:23,737]: ANOVA end.
[2019-08-13 19:59:23,737]: mic start...
[2019-08-13 19:59:28,524]: mic end.
[2019-08-13 19:59:28,524]: mrmd start...
[2019-08-13 19:59:28,704]: mrmd end.
[2019-08-13 19:59:28,704]: mRMR start...
[2019-08-13 19:59:35,413]: mRMR end.
[2019-08-13 19:59:35,413]: lasso start...
[2019-08-13 19:59:35,443]: lasso end.
[2019-08-13 19:59:36,063]: rank start ...
[2019-08-13 19:59:36,073]: The final  rank is
[2019-08-13 19:59:36,073]: aromatic.uncharger.gap5 : 0.0080
[2019-08-13 19:59:36,073]: aromatic.uncharger.gap0 : 0.0078
[2019-08-13 19:59:36,073]: uncharger.postivecharger.gap0 : 0.0077
[2019-08-13 19:59:36,073]: uncharger.aromatic.gap5 : 0.0077
[2019-08-13 19:59:36,073]: uncharger.aromatic.gap1 : 0.0077
[2019-08-13 19:59:36,073]: alphaticr.alphaticr.gap5 : 0.0077
[2019-08-13 19:59:36,073]: uncharger.uncharger.gap3 : 0.0077
[2019-08-13 19:59:36,073]: aromatic.uncharger.gap4 : 0.0077
[2019-08-13 19:59:36,073]: alphaticr.alphaticr.gap0 : 0.0077
[2019-08-13 19:59:36,073]: postivecharger.negativecharger.gap5 : 0.0076
[2019-08-13 19:59:36,073]: aromatic.negativecharger.gap0 : 0.0076
[2019-08-13 19:59:36,073]: aromatic.postivecharger.gap5 : 0.0076
[2019-08-13 19:59:36,073]: alphaticr.postivecharger.gap3 : 0.0076
[2019-08-13 19:59:36,073]: aromatic.uncharger.gap2 : 0.0076
[2019-08-13 19:59:36,073]: postivecharger.postivecharger.gap4 : 0.0076
[2019-08-13 19:59:36,073]: postivecharger.uncharger.gap5 : 0.0076
[2019-08-13 19:59:36,073]: uncharger.postivecharger.gap2 : 0.0076
[2019-08-13 19:59:36,073]: postivecharger.uncharger.gap3 : 0.0075
[2019-08-13 19:59:36,073]: alphaticr.aromatic.gap2 : 0.0075
[2019-08-13 19:59:36,073]: uncharger.postivecharger.gap1 : 0.0075
[2019-08-13 19:59:36,073]: alphaticr.postivecharger.gap2 : 0.0075
[2019-08-13 19:59:36,073]: uncharger.negativecharger.gap1 : 0.0075
[2019-08-13 19:59:36,073]: aromatic.alphaticr.gap4 : 0.0075
[2019-08-13 19:59:36,073]: postivecharger.alphaticr.gap3 : 0.0074
[2019-08-13 19:59:36,073]: uncharger.alphaticr.gap5 : 0.0074
[2019-08-13 19:59:36,073]: postivecharger.uncharger.gap0 : 0.0074
[2019-08-13 19:59:36,073]: negativecharger.alphaticr.gap4 : 0.0074
[2019-08-13 19:59:36,073]: postivecharger.aromatic.gap3 : 0.0074
[2019-08-13 19:59:36,073]: postivecharger.postivecharger.gap1 : 0.0074
[2019-08-13 19:59:36,073]: negativecharger.uncharger.gap2 : 0.0074
[2019-08-13 19:59:36,073]: alphaticr.alphaticr.gap4 : 0.0074
[2019-08-13 19:59:36,073]: postivecharger.alphaticr.gap0 : 0.0074
[2019-08-13 19:59:36,073]: uncharger.alphaticr.gap0 : 0.0074
[2019-08-13 19:59:36,073]: uncharger.aromatic.gap0 : 0.0073
[2019-08-13 19:59:36,073]: negativecharger.alphaticr.gap3 : 0.0073
[2019-08-13 19:59:36,073]: uncharger.uncharger.gap2 : 0.0073
[2019-08-13 19:59:36,073]: alphaticr.alphaticr.gap1 : 0.0073
[2019-08-13 19:59:36,073]: uncharger.alphaticr.gap2 : 0.0073
[2019-08-13 19:59:36,073]: alphaticr.negativecharger.gap3 : 0.0073
[2019-08-13 19:59:36,073]: uncharger.alphaticr.gap1 : 0.0073
[2019-08-13 19:59:36,073]: postivecharger.uncharger.gap2 : 0.0073
[2019-08-13 19:59:36,073]: negativecharger.alphaticr.gap0 : 0.0073
[2019-08-13 19:59:36,073]: postivecharger.uncharger.gap4 : 0.0073
[2019-08-13 19:59:36,073]: aromatic.negativecharger.gap5 : 0.0073
[2019-08-13 19:59:36,073]: uncharger.postivecharger.gap4 : 0.0073
[2019-08-13 19:59:36,073]: uncharger.postivecharger.gap5 : 0.0072
[2019-08-13 19:59:36,073]: negativecharger.aromatic.gap2 : 0.0072
[2019-08-13 19:59:36,073]: aromatic.uncharger.gap1 : 0.0072
[2019-08-13 19:59:36,073]: uncharger.negativecharger.gap5 : 0.0072
[2019-08-13 19:59:36,073]: uncharger.aromatic.gap4 : 0.0071
[2019-08-13 19:59:36,073]: postivecharger.alphaticr.gap1 : 0.0071
[2019-08-13 19:59:36,073]: postivecharger.aromatic.gap5 : 0.0070
[2019-08-13 19:59:36,073]: alphaticr.negativecharger.gap5 : 0.0070
[2019-08-13 19:59:36,073]: negativecharger.negativecharger.gap2 : 0.0070
[2019-08-13 19:59:36,073]: negativecharger.postivecharger.gap2 : 0.0069
[2019-08-13 19:59:36,083]: aromatic.postivecharger.gap4 : 0.0069
[2019-08-13 19:59:36,083]: aromatic.alphaticr.gap5 : 0.0069
[2019-08-13 19:59:36,083]: postivecharger.negativecharger.gap0 : 0.0069
[2019-08-13 19:59:36,083]: uncharger.aromatic.gap3 : 0.0068
[2019-08-13 19:59:36,083]: postivecharger.postivecharger.gap5 : 0.0067
[2019-08-13 19:59:36,083]: negativecharger.aromatic.gap3 : 0.0067
[2019-08-13 19:59:36,083]: negativecharger.alphaticr.gap5 : 0.0067
[2019-08-13 19:59:36,083]: negativecharger.postivecharger.gap4 : 0.0067
[2019-08-13 19:59:36,083]: negativecharger.uncharger.gap1 : 0.0067
[2019-08-13 19:59:36,083]: postivecharger.negativecharger.gap1 : 0.0066
[2019-08-13 19:59:36,083]: uncharger.alphaticr.gap3 : 0.0066
[2019-08-13 19:59:36,083]: postivecharger.aromatic.gap1 : 0.0066
[2019-08-13 19:59:36,083]: aromatic.aromatic.gap0 : 0.0066
[2019-08-13 19:59:36,083]: alphaticr.negativecharger.gap0 : 0.0066
[2019-08-13 19:59:36,083]: negativecharger.uncharger.gap5 : 0.0066
[2019-08-13 19:59:36,083]: aromatic.negativecharger.gap2 : 0.0065
[2019-08-13 19:59:36,083]: postivecharger.alphaticr.gap2 : 0.0065
[2019-08-13 19:59:36,083]: aromatic.negativecharger.gap1 : 0.0065
[2019-08-13 19:59:36,083]: aromatic.postivecharger.gap0 : 0.0065
[2019-08-13 19:59:36,083]: negativecharger.aromatic.gap1 : 0.0065
[2019-08-13 19:59:36,083]: alphaticr.uncharger.gap0 : 0.0065
[2019-08-13 19:59:36,083]: alphaticr.uncharger.gap5 : 0.0065
[2019-08-13 19:59:36,083]: postivecharger.negativecharger.gap2 : 0.0065
[2019-08-13 19:59:36,083]: aromatic.aromatic.gap5 : 0.0065
[2019-08-13 19:59:36,083]: postivecharger.postivecharger.gap2 : 0.0065
[2019-08-13 19:59:36,083]: negativecharger.postivecharger.gap1 : 0.0065
[2019-08-13 19:59:36,083]: aromatic.alphaticr.gap1 : 0.0064
[2019-08-13 19:59:36,083]: negativecharger.aromatic.gap5 : 0.0064
[2019-08-13 19:59:36,083]: negativecharger.negativecharger.gap4 : 0.0064
[2019-08-13 19:59:36,083]: alphaticr.negativecharger.gap4 : 0.0064
[2019-08-13 19:59:36,083]: alphaticr.postivecharger.gap5 : 0.0064
[2019-08-13 19:59:36,083]: uncharger.negativecharger.gap4 : 0.0064
[2019-08-13 19:59:36,083]: negativecharger.uncharger.gap4 : 0.0064
[2019-08-13 19:59:36,083]: negativecharger.negativecharger.gap5 : 0.0064
[2019-08-13 19:59:36,083]: postivecharger.negativecharger.gap4 : 0.0064
[2019-08-13 19:59:36,083]: uncharger.negativecharger.gap0 : 0.0064
[2019-08-13 19:59:36,083]: aromatic.postivecharger.gap3 : 0.0064
[2019-08-13 19:59:36,083]: negativecharger.alphaticr.gap1 : 0.0064
[2019-08-13 19:59:36,083]: alphaticr.aromatic.gap5 : 0.0064
[2019-08-13 19:59:36,083]: alphaticr.negativecharger.gap1 : 0.0064
[2019-08-13 19:59:36,083]: aromatic.aromatic.gap4 : 0.0063
[2019-08-13 19:59:36,083]: alphaticr.uncharger.gap2 : 0.0063
[2019-08-13 19:59:36,083]: alphaticr.postivecharger.gap4 : 0.0063
[2019-08-13 19:59:36,083]: negativecharger.postivecharger.gap0 : 0.0063
[2019-08-13 19:59:36,083]: postivecharger.uncharger.gap1 : 0.0063
[2019-08-13 19:59:36,083]: alphaticr.aromatic.gap1 : 0.0063
[2019-08-13 19:59:36,083]: aromatic.aromatic.gap1 : 0.0063
[2019-08-13 19:59:36,083]: uncharger.negativecharger.gap2 : 0.0063
[2019-08-13 19:59:36,083]: postivecharger.aromatic.gap4 : 0.0063
[2019-08-13 19:59:36,083]: uncharger.aromatic.gap2 : 0.0063
[2019-08-13 19:59:36,083]: alphaticr.alphaticr.gap3 : 0.0063
[2019-08-13 19:59:36,083]: postivecharger.alphaticr.gap4 : 0.0063
[2019-08-13 19:59:36,083]: negativecharger.negativecharger.gap1 : 0.0063
[2019-08-13 19:59:36,083]: postivecharger.alphaticr.gap5 : 0.0062
[2019-08-13 19:59:36,083]: alphaticr.alphaticr.gap2 : 0.0062
[2019-08-13 19:59:36,083]: negativecharger.uncharger.gap0 : 0.0062
[2019-08-13 19:59:36,083]: postivecharger.postivecharger.gap0 : 0.0062
[2019-08-13 19:59:36,083]: negativecharger.aromatic.gap4 : 0.0062
[2019-08-13 19:59:36,083]: alphaticr.postivecharger.gap1 : 0.0062
[2019-08-13 19:59:36,083]: postivecharger.aromatic.gap2 : 0.0062
[2019-08-13 19:59:36,083]: aromatic.aromatic.gap2 : 0.0062
[2019-08-13 19:59:36,083]: alphaticr.negativecharger.gap2 : 0.0062
[2019-08-13 19:59:36,083]: negativecharger.postivecharger.gap3 : 0.0062
[2019-08-13 19:59:36,083]: negativecharger.negativecharger.gap0 : 0.0062
[2019-08-13 19:59:36,083]: aromatic.negativecharger.gap3 : 0.0062
[2019-08-13 19:59:36,093]: alphaticr.aromatic.gap3 : 0.0062
[2019-08-13 19:59:36,093]: postivecharger.aromatic.gap0 : 0.0062
[2019-08-13 19:59:36,093]: negativecharger.alphaticr.gap2 : 0.0061
[2019-08-13 19:59:36,093]: alphaticr.aromatic.gap0 : 0.0061
[2019-08-13 19:59:36,093]: negativecharger.aromatic.gap0 : 0.0061
[2019-08-13 19:59:36,093]: negativecharger.postivecharger.gap5 : 0.0061
[2019-08-13 19:59:36,093]: uncharger.uncharger.gap0 : 0.0061
[2019-08-13 19:59:36,093]: aromatic.postivecharger.gap1 : 0.0061
[2019-08-13 19:59:36,093]: aromatic.uncharger.gap3 : 0.0061
[2019-08-13 19:59:36,093]: negativecharger.uncharger.gap3 : 0.0061
[2019-08-13 19:59:36,093]: aromatic.negativecharger.gap4 : 0.0061
[2019-08-13 19:59:36,093]: uncharger.negativecharger.gap3 : 0.0061
[2019-08-13 19:59:36,093]: uncharger.uncharger.gap1 : 0.0060
[2019-08-13 19:59:36,093]: negativecharger.negativecharger.gap3 : 0.0060
[2019-08-13 19:59:36,093]: alphaticr.aromatic.gap4 : 0.0059
[2019-08-13 19:59:36,093]: aromatic.postivecharger.gap2 : 0.0059
[2019-08-13 19:59:36,093]: uncharger.uncharger.gap4 : 0.0059
[2019-08-13 19:59:36,093]: uncharger.alphaticr.gap4 : 0.0058
[2019-08-13 19:59:36,093]: alphaticr.postivecharger.gap0 : 0.0057
[2019-08-13 19:59:36,093]: uncharger.postivecharger.gap3 : 0.0056
[2019-08-13 19:59:36,093]: postivecharger.postivecharger.gap3 : 0.0056
[2019-08-13 19:59:36,093]: alphaticr.uncharger.gap3 : 0.0055
[2019-08-13 19:59:36,093]: alphaticr.uncharger.gap4 : 0.0055
[2019-08-13 19:59:36,093]: aromatic.alphaticr.gap0 : 0.0055
[2019-08-13 19:59:36,093]: alphaticr.uncharger.gap1 : 0.0055
[2019-08-13 19:59:36,093]: aromatic.alphaticr.gap2 : 0.0055
[2019-08-13 19:59:36,093]: postivecharger.negativecharger.gap3 : 0.0054
[2019-08-13 19:59:36,093]: uncharger.uncharger.gap5 : 0.0051
[2019-08-13 19:59:36,093]: aromatic.aromatic.gap3 : 0.0051
[2019-08-13 19:59:36,093]: aromatic.alphaticr.gap3 : 0.0051
[2019-08-13 19:59:36,093]: feature_rank end
[2019-08-13 19:59:36,133]: Start dimension reduction ...
[2019-08-13 19:59:45,028]: length=1 accuarcy=0.4991 f1=0.5003 precision=0.5007 recall=0.5000 roc=0.4980 
[2019-08-13 19:59:53,684]: length=2 accuarcy=0.4783 f1=0.4825 precision=0.4838 recall=0.4818 roc=0.4811 
[2019-08-13 20:00:01,430]: length=3 accuarcy=0.5155 f1=0.5139 precision=0.5138 recall=0.5182 roc=0.5110 
[2019-08-13 20:00:11,027]: length=4 accuarcy=0.6520 f1=0.6532 precision=0.6535 recall=0.6545 roc=0.6500 
[2019-08-13 20:00:18,933]: length=5 accuarcy=0.6662 f1=0.6704 precision=0.6722 recall=0.6727 roc=0.6670 
[2019-08-13 20:00:27,351]: length=6 accuarcy=0.6762 f1=0.6790 precision=0.6818 recall=0.6818 roc=0.6755 
[2019-08-13 20:00:35,051]: length=7 accuarcy=0.6753 f1=0.6816 precision=0.6815 recall=0.6818 roc=0.6795 
[2019-08-13 20:00:43,177]: length=8 accuarcy=0.6686 f1=0.6704 precision=0.6722 recall=0.6727 roc=0.6670 
[2019-08-13 20:00:50,956]: length=9 accuarcy=0.6944 f1=0.6984 precision=0.6997 recall=0.7000 roc=0.6951 
[2019-08-13 20:00:58,671]: length=10 accuarcy=0.6489 f1=0.6521 precision=0.6536 recall=0.6545 roc=0.6487 
[2019-08-13 20:01:06,665]: length=11 accuarcy=0.7482 f1=0.7549 precision=0.7563 recall=0.7545 roc=0.7552 
[2019-08-13 20:01:14,996]: length=12 accuarcy=0.6594 f1=0.6638 precision=0.6641 recall=0.6636 roc=0.6625 
[2019-08-13 20:01:23,190]: length=13 accuarcy=0.6861 f1=0.6912 precision=0.6920 recall=0.6909 roc=0.6906 
[2019-08-13 20:01:32,372]: length=14 accuarcy=0.7108 f1=0.7180 precision=0.7179 recall=0.7182 roc=0.7160 
[2019-08-13 20:01:40,148]: length=15 accuarcy=0.6845 f1=0.6912 precision=0.6920 recall=0.6909 roc=0.6906 
[2019-08-13 20:01:48,903]: length=16 accuarcy=0.6918 f1=0.6998 precision=0.6997 recall=0.7000 roc=0.6977 
