[2019-08-15 20:51:04,801]: ---mrmd 2.0 start----
[2019-08-15 20:51:04,837]: ANOVA start...
[2019-08-15 20:51:04,849]: ANOVA end.
[2019-08-15 20:51:04,849]: mic start...
[2019-08-15 20:51:10,503]: mic end.
[2019-08-15 20:51:10,503]: mrmd start...
[2019-08-15 20:51:10,766]: mrmd end.
[2019-08-15 20:51:10,767]: mRMR start...
[2019-08-15 20:51:10,885]: mRMR end.
[2019-08-15 20:51:10,885]: lasso start...
[2019-08-15 20:51:10,912]: lasso end.
[2019-08-15 20:51:10,912]: lasso2 start...
[2019-08-15 20:51:11,681]: lasso2 end.
[2019-08-15 20:51:11,685]: rank start ...
[2019-08-15 20:51:11,698]: The final  rank is
[2019-08-15 20:51:11,699]: Janin_P : 0.0092
[2019-08-15 20:51:11,699]: Engelman_GES_R : 0.0075
[2019-08-15 20:51:11,699]: Cornette_C : 0.0072
[2019-08-15 20:51:11,699]: Janin_D : 0.0072
[2019-08-15 20:51:11,700]: Rose_I : 0.0071
[2019-08-15 20:51:11,700]: Hopp_Woods_R : 0.0070
[2019-08-15 20:51:11,700]: Cornette_T : 0.0070
[2019-08-15 20:51:11,700]: Cornette_P : 0.0070
[2019-08-15 20:51:11,700]: hydrophily : 0.0069
[2019-08-15 20:51:11,700]: Cornette_V : 0.0068
[2019-08-15 20:51:11,700]: Rose_S : 0.0068
[2019-08-15 20:51:11,700]: Janin_Q : 0.0068
[2019-08-15 20:51:11,700]: polar : 0.0068
[2019-08-15 20:51:11,701]: Engelman_GES_D : 0.0068
[2019-08-15 20:51:11,701]: Kyte_Doolittle_I : 0.0067
[2019-08-15 20:51:11,701]: Eisenberg_R : 0.0067
[2019-08-15 20:51:11,701]: Cornette_F : 0.0066
[2019-08-15 20:51:11,701]: Cornette_L : 0.0066
[2019-08-15 20:51:11,701]: Kyte_Doolittle_A : 0.0066
[2019-08-15 20:51:11,701]: basic_polar : 0.0066
[2019-08-15 20:51:11,701]: Janin_R : 0.0066
[2019-08-15 20:51:11,701]: Engelman_GES_S : 0.0065
[2019-08-15 20:51:11,701]: Hopp_Woods_A : 0.0065
[2019-08-15 20:51:11,702]: Eisenberg_N : 0.0065
[2019-08-15 20:51:11,702]: Hopp_Woods_D : 0.0065
[2019-08-15 20:51:11,702]: Janin_T : 0.0064
[2019-08-15 20:51:11,702]: Hopp_Woods_I : 0.0064
[2019-08-15 20:51:11,702]: Engelman_GES_Q : 0.0064
[2019-08-15 20:51:11,702]: Rose_L : 0.0064
[2019-08-15 20:51:11,702]: Rose_H : 0.0063
[2019-08-15 20:51:11,702]: Rose_T : 0.0063
[2019-08-15 20:51:11,702]: Rose_R : 0.0062
[2019-08-15 20:51:11,702]: Janin_N : 0.0062
[2019-08-15 20:51:11,702]: Cornette_K : 0.0062
[2019-08-15 20:51:11,703]: Engelman_GES_N : 0.0062
[2019-08-15 20:51:11,703]: Engelman_GES_W : 0.0062
[2019-08-15 20:51:11,703]: Rose_W : 0.0061
[2019-08-15 20:51:11,703]: Engelman_GES_G : 0.0061
[2019-08-15 20:51:11,703]: Janin_V : 0.0060
[2019-08-15 20:51:11,703]: Kyte_Doolittle_C : 0.0060
[2019-08-15 20:51:11,703]: Cornette_W : 0.0059
[2019-08-15 20:51:11,703]: Janin_S : 0.0059
[2019-08-15 20:51:11,703]: Eisenberg_S : 0.0059
[2019-08-15 20:51:11,703]: Janin_M : 0.0059
[2019-08-15 20:51:11,703]: Hopp_Woods_T : 0.0059
[2019-08-15 20:51:11,703]: Cornette_Y : 0.0059
[2019-08-15 20:51:11,704]: Kyte_Doolittle_Y : 0.0059
[2019-08-15 20:51:11,704]: Kyte_Doolittle_Q : 0.0059
[2019-08-15 20:51:11,704]: Eisenberg_W : 0.0059
[2019-08-15 20:51:11,704]: moderate : 0.0058
[2019-08-15 20:51:11,704]: Engelman_GES_L : 0.0058
[2019-08-15 20:51:11,704]: nonpolar : 0.0058
[2019-08-15 20:51:11,704]: C : 0.0058
[2019-08-15 20:51:11,704]: alphatic : 0.0058
[2019-08-15 20:51:11,704]: Hopp_Woods_E : 0.0057
[2019-08-15 20:51:11,704]: G : 0.0057
[2019-08-15 20:51:11,704]: W : 0.0057
[2019-08-15 20:51:11,704]: Hopp_Woods_N : 0.0057
[2019-08-15 20:51:11,705]: aliphatic : 0.0057
[2019-08-15 20:51:11,705]: negative : 0.0057
[2019-08-15 20:51:11,705]: Kyte_Doolittle_W : 0.0057
[2019-08-15 20:51:11,705]: Kyte_Doolittle_K : 0.0057
[2019-08-15 20:51:11,705]: P : 0.0057
[2019-08-15 20:51:11,705]: D : 0.0057
[2019-08-15 20:51:11,705]: Eisenberg_L : 0.0057
[2019-08-15 20:51:11,705]: Eisenberg_Y : 0.0057
[2019-08-15 20:51:11,705]: Rose_M : 0.0057
[2019-08-15 20:51:11,705]: postivecharge : 0.0057
[2019-08-15 20:51:11,705]: Engelman_GES_K : 0.0057
[2019-08-15 20:51:11,705]: Kyte_Doolittle_H : 0.0057
[2019-08-15 20:51:11,706]: Hopp_Woods_H : 0.0056
[2019-08-15 20:51:11,706]: Hopp_Woods_F : 0.0056
[2019-08-15 20:51:11,706]: Eisenberg_I : 0.0056
[2019-08-15 20:51:11,706]: Cornette_I : 0.0056
[2019-08-15 20:51:11,706]: Cornette_H : 0.0056
[2019-08-15 20:51:11,706]: Janin_W : 0.0056
[2019-08-15 20:51:11,706]: Kyte_Doolittle_F : 0.0056
[2019-08-15 20:51:11,706]: Engelman_GES_I : 0.0056
[2019-08-15 20:51:11,706]: Engelman_GES_M : 0.0056
[2019-08-15 20:51:11,706]: Engelman_GES_V : 0.0056
[2019-08-15 20:51:11,706]: Kyte_Doolittle_L : 0.0056
[2019-08-15 20:51:11,707]: positve : 0.0056
[2019-08-15 20:51:11,707]: Janin_L : 0.0056
[2019-08-15 20:51:11,707]: Janin_F : 0.0055
[2019-08-15 20:51:11,707]: Hopp_Woods_V : 0.0055
[2019-08-15 20:51:11,707]: Cornette_A : 0.0055
[2019-08-15 20:51:11,707]: T : 0.0055
[2019-08-15 20:51:11,707]: I : 0.0055
[2019-08-15 20:51:11,707]: Hopp_Woods_S : 0.0055
[2019-08-15 20:51:11,707]: Eisenberg_D : 0.0055
[2019-08-15 20:51:11,707]: Cornette_D : 0.0055
[2019-08-15 20:51:11,707]: H : 0.0055
[2019-08-15 20:51:11,707]: Kyte_Doolittle_N : 0.0055
[2019-08-15 20:51:11,708]: Cornette_E : 0.0055
[2019-08-15 20:51:11,708]: Rose_F : 0.0055
[2019-08-15 20:51:11,708]: A : 0.0055
[2019-08-15 20:51:11,708]: S : 0.0055
[2019-08-15 20:51:11,708]: Janin_E : 0.0055
[2019-08-15 20:51:11,708]: Kyte_Doolittle_D : 0.0055
[2019-08-15 20:51:11,708]: aromatic : 0.0055
[2019-08-15 20:51:11,708]: Engelman_GES_A : 0.0055
[2019-08-15 20:51:11,709]: Eisenberg_G : 0.0055
[2019-08-15 20:51:11,709]: Engelman_GES_F : 0.0055
[2019-08-15 20:51:11,709]: Rose_C : 0.0055
[2019-08-15 20:51:11,709]: Kyte_Doolittle_E : 0.0055
[2019-08-15 20:51:11,709]: Kyte_Doolittle_V : 0.0055
[2019-08-15 20:51:11,709]: Rose_A : 0.0055
[2019-08-15 20:51:11,709]: R : 0.0055
[2019-08-15 20:51:11,709]: Engelman_GES_E : 0.0055
[2019-08-15 20:51:11,709]: Eisenberg_K : 0.0055
[2019-08-15 20:51:11,709]: Hopp_Woods_L : 0.0054
[2019-08-15 20:51:11,710]: Janin_Y : 0.0054
[2019-08-15 20:51:11,710]: Rose_D : 0.0054
[2019-08-15 20:51:11,710]: Rose_P : 0.0054
[2019-08-15 20:51:11,710]: Eisenberg_F : 0.0054
[2019-08-15 20:51:11,710]: Kyte_Doolittle_S : 0.0054
[2019-08-15 20:51:11,710]: Q : 0.0054
[2019-08-15 20:51:11,710]: Kyte_Doolittle_G : 0.0054
[2019-08-15 20:51:11,710]: Hopp_Woods_C : 0.0054
[2019-08-15 20:51:11,710]: F : 0.0054
[2019-08-15 20:51:11,710]: Janin_H : 0.0054
[2019-08-15 20:51:11,710]: Cornette_S : 0.0054
[2019-08-15 20:51:11,710]: Cornette_M : 0.0054
[2019-08-15 20:51:11,711]: Engelman_GES_Y : 0.0054
[2019-08-15 20:51:11,711]: hydrophobicity : 0.0054
[2019-08-15 20:51:11,711]: E : 0.0054
[2019-08-15 20:51:11,711]: L : 0.0054
[2019-08-15 20:51:11,711]: Rose_E : 0.0054
[2019-08-15 20:51:11,711]: V : 0.0054
[2019-08-15 20:51:11,711]: negativecharge : 0.0054
[2019-08-15 20:51:11,711]: Eisenberg_V : 0.0054
[2019-08-15 20:51:11,711]: K : 0.0053
[2019-08-15 20:51:11,711]: Hopp_Woods_K : 0.0053
[2019-08-15 20:51:11,711]: Janin_I : 0.0053
[2019-08-15 20:51:11,712]: Eisenberg_H : 0.0053
[2019-08-15 20:51:11,712]: Rose_N : 0.0053
[2019-08-15 20:51:11,712]: Janin_K : 0.0053
[2019-08-15 20:51:11,712]: Hopp_Woods_Y : 0.0053
[2019-08-15 20:51:11,712]: Eisenberg_P : 0.0053
[2019-08-15 20:51:11,712]: N : 0.0053
[2019-08-15 20:51:11,712]: Hopp_Woods_W : 0.0053
[2019-08-15 20:51:11,712]: Engelman_GES_P : 0.0053
[2019-08-15 20:51:11,712]: uncharge : 0.0053
[2019-08-15 20:51:11,712]: Rose_Q : 0.0053
[2019-08-15 20:51:11,712]: Hopp_Woods_Q : 0.0053
[2019-08-15 20:51:11,713]: Rose_V : 0.0053
[2019-08-15 20:51:11,713]: Janin_A : 0.0052
[2019-08-15 20:51:11,713]: Kyte_Doolittle_R : 0.0052
[2019-08-15 20:51:11,713]: Janin_C : 0.0052
[2019-08-15 20:51:11,713]: Y : 0.0052
[2019-08-15 20:51:11,713]: Eisenberg_A : 0.0052
[2019-08-15 20:51:11,713]: Cornette_Q : 0.0052
[2019-08-15 20:51:11,713]: heterocyclics : 0.0052
[2019-08-15 20:51:11,713]: Kyte_Doolittle_M : 0.0051
[2019-08-15 20:51:11,713]: Kyte_Doolittle_P : 0.0051
[2019-08-15 20:51:11,713]: Engelman_GES_H : 0.0051
[2019-08-15 20:51:11,713]: Engelman_GES_T : 0.0051
[2019-08-15 20:51:11,713]: Rose_K : 0.0050
[2019-08-15 20:51:11,714]: neutral : 0.0050
[2019-08-15 20:51:11,714]: Eisenberg_C : 0.0050
[2019-08-15 20:51:11,714]: Eisenberg_E : 0.0050
[2019-08-15 20:51:11,714]: Engelman_GES_C : 0.0050
[2019-08-15 20:51:11,714]: Eisenberg_M : 0.0049
[2019-08-15 20:51:11,714]: Hopp_Woods_M : 0.0048
[2019-08-15 20:51:11,714]: Kyte_Doolittle_T : 0.0046
[2019-08-15 20:51:11,714]: acidic_polar : 0.0045
[2019-08-15 20:51:11,714]: Cornette_R : 0.0045
[2019-08-15 20:51:11,714]: Eisenberg_Q : 0.0044
[2019-08-15 20:51:11,714]: M : 0.0044
[2019-08-15 20:51:11,715]: Janin_G : 0.0044
[2019-08-15 20:51:11,715]: Rose_Y : 0.0044
[2019-08-15 20:51:11,715]: Rose_G : 0.0043
[2019-08-15 20:51:11,715]: aromatic.1 : 0.0043
[2019-08-15 20:51:11,715]: Eisenberg_T : 0.0039
[2019-08-15 20:51:11,715]: Cornette_N : 0.0035
[2019-08-15 20:51:11,715]: Cornette_G : 0.0030
[2019-08-15 20:51:11,715]: Hopp_Woods_G : 0.0025
[2019-08-15 20:51:11,715]: Hopp_Woods_P : 0.0020
[2019-08-15 20:51:11,715]: feature_rank end
[2019-08-15 20:51:11,735]: Start dimension reduction ...
[2019-08-15 20:51:16,283]: length=1 f1=0.7382 accuarcy=0.7609 precision=0.8329 recall=0.7609 roc=0.7317 
[2019-08-15 20:51:21,048]: length=2 f1=0.7258 accuarcy=0.7283 precision=0.7277 recall=0.7283 roc=0.7190 
[2019-08-15 20:51:25,559]: length=3 f1=0.7697 accuarcy=0.7717 precision=0.7723 recall=0.7717 roc=0.7630 
[2019-08-15 20:51:29,936]: length=4 f1=0.8362 accuarcy=0.8370 precision=0.8372 recall=0.8370 roc=0.8314 
[2019-08-15 20:51:34,287]: length=5 f1=0.8803 accuarcy=0.8804 precision=0.8803 recall=0.8804 roc=0.8778 
[2019-08-15 20:51:38,647]: length=6 f1=0.8910 accuarcy=0.8913 precision=0.8915 recall=0.8913 roc=0.8876 
[2019-08-15 20:51:43,271]: length=7 f1=0.8799 accuarcy=0.8804 precision=0.8812 recall=0.8804 roc=0.8754 
[2019-08-15 20:51:47,784]: length=8 f1=0.8580 accuarcy=0.8587 precision=0.8592 recall=0.8587 roc=0.8534 
[2019-08-15 20:51:52,485]: length=9 f1=0.8468 accuarcy=0.8478 precision=0.8491 recall=0.8478 roc=0.8412 
[2019-08-15 20:51:56,902]: length=10 f1=0.8580 accuarcy=0.8587 precision=0.8592 recall=0.8587 roc=0.8534 
[2019-08-15 20:52:01,362]: length=11 f1=0.8143 accuarcy=0.8152 precision=0.8152 recall=0.8152 roc=0.8094 
[2019-08-15 20:52:06,082]: length=12 f1=0.8355 accuarcy=0.8370 precision=0.8391 recall=0.8370 roc=0.8290 
[2019-08-15 20:52:10,725]: length=13 f1=0.8256 accuarcy=0.8261 precision=0.8259 recall=0.8261 roc=0.8216 
[2019-08-15 20:52:15,311]: length=14 f1=0.8696 accuarcy=0.8696 precision=0.8696 recall=0.8696 roc=0.8680 
[2019-08-15 20:52:19,820]: length=15 f1=0.8468 accuarcy=0.8478 precision=0.8491 recall=0.8478 roc=0.8412 
[2019-08-15 20:52:24,263]: length=16 f1=0.8696 accuarcy=0.8696 precision=0.8696 recall=0.8696 roc=0.8680 
[2019-08-15 20:52:29,008]: length=17 f1=0.9017 accuarcy=0.9022 precision=0.9032 recall=0.9022 roc=0.8974 
[2019-08-15 20:52:33,588]: length=18 f1=0.9020 accuarcy=0.9022 precision=0.9021 recall=0.9022 roc=0.8998 
[2019-08-15 20:52:38,128]: length=19 f1=0.8580 accuarcy=0.8587 precision=0.8592 recall=0.8587 roc=0.8534 
[2019-08-15 20:52:42,602]: length=20 f1=0.8474 accuarcy=0.8478 precision=0.8478 recall=0.8478 roc=0.8436 
[2019-08-15 20:52:46,980]: length=21 f1=0.8803 accuarcy=0.8804 precision=0.8803 recall=0.8804 roc=0.8778 
[2019-08-15 20:52:51,307]: length=22 f1=0.8580 accuarcy=0.8587 precision=0.8592 recall=0.8587 roc=0.8534 
[2019-08-15 20:52:55,589]: length=23 f1=0.8468 accuarcy=0.8478 precision=0.8491 recall=0.8478 roc=0.8412 
[2019-08-15 20:53:00,112]: length=24 f1=0.8585 accuarcy=0.8587 precision=0.8585 recall=0.8587 roc=0.8558 
[2019-08-15 20:53:04,987]: length=25 f1=0.8371 accuarcy=0.8370 precision=0.8375 recall=0.8370 roc=0.8362 
[2019-08-15 20:53:10,520]: length=26 f1=0.8692 accuarcy=0.8696 precision=0.8696 recall=0.8696 roc=0.8656 
[2019-08-15 20:53:15,938]: length=27 f1=0.8474 accuarcy=0.8478 precision=0.8478 recall=0.8478 roc=0.8436 
[2019-08-15 20:53:20,244]: length=28 f1=0.8585 accuarcy=0.8587 precision=0.8585 recall=0.8587 roc=0.8558 
[2019-08-15 20:53:24,471]: length=29 f1=0.8249 accuarcy=0.8261 precision=0.8269 recall=0.8261 roc=0.8192 
[2019-08-15 20:53:29,171]: length=30 f1=0.8460 accuarcy=0.8478 precision=0.8518 recall=0.8478 roc=0.8388 
[2019-08-15 20:53:33,979]: length=31 f1=0.8478 accuarcy=0.8478 precision=0.8478 recall=0.8478 roc=0.8460 
[2019-08-15 20:53:39,134]: length=32 f1=0.8468 accuarcy=0.8478 precision=0.8491 recall=0.8478 roc=0.8412 
[2019-08-15 20:53:43,574]: length=33 f1=0.8371 accuarcy=0.8370 precision=0.8375 recall=0.8370 roc=0.8362 
[2019-08-15 20:53:47,926]: length=34 f1=0.8692 accuarcy=0.8696 precision=0.8696 recall=0.8696 roc=0.8656 
[2019-08-15 20:53:52,092]: length=35 f1=0.8367 accuarcy=0.8370 precision=0.8367 recall=0.8370 roc=0.8338 
[2019-08-15 20:53:56,540]: length=36 f1=0.8696 accuarcy=0.8696 precision=0.8696 recall=0.8696 roc=0.8680 
[2019-08-15 20:54:00,989]: length=37 f1=0.8256 accuarcy=0.8261 precision=0.8259 recall=0.8261 roc=0.8216 
[2019-08-15 20:54:05,526]: length=38 f1=0.8580 accuarcy=0.8587 precision=0.8592 recall=0.8587 roc=0.8534 
[2019-08-15 20:54:09,663]: length=39 f1=0.8474 accuarcy=0.8478 precision=0.8478 recall=0.8478 roc=0.8436 
[2019-08-15 20:54:14,388]: length=40 f1=0.8910 accuarcy=0.8913 precision=0.8915 recall=0.8913 roc=0.8876 
[2019-08-15 20:54:19,413]: length=41 f1=0.8910 accuarcy=0.8913 precision=0.8915 recall=0.8913 roc=0.8876 
[2019-08-15 20:54:24,919]: length=42 f1=0.8696 accuarcy=0.8696 precision=0.8696 recall=0.8696 roc=0.8680 
[2019-08-15 20:54:29,274]: length=43 f1=0.8585 accuarcy=0.8587 precision=0.8585 recall=0.8587 roc=0.8558 
[2019-08-15 20:54:33,994]: length=44 f1=0.8474 accuarcy=0.8478 precision=0.8478 recall=0.8478 roc=0.8436 
[2019-08-15 20:54:38,319]: length=45 f1=0.8799 accuarcy=0.8804 precision=0.8812 recall=0.8804 roc=0.8754 
[2019-08-15 20:54:42,543]: length=46 f1=0.8692 accuarcy=0.8696 precision=0.8696 recall=0.8696 roc=0.8656 
[2019-08-15 20:54:46,811]: length=47 f1=0.8362 accuarcy=0.8370 precision=0.8372 recall=0.8370 roc=0.8314 
[2019-08-15 20:54:51,122]: length=48 f1=0.8367 accuarcy=0.8370 precision=0.8367 recall=0.8370 roc=0.8338 
[2019-08-15 20:54:56,504]: length=49 f1=0.8585 accuarcy=0.8587 precision=0.8585 recall=0.8587 roc=0.8558 
[2019-08-15 20:55:01,575]: length=50 f1=0.8468 accuarcy=0.8478 precision=0.8491 recall=0.8478 roc=0.8412 
[2019-08-15 20:55:05,820]: length=51 f1=0.8478 accuarcy=0.8478 precision=0.8478 recall=0.8478 roc=0.8460 
[2019-08-15 20:55:10,164]: length=52 f1=0.8249 accuarcy=0.8261 precision=0.8269 recall=0.8261 roc=0.8192 
[2019-08-15 20:55:14,863]: length=53 f1=0.8799 accuarcy=0.8804 precision=0.8812 recall=0.8804 roc=0.8754 
[2019-08-15 20:55:19,626]: length=54 f1=0.8692 accuarcy=0.8696 precision=0.8696 recall=0.8696 roc=0.8656 
[2019-08-15 20:55:24,176]: length=55 f1=0.8362 accuarcy=0.8370 precision=0.8372 recall=0.8370 roc=0.8314 
[2019-08-15 20:55:28,273]: length=56 f1=0.8474 accuarcy=0.8478 precision=0.8478 recall=0.8478 roc=0.8436 
[2019-08-15 20:55:32,468]: length=57 f1=0.8687 accuarcy=0.8696 precision=0.8712 recall=0.8696 roc=0.8632 
[2019-08-15 20:55:37,254]: length=58 f1=0.8474 accuarcy=0.8478 precision=0.8478 recall=0.8478 roc=0.8436 
[2019-08-15 20:55:42,284]: length=59 f1=0.8580 accuarcy=0.8587 precision=0.8592 recall=0.8587 roc=0.8534 
[2019-08-15 20:55:46,413]: length=60 f1=0.8474 accuarcy=0.8478 precision=0.8478 recall=0.8478 roc=0.8436 
[2019-08-15 20:55:50,967]: length=61 f1=0.8478 accuarcy=0.8478 precision=0.8478 recall=0.8478 roc=0.8460 
[2019-08-15 20:55:55,950]: length=62 f1=0.8474 accuarcy=0.8478 precision=0.8478 recall=0.8478 roc=0.8436 
[2019-08-15 20:56:01,370]: length=63 f1=0.8580 accuarcy=0.8587 precision=0.8592 recall=0.8587 roc=0.8534 
[2019-08-15 20:56:05,414]: length=64 f1=0.8474 accuarcy=0.8478 precision=0.8478 recall=0.8478 roc=0.8436 
[2019-08-15 20:56:09,568]: length=65 f1=0.8367 accuarcy=0.8370 precision=0.8367 recall=0.8370 roc=0.8338 
[2019-08-15 20:56:13,645]: length=66 f1=0.8367 accuarcy=0.8370 precision=0.8367 recall=0.8370 roc=0.8338 
[2019-08-15 20:56:17,879]: length=67 f1=0.8580 accuarcy=0.8587 precision=0.8592 recall=0.8587 roc=0.8534 
[2019-08-15 20:56:22,340]: length=68 f1=0.8474 accuarcy=0.8478 precision=0.8478 recall=0.8478 roc=0.8436 
[2019-08-15 20:56:27,417]: length=69 f1=0.8468 accuarcy=0.8478 precision=0.8491 recall=0.8478 roc=0.8412 
