[2019-08-22 14:49:16,470]: ---mrmd 2.0 start----
[2019-08-22 14:49:16,566]: ANOVA start...
[2019-08-22 14:49:16,579]: ANOVA end.
[2019-08-22 14:49:16,579]: mic start...
[2019-08-22 14:49:26,014]: mic end.
[2019-08-22 14:49:26,015]: mrmd start...
[2019-08-22 14:49:26,263]: mrmd end.
[2019-08-22 14:49:26,263]: mRMR start...
[2019-08-22 14:49:37,580]: mRMR end.
[2019-08-22 14:49:37,580]: lasso start...
[2019-08-22 14:49:39,585]: lasso end.
[2019-08-22 14:49:39,585]: lasso2 start...
[2019-08-22 14:49:40,357]: lasso2 end.
[2019-08-22 14:49:40,360]: rank start ...
[2019-08-22 14:49:40,374]: The final  rank is
[2019-08-22 14:49:40,374]: Hopp_Woods_R : 0.0076
[2019-08-22 14:49:40,374]: Janin_P : 0.0075
[2019-08-22 14:49:40,375]: Engelman_GES_D : 0.0073
[2019-08-22 14:49:40,375]: hydrophily : 0.0073
[2019-08-22 14:49:40,375]: Cornette_T : 0.0072
[2019-08-22 14:49:40,375]: Cornette_C : 0.0071
[2019-08-22 14:49:40,375]: Janin_W : 0.0071
[2019-08-22 14:49:40,375]: Kyte_Doolittle_A : 0.0071
[2019-08-22 14:49:40,375]: Kyte_Doolittle_I : 0.0070
[2019-08-22 14:49:40,375]: Janin_D : 0.0069
[2019-08-22 14:49:40,375]: Rose_I : 0.0069
[2019-08-22 14:49:40,375]: Engelman_GES_N : 0.0069
[2019-08-22 14:49:40,375]: Cornette_V : 0.0069
[2019-08-22 14:49:40,376]: Cornette_P : 0.0067
[2019-08-22 14:49:40,376]: Engelman_GES_Q : 0.0067
[2019-08-22 14:49:40,376]: basic_polar : 0.0066
[2019-08-22 14:49:40,376]: Rose_S : 0.0066
[2019-08-22 14:49:40,376]: Engelman_GES_S : 0.0066
[2019-08-22 14:49:40,376]: Hopp_Woods_D : 0.0066
[2019-08-22 14:49:40,376]: Cornette_F : 0.0066
[2019-08-22 14:49:40,376]: Hopp_Woods_I : 0.0065
[2019-08-22 14:49:40,376]: polar : 0.0065
[2019-08-22 14:49:40,376]: Engelman_GES_W : 0.0065
[2019-08-22 14:49:40,376]: aliphatic : 0.0065
[2019-08-22 14:49:40,376]: Eisenberg_R : 0.0065
[2019-08-22 14:49:40,377]: Janin_V : 0.0065
[2019-08-22 14:49:40,377]: Eisenberg_N : 0.0064
[2019-08-22 14:49:40,377]: Engelman_GES_E : 0.0064
[2019-08-22 14:49:40,377]: Hopp_Woods_A : 0.0064
[2019-08-22 14:49:40,377]: Cornette_D : 0.0064
[2019-08-22 14:49:40,377]: Cornette_K : 0.0064
[2019-08-22 14:49:40,377]: Rose_P : 0.0063
[2019-08-22 14:49:40,377]: Janin_Y : 0.0063
[2019-08-22 14:49:40,377]: Janin_H : 0.0063
[2019-08-22 14:49:40,377]: C : 0.0063
[2019-08-22 14:49:40,377]: Engelman_GES_R : 0.0062
[2019-08-22 14:49:40,378]: Kyte_Doolittle_C : 0.0062
[2019-08-22 14:49:40,378]: Engelman_GES_Y : 0.0061
[2019-08-22 14:49:40,378]: Rose_H : 0.0061
[2019-08-22 14:49:40,378]: nonpolar : 0.0061
[2019-08-22 14:49:40,378]: Rose_L : 0.0061
[2019-08-22 14:49:40,378]: moderate : 0.0060
[2019-08-22 14:49:40,378]: Cornette_W : 0.0060
[2019-08-22 14:49:40,378]: Kyte_Doolittle_Q : 0.0059
[2019-08-22 14:49:40,379]: Kyte_Doolittle_Y : 0.0059
[2019-08-22 14:49:40,379]: Janin_Q : 0.0059
[2019-08-22 14:49:40,379]: Kyte_Doolittle_H : 0.0058
[2019-08-22 14:49:40,379]: Engelman_GES_L : 0.0058
[2019-08-22 14:49:40,379]: D : 0.0058
[2019-08-22 14:49:40,379]: Rose_R : 0.0058
[2019-08-22 14:49:40,379]: Cornette_H : 0.0058
[2019-08-22 14:49:40,379]: Engelman_GES_G : 0.0058
[2019-08-22 14:49:40,379]: Cornette_Q : 0.0058
[2019-08-22 14:49:40,379]: Hopp_Woods_Q : 0.0058
[2019-08-22 14:49:40,379]: Kyte_Doolittle_K : 0.0058
[2019-08-22 14:49:40,379]: K : 0.0057
[2019-08-22 14:49:40,380]: alphatic : 0.0057
[2019-08-22 14:49:40,380]: I : 0.0057
[2019-08-22 14:49:40,380]: Janin_L : 0.0057
[2019-08-22 14:49:40,380]: Kyte_Doolittle_F : 0.0056
[2019-08-22 14:49:40,380]: Kyte_Doolittle_L : 0.0056
[2019-08-22 14:49:40,380]: Hopp_Woods_C : 0.0056
[2019-08-22 14:49:40,380]: positve : 0.0056
[2019-08-22 14:49:40,380]: Cornette_E : 0.0056
[2019-08-22 14:49:40,380]: G : 0.0056
[2019-08-22 14:49:40,380]: Kyte_Doolittle_D : 0.0056
[2019-08-22 14:49:40,380]: Cornette_A : 0.0056
[2019-08-22 14:49:40,381]: Kyte_Doolittle_G : 0.0056
[2019-08-22 14:49:40,381]: Cornette_S : 0.0056
[2019-08-22 14:49:40,381]: Kyte_Doolittle_W : 0.0056
[2019-08-22 14:49:40,381]: Rose_N : 0.0056
[2019-08-22 14:49:40,381]: Engelman_GES_K : 0.0056
[2019-08-22 14:49:40,381]: uncharge : 0.0056
[2019-08-22 14:49:40,381]: Rose_W : 0.0056
[2019-08-22 14:49:40,381]: Q : 0.0056
[2019-08-22 14:49:40,381]: Engelman_GES_F : 0.0055
[2019-08-22 14:49:40,381]: Janin_R : 0.0055
[2019-08-22 14:49:40,381]: T : 0.0055
[2019-08-22 14:49:40,382]: Kyte_Doolittle_S : 0.0055
[2019-08-22 14:49:40,382]: Engelman_GES_P : 0.0055
[2019-08-22 14:49:40,382]: Engelman_GES_I : 0.0055
[2019-08-22 14:49:40,382]: W : 0.0055
[2019-08-22 14:49:40,382]: Hopp_Woods_F : 0.0055
[2019-08-22 14:49:40,382]: postivecharge : 0.0055
[2019-08-22 14:49:40,382]: Eisenberg_W : 0.0055
[2019-08-22 14:49:40,382]: Engelman_GES_V : 0.0055
[2019-08-22 14:49:40,382]: Hopp_Woods_E : 0.0055
[2019-08-22 14:49:40,382]: Janin_T : 0.0055
[2019-08-22 14:49:40,382]: Hopp_Woods_S : 0.0055
[2019-08-22 14:49:40,382]: Janin_I : 0.0055
[2019-08-22 14:49:40,383]: Rose_V : 0.0055
[2019-08-22 14:49:40,383]: Kyte_Doolittle_N : 0.0055
[2019-08-22 14:49:40,383]: Hopp_Woods_H : 0.0055
[2019-08-22 14:49:40,383]: Hopp_Woods_Y : 0.0055
[2019-08-22 14:49:40,383]: Janin_K : 0.0054
[2019-08-22 14:49:40,383]: Rose_T : 0.0054
[2019-08-22 14:49:40,383]: E : 0.0054
[2019-08-22 14:49:40,383]: Hopp_Woods_T : 0.0054
[2019-08-22 14:49:40,383]: Eisenberg_Y : 0.0054
[2019-08-22 14:49:40,383]: Engelman_GES_A : 0.0054
[2019-08-22 14:49:40,383]: H : 0.0054
[2019-08-22 14:49:40,384]: Kyte_Doolittle_V : 0.0054
[2019-08-22 14:49:40,384]: Cornette_Y : 0.0054
[2019-08-22 14:49:40,384]: Cornette_I : 0.0054
[2019-08-22 14:49:40,384]: Engelman_GES_M : 0.0054
[2019-08-22 14:49:40,384]: Kyte_Doolittle_M : 0.0054
[2019-08-22 14:49:40,384]: Rose_D : 0.0054
[2019-08-22 14:49:40,384]: Eisenberg_A : 0.0054
[2019-08-22 14:49:40,384]: Eisenberg_I : 0.0054
[2019-08-22 14:49:40,384]: aromatic : 0.0054
[2019-08-22 14:49:40,384]: Rose_F : 0.0054
[2019-08-22 14:49:40,384]: Kyte_Doolittle_R : 0.0054
[2019-08-22 14:49:40,385]: Cornette_L : 0.0054
[2019-08-22 14:49:40,385]: R : 0.0054
[2019-08-22 14:49:40,385]: Eisenberg_S : 0.0054
[2019-08-22 14:49:40,385]: Rose_Q : 0.0054
[2019-08-22 14:49:40,385]: Eisenberg_K : 0.0054
[2019-08-22 14:49:40,385]: Hopp_Woods_K : 0.0054
[2019-08-22 14:49:40,385]: N : 0.0054
[2019-08-22 14:49:40,385]: V : 0.0054
[2019-08-22 14:49:40,385]: Eisenberg_V : 0.0054
[2019-08-22 14:49:40,385]: Kyte_Doolittle_P : 0.0053
[2019-08-22 14:49:40,385]: P : 0.0053
[2019-08-22 14:49:40,386]: Cornette_M : 0.0053
[2019-08-22 14:49:40,386]: Engelman_GES_H : 0.0053
[2019-08-22 14:49:40,386]: Kyte_Doolittle_E : 0.0053
[2019-08-22 14:49:40,386]: Rose_M : 0.0053
[2019-08-22 14:49:40,386]: A : 0.0053
[2019-08-22 14:49:40,386]: Janin_S : 0.0053
[2019-08-22 14:49:40,386]: Hopp_Woods_L : 0.0053
[2019-08-22 14:49:40,386]: Eisenberg_D : 0.0053
[2019-08-22 14:49:40,386]: Rose_A : 0.0053
[2019-08-22 14:49:40,386]: Eisenberg_L : 0.0053
[2019-08-22 14:49:40,386]: hydrophobicity : 0.0053
[2019-08-22 14:49:40,386]: Hopp_Woods_N : 0.0053
[2019-08-22 14:49:40,387]: Kyte_Doolittle_T : 0.0053
[2019-08-22 14:49:40,387]: F : 0.0053
[2019-08-22 14:49:40,387]: Engelman_GES_T : 0.0053
[2019-08-22 14:49:40,387]: neutral : 0.0053
[2019-08-22 14:49:40,387]: Hopp_Woods_W : 0.0052
[2019-08-22 14:49:40,387]: Janin_N : 0.0052
[2019-08-22 14:49:40,387]: Rose_K : 0.0052
[2019-08-22 14:49:40,387]: Hopp_Woods_V : 0.0052
[2019-08-22 14:49:40,387]: S : 0.0052
[2019-08-22 14:49:40,387]: Eisenberg_G : 0.0052
[2019-08-22 14:49:40,387]: Eisenberg_M : 0.0052
[2019-08-22 14:49:40,387]: Y : 0.0052
[2019-08-22 14:49:40,388]: Janin_F : 0.0052
[2019-08-22 14:49:40,388]: Janin_A : 0.0052
[2019-08-22 14:49:40,388]: negative : 0.0052
[2019-08-22 14:49:40,388]: Rose_C : 0.0052
[2019-08-22 14:49:40,388]: Eisenberg_T : 0.0052
[2019-08-22 14:49:40,388]: Eisenberg_P : 0.0052
[2019-08-22 14:49:40,388]: Hopp_Woods_M : 0.0052
[2019-08-22 14:49:40,388]: M : 0.0052
[2019-08-22 14:49:40,388]: Eisenberg_H : 0.0052
[2019-08-22 14:49:40,388]: Janin_C : 0.0052
[2019-08-22 14:49:40,389]: Engelman_GES_C : 0.0052
[2019-08-22 14:49:40,389]: Janin_E : 0.0052
[2019-08-22 14:49:40,389]: negativecharge : 0.0051
[2019-08-22 14:49:40,389]: Janin_M : 0.0051
[2019-08-22 14:49:40,389]: L : 0.0050
[2019-08-22 14:49:40,389]: Eisenberg_Q : 0.0050
[2019-08-22 14:49:40,389]: Eisenberg_C : 0.0050
[2019-08-22 14:49:40,389]: acidic_polar : 0.0049
[2019-08-22 14:49:40,389]: Rose_E : 0.0047
[2019-08-22 14:49:40,389]: Rose_Y : 0.0047
[2019-08-22 14:49:40,389]: Janin_G : 0.0046
[2019-08-22 14:49:40,389]: Cornette_R : 0.0046
[2019-08-22 14:49:40,390]: Eisenberg_F : 0.0046
[2019-08-22 14:49:40,390]: Rose_G : 0.0046
[2019-08-22 14:49:40,390]: Eisenberg_E : 0.0046
[2019-08-22 14:49:40,390]: aromatic.1 : 0.0043
[2019-08-22 14:49:40,390]: heterocyclics : 0.0043
[2019-08-22 14:49:40,390]: Cornette_N : 0.0042
[2019-08-22 14:49:40,390]: Cornette_G : 0.0032
[2019-08-22 14:49:40,390]: Hopp_Woods_G : 0.0029
[2019-08-22 14:49:40,390]: Hopp_Woods_P : 0.0019
[2019-08-22 14:49:40,390]: feature_rank end
[2019-08-22 14:49:40,410]: Start dimension reduction ...
[2019-08-22 14:49:47,540]: length=1 f1=0.6957 accuarcy=0.6957 precision=0.6957 recall=0.6957 roc=0.6920 
[2019-08-22 14:49:55,752]: length=2 f1=0.7477 accuarcy=0.7500 precision=0.7500 recall=0.7500 roc=0.7410 
[2019-08-22 14:50:03,267]: length=3 f1=0.8362 accuarcy=0.8370 precision=0.8372 recall=0.8370 roc=0.8314 
[2019-08-22 14:50:10,610]: length=4 f1=0.8367 accuarcy=0.8370 precision=0.8367 recall=0.8370 roc=0.8338 
[2019-08-22 14:50:18,736]: length=5 f1=0.8696 accuarcy=0.8696 precision=0.8696 recall=0.8696 roc=0.8680 
[2019-08-22 14:50:26,233]: length=6 f1=0.8680 accuarcy=0.8696 precision=0.8743 recall=0.8696 roc=0.8608 
[2019-08-22 14:50:34,245]: length=7 f1=0.8574 accuarcy=0.8587 precision=0.8614 recall=0.8587 roc=0.8510 
[2019-08-22 14:50:41,767]: length=8 f1=0.8585 accuarcy=0.8587 precision=0.8585 recall=0.8587 roc=0.8558 
[2019-08-22 14:50:49,016]: length=9 f1=0.8574 accuarcy=0.8587 precision=0.8614 recall=0.8587 roc=0.8510 
[2019-08-22 14:50:56,924]: length=10 f1=0.8574 accuarcy=0.8587 precision=0.8614 recall=0.8587 roc=0.8510 
[2019-08-22 14:51:04,461]: length=11 f1=0.8799 accuarcy=0.8804 precision=0.8812 recall=0.8804 roc=0.8754 
[2019-08-22 14:51:12,694]: length=12 f1=0.8692 accuarcy=0.8696 precision=0.8696 recall=0.8696 roc=0.8656 
[2019-08-22 14:51:20,106]: length=13 f1=0.8799 accuarcy=0.8804 precision=0.8812 recall=0.8804 roc=0.8754 
[2019-08-22 14:51:27,633]: length=14 f1=0.8474 accuarcy=0.8478 precision=0.8478 recall=0.8478 roc=0.8436 
[2019-08-22 14:51:35,734]: length=15 f1=0.8580 accuarcy=0.8587 precision=0.8592 recall=0.8587 roc=0.8534 
[2019-08-22 14:51:44,447]: length=16 f1=0.8474 accuarcy=0.8478 precision=0.8478 recall=0.8478 roc=0.8436 
[2019-08-22 14:51:53,341]: length=17 f1=0.8687 accuarcy=0.8696 precision=0.8712 recall=0.8696 roc=0.8632 
[2019-08-22 14:52:01,974]: length=18 f1=0.8468 accuarcy=0.8478 precision=0.8491 recall=0.8478 roc=0.8412 
[2019-08-22 14:52:09,951]: length=19 f1=0.8574 accuarcy=0.8587 precision=0.8614 recall=0.8587 roc=0.8510 
[2019-08-22 14:52:18,123]: length=20 f1=0.8588 accuarcy=0.8587 precision=0.8592 recall=0.8587 roc=0.8582 
[2019-08-22 14:52:25,767]: length=21 f1=0.8474 accuarcy=0.8478 precision=0.8478 recall=0.8478 roc=0.8436 
[2019-08-22 14:52:33,071]: length=22 f1=0.8474 accuarcy=0.8478 precision=0.8478 recall=0.8478 roc=0.8436 
[2019-08-22 14:52:41,463]: length=23 f1=0.8474 accuarcy=0.8478 precision=0.8478 recall=0.8478 roc=0.8436 
[2019-08-22 14:52:49,202]: length=24 f1=0.8362 accuarcy=0.8370 precision=0.8372 recall=0.8370 roc=0.8314 
[2019-08-22 14:52:57,064]: length=25 f1=0.8692 accuarcy=0.8696 precision=0.8696 recall=0.8696 roc=0.8656 
[2019-08-22 14:53:04,901]: length=26 f1=0.8474 accuarcy=0.8478 precision=0.8478 recall=0.8478 roc=0.8436 
[2019-08-22 14:53:13,108]: length=27 f1=0.8474 accuarcy=0.8478 precision=0.8478 recall=0.8478 roc=0.8436 
[2019-08-22 14:53:20,621]: length=28 f1=0.8249 accuarcy=0.8261 precision=0.8269 recall=0.8261 roc=0.8192 
[2019-08-22 14:53:27,859]: length=29 f1=0.8474 accuarcy=0.8478 precision=0.8478 recall=0.8478 roc=0.8436 
[2019-08-22 14:53:37,877]: length=30 f1=0.8261 accuarcy=0.8261 precision=0.8261 recall=0.8261 roc=0.8240 
[2019-08-22 14:53:45,802]: length=31 f1=0.8362 accuarcy=0.8370 precision=0.8372 recall=0.8370 roc=0.8314 
[2019-08-22 14:53:56,864]: length=32 f1=0.8256 accuarcy=0.8261 precision=0.8259 recall=0.8261 roc=0.8216 
[2019-08-22 14:54:11,664]: length=33 f1=0.8692 accuarcy=0.8696 precision=0.8696 recall=0.8696 roc=0.8656 
[2019-08-22 14:54:20,118]: length=34 f1=0.8468 accuarcy=0.8478 precision=0.8491 recall=0.8478 roc=0.8412 
[2019-08-22 14:54:30,449]: length=35 f1=0.8362 accuarcy=0.8370 precision=0.8372 recall=0.8370 roc=0.8314 
[2019-08-22 14:54:38,720]: length=36 f1=0.8585 accuarcy=0.8587 precision=0.8585 recall=0.8587 roc=0.8558 
[2019-08-22 14:54:46,314]: length=37 f1=0.8367 accuarcy=0.8370 precision=0.8367 recall=0.8370 roc=0.8338 
[2019-08-22 14:54:53,809]: length=38 f1=0.8362 accuarcy=0.8370 precision=0.8372 recall=0.8370 roc=0.8314 
[2019-08-22 14:55:01,695]: length=39 f1=0.8585 accuarcy=0.8587 precision=0.8585 recall=0.8587 roc=0.8558 
[2019-08-22 14:55:10,576]: length=40 f1=0.8574 accuarcy=0.8587 precision=0.8614 recall=0.8587 roc=0.8510 
[2019-08-22 14:55:18,286]: length=41 f1=0.8580 accuarcy=0.8587 precision=0.8592 recall=0.8587 roc=0.8534 
[2019-08-22 14:55:25,625]: length=42 f1=0.8793 accuarcy=0.8804 precision=0.8837 recall=0.8804 roc=0.8730 
[2019-08-22 14:55:32,922]: length=43 f1=0.8580 accuarcy=0.8587 precision=0.8592 recall=0.8587 roc=0.8534 
[2019-08-22 14:55:40,499]: length=44 f1=0.8355 accuarcy=0.8370 precision=0.8391 recall=0.8370 roc=0.8290 
[2019-08-22 14:55:48,325]: length=45 f1=0.8580 accuarcy=0.8587 precision=0.8592 recall=0.8587 roc=0.8534 
[2019-08-22 14:55:55,989]: length=46 f1=0.8580 accuarcy=0.8587 precision=0.8592 recall=0.8587 roc=0.8534 
[2019-08-22 14:56:03,593]: length=47 f1=0.8692 accuarcy=0.8696 precision=0.8696 recall=0.8696 roc=0.8656 
[2019-08-22 14:56:11,150]: length=48 f1=0.8468 accuarcy=0.8478 precision=0.8491 recall=0.8478 roc=0.8412 
[2019-08-22 14:56:18,648]: length=49 f1=0.8474 accuarcy=0.8478 precision=0.8478 recall=0.8478 roc=0.8436 
[2019-08-22 14:56:26,044]: length=50 f1=0.8580 accuarcy=0.8587 precision=0.8592 recall=0.8587 roc=0.8534 
[2019-08-22 14:56:33,296]: length=51 f1=0.8256 accuarcy=0.8261 precision=0.8259 recall=0.8261 roc=0.8216 
[2019-08-22 14:56:40,767]: length=52 f1=0.8580 accuarcy=0.8587 precision=0.8592 recall=0.8587 roc=0.8534 
[2019-08-22 14:56:48,248]: length=53 f1=0.8362 accuarcy=0.8370 precision=0.8372 recall=0.8370 roc=0.8314 
[2019-08-22 14:56:56,621]: length=54 f1=0.8687 accuarcy=0.8696 precision=0.8712 recall=0.8696 roc=0.8632 
[2019-08-22 14:57:03,724]: length=55 f1=0.8256 accuarcy=0.8261 precision=0.8259 recall=0.8261 roc=0.8216 
[2019-08-22 14:57:10,884]: length=56 f1=0.8249 accuarcy=0.8261 precision=0.8269 recall=0.8261 roc=0.8192 
[2019-08-22 14:57:18,366]: length=57 f1=0.8468 accuarcy=0.8478 precision=0.8491 recall=0.8478 roc=0.8412 
[2019-08-22 14:57:26,248]: length=58 f1=0.8687 accuarcy=0.8696 precision=0.8712 recall=0.8696 roc=0.8632 
[2019-08-22 14:57:33,605]: length=59 f1=0.8687 accuarcy=0.8696 precision=0.8712 recall=0.8696 roc=0.8632 
[2019-08-22 14:57:41,018]: length=60 f1=0.8474 accuarcy=0.8478 precision=0.8478 recall=0.8478 roc=0.8436 
[2019-08-22 14:57:48,655]: length=61 f1=0.8468 accuarcy=0.8478 precision=0.8491 recall=0.8478 roc=0.8412 
[2019-08-22 14:57:56,662]: length=62 f1=0.8468 accuarcy=0.8478 precision=0.8491 recall=0.8478 roc=0.8412 
[2019-08-22 14:58:04,811]: length=63 f1=0.8468 accuarcy=0.8478 precision=0.8491 recall=0.8478 roc=0.8412 
[2019-08-22 14:58:12,415]: length=64 f1=0.8474 accuarcy=0.8478 precision=0.8478 recall=0.8478 roc=0.8436 
[2019-08-22 14:58:19,926]: length=65 f1=0.8249 accuarcy=0.8261 precision=0.8269 recall=0.8261 roc=0.8192 
[2019-08-22 14:58:27,369]: length=66 f1=0.8362 accuarcy=0.8370 precision=0.8372 recall=0.8370 roc=0.8314 
[2019-08-22 14:58:35,383]: length=67 f1=0.8580 accuarcy=0.8587 precision=0.8592 recall=0.8587 roc=0.8534 
[2019-08-22 14:58:42,588]: length=68 f1=0.8261 accuarcy=0.8261 precision=0.8261 recall=0.8261 roc=0.8240 
[2019-08-22 14:58:49,884]: length=69 f1=0.8468 accuarcy=0.8478 precision=0.8491 recall=0.8478 roc=0.8412 
[2019-08-22 14:58:57,092]: length=70 f1=0.8687 accuarcy=0.8696 precision=0.8712 recall=0.8696 roc=0.8632 
[2019-08-22 14:59:04,639]: length=71 f1=0.8468 accuarcy=0.8478 precision=0.8491 recall=0.8478 roc=0.8412 
[2019-08-22 14:59:12,195]: length=72 f1=0.8468 accuarcy=0.8478 precision=0.8491 recall=0.8478 roc=0.8412 
[2019-08-22 14:59:19,331]: length=73 f1=0.8468 accuarcy=0.8478 precision=0.8491 recall=0.8478 roc=0.8412 
[2019-08-22 14:59:26,590]: length=74 f1=0.8256 accuarcy=0.8261 precision=0.8259 recall=0.8261 roc=0.8216 
[2019-08-22 14:59:33,714]: length=75 f1=0.8580 accuarcy=0.8587 precision=0.8592 recall=0.8587 roc=0.8534 
[2019-08-22 14:59:41,842]: length=76 f1=0.8468 accuarcy=0.8478 precision=0.8491 recall=0.8478 roc=0.8412 
[2019-08-22 14:59:49,205]: length=77 f1=0.8362 accuarcy=0.8370 precision=0.8372 recall=0.8370 roc=0.8314 
[2019-08-22 14:59:56,658]: length=78 f1=0.8580 accuarcy=0.8587 precision=0.8592 recall=0.8587 roc=0.8534 
[2019-08-22 15:00:04,245]: length=79 f1=0.8150 accuarcy=0.8152 precision=0.8149 recall=0.8152 roc=0.8118 
[2019-08-22 15:00:12,048]: length=80 f1=0.8574 accuarcy=0.8587 precision=0.8614 recall=0.8587 roc=0.8510 
[2019-08-22 15:00:19,491]: length=81 f1=0.8580 accuarcy=0.8587 precision=0.8592 recall=0.8587 roc=0.8534 
[2019-08-22 15:00:26,926]: length=82 f1=0.8580 accuarcy=0.8587 precision=0.8592 recall=0.8587 roc=0.8534 
[2019-08-22 15:00:34,210]: length=83 f1=0.8362 accuarcy=0.8370 precision=0.8372 recall=0.8370 roc=0.8314 
[2019-08-22 15:00:41,718]: length=84 f1=0.8362 accuarcy=0.8370 precision=0.8372 recall=0.8370 roc=0.8314 
[2019-08-22 15:00:48,948]: length=85 f1=0.8474 accuarcy=0.8478 precision=0.8478 recall=0.8478 roc=0.8436 
[2019-08-22 15:00:56,380]: length=86 f1=0.8474 accuarcy=0.8478 precision=0.8478 recall=0.8478 roc=0.8436 
[2019-08-22 15:01:04,411]: length=87 f1=0.8474 accuarcy=0.8478 precision=0.8478 recall=0.8478 roc=0.8436 
[2019-08-22 15:01:11,768]: length=88 f1=0.8474 accuarcy=0.8478 precision=0.8478 recall=0.8478 roc=0.8436 
[2019-08-22 15:01:19,012]: length=89 f1=0.8687 accuarcy=0.8696 precision=0.8712 recall=0.8696 roc=0.8632 
[2019-08-22 15:01:26,746]: length=90 f1=0.8687 accuarcy=0.8696 precision=0.8712 recall=0.8696 roc=0.8632 
[2019-08-22 15:01:33,957]: length=91 f1=0.8367 accuarcy=0.8370 precision=0.8367 recall=0.8370 roc=0.8338 
[2019-08-22 15:01:41,183]: length=92 f1=0.8367 accuarcy=0.8370 precision=0.8367 recall=0.8370 roc=0.8338 
[2019-08-22 15:01:48,536]: length=93 f1=0.8474 accuarcy=0.8478 precision=0.8478 recall=0.8478 roc=0.8436 
[2019-08-22 15:01:55,749]: length=94 f1=0.8150 accuarcy=0.8152 precision=0.8149 recall=0.8152 roc=0.8118 
[2019-08-22 15:02:03,339]: length=95 f1=0.8580 accuarcy=0.8587 precision=0.8592 recall=0.8587 roc=0.8534 
[2019-08-22 15:02:10,878]: length=96 f1=0.8367 accuarcy=0.8370 precision=0.8367 recall=0.8370 roc=0.8338 
[2019-08-22 15:02:18,435]: length=97 f1=0.8367 accuarcy=0.8370 precision=0.8367 recall=0.8370 roc=0.8338 
[2019-08-22 15:02:25,965]: length=98 f1=0.8474 accuarcy=0.8478 precision=0.8478 recall=0.8478 roc=0.8436 
[2019-08-22 15:02:33,001]: length=99 f1=0.8355 accuarcy=0.8370 precision=0.8391 recall=0.8370 roc=0.8290 
[2019-08-22 15:02:40,098]: length=100 f1=0.8362 accuarcy=0.8370 precision=0.8372 recall=0.8370 roc=0.8314 
[2019-08-22 15:02:47,275]: length=101 f1=0.8256 accuarcy=0.8261 precision=0.8259 recall=0.8261 roc=0.8216 
[2019-08-22 15:02:54,584]: length=102 f1=0.8367 accuarcy=0.8370 precision=0.8367 recall=0.8370 roc=0.8338 
[2019-08-22 15:03:01,681]: length=103 f1=0.8362 accuarcy=0.8370 precision=0.8372 recall=0.8370 roc=0.8314 
[2019-08-22 15:03:09,668]: length=104 f1=0.8474 accuarcy=0.8478 precision=0.8478 recall=0.8478 roc=0.8436 
[2019-08-22 15:03:16,998]: length=105 f1=0.8474 accuarcy=0.8478 precision=0.8478 recall=0.8478 roc=0.8436 
[2019-08-22 15:03:24,324]: length=106 f1=0.8468 accuarcy=0.8478 precision=0.8491 recall=0.8478 roc=0.8412 
[2019-08-22 15:03:31,726]: length=107 f1=0.8580 accuarcy=0.8587 precision=0.8592 recall=0.8587 roc=0.8534 
[2019-08-22 15:03:38,902]: length=108 f1=0.8474 accuarcy=0.8478 precision=0.8478 recall=0.8478 roc=0.8436 
[2019-08-22 15:03:46,243]: length=109 f1=0.8687 accuarcy=0.8696 precision=0.8712 recall=0.8696 roc=0.8632 
[2019-08-22 15:03:53,542]: length=110 f1=0.8474 accuarcy=0.8478 precision=0.8478 recall=0.8478 roc=0.8436 
[2019-08-22 15:04:00,843]: length=111 f1=0.8474 accuarcy=0.8478 precision=0.8478 recall=0.8478 roc=0.8436 
[2019-08-22 15:04:08,268]: length=112 f1=0.8367 accuarcy=0.8370 precision=0.8367 recall=0.8370 roc=0.8338 
[2019-08-22 15:04:15,768]: length=113 f1=0.8580 accuarcy=0.8587 precision=0.8592 recall=0.8587 roc=0.8534 
[2019-08-22 15:04:23,180]: length=114 f1=0.8474 accuarcy=0.8478 precision=0.8478 recall=0.8478 roc=0.8436 
[2019-08-22 15:04:30,307]: length=115 f1=0.8474 accuarcy=0.8478 precision=0.8478 recall=0.8478 roc=0.8436 
[2019-08-22 15:04:37,408]: length=116 f1=0.8580 accuarcy=0.8587 precision=0.8592 recall=0.8587 roc=0.8534 
[2019-08-22 15:04:44,493]: length=117 f1=0.8367 accuarcy=0.8370 precision=0.8367 recall=0.8370 roc=0.8338 
[2019-08-22 15:04:51,946]: length=118 f1=0.8474 accuarcy=0.8478 precision=0.8478 recall=0.8478 roc=0.8436 
[2019-08-22 15:04:59,491]: length=119 f1=0.8692 accuarcy=0.8696 precision=0.8696 recall=0.8696 roc=0.8656 
[2019-08-22 15:05:07,045]: length=120 f1=0.8793 accuarcy=0.8804 precision=0.8837 recall=0.8804 roc=0.8730 
[2019-08-22 15:05:14,212]: length=121 f1=0.8367 accuarcy=0.8370 precision=0.8367 recall=0.8370 roc=0.8338 
[2019-08-22 15:05:21,711]: length=122 f1=0.8367 accuarcy=0.8370 precision=0.8367 recall=0.8370 roc=0.8338 
[2019-08-22 15:05:28,934]: length=123 f1=0.8367 accuarcy=0.8370 precision=0.8367 recall=0.8370 roc=0.8338 
[2019-08-22 15:05:36,209]: length=124 f1=0.8474 accuarcy=0.8478 precision=0.8478 recall=0.8478 roc=0.8436 
[2019-08-22 15:05:44,160]: length=125 f1=0.8474 accuarcy=0.8478 precision=0.8478 recall=0.8478 roc=0.8436 
[2019-08-22 15:05:51,434]: length=126 f1=0.8362 accuarcy=0.8370 precision=0.8372 recall=0.8370 roc=0.8314 
[2019-08-22 15:05:58,642]: length=127 f1=0.8143 accuarcy=0.8152 precision=0.8152 recall=0.8152 roc=0.8094 
[2019-08-22 15:06:06,054]: length=128 f1=0.8468 accuarcy=0.8478 precision=0.8491 recall=0.8478 roc=0.8412 
[2019-08-22 15:06:13,262]: length=129 f1=0.8574 accuarcy=0.8587 precision=0.8614 recall=0.8587 roc=0.8510 
[2019-08-22 15:06:20,524]: length=130 f1=0.8468 accuarcy=0.8478 precision=0.8491 recall=0.8478 roc=0.8412 
[2019-08-22 15:06:27,685]: length=131 f1=0.8574 accuarcy=0.8587 precision=0.8614 recall=0.8587 roc=0.8510 
[2019-08-22 15:06:34,749]: length=132 f1=0.8574 accuarcy=0.8587 precision=0.8614 recall=0.8587 roc=0.8510 
[2019-08-22 15:06:42,219]: length=133 f1=0.8580 accuarcy=0.8587 precision=0.8592 recall=0.8587 roc=0.8534 
[2019-08-22 15:06:49,399]: length=134 f1=0.8474 accuarcy=0.8478 precision=0.8478 recall=0.8478 roc=0.8436 
[2019-08-22 15:06:56,783]: length=135 f1=0.8474 accuarcy=0.8478 precision=0.8478 recall=0.8478 roc=0.8436 
[2019-08-22 15:07:04,111]: length=136 f1=0.8367 accuarcy=0.8370 precision=0.8367 recall=0.8370 roc=0.8338 
[2019-08-22 15:07:11,764]: length=137 f1=0.8580 accuarcy=0.8587 precision=0.8592 recall=0.8587 roc=0.8534 
[2019-08-22 15:07:18,911]: length=138 f1=0.8468 accuarcy=0.8478 precision=0.8491 recall=0.8478 roc=0.8412 
[2019-08-22 15:07:26,663]: length=139 f1=0.8367 accuarcy=0.8370 precision=0.8367 recall=0.8370 roc=0.8338 
[2019-08-22 15:07:34,000]: length=140 f1=0.8362 accuarcy=0.8370 precision=0.8372 recall=0.8370 roc=0.8314 
[2019-08-22 15:07:41,169]: length=141 f1=0.8367 accuarcy=0.8370 precision=0.8367 recall=0.8370 roc=0.8338 
[2019-08-22 15:07:48,638]: length=142 f1=0.8256 accuarcy=0.8261 precision=0.8259 recall=0.8261 roc=0.8216 
[2019-08-22 15:07:56,021]: length=143 f1=0.8580 accuarcy=0.8587 precision=0.8592 recall=0.8587 roc=0.8534 
[2019-08-22 15:08:03,266]: length=144 f1=0.8580 accuarcy=0.8587 precision=0.8592 recall=0.8587 roc=0.8534 
[2019-08-22 15:08:10,806]: length=145 f1=0.8256 accuarcy=0.8261 precision=0.8259 recall=0.8261 roc=0.8216 
[2019-08-22 15:08:18,223]: length=146 f1=0.8580 accuarcy=0.8587 precision=0.8592 recall=0.8587 roc=0.8534 
[2019-08-22 15:08:25,861]: length=147 f1=0.8355 accuarcy=0.8370 precision=0.8391 recall=0.8370 roc=0.8290 
[2019-08-22 15:08:33,296]: length=148 f1=0.8362 accuarcy=0.8370 precision=0.8372 recall=0.8370 roc=0.8314 
[2019-08-22 15:08:40,502]: length=149 f1=0.8367 accuarcy=0.8370 precision=0.8367 recall=0.8370 roc=0.8338 
[2019-08-22 15:08:47,855]: length=150 f1=0.8468 accuarcy=0.8478 precision=0.8491 recall=0.8478 roc=0.8412 
[2019-08-22 15:08:55,253]: length=151 f1=0.8143 accuarcy=0.8152 precision=0.8152 recall=0.8152 roc=0.8094 
[2019-08-22 15:09:02,702]: length=152 f1=0.8362 accuarcy=0.8370 precision=0.8372 recall=0.8370 roc=0.8314 
[2019-08-22 15:09:09,965]: length=153 f1=0.8468 accuarcy=0.8478 precision=0.8491 recall=0.8478 roc=0.8412 
[2019-08-22 15:09:17,790]: length=154 f1=0.8687 accuarcy=0.8696 precision=0.8712 recall=0.8696 roc=0.8632 
[2019-08-22 15:09:25,237]: length=155 f1=0.8474 accuarcy=0.8478 precision=0.8478 recall=0.8478 roc=0.8436 
[2019-08-22 15:09:32,676]: length=156 f1=0.8362 accuarcy=0.8370 precision=0.8372 recall=0.8370 roc=0.8314 
[2019-08-22 15:09:39,851]: length=157 f1=0.8680 accuarcy=0.8696 precision=0.8743 recall=0.8696 roc=0.8608 
[2019-08-22 15:09:47,097]: length=158 f1=0.8362 accuarcy=0.8370 precision=0.8372 recall=0.8370 roc=0.8314 
[2019-08-22 15:09:54,579]: length=159 f1=0.8367 accuarcy=0.8370 precision=0.8367 recall=0.8370 roc=0.8338 
[2019-08-22 15:10:02,161]: length=160 f1=0.8468 accuarcy=0.8478 precision=0.8491 recall=0.8478 roc=0.8412 
[2019-08-22 15:10:09,547]: length=161 f1=0.8580 accuarcy=0.8587 precision=0.8592 recall=0.8587 roc=0.8534 
[2019-08-22 15:10:17,454]: length=162 f1=0.8362 accuarcy=0.8370 precision=0.8372 recall=0.8370 roc=0.8314 
[2019-08-22 15:10:24,725]: length=163 f1=0.8150 accuarcy=0.8152 precision=0.8149 recall=0.8152 roc=0.8118 
[2019-08-22 15:10:32,179]: length=164 f1=0.8362 accuarcy=0.8370 precision=0.8372 recall=0.8370 roc=0.8314 
[2019-08-22 15:10:39,559]: length=165 f1=0.8468 accuarcy=0.8478 precision=0.8491 recall=0.8478 roc=0.8412 
[2019-08-22 15:10:47,008]: length=166 f1=0.8580 accuarcy=0.8587 precision=0.8592 recall=0.8587 roc=0.8534 
[2019-08-22 15:10:54,363]: length=167 f1=0.8468 accuarcy=0.8478 precision=0.8491 recall=0.8478 roc=0.8412 
[2019-08-22 15:11:01,635]: length=168 f1=0.8468 accuarcy=0.8478 precision=0.8491 recall=0.8478 roc=0.8412 
[2019-08-22 15:11:09,248]: length=169 f1=0.8574 accuarcy=0.8587 precision=0.8614 recall=0.8587 roc=0.8510 
[2019-08-22 15:11:17,081]: length=170 f1=0.8580 accuarcy=0.8587 precision=0.8592 recall=0.8587 roc=0.8534 
[2019-08-22 15:11:24,338]: length=171 f1=0.8460 accuarcy=0.8478 precision=0.8518 recall=0.8478 roc=0.8388 
[2019-08-22 15:11:31,381]: length=172 f1=0.8580 accuarcy=0.8587 precision=0.8592 recall=0.8587 roc=0.8534 
[2019-08-22 15:11:38,542]: length=173 f1=0.8460 accuarcy=0.8478 precision=0.8518 recall=0.8478 roc=0.8388 
[2019-08-22 15:11:45,813]: length=174 f1=0.8355 accuarcy=0.8370 precision=0.8391 recall=0.8370 roc=0.8290 
[2019-08-22 15:11:53,128]: length=175 f1=0.8580 accuarcy=0.8587 precision=0.8592 recall=0.8587 roc=0.8534 
[2019-08-22 15:12:00,481]: length=176 f1=0.8474 accuarcy=0.8478 precision=0.8478 recall=0.8478 roc=0.8436 
[2019-08-22 15:12:07,701]: length=177 f1=0.8580 accuarcy=0.8587 precision=0.8592 recall=0.8587 roc=0.8534 
[2019-08-22 15:12:15,315]: length=178 f1=0.8474 accuarcy=0.8478 precision=0.8478 recall=0.8478 roc=0.8436 
[2019-08-22 15:12:15,320]: ----------
[2019-08-22 15:12:15,320]: the max f1 = 0.8799
[2019-08-22 15:12:15,320]: ['Hopp_Woods_R' 'Janin_P' 'Engelman_GES_D' 'hydrophily' 'Cornette_T'
 'Cornette_C' 'Janin_W' 'Kyte_Doolittle_A' 'Kyte_Doolittle_I' 'Janin_D'
 'Rose_I'],length = 11
[2019-08-22 15:12:15,321]: -----------
[2019-08-22 15:12:22,513]: ***confusion matrix***
[2019-08-22 15:12:22,513]:                pos_class      neg_class      
[2019-08-22 15:12:22,513]: pos_class      TP:34             FN:7              
[2019-08-22 15:12:22,513]: neg_class      FP:4              TN:47             
[2019-08-22 15:12:22,514]: f1 =0.8799 
[2019-08-22 15:12:22,514]: accuarcy = 0.8804 
[2019-08-22 15:12:22,515]: precision =0.8812 
[2019-08-22 15:12:22,516]: recall =0.8804
[2019-08-22 15:12:22,516]: roc area = 0.8754
[2019-08-22 15:12:22,540]: -----------
[2019-08-22 15:12:22,541]: The output by the terminal's log has been saved in the J:\多设备共享\work\MRMD2.0-github\Logs\201908221449.log.
[2019-08-22 15:12:22,542]: metrics have been saved in the J:\多设备共享\work\MRMD2.0-github\Results\meteixa.csv.
[2019-08-22 15:12:22,542]: reduced dimensional dataset has been saved in the J:\多设备共享\work\MRMD2.0-github\Results\rd.csv.
[2019-08-22 15:12:22,542]: ---mrmd 2.0 end---
