[2019-08-18 09:54:06,764]: ---mrmd 2.0 start----
[2019-08-18 09:54:06,806]: ANOVA start...
[2019-08-18 09:54:06,819]: ANOVA end.
[2019-08-18 09:54:06,819]: mic start...
[2019-08-18 09:54:12,161]: mic end.
[2019-08-18 09:54:12,161]: mrmd start...
[2019-08-18 09:54:12,417]: mrmd end.
[2019-08-18 09:54:12,418]: mRMR start...
[2019-08-18 09:54:23,465]: mRMR end.
[2019-08-18 09:54:23,465]: lasso start...
[2019-08-18 09:54:23,491]: lasso end.
[2019-08-18 09:54:23,491]: lasso2 start...
[2019-08-18 09:54:24,257]: lasso2 end.
[2019-08-18 09:54:24,261]: rank start ...
[2019-08-18 09:54:24,274]: The final  rank is
[2019-08-18 09:54:24,275]: Cornette_P : 0.0073
[2019-08-18 09:54:24,275]: Janin_D : 0.0072
[2019-08-18 09:54:24,275]: Cornette_T : 0.0070
[2019-08-18 09:54:24,275]: Cornette_C : 0.0070
[2019-08-18 09:54:24,275]: Rose_I : 0.0069
[2019-08-18 09:54:24,275]: Rose_S : 0.0069
[2019-08-18 09:54:24,275]: Cornette_V : 0.0069
[2019-08-18 09:54:24,276]: hydrophily : 0.0068
[2019-08-18 09:54:24,276]: Hopp_Woods_R : 0.0068
[2019-08-18 09:54:24,276]: Engelman_GES_D : 0.0068
[2019-08-18 09:54:24,276]: polar : 0.0068
[2019-08-18 09:54:24,276]: Cornette_F : 0.0067
[2019-08-18 09:54:24,276]: Eisenberg_R : 0.0067
[2019-08-18 09:54:24,276]: Kyte_Doolittle_I : 0.0066
[2019-08-18 09:54:24,276]: basic_polar : 0.0066
[2019-08-18 09:54:24,276]: Kyte_Doolittle_A : 0.0066
[2019-08-18 09:54:24,276]: Hopp_Woods_A : 0.0066
[2019-08-18 09:54:24,276]: Janin_P : 0.0066
[2019-08-18 09:54:24,277]: Engelman_GES_S : 0.0066
[2019-08-18 09:54:24,277]: Hopp_Woods_I : 0.0065
[2019-08-18 09:54:24,277]: Eisenberg_N : 0.0065
[2019-08-18 09:54:24,277]: Cornette_L : 0.0065
[2019-08-18 09:54:24,277]: Hopp_Woods_D : 0.0065
[2019-08-18 09:54:24,277]: Rose_L : 0.0065
[2019-08-18 09:54:24,277]: Engelman_GES_Q : 0.0064
[2019-08-18 09:54:24,277]: Engelman_GES_G : 0.0064
[2019-08-18 09:54:24,277]: Rose_H : 0.0064
[2019-08-18 09:54:24,277]: Rose_T : 0.0064
[2019-08-18 09:54:24,277]: Rose_R : 0.0063
[2019-08-18 09:54:24,277]: Engelman_GES_N : 0.0062
[2019-08-18 09:54:24,277]: Engelman_GES_R : 0.0062
[2019-08-18 09:54:24,278]: Engelman_GES_W : 0.0062
[2019-08-18 09:54:24,278]: Rose_W : 0.0062
[2019-08-18 09:54:24,278]: Cornette_Y : 0.0062
[2019-08-18 09:54:24,278]: Cornette_K : 0.0061
[2019-08-18 09:54:24,278]: Cornette_W : 0.0061
[2019-08-18 09:54:24,278]: Hopp_Woods_T : 0.0060
[2019-08-18 09:54:24,278]: Kyte_Doolittle_C : 0.0060
[2019-08-18 09:54:24,278]: Janin_V : 0.0060
[2019-08-18 09:54:24,278]: Janin_M : 0.0060
[2019-08-18 09:54:24,278]: C : 0.0059
[2019-08-18 09:54:24,278]: aliphatic : 0.0059
[2019-08-18 09:54:24,279]: Kyte_Doolittle_Q : 0.0059
[2019-08-18 09:54:24,279]: Kyte_Doolittle_Y : 0.0059
[2019-08-18 09:54:24,279]: Eisenberg_W : 0.0059
[2019-08-18 09:54:24,279]: P : 0.0059
[2019-08-18 09:54:24,279]: nonpolar : 0.0058
[2019-08-18 09:54:24,279]: moderate : 0.0058
[2019-08-18 09:54:24,279]: postivecharge : 0.0058
[2019-08-18 09:54:24,279]: W : 0.0058
[2019-08-18 09:54:24,279]: G : 0.0058
[2019-08-18 09:54:24,279]: Eisenberg_S : 0.0058
[2019-08-18 09:54:24,279]: Hopp_Woods_E : 0.0058
[2019-08-18 09:54:24,279]: Eisenberg_Y : 0.0058
[2019-08-18 09:54:24,280]: negative : 0.0058
[2019-08-18 09:54:24,280]: Kyte_Doolittle_W : 0.0058
[2019-08-18 09:54:24,280]: D : 0.0057
[2019-08-18 09:54:24,280]: Engelman_GES_E : 0.0057
[2019-08-18 09:54:24,280]: Eisenberg_L : 0.0057
[2019-08-18 09:54:24,280]: Cornette_I : 0.0057
[2019-08-18 09:54:24,280]: Hopp_Woods_N : 0.0057
[2019-08-18 09:54:24,280]: Janin_W : 0.0057
[2019-08-18 09:54:24,280]: Hopp_Woods_L : 0.0057
[2019-08-18 09:54:24,280]: Kyte_Doolittle_K : 0.0057
[2019-08-18 09:54:24,280]: Hopp_Woods_H : 0.0057
[2019-08-18 09:54:24,280]: Kyte_Doolittle_H : 0.0057
[2019-08-18 09:54:24,280]: Hopp_Woods_F : 0.0057
[2019-08-18 09:54:24,281]: Cornette_H : 0.0057
[2019-08-18 09:54:24,281]: Janin_F : 0.0057
[2019-08-18 09:54:24,281]: Rose_M : 0.0057
[2019-08-18 09:54:24,281]: Engelman_GES_V : 0.0056
[2019-08-18 09:54:24,281]: Engelman_GES_L : 0.0056
[2019-08-18 09:54:24,281]: Eisenberg_I : 0.0056
[2019-08-18 09:54:24,281]: Engelman_GES_I : 0.0056
[2019-08-18 09:54:24,281]: Rose_C : 0.0056
[2019-08-18 09:54:24,281]: T : 0.0056
[2019-08-18 09:54:24,281]: Hopp_Woods_V : 0.0056
[2019-08-18 09:54:24,281]: I : 0.0056
[2019-08-18 09:54:24,281]: Cornette_D : 0.0056
[2019-08-18 09:54:24,282]: Kyte_Doolittle_L : 0.0056
[2019-08-18 09:54:24,282]: Kyte_Doolittle_F : 0.0056
[2019-08-18 09:54:24,282]: Engelman_GES_F : 0.0056
[2019-08-18 09:54:24,282]: Cornette_E : 0.0056
[2019-08-18 09:54:24,282]: Hopp_Woods_Q : 0.0056
[2019-08-18 09:54:24,282]: Cornette_A : 0.0056
[2019-08-18 09:54:24,282]: Engelman_GES_M : 0.0056
[2019-08-18 09:54:24,282]: positve : 0.0056
[2019-08-18 09:54:24,282]: Eisenberg_D : 0.0056
[2019-08-18 09:54:24,283]: Hopp_Woods_S : 0.0056
[2019-08-18 09:54:24,283]: A : 0.0056
[2019-08-18 09:54:24,283]: Janin_E : 0.0055
[2019-08-18 09:54:24,283]: Janin_L : 0.0055
[2019-08-18 09:54:24,283]: Kyte_Doolittle_V : 0.0055
[2019-08-18 09:54:24,283]: Rose_F : 0.0055
[2019-08-18 09:54:24,283]: alphatic : 0.0055
[2019-08-18 09:54:24,283]: S : 0.0055
[2019-08-18 09:54:24,283]: aromatic : 0.0055
[2019-08-18 09:54:24,283]: Eisenberg_G : 0.0055
[2019-08-18 09:54:24,283]: Kyte_Doolittle_N : 0.0055
[2019-08-18 09:54:24,284]: Engelman_GES_A : 0.0055
[2019-08-18 09:54:24,284]: Rose_A : 0.0055
[2019-08-18 09:54:24,284]: Eisenberg_P : 0.0055
[2019-08-18 09:54:24,284]: Hopp_Woods_C : 0.0055
[2019-08-18 09:54:24,284]: K : 0.0055
[2019-08-18 09:54:24,284]: Kyte_Doolittle_S : 0.0055
[2019-08-18 09:54:24,284]: Janin_Y : 0.0055
[2019-08-18 09:54:24,284]: Eisenberg_K : 0.0055
[2019-08-18 09:54:24,284]: Rose_D : 0.0055
[2019-08-18 09:54:24,284]: H : 0.0055
[2019-08-18 09:54:24,284]: Kyte_Doolittle_D : 0.0055
[2019-08-18 09:54:24,284]: Rose_P : 0.0055
[2019-08-18 09:54:24,285]: R : 0.0055
[2019-08-18 09:54:24,285]: Eisenberg_F : 0.0055
[2019-08-18 09:54:24,285]: Janin_T : 0.0055
[2019-08-18 09:54:24,285]: Q : 0.0055
[2019-08-18 09:54:24,285]: Rose_E : 0.0055
[2019-08-18 09:54:24,285]: negativecharge : 0.0055
[2019-08-18 09:54:24,285]: Janin_H : 0.0055
[2019-08-18 09:54:24,285]: Kyte_Doolittle_E : 0.0055
[2019-08-18 09:54:24,285]: Engelman_GES_P : 0.0054
[2019-08-18 09:54:24,285]: Cornette_S : 0.0054
[2019-08-18 09:54:24,285]: Hopp_Woods_Y : 0.0054
[2019-08-18 09:54:24,286]: Kyte_Doolittle_G : 0.0054
[2019-08-18 09:54:24,286]: Janin_K : 0.0054
[2019-08-18 09:54:24,286]: Eisenberg_V : 0.0054
[2019-08-18 09:54:24,286]: Janin_R : 0.0054
[2019-08-18 09:54:24,286]: Janin_I : 0.0054
[2019-08-18 09:54:24,286]: Cornette_M : 0.0054
[2019-08-18 09:54:24,286]: L : 0.0054
[2019-08-18 09:54:24,286]: F : 0.0054
[2019-08-18 09:54:24,286]: E : 0.0054
[2019-08-18 09:54:24,286]: V : 0.0054
[2019-08-18 09:54:24,286]: Engelman_GES_C : 0.0054
[2019-08-18 09:54:24,286]: Rose_V : 0.0054
[2019-08-18 09:54:24,287]: Eisenberg_H : 0.0054
[2019-08-18 09:54:24,287]: Engelman_GES_Y : 0.0054
[2019-08-18 09:54:24,287]: Janin_C : 0.0054
[2019-08-18 09:54:24,287]: Rose_N : 0.0054
[2019-08-18 09:54:24,287]: hydrophobicity : 0.0054
[2019-08-18 09:54:24,287]: Hopp_Woods_K : 0.0054
[2019-08-18 09:54:24,287]: Janin_Q : 0.0053
[2019-08-18 09:54:24,287]: Cornette_N : 0.0053
[2019-08-18 09:54:24,287]: Rose_Q : 0.0053
[2019-08-18 09:54:24,287]: Janin_A : 0.0053
[2019-08-18 09:54:24,287]: Hopp_Woods_W : 0.0053
[2019-08-18 09:54:24,287]: Eisenberg_M : 0.0053
[2019-08-18 09:54:24,288]: N : 0.0053
[2019-08-18 09:54:24,288]: Kyte_Doolittle_P : 0.0053
[2019-08-18 09:54:24,288]: Janin_N : 0.0053
[2019-08-18 09:54:24,288]: uncharge : 0.0053
[2019-08-18 09:54:24,288]: Eisenberg_A : 0.0053
[2019-08-18 09:54:24,288]: Kyte_Doolittle_R : 0.0053
[2019-08-18 09:54:24,288]: Hopp_Woods_M : 0.0052
[2019-08-18 09:54:24,288]: Rose_K : 0.0052
[2019-08-18 09:54:24,288]: Cornette_Q : 0.0052
[2019-08-18 09:54:24,288]: Engelman_GES_H : 0.0051
[2019-08-18 09:54:24,288]: neutral : 0.0051
[2019-08-18 09:54:24,288]: Kyte_Doolittle_M : 0.0051
[2019-08-18 09:54:24,289]: Engelman_GES_T : 0.0051
[2019-08-18 09:54:24,289]: Y : 0.0051
[2019-08-18 09:54:24,289]: Eisenberg_C : 0.0051
[2019-08-18 09:54:24,289]: heterocyclics : 0.0050
[2019-08-18 09:54:24,289]: Eisenberg_E : 0.0050
[2019-08-18 09:54:24,289]: Cornette_R : 0.0047
[2019-08-18 09:54:24,289]: Kyte_Doolittle_T : 0.0047
[2019-08-18 09:54:24,289]: Engelman_GES_K : 0.0046
[2019-08-18 09:54:24,289]: acidic_polar : 0.0046
[2019-08-18 09:54:24,289]: Janin_S : 0.0046
[2019-08-18 09:54:24,289]: Janin_G : 0.0044
[2019-08-18 09:54:24,289]: Eisenberg_Q : 0.0044
[2019-08-18 09:54:24,290]: M : 0.0044
[2019-08-18 09:54:24,290]: Rose_Y : 0.0044
[2019-08-18 09:54:24,290]: Rose_G : 0.0043
[2019-08-18 09:54:24,290]: Eisenberg_T : 0.0043
[2019-08-18 09:54:24,290]: aromatic.1 : 0.0043
[2019-08-18 09:54:24,290]: Cornette_G : 0.0030
[2019-08-18 09:54:24,290]: Hopp_Woods_G : 0.0025
[2019-08-18 09:54:24,290]: Hopp_Woods_P : 0.0020
[2019-08-18 09:54:24,290]: feature_rank end
[2019-08-18 09:54:24,310]: Start dimension reduction ...
[2019-08-18 09:54:28,867]: length=1 f1=0.7477 accuarcy=0.7500 precision=0.7500 recall=0.7500 roc=0.7410 
[2019-08-18 09:54:33,314]: length=2 f1=0.7068 accuarcy=0.7065 precision=0.7073 recall=0.7065 roc=0.7042 
[2019-08-18 09:54:37,270]: length=3 f1=0.6522 accuarcy=0.6522 precision=0.6522 recall=0.6522 roc=0.6480 
[2019-08-18 09:54:41,779]: length=4 f1=0.7714 accuarcy=0.7717 precision=0.7713 recall=0.7717 roc=0.7678 
[2019-08-18 09:54:45,991]: length=5 f1=0.7707 accuarcy=0.7717 precision=0.7713 recall=0.7717 roc=0.7654 
[2019-08-18 09:54:50,135]: length=6 f1=0.7925 accuarcy=0.7935 precision=0.7933 recall=0.7935 roc=0.7874 
[2019-08-18 09:54:54,203]: length=7 f1=0.7932 accuarcy=0.7935 precision=0.7931 recall=0.7935 roc=0.7898 
[2019-08-18 09:54:58,113]: length=8 f1=0.8468 accuarcy=0.8478 precision=0.8491 recall=0.8478 roc=0.8412 
[2019-08-18 09:55:02,314]: length=9 f1=0.8696 accuarcy=0.8696 precision=0.8696 recall=0.8696 roc=0.8680 
[2019-08-18 09:55:06,262]: length=10 f1=0.8588 accuarcy=0.8587 precision=0.8592 recall=0.8587 roc=0.8582 
[2019-08-18 09:55:10,647]: length=11 f1=0.8585 accuarcy=0.8587 precision=0.8585 recall=0.8587 roc=0.8558 
[2019-08-18 09:55:15,043]: length=12 f1=0.8803 accuarcy=0.8804 precision=0.8803 recall=0.8804 roc=0.8778 
[2019-08-18 09:55:19,256]: length=13 f1=0.8698 accuarcy=0.8696 precision=0.8709 recall=0.8696 roc=0.8704 
[2019-08-18 09:55:23,303]: length=14 f1=0.8806 accuarcy=0.8804 precision=0.8809 recall=0.8804 roc=0.8802 
[2019-08-18 09:55:27,486]: length=15 f1=0.8692 accuarcy=0.8696 precision=0.8696 recall=0.8696 roc=0.8656 
[2019-08-18 09:55:31,578]: length=16 f1=0.8913 accuarcy=0.8913 precision=0.8913 recall=0.8913 roc=0.8900 
[2019-08-18 09:55:36,090]: length=17 f1=0.8696 accuarcy=0.8696 precision=0.8696 recall=0.8696 roc=0.8680 
[2019-08-18 09:55:40,311]: length=18 f1=0.8574 accuarcy=0.8587 precision=0.8614 recall=0.8587 roc=0.8510 
[2019-08-18 09:55:44,622]: length=19 f1=0.8692 accuarcy=0.8696 precision=0.8696 recall=0.8696 roc=0.8656 
[2019-08-18 09:55:48,734]: length=20 f1=0.8580 accuarcy=0.8587 precision=0.8592 recall=0.8587 roc=0.8534 
[2019-08-18 09:55:52,844]: length=21 f1=0.8580 accuarcy=0.8587 precision=0.8592 recall=0.8587 roc=0.8534 
[2019-08-18 09:55:56,691]: length=22 f1=0.8468 accuarcy=0.8478 precision=0.8491 recall=0.8478 roc=0.8412 
[2019-08-18 09:56:00,634]: length=23 f1=0.8371 accuarcy=0.8370 precision=0.8375 recall=0.8370 roc=0.8362 
[2019-08-18 09:56:04,819]: length=24 f1=0.8580 accuarcy=0.8587 precision=0.8592 recall=0.8587 roc=0.8534 
[2019-08-18 09:56:08,735]: length=25 f1=0.8793 accuarcy=0.8804 precision=0.8837 recall=0.8804 roc=0.8730 
[2019-08-18 09:56:12,771]: length=26 f1=0.8150 accuarcy=0.8152 precision=0.8149 recall=0.8152 roc=0.8118 
[2019-08-18 09:56:16,850]: length=27 f1=0.8474 accuarcy=0.8478 precision=0.8478 recall=0.8478 roc=0.8436 
[2019-08-18 09:56:20,906]: length=28 f1=0.8474 accuarcy=0.8478 precision=0.8478 recall=0.8478 roc=0.8436 
[2019-08-18 09:56:25,047]: length=29 f1=0.8468 accuarcy=0.8478 precision=0.8491 recall=0.8478 roc=0.8412 
[2019-08-18 09:56:29,292]: length=30 f1=0.8362 accuarcy=0.8370 precision=0.8372 recall=0.8370 roc=0.8314 
[2019-08-18 09:56:33,400]: length=31 f1=0.8585 accuarcy=0.8587 precision=0.8585 recall=0.8587 roc=0.8558 
[2019-08-18 09:56:37,745]: length=32 f1=0.8580 accuarcy=0.8587 precision=0.8592 recall=0.8587 roc=0.8534 
[2019-08-18 09:56:41,720]: length=33 f1=0.8478 accuarcy=0.8478 precision=0.8478 recall=0.8478 roc=0.8460 
[2019-08-18 09:56:45,660]: length=34 f1=0.8249 accuarcy=0.8261 precision=0.8269 recall=0.8261 roc=0.8192 
[2019-08-18 09:56:49,715]: length=35 f1=0.8474 accuarcy=0.8478 precision=0.8478 recall=0.8478 roc=0.8436 
[2019-08-18 09:56:53,845]: length=36 f1=0.8799 accuarcy=0.8804 precision=0.8812 recall=0.8804 roc=0.8754 
[2019-08-18 09:56:57,801]: length=37 f1=0.8474 accuarcy=0.8478 precision=0.8478 recall=0.8478 roc=0.8436 
[2019-08-18 09:57:01,840]: length=38 f1=0.8585 accuarcy=0.8587 precision=0.8585 recall=0.8587 roc=0.8558 
[2019-08-18 09:57:05,858]: length=39 f1=0.8580 accuarcy=0.8587 precision=0.8592 recall=0.8587 roc=0.8534 
[2019-08-18 09:57:09,893]: length=40 f1=0.8696 accuarcy=0.8696 precision=0.8696 recall=0.8696 roc=0.8680 
[2019-08-18 09:57:13,837]: length=41 f1=0.9013 accuarcy=0.9022 precision=0.9059 recall=0.9022 roc=0.8950 
[2019-08-18 09:57:17,790]: length=42 f1=0.8687 accuarcy=0.8696 precision=0.8712 recall=0.8696 roc=0.8632 
[2019-08-18 09:57:21,758]: length=43 f1=0.8580 accuarcy=0.8587 precision=0.8592 recall=0.8587 roc=0.8534 
[2019-08-18 09:57:25,870]: length=44 f1=0.8580 accuarcy=0.8587 precision=0.8592 recall=0.8587 roc=0.8534 
[2019-08-18 09:57:29,766]: length=45 f1=0.8799 accuarcy=0.8804 precision=0.8812 recall=0.8804 roc=0.8754 
[2019-08-18 09:57:33,855]: length=46 f1=0.9120 accuarcy=0.9130 precision=0.9192 recall=0.9130 roc=0.9048 
[2019-08-18 09:57:38,444]: length=47 f1=0.8687 accuarcy=0.8696 precision=0.8712 recall=0.8696 roc=0.8632 
[2019-08-18 09:57:42,751]: length=48 f1=0.8692 accuarcy=0.8696 precision=0.8696 recall=0.8696 roc=0.8656 
[2019-08-18 09:57:46,773]: length=49 f1=0.8580 accuarcy=0.8587 precision=0.8592 recall=0.8587 roc=0.8534 
[2019-08-18 09:57:50,833]: length=50 f1=0.8468 accuarcy=0.8478 precision=0.8491 recall=0.8478 roc=0.8412 
[2019-08-18 09:57:54,802]: length=51 f1=0.8900 accuarcy=0.8913 precision=0.8967 recall=0.8913 roc=0.8828 
[2019-08-18 09:57:59,368]: length=52 f1=0.8692 accuarcy=0.8696 precision=0.8696 recall=0.8696 roc=0.8656 
[2019-08-18 09:58:03,600]: length=53 f1=0.8906 accuarcy=0.8913 precision=0.8933 recall=0.8913 roc=0.8852 
[2019-08-18 09:58:07,556]: length=54 f1=0.8580 accuarcy=0.8587 precision=0.8592 recall=0.8587 roc=0.8534 
[2019-08-18 09:58:11,568]: length=55 f1=0.8362 accuarcy=0.8370 precision=0.8372 recall=0.8370 roc=0.8314 
[2019-08-18 09:58:15,626]: length=56 f1=0.8585 accuarcy=0.8587 precision=0.8585 recall=0.8587 roc=0.8558 
[2019-08-18 09:58:19,736]: length=57 f1=0.8474 accuarcy=0.8478 precision=0.8478 recall=0.8478 roc=0.8436 
[2019-08-18 09:58:23,991]: length=58 f1=0.8367 accuarcy=0.8370 precision=0.8367 recall=0.8370 roc=0.8338 
[2019-08-18 09:58:28,105]: length=59 f1=0.8474 accuarcy=0.8478 precision=0.8478 recall=0.8478 roc=0.8436 
[2019-08-18 09:58:32,092]: length=60 f1=0.8256 accuarcy=0.8261 precision=0.8259 recall=0.8261 roc=0.8216 
[2019-08-18 09:58:36,236]: length=61 f1=0.8580 accuarcy=0.8587 precision=0.8592 recall=0.8587 roc=0.8534 
[2019-08-18 09:58:40,717]: length=62 f1=0.8474 accuarcy=0.8478 precision=0.8478 recall=0.8478 roc=0.8436 
[2019-08-18 09:58:44,622]: length=63 f1=0.8256 accuarcy=0.8261 precision=0.8259 recall=0.8261 roc=0.8216 
[2019-08-18 09:58:48,643]: length=64 f1=0.8580 accuarcy=0.8587 precision=0.8592 recall=0.8587 roc=0.8534 
[2019-08-18 09:58:52,950]: length=65 f1=0.8793 accuarcy=0.8804 precision=0.8837 recall=0.8804 roc=0.8730 
[2019-08-18 09:58:57,127]: length=66 f1=0.8474 accuarcy=0.8478 precision=0.8478 recall=0.8478 roc=0.8436 
[2019-08-18 09:59:01,203]: length=67 f1=0.8580 accuarcy=0.8587 precision=0.8592 recall=0.8587 roc=0.8534 
[2019-08-18 09:59:05,218]: length=68 f1=0.8474 accuarcy=0.8478 precision=0.8478 recall=0.8478 roc=0.8436 
[2019-08-18 09:59:09,207]: length=69 f1=0.8474 accuarcy=0.8478 precision=0.8478 recall=0.8478 roc=0.8436 
[2019-08-18 09:59:13,230]: length=70 f1=0.8580 accuarcy=0.8587 precision=0.8592 recall=0.8587 roc=0.8534 
[2019-08-18 09:59:17,320]: length=71 f1=0.8580 accuarcy=0.8587 precision=0.8592 recall=0.8587 roc=0.8534 
[2019-08-18 09:59:21,322]: length=72 f1=0.8367 accuarcy=0.8370 precision=0.8367 recall=0.8370 roc=0.8338 
[2019-08-18 09:59:25,545]: length=73 f1=0.8367 accuarcy=0.8370 precision=0.8367 recall=0.8370 roc=0.8338 
[2019-08-18 09:59:29,884]: length=74 f1=0.8355 accuarcy=0.8370 precision=0.8391 recall=0.8370 roc=0.8290 
[2019-08-18 09:59:34,213]: length=75 f1=0.8468 accuarcy=0.8478 precision=0.8491 recall=0.8478 roc=0.8412 
[2019-08-18 09:59:38,252]: length=76 f1=0.8362 accuarcy=0.8370 precision=0.8372 recall=0.8370 roc=0.8314 
[2019-08-18 09:59:42,606]: length=77 f1=0.8574 accuarcy=0.8587 precision=0.8614 recall=0.8587 roc=0.8510 
[2019-08-18 09:59:46,849]: length=78 f1=0.8687 accuarcy=0.8696 precision=0.8712 recall=0.8696 roc=0.8632 
[2019-08-18 09:59:51,027]: length=79 f1=0.8692 accuarcy=0.8696 precision=0.8696 recall=0.8696 roc=0.8656 
[2019-08-18 09:59:54,995]: length=80 f1=0.8256 accuarcy=0.8261 precision=0.8259 recall=0.8261 roc=0.8216 
[2019-08-18 09:59:58,930]: length=81 f1=0.8474 accuarcy=0.8478 precision=0.8478 recall=0.8478 roc=0.8436 
[2019-08-18 10:00:02,933]: length=82 f1=0.8687 accuarcy=0.8696 precision=0.8712 recall=0.8696 roc=0.8632 
[2019-08-18 10:00:07,082]: length=83 f1=0.8687 accuarcy=0.8696 precision=0.8712 recall=0.8696 roc=0.8632 
[2019-08-18 10:00:11,397]: length=84 f1=0.8468 accuarcy=0.8478 precision=0.8491 recall=0.8478 roc=0.8412 
[2019-08-18 10:00:15,578]: length=85 f1=0.8474 accuarcy=0.8478 precision=0.8478 recall=0.8478 roc=0.8436 
[2019-08-18 10:00:19,670]: length=86 f1=0.8574 accuarcy=0.8587 precision=0.8614 recall=0.8587 roc=0.8510 
[2019-08-18 10:00:23,893]: length=87 f1=0.8793 accuarcy=0.8804 precision=0.8837 recall=0.8804 roc=0.8730 
[2019-08-18 10:00:28,185]: length=88 f1=0.8580 accuarcy=0.8587 precision=0.8592 recall=0.8587 roc=0.8534 
[2019-08-18 10:00:32,309]: length=89 f1=0.8574 accuarcy=0.8587 precision=0.8614 recall=0.8587 roc=0.8510 
[2019-08-18 10:00:36,643]: length=90 f1=0.8362 accuarcy=0.8370 precision=0.8372 recall=0.8370 roc=0.8314 
[2019-08-18 10:00:40,821]: length=91 f1=0.8906 accuarcy=0.8913 precision=0.8933 recall=0.8913 roc=0.8852 
[2019-08-18 10:00:45,455]: length=92 f1=0.8580 accuarcy=0.8587 precision=0.8592 recall=0.8587 roc=0.8534 
[2019-08-18 10:00:49,495]: length=93 f1=0.8249 accuarcy=0.8261 precision=0.8269 recall=0.8261 roc=0.8192 
[2019-08-18 10:00:53,424]: length=94 f1=0.8362 accuarcy=0.8370 precision=0.8372 recall=0.8370 roc=0.8314 
[2019-08-18 10:00:57,412]: length=95 f1=0.8474 accuarcy=0.8478 precision=0.8478 recall=0.8478 roc=0.8436 
[2019-08-18 10:01:01,301]: length=96 f1=0.8474 accuarcy=0.8478 precision=0.8478 recall=0.8478 roc=0.8436 
[2019-08-18 10:01:05,403]: length=97 f1=0.8362 accuarcy=0.8370 precision=0.8372 recall=0.8370 roc=0.8314 
[2019-08-18 10:01:09,306]: length=98 f1=0.8367 accuarcy=0.8370 precision=0.8367 recall=0.8370 roc=0.8338 
[2019-08-18 10:01:13,184]: length=99 f1=0.8580 accuarcy=0.8587 precision=0.8592 recall=0.8587 roc=0.8534 
[2019-08-18 10:01:17,630]: length=100 f1=0.8687 accuarcy=0.8696 precision=0.8712 recall=0.8696 roc=0.8632 
[2019-08-18 10:01:21,635]: length=101 f1=0.8687 accuarcy=0.8696 precision=0.8712 recall=0.8696 roc=0.8632 
[2019-08-18 10:01:25,677]: length=102 f1=0.8468 accuarcy=0.8478 precision=0.8491 recall=0.8478 roc=0.8412 
[2019-08-18 10:01:29,547]: length=103 f1=0.8362 accuarcy=0.8370 precision=0.8372 recall=0.8370 roc=0.8314 
[2019-08-18 10:01:33,539]: length=104 f1=0.8580 accuarcy=0.8587 precision=0.8592 recall=0.8587 roc=0.8534 
[2019-08-18 10:01:37,857]: length=105 f1=0.8474 accuarcy=0.8478 precision=0.8478 recall=0.8478 roc=0.8436 
[2019-08-18 10:01:41,941]: length=106 f1=0.8566 accuarcy=0.8587 precision=0.8651 recall=0.8587 roc=0.8486 
[2019-08-18 10:01:45,995]: length=107 f1=0.8474 accuarcy=0.8478 precision=0.8478 recall=0.8478 roc=0.8436 
[2019-08-18 10:01:50,121]: length=108 f1=0.8256 accuarcy=0.8261 precision=0.8259 recall=0.8261 roc=0.8216 
[2019-08-18 10:01:54,377]: length=109 f1=0.8468 accuarcy=0.8478 precision=0.8491 recall=0.8478 roc=0.8412 
[2019-08-18 10:01:58,424]: length=110 f1=0.8474 accuarcy=0.8478 precision=0.8478 recall=0.8478 roc=0.8436 
[2019-08-18 10:02:02,408]: length=111 f1=0.8474 accuarcy=0.8478 precision=0.8478 recall=0.8478 roc=0.8436 
[2019-08-18 10:02:06,593]: length=112 f1=0.8038 accuarcy=0.8043 precision=0.8040 recall=0.8043 roc=0.7996 
[2019-08-18 10:02:10,750]: length=113 f1=0.8474 accuarcy=0.8478 precision=0.8478 recall=0.8478 roc=0.8436 
[2019-08-18 10:02:14,806]: length=114 f1=0.8574 accuarcy=0.8587 precision=0.8614 recall=0.8587 roc=0.8510 
[2019-08-18 10:02:18,901]: length=115 f1=0.8580 accuarcy=0.8587 precision=0.8592 recall=0.8587 roc=0.8534 
[2019-08-18 10:02:23,005]: length=116 f1=0.8362 accuarcy=0.8370 precision=0.8372 recall=0.8370 roc=0.8314 
[2019-08-18 10:02:26,971]: length=117 f1=0.8580 accuarcy=0.8587 precision=0.8592 recall=0.8587 roc=0.8534 
[2019-08-18 10:02:31,135]: length=118 f1=0.8468 accuarcy=0.8478 precision=0.8491 recall=0.8478 roc=0.8412 
[2019-08-18 10:02:35,172]: length=119 f1=0.8474 accuarcy=0.8478 precision=0.8478 recall=0.8478 roc=0.8436 
[2019-08-18 10:02:39,262]: length=120 f1=0.8574 accuarcy=0.8587 precision=0.8614 recall=0.8587 roc=0.8510 
[2019-08-18 10:02:43,441]: length=121 f1=0.8580 accuarcy=0.8587 precision=0.8592 recall=0.8587 roc=0.8534 
[2019-08-18 10:02:48,342]: length=122 f1=0.8574 accuarcy=0.8587 precision=0.8614 recall=0.8587 roc=0.8510 
[2019-08-18 10:02:52,559]: length=123 f1=0.8580 accuarcy=0.8587 precision=0.8592 recall=0.8587 roc=0.8534 
[2019-08-18 10:02:56,408]: length=124 f1=0.8580 accuarcy=0.8587 precision=0.8592 recall=0.8587 roc=0.8534 
[2019-08-18 10:03:00,397]: length=125 f1=0.8468 accuarcy=0.8478 precision=0.8491 recall=0.8478 roc=0.8412 
[2019-08-18 10:03:04,486]: length=126 f1=0.8362 accuarcy=0.8370 precision=0.8372 recall=0.8370 roc=0.8314 
[2019-08-18 10:03:08,607]: length=127 f1=0.8687 accuarcy=0.8696 precision=0.8712 recall=0.8696 roc=0.8632 
[2019-08-18 10:03:12,793]: length=128 f1=0.8580 accuarcy=0.8587 precision=0.8592 recall=0.8587 roc=0.8534 
[2019-08-18 10:03:16,770]: length=129 f1=0.8580 accuarcy=0.8587 precision=0.8592 recall=0.8587 roc=0.8534 
[2019-08-18 10:03:20,747]: length=130 f1=0.8261 accuarcy=0.8261 precision=0.8261 recall=0.8261 roc=0.8240 
[2019-08-18 10:03:25,089]: length=131 f1=0.8468 accuarcy=0.8478 precision=0.8491 recall=0.8478 roc=0.8412 
[2019-08-18 10:03:29,251]: length=132 f1=0.8687 accuarcy=0.8696 precision=0.8712 recall=0.8696 roc=0.8632 
[2019-08-18 10:03:33,236]: length=133 f1=0.8468 accuarcy=0.8478 precision=0.8491 recall=0.8478 roc=0.8412 
[2019-08-18 10:03:37,100]: length=134 f1=0.8580 accuarcy=0.8587 precision=0.8592 recall=0.8587 roc=0.8534 
[2019-08-18 10:03:41,063]: length=135 f1=0.8355 accuarcy=0.8370 precision=0.8391 recall=0.8370 roc=0.8290 
[2019-08-18 10:03:45,444]: length=136 f1=0.8362 accuarcy=0.8370 precision=0.8372 recall=0.8370 roc=0.8314 
[2019-08-18 10:03:49,778]: length=137 f1=0.8474 accuarcy=0.8478 precision=0.8478 recall=0.8478 roc=0.8436 
[2019-08-18 10:03:53,850]: length=138 f1=0.8574 accuarcy=0.8587 precision=0.8614 recall=0.8587 roc=0.8510 
[2019-08-18 10:03:57,828]: length=139 f1=0.8355 accuarcy=0.8370 precision=0.8391 recall=0.8370 roc=0.8290 
[2019-08-18 10:04:01,990]: length=140 f1=0.8474 accuarcy=0.8478 precision=0.8478 recall=0.8478 roc=0.8436 
[2019-08-18 10:04:06,217]: length=141 f1=0.8580 accuarcy=0.8587 precision=0.8592 recall=0.8587 roc=0.8534 
[2019-08-18 10:04:10,253]: length=142 f1=0.8367 accuarcy=0.8370 precision=0.8367 recall=0.8370 roc=0.8338 
[2019-08-18 10:04:14,296]: length=143 f1=0.8574 accuarcy=0.8587 precision=0.8614 recall=0.8587 roc=0.8510 
[2019-08-18 10:04:18,385]: length=144 f1=0.8468 accuarcy=0.8478 precision=0.8491 recall=0.8478 roc=0.8412 
[2019-08-18 10:04:22,500]: length=145 f1=0.8580 accuarcy=0.8587 precision=0.8592 recall=0.8587 roc=0.8534 
[2019-08-18 10:04:26,530]: length=146 f1=0.8687 accuarcy=0.8696 precision=0.8712 recall=0.8696 roc=0.8632 
[2019-08-18 10:04:30,563]: length=147 f1=0.8468 accuarcy=0.8478 precision=0.8491 recall=0.8478 roc=0.8412 
[2019-08-18 10:04:34,753]: length=148 f1=0.8574 accuarcy=0.8587 precision=0.8614 recall=0.8587 roc=0.8510 
[2019-08-18 10:04:38,637]: length=149 f1=0.8474 accuarcy=0.8478 precision=0.8478 recall=0.8478 roc=0.8436 
[2019-08-18 10:04:42,676]: length=150 f1=0.8468 accuarcy=0.8478 precision=0.8491 recall=0.8478 roc=0.8412 
[2019-08-18 10:04:46,832]: length=151 f1=0.8143 accuarcy=0.8152 precision=0.8152 recall=0.8152 roc=0.8094 
[2019-08-18 10:04:50,804]: length=152 f1=0.8468 accuarcy=0.8478 precision=0.8491 recall=0.8478 roc=0.8412 
[2019-08-18 10:04:55,122]: length=153 f1=0.8687 accuarcy=0.8696 precision=0.8712 recall=0.8696 roc=0.8632 
[2019-08-18 10:04:59,357]: length=154 f1=0.8474 accuarcy=0.8478 precision=0.8478 recall=0.8478 roc=0.8436 
[2019-08-18 10:05:03,503]: length=155 f1=0.8580 accuarcy=0.8587 precision=0.8592 recall=0.8587 roc=0.8534 
[2019-08-18 10:05:07,449]: length=156 f1=0.8580 accuarcy=0.8587 precision=0.8592 recall=0.8587 roc=0.8534 
[2019-08-18 10:05:11,379]: length=157 f1=0.8362 accuarcy=0.8370 precision=0.8372 recall=0.8370 roc=0.8314 
[2019-08-18 10:05:15,248]: length=158 f1=0.8367 accuarcy=0.8370 precision=0.8367 recall=0.8370 roc=0.8338 
[2019-08-18 10:05:19,194]: length=159 f1=0.8362 accuarcy=0.8370 precision=0.8372 recall=0.8370 roc=0.8314 
[2019-08-18 10:05:23,142]: length=160 f1=0.8580 accuarcy=0.8587 precision=0.8592 recall=0.8587 roc=0.8534 
[2019-08-18 10:05:27,487]: length=161 f1=0.8580 accuarcy=0.8587 precision=0.8592 recall=0.8587 roc=0.8534 
[2019-08-18 10:05:31,781]: length=162 f1=0.8574 accuarcy=0.8587 precision=0.8614 recall=0.8587 roc=0.8510 
[2019-08-18 10:05:35,721]: length=163 f1=0.8362 accuarcy=0.8370 precision=0.8372 recall=0.8370 roc=0.8314 
[2019-08-18 10:05:40,093]: length=164 f1=0.8468 accuarcy=0.8478 precision=0.8491 recall=0.8478 roc=0.8412 
[2019-08-18 10:05:44,173]: length=165 f1=0.8362 accuarcy=0.8370 precision=0.8372 recall=0.8370 roc=0.8314 
[2019-08-18 10:05:48,174]: length=166 f1=0.8249 accuarcy=0.8261 precision=0.8269 recall=0.8261 roc=0.8192 
[2019-08-18 10:05:52,599]: length=167 f1=0.8574 accuarcy=0.8587 precision=0.8614 recall=0.8587 roc=0.8510 
[2019-08-18 10:05:57,147]: length=168 f1=0.8580 accuarcy=0.8587 precision=0.8592 recall=0.8587 roc=0.8534 
[2019-08-18 10:06:01,232]: length=169 f1=0.8580 accuarcy=0.8587 precision=0.8592 recall=0.8587 roc=0.8534 
[2019-08-18 10:06:05,399]: length=170 f1=0.8468 accuarcy=0.8478 precision=0.8491 recall=0.8478 roc=0.8412 
[2019-08-18 10:06:09,849]: length=171 f1=0.8362 accuarcy=0.8370 precision=0.8372 recall=0.8370 roc=0.8314 
[2019-08-18 10:06:14,068]: length=172 f1=0.8580 accuarcy=0.8587 precision=0.8592 recall=0.8587 roc=0.8534 
[2019-08-18 10:06:18,381]: length=173 f1=0.8687 accuarcy=0.8696 precision=0.8712 recall=0.8696 roc=0.8632 
[2019-08-18 10:06:22,469]: length=174 f1=0.8474 accuarcy=0.8478 precision=0.8478 recall=0.8478 roc=0.8436 
[2019-08-18 10:06:26,379]: length=175 f1=0.8256 accuarcy=0.8261 precision=0.8259 recall=0.8261 roc=0.8216 
[2019-08-18 10:06:30,516]: length=176 f1=0.8362 accuarcy=0.8370 precision=0.8372 recall=0.8370 roc=0.8314 
[2019-08-18 10:06:34,518]: length=177 f1=0.8474 accuarcy=0.8478 precision=0.8478 recall=0.8478 roc=0.8436 
[2019-08-18 10:06:38,605]: length=178 f1=0.8362 accuarcy=0.8370 precision=0.8372 recall=0.8370 roc=0.8314 
[2019-08-18 10:06:38,606]: ----------
[2019-08-18 10:06:38,606]: the max f1 = 0.9120
[2019-08-18 10:06:38,606]: ['Cornette_P' 'Janin_D' 'Cornette_T' 'Cornette_C' 'Rose_I' 'Rose_S'
 'Cornette_V' 'hydrophily' 'Hopp_Woods_R' 'Engelman_GES_D' 'polar'
 'Cornette_F' 'Eisenberg_R' 'Kyte_Doolittle_I' 'basic_polar'
 'Kyte_Doolittle_A' 'Hopp_Woods_A' 'Janin_P' 'Engelman_GES_S'
 'Hopp_Woods_I' 'Eisenberg_N' 'Cornette_L' 'Hopp_Woods_D' 'Rose_L'
 'Engelman_GES_Q' 'Engelman_GES_G' 'Rose_H' 'Rose_T' 'Rose_R'
 'Engelman_GES_N' 'Engelman_GES_R' 'Engelman_GES_W' 'Rose_W' 'Cornette_Y'
 'Cornette_K' 'Cornette_W' 'Hopp_Woods_T' 'Kyte_Doolittle_C' 'Janin_V'
 'Janin_M' 'C' 'aliphatic' 'Kyte_Doolittle_Q' 'Kyte_Doolittle_Y'
 'Eisenberg_W' 'P'],length = 46
[2019-08-18 10:06:38,607]: -----------
[2019-08-18 10:06:42,601]: ***confusion matrix***
[2019-08-18 10:06:42,602]:                pos_class      neg_class      
[2019-08-18 10:06:42,602]: pos_class      TP:34             FN:7              
[2019-08-18 10:06:42,602]: neg_class      FP:1              TN:50             
[2019-08-18 10:06:42,602]: f1 =0.9120 
[2019-08-18 10:06:42,603]: accuarcy = 0.9130 
[2019-08-18 10:06:42,603]: precision =0.9192 
[2019-08-18 10:06:42,604]: recall =0.9130
[2019-08-18 10:06:42,605]: roc area = 0.9048
[2019-08-18 10:06:42,614]: -----------
[2019-08-18 10:06:42,615]: The output by the terminal's log has been saved in the J:\多设备共享\work\MRMD2.0-github\Logs\201908180954.log.
[2019-08-18 10:06:42,615]: metrics have been saved in the J:\多设备共享\work\MRMD2.0-github\Results\meteixa.csv.
[2019-08-18 10:06:42,615]: reduced dimensional dataset has been saved in the J:\多设备共享\work\MRMD2.0-github\Results\rd.csv.
[2019-08-18 10:06:42,615]: ---mrmd 2.0 end---
