[2019-08-14 12:26:01,018]: ---mrmd 2.0 start----
[2019-08-14 12:26:01,107]: ANOVA start...
[2019-08-14 12:26:01,125]: ANOVA end.
[2019-08-14 12:26:01,125]: mic start...
[2019-08-14 12:26:07,173]: mic end.
[2019-08-14 12:26:07,174]: mrmd start...
[2019-08-14 12:26:07,395]: mrmd end.
[2019-08-14 12:26:07,396]: mRMR start...
[2019-08-14 12:26:15,003]: mRMR end.
[2019-08-14 12:26:15,004]: lasso start...
[2019-08-14 12:26:15,062]: lasso end.
[2019-08-14 12:26:15,062]: lasso2 start...
[2019-08-14 12:26:15,793]: lasso2 end.
[2019-08-14 12:26:15,796]: rank start ...
[2019-08-14 12:26:15,805]: The final  rank is
[2019-08-14 12:26:15,805]: aromatic.uncharger.gap5 : 0.0080
[2019-08-14 12:26:15,806]: aromatic.uncharger.gap0 : 0.0078
[2019-08-14 12:26:15,806]: uncharger.postivecharger.gap0 : 0.0077
[2019-08-14 12:26:15,806]: uncharger.aromatic.gap5 : 0.0077
[2019-08-14 12:26:15,806]: uncharger.aromatic.gap1 : 0.0077
[2019-08-14 12:26:15,806]: alphaticr.alphaticr.gap5 : 0.0077
[2019-08-14 12:26:15,806]: uncharger.uncharger.gap3 : 0.0077
[2019-08-14 12:26:15,806]: aromatic.uncharger.gap4 : 0.0077
[2019-08-14 12:26:15,806]: alphaticr.alphaticr.gap0 : 0.0077
[2019-08-14 12:26:15,806]: postivecharger.negativecharger.gap5 : 0.0076
[2019-08-14 12:26:15,806]: aromatic.negativecharger.gap0 : 0.0076
[2019-08-14 12:26:15,806]: aromatic.postivecharger.gap5 : 0.0076
[2019-08-14 12:26:15,806]: alphaticr.postivecharger.gap3 : 0.0076
[2019-08-14 12:26:15,807]: aromatic.uncharger.gap2 : 0.0076
[2019-08-14 12:26:15,807]: postivecharger.postivecharger.gap4 : 0.0076
[2019-08-14 12:26:15,807]: postivecharger.uncharger.gap5 : 0.0076
[2019-08-14 12:26:15,807]: uncharger.postivecharger.gap2 : 0.0076
[2019-08-14 12:26:15,807]: postivecharger.uncharger.gap3 : 0.0075
[2019-08-14 12:26:15,807]: alphaticr.aromatic.gap2 : 0.0075
[2019-08-14 12:26:15,807]: uncharger.postivecharger.gap1 : 0.0075
[2019-08-14 12:26:15,807]: alphaticr.postivecharger.gap2 : 0.0075
[2019-08-14 12:26:15,807]: uncharger.negativecharger.gap1 : 0.0075
[2019-08-14 12:26:15,807]: aromatic.alphaticr.gap4 : 0.0075
[2019-08-14 12:26:15,807]: postivecharger.alphaticr.gap3 : 0.0074
[2019-08-14 12:26:15,808]: uncharger.alphaticr.gap5 : 0.0074
[2019-08-14 12:26:15,808]: postivecharger.uncharger.gap0 : 0.0074
[2019-08-14 12:26:15,808]: negativecharger.alphaticr.gap4 : 0.0074
[2019-08-14 12:26:15,808]: postivecharger.aromatic.gap3 : 0.0074
[2019-08-14 12:26:15,808]: postivecharger.postivecharger.gap1 : 0.0074
[2019-08-14 12:26:15,808]: negativecharger.uncharger.gap2 : 0.0074
[2019-08-14 12:26:15,808]: alphaticr.alphaticr.gap4 : 0.0074
[2019-08-14 12:26:15,808]: postivecharger.alphaticr.gap0 : 0.0074
[2019-08-14 12:26:15,808]: uncharger.alphaticr.gap0 : 0.0074
[2019-08-14 12:26:15,808]: uncharger.aromatic.gap0 : 0.0073
[2019-08-14 12:26:15,808]: negativecharger.alphaticr.gap3 : 0.0073
[2019-08-14 12:26:15,808]: uncharger.uncharger.gap2 : 0.0073
[2019-08-14 12:26:15,808]: alphaticr.alphaticr.gap1 : 0.0073
[2019-08-14 12:26:15,809]: uncharger.alphaticr.gap2 : 0.0073
[2019-08-14 12:26:15,809]: alphaticr.negativecharger.gap3 : 0.0073
[2019-08-14 12:26:15,809]: uncharger.alphaticr.gap1 : 0.0073
[2019-08-14 12:26:15,809]: postivecharger.uncharger.gap2 : 0.0073
[2019-08-14 12:26:15,809]: negativecharger.alphaticr.gap0 : 0.0073
[2019-08-14 12:26:15,809]: postivecharger.uncharger.gap4 : 0.0073
[2019-08-14 12:26:15,809]: aromatic.negativecharger.gap5 : 0.0073
[2019-08-14 12:26:15,809]: uncharger.postivecharger.gap4 : 0.0073
[2019-08-14 12:26:15,809]: uncharger.postivecharger.gap5 : 0.0072
[2019-08-14 12:26:15,809]: negativecharger.aromatic.gap2 : 0.0072
[2019-08-14 12:26:15,809]: aromatic.uncharger.gap1 : 0.0072
[2019-08-14 12:26:15,809]: uncharger.negativecharger.gap5 : 0.0072
[2019-08-14 12:26:15,810]: uncharger.aromatic.gap4 : 0.0071
[2019-08-14 12:26:15,810]: postivecharger.alphaticr.gap1 : 0.0071
[2019-08-14 12:26:15,810]: postivecharger.aromatic.gap5 : 0.0070
[2019-08-14 12:26:15,810]: alphaticr.negativecharger.gap5 : 0.0070
[2019-08-14 12:26:15,810]: negativecharger.negativecharger.gap2 : 0.0070
[2019-08-14 12:26:15,810]: negativecharger.postivecharger.gap2 : 0.0069
[2019-08-14 12:26:15,810]: aromatic.postivecharger.gap4 : 0.0069
[2019-08-14 12:26:15,810]: aromatic.alphaticr.gap5 : 0.0069
[2019-08-14 12:26:15,810]: postivecharger.negativecharger.gap0 : 0.0069
[2019-08-14 12:26:15,810]: uncharger.aromatic.gap3 : 0.0068
[2019-08-14 12:26:15,810]: postivecharger.postivecharger.gap5 : 0.0067
[2019-08-14 12:26:15,811]: negativecharger.aromatic.gap3 : 0.0067
[2019-08-14 12:26:15,811]: negativecharger.alphaticr.gap5 : 0.0067
[2019-08-14 12:26:15,811]: negativecharger.postivecharger.gap4 : 0.0067
[2019-08-14 12:26:15,811]: negativecharger.uncharger.gap1 : 0.0067
[2019-08-14 12:26:15,811]: postivecharger.negativecharger.gap1 : 0.0066
[2019-08-14 12:26:15,811]: uncharger.alphaticr.gap3 : 0.0066
[2019-08-14 12:26:15,811]: postivecharger.aromatic.gap1 : 0.0066
[2019-08-14 12:26:15,811]: aromatic.aromatic.gap0 : 0.0066
[2019-08-14 12:26:15,811]: alphaticr.negativecharger.gap0 : 0.0066
[2019-08-14 12:26:15,811]: negativecharger.uncharger.gap5 : 0.0066
[2019-08-14 12:26:15,811]: aromatic.negativecharger.gap2 : 0.0065
[2019-08-14 12:26:15,811]: postivecharger.alphaticr.gap2 : 0.0065
[2019-08-14 12:26:15,811]: aromatic.negativecharger.gap1 : 0.0065
[2019-08-14 12:26:15,812]: aromatic.postivecharger.gap0 : 0.0065
[2019-08-14 12:26:15,812]: negativecharger.aromatic.gap1 : 0.0065
[2019-08-14 12:26:15,812]: alphaticr.uncharger.gap0 : 0.0065
[2019-08-14 12:26:15,812]: alphaticr.uncharger.gap5 : 0.0065
[2019-08-14 12:26:15,812]: postivecharger.negativecharger.gap2 : 0.0065
[2019-08-14 12:26:15,812]: aromatic.aromatic.gap5 : 0.0065
[2019-08-14 12:26:15,812]: postivecharger.postivecharger.gap2 : 0.0065
[2019-08-14 12:26:15,812]: negativecharger.postivecharger.gap1 : 0.0065
[2019-08-14 12:26:15,812]: aromatic.alphaticr.gap1 : 0.0064
[2019-08-14 12:26:15,812]: negativecharger.aromatic.gap5 : 0.0064
[2019-08-14 12:26:15,812]: negativecharger.negativecharger.gap4 : 0.0064
[2019-08-14 12:26:15,813]: alphaticr.negativecharger.gap4 : 0.0064
[2019-08-14 12:26:15,813]: alphaticr.postivecharger.gap5 : 0.0064
[2019-08-14 12:26:15,813]: uncharger.negativecharger.gap4 : 0.0064
[2019-08-14 12:26:15,813]: negativecharger.uncharger.gap4 : 0.0064
[2019-08-14 12:26:15,813]: negativecharger.negativecharger.gap5 : 0.0064
[2019-08-14 12:26:15,813]: postivecharger.negativecharger.gap4 : 0.0064
[2019-08-14 12:26:15,813]: uncharger.negativecharger.gap0 : 0.0064
[2019-08-14 12:26:15,813]: aromatic.postivecharger.gap3 : 0.0064
[2019-08-14 12:26:15,813]: negativecharger.alphaticr.gap1 : 0.0064
[2019-08-14 12:26:15,813]: alphaticr.aromatic.gap5 : 0.0064
[2019-08-14 12:26:15,813]: alphaticr.negativecharger.gap1 : 0.0064
[2019-08-14 12:26:15,813]: aromatic.aromatic.gap4 : 0.0063
[2019-08-14 12:26:15,813]: alphaticr.uncharger.gap2 : 0.0063
[2019-08-14 12:26:15,814]: alphaticr.postivecharger.gap4 : 0.0063
[2019-08-14 12:26:15,814]: negativecharger.postivecharger.gap0 : 0.0063
[2019-08-14 12:26:15,814]: postivecharger.uncharger.gap1 : 0.0063
[2019-08-14 12:26:15,814]: alphaticr.aromatic.gap1 : 0.0063
[2019-08-14 12:26:15,814]: aromatic.aromatic.gap1 : 0.0063
[2019-08-14 12:26:15,814]: uncharger.negativecharger.gap2 : 0.0063
[2019-08-14 12:26:15,814]: postivecharger.aromatic.gap4 : 0.0063
[2019-08-14 12:26:15,814]: uncharger.aromatic.gap2 : 0.0063
[2019-08-14 12:26:15,814]: alphaticr.alphaticr.gap3 : 0.0063
[2019-08-14 12:26:15,815]: postivecharger.alphaticr.gap4 : 0.0063
[2019-08-14 12:26:15,815]: negativecharger.negativecharger.gap1 : 0.0063
[2019-08-14 12:26:15,815]: postivecharger.alphaticr.gap5 : 0.0062
[2019-08-14 12:26:15,815]: alphaticr.alphaticr.gap2 : 0.0062
[2019-08-14 12:26:15,815]: negativecharger.uncharger.gap0 : 0.0062
[2019-08-14 12:26:15,815]: postivecharger.postivecharger.gap0 : 0.0062
[2019-08-14 12:26:15,815]: negativecharger.aromatic.gap4 : 0.0062
[2019-08-14 12:26:15,815]: alphaticr.postivecharger.gap1 : 0.0062
[2019-08-14 12:26:15,815]: postivecharger.aromatic.gap2 : 0.0062
[2019-08-14 12:26:15,816]: aromatic.aromatic.gap2 : 0.0062
[2019-08-14 12:26:15,816]: alphaticr.negativecharger.gap2 : 0.0062
[2019-08-14 12:26:15,816]: negativecharger.postivecharger.gap3 : 0.0062
[2019-08-14 12:26:15,816]: negativecharger.negativecharger.gap0 : 0.0062
[2019-08-14 12:26:15,816]: aromatic.negativecharger.gap3 : 0.0062
[2019-08-14 12:26:15,816]: alphaticr.aromatic.gap3 : 0.0062
[2019-08-14 12:26:15,816]: postivecharger.aromatic.gap0 : 0.0062
[2019-08-14 12:26:15,816]: negativecharger.alphaticr.gap2 : 0.0061
[2019-08-14 12:26:15,816]: alphaticr.aromatic.gap0 : 0.0061
[2019-08-14 12:26:15,817]: negativecharger.aromatic.gap0 : 0.0061
[2019-08-14 12:26:15,817]: negativecharger.postivecharger.gap5 : 0.0061
[2019-08-14 12:26:15,817]: uncharger.uncharger.gap0 : 0.0061
[2019-08-14 12:26:15,817]: aromatic.postivecharger.gap1 : 0.0061
[2019-08-14 12:26:15,817]: aromatic.uncharger.gap3 : 0.0061
[2019-08-14 12:26:15,817]: negativecharger.uncharger.gap3 : 0.0061
[2019-08-14 12:26:15,817]: aromatic.negativecharger.gap4 : 0.0061
[2019-08-14 12:26:15,817]: uncharger.negativecharger.gap3 : 0.0061
[2019-08-14 12:26:15,817]: uncharger.uncharger.gap1 : 0.0060
[2019-08-14 12:26:15,817]: negativecharger.negativecharger.gap3 : 0.0060
[2019-08-14 12:26:15,817]: alphaticr.aromatic.gap4 : 0.0059
[2019-08-14 12:26:15,818]: aromatic.postivecharger.gap2 : 0.0059
[2019-08-14 12:26:15,818]: uncharger.uncharger.gap4 : 0.0059
[2019-08-14 12:26:15,818]: uncharger.alphaticr.gap4 : 0.0058
[2019-08-14 12:26:15,818]: alphaticr.postivecharger.gap0 : 0.0057
[2019-08-14 12:26:15,818]: uncharger.postivecharger.gap3 : 0.0056
[2019-08-14 12:26:15,818]: postivecharger.postivecharger.gap3 : 0.0056
[2019-08-14 12:26:15,818]: alphaticr.uncharger.gap3 : 0.0055
[2019-08-14 12:26:15,818]: alphaticr.uncharger.gap4 : 0.0055
[2019-08-14 12:26:15,818]: aromatic.alphaticr.gap0 : 0.0055
[2019-08-14 12:26:15,818]: alphaticr.uncharger.gap1 : 0.0055
[2019-08-14 12:26:15,818]: aromatic.alphaticr.gap2 : 0.0055
[2019-08-14 12:26:15,819]: postivecharger.negativecharger.gap3 : 0.0054
[2019-08-14 12:26:15,819]: uncharger.uncharger.gap5 : 0.0051
[2019-08-14 12:26:15,819]: aromatic.aromatic.gap3 : 0.0051
[2019-08-14 12:26:15,819]: aromatic.alphaticr.gap3 : 0.0051
[2019-08-14 12:26:15,819]: feature_rank end
[2019-08-14 12:26:15,845]: Start dimension reduction ...
[2019-08-14 12:26:18,059]: length=1 f1=0.3850 accuarcy=0.5455  precision=0.2975 recall=0.5455 roc=0.5000 
[2019-08-14 12:26:19,773]: length=2 f1=0.4253 accuarcy=0.4545  precision=0.4242 recall=0.4545 roc=0.4333 
[2019-08-14 12:26:21,552]: length=3 f1=0.5580 accuarcy=0.5909  precision=0.5936 recall=0.5909 roc=0.5667 
[2019-08-14 12:26:23,171]: length=4 f1=0.6798 accuarcy=0.6818  precision=0.6807 recall=0.6818 roc=0.6750 
[2019-08-14 12:26:24,978]: length=5 f1=0.6714 accuarcy=0.6818  precision=0.6883 recall=0.6818 roc=0.6667 
[2019-08-14 12:26:26,836]: length=6 f1=0.7653 accuarcy=0.7727  precision=0.7896 recall=0.7727 roc=0.7583 
[2019-08-14 12:26:28,593]: length=7 f1=0.7653 accuarcy=0.7727  precision=0.7896 recall=0.7727 roc=0.7583 
[2019-08-14 12:26:30,302]: length=8 f1=0.6714 accuarcy=0.6818  precision=0.6883 recall=0.6818 roc=0.6667 
[2019-08-14 12:26:31,988]: length=9 f1=0.7653 accuarcy=0.7727  precision=0.7896 recall=0.7727 roc=0.7583 
[2019-08-14 12:26:33,640]: length=10 f1=0.7273 accuarcy=0.7273  precision=0.7273 recall=0.7273 roc=0.7250 
[2019-08-14 12:26:35,371]: length=11 f1=0.7226 accuarcy=0.7273  precision=0.7305 recall=0.7273 roc=0.7167 
[2019-08-14 12:26:37,147]: length=12 f1=0.7713 accuarcy=0.7727  precision=0.7731 recall=0.7727 roc=0.7667 
[2019-08-14 12:26:38,803]: length=13 f1=0.7732 accuarcy=0.7727  precision=0.7769 recall=0.7727 roc=0.7750 
[2019-08-14 12:26:40,411]: length=14 f1=0.7226 accuarcy=0.7273  precision=0.7305 recall=0.7273 roc=0.7167 
[2019-08-14 12:26:42,033]: length=15 f1=0.7226 accuarcy=0.7273  precision=0.7305 recall=0.7273 roc=0.7167 
[2019-08-14 12:26:43,690]: length=16 f1=0.6562 accuarcy=0.6818  precision=0.7166 recall=0.6818 roc=0.6583 
[2019-08-14 12:26:45,363]: length=17 f1=0.6714 accuarcy=0.6818  precision=0.6883 recall=0.6818 roc=0.6667 
[2019-08-14 12:26:47,149]: length=18 f1=0.7127 accuarcy=0.7273  precision=0.7538 recall=0.7273 roc=0.7083 
[2019-08-14 12:26:48,982]: length=19 f1=0.7127 accuarcy=0.7273  precision=0.7538 recall=0.7273 roc=0.7083 
[2019-08-14 12:26:51,066]: length=20 f1=0.7127 accuarcy=0.7273  precision=0.7538 recall=0.7273 roc=0.7083 
[2019-08-14 12:26:53,295]: length=21 f1=0.6714 accuarcy=0.6818  precision=0.6883 recall=0.6818 roc=0.6667 
[2019-08-14 12:26:55,420]: length=22 f1=0.7653 accuarcy=0.7727  precision=0.7896 recall=0.7727 roc=0.7583 
[2019-08-14 12:26:58,148]: length=23 f1=0.7226 accuarcy=0.7273  precision=0.7305 recall=0.7273 roc=0.7167 
[2019-08-14 12:27:01,756]: length=24 f1=0.7226 accuarcy=0.7273  precision=0.7305 recall=0.7273 roc=0.7167 
[2019-08-14 12:27:03,752]: length=25 f1=0.7127 accuarcy=0.7273  precision=0.7538 recall=0.7273 roc=0.7083 
[2019-08-14 12:27:05,753]: length=26 f1=0.6169 accuarcy=0.6364  precision=0.6439 recall=0.6364 roc=0.6167 
[2019-08-14 12:27:07,824]: length=27 f1=0.7127 accuarcy=0.7273  precision=0.7538 recall=0.7273 roc=0.7083 
[2019-08-14 12:27:10,089]: length=28 f1=0.7653 accuarcy=0.7727  precision=0.7896 recall=0.7727 roc=0.7583 
[2019-08-14 12:27:12,158]: length=29 f1=0.7127 accuarcy=0.7273  precision=0.7538 recall=0.7273 roc=0.7083 
[2019-08-14 12:27:14,236]: length=30 f1=0.7653 accuarcy=0.7727  precision=0.7896 recall=0.7727 roc=0.7583 
[2019-08-14 12:27:16,465]: length=31 f1=0.6169 accuarcy=0.6364  precision=0.6439 recall=0.6364 roc=0.6167 
[2019-08-14 12:27:18,543]: length=32 f1=0.7127 accuarcy=0.7273  precision=0.7538 recall=0.7273 roc=0.7083 
[2019-08-14 12:27:20,687]: length=33 f1=0.8628 accuarcy=0.8636  precision=0.8656 recall=0.8636 roc=0.8583 
[2019-08-14 12:27:22,720]: length=34 f1=0.7713 accuarcy=0.7727  precision=0.7731 recall=0.7727 roc=0.7667 
[2019-08-14 12:27:26,154]: length=35 f1=0.8151 accuarcy=0.8182  precision=0.8263 recall=0.8182 roc=0.8083 
[2019-08-14 12:27:28,453]: length=36 f1=0.7713 accuarcy=0.7727  precision=0.7731 recall=0.7727 roc=0.7667 
[2019-08-14 12:27:30,566]: length=37 f1=0.7713 accuarcy=0.7727  precision=0.7731 recall=0.7727 roc=0.7667 
[2019-08-14 12:27:32,650]: length=38 f1=0.8151 accuarcy=0.8182  precision=0.8263 recall=0.8182 roc=0.8083 
[2019-08-14 12:27:34,704]: length=39 f1=0.8592 accuarcy=0.8636  precision=0.8909 recall=0.8636 roc=0.8500 
[2019-08-14 12:27:36,746]: length=40 f1=0.8628 accuarcy=0.8636  precision=0.8656 recall=0.8636 roc=0.8583 
[2019-08-14 12:27:38,824]: length=41 f1=0.7653 accuarcy=0.7727  precision=0.7896 recall=0.7727 roc=0.7583 
[2019-08-14 12:27:41,010]: length=42 f1=0.8592 accuarcy=0.8636  precision=0.8909 recall=0.8636 roc=0.8500 
[2019-08-14 12:27:43,127]: length=43 f1=0.7226 accuarcy=0.7273  precision=0.7305 recall=0.7273 roc=0.7167 
[2019-08-14 12:27:45,274]: length=44 f1=0.7226 accuarcy=0.7273  precision=0.7305 recall=0.7273 roc=0.7167 
[2019-08-14 12:27:47,364]: length=45 f1=0.7713 accuarcy=0.7727  precision=0.7731 recall=0.7727 roc=0.7667 
[2019-08-14 12:27:49,500]: length=46 f1=0.7127 accuarcy=0.7273  precision=0.7538 recall=0.7273 roc=0.7083 
[2019-08-14 12:27:52,307]: length=47 f1=0.7226 accuarcy=0.7273  precision=0.7305 recall=0.7273 roc=0.7167 
[2019-08-14 12:27:54,767]: length=48 f1=0.7653 accuarcy=0.7727  precision=0.7896 recall=0.7727 roc=0.7583 
[2019-08-14 12:27:57,197]: length=49 f1=0.7653 accuarcy=0.7727  precision=0.7896 recall=0.7727 roc=0.7583 
[2019-08-14 12:27:59,411]: length=50 f1=0.7127 accuarcy=0.7273  precision=0.7538 recall=0.7273 roc=0.7083 
[2019-08-14 12:28:01,524]: length=51 f1=0.7653 accuarcy=0.7727  precision=0.7896 recall=0.7727 roc=0.7583 
[2019-08-14 12:28:03,642]: length=52 f1=0.8182 accuarcy=0.8182  precision=0.8182 recall=0.8182 roc=0.8167 
[2019-08-14 12:28:05,755]: length=53 f1=0.6798 accuarcy=0.6818  precision=0.6807 recall=0.6818 roc=0.6750 
[2019-08-14 12:28:07,905]: length=54 f1=0.7226 accuarcy=0.7273  precision=0.7305 recall=0.7273 roc=0.7167 
[2019-08-14 12:28:10,170]: length=55 f1=0.7713 accuarcy=0.7727  precision=0.7731 recall=0.7727 roc=0.7667 
[2019-08-14 12:28:12,366]: length=56 f1=0.7544 accuarcy=0.7727  precision=0.8396 recall=0.7727 roc=0.7500 
[2019-08-14 12:28:14,537]: length=57 f1=0.6798 accuarcy=0.6818  precision=0.6807 recall=0.6818 roc=0.6750 
[2019-08-14 12:28:16,693]: length=58 f1=0.8151 accuarcy=0.8182  precision=0.8263 recall=0.8182 roc=0.8083 
[2019-08-14 12:28:18,780]: length=59 f1=0.8592 accuarcy=0.8636  precision=0.8909 recall=0.8636 roc=0.8500 
[2019-08-14 12:28:20,911]: length=60 f1=0.6714 accuarcy=0.6818  precision=0.6883 recall=0.6818 roc=0.6667 
[2019-08-14 12:28:23,019]: length=61 f1=0.7713 accuarcy=0.7727  precision=0.7731 recall=0.7727 roc=0.7667 
[2019-08-14 12:28:25,138]: length=62 f1=0.7653 accuarcy=0.7727  precision=0.7896 recall=0.7727 roc=0.7583 
[2019-08-14 12:28:27,240]: length=63 f1=0.7713 accuarcy=0.7727  precision=0.7731 recall=0.7727 roc=0.7667 
[2019-08-14 12:28:29,344]: length=64 f1=0.8151 accuarcy=0.8182  precision=0.8263 recall=0.8182 roc=0.8083 
[2019-08-14 12:28:31,487]: length=65 f1=0.9075 accuarcy=0.9091  precision=0.9221 recall=0.9091 roc=0.9000 
[2019-08-14 12:28:33,600]: length=66 f1=0.8084 accuarcy=0.8182  precision=0.8636 recall=0.8182 roc=0.8000 
[2019-08-14 12:28:35,716]: length=67 f1=0.7713 accuarcy=0.7727  precision=0.7731 recall=0.7727 roc=0.7667 
[2019-08-14 12:28:37,877]: length=68 f1=0.8592 accuarcy=0.8636  precision=0.8909 recall=0.8636 roc=0.8500 
[2019-08-14 12:28:40,083]: length=69 f1=0.8151 accuarcy=0.8182  precision=0.8263 recall=0.8182 roc=0.8083 
[2019-08-14 12:28:42,259]: length=70 f1=0.8151 accuarcy=0.8182  precision=0.8263 recall=0.8182 roc=0.8083 
[2019-08-14 12:28:44,380]: length=71 f1=0.8592 accuarcy=0.8636  precision=0.8909 recall=0.8636 roc=0.8500 
[2019-08-14 12:28:46,521]: length=72 f1=0.7544 accuarcy=0.7727  precision=0.8396 recall=0.7727 roc=0.7500 
[2019-08-14 12:28:48,680]: length=73 f1=0.7544 accuarcy=0.7727  precision=0.8396 recall=0.7727 roc=0.7500 
[2019-08-14 12:28:50,837]: length=74 f1=0.7226 accuarcy=0.7273  precision=0.7305 recall=0.7273 roc=0.7167 
[2019-08-14 12:28:53,123]: length=75 f1=0.8592 accuarcy=0.8636  precision=0.8909 recall=0.8636 roc=0.8500 
[2019-08-14 12:28:55,395]: length=76 f1=0.7653 accuarcy=0.7727  precision=0.7896 recall=0.7727 roc=0.7583 
[2019-08-14 12:28:57,554]: length=77 f1=0.8151 accuarcy=0.8182  precision=0.8263 recall=0.8182 roc=0.8083 
[2019-08-14 12:28:59,883]: length=78 f1=0.8592 accuarcy=0.8636  precision=0.8909 recall=0.8636 roc=0.8500 
[2019-08-14 12:29:02,228]: length=79 f1=0.7713 accuarcy=0.7727  precision=0.7731 recall=0.7727 roc=0.7667 
[2019-08-14 12:29:04,674]: length=80 f1=0.8592 accuarcy=0.8636  precision=0.8909 recall=0.8636 roc=0.8500 
[2019-08-14 12:29:07,016]: length=81 f1=0.8151 accuarcy=0.8182  precision=0.8263 recall=0.8182 roc=0.8083 
[2019-08-14 12:29:09,458]: length=82 f1=0.7127 accuarcy=0.7273  precision=0.7538 recall=0.7273 roc=0.7083 
[2019-08-14 12:29:11,766]: length=83 f1=0.7544 accuarcy=0.7727  precision=0.8396 recall=0.7727 roc=0.7500 
[2019-08-14 12:29:14,016]: length=84 f1=0.8084 accuarcy=0.8182  precision=0.8636 recall=0.8182 roc=0.8000 
[2019-08-14 12:29:16,393]: length=85 f1=0.6798 accuarcy=0.6818  precision=0.6807 recall=0.6818 roc=0.6750 
[2019-08-14 12:29:18,698]: length=86 f1=0.7653 accuarcy=0.7727  precision=0.7896 recall=0.7727 roc=0.7583 
[2019-08-14 12:29:20,934]: length=87 f1=0.8151 accuarcy=0.8182  precision=0.8263 recall=0.8182 roc=0.8083 
[2019-08-14 12:29:23,186]: length=88 f1=0.7653 accuarcy=0.7727  precision=0.7896 recall=0.7727 roc=0.7583 
[2019-08-14 12:29:25,216]: length=89 f1=0.6562 accuarcy=0.6818  precision=0.7166 recall=0.6818 roc=0.6583 
[2019-08-14 12:29:27,335]: length=90 f1=0.6562 accuarcy=0.6818  precision=0.7166 recall=0.6818 roc=0.6583 
[2019-08-14 12:29:29,472]: length=91 f1=0.8182 accuarcy=0.8182  precision=0.8182 recall=0.8182 roc=0.8167 
[2019-08-14 12:29:31,549]: length=92 f1=0.8182 accuarcy=0.8182  precision=0.8182 recall=0.8182 roc=0.8167 
[2019-08-14 12:29:33,675]: length=93 f1=0.7653 accuarcy=0.7727  precision=0.7896 recall=0.7727 roc=0.7583 
[2019-08-14 12:29:35,721]: length=94 f1=0.7713 accuarcy=0.7727  precision=0.7731 recall=0.7727 roc=0.7667 
[2019-08-14 12:29:37,849]: length=95 f1=0.8182 accuarcy=0.8182  precision=0.8182 recall=0.8182 roc=0.8167 
[2019-08-14 12:29:39,938]: length=96 f1=0.8628 accuarcy=0.8636  precision=0.8656 recall=0.8636 roc=0.8583 
[2019-08-14 12:29:42,002]: length=97 f1=0.7127 accuarcy=0.7273  precision=0.7538 recall=0.7273 roc=0.7083 
[2019-08-14 12:29:44,104]: length=98 f1=0.7226 accuarcy=0.7273  precision=0.7305 recall=0.7273 roc=0.7167 
[2019-08-14 12:29:46,229]: length=99 f1=0.8151 accuarcy=0.8182  precision=0.8263 recall=0.8182 roc=0.8083 
[2019-08-14 12:29:48,412]: length=100 f1=0.7127 accuarcy=0.7273  precision=0.7538 recall=0.7273 roc=0.7083 
[2019-08-14 12:29:50,609]: length=101 f1=0.7713 accuarcy=0.7727  precision=0.7731 recall=0.7727 roc=0.7667 
[2019-08-14 12:29:52,828]: length=102 f1=0.8182 accuarcy=0.8182  precision=0.8182 recall=0.8182 roc=0.8167 
[2019-08-14 12:29:54,996]: length=103 f1=0.9075 accuarcy=0.9091  precision=0.9221 recall=0.9091 roc=0.9000 
[2019-08-14 12:29:57,165]: length=104 f1=0.8628 accuarcy=0.8636  precision=0.8656 recall=0.8636 roc=0.8583 
[2019-08-14 12:29:59,299]: length=105 f1=0.9075 accuarcy=0.9091  precision=0.9221 recall=0.9091 roc=0.9000 
[2019-08-14 12:30:01,685]: length=106 f1=0.8628 accuarcy=0.8636  precision=0.8656 recall=0.8636 roc=0.8583 
[2019-08-14 12:30:03,956]: length=107 f1=0.8151 accuarcy=0.8182  precision=0.8263 recall=0.8182 roc=0.8083 
[2019-08-14 12:30:06,194]: length=108 f1=0.8628 accuarcy=0.8636  precision=0.8656 recall=0.8636 roc=0.8583 
[2019-08-14 12:30:08,721]: length=109 f1=0.8151 accuarcy=0.8182  precision=0.8263 recall=0.8182 roc=0.8083 
[2019-08-14 12:30:10,960]: length=110 f1=0.8151 accuarcy=0.8182  precision=0.8263 recall=0.8182 roc=0.8083 
[2019-08-14 12:30:13,245]: length=111 f1=0.8084 accuarcy=0.8182  precision=0.8636 recall=0.8182 roc=0.8000 
[2019-08-14 12:30:15,429]: length=112 f1=0.6169 accuarcy=0.6364  precision=0.6439 recall=0.6364 roc=0.6167 
[2019-08-14 12:30:17,651]: length=113 f1=0.8592 accuarcy=0.8636  precision=0.8909 recall=0.8636 roc=0.8500 
[2019-08-14 12:30:19,944]: length=114 f1=0.7653 accuarcy=0.7727  precision=0.7896 recall=0.7727 roc=0.7583 
[2019-08-14 12:30:22,108]: length=115 f1=0.7226 accuarcy=0.7273  precision=0.7305 recall=0.7273 roc=0.7167 
[2019-08-14 12:30:24,410]: length=116 f1=0.8628 accuarcy=0.8636  precision=0.8656 recall=0.8636 roc=0.8583 
[2019-08-14 12:30:26,606]: length=117 f1=0.8151 accuarcy=0.8182  precision=0.8263 recall=0.8182 roc=0.8083 
[2019-08-14 12:30:28,749]: length=118 f1=0.7713 accuarcy=0.7727  precision=0.7731 recall=0.7727 roc=0.7667 
[2019-08-14 12:30:31,100]: length=119 f1=0.7273 accuarcy=0.7273  precision=0.7273 recall=0.7273 roc=0.7250 
[2019-08-14 12:30:33,471]: length=120 f1=0.7713 accuarcy=0.7727  precision=0.7731 recall=0.7727 roc=0.7667 
[2019-08-14 12:30:35,965]: length=121 f1=0.8628 accuarcy=0.8636  precision=0.8656 recall=0.8636 roc=0.8583 
[2019-08-14 12:30:38,427]: length=122 f1=0.9075 accuarcy=0.9091  precision=0.9221 recall=0.9091 roc=0.9000 
[2019-08-14 12:30:41,120]: length=123 f1=0.7713 accuarcy=0.7727  precision=0.7731 recall=0.7727 roc=0.7667 
[2019-08-14 12:30:43,378]: length=124 f1=0.9075 accuarcy=0.9091  precision=0.9221 recall=0.9091 roc=0.9000 
[2019-08-14 12:30:45,628]: length=125 f1=0.8592 accuarcy=0.8636  precision=0.8909 recall=0.8636 roc=0.8500 
[2019-08-14 12:30:47,849]: length=126 f1=0.8151 accuarcy=0.8182  precision=0.8263 recall=0.8182 roc=0.8083 
[2019-08-14 12:30:50,192]: length=127 f1=0.8084 accuarcy=0.8182  precision=0.8636 recall=0.8182 roc=0.8000 
[2019-08-14 12:30:52,615]: length=128 f1=0.8592 accuarcy=0.8636  precision=0.8909 recall=0.8636 roc=0.8500 
[2019-08-14 12:30:55,082]: length=129 f1=0.9075 accuarcy=0.9091  precision=0.9221 recall=0.9091 roc=0.9000 
[2019-08-14 12:30:57,361]: length=130 f1=0.8151 accuarcy=0.8182  precision=0.8263 recall=0.8182 roc=0.8083 
[2019-08-14 12:30:59,664]: length=131 f1=0.8628 accuarcy=0.8636  precision=0.8656 recall=0.8636 roc=0.8583 
[2019-08-14 12:31:01,897]: length=132 f1=0.7713 accuarcy=0.7727  precision=0.7731 recall=0.7727 roc=0.7667 
[2019-08-14 12:31:04,118]: length=133 f1=0.8592 accuarcy=0.8636  precision=0.8909 recall=0.8636 roc=0.8500 
[2019-08-14 12:31:06,342]: length=134 f1=0.8151 accuarcy=0.8182  precision=0.8263 recall=0.8182 roc=0.8083 
[2019-08-14 12:31:08,789]: length=135 f1=0.7713 accuarcy=0.7727  precision=0.7731 recall=0.7727 roc=0.7667 
[2019-08-14 12:31:11,100]: length=136 f1=0.7653 accuarcy=0.7727  precision=0.7896 recall=0.7727 roc=0.7583 
[2019-08-14 12:31:13,416]: length=137 f1=0.7226 accuarcy=0.7273  precision=0.7305 recall=0.7273 roc=0.7167 
[2019-08-14 12:31:16,533]: length=138 f1=0.8628 accuarcy=0.8636  precision=0.8951 recall=0.8636 roc=0.8750 
[2019-08-14 12:31:18,955]: length=139 f1=0.7226 accuarcy=0.7273  precision=0.7305 recall=0.7273 roc=0.7167 
[2019-08-14 12:31:21,359]: length=140 f1=0.8182 accuarcy=0.8182  precision=0.8182 recall=0.8182 roc=0.8167 
[2019-08-14 12:31:23,696]: length=141 f1=0.8151 accuarcy=0.8182  precision=0.8263 recall=0.8182 roc=0.8083 
[2019-08-14 12:31:26,069]: length=142 f1=0.7713 accuarcy=0.7727  precision=0.7731 recall=0.7727 roc=0.7667 
[2019-08-14 12:31:28,385]: length=143 f1=0.7713 accuarcy=0.7727  precision=0.7731 recall=0.7727 roc=0.7667 
[2019-08-14 12:31:30,766]: length=144 f1=0.8182 accuarcy=0.8182  precision=0.8182 recall=0.8182 roc=0.8167 
[2019-08-14 12:31:33,132]: length=145 f1=0.8628 accuarcy=0.8636  precision=0.8656 recall=0.8636 roc=0.8583 
[2019-08-14 12:31:35,580]: length=146 f1=0.8151 accuarcy=0.8182  precision=0.8263 recall=0.8182 roc=0.8083 
[2019-08-14 12:31:38,035]: length=147 f1=0.8182 accuarcy=0.8182  precision=0.8182 recall=0.8182 roc=0.8167 
[2019-08-14 12:31:40,525]: length=148 f1=0.7713 accuarcy=0.7727  precision=0.7731 recall=0.7727 roc=0.7667 
[2019-08-14 12:31:43,160]: length=149 f1=0.7653 accuarcy=0.7727  precision=0.7896 recall=0.7727 roc=0.7583 
[2019-08-14 12:31:45,695]: length=150 f1=0.6798 accuarcy=0.6818  precision=0.6807 recall=0.6818 roc=0.6750 
[2019-08-14 12:31:45,696]: ----------
[2019-08-14 12:31:45,697]: the max acc = 0.6798
[2019-08-14 12:31:45,697]: ['aromatic.uncharger.gap5' 'aromatic.uncharger.gap0'
 'uncharger.postivecharger.gap0' 'uncharger.aromatic.gap5'
 'uncharger.aromatic.gap1' 'alphaticr.alphaticr.gap5'
 'uncharger.uncharger.gap3' 'aromatic.uncharger.gap4'
 'alphaticr.alphaticr.gap0' 'postivecharger.negativecharger.gap5'
 'aromatic.negativecharger.gap0' 'aromatic.postivecharger.gap5'
 'alphaticr.postivecharger.gap3' 'aromatic.uncharger.gap2'
 'postivecharger.postivecharger.gap4' 'postivecharger.uncharger.gap5'
 'uncharger.postivecharger.gap2' 'postivecharger.uncharger.gap3'
 'alphaticr.aromatic.gap2' 'uncharger.postivecharger.gap1'
 'alphaticr.postivecharger.gap2' 'uncharger.negativecharger.gap1'
 'aromatic.alphaticr.gap4' 'postivecharger.alphaticr.gap3'
 'uncharger.alphaticr.gap5' 'postivecharger.uncharger.gap0'
 'negativecharger.alphaticr.gap4' 'postivecharger.aromatic.gap3'
 'postivecharger.postivecharger.gap1' 'negativecharger.uncharger.gap2'
 'alphaticr.alphaticr.gap4' 'postivecharger.alphaticr.gap0'
 'uncharger.alphaticr.gap0' 'uncharger.aromatic.gap0'
 'negativecharger.alphaticr.gap3' 'uncharger.uncharger.gap2'
 'alphaticr.alphaticr.gap1' 'uncharger.alphaticr.gap2'
 'alphaticr.negativecharger.gap3' 'uncharger.alphaticr.gap1'
 'postivecharger.uncharger.gap2' 'negativecharger.alphaticr.gap0'
 'postivecharger.uncharger.gap4' 'aromatic.negativecharger.gap5'
 'uncharger.postivecharger.gap4' 'uncharger.postivecharger.gap5'
 'negativecharger.aromatic.gap2' 'aromatic.uncharger.gap1'
 'uncharger.negativecharger.gap5' 'uncharger.aromatic.gap4'
 'postivecharger.alphaticr.gap1' 'postivecharger.aromatic.gap5'
 'alphaticr.negativecharger.gap5' 'negativecharger.negativecharger.gap2'
 'negativecharger.postivecharger.gap2' 'aromatic.postivecharger.gap4'
 'aromatic.alphaticr.gap5' 'postivecharger.negativecharger.gap0'
 'uncharger.aromatic.gap3' 'postivecharger.postivecharger.gap5'
 'negativecharger.aromatic.gap3' 'negativecharger.alphaticr.gap5'
 'negativecharger.postivecharger.gap4' 'negativecharger.uncharger.gap1'
 'postivecharger.negativecharger.gap1'],length = 65
[2019-08-14 12:31:45,698]: -----------
[2019-08-14 12:31:45,698]: ***confusion matrix***
[2019-08-14 12:31:45,698]:                pos_class      neg_class      
[2019-08-14 12:31:45,698]: pos_class      TP:9              FN:3              
[2019-08-14 12:31:45,699]: neg_class      FP:4              TN:6              
[2019-08-14 12:31:45,700]: f1 =0.9075369075369075 
[2019-08-14 12:31:45,700]: accuarcy = 0.9090909090909091 
[2019-08-14 12:31:45,702]: precision =0.922077922077922 
[2019-08-14 12:31:45,703]: recall =0.9090909090909091
[2019-08-14 12:31:45,704]: roc area = 0.9
[2019-08-14 12:31:45,734]: -----------
[2019-08-14 12:31:45,735]: The output by the terminal's log has been saved in the J:\多设备共享\work\MRMD2.0-github\Logs\201908141226.log.
[2019-08-14 12:31:45,735]: metrics have been saved in the J:\多设备共享\work\MRMD2.0-github\Results\rd.csv.
[2019-08-14 12:31:45,735]: reduced dimensional dataset has been saved in the J:\多设备共享\work\MRMD2.0-github\Results\m.csv.
[2019-08-14 12:31:45,735]: ---mrmd 2.0 end---
