[2019-08-29 11:03:53,080]: ---mrmd 2.0 start----
[2019-08-29 11:03:53,162]: ANOVA start...
[2019-08-29 11:03:53,174]: ANOVA end.
[2019-08-29 11:03:53,174]: mic start...
[2019-08-29 11:04:03,002]: mic end.
[2019-08-29 11:04:03,003]: mrmd start...
[2019-08-29 11:04:03,272]: mrmd end.
[2019-08-29 11:04:03,272]: mRMR start...
[2019-08-29 11:04:07,183]: mRMR end.
[2019-08-29 11:04:07,183]: lasso start...
[2019-08-29 11:04:07,240]: lasso end.
[2019-08-29 11:04:07,240]: chi2 start...
[2019-08-29 11:04:07,264]: chi2 end.
[2019-08-29 11:04:07,264]: ref start...
[2019-08-29 11:04:08,595]: ref end.
[2019-08-29 11:04:08,600]: rank start ...
[2019-08-29 11:04:08,614]: The final  rank is
[2019-08-29 11:04:08,614]: Hopp_Woods_R : 0.0071
[2019-08-29 11:04:08,615]: basic_polar : 0.0070
[2019-08-29 11:04:08,615]: Rose_I : 0.0067
[2019-08-29 11:04:08,615]: Janin_W : 0.0067
[2019-08-29 11:04:08,615]: aromatic : 0.0067
[2019-08-29 11:04:08,615]: Janin_P : 0.0067
[2019-08-29 11:04:08,615]: Cornette_C : 0.0066
[2019-08-29 11:04:08,615]: Kyte_Doolittle_I : 0.0066
[2019-08-29 11:04:08,615]: Janin_D : 0.0066
[2019-08-29 11:04:08,615]: hydrophily : 0.0066
[2019-08-29 11:04:08,615]: Kyte_Doolittle_A : 0.0066
[2019-08-29 11:04:08,615]: Cornette_V : 0.0065
[2019-08-29 11:04:08,615]: Engelman_GES_W : 0.0065
[2019-08-29 11:04:08,615]: Cornette_T : 0.0065
[2019-08-29 11:04:08,615]: Engelman_GES_D : 0.0065
[2019-08-29 11:04:08,615]: Eisenberg_R : 0.0064
[2019-08-29 11:04:08,616]: Engelman_GES_S : 0.0064
[2019-08-29 11:04:08,616]: Engelman_GES_E : 0.0064
[2019-08-29 11:04:08,616]: Engelman_GES_N : 0.0064
[2019-08-29 11:04:08,616]: Rose_S : 0.0064
[2019-08-29 11:04:08,616]: Hopp_Woods_I : 0.0063
[2019-08-29 11:04:08,616]: Hopp_Woods_A : 0.0063
[2019-08-29 11:04:08,616]: Hopp_Woods_D : 0.0063
[2019-08-29 11:04:08,616]: Engelman_GES_R : 0.0063
[2019-08-29 11:04:08,616]: Janin_Q : 0.0062
[2019-08-29 11:04:08,616]: Cornette_F : 0.0062
[2019-08-29 11:04:08,616]: Cornette_K : 0.0062
[2019-08-29 11:04:08,616]: Cornette_P : 0.0062
[2019-08-29 11:04:08,616]: Rose_H : 0.0062
[2019-08-29 11:04:08,617]: Eisenberg_N : 0.0061
[2019-08-29 11:04:08,617]: Cornette_D : 0.0061
[2019-08-29 11:04:08,617]: Engelman_GES_L : 0.0061
[2019-08-29 11:04:08,617]: Rose_L : 0.0061
[2019-08-29 11:04:08,617]: C : 0.0061
[2019-08-29 11:04:08,617]: Cornette_E : 0.0061
[2019-08-29 11:04:08,617]: Kyte_Doolittle_P : 0.0061
[2019-08-29 11:04:08,617]: Rose_Q : 0.0060
[2019-08-29 11:04:08,617]: Engelman_GES_F : 0.0060
[2019-08-29 11:04:08,617]: Janin_H : 0.0060
[2019-08-29 11:04:08,617]: Kyte_Doolittle_W : 0.0060
[2019-08-29 11:04:08,617]: Kyte_Doolittle_K : 0.0060
[2019-08-29 11:04:08,617]: Janin_V : 0.0059
[2019-08-29 11:04:08,617]: Kyte_Doolittle_C : 0.0059
[2019-08-29 11:04:08,618]: Kyte_Doolittle_H : 0.0059
[2019-08-29 11:04:08,618]: Cornette_H : 0.0059
[2019-08-29 11:04:08,618]: K : 0.0059
[2019-08-29 11:04:08,618]: Hopp_Woods_F : 0.0059
[2019-08-29 11:04:08,618]: F : 0.0059
[2019-08-29 11:04:08,618]: Eisenberg_Y : 0.0059
[2019-08-29 11:04:08,618]: Janin_Y : 0.0059
[2019-08-29 11:04:08,618]: Kyte_Doolittle_L : 0.0058
[2019-08-29 11:04:08,618]: alphatic : 0.0058
[2019-08-29 11:04:08,618]: Rose_T : 0.0058
[2019-08-29 11:04:08,618]: Rose_R : 0.0058
[2019-08-29 11:04:08,618]: P : 0.0058
[2019-08-29 11:04:08,618]: Rose_W : 0.0058
[2019-08-29 11:04:08,618]: Eisenberg_D : 0.0058
[2019-08-29 11:04:08,618]: Eisenberg_K : 0.0058
[2019-08-29 11:04:08,619]: Cornette_S : 0.0058
[2019-08-29 11:04:08,619]: I : 0.0058
[2019-08-29 11:04:08,619]: Q : 0.0058
[2019-08-29 11:04:08,619]: Rose_P : 0.0058
[2019-08-29 11:04:08,619]: Kyte_Doolittle_N : 0.0058
[2019-08-29 11:04:08,619]: nonpolar : 0.0057
[2019-08-29 11:04:08,619]: Engelman_GES_P : 0.0057
[2019-08-29 11:04:08,619]: Rose_V : 0.0057
[2019-08-29 11:04:08,619]: Hopp_Woods_N : 0.0057
[2019-08-29 11:04:08,619]: S : 0.0057
[2019-08-29 11:04:08,619]: Janin_A : 0.0057
[2019-08-29 11:04:08,619]: Eisenberg_V : 0.0057
[2019-08-29 11:04:08,619]: Eisenberg_W : 0.0057
[2019-08-29 11:04:08,620]: moderate : 0.0057
[2019-08-29 11:04:08,620]: Rose_M : 0.0057
[2019-08-29 11:04:08,620]: Cornette_W : 0.0057
[2019-08-29 11:04:08,620]: Hopp_Woods_H : 0.0057
[2019-08-29 11:04:08,620]: Engelman_GES_Y : 0.0057
[2019-08-29 11:04:08,620]: Janin_L : 0.0056
[2019-08-29 11:04:08,620]: Eisenberg_M : 0.0056
[2019-08-29 11:04:08,620]: Engelman_GES_T : 0.0056
[2019-08-29 11:04:08,620]: aliphatic : 0.0056
[2019-08-29 11:04:08,620]: Engelman_GES_Q : 0.0056
[2019-08-29 11:04:08,620]: Eisenberg_Q : 0.0056
[2019-08-29 11:04:08,620]: V : 0.0056
[2019-08-29 11:04:08,621]: Eisenberg_S : 0.0056
[2019-08-29 11:04:08,621]: Eisenberg_T : 0.0056
[2019-08-29 11:04:08,621]: Engelman_GES_K : 0.0056
[2019-08-29 11:04:08,621]: negativecharge : 0.0056
[2019-08-29 11:04:08,621]: Kyte_Doolittle_D : 0.0056
[2019-08-29 11:04:08,621]: T : 0.0056
[2019-08-29 11:04:08,621]: Janin_T : 0.0056
[2019-08-29 11:04:08,621]: Kyte_Doolittle_Y : 0.0056
[2019-08-29 11:04:08,621]: Janin_I : 0.0056
[2019-08-29 11:04:08,621]: Hopp_Woods_Q : 0.0056
[2019-08-29 11:04:08,621]: Kyte_Doolittle_S : 0.0056
[2019-08-29 11:04:08,621]: Cornette_A : 0.0056
[2019-08-29 11:04:08,621]: Kyte_Doolittle_F : 0.0056
[2019-08-29 11:04:08,621]: Hopp_Woods_M : 0.0056
[2019-08-29 11:04:08,622]: Kyte_Doolittle_R : 0.0056
[2019-08-29 11:04:08,622]: uncharge : 0.0056
[2019-08-29 11:04:08,622]: Y : 0.0056
[2019-08-29 11:04:08,622]: polar : 0.0056
[2019-08-29 11:04:08,622]: Cornette_Q : 0.0056
[2019-08-29 11:04:08,622]: Kyte_Doolittle_M : 0.0055
[2019-08-29 11:04:08,622]: Rose_D : 0.0055
[2019-08-29 11:04:08,622]: Kyte_Doolittle_E : 0.0055
[2019-08-29 11:04:08,622]: Kyte_Doolittle_G : 0.0055
[2019-08-29 11:04:08,622]: positve : 0.0055
[2019-08-29 11:04:08,622]: Kyte_Doolittle_Q : 0.0055
[2019-08-29 11:04:08,623]: Eisenberg_P : 0.0055
[2019-08-29 11:04:08,623]: Cornette_Y : 0.0055
[2019-08-29 11:04:08,623]: Rose_A : 0.0055
[2019-08-29 11:04:08,623]: Engelman_GES_H : 0.0055
[2019-08-29 11:04:08,623]: Eisenberg_A : 0.0055
[2019-08-29 11:04:08,623]: Cornette_M : 0.0055
[2019-08-29 11:04:08,623]: postivecharge : 0.0055
[2019-08-29 11:04:08,623]: Hopp_Woods_S : 0.0055
[2019-08-29 11:04:08,623]: Hopp_Woods_L : 0.0055
[2019-08-29 11:04:08,623]: Engelman_GES_V : 0.0055
[2019-08-29 11:04:08,624]: Hopp_Woods_V : 0.0055
[2019-08-29 11:04:08,624]: Cornette_L : 0.0055
[2019-08-29 11:04:08,624]: Janin_K : 0.0055
[2019-08-29 11:04:08,624]: R : 0.0055
[2019-08-29 11:04:08,624]: D : 0.0055
[2019-08-29 11:04:08,624]: Eisenberg_L : 0.0055
[2019-08-29 11:04:08,624]: Eisenberg_H : 0.0055
[2019-08-29 11:04:08,624]: Hopp_Woods_Y : 0.0055
[2019-08-29 11:04:08,624]: Engelman_GES_G : 0.0055
[2019-08-29 11:04:08,624]: G : 0.0055
[2019-08-29 11:04:08,624]: E : 0.0054
[2019-08-29 11:04:08,624]: Hopp_Woods_C : 0.0054
[2019-08-29 11:04:08,624]: N : 0.0054
[2019-08-29 11:04:08,624]: Rose_F : 0.0054
[2019-08-29 11:04:08,625]: Janin_F : 0.0054
[2019-08-29 11:04:08,625]: hydrophobicity : 0.0054
[2019-08-29 11:04:08,625]: M : 0.0054
[2019-08-29 11:04:08,625]: Hopp_Woods_K : 0.0054
[2019-08-29 11:04:08,625]: Janin_E : 0.0054
[2019-08-29 11:04:08,625]: Eisenberg_I : 0.0054
[2019-08-29 11:04:08,625]: Hopp_Woods_E : 0.0054
[2019-08-29 11:04:08,625]: Janin_N : 0.0054
[2019-08-29 11:04:08,625]: Engelman_GES_A : 0.0054
[2019-08-29 11:04:08,625]: H : 0.0054
[2019-08-29 11:04:08,625]: Janin_M : 0.0054
[2019-08-29 11:04:08,625]: Engelman_GES_M : 0.0053
[2019-08-29 11:04:08,626]: Rose_C : 0.0053
[2019-08-29 11:04:08,626]: Engelman_GES_C : 0.0053
[2019-08-29 11:04:08,626]: neutral : 0.0053
[2019-08-29 11:04:08,626]: Eisenberg_C : 0.0053
[2019-08-29 11:04:08,626]: Rose_N : 0.0053
[2019-08-29 11:04:08,626]: W : 0.0053
[2019-08-29 11:04:08,626]: Eisenberg_G : 0.0053
[2019-08-29 11:04:08,626]: Rose_K : 0.0052
[2019-08-29 11:04:08,626]: Kyte_Doolittle_T : 0.0051
[2019-08-29 11:04:08,626]: Janin_R : 0.0051
[2019-08-29 11:04:08,626]: negative : 0.0051
[2019-08-29 11:04:08,626]: Hopp_Woods_T : 0.0050
[2019-08-29 11:04:08,626]: Janin_S : 0.0050
[2019-08-29 11:04:08,626]: Janin_G : 0.0050
[2019-08-29 11:04:08,627]: A : 0.0050
[2019-08-29 11:04:08,627]: Rose_E : 0.0050
[2019-08-29 11:04:08,627]: Engelman_GES_I : 0.0050
[2019-08-29 11:04:08,627]: Hopp_Woods_W : 0.0050
[2019-08-29 11:04:08,627]: Cornette_R : 0.0049
[2019-08-29 11:04:08,627]: Cornette_I : 0.0049
[2019-08-29 11:04:08,627]: Eisenberg_E : 0.0049
[2019-08-29 11:04:08,627]: Eisenberg_F : 0.0049
[2019-08-29 11:04:08,627]: Kyte_Doolittle_V : 0.0048
[2019-08-29 11:04:08,627]: Rose_Y : 0.0047
[2019-08-29 11:04:08,627]: L : 0.0047
[2019-08-29 11:04:08,627]: heterocyclics : 0.0047
[2019-08-29 11:04:08,627]: Janin_C : 0.0047
[2019-08-29 11:04:08,627]: aromatic.1 : 0.0044
[2019-08-29 11:04:08,628]: acidic_polar : 0.0043
[2019-08-29 11:04:08,628]: Rose_G : 0.0043
[2019-08-29 11:04:08,628]: Cornette_N : 0.0043
[2019-08-29 11:04:08,628]: Hopp_Woods_P : 0.0031
[2019-08-29 11:04:08,628]: Hopp_Woods_G : 0.0031
[2019-08-29 11:04:08,628]: Cornette_G : 0.0030
[2019-08-29 11:04:08,628]: feature_rank end
[2019-08-29 11:04:08,672]: Start dimension reduction ...
[2019-08-29 11:04:17,212]: length=1 f1=0.6559 accuarcy=0.6630 precision=0.6620 recall=0.6630 auc=0.6483 
[2019-08-29 11:04:24,620]: length=2 f1=0.6626 accuarcy=0.6630 precision=0.6623 recall=0.6630 auc=0.6578 
[2019-08-29 11:04:34,325]: length=3 f1=0.7258 accuarcy=0.7283 precision=0.7277 recall=0.7283 auc=0.7190 
[2019-08-29 11:04:43,343]: length=4 f1=0.6936 accuarcy=0.6957 precision=0.6942 recall=0.6957 auc=0.6872 
[2019-08-29 11:04:51,080]: length=5 f1=0.7811 accuarcy=0.7826 precision=0.7827 recall=0.7826 auc=0.7752 
[2019-08-29 11:04:59,194]: length=6 f1=0.7916 accuarcy=0.7935 precision=0.7946 recall=0.7935 auc=0.7850 
[2019-08-29 11:05:07,234]: length=7 f1=0.8580 accuarcy=0.8587 precision=0.8592 recall=0.8587 auc=0.8534 
[2019-08-29 11:05:15,028]: length=8 f1=0.8673 accuarcy=0.8696 precision=0.8790 recall=0.8696 auc=0.8584 
[2019-08-29 11:05:24,183]: length=9 f1=0.8793 accuarcy=0.8804 precision=0.8837 recall=0.8804 auc=0.8730 
[2019-08-29 11:05:32,231]: length=10 f1=0.8793 accuarcy=0.8804 precision=0.8837 recall=0.8804 auc=0.8730 
[2019-08-29 11:05:40,166]: length=11 f1=0.8680 accuarcy=0.8696 precision=0.8743 recall=0.8696 auc=0.8608 
[2019-08-29 11:05:48,139]: length=12 f1=0.8680 accuarcy=0.8696 precision=0.8743 recall=0.8696 auc=0.8608 
[2019-08-29 11:05:57,873]: length=13 f1=0.9007 accuarcy=0.9022 precision=0.9104 recall=0.9022 auc=0.8926 
[2019-08-29 11:06:07,821]: length=14 f1=0.8574 accuarcy=0.8587 precision=0.8614 recall=0.8587 auc=0.8510 
[2019-08-29 11:06:16,666]: length=15 f1=0.8787 accuarcy=0.8804 precision=0.8878 recall=0.8804 auc=0.8706 
[2019-08-29 11:06:25,575]: length=16 f1=0.9013 accuarcy=0.9022 precision=0.9059 recall=0.9022 auc=0.8950 
[2019-08-29 11:06:34,200]: length=17 f1=0.8906 accuarcy=0.8913 precision=0.8933 recall=0.8913 auc=0.8852 
[2019-08-29 11:06:42,479]: length=18 f1=0.8799 accuarcy=0.8804 precision=0.8812 recall=0.8804 auc=0.8754 
[2019-08-29 11:06:50,306]: length=19 f1=0.8585 accuarcy=0.8587 precision=0.8585 recall=0.8587 auc=0.8558 
[2019-08-29 11:06:58,640]: length=20 f1=0.8474 accuarcy=0.8478 precision=0.8478 recall=0.8478 auc=0.8436 
[2019-08-29 11:07:05,902]: length=21 f1=0.8574 accuarcy=0.8587 precision=0.8614 recall=0.8587 auc=0.8510 
[2019-08-29 11:07:13,470]: length=22 f1=0.8574 accuarcy=0.8587 precision=0.8614 recall=0.8587 auc=0.8510 
[2019-08-29 11:07:22,151]: length=23 f1=0.8793 accuarcy=0.8804 precision=0.8837 recall=0.8804 auc=0.8730 
[2019-08-29 11:07:31,004]: length=24 f1=0.8580 accuarcy=0.8587 precision=0.8592 recall=0.8587 auc=0.8534 
[2019-08-29 11:07:40,028]: length=25 f1=0.8692 accuarcy=0.8696 precision=0.8696 recall=0.8696 auc=0.8656 
[2019-08-29 11:07:47,486]: length=26 f1=0.8474 accuarcy=0.8478 precision=0.8478 recall=0.8478 auc=0.8436 
[2019-08-29 11:07:55,235]: length=27 f1=0.8793 accuarcy=0.8804 precision=0.8837 recall=0.8804 auc=0.8730 
[2019-08-29 11:08:03,336]: length=28 f1=0.8249 accuarcy=0.8261 precision=0.8269 recall=0.8261 auc=0.8192 
[2019-08-29 11:08:11,699]: length=29 f1=0.8362 accuarcy=0.8370 precision=0.8372 recall=0.8370 auc=0.8314 
[2019-08-29 11:08:19,861]: length=30 f1=0.8687 accuarcy=0.8696 precision=0.8712 recall=0.8696 auc=0.8632 
[2019-08-29 11:08:28,160]: length=31 f1=0.8150 accuarcy=0.8152 precision=0.8149 recall=0.8152 auc=0.8118 
[2019-08-29 11:08:36,028]: length=32 f1=0.8474 accuarcy=0.8478 precision=0.8478 recall=0.8478 auc=0.8436 
[2019-08-29 11:08:44,319]: length=33 f1=0.8680 accuarcy=0.8696 precision=0.8743 recall=0.8696 auc=0.8608 
[2019-08-29 11:08:52,596]: length=34 f1=0.8580 accuarcy=0.8587 precision=0.8592 recall=0.8587 auc=0.8534 
[2019-08-29 11:09:00,560]: length=35 f1=0.8474 accuarcy=0.8478 precision=0.8478 recall=0.8478 auc=0.8436 
[2019-08-29 11:09:10,013]: length=36 f1=0.8474 accuarcy=0.8478 precision=0.8478 recall=0.8478 auc=0.8436 
[2019-08-29 11:09:18,271]: length=37 f1=0.8687 accuarcy=0.8696 precision=0.8712 recall=0.8696 auc=0.8632 
[2019-08-29 11:09:26,454]: length=38 f1=0.8264 accuarcy=0.8261 precision=0.8275 recall=0.8261 auc=0.8264 
[2019-08-29 11:09:33,816]: length=39 f1=0.8478 accuarcy=0.8478 precision=0.8478 recall=0.8478 auc=0.8460 
[2019-08-29 11:09:41,991]: length=40 f1=0.8585 accuarcy=0.8587 precision=0.8585 recall=0.8587 auc=0.8558 
[2019-08-29 11:09:49,512]: length=41 f1=0.8474 accuarcy=0.8478 precision=0.8478 recall=0.8478 auc=0.8436 
[2019-08-29 11:09:56,785]: length=42 f1=0.8474 accuarcy=0.8478 precision=0.8478 recall=0.8478 auc=0.8436 
[2019-08-29 11:10:04,217]: length=43 f1=0.8468 accuarcy=0.8478 precision=0.8491 recall=0.8478 auc=0.8412 
[2019-08-29 11:10:11,457]: length=44 f1=0.8367 accuarcy=0.8370 precision=0.8367 recall=0.8370 auc=0.8338 
[2019-08-29 11:10:19,391]: length=45 f1=0.8687 accuarcy=0.8696 precision=0.8712 recall=0.8696 auc=0.8632 
[2019-08-29 11:10:27,321]: length=46 f1=0.8474 accuarcy=0.8478 precision=0.8478 recall=0.8478 auc=0.8436 
[2019-08-29 11:10:35,686]: length=47 f1=0.8367 accuarcy=0.8370 precision=0.8367 recall=0.8370 auc=0.8338 
[2019-08-29 11:10:43,143]: length=48 f1=0.8474 accuarcy=0.8478 precision=0.8478 recall=0.8478 auc=0.8436 
[2019-08-29 11:10:50,531]: length=49 f1=0.8362 accuarcy=0.8370 precision=0.8372 recall=0.8370 auc=0.8314 
[2019-08-29 11:10:57,948]: length=50 f1=0.8474 accuarcy=0.8478 precision=0.8478 recall=0.8478 auc=0.8436 
[2019-08-29 11:11:06,087]: length=51 f1=0.8261 accuarcy=0.8261 precision=0.8261 recall=0.8261 auc=0.8240 
[2019-08-29 11:11:13,428]: length=52 f1=0.8362 accuarcy=0.8370 precision=0.8372 recall=0.8370 auc=0.8314 
[2019-08-29 11:11:20,947]: length=53 f1=0.8367 accuarcy=0.8370 precision=0.8367 recall=0.8370 auc=0.8338 
[2019-08-29 11:11:28,349]: length=54 f1=0.8580 accuarcy=0.8587 precision=0.8592 recall=0.8587 auc=0.8534 
[2019-08-29 11:11:36,434]: length=55 f1=0.8580 accuarcy=0.8587 precision=0.8592 recall=0.8587 auc=0.8534 
[2019-08-29 11:11:44,571]: length=56 f1=0.8261 accuarcy=0.8261 precision=0.8261 recall=0.8261 auc=0.8240 
[2019-08-29 11:11:52,913]: length=57 f1=0.8474 accuarcy=0.8478 precision=0.8478 recall=0.8478 auc=0.8436 
[2019-08-29 11:12:01,244]: length=58 f1=0.8580 accuarcy=0.8587 precision=0.8592 recall=0.8587 auc=0.8534 
[2019-08-29 11:12:09,308]: length=59 f1=0.8261 accuarcy=0.8261 precision=0.8261 recall=0.8261 auc=0.8240 
[2019-08-29 11:12:17,463]: length=60 f1=0.8574 accuarcy=0.8587 precision=0.8614 recall=0.8587 auc=0.8510 
[2019-08-29 11:12:25,316]: length=61 f1=0.8367 accuarcy=0.8370 precision=0.8367 recall=0.8370 auc=0.8338 
[2019-08-29 11:12:32,674]: length=62 f1=0.8474 accuarcy=0.8478 precision=0.8478 recall=0.8478 auc=0.8436 
[2019-08-29 11:12:41,427]: length=63 f1=0.8580 accuarcy=0.8587 precision=0.8592 recall=0.8587 auc=0.8534 
[2019-08-29 11:12:49,542]: length=64 f1=0.8367 accuarcy=0.8370 precision=0.8367 recall=0.8370 auc=0.8338 
[2019-08-29 11:12:56,936]: length=65 f1=0.8687 accuarcy=0.8696 precision=0.8712 recall=0.8696 auc=0.8632 
[2019-08-29 11:13:05,403]: length=66 f1=0.8261 accuarcy=0.8261 precision=0.8261 recall=0.8261 auc=0.8240 
[2019-08-29 11:13:13,281]: length=67 f1=0.8256 accuarcy=0.8261 precision=0.8259 recall=0.8261 auc=0.8216 
[2019-08-29 11:13:21,564]: length=68 f1=0.8687 accuarcy=0.8696 precision=0.8712 recall=0.8696 auc=0.8632 
[2019-08-29 11:13:29,488]: length=69 f1=0.8474 accuarcy=0.8478 precision=0.8478 recall=0.8478 auc=0.8436 
[2019-08-29 11:13:37,774]: length=70 f1=0.8261 accuarcy=0.8261 precision=0.8261 recall=0.8261 auc=0.8240 
[2019-08-29 11:13:48,080]: length=71 f1=0.8474 accuarcy=0.8478 precision=0.8478 recall=0.8478 auc=0.8436 
[2019-08-29 11:13:58,370]: length=72 f1=0.8692 accuarcy=0.8696 precision=0.8696 recall=0.8696 auc=0.8656 
[2019-08-29 11:14:08,573]: length=73 f1=0.8367 accuarcy=0.8370 precision=0.8367 recall=0.8370 auc=0.8338 
[2019-08-29 11:14:18,391]: length=74 f1=0.8474 accuarcy=0.8478 precision=0.8478 recall=0.8478 auc=0.8436 
[2019-08-29 11:14:30,341]: length=75 f1=0.8367 accuarcy=0.8370 precision=0.8367 recall=0.8370 auc=0.8338 
[2019-08-29 11:14:41,867]: length=76 f1=0.8580 accuarcy=0.8587 precision=0.8592 recall=0.8587 auc=0.8534 
[2019-08-29 11:14:51,277]: length=77 f1=0.8474 accuarcy=0.8478 precision=0.8478 recall=0.8478 auc=0.8436 
[2019-08-29 11:14:59,387]: length=78 f1=0.8367 accuarcy=0.8370 precision=0.8367 recall=0.8370 auc=0.8338 
[2019-08-29 11:15:07,140]: length=79 f1=0.8367 accuarcy=0.8370 precision=0.8367 recall=0.8370 auc=0.8338 
[2019-08-29 11:15:15,904]: length=80 f1=0.8362 accuarcy=0.8370 precision=0.8372 recall=0.8370 auc=0.8314 
[2019-08-29 11:15:25,241]: length=81 f1=0.8474 accuarcy=0.8478 precision=0.8478 recall=0.8478 auc=0.8436 
[2019-08-29 11:15:33,612]: length=82 f1=0.8367 accuarcy=0.8370 precision=0.8367 recall=0.8370 auc=0.8338 
[2019-08-29 11:15:41,813]: length=83 f1=0.8367 accuarcy=0.8370 precision=0.8367 recall=0.8370 auc=0.8338 
[2019-08-29 11:15:49,948]: length=84 f1=0.8687 accuarcy=0.8696 precision=0.8712 recall=0.8696 auc=0.8632 
[2019-08-29 11:15:58,193]: length=85 f1=0.8362 accuarcy=0.8370 precision=0.8372 recall=0.8370 auc=0.8314 
[2019-08-29 11:16:07,129]: length=86 f1=0.8474 accuarcy=0.8478 precision=0.8478 recall=0.8478 auc=0.8436 
[2019-08-29 11:16:15,308]: length=87 f1=0.8367 accuarcy=0.8370 precision=0.8367 recall=0.8370 auc=0.8338 
[2019-08-29 11:16:23,025]: length=88 f1=0.8362 accuarcy=0.8370 precision=0.8372 recall=0.8370 auc=0.8314 
[2019-08-29 11:16:31,298]: length=89 f1=0.8261 accuarcy=0.8261 precision=0.8261 recall=0.8261 auc=0.8240 
[2019-08-29 11:16:39,271]: length=90 f1=0.8256 accuarcy=0.8261 precision=0.8259 recall=0.8261 auc=0.8216 
[2019-08-29 11:16:47,653]: length=91 f1=0.8474 accuarcy=0.8478 precision=0.8478 recall=0.8478 auc=0.8436 
[2019-08-29 11:16:55,276]: length=92 f1=0.8367 accuarcy=0.8370 precision=0.8367 recall=0.8370 auc=0.8338 
[2019-08-29 11:17:03,185]: length=93 f1=0.8580 accuarcy=0.8587 precision=0.8592 recall=0.8587 auc=0.8534 
[2019-08-29 11:17:11,282]: length=94 f1=0.8367 accuarcy=0.8370 precision=0.8367 recall=0.8370 auc=0.8338 
[2019-08-29 11:17:18,840]: length=95 f1=0.8474 accuarcy=0.8478 precision=0.8478 recall=0.8478 auc=0.8436 
[2019-08-29 11:17:26,558]: length=96 f1=0.8367 accuarcy=0.8370 precision=0.8367 recall=0.8370 auc=0.8338 
[2019-08-29 11:17:33,898]: length=97 f1=0.8580 accuarcy=0.8587 precision=0.8592 recall=0.8587 auc=0.8534 
[2019-08-29 11:17:41,332]: length=98 f1=0.8367 accuarcy=0.8370 precision=0.8367 recall=0.8370 auc=0.8338 
[2019-08-29 11:17:48,535]: length=99 f1=0.8367 accuarcy=0.8370 precision=0.8367 recall=0.8370 auc=0.8338 
[2019-08-29 11:17:55,851]: length=100 f1=0.8580 accuarcy=0.8587 precision=0.8592 recall=0.8587 auc=0.8534 
[2019-08-29 11:18:03,526]: length=101 f1=0.8256 accuarcy=0.8261 precision=0.8259 recall=0.8261 auc=0.8216 
[2019-08-29 11:18:11,343]: length=102 f1=0.8154 accuarcy=0.8152 precision=0.8158 recall=0.8152 auc=0.8142 
[2019-08-29 11:18:18,724]: length=103 f1=0.8367 accuarcy=0.8370 precision=0.8367 recall=0.8370 auc=0.8338 
[2019-08-29 11:18:26,637]: length=104 f1=0.8261 accuarcy=0.8261 precision=0.8261 recall=0.8261 auc=0.8240 
[2019-08-29 11:18:34,228]: length=105 f1=0.8367 accuarcy=0.8370 precision=0.8367 recall=0.8370 auc=0.8338 
[2019-08-29 11:18:42,485]: length=106 f1=0.8367 accuarcy=0.8370 precision=0.8367 recall=0.8370 auc=0.8338 
[2019-08-29 11:18:50,343]: length=107 f1=0.8261 accuarcy=0.8261 precision=0.8261 recall=0.8261 auc=0.8240 
[2019-08-29 11:18:58,271]: length=108 f1=0.8150 accuarcy=0.8152 precision=0.8149 recall=0.8152 auc=0.8118 
[2019-08-29 11:19:06,090]: length=109 f1=0.8367 accuarcy=0.8370 precision=0.8367 recall=0.8370 auc=0.8338 
[2019-08-29 11:19:14,700]: length=110 f1=0.8580 accuarcy=0.8587 precision=0.8592 recall=0.8587 auc=0.8534 
[2019-08-29 11:19:22,840]: length=111 f1=0.8367 accuarcy=0.8370 precision=0.8367 recall=0.8370 auc=0.8338 
[2019-08-29 11:19:30,614]: length=112 f1=0.8367 accuarcy=0.8370 precision=0.8367 recall=0.8370 auc=0.8338 
[2019-08-29 11:19:37,918]: length=113 f1=0.8256 accuarcy=0.8261 precision=0.8259 recall=0.8261 auc=0.8216 
[2019-08-29 11:19:45,335]: length=114 f1=0.8367 accuarcy=0.8370 precision=0.8367 recall=0.8370 auc=0.8338 
[2019-08-29 11:19:52,815]: length=115 f1=0.8261 accuarcy=0.8261 precision=0.8261 recall=0.8261 auc=0.8240 
[2019-08-29 11:20:00,054]: length=116 f1=0.8367 accuarcy=0.8370 precision=0.8367 recall=0.8370 auc=0.8338 
[2019-08-29 11:20:07,218]: length=117 f1=0.8474 accuarcy=0.8478 precision=0.8478 recall=0.8478 auc=0.8436 
[2019-08-29 11:20:14,962]: length=118 f1=0.8256 accuarcy=0.8261 precision=0.8259 recall=0.8261 auc=0.8216 
[2019-08-29 11:20:22,645]: length=119 f1=0.8261 accuarcy=0.8261 precision=0.8261 recall=0.8261 auc=0.8240 
[2019-08-29 11:20:30,412]: length=120 f1=0.8367 accuarcy=0.8370 precision=0.8367 recall=0.8370 auc=0.8338 
[2019-08-29 11:20:38,448]: length=121 f1=0.8367 accuarcy=0.8370 precision=0.8367 recall=0.8370 auc=0.8338 
[2019-08-29 11:20:46,040]: length=122 f1=0.8261 accuarcy=0.8261 precision=0.8261 recall=0.8261 auc=0.8240 
[2019-08-29 11:20:53,830]: length=123 f1=0.8256 accuarcy=0.8261 precision=0.8259 recall=0.8261 auc=0.8216 
[2019-08-29 11:21:01,585]: length=124 f1=0.8367 accuarcy=0.8370 precision=0.8367 recall=0.8370 auc=0.8338 
[2019-08-29 11:21:09,649]: length=125 f1=0.8362 accuarcy=0.8370 precision=0.8372 recall=0.8370 auc=0.8314 
[2019-08-29 11:21:17,731]: length=126 f1=0.8367 accuarcy=0.8370 precision=0.8367 recall=0.8370 auc=0.8338 
[2019-08-29 11:21:25,566]: length=127 f1=0.8367 accuarcy=0.8370 precision=0.8367 recall=0.8370 auc=0.8338 
[2019-08-29 11:21:33,399]: length=128 f1=0.8261 accuarcy=0.8261 precision=0.8261 recall=0.8261 auc=0.8240 
[2019-08-29 11:21:41,307]: length=129 f1=0.8154 accuarcy=0.8152 precision=0.8158 recall=0.8152 auc=0.8142 
[2019-08-29 11:21:48,999]: length=130 f1=0.8367 accuarcy=0.8370 precision=0.8367 recall=0.8370 auc=0.8338 
[2019-08-29 11:21:56,584]: length=131 f1=0.8580 accuarcy=0.8587 precision=0.8592 recall=0.8587 auc=0.8534 
[2019-08-29 11:22:04,428]: length=132 f1=0.8256 accuarcy=0.8261 precision=0.8259 recall=0.8261 auc=0.8216 
[2019-08-29 11:22:11,926]: length=133 f1=0.8367 accuarcy=0.8370 precision=0.8367 recall=0.8370 auc=0.8338 
[2019-08-29 11:22:19,596]: length=134 f1=0.8367 accuarcy=0.8370 precision=0.8367 recall=0.8370 auc=0.8338 
[2019-08-29 11:22:27,411]: length=135 f1=0.8367 accuarcy=0.8370 precision=0.8367 recall=0.8370 auc=0.8338 
[2019-08-29 11:22:35,221]: length=136 f1=0.8154 accuarcy=0.8152 precision=0.8158 recall=0.8152 auc=0.8142 
[2019-08-29 11:22:42,675]: length=137 f1=0.8261 accuarcy=0.8261 precision=0.8261 recall=0.8261 auc=0.8240 
[2019-08-29 11:22:50,585]: length=138 f1=0.8367 accuarcy=0.8370 precision=0.8367 recall=0.8370 auc=0.8338 
[2019-08-29 11:22:58,864]: length=139 f1=0.8150 accuarcy=0.8152 precision=0.8149 recall=0.8152 auc=0.8118 
[2019-08-29 11:23:06,474]: length=140 f1=0.8474 accuarcy=0.8478 precision=0.8478 recall=0.8478 auc=0.8436 
[2019-08-29 11:23:14,518]: length=141 f1=0.8367 accuarcy=0.8370 precision=0.8367 recall=0.8370 auc=0.8338 
[2019-08-29 11:23:22,346]: length=142 f1=0.8261 accuarcy=0.8261 precision=0.8261 recall=0.8261 auc=0.8240 
[2019-08-29 11:23:30,834]: length=143 f1=0.8256 accuarcy=0.8261 precision=0.8259 recall=0.8261 auc=0.8216 
[2019-08-29 11:23:39,411]: length=144 f1=0.8474 accuarcy=0.8478 precision=0.8478 recall=0.8478 auc=0.8436 
[2019-08-29 11:23:47,233]: length=145 f1=0.8474 accuarcy=0.8478 precision=0.8478 recall=0.8478 auc=0.8436 
[2019-08-29 11:23:55,018]: length=146 f1=0.8261 accuarcy=0.8261 precision=0.8261 recall=0.8261 auc=0.8240 
[2019-08-29 11:24:03,424]: length=147 f1=0.8367 accuarcy=0.8370 precision=0.8367 recall=0.8370 auc=0.8338 
[2019-08-29 11:24:11,772]: length=148 f1=0.8474 accuarcy=0.8478 precision=0.8478 recall=0.8478 auc=0.8436 
[2019-08-29 11:24:20,104]: length=149 f1=0.8474 accuarcy=0.8478 precision=0.8478 recall=0.8478 auc=0.8436 
[2019-08-29 11:24:27,455]: length=150 f1=0.8261 accuarcy=0.8261 precision=0.8261 recall=0.8261 auc=0.8240 
[2019-08-29 11:24:34,744]: length=151 f1=0.8580 accuarcy=0.8587 precision=0.8592 recall=0.8587 auc=0.8534 
[2019-08-29 11:24:42,060]: length=152 f1=0.8249 accuarcy=0.8261 precision=0.8269 recall=0.8261 auc=0.8192 
[2019-08-29 11:24:50,160]: length=153 f1=0.8468 accuarcy=0.8478 precision=0.8491 recall=0.8478 auc=0.8412 
[2019-08-29 11:24:57,345]: length=154 f1=0.8580 accuarcy=0.8587 precision=0.8592 recall=0.8587 auc=0.8534 
[2019-08-29 11:25:04,406]: length=155 f1=0.8367 accuarcy=0.8370 precision=0.8367 recall=0.8370 auc=0.8338 
[2019-08-29 11:25:11,598]: length=156 f1=0.8580 accuarcy=0.8587 precision=0.8592 recall=0.8587 auc=0.8534 
[2019-08-29 11:25:19,099]: length=157 f1=0.8580 accuarcy=0.8587 precision=0.8592 recall=0.8587 auc=0.8534 
[2019-08-29 11:25:26,233]: length=158 f1=0.8474 accuarcy=0.8478 precision=0.8478 recall=0.8478 auc=0.8436 
[2019-08-29 11:25:33,425]: length=159 f1=0.8256 accuarcy=0.8261 precision=0.8259 recall=0.8261 auc=0.8216 
[2019-08-29 11:25:40,771]: length=160 f1=0.8580 accuarcy=0.8587 precision=0.8592 recall=0.8587 auc=0.8534 
[2019-08-29 11:25:47,873]: length=161 f1=0.8474 accuarcy=0.8478 precision=0.8478 recall=0.8478 auc=0.8436 
[2019-08-29 11:25:55,104]: length=162 f1=0.8261 accuarcy=0.8261 precision=0.8261 recall=0.8261 auc=0.8240 
[2019-08-29 11:26:02,311]: length=163 f1=0.8362 accuarcy=0.8370 precision=0.8372 recall=0.8370 auc=0.8314 
[2019-08-29 11:26:09,438]: length=164 f1=0.8367 accuarcy=0.8370 precision=0.8367 recall=0.8370 auc=0.8338 
[2019-08-29 11:26:16,543]: length=165 f1=0.8580 accuarcy=0.8587 precision=0.8592 recall=0.8587 auc=0.8534 
[2019-08-29 11:26:23,867]: length=166 f1=0.8474 accuarcy=0.8478 precision=0.8478 recall=0.8478 auc=0.8436 
[2019-08-29 11:26:31,293]: length=167 f1=0.8150 accuarcy=0.8152 precision=0.8149 recall=0.8152 auc=0.8118 
[2019-08-29 11:26:38,640]: length=168 f1=0.8580 accuarcy=0.8587 precision=0.8592 recall=0.8587 auc=0.8534 
[2019-08-29 11:26:45,876]: length=169 f1=0.8474 accuarcy=0.8478 precision=0.8478 recall=0.8478 auc=0.8436 
[2019-08-29 11:26:53,326]: length=170 f1=0.8367 accuarcy=0.8370 precision=0.8367 recall=0.8370 auc=0.8338 
[2019-08-29 11:27:00,502]: length=171 f1=0.8362 accuarcy=0.8370 precision=0.8372 recall=0.8370 auc=0.8314 
[2019-08-29 11:27:07,583]: length=172 f1=0.8143 accuarcy=0.8152 precision=0.8152 recall=0.8152 auc=0.8094 
[2019-08-29 11:27:16,226]: length=173 f1=0.8256 accuarcy=0.8261 precision=0.8259 recall=0.8261 auc=0.8216 
[2019-08-29 11:27:24,533]: length=174 f1=0.8367 accuarcy=0.8370 precision=0.8367 recall=0.8370 auc=0.8338 
[2019-08-29 11:27:32,695]: length=175 f1=0.8474 accuarcy=0.8478 precision=0.8478 recall=0.8478 auc=0.8436 
[2019-08-29 11:27:40,194]: length=176 f1=0.8580 accuarcy=0.8587 precision=0.8592 recall=0.8587 auc=0.8534 
[2019-08-29 11:27:47,995]: length=177 f1=0.8367 accuarcy=0.8370 precision=0.8367 recall=0.8370 auc=0.8338 
[2019-08-29 11:27:55,706]: length=178 f1=0.8580 accuarcy=0.8587 precision=0.8592 recall=0.8587 auc=0.8534 
[2019-08-29 11:27:55,711]: ----------
[2019-08-29 11:27:55,711]: the max f1 = 0.9013
[2019-08-29 11:27:55,712]: ['Hopp_Woods_R' 'basic_polar' 'Rose_I' 'Janin_W' 'aromatic' 'Janin_P'
 'Cornette_C' 'Kyte_Doolittle_I' 'Janin_D' 'hydrophily' 'Kyte_Doolittle_A'
 'Cornette_V' 'Engelman_GES_W' 'Cornette_T' 'Engelman_GES_D' 'Eisenberg_R'],length = 16
[2019-08-29 11:27:55,712]: -----------
[2019-08-29 11:28:03,531]: ***confusion matrix***
[2019-08-29 11:28:03,531]:                pos_class      neg_class      
[2019-08-29 11:28:03,531]: pos_class      TP:34             FN:7              
[2019-08-29 11:28:03,531]: neg_class      FP:2              TN:49             
[2019-08-29 11:28:03,532]: f1 =0.9013 
[2019-08-29 11:28:03,532]: accuarcy = 0.9022 
[2019-08-29 11:28:03,533]: precision =0.9059 
[2019-08-29 11:28:03,533]: recall =0.9022
[2019-08-29 11:28:03,534]: auc = 0.8950
[2019-08-29 11:28:03,557]: -----------
[2019-08-29 11:28:03,557]: The output by the terminal's log has been saved in the J:\多设备共享\work\MRMD2.0-github\Logs\201908291103.log.
[2019-08-29 11:28:03,557]: metrics have been saved in the J:\多设备共享\work\MRMD2.0-github\Results\file2.csv.
[2019-08-29 11:28:03,558]: reduced dimensional dataset has been saved in the J:\多设备共享\work\MRMD2.0-github\Results\file1.csv.
[2019-08-29 11:28:03,558]: ---mrmd 2.0 end---
