[2019-08-24 20:23:08,694]: ---mrmd 2.0 start----
[2019-08-24 20:23:08,705]: ANOVA start...
[2019-08-24 20:23:08,718]: ANOVA end.
[2019-08-24 20:23:08,718]: mic start...
[2019-08-24 20:23:20,122]: mic end.
[2019-08-24 20:23:20,122]: mrmd start...
[2019-08-24 20:23:20,377]: mrmd end.
[2019-08-24 20:23:20,377]: mRMR start...
[2019-08-24 20:23:24,152]: mRMR end.
[2019-08-24 20:23:24,152]: lasso start...
[2019-08-24 20:23:24,188]: lasso end.
[2019-08-24 20:23:24,188]: chi2 start...
[2019-08-24 20:23:24,214]: chi2 end.
[2019-08-24 20:23:24,214]: ref start...
[2019-08-24 20:23:25,496]: ref end.
[2019-08-24 20:23:25,501]: rank start ...
[2019-08-24 20:23:25,513]: The final  rank is
[2019-08-24 20:23:25,513]: Hopp_Woods_R : 0.0072
[2019-08-24 20:23:25,513]: basic_polar : 0.0070
[2019-08-24 20:23:25,514]: aromatic : 0.0067
[2019-08-24 20:23:25,514]: Janin_P : 0.0067
[2019-08-24 20:23:25,514]: Cornette_C : 0.0066
[2019-08-24 20:23:25,514]: Rose_I : 0.0066
[2019-08-24 20:23:25,514]: Janin_D : 0.0066
[2019-08-24 20:23:25,514]: Kyte_Doolittle_I : 0.0066
[2019-08-24 20:23:25,514]: Janin_W : 0.0066
[2019-08-24 20:23:25,514]: hydrophily : 0.0066
[2019-08-24 20:23:25,514]: Kyte_Doolittle_A : 0.0066
[2019-08-24 20:23:25,514]: Cornette_V : 0.0066
[2019-08-24 20:23:25,515]: Cornette_T : 0.0066
[2019-08-24 20:23:25,515]: Engelman_GES_W : 0.0065
[2019-08-24 20:23:25,515]: Engelman_GES_D : 0.0065
[2019-08-24 20:23:25,515]: Engelman_GES_E : 0.0064
[2019-08-24 20:23:25,515]: Engelman_GES_S : 0.0064
[2019-08-24 20:23:25,515]: Hopp_Woods_I : 0.0064
[2019-08-24 20:23:25,515]: Engelman_GES_R : 0.0064
[2019-08-24 20:23:25,515]: Engelman_GES_N : 0.0064
[2019-08-24 20:23:25,515]: Rose_S : 0.0064
[2019-08-24 20:23:25,515]: Hopp_Woods_D : 0.0063
[2019-08-24 20:23:25,515]: Hopp_Woods_A : 0.0063
[2019-08-24 20:23:25,515]: Janin_Q : 0.0063
[2019-08-24 20:23:25,516]: Cornette_K : 0.0062
[2019-08-24 20:23:25,516]: Rose_L : 0.0062
[2019-08-24 20:23:25,516]: Cornette_F : 0.0062
[2019-08-24 20:23:25,516]: Rose_H : 0.0062
[2019-08-24 20:23:25,516]: Cornette_P : 0.0062
[2019-08-24 20:23:25,516]: Cornette_D : 0.0062
[2019-08-24 20:23:25,516]: Eisenberg_N : 0.0062
[2019-08-24 20:23:25,516]: Engelman_GES_L : 0.0061
[2019-08-24 20:23:25,516]: C : 0.0061
[2019-08-24 20:23:25,516]: Cornette_E : 0.0061
[2019-08-24 20:23:25,516]: Kyte_Doolittle_P : 0.0061
[2019-08-24 20:23:25,516]: Rose_Q : 0.0060
[2019-08-24 20:23:25,517]: Engelman_GES_F : 0.0060
[2019-08-24 20:23:25,517]: Janin_H : 0.0060
[2019-08-24 20:23:25,517]: F : 0.0060
[2019-08-24 20:23:25,517]: Kyte_Doolittle_C : 0.0060
[2019-08-24 20:23:25,517]: Kyte_Doolittle_K : 0.0060
[2019-08-24 20:23:25,517]: Janin_V : 0.0060
[2019-08-24 20:23:25,517]: Kyte_Doolittle_W : 0.0060
[2019-08-24 20:23:25,517]: Kyte_Doolittle_H : 0.0060
[2019-08-24 20:23:25,517]: Cornette_H : 0.0059
[2019-08-24 20:23:25,518]: Hopp_Woods_F : 0.0059
[2019-08-24 20:23:25,518]: Janin_Y : 0.0059
[2019-08-24 20:23:25,518]: Kyte_Doolittle_L : 0.0059
[2019-08-24 20:23:25,518]: Eisenberg_Y : 0.0058
[2019-08-24 20:23:25,518]: alphatic : 0.0058
[2019-08-24 20:23:25,518]: P : 0.0058
[2019-08-24 20:23:25,518]: Rose_T : 0.0058
[2019-08-24 20:23:25,518]: Rose_R : 0.0058
[2019-08-24 20:23:25,518]: K : 0.0058
[2019-08-24 20:23:25,518]: Eisenberg_D : 0.0058
[2019-08-24 20:23:25,518]: I : 0.0058
[2019-08-24 20:23:25,518]: Janin_A : 0.0058
[2019-08-24 20:23:25,519]: Rose_W : 0.0058
[2019-08-24 20:23:25,519]: Q : 0.0058
[2019-08-24 20:23:25,519]: Cornette_S : 0.0058
[2019-08-24 20:23:25,519]: S : 0.0058
[2019-08-24 20:23:25,519]: Rose_P : 0.0058
[2019-08-24 20:23:25,519]: Eisenberg_K : 0.0058
[2019-08-24 20:23:25,519]: Kyte_Doolittle_N : 0.0058
[2019-08-24 20:23:25,519]: nonpolar : 0.0058
[2019-08-24 20:23:25,519]: Engelman_GES_P : 0.0058
[2019-08-24 20:23:25,519]: Hopp_Woods_N : 0.0057
[2019-08-24 20:23:25,520]: Rose_V : 0.0057
[2019-08-24 20:23:25,520]: Eisenberg_V : 0.0057
[2019-08-24 20:23:25,520]: moderate : 0.0057
[2019-08-24 20:23:25,520]: Y : 0.0057
[2019-08-24 20:23:25,520]: Cornette_W : 0.0057
[2019-08-24 20:23:25,520]: Engelman_GES_Y : 0.0057
[2019-08-24 20:23:25,520]: Hopp_Woods_H : 0.0057
[2019-08-24 20:23:25,520]: V : 0.0057
[2019-08-24 20:23:25,520]: Eisenberg_M : 0.0057
[2019-08-24 20:23:25,520]: Engelman_GES_T : 0.0057
[2019-08-24 20:23:25,520]: Janin_L : 0.0057
[2019-08-24 20:23:25,521]: aliphatic : 0.0057
[2019-08-24 20:23:25,521]: uncharge : 0.0056
[2019-08-24 20:23:25,521]: Kyte_Doolittle_S : 0.0056
[2019-08-24 20:23:25,521]: Engelman_GES_Q : 0.0056
[2019-08-24 20:23:25,521]: Kyte_Doolittle_Y : 0.0056
[2019-08-24 20:23:25,521]: Janin_K : 0.0056
[2019-08-24 20:23:25,521]: Eisenberg_S : 0.0056
[2019-08-24 20:23:25,521]: Eisenberg_R : 0.0056
[2019-08-24 20:23:25,521]: negativecharge : 0.0056
[2019-08-24 20:23:25,521]: Hopp_Woods_Q : 0.0056
[2019-08-24 20:23:25,521]: Engelman_GES_K : 0.0056
[2019-08-24 20:23:25,521]: Kyte_Doolittle_R : 0.0056
[2019-08-24 20:23:25,522]: T : 0.0056
[2019-08-24 20:23:25,522]: Hopp_Woods_Y : 0.0056
[2019-08-24 20:23:25,522]: Cornette_A : 0.0056
[2019-08-24 20:23:25,522]: Janin_T : 0.0056
[2019-08-24 20:23:25,522]: Hopp_Woods_M : 0.0056
[2019-08-24 20:23:25,522]: Kyte_Doolittle_D : 0.0056
[2019-08-24 20:23:25,522]: Janin_I : 0.0056
[2019-08-24 20:23:25,522]: Rose_M : 0.0056
[2019-08-24 20:23:25,522]: Kyte_Doolittle_F : 0.0056
[2019-08-24 20:23:25,522]: Eisenberg_W : 0.0056
[2019-08-24 20:23:25,523]: Rose_D : 0.0056
[2019-08-24 20:23:25,523]: polar : 0.0056
[2019-08-24 20:23:25,523]: Rose_A : 0.0056
[2019-08-24 20:23:25,523]: Kyte_Doolittle_E : 0.0056
[2019-08-24 20:23:25,523]: Cornette_Q : 0.0056
[2019-08-24 20:23:25,523]: Kyte_Doolittle_M : 0.0056
[2019-08-24 20:23:25,523]: positve : 0.0056
[2019-08-24 20:23:25,523]: Kyte_Doolittle_Q : 0.0056
[2019-08-24 20:23:25,523]: Kyte_Doolittle_G : 0.0055
[2019-08-24 20:23:25,523]: Cornette_Y : 0.0055
[2019-08-24 20:23:25,523]: postivecharge : 0.0055
[2019-08-24 20:23:25,524]: Engelman_GES_H : 0.0055
[2019-08-24 20:23:25,524]: Cornette_M : 0.0055
[2019-08-24 20:23:25,524]: Hopp_Woods_L : 0.0055
[2019-08-24 20:23:25,524]: Hopp_Woods_S : 0.0055
[2019-08-24 20:23:25,524]: Eisenberg_A : 0.0055
[2019-08-24 20:23:25,524]: G : 0.0055
[2019-08-24 20:23:25,524]: Engelman_GES_V : 0.0055
[2019-08-24 20:23:25,524]: Cornette_L : 0.0055
[2019-08-24 20:23:25,524]: Hopp_Woods_V : 0.0055
[2019-08-24 20:23:25,524]: Eisenberg_L : 0.0055
[2019-08-24 20:23:25,524]: Engelman_GES_G : 0.0055
[2019-08-24 20:23:25,524]: R : 0.0055
[2019-08-24 20:23:25,525]: Eisenberg_H : 0.0055
[2019-08-24 20:23:25,525]: D : 0.0055
[2019-08-24 20:23:25,525]: Rose_F : 0.0055
[2019-08-24 20:23:25,525]: Janin_M : 0.0055
[2019-08-24 20:23:25,525]: Hopp_Woods_C : 0.0055
[2019-08-24 20:23:25,525]: Hopp_Woods_K : 0.0054
[2019-08-24 20:23:25,525]: E : 0.0054
[2019-08-24 20:23:25,525]: N : 0.0054
[2019-08-24 20:23:25,525]: Eisenberg_I : 0.0054
[2019-08-24 20:23:25,525]: Hopp_Woods_E : 0.0054
[2019-08-24 20:23:25,525]: Janin_N : 0.0054
[2019-08-24 20:23:25,526]: M : 0.0054
[2019-08-24 20:23:25,526]: Janin_F : 0.0054
[2019-08-24 20:23:25,526]: hydrophobicity : 0.0054
[2019-08-24 20:23:25,526]: Janin_E : 0.0054
[2019-08-24 20:23:25,526]: H : 0.0054
[2019-08-24 20:23:25,526]: Engelman_GES_M : 0.0053
[2019-08-24 20:23:25,526]: Eisenberg_C : 0.0053
[2019-08-24 20:23:25,526]: Rose_C : 0.0053
[2019-08-24 20:23:25,526]: Engelman_GES_C : 0.0053
[2019-08-24 20:23:25,526]: neutral : 0.0053
[2019-08-24 20:23:25,526]: Rose_N : 0.0053
[2019-08-24 20:23:25,526]: Engelman_GES_A : 0.0053
[2019-08-24 20:23:25,527]: Eisenberg_G : 0.0053
[2019-08-24 20:23:25,527]: W : 0.0053
[2019-08-24 20:23:25,527]: Rose_K : 0.0051
[2019-08-24 20:23:25,527]: Janin_R : 0.0051
[2019-08-24 20:23:25,527]: Kyte_Doolittle_T : 0.0051
[2019-08-24 20:23:25,527]: negative : 0.0051
[2019-08-24 20:23:25,527]: Janin_G : 0.0051
[2019-08-24 20:23:25,527]: Hopp_Woods_T : 0.0050
[2019-08-24 20:23:25,527]: Janin_S : 0.0050
[2019-08-24 20:23:25,527]: Eisenberg_Q : 0.0050
[2019-08-24 20:23:25,527]: A : 0.0050
[2019-08-24 20:23:25,528]: Hopp_Woods_W : 0.0050
[2019-08-24 20:23:25,528]: Rose_E : 0.0050
[2019-08-24 20:23:25,528]: Engelman_GES_I : 0.0050
[2019-08-24 20:23:25,528]: Cornette_R : 0.0049
[2019-08-24 20:23:25,528]: Cornette_I : 0.0049
[2019-08-24 20:23:25,528]: Eisenberg_E : 0.0049
[2019-08-24 20:23:25,528]: Eisenberg_F : 0.0049
[2019-08-24 20:23:25,528]: Kyte_Doolittle_V : 0.0048
[2019-08-24 20:23:25,528]: Eisenberg_T : 0.0048
[2019-08-24 20:23:25,528]: Eisenberg_P : 0.0048
[2019-08-24 20:23:25,528]: Rose_Y : 0.0048
[2019-08-24 20:23:25,529]: L : 0.0047
[2019-08-24 20:23:25,529]: Janin_C : 0.0047
[2019-08-24 20:23:25,529]: heterocyclics : 0.0047
[2019-08-24 20:23:25,529]: aromatic.1 : 0.0044
[2019-08-24 20:23:25,529]: Rose_G : 0.0043
[2019-08-24 20:23:25,529]: acidic_polar : 0.0043
[2019-08-24 20:23:25,529]: Cornette_N : 0.0043
[2019-08-24 20:23:25,529]: Hopp_Woods_P : 0.0031
[2019-08-24 20:23:25,529]: Hopp_Woods_G : 0.0031
[2019-08-24 20:23:25,529]: Cornette_G : 0.0030
[2019-08-24 20:23:25,529]: feature_rank end
[2019-08-24 20:23:25,551]: Start dimension reduction ...
[2019-08-24 20:23:33,341]: length=1 f1=0.6957 accuarcy=0.6957 precision=0.6957 recall=0.6957 auc=0.6920 
[2019-08-24 20:23:41,202]: length=21 f1=0.8580 accuarcy=0.8587 precision=0.8592 recall=0.8587 auc=0.8534 
[2019-08-24 20:23:49,695]: length=41 f1=0.8460 accuarcy=0.8478 precision=0.8518 recall=0.8478 auc=0.8388 
[2019-08-24 20:23:58,377]: length=61 f1=0.8468 accuarcy=0.8478 precision=0.8491 recall=0.8478 auc=0.8412 
[2019-08-24 20:24:06,345]: length=81 f1=0.8574 accuarcy=0.8587 precision=0.8614 recall=0.8587 auc=0.8510 
[2019-08-24 20:24:14,594]: length=101 f1=0.8687 accuarcy=0.8696 precision=0.8712 recall=0.8696 auc=0.8632 
[2019-08-24 20:24:23,463]: length=121 f1=0.8362 accuarcy=0.8370 precision=0.8372 recall=0.8370 auc=0.8314 
[2019-08-24 20:24:32,380]: length=141 f1=0.8580 accuarcy=0.8587 precision=0.8592 recall=0.8587 auc=0.8534 
[2019-08-24 20:24:41,241]: length=161 f1=0.8468 accuarcy=0.8478 precision=0.8491 recall=0.8478 auc=0.8412 
[2019-08-24 20:24:49,320]: length=178 f1=0.8256 accuarcy=0.8261 precision=0.8259 recall=0.8261 auc=0.8216 
[2019-08-24 20:24:49,324]: ----------
[2019-08-24 20:24:49,325]: the max acc = 0.8696
[2019-08-24 20:24:49,325]: ['Hopp_Woods_R' 'basic_polar' 'aromatic' 'Janin_P' 'Cornette_C' 'Rose_I'
 'Janin_D' 'Kyte_Doolittle_I' 'Janin_W' 'hydrophily' 'Kyte_Doolittle_A'
 'Cornette_V' 'Cornette_T' 'Engelman_GES_W' 'Engelman_GES_D'
 'Engelman_GES_E' 'Engelman_GES_S' 'Hopp_Woods_I' 'Engelman_GES_R'
 'Engelman_GES_N' 'Rose_S' 'Hopp_Woods_D' 'Hopp_Woods_A' 'Janin_Q'
 'Cornette_K' 'Rose_L' 'Cornette_F' 'Rose_H' 'Cornette_P' 'Cornette_D'
 'Eisenberg_N' 'Engelman_GES_L' 'C' 'Cornette_E' 'Kyte_Doolittle_P'
 'Rose_Q' 'Engelman_GES_F' 'Janin_H' 'F' 'Kyte_Doolittle_C'
 'Kyte_Doolittle_K' 'Janin_V' 'Kyte_Doolittle_W' 'Kyte_Doolittle_H'
 'Cornette_H' 'Hopp_Woods_F' 'Janin_Y' 'Kyte_Doolittle_L' 'Eisenberg_Y'
 'alphatic' 'P' 'Rose_T' 'Rose_R' 'K' 'Eisenberg_D' 'I' 'Janin_A' 'Rose_W'
 'Q' 'Cornette_S' 'S' 'Rose_P' 'Eisenberg_K' 'Kyte_Doolittle_N' 'nonpolar'
 'Engelman_GES_P' 'Hopp_Woods_N' 'Rose_V' 'Eisenberg_V' 'moderate' 'Y'
 'Cornette_W' 'Engelman_GES_Y' 'Hopp_Woods_H' 'V' 'Eisenberg_M'
 'Engelman_GES_T' 'Janin_L' 'aliphatic' 'uncharge' 'Kyte_Doolittle_S'
 'Engelman_GES_Q' 'Kyte_Doolittle_Y' 'Janin_K' 'Eisenberg_S' 'Eisenberg_R'
 'negativecharge' 'Hopp_Woods_Q' 'Engelman_GES_K' 'Kyte_Doolittle_R' 'T'
 'Hopp_Woods_Y' 'Cornette_A' 'Janin_T' 'Hopp_Woods_M' 'Kyte_Doolittle_D'
 'Janin_I' 'Rose_M' 'Kyte_Doolittle_F' 'Eisenberg_W' 'Rose_D'],length = 101
[2019-08-24 20:24:49,325]: -----------
[2019-08-24 20:24:57,712]: ***confusion matrix***
[2019-08-24 20:24:57,712]:                pos_class      neg_class      
[2019-08-24 20:24:57,712]: pos_class      TP:33             FN:8              
[2019-08-24 20:24:57,712]: neg_class      FP:4              TN:47             
[2019-08-24 20:24:57,713]: f1 =0.8687 
[2019-08-24 20:24:57,713]: accuarcy = 0.8696 
[2019-08-24 20:24:57,714]: precision =0.8712 
[2019-08-24 20:24:57,714]: recall =0.8696
[2019-08-24 20:24:57,715]: auc = 0.8632
[2019-08-24 20:24:57,747]: -----------
[2019-08-24 20:24:57,747]: The output by the terminal's log has been saved in the J:\多设备共享\work\MRMD2.0-github\Logs\201908242023.log.
[2019-08-24 20:24:57,747]: metrics have been saved in the J:\多设备共享\work\MRMD2.0-github\Results\meteixa.csv.
[2019-08-24 20:24:57,747]: reduced dimensional dataset has been saved in the J:\多设备共享\work\MRMD2.0-github\Results\rd.csv.
[2019-08-24 20:24:57,747]: ---mrmd 2.0 end---
