[2019-08-14 17:08:52,492]: ---mrmd 2.0 start----
[2019-08-14 17:08:52,577]: ANOVA start...
[2019-08-14 17:08:52,594]: ANOVA end.
[2019-08-14 17:08:52,595]: mic start...
[2019-08-14 17:08:58,162]: mic end.
[2019-08-14 17:08:58,162]: mrmd start...
[2019-08-14 17:08:58,344]: mrmd end.
[2019-08-14 17:08:58,345]: mRMR start...
[2019-08-14 17:09:05,626]: mRMR end.
[2019-08-14 17:09:05,627]: lasso start...
[2019-08-14 17:09:05,651]: lasso end.
[2019-08-14 17:09:05,651]: lasso2 start...
[2019-08-14 17:09:06,280]: lasso2 end.
[2019-08-14 17:09:06,283]: rank start ...
[2019-08-14 17:09:06,292]: The final  rank is
[2019-08-14 17:09:06,293]: aromatic.uncharger.gap5 : 0.0080
[2019-08-14 17:09:06,293]: aromatic.uncharger.gap0 : 0.0078
[2019-08-14 17:09:06,293]: uncharger.postivecharger.gap0 : 0.0077
[2019-08-14 17:09:06,293]: uncharger.aromatic.gap5 : 0.0077
[2019-08-14 17:09:06,293]: uncharger.aromatic.gap1 : 0.0077
[2019-08-14 17:09:06,293]: alphaticr.alphaticr.gap5 : 0.0077
[2019-08-14 17:09:06,293]: uncharger.uncharger.gap3 : 0.0077
[2019-08-14 17:09:06,294]: aromatic.uncharger.gap4 : 0.0077
[2019-08-14 17:09:06,294]: alphaticr.alphaticr.gap0 : 0.0077
[2019-08-14 17:09:06,294]: postivecharger.negativecharger.gap5 : 0.0076
[2019-08-14 17:09:06,294]: aromatic.negativecharger.gap0 : 0.0076
[2019-08-14 17:09:06,294]: aromatic.postivecharger.gap5 : 0.0076
[2019-08-14 17:09:06,294]: alphaticr.postivecharger.gap3 : 0.0076
[2019-08-14 17:09:06,294]: aromatic.uncharger.gap2 : 0.0076
[2019-08-14 17:09:06,294]: postivecharger.postivecharger.gap4 : 0.0076
[2019-08-14 17:09:06,294]: postivecharger.uncharger.gap5 : 0.0076
[2019-08-14 17:09:06,294]: uncharger.postivecharger.gap2 : 0.0076
[2019-08-14 17:09:06,295]: postivecharger.uncharger.gap3 : 0.0075
[2019-08-14 17:09:06,295]: alphaticr.aromatic.gap2 : 0.0075
[2019-08-14 17:09:06,295]: uncharger.postivecharger.gap1 : 0.0075
[2019-08-14 17:09:06,295]: alphaticr.postivecharger.gap2 : 0.0075
[2019-08-14 17:09:06,295]: uncharger.negativecharger.gap1 : 0.0075
[2019-08-14 17:09:06,295]: aromatic.alphaticr.gap4 : 0.0075
[2019-08-14 17:09:06,295]: postivecharger.alphaticr.gap3 : 0.0074
[2019-08-14 17:09:06,295]: uncharger.alphaticr.gap5 : 0.0074
[2019-08-14 17:09:06,295]: postivecharger.uncharger.gap0 : 0.0074
[2019-08-14 17:09:06,295]: negativecharger.alphaticr.gap4 : 0.0074
[2019-08-14 17:09:06,295]: postivecharger.aromatic.gap3 : 0.0074
[2019-08-14 17:09:06,295]: postivecharger.postivecharger.gap1 : 0.0074
[2019-08-14 17:09:06,296]: negativecharger.uncharger.gap2 : 0.0074
[2019-08-14 17:09:06,296]: alphaticr.alphaticr.gap4 : 0.0074
[2019-08-14 17:09:06,296]: postivecharger.alphaticr.gap0 : 0.0074
[2019-08-14 17:09:06,296]: uncharger.alphaticr.gap0 : 0.0074
[2019-08-14 17:09:06,296]: uncharger.aromatic.gap0 : 0.0073
[2019-08-14 17:09:06,296]: negativecharger.alphaticr.gap3 : 0.0073
[2019-08-14 17:09:06,296]: uncharger.uncharger.gap2 : 0.0073
[2019-08-14 17:09:06,296]: alphaticr.alphaticr.gap1 : 0.0073
[2019-08-14 17:09:06,296]: uncharger.alphaticr.gap2 : 0.0073
[2019-08-14 17:09:06,296]: alphaticr.negativecharger.gap3 : 0.0073
[2019-08-14 17:09:06,296]: uncharger.alphaticr.gap1 : 0.0073
[2019-08-14 17:09:06,296]: postivecharger.uncharger.gap2 : 0.0073
[2019-08-14 17:09:06,297]: negativecharger.alphaticr.gap0 : 0.0073
[2019-08-14 17:09:06,297]: postivecharger.uncharger.gap4 : 0.0073
[2019-08-14 17:09:06,297]: aromatic.negativecharger.gap5 : 0.0073
[2019-08-14 17:09:06,297]: uncharger.postivecharger.gap4 : 0.0073
[2019-08-14 17:09:06,297]: uncharger.postivecharger.gap5 : 0.0072
[2019-08-14 17:09:06,297]: negativecharger.aromatic.gap2 : 0.0072
[2019-08-14 17:09:06,297]: aromatic.uncharger.gap1 : 0.0072
[2019-08-14 17:09:06,297]: uncharger.negativecharger.gap5 : 0.0072
[2019-08-14 17:09:06,297]: uncharger.aromatic.gap4 : 0.0071
[2019-08-14 17:09:06,297]: postivecharger.alphaticr.gap1 : 0.0071
[2019-08-14 17:09:06,298]: postivecharger.aromatic.gap5 : 0.0070
[2019-08-14 17:09:06,298]: alphaticr.negativecharger.gap5 : 0.0070
[2019-08-14 17:09:06,298]: negativecharger.negativecharger.gap2 : 0.0070
[2019-08-14 17:09:06,298]: negativecharger.postivecharger.gap2 : 0.0069
[2019-08-14 17:09:06,298]: aromatic.postivecharger.gap4 : 0.0069
[2019-08-14 17:09:06,298]: aromatic.alphaticr.gap5 : 0.0069
[2019-08-14 17:09:06,298]: postivecharger.negativecharger.gap0 : 0.0069
[2019-08-14 17:09:06,298]: uncharger.aromatic.gap3 : 0.0068
[2019-08-14 17:09:06,298]: postivecharger.postivecharger.gap5 : 0.0067
[2019-08-14 17:09:06,298]: negativecharger.aromatic.gap3 : 0.0067
[2019-08-14 17:09:06,298]: negativecharger.alphaticr.gap5 : 0.0067
[2019-08-14 17:09:06,298]: negativecharger.postivecharger.gap4 : 0.0067
[2019-08-14 17:09:06,299]: negativecharger.uncharger.gap1 : 0.0067
[2019-08-14 17:09:06,299]: postivecharger.negativecharger.gap1 : 0.0066
[2019-08-14 17:09:06,299]: uncharger.alphaticr.gap3 : 0.0066
[2019-08-14 17:09:06,299]: postivecharger.aromatic.gap1 : 0.0066
[2019-08-14 17:09:06,299]: aromatic.aromatic.gap0 : 0.0066
[2019-08-14 17:09:06,299]: alphaticr.negativecharger.gap0 : 0.0066
[2019-08-14 17:09:06,299]: negativecharger.uncharger.gap5 : 0.0066
[2019-08-14 17:09:06,299]: aromatic.negativecharger.gap2 : 0.0065
[2019-08-14 17:09:06,299]: postivecharger.alphaticr.gap2 : 0.0065
[2019-08-14 17:09:06,299]: aromatic.negativecharger.gap1 : 0.0065
[2019-08-14 17:09:06,299]: aromatic.postivecharger.gap0 : 0.0065
[2019-08-14 17:09:06,299]: negativecharger.aromatic.gap1 : 0.0065
[2019-08-14 17:09:06,300]: alphaticr.uncharger.gap0 : 0.0065
[2019-08-14 17:09:06,300]: alphaticr.uncharger.gap5 : 0.0065
[2019-08-14 17:09:06,300]: postivecharger.negativecharger.gap2 : 0.0065
[2019-08-14 17:09:06,300]: aromatic.aromatic.gap5 : 0.0065
[2019-08-14 17:09:06,300]: postivecharger.postivecharger.gap2 : 0.0065
[2019-08-14 17:09:06,300]: negativecharger.postivecharger.gap1 : 0.0065
[2019-08-14 17:09:06,300]: aromatic.alphaticr.gap1 : 0.0064
[2019-08-14 17:09:06,300]: negativecharger.aromatic.gap5 : 0.0064
[2019-08-14 17:09:06,300]: negativecharger.negativecharger.gap4 : 0.0064
[2019-08-14 17:09:06,300]: alphaticr.negativecharger.gap4 : 0.0064
[2019-08-14 17:09:06,300]: alphaticr.postivecharger.gap5 : 0.0064
[2019-08-14 17:09:06,300]: uncharger.negativecharger.gap4 : 0.0064
[2019-08-14 17:09:06,300]: negativecharger.uncharger.gap4 : 0.0064
[2019-08-14 17:09:06,301]: negativecharger.negativecharger.gap5 : 0.0064
[2019-08-14 17:09:06,301]: postivecharger.negativecharger.gap4 : 0.0064
[2019-08-14 17:09:06,301]: uncharger.negativecharger.gap0 : 0.0064
[2019-08-14 17:09:06,301]: aromatic.postivecharger.gap3 : 0.0064
[2019-08-14 17:09:06,301]: negativecharger.alphaticr.gap1 : 0.0064
[2019-08-14 17:09:06,301]: alphaticr.aromatic.gap5 : 0.0064
[2019-08-14 17:09:06,301]: alphaticr.negativecharger.gap1 : 0.0064
[2019-08-14 17:09:06,301]: aromatic.aromatic.gap4 : 0.0063
[2019-08-14 17:09:06,301]: alphaticr.uncharger.gap2 : 0.0063
[2019-08-14 17:09:06,301]: alphaticr.postivecharger.gap4 : 0.0063
[2019-08-14 17:09:06,301]: negativecharger.postivecharger.gap0 : 0.0063
[2019-08-14 17:09:06,302]: postivecharger.uncharger.gap1 : 0.0063
[2019-08-14 17:09:06,302]: alphaticr.aromatic.gap1 : 0.0063
[2019-08-14 17:09:06,302]: aromatic.aromatic.gap1 : 0.0063
[2019-08-14 17:09:06,302]: uncharger.negativecharger.gap2 : 0.0063
[2019-08-14 17:09:06,302]: postivecharger.aromatic.gap4 : 0.0063
[2019-08-14 17:09:06,302]: uncharger.aromatic.gap2 : 0.0063
[2019-08-14 17:09:06,302]: alphaticr.alphaticr.gap3 : 0.0063
[2019-08-14 17:09:06,302]: postivecharger.alphaticr.gap4 : 0.0063
[2019-08-14 17:09:06,302]: negativecharger.negativecharger.gap1 : 0.0063
[2019-08-14 17:09:06,302]: postivecharger.alphaticr.gap5 : 0.0062
[2019-08-14 17:09:06,302]: alphaticr.alphaticr.gap2 : 0.0062
[2019-08-14 17:09:06,302]: negativecharger.uncharger.gap0 : 0.0062
[2019-08-14 17:09:06,303]: postivecharger.postivecharger.gap0 : 0.0062
[2019-08-14 17:09:06,303]: negativecharger.aromatic.gap4 : 0.0062
[2019-08-14 17:09:06,303]: alphaticr.postivecharger.gap1 : 0.0062
[2019-08-14 17:09:06,303]: postivecharger.aromatic.gap2 : 0.0062
[2019-08-14 17:09:06,303]: aromatic.aromatic.gap2 : 0.0062
[2019-08-14 17:09:06,303]: alphaticr.negativecharger.gap2 : 0.0062
[2019-08-14 17:09:06,303]: negativecharger.postivecharger.gap3 : 0.0062
[2019-08-14 17:09:06,303]: negativecharger.negativecharger.gap0 : 0.0062
[2019-08-14 17:09:06,303]: aromatic.negativecharger.gap3 : 0.0062
[2019-08-14 17:09:06,303]: alphaticr.aromatic.gap3 : 0.0062
[2019-08-14 17:09:06,303]: postivecharger.aromatic.gap0 : 0.0062
[2019-08-14 17:09:06,303]: negativecharger.alphaticr.gap2 : 0.0061
[2019-08-14 17:09:06,304]: alphaticr.aromatic.gap0 : 0.0061
[2019-08-14 17:09:06,304]: negativecharger.aromatic.gap0 : 0.0061
[2019-08-14 17:09:06,304]: negativecharger.postivecharger.gap5 : 0.0061
[2019-08-14 17:09:06,304]: uncharger.uncharger.gap0 : 0.0061
[2019-08-14 17:09:06,304]: aromatic.postivecharger.gap1 : 0.0061
[2019-08-14 17:09:06,304]: aromatic.uncharger.gap3 : 0.0061
[2019-08-14 17:09:06,304]: negativecharger.uncharger.gap3 : 0.0061
[2019-08-14 17:09:06,304]: aromatic.negativecharger.gap4 : 0.0061
[2019-08-14 17:09:06,304]: uncharger.negativecharger.gap3 : 0.0061
[2019-08-14 17:09:06,304]: uncharger.uncharger.gap1 : 0.0060
[2019-08-14 17:09:06,304]: negativecharger.negativecharger.gap3 : 0.0060
[2019-08-14 17:09:06,304]: alphaticr.aromatic.gap4 : 0.0059
[2019-08-14 17:09:06,305]: aromatic.postivecharger.gap2 : 0.0059
[2019-08-14 17:09:06,305]: uncharger.uncharger.gap4 : 0.0059
[2019-08-14 17:09:06,305]: uncharger.alphaticr.gap4 : 0.0058
[2019-08-14 17:09:06,305]: alphaticr.postivecharger.gap0 : 0.0057
[2019-08-14 17:09:06,305]: uncharger.postivecharger.gap3 : 0.0056
[2019-08-14 17:09:06,305]: postivecharger.postivecharger.gap3 : 0.0056
[2019-08-14 17:09:06,305]: alphaticr.uncharger.gap3 : 0.0055
[2019-08-14 17:09:06,305]: alphaticr.uncharger.gap4 : 0.0055
[2019-08-14 17:09:06,305]: aromatic.alphaticr.gap0 : 0.0055
[2019-08-14 17:09:06,305]: alphaticr.uncharger.gap1 : 0.0055
[2019-08-14 17:09:06,305]: aromatic.alphaticr.gap2 : 0.0055
[2019-08-14 17:09:06,305]: postivecharger.negativecharger.gap3 : 0.0054
[2019-08-14 17:09:06,306]: uncharger.uncharger.gap5 : 0.0051
[2019-08-14 17:09:06,306]: aromatic.aromatic.gap3 : 0.0051
[2019-08-14 17:09:06,306]: aromatic.alphaticr.gap3 : 0.0051
[2019-08-14 17:09:06,306]: feature_rank end
[2019-08-14 17:09:06,332]: Start dimension reduction ...
[2019-08-14 17:09:07,956]: length=1 f1=0.3850 accuarcy=0.5455  precision=0.2975 recall=0.5455 roc=0.5000 
[2019-08-14 17:09:09,491]: length=2 f1=0.4253 accuarcy=0.4545  precision=0.4242 recall=0.4545 roc=0.4333 
[2019-08-14 17:09:11,066]: length=3 f1=0.5580 accuarcy=0.5909  precision=0.5936 recall=0.5909 roc=0.5667 
[2019-08-14 17:09:12,614]: length=4 f1=0.6798 accuarcy=0.6818  precision=0.6807 recall=0.6818 roc=0.6750 
[2019-08-14 17:09:14,191]: length=5 f1=0.6714 accuarcy=0.6818  precision=0.6883 recall=0.6818 roc=0.6667 
[2019-08-14 17:09:15,772]: length=6 f1=0.7653 accuarcy=0.7727  precision=0.7896 recall=0.7727 roc=0.7583 
[2019-08-14 17:09:17,346]: length=7 f1=0.7653 accuarcy=0.7727  precision=0.7896 recall=0.7727 roc=0.7583 
[2019-08-14 17:09:18,951]: length=8 f1=0.6714 accuarcy=0.6818  precision=0.6883 recall=0.6818 roc=0.6667 
[2019-08-14 17:09:20,538]: length=9 f1=0.7653 accuarcy=0.7727  precision=0.7896 recall=0.7727 roc=0.7583 
[2019-08-14 17:09:22,140]: length=10 f1=0.7273 accuarcy=0.7273  precision=0.7273 recall=0.7273 roc=0.7250 
[2019-08-14 17:09:23,736]: length=11 f1=0.7226 accuarcy=0.7273  precision=0.7305 recall=0.7273 roc=0.7167 
[2019-08-14 17:09:25,372]: length=12 f1=0.7713 accuarcy=0.7727  precision=0.7731 recall=0.7727 roc=0.7667 
[2019-08-14 17:09:26,989]: length=13 f1=0.7732 accuarcy=0.7727  precision=0.7769 recall=0.7727 roc=0.7750 
[2019-08-14 17:09:28,622]: length=14 f1=0.7226 accuarcy=0.7273  precision=0.7305 recall=0.7273 roc=0.7167 
[2019-08-14 17:09:30,265]: length=15 f1=0.7226 accuarcy=0.7273  precision=0.7305 recall=0.7273 roc=0.7167 
[2019-08-14 17:09:31,897]: length=16 f1=0.6562 accuarcy=0.6818  precision=0.7166 recall=0.6818 roc=0.6583 
[2019-08-14 17:09:33,521]: length=17 f1=0.6714 accuarcy=0.6818  precision=0.6883 recall=0.6818 roc=0.6667 
[2019-08-14 17:09:35,184]: length=18 f1=0.7127 accuarcy=0.7273  precision=0.7538 recall=0.7273 roc=0.7083 
[2019-08-14 17:09:36,813]: length=19 f1=0.7127 accuarcy=0.7273  precision=0.7538 recall=0.7273 roc=0.7083 
[2019-08-14 17:09:38,644]: length=20 f1=0.7127 accuarcy=0.7273  precision=0.7538 recall=0.7273 roc=0.7083 
[2019-08-14 17:09:40,490]: length=21 f1=0.6714 accuarcy=0.6818  precision=0.6883 recall=0.6818 roc=0.6667 
[2019-08-14 17:09:42,281]: length=22 f1=0.7653 accuarcy=0.7727  precision=0.7896 recall=0.7727 roc=0.7583 
[2019-08-14 17:09:44,138]: length=23 f1=0.7226 accuarcy=0.7273  precision=0.7305 recall=0.7273 roc=0.7167 
[2019-08-14 17:09:46,062]: length=24 f1=0.7226 accuarcy=0.7273  precision=0.7305 recall=0.7273 roc=0.7167 
[2019-08-14 17:09:47,938]: length=25 f1=0.7127 accuarcy=0.7273  precision=0.7538 recall=0.7273 roc=0.7083 
[2019-08-14 17:09:49,798]: length=26 f1=0.6169 accuarcy=0.6364  precision=0.6439 recall=0.6364 roc=0.6167 
[2019-08-14 17:09:51,649]: length=27 f1=0.7127 accuarcy=0.7273  precision=0.7538 recall=0.7273 roc=0.7083 
[2019-08-14 17:09:53,566]: length=28 f1=0.7653 accuarcy=0.7727  precision=0.7896 recall=0.7727 roc=0.7583 
[2019-08-14 17:09:55,514]: length=29 f1=0.7127 accuarcy=0.7273  precision=0.7538 recall=0.7273 roc=0.7083 
[2019-08-14 17:09:57,526]: length=30 f1=0.7653 accuarcy=0.7727  precision=0.7896 recall=0.7727 roc=0.7583 
[2019-08-14 17:09:59,579]: length=31 f1=0.6169 accuarcy=0.6364  precision=0.6439 recall=0.6364 roc=0.6167 
[2019-08-14 17:10:01,915]: length=32 f1=0.7127 accuarcy=0.7273  precision=0.7538 recall=0.7273 roc=0.7083 
[2019-08-14 17:10:03,806]: length=33 f1=0.8628 accuarcy=0.8636  precision=0.8656 recall=0.8636 roc=0.8583 
[2019-08-14 17:10:05,726]: length=34 f1=0.7713 accuarcy=0.7727  precision=0.7731 recall=0.7727 roc=0.7667 
[2019-08-14 17:10:07,593]: length=35 f1=0.8151 accuarcy=0.8182  precision=0.8263 recall=0.8182 roc=0.8083 
[2019-08-14 17:10:09,484]: length=36 f1=0.7713 accuarcy=0.7727  precision=0.7731 recall=0.7727 roc=0.7667 
[2019-08-14 17:10:11,480]: length=37 f1=0.7713 accuarcy=0.7727  precision=0.7731 recall=0.7727 roc=0.7667 
[2019-08-14 17:10:13,532]: length=38 f1=0.8151 accuarcy=0.8182  precision=0.8263 recall=0.8182 roc=0.8083 
[2019-08-14 17:10:16,075]: length=39 f1=0.8592 accuarcy=0.8636  precision=0.8909 recall=0.8636 roc=0.8500 
[2019-08-14 17:10:18,266]: length=40 f1=0.8628 accuarcy=0.8636  precision=0.8656 recall=0.8636 roc=0.8583 
[2019-08-14 17:10:20,207]: length=41 f1=0.7653 accuarcy=0.7727  precision=0.7896 recall=0.7727 roc=0.7583 
[2019-08-14 17:10:22,194]: length=42 f1=0.8592 accuarcy=0.8636  precision=0.8909 recall=0.8636 roc=0.8500 
[2019-08-14 17:10:24,271]: length=43 f1=0.7226 accuarcy=0.7273  precision=0.7305 recall=0.7273 roc=0.7167 
[2019-08-14 17:10:26,751]: length=44 f1=0.7226 accuarcy=0.7273  precision=0.7305 recall=0.7273 roc=0.7167 
[2019-08-14 17:10:29,406]: length=45 f1=0.7713 accuarcy=0.7727  precision=0.7731 recall=0.7727 roc=0.7667 
[2019-08-14 17:10:31,982]: length=46 f1=0.7127 accuarcy=0.7273  precision=0.7538 recall=0.7273 roc=0.7083 
[2019-08-14 17:10:33,992]: length=47 f1=0.7226 accuarcy=0.7273  precision=0.7305 recall=0.7273 roc=0.7167 
[2019-08-14 17:10:36,062]: length=48 f1=0.7653 accuarcy=0.7727  precision=0.7896 recall=0.7727 roc=0.7583 
[2019-08-14 17:10:38,066]: length=49 f1=0.7653 accuarcy=0.7727  precision=0.7896 recall=0.7727 roc=0.7583 
[2019-08-14 17:10:40,331]: length=50 f1=0.7127 accuarcy=0.7273  precision=0.7538 recall=0.7273 roc=0.7083 
[2019-08-14 17:10:42,376]: length=51 f1=0.7653 accuarcy=0.7727  precision=0.7896 recall=0.7727 roc=0.7583 
[2019-08-14 17:10:44,864]: length=52 f1=0.8182 accuarcy=0.8182  precision=0.8182 recall=0.8182 roc=0.8167 
[2019-08-14 17:10:47,128]: length=53 f1=0.6798 accuarcy=0.6818  precision=0.6807 recall=0.6818 roc=0.6750 
[2019-08-14 17:10:49,439]: length=54 f1=0.7226 accuarcy=0.7273  precision=0.7305 recall=0.7273 roc=0.7167 
[2019-08-14 17:10:51,722]: length=55 f1=0.7713 accuarcy=0.7727  precision=0.7731 recall=0.7727 roc=0.7667 
[2019-08-14 17:10:53,856]: length=56 f1=0.7544 accuarcy=0.7727  precision=0.8396 recall=0.7727 roc=0.7500 
[2019-08-14 17:10:56,118]: length=57 f1=0.6798 accuarcy=0.6818  precision=0.6807 recall=0.6818 roc=0.6750 
[2019-08-14 17:10:58,260]: length=58 f1=0.8151 accuarcy=0.8182  precision=0.8263 recall=0.8182 roc=0.8083 
[2019-08-14 17:11:00,569]: length=59 f1=0.8592 accuarcy=0.8636  precision=0.8909 recall=0.8636 roc=0.8500 
[2019-08-14 17:11:02,733]: length=60 f1=0.6714 accuarcy=0.6818  precision=0.6883 recall=0.6818 roc=0.6667 
[2019-08-14 17:11:04,890]: length=61 f1=0.7713 accuarcy=0.7727  precision=0.7731 recall=0.7727 roc=0.7667 
[2019-08-14 17:11:07,024]: length=62 f1=0.7653 accuarcy=0.7727  precision=0.7896 recall=0.7727 roc=0.7583 
[2019-08-14 17:11:09,076]: length=63 f1=0.7713 accuarcy=0.7727  precision=0.7731 recall=0.7727 roc=0.7667 
[2019-08-14 17:11:11,148]: length=64 f1=0.8151 accuarcy=0.8182  precision=0.8263 recall=0.8182 roc=0.8083 
[2019-08-14 17:11:13,236]: length=65 f1=0.9075 accuarcy=0.9091  precision=0.9221 recall=0.9091 roc=0.9000 
[2019-08-14 17:11:15,327]: length=66 f1=0.8084 accuarcy=0.8182  precision=0.8636 recall=0.8182 roc=0.8000 
[2019-08-14 17:11:17,404]: length=67 f1=0.7713 accuarcy=0.7727  precision=0.7731 recall=0.7727 roc=0.7667 
[2019-08-14 17:11:19,492]: length=68 f1=0.8592 accuarcy=0.8636  precision=0.8909 recall=0.8636 roc=0.8500 
[2019-08-14 17:11:21,577]: length=69 f1=0.8151 accuarcy=0.8182  precision=0.8263 recall=0.8182 roc=0.8083 
[2019-08-14 17:11:23,677]: length=70 f1=0.8151 accuarcy=0.8182  precision=0.8263 recall=0.8182 roc=0.8083 
[2019-08-14 17:11:25,732]: length=71 f1=0.8592 accuarcy=0.8636  precision=0.8909 recall=0.8636 roc=0.8500 
[2019-08-14 17:11:27,828]: length=72 f1=0.7544 accuarcy=0.7727  precision=0.8396 recall=0.7727 roc=0.7500 
[2019-08-14 17:11:29,955]: length=73 f1=0.7544 accuarcy=0.7727  precision=0.8396 recall=0.7727 roc=0.7500 
[2019-08-14 17:11:32,146]: length=74 f1=0.7226 accuarcy=0.7273  precision=0.7305 recall=0.7273 roc=0.7167 
[2019-08-14 17:11:34,743]: length=75 f1=0.8592 accuarcy=0.8636  precision=0.8909 recall=0.8636 roc=0.8500 
[2019-08-14 17:11:37,430]: length=76 f1=0.7653 accuarcy=0.7727  precision=0.7896 recall=0.7727 roc=0.7583 
[2019-08-14 17:11:39,582]: length=77 f1=0.8151 accuarcy=0.8182  precision=0.8263 recall=0.8182 roc=0.8083 
[2019-08-14 17:11:41,742]: length=78 f1=0.8592 accuarcy=0.8636  precision=0.8909 recall=0.8636 roc=0.8500 
[2019-08-14 17:11:44,000]: length=79 f1=0.7713 accuarcy=0.7727  precision=0.7731 recall=0.7727 roc=0.7667 
[2019-08-14 17:11:46,384]: length=80 f1=0.8592 accuarcy=0.8636  precision=0.8909 recall=0.8636 roc=0.8500 
[2019-08-14 17:11:48,756]: length=81 f1=0.8151 accuarcy=0.8182  precision=0.8263 recall=0.8182 roc=0.8083 
[2019-08-14 17:11:50,985]: length=82 f1=0.7127 accuarcy=0.7273  precision=0.7538 recall=0.7273 roc=0.7083 
[2019-08-14 17:11:53,173]: length=83 f1=0.7544 accuarcy=0.7727  precision=0.8396 recall=0.7727 roc=0.7500 
[2019-08-14 17:11:55,358]: length=84 f1=0.8084 accuarcy=0.8182  precision=0.8636 recall=0.8182 roc=0.8000 
[2019-08-14 17:11:57,623]: length=85 f1=0.6798 accuarcy=0.6818  precision=0.6807 recall=0.6818 roc=0.6750 
[2019-08-14 17:11:59,849]: length=86 f1=0.7653 accuarcy=0.7727  precision=0.7896 recall=0.7727 roc=0.7583 
[2019-08-14 17:12:02,109]: length=87 f1=0.8151 accuarcy=0.8182  precision=0.8263 recall=0.8182 roc=0.8083 
[2019-08-14 17:12:04,280]: length=88 f1=0.7653 accuarcy=0.7727  precision=0.7896 recall=0.7727 roc=0.7583 
[2019-08-14 17:12:06,483]: length=89 f1=0.6562 accuarcy=0.6818  precision=0.7166 recall=0.6818 roc=0.6583 
[2019-08-14 17:12:08,675]: length=90 f1=0.6562 accuarcy=0.6818  precision=0.7166 recall=0.6818 roc=0.6583 
[2019-08-14 17:12:10,933]: length=91 f1=0.8182 accuarcy=0.8182  precision=0.8182 recall=0.8182 roc=0.8167 
[2019-08-14 17:12:13,196]: length=92 f1=0.8182 accuarcy=0.8182  precision=0.8182 recall=0.8182 roc=0.8167 
[2019-08-14 17:12:15,440]: length=93 f1=0.7653 accuarcy=0.7727  precision=0.7896 recall=0.7727 roc=0.7583 
[2019-08-14 17:12:17,646]: length=94 f1=0.7713 accuarcy=0.7727  precision=0.7731 recall=0.7727 roc=0.7667 
[2019-08-14 17:12:19,809]: length=95 f1=0.8182 accuarcy=0.8182  precision=0.8182 recall=0.8182 roc=0.8167 
[2019-08-14 17:12:21,979]: length=96 f1=0.8628 accuarcy=0.8636  precision=0.8656 recall=0.8636 roc=0.8583 
[2019-08-14 17:12:24,154]: length=97 f1=0.7127 accuarcy=0.7273  precision=0.7538 recall=0.7273 roc=0.7083 
[2019-08-14 17:12:26,307]: length=98 f1=0.7226 accuarcy=0.7273  precision=0.7305 recall=0.7273 roc=0.7167 
[2019-08-14 17:12:28,475]: length=99 f1=0.8151 accuarcy=0.8182  precision=0.8263 recall=0.8182 roc=0.8083 
[2019-08-14 17:12:30,703]: length=100 f1=0.7127 accuarcy=0.7273  precision=0.7538 recall=0.7273 roc=0.7083 
[2019-08-14 17:12:32,895]: length=101 f1=0.7713 accuarcy=0.7727  precision=0.7731 recall=0.7727 roc=0.7667 
[2019-08-14 17:12:35,040]: length=102 f1=0.8182 accuarcy=0.8182  precision=0.8182 recall=0.8182 roc=0.8167 
[2019-08-14 17:12:37,264]: length=103 f1=0.9075 accuarcy=0.9091  precision=0.9221 recall=0.9091 roc=0.9000 
[2019-08-14 17:12:39,453]: length=104 f1=0.8628 accuarcy=0.8636  precision=0.8656 recall=0.8636 roc=0.8583 
[2019-08-14 17:12:41,648]: length=105 f1=0.9075 accuarcy=0.9091  precision=0.9221 recall=0.9091 roc=0.9000 
[2019-08-14 17:12:43,781]: length=106 f1=0.8628 accuarcy=0.8636  precision=0.8656 recall=0.8636 roc=0.8583 
[2019-08-14 17:12:45,977]: length=107 f1=0.8151 accuarcy=0.8182  precision=0.8263 recall=0.8182 roc=0.8083 
[2019-08-14 17:12:48,190]: length=108 f1=0.8628 accuarcy=0.8636  precision=0.8656 recall=0.8636 roc=0.8583 
[2019-08-14 17:12:50,325]: length=109 f1=0.8151 accuarcy=0.8182  precision=0.8263 recall=0.8182 roc=0.8083 
[2019-08-14 17:12:52,497]: length=110 f1=0.8151 accuarcy=0.8182  precision=0.8263 recall=0.8182 roc=0.8083 
[2019-08-14 17:12:54,705]: length=111 f1=0.8084 accuarcy=0.8182  precision=0.8636 recall=0.8182 roc=0.8000 
[2019-08-14 17:12:56,928]: length=112 f1=0.6169 accuarcy=0.6364  precision=0.6439 recall=0.6364 roc=0.6167 
[2019-08-14 17:12:59,085]: length=113 f1=0.8592 accuarcy=0.8636  precision=0.8909 recall=0.8636 roc=0.8500 
[2019-08-14 17:13:01,287]: length=114 f1=0.7653 accuarcy=0.7727  precision=0.7896 recall=0.7727 roc=0.7583 
[2019-08-14 17:13:03,446]: length=115 f1=0.7226 accuarcy=0.7273  precision=0.7305 recall=0.7273 roc=0.7167 
[2019-08-14 17:13:05,660]: length=116 f1=0.8628 accuarcy=0.8636  precision=0.8656 recall=0.8636 roc=0.8583 
[2019-08-14 17:13:07,966]: length=117 f1=0.8151 accuarcy=0.8182  precision=0.8263 recall=0.8182 roc=0.8083 
[2019-08-14 17:13:10,223]: length=118 f1=0.7713 accuarcy=0.7727  precision=0.7731 recall=0.7727 roc=0.7667 
[2019-08-14 17:13:12,437]: length=119 f1=0.7273 accuarcy=0.7273  precision=0.7273 recall=0.7273 roc=0.7250 
[2019-08-14 17:13:14,632]: length=120 f1=0.7713 accuarcy=0.7727  precision=0.7731 recall=0.7727 roc=0.7667 
[2019-08-14 17:13:16,813]: length=121 f1=0.8628 accuarcy=0.8636  precision=0.8656 recall=0.8636 roc=0.8583 
[2019-08-14 17:13:19,043]: length=122 f1=0.9075 accuarcy=0.9091  precision=0.9221 recall=0.9091 roc=0.9000 
[2019-08-14 17:13:21,290]: length=123 f1=0.7713 accuarcy=0.7727  precision=0.7731 recall=0.7727 roc=0.7667 
[2019-08-14 17:13:23,457]: length=124 f1=0.9075 accuarcy=0.9091  precision=0.9221 recall=0.9091 roc=0.9000 
[2019-08-14 17:13:25,702]: length=125 f1=0.8592 accuarcy=0.8636  precision=0.8909 recall=0.8636 roc=0.8500 
[2019-08-14 17:13:27,984]: length=126 f1=0.8151 accuarcy=0.8182  precision=0.8263 recall=0.8182 roc=0.8083 
[2019-08-14 17:13:30,237]: length=127 f1=0.8084 accuarcy=0.8182  precision=0.8636 recall=0.8182 roc=0.8000 
[2019-08-14 17:13:32,443]: length=128 f1=0.8592 accuarcy=0.8636  precision=0.8909 recall=0.8636 roc=0.8500 
[2019-08-14 17:13:34,705]: length=129 f1=0.9075 accuarcy=0.9091  precision=0.9221 recall=0.9091 roc=0.9000 
[2019-08-14 17:13:36,969]: length=130 f1=0.8151 accuarcy=0.8182  precision=0.8263 recall=0.8182 roc=0.8083 
[2019-08-14 17:13:39,189]: length=131 f1=0.8628 accuarcy=0.8636  precision=0.8656 recall=0.8636 roc=0.8583 
[2019-08-14 17:13:41,401]: length=132 f1=0.7713 accuarcy=0.7727  precision=0.7731 recall=0.7727 roc=0.7667 
[2019-08-14 17:13:43,611]: length=133 f1=0.8592 accuarcy=0.8636  precision=0.8909 recall=0.8636 roc=0.8500 
[2019-08-14 17:13:45,832]: length=134 f1=0.8151 accuarcy=0.8182  precision=0.8263 recall=0.8182 roc=0.8083 
[2019-08-14 17:13:48,093]: length=135 f1=0.7713 accuarcy=0.7727  precision=0.7731 recall=0.7727 roc=0.7667 
[2019-08-14 17:13:50,356]: length=136 f1=0.7653 accuarcy=0.7727  precision=0.7896 recall=0.7727 roc=0.7583 
[2019-08-14 17:13:52,640]: length=137 f1=0.7226 accuarcy=0.7273  precision=0.7305 recall=0.7273 roc=0.7167 
[2019-08-14 17:13:54,873]: length=138 f1=0.8628 accuarcy=0.8636  precision=0.8951 recall=0.8636 roc=0.8750 
[2019-08-14 17:13:57,134]: length=139 f1=0.7226 accuarcy=0.7273  precision=0.7305 recall=0.7273 roc=0.7167 
[2019-08-14 17:13:59,497]: length=140 f1=0.8182 accuarcy=0.8182  precision=0.8182 recall=0.8182 roc=0.8167 
[2019-08-14 17:14:01,867]: length=141 f1=0.8151 accuarcy=0.8182  precision=0.8263 recall=0.8182 roc=0.8083 
[2019-08-14 17:14:04,198]: length=142 f1=0.7713 accuarcy=0.7727  precision=0.7731 recall=0.7727 roc=0.7667 
[2019-08-14 17:14:06,483]: length=143 f1=0.7713 accuarcy=0.7727  precision=0.7731 recall=0.7727 roc=0.7667 
[2019-08-14 17:14:08,743]: length=144 f1=0.8182 accuarcy=0.8182  precision=0.8182 recall=0.8182 roc=0.8167 
[2019-08-14 17:14:11,034]: length=145 f1=0.8628 accuarcy=0.8636  precision=0.8656 recall=0.8636 roc=0.8583 
[2019-08-14 17:14:13,301]: length=146 f1=0.8151 accuarcy=0.8182  precision=0.8263 recall=0.8182 roc=0.8083 
[2019-08-14 17:14:15,600]: length=147 f1=0.8182 accuarcy=0.8182  precision=0.8182 recall=0.8182 roc=0.8167 
[2019-08-14 17:14:17,873]: length=148 f1=0.7713 accuarcy=0.7727  precision=0.7731 recall=0.7727 roc=0.7667 
[2019-08-14 17:14:20,160]: length=149 f1=0.7653 accuarcy=0.7727  precision=0.7896 recall=0.7727 roc=0.7583 
[2019-08-14 17:14:22,455]: length=150 f1=0.6798 accuarcy=0.6818  precision=0.6807 recall=0.6818 roc=0.6750 
[2019-08-14 17:14:22,456]: ----------
[2019-08-14 17:14:22,456]: the max acc = 0.6798
[2019-08-14 17:14:22,457]: ['aromatic.uncharger.gap5' 'aromatic.uncharger.gap0'
 'uncharger.postivecharger.gap0' 'uncharger.aromatic.gap5'
 'uncharger.aromatic.gap1' 'alphaticr.alphaticr.gap5'
 'uncharger.uncharger.gap3' 'aromatic.uncharger.gap4'
 'alphaticr.alphaticr.gap0' 'postivecharger.negativecharger.gap5'
 'aromatic.negativecharger.gap0' 'aromatic.postivecharger.gap5'
 'alphaticr.postivecharger.gap3' 'aromatic.uncharger.gap2'
 'postivecharger.postivecharger.gap4' 'postivecharger.uncharger.gap5'
 'uncharger.postivecharger.gap2' 'postivecharger.uncharger.gap3'
 'alphaticr.aromatic.gap2' 'uncharger.postivecharger.gap1'
 'alphaticr.postivecharger.gap2' 'uncharger.negativecharger.gap1'
 'aromatic.alphaticr.gap4' 'postivecharger.alphaticr.gap3'
 'uncharger.alphaticr.gap5' 'postivecharger.uncharger.gap0'
 'negativecharger.alphaticr.gap4' 'postivecharger.aromatic.gap3'
 'postivecharger.postivecharger.gap1' 'negativecharger.uncharger.gap2'
 'alphaticr.alphaticr.gap4' 'postivecharger.alphaticr.gap0'
 'uncharger.alphaticr.gap0' 'uncharger.aromatic.gap0'
 'negativecharger.alphaticr.gap3' 'uncharger.uncharger.gap2'
 'alphaticr.alphaticr.gap1' 'uncharger.alphaticr.gap2'
 'alphaticr.negativecharger.gap3' 'uncharger.alphaticr.gap1'
 'postivecharger.uncharger.gap2' 'negativecharger.alphaticr.gap0'
 'postivecharger.uncharger.gap4' 'aromatic.negativecharger.gap5'
 'uncharger.postivecharger.gap4' 'uncharger.postivecharger.gap5'
 'negativecharger.aromatic.gap2' 'aromatic.uncharger.gap1'
 'uncharger.negativecharger.gap5' 'uncharger.aromatic.gap4'
 'postivecharger.alphaticr.gap1' 'postivecharger.aromatic.gap5'
 'alphaticr.negativecharger.gap5' 'negativecharger.negativecharger.gap2'
 'negativecharger.postivecharger.gap2' 'aromatic.postivecharger.gap4'
 'aromatic.alphaticr.gap5' 'postivecharger.negativecharger.gap0'
 'uncharger.aromatic.gap3' 'postivecharger.postivecharger.gap5'
 'negativecharger.aromatic.gap3' 'negativecharger.alphaticr.gap5'
 'negativecharger.postivecharger.gap4' 'negativecharger.uncharger.gap1'
 'postivecharger.negativecharger.gap1'],length = 65
[2019-08-14 17:14:22,457]: -----------
[2019-08-14 17:14:22,457]: ***confusion matrix***
[2019-08-14 17:14:22,457]:                pos_class      neg_class      
[2019-08-14 17:14:22,457]: pos_class      TP:9              FN:3              
[2019-08-14 17:14:22,457]: neg_class      FP:4              TN:6              
[2019-08-14 17:14:22,458]: f1 =0.9075369075369075 
[2019-08-14 17:14:22,458]: accuarcy = 0.9090909090909091 
[2019-08-14 17:14:22,459]: precision =0.922077922077922 
[2019-08-14 17:14:22,459]: recall =0.9090909090909091
[2019-08-14 17:14:22,460]: roc area = 0.9
[2019-08-14 17:14:22,474]: -----------
[2019-08-14 17:14:22,475]: The output by the terminal's log has been saved in the J:\多设备共享\work\MRMD2.0-github\Logs\201908141708.log.
[2019-08-14 17:14:22,475]: metrics have been saved in the J:\多设备共享\work\MRMD2.0-github\Results\rd.csv.
[2019-08-14 17:14:22,475]: reduced dimensional dataset has been saved in the J:\多设备共享\work\MRMD2.0-github\Results\m.csv.
[2019-08-14 17:14:22,475]: ---mrmd 2.0 end---
