[2019-08-05 12:12:29,485]: ---mrmd 2.0 start----
[2019-08-05 12:12:29,555]: ANOVA start...
[2019-08-05 12:12:29,585]: ANOVA end.
[2019-08-05 12:12:29,585]: mic start...
[2019-08-05 12:12:39,310]: mic end.
[2019-08-05 12:12:39,310]: mrmd start...
[2019-08-05 12:12:39,590]: mrmd end.
[2019-08-05 12:12:39,590]: mRMR start...
[2019-08-05 12:12:55,336]: mRMR end.
[2019-08-05 12:12:55,336]: lasso start...
[2019-08-05 12:12:55,376]: lasso end.
[2019-08-05 12:12:56,654]: rank start ...
[2019-08-05 12:12:56,674]: The final  rank is
[2019-08-05 12:12:56,674]: Janin_P : 0.0078
[2019-08-05 12:12:56,674]: Janin_D : 0.0074
[2019-08-05 12:12:56,674]: Hopp_Woods_R : 0.0071
[2019-08-05 12:12:56,674]: Rose_I : 0.0069
[2019-08-05 12:12:56,674]: hydrophily : 0.0069
[2019-08-05 12:12:56,674]: Engelman_GES_D : 0.0069
[2019-08-05 12:12:56,674]: Cornette_C : 0.0069
[2019-08-05 12:12:56,674]: Cornette_T : 0.0068
[2019-08-05 12:12:56,674]: Kyte_Doolittle_I : 0.0068
[2019-08-05 12:12:56,674]: Engelman_GES_S : 0.0067
[2019-08-05 12:12:56,674]: Rose_P : 0.0067
[2019-08-05 12:12:56,674]: Cornette_V : 0.0067
[2019-08-05 12:12:56,674]: Kyte_Doolittle_A : 0.0067
[2019-08-05 12:12:56,674]: basic_polar : 0.0066
[2019-08-05 12:12:56,674]: Cornette_P : 0.0066
[2019-08-05 12:12:56,674]: Rose_R : 0.0065
[2019-08-05 12:12:56,674]: Rose_S : 0.0065
[2019-08-05 12:12:56,674]: Cornette_F : 0.0065
[2019-08-05 12:12:56,674]: Hopp_Woods_A : 0.0065
[2019-08-05 12:12:56,674]: Hopp_Woods_I : 0.0064
[2019-08-05 12:12:56,674]: Engelman_GES_Q : 0.0064
[2019-08-05 12:12:56,674]: Hopp_Woods_D : 0.0064
[2019-08-05 12:12:56,674]: polar : 0.0063
[2019-08-05 12:12:56,674]: Engelman_GES_R : 0.0063
[2019-08-05 12:12:56,674]: Eisenberg_R : 0.0063
[2019-08-05 12:12:56,674]: Engelman_GES_N : 0.0062
[2019-08-05 12:12:56,674]: Cornette_W : 0.0062
[2019-08-05 12:12:56,674]: Rose_L : 0.0062
[2019-08-05 12:12:56,674]: Cornette_K : 0.0062
[2019-08-05 12:12:56,674]: Rose_H : 0.0062
[2019-08-05 12:12:56,674]: Engelman_GES_W : 0.0062
[2019-08-05 12:12:56,674]: Eisenberg_N : 0.0062
[2019-08-05 12:12:56,674]: Rose_T : 0.0061
[2019-08-05 12:12:56,674]: C : 0.0061
[2019-08-05 12:12:56,684]: Engelman_GES_L : 0.0061
[2019-08-05 12:12:56,684]: Cornette_Y : 0.0060
[2019-08-05 12:12:56,684]: Kyte_Doolittle_W : 0.0060
[2019-08-05 12:12:56,684]: Janin_V : 0.0060
[2019-08-05 12:12:56,684]: alphatic : 0.0059
[2019-08-05 12:12:56,684]: nonpolar : 0.0059
[2019-08-05 12:12:56,684]: Kyte_Doolittle_C : 0.0059
[2019-08-05 12:12:56,684]: Hopp_Woods_T : 0.0059
[2019-08-05 12:12:56,684]: moderate : 0.0059
[2019-08-05 12:12:56,684]: Janin_F : 0.0059
[2019-08-05 12:12:56,684]: Janin_L : 0.0059
[2019-08-05 12:12:56,684]: Engelman_GES_Y : 0.0059
[2019-08-05 12:12:56,684]: Hopp_Woods_Q : 0.0059
[2019-08-05 12:12:56,684]: Engelman_GES_G : 0.0059
[2019-08-05 12:12:56,684]: Eisenberg_S : 0.0059
[2019-08-05 12:12:56,684]: Janin_H : 0.0059
[2019-08-05 12:12:56,684]: Kyte_Doolittle_Y : 0.0058
[2019-08-05 12:12:56,684]: Eisenberg_W : 0.0058
[2019-08-05 12:12:56,684]: postivecharge : 0.0058
[2019-08-05 12:12:56,684]: Hopp_Woods_C : 0.0058
[2019-08-05 12:12:56,684]: Janin_W : 0.0058
[2019-08-05 12:12:56,684]: W : 0.0058
[2019-08-05 12:12:56,684]: D : 0.0058
[2019-08-05 12:12:56,684]: Hopp_Woods_L : 0.0057
[2019-08-05 12:12:56,684]: aliphatic : 0.0057
[2019-08-05 12:12:56,684]: K : 0.0057
[2019-08-05 12:12:56,684]: Cornette_A : 0.0057
[2019-08-05 12:12:56,684]: Q : 0.0057
[2019-08-05 12:12:56,684]: Cornette_H : 0.0057
[2019-08-05 12:12:56,684]: Rose_D : 0.0057
[2019-08-05 12:12:56,684]: Rose_W : 0.0057
[2019-08-05 12:12:56,684]: Janin_Q : 0.0057
[2019-08-05 12:12:56,684]: Hopp_Woods_N : 0.0057
[2019-08-05 12:12:56,684]: Hopp_Woods_F : 0.0057
[2019-08-05 12:12:56,684]: Cornette_S : 0.0057
[2019-08-05 12:12:56,684]: Cornette_E : 0.0057
[2019-08-05 12:12:56,684]: Hopp_Woods_E : 0.0057
[2019-08-05 12:12:56,684]: Hopp_Woods_H : 0.0057
[2019-08-05 12:12:56,684]: positve : 0.0057
[2019-08-05 12:12:56,684]: Kyte_Doolittle_D : 0.0056
[2019-08-05 12:12:56,684]: Engelman_GES_P : 0.0056
[2019-08-05 12:12:56,684]: Kyte_Doolittle_K : 0.0056
[2019-08-05 12:12:56,684]: Cornette_Q : 0.0056
[2019-08-05 12:12:56,684]: Kyte_Doolittle_F : 0.0056
[2019-08-05 12:12:56,684]: Engelman_GES_A : 0.0056
[2019-08-05 12:12:56,684]: Kyte_Doolittle_H : 0.0056
[2019-08-05 12:12:56,684]: Engelman_GES_I : 0.0056
[2019-08-05 12:12:56,684]: Rose_M : 0.0056
[2019-08-05 12:12:56,684]: Kyte_Doolittle_L : 0.0056
[2019-08-05 12:12:56,684]: Engelman_GES_M : 0.0056
[2019-08-05 12:12:56,684]: Eisenberg_L : 0.0056
[2019-08-05 12:12:56,684]: Kyte_Doolittle_Q : 0.0056
[2019-08-05 12:12:56,684]: H : 0.0056
[2019-08-05 12:12:56,684]: Kyte_Doolittle_N : 0.0056
[2019-08-05 12:12:56,684]: Kyte_Doolittle_S : 0.0056
[2019-08-05 12:12:56,684]: Engelman_GES_F : 0.0056
[2019-08-05 12:12:56,684]: P : 0.0056
[2019-08-05 12:12:56,684]: Hopp_Woods_S : 0.0056
[2019-08-05 12:12:56,684]: Eisenberg_I : 0.0056
[2019-08-05 12:12:56,684]: G : 0.0056
[2019-08-05 12:12:56,684]: Hopp_Woods_V : 0.0056
[2019-08-05 12:12:56,684]: Janin_K : 0.0056
[2019-08-05 12:12:56,684]: Engelman_GES_E : 0.0056
[2019-08-05 12:12:56,684]: R : 0.0055
[2019-08-05 12:12:56,684]: S : 0.0055
[2019-08-05 12:12:56,684]: Janin_I : 0.0055
[2019-08-05 12:12:56,684]: Rose_A : 0.0055
[2019-08-05 12:12:56,684]: aromatic : 0.0055
[2019-08-05 12:12:56,684]: I : 0.0055
[2019-08-05 12:12:56,684]: Hopp_Woods_Y : 0.0055
[2019-08-05 12:12:56,684]: Janin_R : 0.0055
[2019-08-05 12:12:56,684]: Cornette_D : 0.0055
[2019-08-05 12:12:56,684]: T : 0.0055
[2019-08-05 12:12:56,684]: Hopp_Woods_K : 0.0055
[2019-08-05 12:12:56,684]: Kyte_Doolittle_V : 0.0055
[2019-08-05 12:12:56,684]: Janin_M : 0.0055
[2019-08-05 12:12:56,684]: Rose_F : 0.0055
[2019-08-05 12:12:56,684]: Kyte_Doolittle_G : 0.0055
[2019-08-05 12:12:56,684]: Kyte_Doolittle_E : 0.0055
[2019-08-05 12:12:56,684]: uncharge : 0.0055
[2019-08-05 12:12:56,684]: Rose_V : 0.0055
[2019-08-05 12:12:56,684]: Engelman_GES_V : 0.0055
[2019-08-05 12:12:56,684]: Rose_N : 0.0055
[2019-08-05 12:12:56,684]: Eisenberg_K : 0.0055
[2019-08-05 12:12:56,684]: Eisenberg_V : 0.0055
[2019-08-05 12:12:56,684]: Cornette_L : 0.0055
[2019-08-05 12:12:56,694]: E : 0.0055
[2019-08-05 12:12:56,694]: A : 0.0055
[2019-08-05 12:12:56,694]: V : 0.0055
[2019-08-05 12:12:56,694]: Kyte_Doolittle_M : 0.0055
[2019-08-05 12:12:56,694]: Cornette_M : 0.0054
[2019-08-05 12:12:56,694]: Eisenberg_H : 0.0054
[2019-08-05 12:12:56,694]: Janin_N : 0.0054
[2019-08-05 12:12:56,694]: Hopp_Woods_W : 0.0054
[2019-08-05 12:12:56,694]: Rose_Q : 0.0054
[2019-08-05 12:12:56,694]: Cornette_I : 0.0054
[2019-08-05 12:12:56,694]: F : 0.0054
[2019-08-05 12:12:56,694]: Eisenberg_P : 0.0054
[2019-08-05 12:12:56,694]: Janin_Y : 0.0054
[2019-08-05 12:12:56,694]: N : 0.0054
[2019-08-05 12:12:56,694]: Eisenberg_G : 0.0054
[2019-08-05 12:12:56,694]: Janin_A : 0.0054
[2019-08-05 12:12:56,694]: Rose_C : 0.0054
[2019-08-05 12:12:56,694]: negativecharge : 0.0054
[2019-08-05 12:12:56,694]: Janin_E : 0.0054
[2019-08-05 12:12:56,694]: Kyte_Doolittle_R : 0.0054
[2019-08-05 12:12:56,694]: L : 0.0054
[2019-08-05 12:12:56,694]: Eisenberg_A : 0.0054
[2019-08-05 12:12:56,694]: Rose_K : 0.0053
[2019-08-05 12:12:56,694]: hydrophobicity : 0.0053
[2019-08-05 12:12:56,694]: Engelman_GES_T : 0.0053
[2019-08-05 12:12:56,694]: Kyte_Doolittle_T : 0.0053
[2019-08-05 12:12:56,694]: Kyte_Doolittle_P : 0.0053
[2019-08-05 12:12:56,694]: Janin_T : 0.0053
[2019-08-05 12:12:56,694]: neutral : 0.0052
[2019-08-05 12:12:56,694]: Eisenberg_M : 0.0052
[2019-08-05 12:12:56,694]: Y : 0.0052
[2019-08-05 12:12:56,694]: Hopp_Woods_M : 0.0052
[2019-08-05 12:12:56,694]: Janin_C : 0.0051
[2019-08-05 12:12:56,694]: Eisenberg_C : 0.0051
[2019-08-05 12:12:56,694]: Engelman_GES_H : 0.0051
[2019-08-05 12:12:56,694]: Engelman_GES_C : 0.0051
[2019-08-05 12:12:56,694]: Eisenberg_Y : 0.0050
[2019-08-05 12:12:56,694]: Janin_S : 0.0049
[2019-08-05 12:12:56,694]: Rose_E : 0.0049
[2019-08-05 12:12:56,694]: acidic_polar : 0.0049
[2019-08-05 12:12:56,694]: Eisenberg_F : 0.0048
[2019-08-05 12:12:56,694]: Cornette_R : 0.0048
[2019-08-05 12:12:56,694]: Eisenberg_E : 0.0048
[2019-08-05 12:12:56,694]: Eisenberg_D : 0.0048
[2019-08-05 12:12:56,694]: Janin_G : 0.0047
[2019-08-05 12:12:56,694]: Engelman_GES_K : 0.0047
[2019-08-05 12:12:56,694]: Rose_G : 0.0047
[2019-08-05 12:12:56,694]: negative : 0.0047
[2019-08-05 12:12:56,694]: Rose_Y : 0.0046
[2019-08-05 12:12:56,694]: M : 0.0045
[2019-08-05 12:12:56,694]: aromatic.1 : 0.0045
[2019-08-05 12:12:56,694]: Eisenberg_Q : 0.0044
[2019-08-05 12:12:56,694]: Eisenberg_T : 0.0043
[2019-08-05 12:12:56,694]: heterocyclics : 0.0043
[2019-08-05 12:12:56,694]: Cornette_N : 0.0041
[2019-08-05 12:12:56,694]: Cornette_G : 0.0030
[2019-08-05 12:12:56,694]: Hopp_Woods_G : 0.0030
[2019-08-05 12:12:56,694]: Hopp_Woods_P : 0.0026
[2019-08-05 12:12:56,694]: feature_rank end
[2019-08-05 12:12:56,724]: Start dimension reduction ...
[2019-08-05 12:13:09,712]: length=1 accuarcy=0.7576 f1=0.7382 precision=0.8329 recall=0.7609 roc=0.7317 
[2019-08-05 12:13:23,552]: length=2 accuarcy=0.8040 f1=0.8047 precision=0.8059 recall=0.8043 roc=0.8044 
[2019-08-05 12:13:37,256]: length=3 accuarcy=0.7929 f1=0.7932 precision=0.7931 recall=0.7935 roc=0.7898 
[2019-08-05 12:13:50,967]: length=4 accuarcy=0.8707 f1=0.8687 precision=0.8712 recall=0.8696 roc=0.8632 
[2019-08-05 12:14:05,772]: length=5 accuarcy=0.8485 f1=0.8468 precision=0.8491 recall=0.8478 roc=0.8412 
[2019-08-05 12:14:18,379]: length=6 accuarcy=0.8485 f1=0.8474 precision=0.8478 recall=0.8478 roc=0.8436 
[2019-08-05 12:14:30,031]: length=7 accuarcy=0.8929 f1=0.8906 precision=0.8933 recall=0.8913 roc=0.8852 
[2019-08-05 12:14:42,228]: length=8 accuarcy=0.8596 f1=0.8585 precision=0.8585 recall=0.8587 roc=0.8558 
[2019-08-05 12:14:54,244]: length=9 accuarcy=0.8596 f1=0.8585 precision=0.8585 recall=0.8587 roc=0.8558 
[2019-08-05 12:15:08,859]: length=10 accuarcy=0.8596 f1=0.8580 precision=0.8592 recall=0.8587 roc=0.8534 
[2019-08-05 12:15:21,423]: length=11 accuarcy=0.8374 f1=0.8367 precision=0.8367 recall=0.8370 roc=0.8338 
[2019-08-05 12:15:33,649]: length=12 accuarcy=0.8687 f1=0.8692 precision=0.8696 recall=0.8696 roc=0.8656 
[2019-08-05 12:15:45,862]: length=13 accuarcy=0.8465 f1=0.8468 precision=0.8491 recall=0.8478 roc=0.8412 
[2019-08-05 12:15:57,511]: length=14 accuarcy=0.8354 f1=0.8362 precision=0.8372 recall=0.8370 roc=0.8314 
[2019-08-05 12:16:09,509]: length=15 accuarcy=0.8687 f1=0.8687 precision=0.8712 recall=0.8696 roc=0.8632 
[2019-08-05 12:16:21,216]: length=16 accuarcy=0.8485 f1=0.8468 precision=0.8491 recall=0.8478 roc=0.8412 
[2019-08-05 12:16:36,070]: length=17 accuarcy=0.8707 f1=0.8692 precision=0.8696 recall=0.8696 roc=0.8656 
[2019-08-05 12:16:48,610]: length=18 accuarcy=0.8485 f1=0.8474 precision=0.8478 recall=0.8478 roc=0.8436 
[2019-08-05 12:17:01,426]: length=19 accuarcy=0.8687 f1=0.8687 precision=0.8712 recall=0.8696 roc=0.8632 
[2019-08-05 12:17:14,160]: length=20 accuarcy=0.8576 f1=0.8580 precision=0.8592 recall=0.8587 roc=0.8534 
[2019-08-05 12:17:27,221]: length=21 accuarcy=0.8596 f1=0.8580 precision=0.8592 recall=0.8587 roc=0.8534 
[2019-08-05 12:17:38,628]: length=22 accuarcy=0.8465 f1=0.8468 precision=0.8491 recall=0.8478 roc=0.8412 
[2019-08-05 12:17:51,288]: length=23 accuarcy=0.8596 f1=0.8585 precision=0.8585 recall=0.8587 roc=0.8558 
