[2019-08-17 17:29:43,449]: ---mrmd 2.0 start----
[2019-08-17 17:29:43,509]: ANOVA start...
[2019-08-17 17:29:43,521]: ANOVA end.
[2019-08-17 17:29:43,521]: mic start...
[2019-08-17 17:29:48,347]: mic end.
[2019-08-17 17:29:48,348]: mrmd start...
[2019-08-17 17:29:48,622]: mrmd end.
[2019-08-17 17:29:48,622]: mRMR start...
[2019-08-17 17:29:48,738]: mRMR end.
[2019-08-17 17:29:48,738]: lasso start...
[2019-08-17 17:29:49,508]: lasso end.
[2019-08-17 17:29:49,508]: lasso2 start...
[2019-08-17 17:29:50,284]: lasso2 end.
[2019-08-17 17:29:50,288]: rank start ...
[2019-08-17 17:29:50,301]: The final  rank is
[2019-08-17 17:29:50,302]: Cornette_P : 0.0073
[2019-08-17 17:29:50,302]: Janin_D : 0.0072
[2019-08-17 17:29:50,302]: Cornette_T : 0.0070
[2019-08-17 17:29:50,302]: Cornette_C : 0.0070
[2019-08-17 17:29:50,302]: Rose_I : 0.0069
[2019-08-17 17:29:50,302]: Rose_S : 0.0069
[2019-08-17 17:29:50,302]: Cornette_V : 0.0069
[2019-08-17 17:29:50,302]: hydrophily : 0.0068
[2019-08-17 17:29:50,302]: Hopp_Woods_R : 0.0068
[2019-08-17 17:29:50,303]: Engelman_GES_D : 0.0068
[2019-08-17 17:29:50,303]: polar : 0.0068
[2019-08-17 17:29:50,303]: Cornette_F : 0.0067
[2019-08-17 17:29:50,303]: Eisenberg_R : 0.0067
[2019-08-17 17:29:50,303]: Kyte_Doolittle_I : 0.0066
[2019-08-17 17:29:50,303]: basic_polar : 0.0066
[2019-08-17 17:29:50,303]: Kyte_Doolittle_A : 0.0066
[2019-08-17 17:29:50,303]: Hopp_Woods_A : 0.0066
[2019-08-17 17:29:50,303]: Janin_P : 0.0066
[2019-08-17 17:29:50,303]: Engelman_GES_S : 0.0066
[2019-08-17 17:29:50,303]: Hopp_Woods_I : 0.0065
[2019-08-17 17:29:50,303]: Eisenberg_N : 0.0065
[2019-08-17 17:29:50,304]: Cornette_L : 0.0065
[2019-08-17 17:29:50,304]: Hopp_Woods_D : 0.0065
[2019-08-17 17:29:50,304]: Rose_L : 0.0065
[2019-08-17 17:29:50,304]: Engelman_GES_Q : 0.0064
[2019-08-17 17:29:50,304]: Engelman_GES_G : 0.0064
[2019-08-17 17:29:50,304]: Rose_H : 0.0064
[2019-08-17 17:29:50,304]: Rose_T : 0.0064
[2019-08-17 17:29:50,304]: Rose_R : 0.0063
[2019-08-17 17:29:50,304]: Engelman_GES_N : 0.0062
[2019-08-17 17:29:50,304]: Engelman_GES_R : 0.0062
[2019-08-17 17:29:50,304]: Engelman_GES_W : 0.0062
[2019-08-17 17:29:50,304]: Rose_W : 0.0062
[2019-08-17 17:29:50,304]: Cornette_Y : 0.0062
[2019-08-17 17:29:50,305]: Cornette_K : 0.0061
[2019-08-17 17:29:50,305]: Cornette_W : 0.0061
[2019-08-17 17:29:50,305]: Hopp_Woods_T : 0.0060
[2019-08-17 17:29:50,305]: Kyte_Doolittle_C : 0.0060
[2019-08-17 17:29:50,305]: Janin_V : 0.0060
[2019-08-17 17:29:50,305]: Janin_M : 0.0060
[2019-08-17 17:29:50,305]: C : 0.0059
[2019-08-17 17:29:50,305]: aliphatic : 0.0059
[2019-08-17 17:29:50,305]: Kyte_Doolittle_Q : 0.0059
[2019-08-17 17:29:50,305]: Kyte_Doolittle_Y : 0.0059
[2019-08-17 17:29:50,305]: Eisenberg_W : 0.0059
[2019-08-17 17:29:50,305]: P : 0.0059
[2019-08-17 17:29:50,306]: nonpolar : 0.0058
[2019-08-17 17:29:50,306]: moderate : 0.0058
[2019-08-17 17:29:50,306]: postivecharge : 0.0058
[2019-08-17 17:29:50,306]: W : 0.0058
[2019-08-17 17:29:50,306]: G : 0.0058
[2019-08-17 17:29:50,306]: Eisenberg_S : 0.0058
[2019-08-17 17:29:50,306]: Hopp_Woods_E : 0.0058
[2019-08-17 17:29:50,306]: Eisenberg_Y : 0.0058
[2019-08-17 17:29:50,306]: negative : 0.0058
[2019-08-17 17:29:50,306]: Kyte_Doolittle_W : 0.0058
[2019-08-17 17:29:50,306]: D : 0.0057
[2019-08-17 17:29:50,306]: Engelman_GES_E : 0.0057
[2019-08-17 17:29:50,306]: Eisenberg_L : 0.0057
[2019-08-17 17:29:50,307]: Cornette_I : 0.0057
[2019-08-17 17:29:50,307]: Hopp_Woods_N : 0.0057
[2019-08-17 17:29:50,307]: Janin_W : 0.0057
[2019-08-17 17:29:50,307]: Hopp_Woods_L : 0.0057
[2019-08-17 17:29:50,307]: Kyte_Doolittle_K : 0.0057
[2019-08-17 17:29:50,307]: Hopp_Woods_H : 0.0057
[2019-08-17 17:29:50,307]: Kyte_Doolittle_H : 0.0057
[2019-08-17 17:29:50,307]: Hopp_Woods_F : 0.0057
[2019-08-17 17:29:50,307]: Cornette_H : 0.0057
[2019-08-17 17:29:50,307]: Janin_F : 0.0057
[2019-08-17 17:29:50,307]: Rose_M : 0.0057
[2019-08-17 17:29:50,307]: Engelman_GES_V : 0.0056
[2019-08-17 17:29:50,307]: Engelman_GES_L : 0.0056
[2019-08-17 17:29:50,308]: Eisenberg_I : 0.0056
[2019-08-17 17:29:50,308]: Engelman_GES_I : 0.0056
[2019-08-17 17:29:50,308]: Rose_C : 0.0056
[2019-08-17 17:29:50,308]: T : 0.0056
[2019-08-17 17:29:50,308]: Hopp_Woods_V : 0.0056
[2019-08-17 17:29:50,308]: I : 0.0056
[2019-08-17 17:29:50,308]: Cornette_D : 0.0056
[2019-08-17 17:29:50,308]: Kyte_Doolittle_L : 0.0056
[2019-08-17 17:29:50,308]: Kyte_Doolittle_F : 0.0056
[2019-08-17 17:29:50,308]: Engelman_GES_F : 0.0056
[2019-08-17 17:29:50,308]: Cornette_E : 0.0056
[2019-08-17 17:29:50,309]: Hopp_Woods_Q : 0.0056
[2019-08-17 17:29:50,309]: Cornette_A : 0.0056
[2019-08-17 17:29:50,309]: Engelman_GES_M : 0.0056
[2019-08-17 17:29:50,309]: positve : 0.0056
[2019-08-17 17:29:50,309]: Eisenberg_D : 0.0056
[2019-08-17 17:29:50,309]: Hopp_Woods_S : 0.0056
[2019-08-17 17:29:50,309]: A : 0.0056
[2019-08-17 17:29:50,309]: Janin_E : 0.0055
[2019-08-17 17:29:50,309]: Janin_L : 0.0055
[2019-08-17 17:29:50,309]: Kyte_Doolittle_V : 0.0055
[2019-08-17 17:29:50,309]: Rose_F : 0.0055
[2019-08-17 17:29:50,310]: alphatic : 0.0055
[2019-08-17 17:29:50,310]: S : 0.0055
[2019-08-17 17:29:50,310]: aromatic : 0.0055
[2019-08-17 17:29:50,310]: Eisenberg_G : 0.0055
[2019-08-17 17:29:50,310]: Kyte_Doolittle_N : 0.0055
[2019-08-17 17:29:50,310]: Engelman_GES_A : 0.0055
[2019-08-17 17:29:50,310]: Rose_A : 0.0055
[2019-08-17 17:29:50,310]: Eisenberg_P : 0.0055
[2019-08-17 17:29:50,310]: Hopp_Woods_C : 0.0055
[2019-08-17 17:29:50,310]: K : 0.0055
[2019-08-17 17:29:50,310]: Kyte_Doolittle_S : 0.0055
[2019-08-17 17:29:50,310]: Janin_Y : 0.0055
[2019-08-17 17:29:50,311]: Eisenberg_K : 0.0055
[2019-08-17 17:29:50,311]: Rose_D : 0.0055
[2019-08-17 17:29:50,311]: H : 0.0055
[2019-08-17 17:29:50,311]: Kyte_Doolittle_D : 0.0055
[2019-08-17 17:29:50,311]: Rose_P : 0.0055
[2019-08-17 17:29:50,311]: R : 0.0055
[2019-08-17 17:29:50,311]: Eisenberg_F : 0.0055
[2019-08-17 17:29:50,311]: Janin_T : 0.0055
[2019-08-17 17:29:50,311]: Q : 0.0055
[2019-08-17 17:29:50,311]: Rose_E : 0.0055
[2019-08-17 17:29:50,311]: negativecharge : 0.0055
[2019-08-17 17:29:50,312]: Janin_H : 0.0055
[2019-08-17 17:29:50,312]: Kyte_Doolittle_E : 0.0055
[2019-08-17 17:29:50,312]: Engelman_GES_P : 0.0054
[2019-08-17 17:29:50,312]: Cornette_S : 0.0054
[2019-08-17 17:29:50,312]: Hopp_Woods_Y : 0.0054
[2019-08-17 17:29:50,312]: Kyte_Doolittle_G : 0.0054
[2019-08-17 17:29:50,312]: Janin_K : 0.0054
[2019-08-17 17:29:50,312]: Eisenberg_V : 0.0054
[2019-08-17 17:29:50,312]: Janin_R : 0.0054
[2019-08-17 17:29:50,312]: Janin_I : 0.0054
[2019-08-17 17:29:50,312]: Cornette_M : 0.0054
[2019-08-17 17:29:50,312]: L : 0.0054
[2019-08-17 17:29:50,313]: F : 0.0054
[2019-08-17 17:29:50,313]: E : 0.0054
[2019-08-17 17:29:50,313]: V : 0.0054
[2019-08-17 17:29:50,313]: Engelman_GES_C : 0.0054
[2019-08-17 17:29:50,313]: Rose_V : 0.0054
[2019-08-17 17:29:50,313]: Eisenberg_H : 0.0054
[2019-08-17 17:29:50,313]: Engelman_GES_Y : 0.0054
[2019-08-17 17:29:50,313]: Janin_C : 0.0054
[2019-08-17 17:29:50,313]: Rose_N : 0.0054
[2019-08-17 17:29:50,313]: hydrophobicity : 0.0054
[2019-08-17 17:29:50,313]: Hopp_Woods_K : 0.0054
[2019-08-17 17:29:50,313]: Janin_Q : 0.0053
[2019-08-17 17:29:50,313]: Cornette_N : 0.0053
[2019-08-17 17:29:50,314]: Rose_Q : 0.0053
[2019-08-17 17:29:50,314]: Janin_A : 0.0053
[2019-08-17 17:29:50,314]: Hopp_Woods_W : 0.0053
[2019-08-17 17:29:50,314]: Eisenberg_M : 0.0053
[2019-08-17 17:29:50,314]: N : 0.0053
[2019-08-17 17:29:50,314]: Kyte_Doolittle_P : 0.0053
[2019-08-17 17:29:50,314]: Janin_N : 0.0053
[2019-08-17 17:29:50,314]: uncharge : 0.0053
[2019-08-17 17:29:50,314]: Eisenberg_A : 0.0053
[2019-08-17 17:29:50,314]: Kyte_Doolittle_R : 0.0053
[2019-08-17 17:29:50,314]: Hopp_Woods_M : 0.0052
[2019-08-17 17:29:50,314]: Rose_K : 0.0052
[2019-08-17 17:29:50,315]: Cornette_Q : 0.0052
[2019-08-17 17:29:50,315]: Engelman_GES_H : 0.0051
[2019-08-17 17:29:50,315]: neutral : 0.0051
[2019-08-17 17:29:50,315]: Kyte_Doolittle_M : 0.0051
[2019-08-17 17:29:50,315]: Engelman_GES_T : 0.0051
[2019-08-17 17:29:50,315]: Y : 0.0051
[2019-08-17 17:29:50,315]: Eisenberg_C : 0.0051
[2019-08-17 17:29:50,315]: heterocyclics : 0.0050
[2019-08-17 17:29:50,315]: Eisenberg_E : 0.0050
[2019-08-17 17:29:50,315]: Cornette_R : 0.0047
[2019-08-17 17:29:50,315]: Kyte_Doolittle_T : 0.0047
[2019-08-17 17:29:50,316]: Engelman_GES_K : 0.0046
[2019-08-17 17:29:50,316]: acidic_polar : 0.0046
[2019-08-17 17:29:50,316]: Janin_S : 0.0046
[2019-08-17 17:29:50,316]: Janin_G : 0.0044
[2019-08-17 17:29:50,316]: Eisenberg_Q : 0.0044
[2019-08-17 17:29:50,316]: M : 0.0044
[2019-08-17 17:29:50,316]: Rose_Y : 0.0044
[2019-08-17 17:29:50,316]: Rose_G : 0.0043
[2019-08-17 17:29:50,316]: Eisenberg_T : 0.0043
[2019-08-17 17:29:50,316]: aromatic.1 : 0.0043
[2019-08-17 17:29:50,316]: Cornette_G : 0.0030
[2019-08-17 17:29:50,317]: Hopp_Woods_G : 0.0025
[2019-08-17 17:29:50,317]: Hopp_Woods_P : 0.0020
[2019-08-17 17:29:50,317]: feature_rank end
[2019-08-17 17:29:50,336]: Start dimension reduction ...
[2019-08-17 17:29:55,306]: length=1 f1=0.7477 accuarcy=0.7500 precision=0.7500 recall=0.7500 roc=0.7410 
[2019-08-17 17:30:00,256]: length=2 f1=0.7068 accuarcy=0.7065 precision=0.7073 recall=0.7065 roc=0.7042 
[2019-08-17 17:30:04,645]: length=3 f1=0.6522 accuarcy=0.6522 precision=0.6522 recall=0.6522 roc=0.6480 
[2019-08-17 17:30:09,338]: length=4 f1=0.7714 accuarcy=0.7717 precision=0.7713 recall=0.7717 roc=0.7678 
[2019-08-17 17:30:13,424]: length=5 f1=0.7707 accuarcy=0.7717 precision=0.7713 recall=0.7717 roc=0.7654 
[2019-08-17 17:30:17,390]: length=6 f1=0.7925 accuarcy=0.7935 precision=0.7933 recall=0.7935 roc=0.7874 
[2019-08-17 17:30:22,656]: length=7 f1=0.7932 accuarcy=0.7935 precision=0.7931 recall=0.7935 roc=0.7898 
[2019-08-17 17:30:26,517]: length=8 f1=0.8468 accuarcy=0.8478 precision=0.8491 recall=0.8478 roc=0.8412 
[2019-08-17 17:30:31,111]: length=9 f1=0.8696 accuarcy=0.8696 precision=0.8696 recall=0.8696 roc=0.8680 
[2019-08-17 17:30:35,576]: length=10 f1=0.8588 accuarcy=0.8587 precision=0.8592 recall=0.8587 roc=0.8582 
[2019-08-17 17:30:39,703]: length=11 f1=0.8585 accuarcy=0.8587 precision=0.8585 recall=0.8587 roc=0.8558 
[2019-08-17 17:30:43,769]: length=12 f1=0.8803 accuarcy=0.8804 precision=0.8803 recall=0.8804 roc=0.8778 
[2019-08-17 17:30:47,880]: length=13 f1=0.8698 accuarcy=0.8696 precision=0.8709 recall=0.8696 roc=0.8704 
[2019-08-17 17:30:52,125]: length=14 f1=0.8806 accuarcy=0.8804 precision=0.8809 recall=0.8804 roc=0.8802 
[2019-08-17 17:30:56,341]: length=15 f1=0.8692 accuarcy=0.8696 precision=0.8696 recall=0.8696 roc=0.8656 
[2019-08-17 17:31:00,624]: length=16 f1=0.8913 accuarcy=0.8913 precision=0.8913 recall=0.8913 roc=0.8900 
[2019-08-17 17:31:04,582]: length=17 f1=0.8696 accuarcy=0.8696 precision=0.8696 recall=0.8696 roc=0.8680 
[2019-08-17 17:31:08,972]: length=18 f1=0.8574 accuarcy=0.8587 precision=0.8614 recall=0.8587 roc=0.8510 
[2019-08-17 17:31:13,441]: length=19 f1=0.8692 accuarcy=0.8696 precision=0.8696 recall=0.8696 roc=0.8656 
[2019-08-17 17:31:17,327]: length=20 f1=0.8580 accuarcy=0.8587 precision=0.8592 recall=0.8587 roc=0.8534 
[2019-08-17 17:31:21,384]: length=21 f1=0.8580 accuarcy=0.8587 precision=0.8592 recall=0.8587 roc=0.8534 
[2019-08-17 17:31:25,559]: length=22 f1=0.8468 accuarcy=0.8478 precision=0.8491 recall=0.8478 roc=0.8412 
[2019-08-17 17:31:30,315]: length=23 f1=0.8371 accuarcy=0.8370 precision=0.8375 recall=0.8370 roc=0.8362 
[2019-08-17 17:31:35,930]: length=24 f1=0.8580 accuarcy=0.8587 precision=0.8592 recall=0.8587 roc=0.8534 
[2019-08-17 17:31:39,987]: length=25 f1=0.8793 accuarcy=0.8804 precision=0.8837 recall=0.8804 roc=0.8730 
[2019-08-17 17:31:44,270]: length=26 f1=0.8150 accuarcy=0.8152 precision=0.8149 recall=0.8152 roc=0.8118 
[2019-08-17 17:31:48,457]: length=27 f1=0.8474 accuarcy=0.8478 precision=0.8478 recall=0.8478 roc=0.8436 
[2019-08-17 17:31:52,807]: length=28 f1=0.8474 accuarcy=0.8478 precision=0.8478 recall=0.8478 roc=0.8436 
[2019-08-17 17:31:57,409]: length=29 f1=0.8468 accuarcy=0.8478 precision=0.8491 recall=0.8478 roc=0.8412 
[2019-08-17 17:32:01,568]: length=30 f1=0.8362 accuarcy=0.8370 precision=0.8372 recall=0.8370 roc=0.8314 
[2019-08-17 17:32:05,541]: length=31 f1=0.8585 accuarcy=0.8587 precision=0.8585 recall=0.8587 roc=0.8558 
[2019-08-17 17:32:09,915]: length=32 f1=0.8580 accuarcy=0.8587 precision=0.8592 recall=0.8587 roc=0.8534 
[2019-08-17 17:32:14,485]: length=33 f1=0.8478 accuarcy=0.8478 precision=0.8478 recall=0.8478 roc=0.8460 
[2019-08-17 17:32:18,281]: length=34 f1=0.8249 accuarcy=0.8261 precision=0.8269 recall=0.8261 roc=0.8192 
[2019-08-17 17:32:22,197]: length=35 f1=0.8474 accuarcy=0.8478 precision=0.8478 recall=0.8478 roc=0.8436 
[2019-08-17 17:32:26,399]: length=36 f1=0.8799 accuarcy=0.8804 precision=0.8812 recall=0.8804 roc=0.8754 
[2019-08-17 17:32:31,173]: length=37 f1=0.8474 accuarcy=0.8478 precision=0.8478 recall=0.8478 roc=0.8436 
[2019-08-17 17:32:35,382]: length=38 f1=0.8585 accuarcy=0.8587 precision=0.8585 recall=0.8587 roc=0.8558 
[2019-08-17 17:32:39,411]: length=39 f1=0.8580 accuarcy=0.8587 precision=0.8592 recall=0.8587 roc=0.8534 
[2019-08-17 17:32:43,382]: length=40 f1=0.8696 accuarcy=0.8696 precision=0.8696 recall=0.8696 roc=0.8680 
[2019-08-17 17:32:49,098]: length=41 f1=0.9013 accuarcy=0.9022 precision=0.9059 recall=0.9022 roc=0.8950 
[2019-08-17 17:32:53,058]: length=42 f1=0.8687 accuarcy=0.8696 precision=0.8712 recall=0.8696 roc=0.8632 
[2019-08-17 17:32:57,159]: length=43 f1=0.8580 accuarcy=0.8587 precision=0.8592 recall=0.8587 roc=0.8534 
[2019-08-17 17:33:01,829]: length=44 f1=0.8580 accuarcy=0.8587 precision=0.8592 recall=0.8587 roc=0.8534 
[2019-08-17 17:33:07,189]: length=45 f1=0.8799 accuarcy=0.8804 precision=0.8812 recall=0.8804 roc=0.8754 
[2019-08-17 17:33:11,774]: length=46 f1=0.9120 accuarcy=0.9130 precision=0.9192 recall=0.9130 roc=0.9048 
[2019-08-17 17:33:16,059]: length=47 f1=0.8687 accuarcy=0.8696 precision=0.8712 recall=0.8696 roc=0.8632 
[2019-08-17 17:33:20,408]: length=48 f1=0.8692 accuarcy=0.8696 precision=0.8696 recall=0.8696 roc=0.8656 
[2019-08-17 17:33:24,861]: length=49 f1=0.8580 accuarcy=0.8587 precision=0.8592 recall=0.8587 roc=0.8534 
[2019-08-17 17:33:30,157]: length=50 f1=0.8468 accuarcy=0.8478 precision=0.8491 recall=0.8478 roc=0.8412 
[2019-08-17 17:33:34,587]: length=51 f1=0.8900 accuarcy=0.8913 precision=0.8967 recall=0.8913 roc=0.8828 
[2019-08-17 17:33:38,585]: length=52 f1=0.8692 accuarcy=0.8696 precision=0.8696 recall=0.8696 roc=0.8656 
[2019-08-17 17:33:43,208]: length=53 f1=0.8906 accuarcy=0.8913 precision=0.8933 recall=0.8913 roc=0.8852 
[2019-08-17 17:33:47,897]: length=54 f1=0.8580 accuarcy=0.8587 precision=0.8592 recall=0.8587 roc=0.8534 
[2019-08-17 17:33:52,908]: length=55 f1=0.8362 accuarcy=0.8370 precision=0.8372 recall=0.8370 roc=0.8314 
[2019-08-17 17:33:56,916]: length=56 f1=0.8585 accuarcy=0.8587 precision=0.8585 recall=0.8587 roc=0.8558 
[2019-08-17 17:34:01,729]: length=57 f1=0.8474 accuarcy=0.8478 precision=0.8478 recall=0.8478 roc=0.8436 
[2019-08-17 17:34:05,919]: length=58 f1=0.8367 accuarcy=0.8370 precision=0.8367 recall=0.8370 roc=0.8338 
[2019-08-17 17:34:11,015]: length=59 f1=0.8474 accuarcy=0.8478 precision=0.8478 recall=0.8478 roc=0.8436 
[2019-08-17 17:34:15,584]: length=60 f1=0.8256 accuarcy=0.8261 precision=0.8259 recall=0.8261 roc=0.8216 
[2019-08-17 17:34:20,048]: length=61 f1=0.8580 accuarcy=0.8587 precision=0.8592 recall=0.8587 roc=0.8534 
[2019-08-17 17:34:24,308]: length=62 f1=0.8474 accuarcy=0.8478 precision=0.8478 recall=0.8478 roc=0.8436 
[2019-08-17 17:34:28,827]: length=63 f1=0.8256 accuarcy=0.8261 precision=0.8259 recall=0.8261 roc=0.8216 
[2019-08-17 17:34:32,927]: length=64 f1=0.8580 accuarcy=0.8587 precision=0.8592 recall=0.8587 roc=0.8534 
[2019-08-17 17:34:36,851]: length=65 f1=0.8793 accuarcy=0.8804 precision=0.8837 recall=0.8804 roc=0.8730 
[2019-08-17 17:34:40,577]: length=66 f1=0.8474 accuarcy=0.8478 precision=0.8478 recall=0.8478 roc=0.8436 
[2019-08-17 17:34:44,385]: length=67 f1=0.8580 accuarcy=0.8587 precision=0.8592 recall=0.8587 roc=0.8534 
[2019-08-17 17:34:48,717]: length=68 f1=0.8474 accuarcy=0.8478 precision=0.8478 recall=0.8478 roc=0.8436 
[2019-08-17 17:34:52,692]: length=69 f1=0.8474 accuarcy=0.8478 precision=0.8478 recall=0.8478 roc=0.8436 
[2019-08-17 17:34:56,726]: length=70 f1=0.8580 accuarcy=0.8587 precision=0.8592 recall=0.8587 roc=0.8534 
[2019-08-17 17:35:00,632]: length=71 f1=0.8580 accuarcy=0.8587 precision=0.8592 recall=0.8587 roc=0.8534 
[2019-08-17 17:35:05,902]: length=72 f1=0.8367 accuarcy=0.8370 precision=0.8367 recall=0.8370 roc=0.8338 
[2019-08-17 17:35:10,197]: length=73 f1=0.8367 accuarcy=0.8370 precision=0.8367 recall=0.8370 roc=0.8338 
[2019-08-17 17:35:14,250]: length=74 f1=0.8355 accuarcy=0.8370 precision=0.8391 recall=0.8370 roc=0.8290 
[2019-08-17 17:35:18,711]: length=75 f1=0.8468 accuarcy=0.8478 precision=0.8491 recall=0.8478 roc=0.8412 
[2019-08-17 17:35:23,002]: length=76 f1=0.8362 accuarcy=0.8370 precision=0.8372 recall=0.8370 roc=0.8314 
[2019-08-17 17:35:27,546]: length=77 f1=0.8574 accuarcy=0.8587 precision=0.8614 recall=0.8587 roc=0.8510 
[2019-08-17 17:35:31,301]: length=78 f1=0.8687 accuarcy=0.8696 precision=0.8712 recall=0.8696 roc=0.8632 
[2019-08-17 17:35:35,286]: length=79 f1=0.8692 accuarcy=0.8696 precision=0.8696 recall=0.8696 roc=0.8656 
[2019-08-17 17:35:39,555]: length=80 f1=0.8256 accuarcy=0.8261 precision=0.8259 recall=0.8261 roc=0.8216 
[2019-08-17 17:35:44,091]: length=81 f1=0.8474 accuarcy=0.8478 precision=0.8478 recall=0.8478 roc=0.8436 
[2019-08-17 17:35:48,145]: length=82 f1=0.8687 accuarcy=0.8696 precision=0.8712 recall=0.8696 roc=0.8632 
[2019-08-17 17:35:52,351]: length=83 f1=0.8687 accuarcy=0.8696 precision=0.8712 recall=0.8696 roc=0.8632 
[2019-08-17 17:35:56,347]: length=84 f1=0.8468 accuarcy=0.8478 precision=0.8491 recall=0.8478 roc=0.8412 
[2019-08-17 17:36:00,824]: length=85 f1=0.8474 accuarcy=0.8478 precision=0.8478 recall=0.8478 roc=0.8436 
[2019-08-17 17:36:05,364]: length=86 f1=0.8574 accuarcy=0.8587 precision=0.8614 recall=0.8587 roc=0.8510 
[2019-08-17 17:36:09,409]: length=87 f1=0.8793 accuarcy=0.8804 precision=0.8837 recall=0.8804 roc=0.8730 
[2019-08-17 17:36:13,298]: length=88 f1=0.8580 accuarcy=0.8587 precision=0.8592 recall=0.8587 roc=0.8534 
[2019-08-17 17:36:18,072]: length=89 f1=0.8574 accuarcy=0.8587 precision=0.8614 recall=0.8587 roc=0.8510 
[2019-08-17 17:36:22,342]: length=90 f1=0.8362 accuarcy=0.8370 precision=0.8372 recall=0.8370 roc=0.8314 
[2019-08-17 17:36:26,434]: length=91 f1=0.8906 accuarcy=0.8913 precision=0.8933 recall=0.8913 roc=0.8852 
[2019-08-17 17:36:30,428]: length=92 f1=0.8580 accuarcy=0.8587 precision=0.8592 recall=0.8587 roc=0.8534 
[2019-08-17 17:36:34,445]: length=93 f1=0.8249 accuarcy=0.8261 precision=0.8269 recall=0.8261 roc=0.8192 
[2019-08-17 17:36:40,046]: length=94 f1=0.8362 accuarcy=0.8370 precision=0.8372 recall=0.8370 roc=0.8314 
[2019-08-17 17:36:44,168]: length=95 f1=0.8474 accuarcy=0.8478 precision=0.8478 recall=0.8478 roc=0.8436 
[2019-08-17 17:36:48,460]: length=96 f1=0.8474 accuarcy=0.8478 precision=0.8478 recall=0.8478 roc=0.8436 
[2019-08-17 17:36:52,391]: length=97 f1=0.8362 accuarcy=0.8370 precision=0.8372 recall=0.8370 roc=0.8314 
[2019-08-17 17:36:57,189]: length=98 f1=0.8367 accuarcy=0.8370 precision=0.8367 recall=0.8370 roc=0.8338 
[2019-08-17 17:37:01,491]: length=99 f1=0.8580 accuarcy=0.8587 precision=0.8592 recall=0.8587 roc=0.8534 
[2019-08-17 17:37:05,330]: length=100 f1=0.8687 accuarcy=0.8696 precision=0.8712 recall=0.8696 roc=0.8632 
[2019-08-17 17:37:09,202]: length=101 f1=0.8687 accuarcy=0.8696 precision=0.8712 recall=0.8696 roc=0.8632 
[2019-08-17 17:37:13,423]: length=102 f1=0.8468 accuarcy=0.8478 precision=0.8491 recall=0.8478 roc=0.8412 
[2019-08-17 17:37:17,571]: length=103 f1=0.8362 accuarcy=0.8370 precision=0.8372 recall=0.8370 roc=0.8314 
[2019-08-17 17:37:22,665]: length=104 f1=0.8580 accuarcy=0.8587 precision=0.8592 recall=0.8587 roc=0.8534 
[2019-08-17 17:37:27,160]: length=105 f1=0.8474 accuarcy=0.8478 precision=0.8478 recall=0.8478 roc=0.8436 
[2019-08-17 17:37:31,588]: length=106 f1=0.8566 accuarcy=0.8587 precision=0.8651 recall=0.8587 roc=0.8486 
[2019-08-17 17:37:36,062]: length=107 f1=0.8474 accuarcy=0.8478 precision=0.8478 recall=0.8478 roc=0.8436 
[2019-08-17 17:37:40,368]: length=108 f1=0.8256 accuarcy=0.8261 precision=0.8259 recall=0.8261 roc=0.8216 
[2019-08-17 17:37:44,658]: length=109 f1=0.8468 accuarcy=0.8478 precision=0.8491 recall=0.8478 roc=0.8412 
[2019-08-17 17:37:49,642]: length=110 f1=0.8474 accuarcy=0.8478 precision=0.8478 recall=0.8478 roc=0.8436 
[2019-08-17 17:37:53,802]: length=111 f1=0.8474 accuarcy=0.8478 precision=0.8478 recall=0.8478 roc=0.8436 
[2019-08-17 17:37:58,503]: length=112 f1=0.8038 accuarcy=0.8043 precision=0.8040 recall=0.8043 roc=0.7996 
[2019-08-17 17:38:03,028]: length=113 f1=0.8474 accuarcy=0.8478 precision=0.8478 recall=0.8478 roc=0.8436 
[2019-08-17 17:38:07,926]: length=114 f1=0.8574 accuarcy=0.8587 precision=0.8614 recall=0.8587 roc=0.8510 
[2019-08-17 17:38:12,188]: length=115 f1=0.8580 accuarcy=0.8587 precision=0.8592 recall=0.8587 roc=0.8534 
[2019-08-17 17:38:16,938]: length=116 f1=0.8362 accuarcy=0.8370 precision=0.8372 recall=0.8370 roc=0.8314 
[2019-08-17 17:38:21,667]: length=117 f1=0.8580 accuarcy=0.8587 precision=0.8592 recall=0.8587 roc=0.8534 
[2019-08-17 17:38:25,915]: length=118 f1=0.8468 accuarcy=0.8478 precision=0.8491 recall=0.8478 roc=0.8412 
[2019-08-17 17:38:30,419]: length=119 f1=0.8474 accuarcy=0.8478 precision=0.8478 recall=0.8478 roc=0.8436 
[2019-08-17 17:38:34,601]: length=120 f1=0.8574 accuarcy=0.8587 precision=0.8614 recall=0.8587 roc=0.8510 
[2019-08-17 17:38:38,588]: length=121 f1=0.8580 accuarcy=0.8587 precision=0.8592 recall=0.8587 roc=0.8534 
[2019-08-17 17:38:42,539]: length=122 f1=0.8574 accuarcy=0.8587 precision=0.8614 recall=0.8587 roc=0.8510 
[2019-08-17 17:38:46,769]: length=123 f1=0.8580 accuarcy=0.8587 precision=0.8592 recall=0.8587 roc=0.8534 
[2019-08-17 17:38:51,335]: length=124 f1=0.8580 accuarcy=0.8587 precision=0.8592 recall=0.8587 roc=0.8534 
[2019-08-17 17:38:55,249]: length=125 f1=0.8468 accuarcy=0.8478 precision=0.8491 recall=0.8478 roc=0.8412 
[2019-08-17 17:38:59,210]: length=126 f1=0.8362 accuarcy=0.8370 precision=0.8372 recall=0.8370 roc=0.8314 
[2019-08-17 17:39:03,578]: length=127 f1=0.8687 accuarcy=0.8696 precision=0.8712 recall=0.8696 roc=0.8632 
[2019-08-17 17:39:07,996]: length=128 f1=0.8580 accuarcy=0.8587 precision=0.8592 recall=0.8587 roc=0.8534 
[2019-08-17 17:39:12,737]: length=129 f1=0.8580 accuarcy=0.8587 precision=0.8592 recall=0.8587 roc=0.8534 
[2019-08-17 17:39:16,587]: length=130 f1=0.8261 accuarcy=0.8261 precision=0.8261 recall=0.8261 roc=0.8240 
[2019-08-17 17:39:20,442]: length=131 f1=0.8468 accuarcy=0.8478 precision=0.8491 recall=0.8478 roc=0.8412 
[2019-08-17 17:39:24,440]: length=132 f1=0.8687 accuarcy=0.8696 precision=0.8712 recall=0.8696 roc=0.8632 
[2019-08-17 17:39:28,822]: length=133 f1=0.8468 accuarcy=0.8478 precision=0.8491 recall=0.8478 roc=0.8412 
[2019-08-17 17:39:33,556]: length=134 f1=0.8580 accuarcy=0.8587 precision=0.8592 recall=0.8587 roc=0.8534 
[2019-08-17 17:39:37,499]: length=135 f1=0.8355 accuarcy=0.8370 precision=0.8391 recall=0.8370 roc=0.8290 
[2019-08-17 17:39:41,647]: length=136 f1=0.8362 accuarcy=0.8370 precision=0.8372 recall=0.8370 roc=0.8314 
[2019-08-17 17:39:45,986]: length=137 f1=0.8474 accuarcy=0.8478 precision=0.8478 recall=0.8478 roc=0.8436 
[2019-08-17 17:39:49,967]: length=138 f1=0.8574 accuarcy=0.8587 precision=0.8614 recall=0.8587 roc=0.8510 
[2019-08-17 17:39:54,709]: length=139 f1=0.8355 accuarcy=0.8370 precision=0.8391 recall=0.8370 roc=0.8290 
[2019-08-17 17:39:58,539]: length=140 f1=0.8474 accuarcy=0.8478 precision=0.8478 recall=0.8478 roc=0.8436 
[2019-08-17 17:40:03,149]: length=141 f1=0.8580 accuarcy=0.8587 precision=0.8592 recall=0.8587 roc=0.8534 
[2019-08-17 17:40:07,267]: length=142 f1=0.8367 accuarcy=0.8370 precision=0.8367 recall=0.8370 roc=0.8338 
[2019-08-17 17:40:11,070]: length=143 f1=0.8574 accuarcy=0.8587 precision=0.8614 recall=0.8587 roc=0.8510 
[2019-08-17 17:40:15,159]: length=144 f1=0.8468 accuarcy=0.8478 precision=0.8491 recall=0.8478 roc=0.8412 
[2019-08-17 17:40:19,021]: length=145 f1=0.8580 accuarcy=0.8587 precision=0.8592 recall=0.8587 roc=0.8534 
[2019-08-17 17:40:22,788]: length=146 f1=0.8687 accuarcy=0.8696 precision=0.8712 recall=0.8696 roc=0.8632 
[2019-08-17 17:40:26,890]: length=147 f1=0.8468 accuarcy=0.8478 precision=0.8491 recall=0.8478 roc=0.8412 
[2019-08-17 17:40:31,167]: length=148 f1=0.8574 accuarcy=0.8587 precision=0.8614 recall=0.8587 roc=0.8510 
[2019-08-17 17:40:35,436]: length=149 f1=0.8474 accuarcy=0.8478 precision=0.8478 recall=0.8478 roc=0.8436 
[2019-08-17 17:40:40,151]: length=150 f1=0.8468 accuarcy=0.8478 precision=0.8491 recall=0.8478 roc=0.8412 
[2019-08-17 17:40:44,562]: length=151 f1=0.8143 accuarcy=0.8152 precision=0.8152 recall=0.8152 roc=0.8094 
[2019-08-17 17:40:49,684]: length=152 f1=0.8468 accuarcy=0.8478 precision=0.8491 recall=0.8478 roc=0.8412 
[2019-08-17 17:40:54,130]: length=153 f1=0.8687 accuarcy=0.8696 precision=0.8712 recall=0.8696 roc=0.8632 
[2019-08-17 17:40:58,939]: length=154 f1=0.8474 accuarcy=0.8478 precision=0.8478 recall=0.8478 roc=0.8436 
[2019-08-17 17:41:03,424]: length=155 f1=0.8580 accuarcy=0.8587 precision=0.8592 recall=0.8587 roc=0.8534 
[2019-08-17 17:41:07,560]: length=156 f1=0.8580 accuarcy=0.8587 precision=0.8592 recall=0.8587 roc=0.8534 
[2019-08-17 17:41:11,700]: length=157 f1=0.8362 accuarcy=0.8370 precision=0.8372 recall=0.8370 roc=0.8314 
[2019-08-17 17:41:16,027]: length=158 f1=0.8367 accuarcy=0.8370 precision=0.8367 recall=0.8370 roc=0.8338 
[2019-08-17 17:41:20,312]: length=159 f1=0.8362 accuarcy=0.8370 precision=0.8372 recall=0.8370 roc=0.8314 
[2019-08-17 17:41:24,640]: length=160 f1=0.8580 accuarcy=0.8587 precision=0.8592 recall=0.8587 roc=0.8534 
[2019-08-17 17:41:28,573]: length=161 f1=0.8580 accuarcy=0.8587 precision=0.8592 recall=0.8587 roc=0.8534 
[2019-08-17 17:41:33,171]: length=162 f1=0.8574 accuarcy=0.8587 precision=0.8614 recall=0.8587 roc=0.8510 
[2019-08-17 17:41:37,088]: length=163 f1=0.8362 accuarcy=0.8370 precision=0.8372 recall=0.8370 roc=0.8314 
[2019-08-17 17:41:41,507]: length=164 f1=0.8468 accuarcy=0.8478 precision=0.8491 recall=0.8478 roc=0.8412 
[2019-08-17 17:41:45,673]: length=165 f1=0.8362 accuarcy=0.8370 precision=0.8372 recall=0.8370 roc=0.8314 
[2019-08-17 17:41:49,753]: length=166 f1=0.8249 accuarcy=0.8261 precision=0.8269 recall=0.8261 roc=0.8192 
[2019-08-17 17:41:53,869]: length=167 f1=0.8574 accuarcy=0.8587 precision=0.8614 recall=0.8587 roc=0.8510 
[2019-08-17 17:41:57,983]: length=168 f1=0.8580 accuarcy=0.8587 precision=0.8592 recall=0.8587 roc=0.8534 
[2019-08-17 17:42:02,028]: length=169 f1=0.8580 accuarcy=0.8587 precision=0.8592 recall=0.8587 roc=0.8534 
[2019-08-17 17:42:06,000]: length=170 f1=0.8468 accuarcy=0.8478 precision=0.8491 recall=0.8478 roc=0.8412 
[2019-08-17 17:42:10,272]: length=171 f1=0.8362 accuarcy=0.8370 precision=0.8372 recall=0.8370 roc=0.8314 
[2019-08-17 17:42:14,441]: length=172 f1=0.8580 accuarcy=0.8587 precision=0.8592 recall=0.8587 roc=0.8534 
[2019-08-17 17:42:18,937]: length=173 f1=0.8687 accuarcy=0.8696 precision=0.8712 recall=0.8696 roc=0.8632 
[2019-08-17 17:42:23,532]: length=174 f1=0.8474 accuarcy=0.8478 precision=0.8478 recall=0.8478 roc=0.8436 
[2019-08-17 17:42:27,554]: length=175 f1=0.8256 accuarcy=0.8261 precision=0.8259 recall=0.8261 roc=0.8216 
[2019-08-17 17:42:31,552]: length=176 f1=0.8362 accuarcy=0.8370 precision=0.8372 recall=0.8370 roc=0.8314 
[2019-08-17 17:42:36,432]: length=177 f1=0.8474 accuarcy=0.8478 precision=0.8478 recall=0.8478 roc=0.8436 
[2019-08-17 17:42:40,640]: length=178 f1=0.8362 accuarcy=0.8370 precision=0.8372 recall=0.8370 roc=0.8314 
[2019-08-17 17:42:40,641]: ----------
[2019-08-17 17:42:40,641]: the max f1 = 0.9120
[2019-08-17 17:42:40,642]: ['Cornette_P' 'Janin_D' 'Cornette_T' 'Cornette_C' 'Rose_I' 'Rose_S'
 'Cornette_V' 'hydrophily' 'Hopp_Woods_R' 'Engelman_GES_D' 'polar'
 'Cornette_F' 'Eisenberg_R' 'Kyte_Doolittle_I' 'basic_polar'
 'Kyte_Doolittle_A' 'Hopp_Woods_A' 'Janin_P' 'Engelman_GES_S'
 'Hopp_Woods_I' 'Eisenberg_N' 'Cornette_L' 'Hopp_Woods_D' 'Rose_L'
 'Engelman_GES_Q' 'Engelman_GES_G' 'Rose_H' 'Rose_T' 'Rose_R'
 'Engelman_GES_N' 'Engelman_GES_R' 'Engelman_GES_W' 'Rose_W' 'Cornette_Y'
 'Cornette_K' 'Cornette_W' 'Hopp_Woods_T' 'Kyte_Doolittle_C' 'Janin_V'
 'Janin_M' 'C' 'aliphatic' 'Kyte_Doolittle_Q' 'Kyte_Doolittle_Y'
 'Eisenberg_W' 'P'],length = 46
[2019-08-17 17:42:40,642]: -----------
[2019-08-17 17:42:44,546]: ***confusion matrix***
[2019-08-17 17:42:44,547]:                pos_class      neg_class      
[2019-08-17 17:42:44,547]: pos_class      TP:34             FN:7              
[2019-08-17 17:42:44,547]: neg_class      FP:1              TN:50             
[2019-08-17 17:42:44,547]: f1 =0.9120 
[2019-08-17 17:42:44,548]: accuarcy = 0.9130 
[2019-08-17 17:42:44,548]: precision =0.9192 
[2019-08-17 17:42:44,549]: recall =0.9130
[2019-08-17 17:42:44,549]: roc area = 0.9048
[2019-08-17 17:42:44,612]: -----------
[2019-08-17 17:42:44,612]: The output by the terminal's log has been saved in the J:\多设备共享\work\MRMD2.0-github\Logs\201908171729.log.
[2019-08-17 17:42:44,612]: metrics have been saved in the J:\多设备共享\work\MRMD2.0-github\Results\meteixa.csv.
[2019-08-17 17:42:44,612]: reduced dimensional dataset has been saved in the J:\多设备共享\work\MRMD2.0-github\Results\rd.csv.
[2019-08-17 17:42:44,613]: ---mrmd 2.0 end---
