[2019-08-24 10:24:05,193]: ---mrmd 2.0 start----
[2019-08-24 10:24:05,204]: ANOVA start...
[2019-08-24 10:24:05,217]: ANOVA end.
[2019-08-24 10:24:05,217]: mic start...
[2019-08-24 10:24:14,439]: mic end.
[2019-08-24 10:24:14,439]: mrmd start...
[2019-08-24 10:24:14,690]: mrmd end.
[2019-08-24 10:24:14,690]: mRMR start...
[2019-08-24 10:24:25,571]: mRMR end.
[2019-08-24 10:24:25,571]: lasso start...
[2019-08-24 10:24:25,605]: lasso end.
[2019-08-24 10:24:25,605]: chi2 start...
[2019-08-24 10:24:25,630]: chi2 end.
[2019-08-24 10:24:25,630]: ref start...
[2019-08-24 10:24:26,872]: ref end.
[2019-08-24 10:24:26,890]: rank start ...
[2019-08-24 10:24:26,903]: The final  rank is
[2019-08-24 10:24:26,903]: Hopp_Woods_R : 0.0071
[2019-08-24 10:24:26,903]: basic_polar : 0.0070
[2019-08-24 10:24:26,904]: Rose_I : 0.0067
[2019-08-24 10:24:26,904]: Janin_W : 0.0067
[2019-08-24 10:24:26,904]: Janin_P : 0.0067
[2019-08-24 10:24:26,904]: Kyte_Doolittle_I : 0.0066
[2019-08-24 10:24:26,904]: Cornette_C : 0.0066
[2019-08-24 10:24:26,904]: Cornette_T : 0.0066
[2019-08-24 10:24:26,904]: hydrophily : 0.0066
[2019-08-24 10:24:26,905]: Kyte_Doolittle_A : 0.0065
[2019-08-24 10:24:26,905]: Cornette_V : 0.0065
[2019-08-24 10:24:26,905]: Engelman_GES_W : 0.0065
[2019-08-24 10:24:26,905]: Janin_D : 0.0065
[2019-08-24 10:24:26,905]: Engelman_GES_D : 0.0065
[2019-08-24 10:24:26,905]: Eisenberg_R : 0.0064
[2019-08-24 10:24:26,905]: Engelman_GES_S : 0.0064
[2019-08-24 10:24:26,905]: Engelman_GES_E : 0.0064
[2019-08-24 10:24:26,906]: Engelman_GES_N : 0.0064
[2019-08-24 10:24:26,906]: Rose_S : 0.0064
[2019-08-24 10:24:26,906]: Hopp_Woods_A : 0.0063
[2019-08-24 10:24:26,906]: Hopp_Woods_I : 0.0063
[2019-08-24 10:24:26,906]: Hopp_Woods_D : 0.0063
[2019-08-24 10:24:26,906]: Janin_Q : 0.0062
[2019-08-24 10:24:26,906]: Engelman_GES_R : 0.0062
[2019-08-24 10:24:26,907]: Cornette_F : 0.0062
[2019-08-24 10:24:26,907]: Cornette_K : 0.0062
[2019-08-24 10:24:26,907]: Eisenberg_N : 0.0062
[2019-08-24 10:24:26,907]: Rose_H : 0.0062
[2019-08-24 10:24:26,907]: Cornette_P : 0.0062
[2019-08-24 10:24:26,907]: Cornette_D : 0.0061
[2019-08-24 10:24:26,907]: Engelman_GES_L : 0.0061
[2019-08-24 10:24:26,907]: C : 0.0061
[2019-08-24 10:24:26,908]: Rose_L : 0.0061
[2019-08-24 10:24:26,908]: Cornette_E : 0.0061
[2019-08-24 10:24:26,908]: Kyte_Doolittle_P : 0.0061
[2019-08-24 10:24:26,908]: aromatic : 0.0060
[2019-08-24 10:24:26,908]: Engelman_GES_F : 0.0060
[2019-08-24 10:24:26,908]: Janin_H : 0.0060
[2019-08-24 10:24:26,908]: Rose_Q : 0.0060
[2019-08-24 10:24:26,909]: Kyte_Doolittle_W : 0.0060
[2019-08-24 10:24:26,909]: Kyte_Doolittle_K : 0.0059
[2019-08-24 10:24:26,909]: Janin_V : 0.0059
[2019-08-24 10:24:26,909]: Kyte_Doolittle_C : 0.0059
[2019-08-24 10:24:26,909]: Kyte_Doolittle_H : 0.0059
[2019-08-24 10:24:26,909]: K : 0.0059
[2019-08-24 10:24:26,909]: Cornette_H : 0.0059
[2019-08-24 10:24:26,909]: F : 0.0059
[2019-08-24 10:24:26,910]: Eisenberg_Y : 0.0059
[2019-08-24 10:24:26,910]: Janin_Y : 0.0058
[2019-08-24 10:24:26,910]: Kyte_Doolittle_L : 0.0058
[2019-08-24 10:24:26,910]: Hopp_Woods_F : 0.0058
[2019-08-24 10:24:26,910]: alphatic : 0.0058
[2019-08-24 10:24:26,910]: Rose_R : 0.0058
[2019-08-24 10:24:26,910]: Rose_T : 0.0058
[2019-08-24 10:24:26,911]: P : 0.0058
[2019-08-24 10:24:26,911]: nonpolar : 0.0058
[2019-08-24 10:24:26,911]: Rose_W : 0.0058
[2019-08-24 10:24:26,911]: Eisenberg_K : 0.0058
[2019-08-24 10:24:26,911]: Eisenberg_D : 0.0058
[2019-08-24 10:24:26,911]: I : 0.0058
[2019-08-24 10:24:26,911]: Kyte_Doolittle_N : 0.0058
[2019-08-24 10:24:26,912]: Cornette_S : 0.0058
[2019-08-24 10:24:26,912]: Rose_P : 0.0058
[2019-08-24 10:24:26,912]: Engelman_GES_P : 0.0057
[2019-08-24 10:24:26,912]: Rose_V : 0.0057
[2019-08-24 10:24:26,912]: Hopp_Woods_N : 0.0057
[2019-08-24 10:24:26,913]: Janin_A : 0.0057
[2019-08-24 10:24:26,913]: S : 0.0057
[2019-08-24 10:24:26,913]: Eisenberg_V : 0.0057
[2019-08-24 10:24:26,913]: Q : 0.0057
[2019-08-24 10:24:26,913]: Engelman_GES_K : 0.0057
[2019-08-24 10:24:26,913]: Eisenberg_W : 0.0057
[2019-08-24 10:24:26,914]: moderate : 0.0057
[2019-08-24 10:24:26,914]: Rose_M : 0.0057
[2019-08-24 10:24:26,914]: Cornette_W : 0.0057
[2019-08-24 10:24:26,914]: Hopp_Woods_H : 0.0057
[2019-08-24 10:24:26,915]: Engelman_GES_Y : 0.0057
[2019-08-24 10:24:26,915]: Janin_L : 0.0056
[2019-08-24 10:24:26,915]: Eisenberg_M : 0.0056
[2019-08-24 10:24:26,915]: aliphatic : 0.0056
[2019-08-24 10:24:26,915]: Kyte_Doolittle_D : 0.0056
[2019-08-24 10:24:26,915]: Engelman_GES_Q : 0.0056
[2019-08-24 10:24:26,915]: Engelman_GES_T : 0.0056
[2019-08-24 10:24:26,915]: V : 0.0056
[2019-08-24 10:24:26,916]: Eisenberg_Q : 0.0056
[2019-08-24 10:24:26,916]: Eisenberg_S : 0.0056
[2019-08-24 10:24:26,916]: Janin_T : 0.0056
[2019-08-24 10:24:26,916]: Eisenberg_T : 0.0056
[2019-08-24 10:24:26,916]: T : 0.0056
[2019-08-24 10:24:26,917]: negativecharge : 0.0056
[2019-08-24 10:24:26,917]: Hopp_Woods_Q : 0.0056
[2019-08-24 10:24:26,917]: Janin_I : 0.0056
[2019-08-24 10:24:26,917]: Kyte_Doolittle_Y : 0.0056
[2019-08-24 10:24:26,917]: Kyte_Doolittle_F : 0.0056
[2019-08-24 10:24:26,917]: Cornette_A : 0.0056
[2019-08-24 10:24:26,917]: uncharge : 0.0056
[2019-08-24 10:24:26,917]: Y : 0.0056
[2019-08-24 10:24:26,918]: polar : 0.0056
[2019-08-24 10:24:26,918]: Kyte_Doolittle_S : 0.0056
[2019-08-24 10:24:26,918]: Hopp_Woods_M : 0.0056
[2019-08-24 10:24:26,918]: Kyte_Doolittle_R : 0.0056
[2019-08-24 10:24:26,918]: Cornette_Q : 0.0056
[2019-08-24 10:24:26,918]: Hopp_Woods_S : 0.0055
[2019-08-24 10:24:26,918]: Rose_D : 0.0055
[2019-08-24 10:24:26,918]: Kyte_Doolittle_E : 0.0055
[2019-08-24 10:24:26,919]: Kyte_Doolittle_M : 0.0055
[2019-08-24 10:24:26,919]: Kyte_Doolittle_G : 0.0055
[2019-08-24 10:24:26,919]: Kyte_Doolittle_Q : 0.0055
[2019-08-24 10:24:26,919]: Cornette_Y : 0.0055
[2019-08-24 10:24:26,919]: Eisenberg_P : 0.0055
[2019-08-24 10:24:26,919]: positve : 0.0055
[2019-08-24 10:24:26,919]: Rose_A : 0.0055
[2019-08-24 10:24:26,919]: Engelman_GES_H : 0.0055
[2019-08-24 10:24:26,920]: Cornette_M : 0.0055
[2019-08-24 10:24:26,920]: Eisenberg_A : 0.0055
[2019-08-24 10:24:26,920]: postivecharge : 0.0055
[2019-08-24 10:24:26,920]: Hopp_Woods_L : 0.0055
[2019-08-24 10:24:26,920]: Eisenberg_H : 0.0055
[2019-08-24 10:24:26,920]: Engelman_GES_V : 0.0055
[2019-08-24 10:24:26,920]: Cornette_L : 0.0055
[2019-08-24 10:24:26,920]: Hopp_Woods_V : 0.0055
[2019-08-24 10:24:26,920]: Janin_K : 0.0055
[2019-08-24 10:24:26,921]: D : 0.0055
[2019-08-24 10:24:26,921]: Eisenberg_L : 0.0055
[2019-08-24 10:24:26,921]: R : 0.0055
[2019-08-24 10:24:26,921]: Hopp_Woods_Y : 0.0055
[2019-08-24 10:24:26,921]: G : 0.0055
[2019-08-24 10:24:26,921]: Engelman_GES_G : 0.0055
[2019-08-24 10:24:26,921]: E : 0.0054
[2019-08-24 10:24:26,921]: Rose_F : 0.0054
[2019-08-24 10:24:26,922]: N : 0.0054
[2019-08-24 10:24:26,922]: Hopp_Woods_C : 0.0054
[2019-08-24 10:24:26,922]: Janin_F : 0.0054
[2019-08-24 10:24:26,922]: hydrophobicity : 0.0054
[2019-08-24 10:24:26,922]: Hopp_Woods_K : 0.0054
[2019-08-24 10:24:26,922]: M : 0.0054
[2019-08-24 10:24:26,922]: Eisenberg_I : 0.0054
[2019-08-24 10:24:26,922]: Janin_E : 0.0054
[2019-08-24 10:24:26,922]: Hopp_Woods_E : 0.0054
[2019-08-24 10:24:26,922]: Engelman_GES_A : 0.0054
[2019-08-24 10:24:26,922]: H : 0.0054
[2019-08-24 10:24:26,922]: Janin_N : 0.0054
[2019-08-24 10:24:26,922]: Janin_M : 0.0054
[2019-08-24 10:24:26,922]: Engelman_GES_M : 0.0053
[2019-08-24 10:24:26,922]: Rose_C : 0.0053
[2019-08-24 10:24:26,922]: Engelman_GES_C : 0.0053
[2019-08-24 10:24:26,922]: neutral : 0.0053
[2019-08-24 10:24:26,922]: Eisenberg_C : 0.0053
[2019-08-24 10:24:26,922]: Rose_N : 0.0053
[2019-08-24 10:24:26,922]: Eisenberg_G : 0.0053
[2019-08-24 10:24:26,922]: W : 0.0053
[2019-08-24 10:24:26,922]: Rose_K : 0.0052
[2019-08-24 10:24:26,923]: Kyte_Doolittle_T : 0.0051
[2019-08-24 10:24:26,923]: Janin_R : 0.0051
[2019-08-24 10:24:26,923]: aromatic.1 : 0.0051
[2019-08-24 10:24:26,923]: negative : 0.0051
[2019-08-24 10:24:26,923]: Hopp_Woods_T : 0.0050
[2019-08-24 10:24:26,923]: Janin_G : 0.0050
[2019-08-24 10:24:26,923]: Janin_S : 0.0050
[2019-08-24 10:24:26,923]: A : 0.0050
[2019-08-24 10:24:26,923]: Engelman_GES_I : 0.0050
[2019-08-24 10:24:26,923]: Rose_E : 0.0050
[2019-08-24 10:24:26,923]: Hopp_Woods_W : 0.0049
[2019-08-24 10:24:26,924]: Cornette_R : 0.0049
[2019-08-24 10:24:26,924]: Cornette_I : 0.0049
[2019-08-24 10:24:26,924]: Eisenberg_E : 0.0049
[2019-08-24 10:24:26,924]: Eisenberg_F : 0.0049
[2019-08-24 10:24:26,924]: Kyte_Doolittle_V : 0.0048
[2019-08-24 10:24:26,924]: Rose_Y : 0.0047
[2019-08-24 10:24:26,924]: L : 0.0047
[2019-08-24 10:24:26,924]: heterocyclics : 0.0047
[2019-08-24 10:24:26,924]: Janin_C : 0.0047
[2019-08-24 10:24:26,924]: acidic_polar : 0.0043
[2019-08-24 10:24:26,924]: Cornette_N : 0.0043
[2019-08-24 10:24:26,925]: Rose_G : 0.0043
[2019-08-24 10:24:26,925]: Hopp_Woods_P : 0.0031
[2019-08-24 10:24:26,925]: Hopp_Woods_G : 0.0031
[2019-08-24 10:24:26,925]: Cornette_G : 0.0030
[2019-08-24 10:24:26,925]: feature_rank end
[2019-08-24 10:24:26,948]: Start dimension reduction ...
[2019-08-24 10:24:34,484]: length=1 f1=0.6957 accuarcy=0.6957 precision=0.6957 recall=0.6957 roc=0.6920 
[2019-08-24 10:24:42,140]: length=2 f1=0.6856 accuarcy=0.6848 precision=0.6878 recall=0.6848 roc=0.6846 
[2019-08-24 10:24:49,742]: length=3 f1=0.7488 accuarcy=0.7500 precision=0.7493 recall=0.7500 roc=0.7434 
[2019-08-24 10:24:57,456]: length=4 f1=0.7270 accuarcy=0.7283 precision=0.7273 recall=0.7283 roc=0.7214 
[2019-08-24 10:25:05,099]: length=5 f1=0.7801 accuarcy=0.7826 precision=0.7844 recall=0.7826 roc=0.7728 
[2019-08-24 10:25:13,037]: length=6 f1=0.8335 accuarcy=0.8370 precision=0.8474 recall=0.8370 roc=0.8242 
[2019-08-24 10:25:20,954]: length=7 f1=0.8799 accuarcy=0.8804 precision=0.8812 recall=0.8804 roc=0.8754 
[2019-08-24 10:25:29,101]: length=8 f1=0.8906 accuarcy=0.8913 precision=0.8933 recall=0.8913 roc=0.8852 
[2019-08-24 10:25:36,677]: length=9 f1=0.8793 accuarcy=0.8804 precision=0.8837 recall=0.8804 roc=0.8730 
[2019-08-24 10:25:44,578]: length=10 f1=0.8687 accuarcy=0.8696 precision=0.8712 recall=0.8696 roc=0.8632 
[2019-08-24 10:25:52,262]: length=11 f1=0.8687 accuarcy=0.8696 precision=0.8712 recall=0.8696 roc=0.8632 
[2019-08-24 10:26:00,250]: length=12 f1=0.8900 accuarcy=0.8913 precision=0.8967 recall=0.8913 roc=0.8828 
[2019-08-24 10:26:07,742]: length=13 f1=0.9013 accuarcy=0.9022 precision=0.9059 recall=0.9022 roc=0.8950 
[2019-08-24 10:26:15,793]: length=14 f1=0.8680 accuarcy=0.8696 precision=0.8743 recall=0.8696 roc=0.8608 
[2019-08-24 10:26:23,212]: length=15 f1=0.8799 accuarcy=0.8804 precision=0.8812 recall=0.8804 roc=0.8754 
[2019-08-24 10:26:30,922]: length=16 f1=0.8799 accuarcy=0.8804 precision=0.8812 recall=0.8804 roc=0.8754 
[2019-08-24 10:26:39,902]: length=17 f1=0.8580 accuarcy=0.8587 precision=0.8592 recall=0.8587 roc=0.8534 
[2019-08-24 10:26:49,127]: length=18 f1=0.9017 accuarcy=0.9022 precision=0.9032 recall=0.9022 roc=0.8974 
[2019-08-24 10:26:57,878]: length=19 f1=0.8574 accuarcy=0.8587 precision=0.8614 recall=0.8587 roc=0.8510 
[2019-08-24 10:27:06,495]: length=20 f1=0.8799 accuarcy=0.8804 precision=0.8812 recall=0.8804 roc=0.8754 
[2019-08-24 10:27:15,724]: length=21 f1=0.8580 accuarcy=0.8587 precision=0.8592 recall=0.8587 roc=0.8534 
[2019-08-24 10:27:23,814]: length=22 f1=0.8468 accuarcy=0.8478 precision=0.8491 recall=0.8478 roc=0.8412 
[2019-08-24 10:27:32,605]: length=23 f1=0.8580 accuarcy=0.8587 precision=0.8592 recall=0.8587 roc=0.8534 
[2019-08-24 10:27:41,913]: length=24 f1=0.8474 accuarcy=0.8478 precision=0.8478 recall=0.8478 roc=0.8436 
[2019-08-24 10:27:52,679]: length=25 f1=0.8474 accuarcy=0.8478 precision=0.8478 recall=0.8478 roc=0.8436 
[2019-08-24 10:28:01,041]: length=26 f1=0.8696 accuarcy=0.8696 precision=0.8696 recall=0.8696 roc=0.8680 
[2019-08-24 10:28:09,606]: length=27 f1=0.8799 accuarcy=0.8804 precision=0.8812 recall=0.8804 roc=0.8754 
[2019-08-24 10:28:18,724]: length=28 f1=0.8585 accuarcy=0.8587 precision=0.8585 recall=0.8587 roc=0.8558 
[2019-08-24 10:28:27,776]: length=29 f1=0.8910 accuarcy=0.8913 precision=0.8915 recall=0.8913 roc=0.8876 
[2019-08-24 10:28:36,010]: length=30 f1=0.8588 accuarcy=0.8587 precision=0.8592 recall=0.8587 roc=0.8582 
[2019-08-24 10:28:45,723]: length=31 f1=0.8474 accuarcy=0.8478 precision=0.8478 recall=0.8478 roc=0.8436 
[2019-08-24 10:28:54,243]: length=32 f1=0.8585 accuarcy=0.8587 precision=0.8585 recall=0.8587 roc=0.8558 
[2019-08-24 10:29:04,252]: length=33 f1=0.8910 accuarcy=0.8913 precision=0.8915 recall=0.8913 roc=0.8876 
[2019-08-24 10:29:12,512]: length=34 f1=0.8474 accuarcy=0.8478 precision=0.8478 recall=0.8478 roc=0.8436 
[2019-08-24 10:29:21,787]: length=35 f1=0.8468 accuarcy=0.8478 precision=0.8491 recall=0.8478 roc=0.8412 
[2019-08-24 10:29:32,217]: length=36 f1=0.8474 accuarcy=0.8478 precision=0.8478 recall=0.8478 roc=0.8436 
[2019-08-24 10:29:43,054]: length=37 f1=0.8585 accuarcy=0.8587 precision=0.8585 recall=0.8587 roc=0.8558 
[2019-08-24 10:29:52,878]: length=38 f1=0.8474 accuarcy=0.8478 precision=0.8478 recall=0.8478 roc=0.8436 
[2019-08-24 10:30:02,638]: length=39 f1=0.8580 accuarcy=0.8587 precision=0.8592 recall=0.8587 roc=0.8534 
[2019-08-24 10:30:14,369]: length=40 f1=0.8585 accuarcy=0.8587 precision=0.8585 recall=0.8587 roc=0.8558 
[2019-08-24 10:30:25,656]: length=41 f1=0.8574 accuarcy=0.8587 precision=0.8614 recall=0.8587 roc=0.8510 
[2019-08-24 10:30:34,566]: length=42 f1=0.8692 accuarcy=0.8696 precision=0.8696 recall=0.8696 roc=0.8656 
[2019-08-24 10:30:43,222]: length=43 f1=0.8362 accuarcy=0.8370 precision=0.8372 recall=0.8370 roc=0.8314 
[2019-08-24 10:30:53,130]: length=44 f1=0.8574 accuarcy=0.8587 precision=0.8614 recall=0.8587 roc=0.8510 
[2019-08-24 10:31:02,168]: length=45 f1=0.8580 accuarcy=0.8587 precision=0.8592 recall=0.8587 roc=0.8534 
[2019-08-24 10:31:11,118]: length=46 f1=0.8474 accuarcy=0.8478 precision=0.8478 recall=0.8478 roc=0.8436 
[2019-08-24 10:31:19,710]: length=47 f1=0.8468 accuarcy=0.8478 precision=0.8491 recall=0.8478 roc=0.8412 
[2019-08-24 10:31:28,154]: length=48 f1=0.8574 accuarcy=0.8587 precision=0.8614 recall=0.8587 roc=0.8510 
[2019-08-24 10:31:36,020]: length=49 f1=0.8355 accuarcy=0.8370 precision=0.8391 recall=0.8370 roc=0.8290 
[2019-08-24 10:31:44,602]: length=50 f1=0.8580 accuarcy=0.8587 precision=0.8592 recall=0.8587 roc=0.8534 
[2019-08-24 10:31:53,684]: length=51 f1=0.8680 accuarcy=0.8696 precision=0.8743 recall=0.8696 roc=0.8608 
[2019-08-24 10:32:02,739]: length=52 f1=0.8468 accuarcy=0.8478 precision=0.8491 recall=0.8478 roc=0.8412 
[2019-08-24 10:32:11,910]: length=53 f1=0.8468 accuarcy=0.8478 precision=0.8491 recall=0.8478 roc=0.8412 
[2019-08-24 10:32:20,408]: length=54 f1=0.8687 accuarcy=0.8696 precision=0.8712 recall=0.8696 roc=0.8632 
[2019-08-24 10:32:28,928]: length=55 f1=0.8574 accuarcy=0.8587 precision=0.8614 recall=0.8587 roc=0.8510 
[2019-08-24 10:32:37,384]: length=56 f1=0.8468 accuarcy=0.8478 precision=0.8491 recall=0.8478 roc=0.8412 
[2019-08-24 10:32:45,820]: length=57 f1=0.8574 accuarcy=0.8587 precision=0.8614 recall=0.8587 roc=0.8510 
[2019-08-24 10:32:55,132]: length=58 f1=0.8580 accuarcy=0.8587 precision=0.8592 recall=0.8587 roc=0.8534 
[2019-08-24 10:33:03,885]: length=59 f1=0.8580 accuarcy=0.8587 precision=0.8592 recall=0.8587 roc=0.8534 
[2019-08-24 10:33:12,747]: length=60 f1=0.8468 accuarcy=0.8478 precision=0.8491 recall=0.8478 roc=0.8412 
[2019-08-24 10:33:21,297]: length=61 f1=0.8580 accuarcy=0.8587 precision=0.8592 recall=0.8587 roc=0.8534 
[2019-08-24 10:33:30,367]: length=62 f1=0.8468 accuarcy=0.8478 precision=0.8491 recall=0.8478 roc=0.8412 
[2019-08-24 10:33:39,105]: length=63 f1=0.8687 accuarcy=0.8696 precision=0.8712 recall=0.8696 roc=0.8632 
[2019-08-24 10:33:47,752]: length=64 f1=0.8367 accuarcy=0.8370 precision=0.8367 recall=0.8370 roc=0.8338 
[2019-08-24 10:33:56,795]: length=65 f1=0.8468 accuarcy=0.8478 precision=0.8491 recall=0.8478 roc=0.8412 
[2019-08-24 10:34:05,497]: length=66 f1=0.8249 accuarcy=0.8261 precision=0.8269 recall=0.8261 roc=0.8192 
[2019-08-24 10:34:14,979]: length=67 f1=0.8574 accuarcy=0.8587 precision=0.8614 recall=0.8587 roc=0.8510 
[2019-08-24 10:34:23,755]: length=68 f1=0.8687 accuarcy=0.8696 precision=0.8712 recall=0.8696 roc=0.8632 
[2019-08-24 10:34:32,837]: length=69 f1=0.8687 accuarcy=0.8696 precision=0.8712 recall=0.8696 roc=0.8632 
[2019-08-24 10:34:41,824]: length=70 f1=0.8468 accuarcy=0.8478 precision=0.8491 recall=0.8478 roc=0.8412 
[2019-08-24 10:34:50,851]: length=71 f1=0.8580 accuarcy=0.8587 precision=0.8592 recall=0.8587 roc=0.8534 
[2019-08-24 10:34:59,908]: length=72 f1=0.8474 accuarcy=0.8478 precision=0.8478 recall=0.8478 roc=0.8436 
[2019-08-24 10:35:08,918]: length=73 f1=0.8468 accuarcy=0.8478 precision=0.8491 recall=0.8478 roc=0.8412 
[2019-08-24 10:35:17,751]: length=74 f1=0.8460 accuarcy=0.8478 precision=0.8518 recall=0.8478 roc=0.8388 
[2019-08-24 10:35:27,170]: length=75 f1=0.8460 accuarcy=0.8478 precision=0.8518 recall=0.8478 roc=0.8388 
[2019-08-24 10:35:38,477]: length=76 f1=0.8580 accuarcy=0.8587 precision=0.8592 recall=0.8587 roc=0.8534 
[2019-08-24 10:35:48,400]: length=77 f1=0.8474 accuarcy=0.8478 precision=0.8478 recall=0.8478 roc=0.8436 
[2019-08-24 10:35:56,832]: length=78 f1=0.8474 accuarcy=0.8478 precision=0.8478 recall=0.8478 roc=0.8436 
[2019-08-24 10:36:07,082]: length=79 f1=0.8362 accuarcy=0.8370 precision=0.8372 recall=0.8370 roc=0.8314 
[2019-08-24 10:36:20,501]: length=80 f1=0.8580 accuarcy=0.8587 precision=0.8592 recall=0.8587 roc=0.8534 
[2019-08-24 10:36:31,228]: length=81 f1=0.8256 accuarcy=0.8261 precision=0.8259 recall=0.8261 roc=0.8216 
[2019-08-24 10:36:42,211]: length=82 f1=0.8580 accuarcy=0.8587 precision=0.8592 recall=0.8587 roc=0.8534 
[2019-08-24 10:36:52,428]: length=83 f1=0.8460 accuarcy=0.8478 precision=0.8518 recall=0.8478 roc=0.8388 
[2019-08-24 10:37:02,575]: length=84 f1=0.8362 accuarcy=0.8370 precision=0.8372 recall=0.8370 roc=0.8314 
[2019-08-24 10:37:12,631]: length=85 f1=0.8580 accuarcy=0.8587 precision=0.8592 recall=0.8587 roc=0.8534 
[2019-08-24 10:37:24,473]: length=86 f1=0.8256 accuarcy=0.8261 precision=0.8259 recall=0.8261 roc=0.8216 
[2019-08-24 10:37:34,007]: length=87 f1=0.8474 accuarcy=0.8478 precision=0.8478 recall=0.8478 roc=0.8436 
[2019-08-24 10:37:43,806]: length=88 f1=0.8468 accuarcy=0.8478 precision=0.8491 recall=0.8478 roc=0.8412 
[2019-08-24 10:37:55,189]: length=89 f1=0.8474 accuarcy=0.8478 precision=0.8478 recall=0.8478 roc=0.8436 
[2019-08-24 10:38:04,350]: length=90 f1=0.8474 accuarcy=0.8478 precision=0.8478 recall=0.8478 roc=0.8436 
[2019-08-24 10:38:14,293]: length=91 f1=0.8256 accuarcy=0.8261 precision=0.8259 recall=0.8261 roc=0.8216 
[2019-08-24 10:38:24,906]: length=92 f1=0.8580 accuarcy=0.8587 precision=0.8592 recall=0.8587 roc=0.8534 
[2019-08-24 10:38:35,144]: length=93 f1=0.8367 accuarcy=0.8370 precision=0.8367 recall=0.8370 roc=0.8338 
[2019-08-24 10:38:44,670]: length=94 f1=0.8692 accuarcy=0.8696 precision=0.8696 recall=0.8696 roc=0.8656 
[2019-08-24 10:38:53,623]: length=95 f1=0.8580 accuarcy=0.8587 precision=0.8592 recall=0.8587 roc=0.8534 
[2019-08-24 10:39:03,197]: length=96 f1=0.8249 accuarcy=0.8261 precision=0.8269 recall=0.8261 roc=0.8192 
[2019-08-24 10:39:13,096]: length=97 f1=0.8256 accuarcy=0.8261 precision=0.8259 recall=0.8261 roc=0.8216 
[2019-08-24 10:39:23,487]: length=98 f1=0.8249 accuarcy=0.8261 precision=0.8269 recall=0.8261 roc=0.8192 
[2019-08-24 10:39:33,256]: length=99 f1=0.8580 accuarcy=0.8587 precision=0.8592 recall=0.8587 roc=0.8534 
[2019-08-24 10:39:42,514]: length=100 f1=0.8580 accuarcy=0.8587 precision=0.8592 recall=0.8587 roc=0.8534 
[2019-08-24 10:39:51,568]: length=101 f1=0.8367 accuarcy=0.8370 precision=0.8367 recall=0.8370 roc=0.8338 
[2019-08-24 10:40:02,055]: length=102 f1=0.8355 accuarcy=0.8370 precision=0.8391 recall=0.8370 roc=0.8290 
[2019-08-24 10:40:12,379]: length=103 f1=0.8362 accuarcy=0.8370 precision=0.8372 recall=0.8370 roc=0.8314 
[2019-08-24 10:40:22,476]: length=104 f1=0.8362 accuarcy=0.8370 precision=0.8372 recall=0.8370 roc=0.8314 
[2019-08-24 10:40:32,513]: length=105 f1=0.8367 accuarcy=0.8370 precision=0.8367 recall=0.8370 roc=0.8338 
[2019-08-24 10:40:42,143]: length=106 f1=0.8474 accuarcy=0.8478 precision=0.8478 recall=0.8478 roc=0.8436 
[2019-08-24 10:40:51,401]: length=107 f1=0.8474 accuarcy=0.8478 precision=0.8478 recall=0.8478 roc=0.8436 
[2019-08-24 10:41:00,779]: length=108 f1=0.8580 accuarcy=0.8587 precision=0.8592 recall=0.8587 roc=0.8534 
[2019-08-24 10:41:10,005]: length=109 f1=0.8256 accuarcy=0.8261 precision=0.8259 recall=0.8261 roc=0.8216 
[2019-08-24 10:41:21,826]: length=110 f1=0.8474 accuarcy=0.8478 precision=0.8478 recall=0.8478 roc=0.8436 
[2019-08-24 10:41:31,293]: length=111 f1=0.8362 accuarcy=0.8370 precision=0.8372 recall=0.8370 roc=0.8314 
[2019-08-24 10:41:41,730]: length=112 f1=0.8367 accuarcy=0.8370 precision=0.8367 recall=0.8370 roc=0.8338 
[2019-08-24 10:41:50,939]: length=113 f1=0.8468 accuarcy=0.8478 precision=0.8491 recall=0.8478 roc=0.8412 
[2019-08-24 10:42:00,243]: length=114 f1=0.8256 accuarcy=0.8261 precision=0.8259 recall=0.8261 roc=0.8216 
[2019-08-24 10:42:09,253]: length=115 f1=0.8474 accuarcy=0.8478 precision=0.8478 recall=0.8478 roc=0.8436 
[2019-08-24 10:42:18,213]: length=116 f1=0.8474 accuarcy=0.8478 precision=0.8478 recall=0.8478 roc=0.8436 
[2019-08-24 10:42:27,011]: length=117 f1=0.8362 accuarcy=0.8370 precision=0.8372 recall=0.8370 roc=0.8314 
[2019-08-24 10:42:36,778]: length=118 f1=0.8474 accuarcy=0.8478 precision=0.8478 recall=0.8478 roc=0.8436 
[2019-08-24 10:42:45,901]: length=119 f1=0.8362 accuarcy=0.8370 precision=0.8372 recall=0.8370 roc=0.8314 
[2019-08-24 10:42:55,420]: length=120 f1=0.8687 accuarcy=0.8696 precision=0.8712 recall=0.8696 roc=0.8632 
[2019-08-24 10:43:06,156]: length=121 f1=0.8580 accuarcy=0.8587 precision=0.8592 recall=0.8587 roc=0.8534 
[2019-08-24 10:43:17,064]: length=122 f1=0.8580 accuarcy=0.8587 precision=0.8592 recall=0.8587 roc=0.8534 
[2019-08-24 10:43:26,950]: length=123 f1=0.8580 accuarcy=0.8587 precision=0.8592 recall=0.8587 roc=0.8534 
[2019-08-24 10:43:36,321]: length=124 f1=0.8474 accuarcy=0.8478 precision=0.8478 recall=0.8478 roc=0.8436 
[2019-08-24 10:43:45,518]: length=125 f1=0.8687 accuarcy=0.8696 precision=0.8712 recall=0.8696 roc=0.8632 
[2019-08-24 10:43:55,295]: length=126 f1=0.8474 accuarcy=0.8478 precision=0.8478 recall=0.8478 roc=0.8436 
[2019-08-24 10:44:04,902]: length=127 f1=0.8367 accuarcy=0.8370 precision=0.8367 recall=0.8370 roc=0.8338 
[2019-08-24 10:44:14,078]: length=128 f1=0.8687 accuarcy=0.8696 precision=0.8712 recall=0.8696 roc=0.8632 
[2019-08-24 10:44:23,573]: length=129 f1=0.8367 accuarcy=0.8370 precision=0.8367 recall=0.8370 roc=0.8338 
[2019-08-24 10:44:32,286]: length=130 f1=0.8580 accuarcy=0.8587 precision=0.8592 recall=0.8587 roc=0.8534 
[2019-08-24 10:44:42,187]: length=131 f1=0.8261 accuarcy=0.8261 precision=0.8261 recall=0.8261 roc=0.8240 
[2019-08-24 10:44:53,321]: length=132 f1=0.8474 accuarcy=0.8478 precision=0.8478 recall=0.8478 roc=0.8436 
[2019-08-24 10:45:03,625]: length=133 f1=0.8256 accuarcy=0.8261 precision=0.8259 recall=0.8261 roc=0.8216 
[2019-08-24 10:45:13,602]: length=134 f1=0.8362 accuarcy=0.8370 precision=0.8372 recall=0.8370 roc=0.8314 
[2019-08-24 10:45:23,535]: length=135 f1=0.8580 accuarcy=0.8587 precision=0.8592 recall=0.8587 roc=0.8534 
[2019-08-24 10:45:32,549]: length=136 f1=0.8256 accuarcy=0.8261 precision=0.8259 recall=0.8261 roc=0.8216 
[2019-08-24 10:45:41,633]: length=137 f1=0.8580 accuarcy=0.8587 precision=0.8592 recall=0.8587 roc=0.8534 
[2019-08-24 10:45:50,697]: length=138 f1=0.8474 accuarcy=0.8478 precision=0.8478 recall=0.8478 roc=0.8436 
[2019-08-24 10:46:00,029]: length=139 f1=0.8367 accuarcy=0.8370 precision=0.8367 recall=0.8370 roc=0.8338 
[2019-08-24 10:46:09,053]: length=140 f1=0.8150 accuarcy=0.8152 precision=0.8149 recall=0.8152 roc=0.8118 
[2019-08-24 10:46:18,001]: length=141 f1=0.8362 accuarcy=0.8370 precision=0.8372 recall=0.8370 roc=0.8314 
[2019-08-24 10:46:27,462]: length=142 f1=0.8580 accuarcy=0.8587 precision=0.8592 recall=0.8587 roc=0.8534 
[2019-08-24 10:46:36,585]: length=143 f1=0.8468 accuarcy=0.8478 precision=0.8491 recall=0.8478 roc=0.8412 
[2019-08-24 10:46:45,556]: length=144 f1=0.8474 accuarcy=0.8478 precision=0.8478 recall=0.8478 roc=0.8436 
[2019-08-24 10:46:54,471]: length=145 f1=0.8468 accuarcy=0.8478 precision=0.8491 recall=0.8478 roc=0.8412 
[2019-08-24 10:47:03,625]: length=146 f1=0.8474 accuarcy=0.8478 precision=0.8478 recall=0.8478 roc=0.8436 
[2019-08-24 10:47:12,975]: length=147 f1=0.8362 accuarcy=0.8370 precision=0.8372 recall=0.8370 roc=0.8314 
[2019-08-24 10:47:22,182]: length=148 f1=0.8574 accuarcy=0.8587 precision=0.8614 recall=0.8587 roc=0.8510 
[2019-08-24 10:47:31,335]: length=149 f1=0.8474 accuarcy=0.8478 precision=0.8478 recall=0.8478 roc=0.8436 
[2019-08-24 10:47:40,248]: length=150 f1=0.8362 accuarcy=0.8370 precision=0.8372 recall=0.8370 roc=0.8314 
[2019-08-24 10:47:49,478]: length=151 f1=0.8468 accuarcy=0.8478 precision=0.8491 recall=0.8478 roc=0.8412 
[2019-08-24 10:47:58,269]: length=152 f1=0.8362 accuarcy=0.8370 precision=0.8372 recall=0.8370 roc=0.8314 
[2019-08-24 10:48:07,251]: length=153 f1=0.8474 accuarcy=0.8478 precision=0.8478 recall=0.8478 roc=0.8436 
[2019-08-24 10:48:16,142]: length=154 f1=0.8580 accuarcy=0.8587 precision=0.8592 recall=0.8587 roc=0.8534 
[2019-08-24 10:48:25,013]: length=155 f1=0.8468 accuarcy=0.8478 precision=0.8491 recall=0.8478 roc=0.8412 
[2019-08-24 10:48:34,293]: length=156 f1=0.8474 accuarcy=0.8478 precision=0.8478 recall=0.8478 roc=0.8436 
[2019-08-24 10:48:43,122]: length=157 f1=0.8468 accuarcy=0.8478 precision=0.8491 recall=0.8478 roc=0.8412 
[2019-08-24 10:48:51,659]: length=158 f1=0.8362 accuarcy=0.8370 precision=0.8372 recall=0.8370 roc=0.8314 
[2019-08-24 10:49:00,651]: length=159 f1=0.8362 accuarcy=0.8370 precision=0.8372 recall=0.8370 roc=0.8314 
[2019-08-24 10:49:09,441]: length=160 f1=0.8362 accuarcy=0.8370 precision=0.8372 recall=0.8370 roc=0.8314 
[2019-08-24 10:49:18,335]: length=161 f1=0.8474 accuarcy=0.8478 precision=0.8478 recall=0.8478 roc=0.8436 
[2019-08-24 10:49:27,429]: length=162 f1=0.8580 accuarcy=0.8587 precision=0.8592 recall=0.8587 roc=0.8534 
[2019-08-24 10:49:36,120]: length=163 f1=0.8687 accuarcy=0.8696 precision=0.8712 recall=0.8696 roc=0.8632 
[2019-08-24 10:49:44,834]: length=164 f1=0.8580 accuarcy=0.8587 precision=0.8592 recall=0.8587 roc=0.8534 
[2019-08-24 10:49:53,598]: length=165 f1=0.8468 accuarcy=0.8478 precision=0.8491 recall=0.8478 roc=0.8412 
[2019-08-24 10:50:02,415]: length=166 f1=0.8474 accuarcy=0.8478 precision=0.8478 recall=0.8478 roc=0.8436 
[2019-08-24 10:50:11,556]: length=167 f1=0.8580 accuarcy=0.8587 precision=0.8592 recall=0.8587 roc=0.8534 
[2019-08-24 10:50:20,567]: length=168 f1=0.8362 accuarcy=0.8370 precision=0.8372 recall=0.8370 roc=0.8314 
[2019-08-24 10:50:29,775]: length=169 f1=0.8468 accuarcy=0.8478 precision=0.8491 recall=0.8478 roc=0.8412 
[2019-08-24 10:50:39,232]: length=170 f1=0.8474 accuarcy=0.8478 precision=0.8478 recall=0.8478 roc=0.8436 
[2019-08-24 10:50:48,301]: length=171 f1=0.8256 accuarcy=0.8261 precision=0.8259 recall=0.8261 roc=0.8216 
[2019-08-24 10:50:57,321]: length=172 f1=0.8256 accuarcy=0.8261 precision=0.8259 recall=0.8261 roc=0.8216 
[2019-08-24 10:51:06,609]: length=173 f1=0.8362 accuarcy=0.8370 precision=0.8372 recall=0.8370 roc=0.8314 
[2019-08-24 10:51:15,585]: length=174 f1=0.8474 accuarcy=0.8478 precision=0.8478 recall=0.8478 roc=0.8436 
[2019-08-24 10:51:24,535]: length=175 f1=0.8256 accuarcy=0.8261 precision=0.8259 recall=0.8261 roc=0.8216 
[2019-08-24 10:51:33,601]: length=176 f1=0.8687 accuarcy=0.8696 precision=0.8712 recall=0.8696 roc=0.8632 
[2019-08-24 10:51:42,466]: length=177 f1=0.8687 accuarcy=0.8696 precision=0.8712 recall=0.8696 roc=0.8632 
[2019-08-24 10:51:51,371]: length=178 f1=0.8468 accuarcy=0.8478 precision=0.8491 recall=0.8478 roc=0.8412 
[2019-08-24 10:51:51,376]: ----------
[2019-08-24 10:51:51,377]: the max f1 = 0.9017
[2019-08-24 10:51:51,377]: ['Hopp_Woods_R' 'basic_polar' 'Rose_I' 'Janin_W' 'Janin_P'
 'Kyte_Doolittle_I' 'Cornette_C' 'Cornette_T' 'hydrophily'
 'Kyte_Doolittle_A' 'Cornette_V' 'Engelman_GES_W' 'Janin_D'
 'Engelman_GES_D' 'Eisenberg_R' 'Engelman_GES_S' 'Engelman_GES_E'
 'Engelman_GES_N'],length = 18
[2019-08-24 10:51:51,377]: -----------
[2019-08-24 10:52:00,213]: ***confusion matrix***
[2019-08-24 10:52:00,213]:                pos_class      neg_class      
[2019-08-24 10:52:00,214]: pos_class      TP:35             FN:6              
[2019-08-24 10:52:00,214]: neg_class      FP:3              TN:48             
[2019-08-24 10:52:00,214]: f1 =0.9017 
[2019-08-24 10:52:00,215]: accuarcy = 0.9022 
[2019-08-24 10:52:00,216]: precision =0.9032 
[2019-08-24 10:52:00,216]: recall =0.9022
[2019-08-24 10:52:00,217]: roc area = 0.8974
[2019-08-24 10:52:00,249]: -----------
[2019-08-24 10:52:00,249]: The output by the terminal's log has been saved in the J:\多设备共享\work\MRMD2.0-github\Logs\201908241024.log.
[2019-08-24 10:52:00,249]: metrics have been saved in the J:\多设备共享\work\MRMD2.0-github\Results\meteixa.csv.
[2019-08-24 10:52:00,249]: reduced dimensional dataset has been saved in the J:\多设备共享\work\MRMD2.0-github\Results\rd.csv.
[2019-08-24 10:52:00,249]: ---mrmd 2.0 end---
