[2019-08-13 20:05:53,100]: ---mrmd 2.0 start----
[2019-08-13 20:05:53,180]: ANOVA start...
[2019-08-13 20:05:53,200]: ANOVA end.
[2019-08-13 20:05:53,200]: mic start...
[2019-08-13 20:05:58,207]: mic end.
[2019-08-13 20:05:58,207]: mrmd start...
[2019-08-13 20:05:58,377]: mrmd end.
[2019-08-13 20:05:58,377]: mRMR start...
[2019-08-13 20:06:05,273]: mRMR end.
[2019-08-13 20:06:05,273]: lasso start...
[2019-08-13 20:06:05,303]: lasso end.
[2019-08-13 20:06:05,913]: rank start ...
[2019-08-13 20:06:05,923]: The final  rank is
[2019-08-13 20:06:05,923]: aromatic.uncharger.gap5 : 0.0080
[2019-08-13 20:06:05,923]: aromatic.uncharger.gap0 : 0.0078
[2019-08-13 20:06:05,923]: uncharger.postivecharger.gap0 : 0.0077
[2019-08-13 20:06:05,923]: uncharger.aromatic.gap5 : 0.0077
[2019-08-13 20:06:05,923]: uncharger.aromatic.gap1 : 0.0077
[2019-08-13 20:06:05,923]: alphaticr.alphaticr.gap5 : 0.0077
[2019-08-13 20:06:05,923]: uncharger.uncharger.gap3 : 0.0077
[2019-08-13 20:06:05,923]: aromatic.uncharger.gap4 : 0.0077
[2019-08-13 20:06:05,923]: alphaticr.alphaticr.gap0 : 0.0077
[2019-08-13 20:06:05,923]: postivecharger.negativecharger.gap5 : 0.0076
[2019-08-13 20:06:05,923]: aromatic.negativecharger.gap0 : 0.0076
[2019-08-13 20:06:05,923]: aromatic.postivecharger.gap5 : 0.0076
[2019-08-13 20:06:05,923]: alphaticr.postivecharger.gap3 : 0.0076
[2019-08-13 20:06:05,923]: aromatic.uncharger.gap2 : 0.0076
[2019-08-13 20:06:05,923]: postivecharger.postivecharger.gap4 : 0.0076
[2019-08-13 20:06:05,923]: postivecharger.uncharger.gap5 : 0.0076
[2019-08-13 20:06:05,923]: uncharger.postivecharger.gap2 : 0.0076
[2019-08-13 20:06:05,923]: postivecharger.uncharger.gap3 : 0.0075
[2019-08-13 20:06:05,923]: alphaticr.aromatic.gap2 : 0.0075
[2019-08-13 20:06:05,923]: uncharger.postivecharger.gap1 : 0.0075
[2019-08-13 20:06:05,923]: alphaticr.postivecharger.gap2 : 0.0075
[2019-08-13 20:06:05,923]: uncharger.negativecharger.gap1 : 0.0075
[2019-08-13 20:06:05,923]: aromatic.alphaticr.gap4 : 0.0075
[2019-08-13 20:06:05,923]: postivecharger.alphaticr.gap3 : 0.0074
[2019-08-13 20:06:05,923]: uncharger.alphaticr.gap5 : 0.0074
[2019-08-13 20:06:05,923]: postivecharger.uncharger.gap0 : 0.0074
[2019-08-13 20:06:05,923]: negativecharger.alphaticr.gap4 : 0.0074
[2019-08-13 20:06:05,923]: postivecharger.aromatic.gap3 : 0.0074
[2019-08-13 20:06:05,923]: postivecharger.postivecharger.gap1 : 0.0074
[2019-08-13 20:06:05,923]: negativecharger.uncharger.gap2 : 0.0074
[2019-08-13 20:06:05,923]: alphaticr.alphaticr.gap4 : 0.0074
[2019-08-13 20:06:05,923]: postivecharger.alphaticr.gap0 : 0.0074
[2019-08-13 20:06:05,923]: uncharger.alphaticr.gap0 : 0.0074
[2019-08-13 20:06:05,923]: uncharger.aromatic.gap0 : 0.0073
[2019-08-13 20:06:05,923]: negativecharger.alphaticr.gap3 : 0.0073
[2019-08-13 20:06:05,923]: uncharger.uncharger.gap2 : 0.0073
[2019-08-13 20:06:05,923]: alphaticr.alphaticr.gap1 : 0.0073
[2019-08-13 20:06:05,923]: uncharger.alphaticr.gap2 : 0.0073
[2019-08-13 20:06:05,923]: alphaticr.negativecharger.gap3 : 0.0073
[2019-08-13 20:06:05,923]: uncharger.alphaticr.gap1 : 0.0073
[2019-08-13 20:06:05,923]: postivecharger.uncharger.gap2 : 0.0073
[2019-08-13 20:06:05,923]: negativecharger.alphaticr.gap0 : 0.0073
[2019-08-13 20:06:05,923]: postivecharger.uncharger.gap4 : 0.0073
[2019-08-13 20:06:05,923]: aromatic.negativecharger.gap5 : 0.0073
[2019-08-13 20:06:05,923]: uncharger.postivecharger.gap4 : 0.0073
[2019-08-13 20:06:05,923]: uncharger.postivecharger.gap5 : 0.0072
[2019-08-13 20:06:05,923]: negativecharger.aromatic.gap2 : 0.0072
[2019-08-13 20:06:05,923]: aromatic.uncharger.gap1 : 0.0072
[2019-08-13 20:06:05,923]: uncharger.negativecharger.gap5 : 0.0072
[2019-08-13 20:06:05,923]: uncharger.aromatic.gap4 : 0.0071
[2019-08-13 20:06:05,933]: postivecharger.alphaticr.gap1 : 0.0071
[2019-08-13 20:06:05,933]: postivecharger.aromatic.gap5 : 0.0070
[2019-08-13 20:06:05,933]: alphaticr.negativecharger.gap5 : 0.0070
[2019-08-13 20:06:05,933]: negativecharger.negativecharger.gap2 : 0.0070
[2019-08-13 20:06:05,933]: negativecharger.postivecharger.gap2 : 0.0069
[2019-08-13 20:06:05,933]: aromatic.postivecharger.gap4 : 0.0069
[2019-08-13 20:06:05,933]: aromatic.alphaticr.gap5 : 0.0069
[2019-08-13 20:06:05,933]: postivecharger.negativecharger.gap0 : 0.0069
[2019-08-13 20:06:05,933]: uncharger.aromatic.gap3 : 0.0068
[2019-08-13 20:06:05,933]: postivecharger.postivecharger.gap5 : 0.0067
[2019-08-13 20:06:05,933]: negativecharger.aromatic.gap3 : 0.0067
[2019-08-13 20:06:05,933]: negativecharger.alphaticr.gap5 : 0.0067
[2019-08-13 20:06:05,933]: negativecharger.postivecharger.gap4 : 0.0067
[2019-08-13 20:06:05,933]: negativecharger.uncharger.gap1 : 0.0067
[2019-08-13 20:06:05,933]: postivecharger.negativecharger.gap1 : 0.0066
[2019-08-13 20:06:05,933]: uncharger.alphaticr.gap3 : 0.0066
[2019-08-13 20:06:05,933]: postivecharger.aromatic.gap1 : 0.0066
[2019-08-13 20:06:05,933]: aromatic.aromatic.gap0 : 0.0066
[2019-08-13 20:06:05,933]: alphaticr.negativecharger.gap0 : 0.0066
[2019-08-13 20:06:05,933]: negativecharger.uncharger.gap5 : 0.0066
[2019-08-13 20:06:05,933]: aromatic.negativecharger.gap2 : 0.0065
[2019-08-13 20:06:05,933]: postivecharger.alphaticr.gap2 : 0.0065
[2019-08-13 20:06:05,933]: aromatic.negativecharger.gap1 : 0.0065
[2019-08-13 20:06:05,933]: aromatic.postivecharger.gap0 : 0.0065
[2019-08-13 20:06:05,933]: negativecharger.aromatic.gap1 : 0.0065
[2019-08-13 20:06:05,933]: alphaticr.uncharger.gap0 : 0.0065
[2019-08-13 20:06:05,933]: alphaticr.uncharger.gap5 : 0.0065
[2019-08-13 20:06:05,933]: postivecharger.negativecharger.gap2 : 0.0065
[2019-08-13 20:06:05,933]: aromatic.aromatic.gap5 : 0.0065
[2019-08-13 20:06:05,933]: postivecharger.postivecharger.gap2 : 0.0065
[2019-08-13 20:06:05,933]: negativecharger.postivecharger.gap1 : 0.0065
[2019-08-13 20:06:05,933]: aromatic.alphaticr.gap1 : 0.0064
[2019-08-13 20:06:05,933]: negativecharger.aromatic.gap5 : 0.0064
[2019-08-13 20:06:05,933]: negativecharger.negativecharger.gap4 : 0.0064
[2019-08-13 20:06:05,933]: alphaticr.negativecharger.gap4 : 0.0064
[2019-08-13 20:06:05,933]: alphaticr.postivecharger.gap5 : 0.0064
[2019-08-13 20:06:05,933]: uncharger.negativecharger.gap4 : 0.0064
[2019-08-13 20:06:05,933]: negativecharger.uncharger.gap4 : 0.0064
[2019-08-13 20:06:05,933]: negativecharger.negativecharger.gap5 : 0.0064
[2019-08-13 20:06:05,933]: postivecharger.negativecharger.gap4 : 0.0064
[2019-08-13 20:06:05,933]: uncharger.negativecharger.gap0 : 0.0064
[2019-08-13 20:06:05,933]: aromatic.postivecharger.gap3 : 0.0064
[2019-08-13 20:06:05,933]: negativecharger.alphaticr.gap1 : 0.0064
[2019-08-13 20:06:05,933]: alphaticr.aromatic.gap5 : 0.0064
[2019-08-13 20:06:05,933]: alphaticr.negativecharger.gap1 : 0.0064
[2019-08-13 20:06:05,933]: aromatic.aromatic.gap4 : 0.0063
[2019-08-13 20:06:05,933]: alphaticr.uncharger.gap2 : 0.0063
[2019-08-13 20:06:05,933]: alphaticr.postivecharger.gap4 : 0.0063
[2019-08-13 20:06:05,933]: negativecharger.postivecharger.gap0 : 0.0063
[2019-08-13 20:06:05,933]: postivecharger.uncharger.gap1 : 0.0063
[2019-08-13 20:06:05,933]: alphaticr.aromatic.gap1 : 0.0063
[2019-08-13 20:06:05,933]: aromatic.aromatic.gap1 : 0.0063
[2019-08-13 20:06:05,933]: uncharger.negativecharger.gap2 : 0.0063
[2019-08-13 20:06:05,933]: postivecharger.aromatic.gap4 : 0.0063
[2019-08-13 20:06:05,933]: uncharger.aromatic.gap2 : 0.0063
[2019-08-13 20:06:05,933]: alphaticr.alphaticr.gap3 : 0.0063
[2019-08-13 20:06:05,933]: postivecharger.alphaticr.gap4 : 0.0063
[2019-08-13 20:06:05,933]: negativecharger.negativecharger.gap1 : 0.0063
[2019-08-13 20:06:05,933]: postivecharger.alphaticr.gap5 : 0.0062
[2019-08-13 20:06:05,933]: alphaticr.alphaticr.gap2 : 0.0062
[2019-08-13 20:06:05,933]: negativecharger.uncharger.gap0 : 0.0062
[2019-08-13 20:06:05,933]: postivecharger.postivecharger.gap0 : 0.0062
[2019-08-13 20:06:05,933]: negativecharger.aromatic.gap4 : 0.0062
[2019-08-13 20:06:05,933]: alphaticr.postivecharger.gap1 : 0.0062
[2019-08-13 20:06:05,943]: postivecharger.aromatic.gap2 : 0.0062
[2019-08-13 20:06:05,943]: aromatic.aromatic.gap2 : 0.0062
[2019-08-13 20:06:05,943]: alphaticr.negativecharger.gap2 : 0.0062
[2019-08-13 20:06:05,943]: negativecharger.postivecharger.gap3 : 0.0062
[2019-08-13 20:06:05,943]: negativecharger.negativecharger.gap0 : 0.0062
[2019-08-13 20:06:05,943]: aromatic.negativecharger.gap3 : 0.0062
[2019-08-13 20:06:05,943]: alphaticr.aromatic.gap3 : 0.0062
[2019-08-13 20:06:05,943]: postivecharger.aromatic.gap0 : 0.0062
[2019-08-13 20:06:05,943]: negativecharger.alphaticr.gap2 : 0.0061
[2019-08-13 20:06:05,943]: alphaticr.aromatic.gap0 : 0.0061
[2019-08-13 20:06:05,943]: negativecharger.aromatic.gap0 : 0.0061
[2019-08-13 20:06:05,943]: negativecharger.postivecharger.gap5 : 0.0061
[2019-08-13 20:06:05,943]: uncharger.uncharger.gap0 : 0.0061
[2019-08-13 20:06:05,943]: aromatic.postivecharger.gap1 : 0.0061
[2019-08-13 20:06:05,943]: aromatic.uncharger.gap3 : 0.0061
[2019-08-13 20:06:05,943]: negativecharger.uncharger.gap3 : 0.0061
[2019-08-13 20:06:05,943]: aromatic.negativecharger.gap4 : 0.0061
[2019-08-13 20:06:05,943]: uncharger.negativecharger.gap3 : 0.0061
[2019-08-13 20:06:05,943]: uncharger.uncharger.gap1 : 0.0060
[2019-08-13 20:06:05,943]: negativecharger.negativecharger.gap3 : 0.0060
[2019-08-13 20:06:05,943]: alphaticr.aromatic.gap4 : 0.0059
[2019-08-13 20:06:05,943]: aromatic.postivecharger.gap2 : 0.0059
[2019-08-13 20:06:05,943]: uncharger.uncharger.gap4 : 0.0059
[2019-08-13 20:06:05,943]: uncharger.alphaticr.gap4 : 0.0058
[2019-08-13 20:06:05,943]: alphaticr.postivecharger.gap0 : 0.0057
[2019-08-13 20:06:05,943]: uncharger.postivecharger.gap3 : 0.0056
[2019-08-13 20:06:05,943]: postivecharger.postivecharger.gap3 : 0.0056
[2019-08-13 20:06:05,943]: alphaticr.uncharger.gap3 : 0.0055
[2019-08-13 20:06:05,943]: alphaticr.uncharger.gap4 : 0.0055
[2019-08-13 20:06:05,943]: aromatic.alphaticr.gap0 : 0.0055
[2019-08-13 20:06:05,943]: alphaticr.uncharger.gap1 : 0.0055
[2019-08-13 20:06:05,943]: aromatic.alphaticr.gap2 : 0.0055
[2019-08-13 20:06:05,943]: postivecharger.negativecharger.gap3 : 0.0054
[2019-08-13 20:06:05,943]: uncharger.uncharger.gap5 : 0.0051
[2019-08-13 20:06:05,943]: aromatic.aromatic.gap3 : 0.0051
[2019-08-13 20:06:05,943]: aromatic.alphaticr.gap3 : 0.0051
[2019-08-13 20:06:05,943]: feature_rank end
[2019-08-13 20:06:05,973]: Start dimension reduction ...
[2019-08-13 20:06:13,639]: length=1 accuarcy=0.5662 f1=0.5629 precision=0.5626 recall=0.5636 roc=0.5600 
[2019-08-13 20:06:21,284]: length=2 accuarcy=0.5279 f1=0.5265 precision=0.5260 recall=0.5273 roc=0.5234 
[2019-08-13 20:06:29,088]: length=3 accuarcy=0.5562 f1=0.5506 precision=0.5512 recall=0.5545 roc=0.5475 
[2019-08-13 20:06:37,808]: length=4 accuarcy=0.6000 f1=0.5984 precision=0.5984 recall=0.6000 roc=0.5952 
[2019-08-13 20:06:45,475]: length=5 accuarcy=0.6515 f1=0.6545 precision=0.6545 recall=0.6545 roc=0.6527 
[2019-08-13 20:06:54,708]: length=6 accuarcy=0.6623 f1=0.6618 precision=0.6627 recall=0.6636 roc=0.6585 
[2019-08-13 20:07:02,344]: length=7 accuarcy=0.6242 f1=0.6270 precision=0.6268 recall=0.6273 roc=0.6246 
[2019-08-13 20:07:11,169]: length=8 accuarcy=0.6432 f1=0.6435 precision=0.6443 recall=0.6455 roc=0.6402 
