[2019-08-14 11:02:51,633]: ---mrmd 2.0 start----
[2019-08-14 11:02:51,723]: ANOVA start...
[2019-08-14 11:02:51,733]: ANOVA end.
[2019-08-14 11:02:51,733]: mic start...
[2019-08-14 11:02:57,480]: mic end.
[2019-08-14 11:02:57,480]: mrmd start...
[2019-08-14 11:02:57,660]: mrmd end.
[2019-08-14 11:02:57,660]: mRMR start...
[2019-08-14 11:02:57,760]: mRMR end.
[2019-08-14 11:02:57,760]: lasso start...
[2019-08-14 11:02:57,790]: lasso end.
[2019-08-14 11:02:57,790]: lasso2 start...
[2019-08-14 11:02:58,420]: lasso2 end.
[2019-08-14 11:02:58,420]: rank start ...
[2019-08-14 11:02:58,430]: The final  rank is
[2019-08-14 11:02:58,430]: uncharger.uncharger.gap3 : 0.0091
[2019-08-14 11:02:58,430]: alphaticr.alphaticr.gap4 : 0.0086
[2019-08-14 11:02:58,430]: aromatic.uncharger.gap0 : 0.0082
[2019-08-14 11:02:58,430]: postivecharger.aromatic.gap3 : 0.0081
[2019-08-14 11:02:58,430]: uncharger.postivecharger.gap2 : 0.0080
[2019-08-14 11:02:58,430]: aromatic.uncharger.gap4 : 0.0080
[2019-08-14 11:02:58,430]: uncharger.aromatic.gap5 : 0.0080
[2019-08-14 11:02:58,430]: aromatic.negativecharger.gap0 : 0.0079
[2019-08-14 11:02:58,430]: negativecharger.alphaticr.gap4 : 0.0079
[2019-08-14 11:02:58,430]: postivecharger.negativecharger.gap5 : 0.0079
[2019-08-14 11:02:58,430]: alphaticr.alphaticr.gap0 : 0.0078
[2019-08-14 11:02:58,430]: alphaticr.postivecharger.gap3 : 0.0078
[2019-08-14 11:02:58,430]: postivecharger.uncharger.gap5 : 0.0077
[2019-08-14 11:02:58,430]: uncharger.alphaticr.gap3 : 0.0077
[2019-08-14 11:02:58,430]: alphaticr.aromatic.gap2 : 0.0077
[2019-08-14 11:02:58,430]: uncharger.uncharger.gap2 : 0.0076
[2019-08-14 11:02:58,430]: aromatic.postivecharger.gap5 : 0.0076
[2019-08-14 11:02:58,430]: alphaticr.negativecharger.gap4 : 0.0076
[2019-08-14 11:02:58,430]: postivecharger.postivecharger.gap4 : 0.0076
[2019-08-14 11:02:58,430]: uncharger.negativecharger.gap1 : 0.0076
[2019-08-14 11:02:58,430]: uncharger.aromatic.gap1 : 0.0076
[2019-08-14 11:02:58,430]: uncharger.negativecharger.gap5 : 0.0076
[2019-08-14 11:02:58,430]: aromatic.uncharger.gap5 : 0.0075
[2019-08-14 11:02:58,430]: alphaticr.alphaticr.gap5 : 0.0075
[2019-08-14 11:02:58,430]: uncharger.alphaticr.gap2 : 0.0075
[2019-08-14 11:02:58,430]: postivecharger.alphaticr.gap1 : 0.0075
[2019-08-14 11:02:58,430]: alphaticr.postivecharger.gap2 : 0.0075
[2019-08-14 11:02:58,430]: alphaticr.alphaticr.gap1 : 0.0074
[2019-08-14 11:02:58,430]: postivecharger.uncharger.gap0 : 0.0074
[2019-08-14 11:02:58,430]: alphaticr.negativecharger.gap3 : 0.0074
[2019-08-14 11:02:58,430]: postivecharger.uncharger.gap2 : 0.0074
[2019-08-14 11:02:58,430]: uncharger.postivecharger.gap5 : 0.0074
[2019-08-14 11:02:58,430]: aromatic.uncharger.gap2 : 0.0074
[2019-08-14 11:02:58,430]: aromatic.negativecharger.gap5 : 0.0074
[2019-08-14 11:02:58,430]: postivecharger.postivecharger.gap1 : 0.0074
[2019-08-14 11:02:58,430]: alphaticr.negativecharger.gap5 : 0.0074
[2019-08-14 11:02:58,430]: postivecharger.uncharger.gap3 : 0.0074
[2019-08-14 11:02:58,430]: negativecharger.uncharger.gap2 : 0.0073
[2019-08-14 11:02:58,430]: postivecharger.uncharger.gap4 : 0.0073
[2019-08-14 11:02:58,430]: postivecharger.alphaticr.gap3 : 0.0073
[2019-08-14 11:02:58,430]: postivecharger.alphaticr.gap0 : 0.0073
[2019-08-14 11:02:58,430]: uncharger.alphaticr.gap0 : 0.0073
[2019-08-14 11:02:58,430]: negativecharger.alphaticr.gap0 : 0.0073
[2019-08-14 11:02:58,430]: uncharger.alphaticr.gap5 : 0.0073
[2019-08-14 11:02:58,430]: aromatic.uncharger.gap1 : 0.0073
[2019-08-14 11:02:58,430]: uncharger.aromatic.gap0 : 0.0073
[2019-08-14 11:02:58,430]: uncharger.postivecharger.gap4 : 0.0073
[2019-08-14 11:02:58,430]: uncharger.postivecharger.gap0 : 0.0073
[2019-08-14 11:02:58,430]: uncharger.alphaticr.gap1 : 0.0072
[2019-08-14 11:02:58,430]: aromatic.alphaticr.gap4 : 0.0072
[2019-08-14 11:02:58,430]: alphaticr.postivecharger.gap4 : 0.0072
[2019-08-14 11:02:58,430]: uncharger.negativecharger.gap3 : 0.0071
[2019-08-14 11:02:58,430]: negativecharger.postivecharger.gap2 : 0.0071
[2019-08-14 11:02:58,430]: uncharger.postivecharger.gap1 : 0.0071
[2019-08-14 11:02:58,430]: negativecharger.alphaticr.gap3 : 0.0070
[2019-08-14 11:02:58,430]: negativecharger.alphaticr.gap5 : 0.0070
[2019-08-14 11:02:58,430]: alphaticr.aromatic.gap4 : 0.0070
[2019-08-14 11:02:58,430]: postivecharger.aromatic.gap5 : 0.0069
[2019-08-14 11:02:58,430]: postivecharger.negativecharger.gap0 : 0.0068
[2019-08-14 11:02:58,430]: negativecharger.aromatic.gap2 : 0.0068
[2019-08-14 11:02:58,430]: negativecharger.aromatic.gap3 : 0.0068
[2019-08-14 11:02:58,430]: aromatic.postivecharger.gap4 : 0.0068
[2019-08-14 11:02:58,430]: postivecharger.postivecharger.gap5 : 0.0068
[2019-08-14 11:02:58,430]: uncharger.aromatic.gap4 : 0.0067
[2019-08-14 11:02:58,430]: negativecharger.uncharger.gap5 : 0.0067
[2019-08-14 11:02:58,430]: aromatic.alphaticr.gap5 : 0.0066
[2019-08-14 11:02:58,430]: negativecharger.negativecharger.gap2 : 0.0066
[2019-08-14 11:02:58,430]: negativecharger.postivecharger.gap4 : 0.0066
[2019-08-14 11:02:58,430]: alphaticr.uncharger.gap4 : 0.0066
[2019-08-14 11:02:58,430]: uncharger.aromatic.gap3 : 0.0066
[2019-08-14 11:02:58,430]: aromatic.negativecharger.gap2 : 0.0065
[2019-08-14 11:02:58,430]: postivecharger.aromatic.gap1 : 0.0065
[2019-08-14 11:02:58,430]: aromatic.aromatic.gap0 : 0.0065
[2019-08-14 11:02:58,430]: aromatic.postivecharger.gap2 : 0.0065
[2019-08-14 11:02:58,430]: alphaticr.negativecharger.gap0 : 0.0065
[2019-08-14 11:02:58,430]: negativecharger.uncharger.gap3 : 0.0065
[2019-08-14 11:02:58,430]: alphaticr.postivecharger.gap5 : 0.0065
[2019-08-14 11:02:58,430]: alphaticr.negativecharger.gap1 : 0.0064
[2019-08-14 11:02:58,430]: aromatic.alphaticr.gap1 : 0.0064
[2019-08-14 11:02:58,430]: uncharger.postivecharger.gap3 : 0.0064
[2019-08-14 11:02:58,430]: aromatic.postivecharger.gap0 : 0.0064
[2019-08-14 11:02:58,430]: postivecharger.negativecharger.gap1 : 0.0064
[2019-08-14 11:02:58,430]: alphaticr.uncharger.gap0 : 0.0064
[2019-08-14 11:02:58,430]: alphaticr.uncharger.gap2 : 0.0063
[2019-08-14 11:02:58,430]: aromatic.postivecharger.gap3 : 0.0063
[2019-08-14 11:02:58,430]: negativecharger.negativecharger.gap4 : 0.0063
[2019-08-14 11:02:58,430]: uncharger.negativecharger.gap0 : 0.0063
[2019-08-14 11:02:58,430]: postivecharger.negativecharger.gap2 : 0.0063
[2019-08-14 11:02:58,430]: uncharger.negativecharger.gap4 : 0.0063
[2019-08-14 11:02:58,430]: postivecharger.aromatic.gap2 : 0.0063
[2019-08-14 11:02:58,430]: alphaticr.uncharger.gap5 : 0.0063
[2019-08-14 11:02:58,440]: alphaticr.aromatic.gap1 : 0.0062
[2019-08-14 11:02:58,440]: aromatic.aromatic.gap5 : 0.0062
[2019-08-14 11:02:58,440]: alphaticr.negativecharger.gap2 : 0.0062
[2019-08-14 11:02:58,440]: postivecharger.postivecharger.gap2 : 0.0062
[2019-08-14 11:02:58,440]: postivecharger.negativecharger.gap4 : 0.0062
[2019-08-14 11:02:58,440]: negativecharger.negativecharger.gap5 : 0.0062
[2019-08-14 11:02:58,440]: aromatic.negativecharger.gap1 : 0.0062
[2019-08-14 11:02:58,440]: uncharger.uncharger.gap5 : 0.0062
[2019-08-14 11:02:58,440]: negativecharger.uncharger.gap1 : 0.0062
[2019-08-14 11:02:58,440]: negativecharger.postivecharger.gap0 : 0.0062
[2019-08-14 11:02:58,440]: negativecharger.aromatic.gap5 : 0.0062
[2019-08-14 11:02:58,440]: negativecharger.uncharger.gap4 : 0.0062
[2019-08-14 11:02:58,440]: postivecharger.postivecharger.gap0 : 0.0062
[2019-08-14 11:02:58,440]: postivecharger.aromatic.gap0 : 0.0062
[2019-08-14 11:02:58,440]: negativecharger.alphaticr.gap1 : 0.0062
[2019-08-14 11:02:58,440]: aromatic.negativecharger.gap3 : 0.0062
[2019-08-14 11:02:58,440]: aromatic.aromatic.gap1 : 0.0062
[2019-08-14 11:02:58,440]: alphaticr.aromatic.gap5 : 0.0061
[2019-08-14 11:02:58,440]: postivecharger.aromatic.gap4 : 0.0061
[2019-08-14 11:02:58,440]: negativecharger.negativecharger.gap0 : 0.0061
[2019-08-14 11:02:58,440]: aromatic.aromatic.gap4 : 0.0061
[2019-08-14 11:02:58,440]: aromatic.negativecharger.gap4 : 0.0061
[2019-08-14 11:02:58,440]: postivecharger.uncharger.gap1 : 0.0061
[2019-08-14 11:02:58,440]: negativecharger.postivecharger.gap3 : 0.0061
[2019-08-14 11:02:58,440]: alphaticr.aromatic.gap0 : 0.0061
[2019-08-14 11:02:58,440]: uncharger.negativecharger.gap2 : 0.0061
[2019-08-14 11:02:58,440]: negativecharger.aromatic.gap4 : 0.0061
[2019-08-14 11:02:58,440]: alphaticr.alphaticr.gap3 : 0.0061
[2019-08-14 11:02:58,440]: negativecharger.aromatic.gap0 : 0.0061
[2019-08-14 11:02:58,440]: postivecharger.alphaticr.gap4 : 0.0061
[2019-08-14 11:02:58,440]: aromatic.aromatic.gap2 : 0.0061
[2019-08-14 11:02:58,440]: negativecharger.postivecharger.gap1 : 0.0060
[2019-08-14 11:02:58,440]: uncharger.aromatic.gap2 : 0.0060
[2019-08-14 11:02:58,440]: negativecharger.negativecharger.gap3 : 0.0060
[2019-08-14 11:02:58,440]: postivecharger.alphaticr.gap2 : 0.0060
[2019-08-14 11:02:58,440]: alphaticr.postivecharger.gap1 : 0.0060
[2019-08-14 11:02:58,440]: uncharger.uncharger.gap1 : 0.0060
[2019-08-14 11:02:58,440]: negativecharger.uncharger.gap0 : 0.0060
[2019-08-14 11:02:58,440]: alphaticr.alphaticr.gap2 : 0.0060
[2019-08-14 11:02:58,440]: negativecharger.negativecharger.gap1 : 0.0060
[2019-08-14 11:02:58,440]: alphaticr.uncharger.gap1 : 0.0059
[2019-08-14 11:02:58,440]: negativecharger.alphaticr.gap2 : 0.0059
[2019-08-14 11:02:58,440]: aromatic.uncharger.gap3 : 0.0059
[2019-08-14 11:02:58,440]: postivecharger.alphaticr.gap5 : 0.0059
[2019-08-14 11:02:58,440]: negativecharger.aromatic.gap1 : 0.0059
[2019-08-14 11:02:58,440]: uncharger.uncharger.gap0 : 0.0059
[2019-08-14 11:02:58,440]: negativecharger.postivecharger.gap5 : 0.0058
[2019-08-14 11:02:58,440]: alphaticr.aromatic.gap3 : 0.0058
[2019-08-14 11:02:58,440]: aromatic.postivecharger.gap1 : 0.0058
[2019-08-14 11:02:58,440]: alphaticr.postivecharger.gap0 : 0.0056
[2019-08-14 11:02:58,440]: uncharger.alphaticr.gap4 : 0.0055
[2019-08-14 11:02:58,440]: uncharger.uncharger.gap4 : 0.0055
[2019-08-14 11:02:58,440]: postivecharger.postivecharger.gap3 : 0.0052
[2019-08-14 11:02:58,440]: alphaticr.uncharger.gap3 : 0.0052
[2019-08-14 11:02:58,440]: aromatic.alphaticr.gap2 : 0.0052
[2019-08-14 11:02:58,440]: aromatic.alphaticr.gap0 : 0.0051
[2019-08-14 11:02:58,440]: postivecharger.negativecharger.gap3 : 0.0050
[2019-08-14 11:02:58,440]: aromatic.aromatic.gap3 : 0.0047
[2019-08-14 11:02:58,440]: aromatic.alphaticr.gap3 : 0.0047
[2019-08-14 11:02:58,440]: feature_rank end
[2019-08-14 11:02:58,460]: Start dimension reduction ...
