[2019-08-15 16:08:12,079]: ---mrmd 2.0 start----
[2019-08-15 16:08:12,171]: ANOVA start...
[2019-08-15 16:08:12,189]: ANOVA end.
[2019-08-15 16:08:12,189]: mic start...
[2019-08-15 16:08:17,938]: mic end.
[2019-08-15 16:08:17,938]: mrmd start...
[2019-08-15 16:08:18,134]: mrmd end.
[2019-08-15 16:08:18,135]: mRMR start...
[2019-08-15 16:08:18,255]: mRMR end.
[2019-08-15 16:08:18,256]: lasso start...
[2019-08-15 16:08:18,285]: lasso end.
[2019-08-15 16:08:18,285]: lasso2 start...
[2019-08-15 16:08:18,930]: lasso2 end.
[2019-08-15 16:08:18,932]: rank start ...
[2019-08-15 16:08:18,942]: The final  rank is
[2019-08-15 16:08:18,942]: uncharger.uncharger.gap3 : 0.0091
[2019-08-15 16:08:18,942]: alphaticr.alphaticr.gap4 : 0.0086
[2019-08-15 16:08:18,942]: aromatic.uncharger.gap0 : 0.0082
[2019-08-15 16:08:18,942]: postivecharger.aromatic.gap3 : 0.0081
[2019-08-15 16:08:18,943]: uncharger.postivecharger.gap2 : 0.0080
[2019-08-15 16:08:18,943]: aromatic.uncharger.gap4 : 0.0080
[2019-08-15 16:08:18,943]: uncharger.aromatic.gap5 : 0.0080
[2019-08-15 16:08:18,943]: aromatic.negativecharger.gap0 : 0.0079
[2019-08-15 16:08:18,943]: negativecharger.alphaticr.gap4 : 0.0079
[2019-08-15 16:08:18,943]: postivecharger.negativecharger.gap5 : 0.0079
[2019-08-15 16:08:18,943]: alphaticr.alphaticr.gap0 : 0.0078
[2019-08-15 16:08:18,943]: alphaticr.postivecharger.gap3 : 0.0078
[2019-08-15 16:08:18,943]: postivecharger.uncharger.gap5 : 0.0077
[2019-08-15 16:08:18,943]: uncharger.alphaticr.gap3 : 0.0077
[2019-08-15 16:08:18,943]: alphaticr.aromatic.gap2 : 0.0077
[2019-08-15 16:08:18,943]: uncharger.uncharger.gap2 : 0.0076
[2019-08-15 16:08:18,944]: aromatic.postivecharger.gap5 : 0.0076
[2019-08-15 16:08:18,944]: alphaticr.negativecharger.gap4 : 0.0076
[2019-08-15 16:08:18,944]: postivecharger.postivecharger.gap4 : 0.0076
[2019-08-15 16:08:18,944]: uncharger.negativecharger.gap1 : 0.0076
[2019-08-15 16:08:18,944]: uncharger.aromatic.gap1 : 0.0076
[2019-08-15 16:08:18,944]: uncharger.negativecharger.gap5 : 0.0076
[2019-08-15 16:08:18,944]: aromatic.uncharger.gap5 : 0.0075
[2019-08-15 16:08:18,944]: alphaticr.alphaticr.gap5 : 0.0075
[2019-08-15 16:08:18,944]: uncharger.alphaticr.gap2 : 0.0075
[2019-08-15 16:08:18,944]: postivecharger.alphaticr.gap1 : 0.0075
[2019-08-15 16:08:18,944]: alphaticr.postivecharger.gap2 : 0.0075
[2019-08-15 16:08:18,944]: alphaticr.alphaticr.gap1 : 0.0074
[2019-08-15 16:08:18,945]: postivecharger.uncharger.gap0 : 0.0074
[2019-08-15 16:08:18,945]: alphaticr.negativecharger.gap3 : 0.0074
[2019-08-15 16:08:18,945]: postivecharger.uncharger.gap2 : 0.0074
[2019-08-15 16:08:18,945]: uncharger.postivecharger.gap5 : 0.0074
[2019-08-15 16:08:18,945]: aromatic.uncharger.gap2 : 0.0074
[2019-08-15 16:08:18,945]: aromatic.negativecharger.gap5 : 0.0074
[2019-08-15 16:08:18,945]: postivecharger.postivecharger.gap1 : 0.0074
[2019-08-15 16:08:18,945]: alphaticr.negativecharger.gap5 : 0.0074
[2019-08-15 16:08:18,945]: postivecharger.uncharger.gap3 : 0.0074
[2019-08-15 16:08:18,945]: negativecharger.uncharger.gap2 : 0.0073
[2019-08-15 16:08:18,945]: postivecharger.uncharger.gap4 : 0.0073
[2019-08-15 16:08:18,946]: postivecharger.alphaticr.gap3 : 0.0073
[2019-08-15 16:08:18,946]: postivecharger.alphaticr.gap0 : 0.0073
[2019-08-15 16:08:18,946]: uncharger.alphaticr.gap0 : 0.0073
[2019-08-15 16:08:18,946]: negativecharger.alphaticr.gap0 : 0.0073
[2019-08-15 16:08:18,946]: uncharger.alphaticr.gap5 : 0.0073
[2019-08-15 16:08:18,946]: aromatic.uncharger.gap1 : 0.0073
[2019-08-15 16:08:18,946]: uncharger.aromatic.gap0 : 0.0073
[2019-08-15 16:08:18,946]: uncharger.postivecharger.gap4 : 0.0073
[2019-08-15 16:08:18,946]: uncharger.postivecharger.gap0 : 0.0073
[2019-08-15 16:08:18,947]: uncharger.alphaticr.gap1 : 0.0072
[2019-08-15 16:08:18,947]: aromatic.alphaticr.gap4 : 0.0072
[2019-08-15 16:08:18,947]: alphaticr.postivecharger.gap4 : 0.0072
[2019-08-15 16:08:18,947]: uncharger.negativecharger.gap3 : 0.0071
[2019-08-15 16:08:18,947]: negativecharger.postivecharger.gap2 : 0.0071
[2019-08-15 16:08:18,947]: uncharger.postivecharger.gap1 : 0.0071
[2019-08-15 16:08:18,947]: negativecharger.alphaticr.gap3 : 0.0070
[2019-08-15 16:08:18,947]: negativecharger.alphaticr.gap5 : 0.0070
[2019-08-15 16:08:18,947]: alphaticr.aromatic.gap4 : 0.0070
[2019-08-15 16:08:18,947]: postivecharger.aromatic.gap5 : 0.0069
[2019-08-15 16:08:18,947]: postivecharger.negativecharger.gap0 : 0.0068
[2019-08-15 16:08:18,948]: negativecharger.aromatic.gap2 : 0.0068
[2019-08-15 16:08:18,948]: negativecharger.aromatic.gap3 : 0.0068
[2019-08-15 16:08:18,948]: aromatic.postivecharger.gap4 : 0.0068
[2019-08-15 16:08:18,948]: postivecharger.postivecharger.gap5 : 0.0068
[2019-08-15 16:08:18,948]: uncharger.aromatic.gap4 : 0.0067
[2019-08-15 16:08:18,948]: negativecharger.uncharger.gap5 : 0.0067
[2019-08-15 16:08:18,948]: aromatic.alphaticr.gap5 : 0.0066
[2019-08-15 16:08:18,948]: negativecharger.negativecharger.gap2 : 0.0066
[2019-08-15 16:08:18,948]: negativecharger.postivecharger.gap4 : 0.0066
[2019-08-15 16:08:18,948]: alphaticr.uncharger.gap4 : 0.0066
[2019-08-15 16:08:18,948]: uncharger.aromatic.gap3 : 0.0066
[2019-08-15 16:08:18,949]: aromatic.negativecharger.gap2 : 0.0065
[2019-08-15 16:08:18,949]: postivecharger.aromatic.gap1 : 0.0065
[2019-08-15 16:08:18,949]: aromatic.aromatic.gap0 : 0.0065
[2019-08-15 16:08:18,949]: aromatic.postivecharger.gap2 : 0.0065
[2019-08-15 16:08:18,949]: alphaticr.negativecharger.gap0 : 0.0065
[2019-08-15 16:08:18,949]: negativecharger.uncharger.gap3 : 0.0065
[2019-08-15 16:08:18,949]: alphaticr.postivecharger.gap5 : 0.0065
[2019-08-15 16:08:18,949]: alphaticr.negativecharger.gap1 : 0.0064
[2019-08-15 16:08:18,949]: aromatic.alphaticr.gap1 : 0.0064
[2019-08-15 16:08:18,949]: uncharger.postivecharger.gap3 : 0.0064
[2019-08-15 16:08:18,949]: aromatic.postivecharger.gap0 : 0.0064
[2019-08-15 16:08:18,950]: postivecharger.negativecharger.gap1 : 0.0064
[2019-08-15 16:08:18,950]: alphaticr.uncharger.gap0 : 0.0064
[2019-08-15 16:08:18,950]: alphaticr.uncharger.gap2 : 0.0063
[2019-08-15 16:08:18,950]: aromatic.postivecharger.gap3 : 0.0063
[2019-08-15 16:08:18,950]: negativecharger.negativecharger.gap4 : 0.0063
[2019-08-15 16:08:18,950]: uncharger.negativecharger.gap0 : 0.0063
[2019-08-15 16:08:18,950]: postivecharger.negativecharger.gap2 : 0.0063
[2019-08-15 16:08:18,950]: uncharger.negativecharger.gap4 : 0.0063
[2019-08-15 16:08:18,950]: postivecharger.aromatic.gap2 : 0.0063
[2019-08-15 16:08:18,950]: alphaticr.uncharger.gap5 : 0.0063
[2019-08-15 16:08:18,950]: alphaticr.aromatic.gap1 : 0.0062
[2019-08-15 16:08:18,950]: aromatic.aromatic.gap5 : 0.0062
[2019-08-15 16:08:18,951]: alphaticr.negativecharger.gap2 : 0.0062
[2019-08-15 16:08:18,951]: postivecharger.postivecharger.gap2 : 0.0062
[2019-08-15 16:08:18,951]: postivecharger.negativecharger.gap4 : 0.0062
[2019-08-15 16:08:18,951]: negativecharger.negativecharger.gap5 : 0.0062
[2019-08-15 16:08:18,951]: aromatic.negativecharger.gap1 : 0.0062
[2019-08-15 16:08:18,951]: uncharger.uncharger.gap5 : 0.0062
[2019-08-15 16:08:18,951]: negativecharger.uncharger.gap1 : 0.0062
[2019-08-15 16:08:18,951]: negativecharger.postivecharger.gap0 : 0.0062
[2019-08-15 16:08:18,951]: negativecharger.aromatic.gap5 : 0.0062
[2019-08-15 16:08:18,951]: negativecharger.uncharger.gap4 : 0.0062
[2019-08-15 16:08:18,951]: postivecharger.postivecharger.gap0 : 0.0062
[2019-08-15 16:08:18,952]: postivecharger.aromatic.gap0 : 0.0062
[2019-08-15 16:08:18,952]: negativecharger.alphaticr.gap1 : 0.0062
[2019-08-15 16:08:18,952]: aromatic.negativecharger.gap3 : 0.0062
[2019-08-15 16:08:18,952]: aromatic.aromatic.gap1 : 0.0062
[2019-08-15 16:08:18,952]: alphaticr.aromatic.gap5 : 0.0061
[2019-08-15 16:08:18,952]: postivecharger.aromatic.gap4 : 0.0061
[2019-08-15 16:08:18,952]: negativecharger.negativecharger.gap0 : 0.0061
[2019-08-15 16:08:18,952]: aromatic.aromatic.gap4 : 0.0061
[2019-08-15 16:08:18,952]: aromatic.negativecharger.gap4 : 0.0061
[2019-08-15 16:08:18,952]: postivecharger.uncharger.gap1 : 0.0061
[2019-08-15 16:08:18,952]: negativecharger.postivecharger.gap3 : 0.0061
[2019-08-15 16:08:18,953]: alphaticr.aromatic.gap0 : 0.0061
[2019-08-15 16:08:18,953]: uncharger.negativecharger.gap2 : 0.0061
[2019-08-15 16:08:18,953]: negativecharger.aromatic.gap4 : 0.0061
[2019-08-15 16:08:18,953]: alphaticr.alphaticr.gap3 : 0.0061
[2019-08-15 16:08:18,953]: negativecharger.aromatic.gap0 : 0.0061
[2019-08-15 16:08:18,953]: postivecharger.alphaticr.gap4 : 0.0061
[2019-08-15 16:08:18,953]: aromatic.aromatic.gap2 : 0.0061
[2019-08-15 16:08:18,953]: negativecharger.postivecharger.gap1 : 0.0060
[2019-08-15 16:08:18,953]: uncharger.aromatic.gap2 : 0.0060
[2019-08-15 16:08:18,953]: negativecharger.negativecharger.gap3 : 0.0060
[2019-08-15 16:08:18,954]: postivecharger.alphaticr.gap2 : 0.0060
[2019-08-15 16:08:18,954]: alphaticr.postivecharger.gap1 : 0.0060
[2019-08-15 16:08:18,954]: uncharger.uncharger.gap1 : 0.0060
[2019-08-15 16:08:18,954]: negativecharger.uncharger.gap0 : 0.0060
[2019-08-15 16:08:18,954]: alphaticr.alphaticr.gap2 : 0.0060
[2019-08-15 16:08:18,954]: negativecharger.negativecharger.gap1 : 0.0060
[2019-08-15 16:08:18,954]: alphaticr.uncharger.gap1 : 0.0059
[2019-08-15 16:08:18,954]: negativecharger.alphaticr.gap2 : 0.0059
[2019-08-15 16:08:18,954]: aromatic.uncharger.gap3 : 0.0059
[2019-08-15 16:08:18,954]: postivecharger.alphaticr.gap5 : 0.0059
[2019-08-15 16:08:18,954]: negativecharger.aromatic.gap1 : 0.0059
[2019-08-15 16:08:18,954]: uncharger.uncharger.gap0 : 0.0059
[2019-08-15 16:08:18,955]: negativecharger.postivecharger.gap5 : 0.0058
[2019-08-15 16:08:18,955]: alphaticr.aromatic.gap3 : 0.0058
[2019-08-15 16:08:18,955]: aromatic.postivecharger.gap1 : 0.0058
[2019-08-15 16:08:18,955]: alphaticr.postivecharger.gap0 : 0.0056
[2019-08-15 16:08:18,955]: uncharger.alphaticr.gap4 : 0.0055
[2019-08-15 16:08:18,955]: uncharger.uncharger.gap4 : 0.0055
[2019-08-15 16:08:18,955]: postivecharger.postivecharger.gap3 : 0.0052
[2019-08-15 16:08:18,955]: alphaticr.uncharger.gap3 : 0.0052
[2019-08-15 16:08:18,955]: aromatic.alphaticr.gap2 : 0.0052
[2019-08-15 16:08:18,955]: aromatic.alphaticr.gap0 : 0.0051
[2019-08-15 16:08:18,955]: postivecharger.negativecharger.gap3 : 0.0050
[2019-08-15 16:08:18,956]: aromatic.aromatic.gap3 : 0.0047
[2019-08-15 16:08:18,956]: aromatic.alphaticr.gap3 : 0.0047
[2019-08-15 16:08:18,956]: feature_rank end
[2019-08-15 16:08:18,982]: Start dimension reduction ...
[2019-08-15 16:08:23,868]: length=1 f1=0.5811 accuarcy=0.5818 precision=0.5808 recall=0.5818 roc=0.5783 
[2019-08-15 16:08:29,045]: length=6 f1=0.6252 accuarcy=0.6273 precision=0.6258 recall=0.6273 roc=0.6220 
[2019-08-15 16:08:34,042]: length=11 f1=0.7262 accuarcy=0.7273 precision=0.7270 recall=0.7273 roc=0.7232 
[2019-08-15 16:08:38,381]: length=16 f1=0.7079 accuarcy=0.7091 precision=0.7086 recall=0.7091 roc=0.7049 
[2019-08-15 16:08:42,801]: length=21 f1=0.7268 accuarcy=0.7273 precision=0.7268 recall=0.7273 roc=0.7245 
[2019-08-15 16:08:47,525]: length=26 f1=0.7174 accuarcy=0.7182 precision=0.7177 recall=0.7182 roc=0.7147 
[2019-08-15 16:08:52,107]: length=31 f1=0.7627 accuarcy=0.7636 precision=0.7638 recall=0.7636 roc=0.7597 
[2019-08-15 16:08:56,752]: length=36 f1=0.7329 accuarcy=0.7364 precision=0.7397 recall=0.7364 roc=0.7290 
[2019-08-15 16:09:01,225]: length=41 f1=0.7362 accuarcy=0.7364 precision=0.7361 recall=0.7364 roc=0.7343 
[2019-08-15 16:09:05,373]: length=46 f1=0.7362 accuarcy=0.7364 precision=0.7361 recall=0.7364 roc=0.7343 
[2019-08-15 16:09:09,403]: length=51 f1=0.8000 accuarcy=0.8000 precision=0.8000 recall=0.8000 roc=0.7989 
[2019-08-15 16:09:13,477]: length=56 f1=0.7726 accuarcy=0.7727 precision=0.7725 recall=0.7727 roc=0.7709 
[2019-08-15 16:09:17,669]: length=61 f1=0.7268 accuarcy=0.7273 precision=0.7268 recall=0.7273 roc=0.7245 
[2019-08-15 16:09:21,787]: length=66 f1=0.7726 accuarcy=0.7727 precision=0.7725 recall=0.7727 roc=0.7709 
[2019-08-15 16:09:26,308]: length=71 f1=0.7632 accuarcy=0.7636 precision=0.7634 recall=0.7636 roc=0.7611 
[2019-08-15 16:09:30,854]: length=76 f1=0.7539 accuarcy=0.7545 precision=0.7543 recall=0.7545 roc=0.7512 
[2019-08-15 16:09:35,097]: length=81 f1=0.7544 accuarcy=0.7545 precision=0.7543 recall=0.7545 roc=0.7526 
[2019-08-15 16:09:39,147]: length=86 f1=0.7627 accuarcy=0.7636 precision=0.7638 recall=0.7636 roc=0.7597 
[2019-08-15 16:09:43,350]: length=91 f1=0.7715 accuarcy=0.7727 precision=0.7735 recall=0.7727 roc=0.7682 
[2019-08-15 16:09:47,841]: length=96 f1=0.7450 accuarcy=0.7455 precision=0.7451 recall=0.7455 roc=0.7428 
[2019-08-15 16:09:51,909]: length=101 f1=0.7532 accuarcy=0.7545 precision=0.7550 recall=0.7545 roc=0.7499 
[2019-08-15 16:09:55,970]: length=106 f1=0.7620 accuarcy=0.7636 precision=0.7649 recall=0.7636 roc=0.7584 
[2019-08-15 16:10:00,177]: length=111 f1=0.7450 accuarcy=0.7455 precision=0.7451 recall=0.7455 roc=0.7428 
[2019-08-15 16:10:04,633]: length=116 f1=0.7803 accuarcy=0.7818 precision=0.7835 recall=0.7818 roc=0.7767 
[2019-08-15 16:10:09,018]: length=121 f1=0.7627 accuarcy=0.7636 precision=0.7638 recall=0.7636 roc=0.7597 
[2019-08-15 16:10:13,217]: length=126 f1=0.7524 accuarcy=0.7545 precision=0.7565 recall=0.7545 roc=0.7486 
[2019-08-15 16:10:17,329]: length=131 f1=0.7539 accuarcy=0.7545 precision=0.7543 recall=0.7545 roc=0.7512 
[2019-08-15 16:10:21,696]: length=136 f1=0.7715 accuarcy=0.7727 precision=0.7735 recall=0.7727 roc=0.7682 
[2019-08-15 16:10:26,357]: length=141 f1=0.7437 accuarcy=0.7455 precision=0.7464 recall=0.7455 roc=0.7401 
[2019-08-15 16:10:30,344]: length=146 f1=0.7809 accuarcy=0.7818 precision=0.7822 recall=0.7818 roc=0.7780 
[2019-08-15 16:10:34,272]: length=150 f1=0.7356 accuarcy=0.7364 precision=0.7360 recall=0.7364 roc=0.7330 
[2019-08-15 16:10:34,273]: ----------
[2019-08-15 16:10:34,273]: the max f1 = 0.8000
[2019-08-15 16:10:34,273]: ['uncharger.uncharger.gap3' 'alphaticr.alphaticr.gap4'
 'aromatic.uncharger.gap0' 'postivecharger.aromatic.gap3'
 'uncharger.postivecharger.gap2' 'aromatic.uncharger.gap4'
 'uncharger.aromatic.gap5' 'aromatic.negativecharger.gap0'
 'negativecharger.alphaticr.gap4' 'postivecharger.negativecharger.gap5'
 'alphaticr.alphaticr.gap0' 'alphaticr.postivecharger.gap3'
 'postivecharger.uncharger.gap5' 'uncharger.alphaticr.gap3'
 'alphaticr.aromatic.gap2' 'uncharger.uncharger.gap2'
 'aromatic.postivecharger.gap5' 'alphaticr.negativecharger.gap4'
 'postivecharger.postivecharger.gap4' 'uncharger.negativecharger.gap1'
 'uncharger.aromatic.gap1' 'uncharger.negativecharger.gap5'
 'aromatic.uncharger.gap5' 'alphaticr.alphaticr.gap5'
 'uncharger.alphaticr.gap2' 'postivecharger.alphaticr.gap1'
 'alphaticr.postivecharger.gap2' 'alphaticr.alphaticr.gap1'
 'postivecharger.uncharger.gap0' 'alphaticr.negativecharger.gap3'
 'postivecharger.uncharger.gap2' 'uncharger.postivecharger.gap5'
 'aromatic.uncharger.gap2' 'aromatic.negativecharger.gap5'
 'postivecharger.postivecharger.gap1' 'alphaticr.negativecharger.gap5'
 'postivecharger.uncharger.gap3' 'negativecharger.uncharger.gap2'
 'postivecharger.uncharger.gap4' 'postivecharger.alphaticr.gap3'
 'postivecharger.alphaticr.gap0' 'uncharger.alphaticr.gap0'
 'negativecharger.alphaticr.gap0' 'uncharger.alphaticr.gap5'
 'aromatic.uncharger.gap1' 'uncharger.aromatic.gap0'
 'uncharger.postivecharger.gap4' 'uncharger.postivecharger.gap0'
 'uncharger.alphaticr.gap1' 'aromatic.alphaticr.gap4'
 'alphaticr.postivecharger.gap4'],length = 51
[2019-08-15 16:10:34,273]: -----------
[2019-08-15 16:10:38,506]: ***confusion matrix***
[2019-08-15 16:10:38,506]:                pos_class      neg_class      
[2019-08-15 16:10:38,507]: pos_class      TP:48             FN:11             
[2019-08-15 16:10:38,508]: neg_class      FP:11             TN:40             
[2019-08-15 16:10:38,509]: f1 =0.8000 
[2019-08-15 16:10:38,509]: accuarcy = 0.8000 
[2019-08-15 16:10:38,510]: precision =0.8000 
[2019-08-15 16:10:38,510]: recall =0.8000
[2019-08-15 16:10:38,511]: roc area = 0.7989
[2019-08-15 16:10:38,517]: -----------
[2019-08-15 16:10:38,517]: The output by the terminal's log has been saved in the J:\多设备共享\work\MRMD2.0-github\Logs\201908151608.log.
[2019-08-15 16:10:38,517]: metrics have been saved in the J:\多设备共享\work\MRMD2.0-github\Results\meteixa.csv.
[2019-08-15 16:10:38,518]: reduced dimensional dataset has been saved in the J:\多设备共享\work\MRMD2.0-github\Results\rd.csv.
[2019-08-15 16:10:38,518]: ---mrmd 2.0 end---
