[2019-09-11 16:46:18,153]: ---mrmd 2.0 start----
[2019-09-11 16:46:18,267]: ANOVA start...
[2019-09-11 16:46:18,286]: ANOVA end.
[2019-09-11 16:46:18,286]: mic start...
[2019-09-11 16:46:24,282]: mic end.
[2019-09-11 16:46:24,282]: mrmd start...
[2019-09-11 16:46:24,485]: mrmd end.
[2019-09-11 16:46:24,485]: mRMR start...
[2019-09-11 16:46:27,019]: mRMR end.
[2019-09-11 16:46:27,019]: lasso start...
[2019-09-11 16:46:27,145]: lasso end.
[2019-09-11 16:46:27,145]: chi2 start...
[2019-09-11 16:46:27,174]: chi2 end.
[2019-09-11 16:46:27,174]: ref start...
[2019-09-11 16:46:27,996]: ref end.
[2019-09-11 16:46:28,000]: rank start ...
[2019-09-11 16:46:28,010]: The final  rank is
[2019-09-11 16:46:28,010]: negativecharger.aromatic.gap2 : 0.0078
[2019-09-11 16:46:28,010]: aromatic.postivecharger.gap5 : 0.0078
[2019-09-11 16:46:28,010]: postivecharger.negativecharger.gap5 : 0.0078
[2019-09-11 16:46:28,010]: aromatic.uncharger.gap5 : 0.0078
[2019-09-11 16:46:28,010]: uncharger.aromatic.gap1 : 0.0078
[2019-09-11 16:46:28,010]: aromatic.uncharger.gap1 : 0.0078
[2019-09-11 16:46:28,010]: negativecharger.alphaticr.gap4 : 0.0078
[2019-09-11 16:46:28,011]: alphaticr.alphaticr.gap5 : 0.0077
[2019-09-11 16:46:28,011]: uncharger.uncharger.gap2 : 0.0076
[2019-09-11 16:46:28,011]: alphaticr.postivecharger.gap3 : 0.0076
[2019-09-11 16:46:28,011]: uncharger.postivecharger.gap1 : 0.0076
[2019-09-11 16:46:28,011]: uncharger.alphaticr.gap0 : 0.0076
[2019-09-11 16:46:28,011]: negativecharger.alphaticr.gap3 : 0.0076
[2019-09-11 16:46:28,012]: alphaticr.alphaticr.gap0 : 0.0075
[2019-09-11 16:46:28,012]: postivecharger.uncharger.gap3 : 0.0075
[2019-09-11 16:46:28,012]: alphaticr.aromatic.gap2 : 0.0075
[2019-09-11 16:46:28,012]: postivecharger.aromatic.gap3 : 0.0075
[2019-09-11 16:46:28,012]: uncharger.alphaticr.gap5 : 0.0075
[2019-09-11 16:46:28,012]: uncharger.aromatic.gap0 : 0.0074
[2019-09-11 16:46:28,012]: postivecharger.postivecharger.gap1 : 0.0074
[2019-09-11 16:46:28,012]: alphaticr.negativecharger.gap3 : 0.0074
[2019-09-11 16:46:28,012]: uncharger.uncharger.gap3 : 0.0074
[2019-09-11 16:46:28,012]: aromatic.negativecharger.gap5 : 0.0074
[2019-09-11 16:46:28,013]: aromatic.uncharger.gap4 : 0.0073
[2019-09-11 16:46:28,013]: uncharger.negativecharger.gap1 : 0.0073
[2019-09-11 16:46:28,013]: alphaticr.alphaticr.gap4 : 0.0073
[2019-09-11 16:46:28,013]: aromatic.alphaticr.gap4 : 0.0073
[2019-09-11 16:46:28,013]: aromatic.negativecharger.gap0 : 0.0073
[2019-09-11 16:46:28,013]: postivecharger.alphaticr.gap1 : 0.0073
[2019-09-11 16:46:28,013]: postivecharger.uncharger.gap0 : 0.0073
[2019-09-11 16:46:28,013]: alphaticr.alphaticr.gap1 : 0.0073
[2019-09-11 16:46:28,013]: uncharger.postivecharger.gap0 : 0.0073
[2019-09-11 16:46:28,013]: postivecharger.uncharger.gap2 : 0.0073
[2019-09-11 16:46:28,013]: alphaticr.aromatic.gap0 : 0.0073
[2019-09-11 16:46:28,013]: uncharger.alphaticr.gap1 : 0.0072
[2019-09-11 16:46:28,014]: postivecharger.alphaticr.gap0 : 0.0072
[2019-09-11 16:46:28,014]: postivecharger.uncharger.gap4 : 0.0072
[2019-09-11 16:46:28,014]: uncharger.postivecharger.gap2 : 0.0072
[2019-09-11 16:46:28,014]: uncharger.aromatic.gap5 : 0.0072
[2019-09-11 16:46:28,014]: uncharger.aromatic.gap3 : 0.0072
[2019-09-11 16:46:28,014]: uncharger.postivecharger.gap4 : 0.0072
[2019-09-11 16:46:28,014]: negativecharger.alphaticr.gap0 : 0.0071
[2019-09-11 16:46:28,014]: aromatic.uncharger.gap0 : 0.0071
[2019-09-11 16:46:28,014]: postivecharger.postivecharger.gap4 : 0.0071
[2019-09-11 16:46:28,014]: negativecharger.uncharger.gap2 : 0.0071
[2019-09-11 16:46:28,014]: uncharger.alphaticr.gap2 : 0.0071
[2019-09-11 16:46:28,015]: alphaticr.negativecharger.gap5 : 0.0070
[2019-09-11 16:46:28,015]: aromatic.postivecharger.gap4 : 0.0070
[2019-09-11 16:46:28,015]: negativecharger.aromatic.gap3 : 0.0070
[2019-09-11 16:46:28,015]: uncharger.postivecharger.gap5 : 0.0069
[2019-09-11 16:46:28,015]: aromatic.negativecharger.gap1 : 0.0069
[2019-09-11 16:46:28,015]: postivecharger.uncharger.gap5 : 0.0068
[2019-09-11 16:46:28,015]: negativecharger.postivecharger.gap1 : 0.0068
[2019-09-11 16:46:28,015]: aromatic.uncharger.gap2 : 0.0068
[2019-09-11 16:46:28,015]: alphaticr.negativecharger.gap0 : 0.0068
[2019-09-11 16:46:28,015]: postivecharger.alphaticr.gap5 : 0.0068
[2019-09-11 16:46:28,015]: negativecharger.alphaticr.gap1 : 0.0068
[2019-09-11 16:46:28,016]: negativecharger.uncharger.gap1 : 0.0068
[2019-09-11 16:46:28,016]: alphaticr.aromatic.gap1 : 0.0068
[2019-09-11 16:46:28,016]: aromatic.aromatic.gap4 : 0.0068
[2019-09-11 16:46:28,016]: aromatic.aromatic.gap0 : 0.0068
[2019-09-11 16:46:28,016]: negativecharger.alphaticr.gap5 : 0.0067
[2019-09-11 16:46:28,016]: negativecharger.postivecharger.gap2 : 0.0067
[2019-09-11 16:46:28,016]: uncharger.aromatic.gap4 : 0.0066
[2019-09-11 16:46:28,016]: aromatic.aromatic.gap1 : 0.0066
[2019-09-11 16:46:28,016]: aromatic.alphaticr.gap1 : 0.0066
[2019-09-11 16:46:28,016]: alphaticr.alphaticr.gap2 : 0.0066
[2019-09-11 16:46:28,016]: alphaticr.uncharger.gap4 : 0.0066
[2019-09-11 16:46:28,017]: negativecharger.uncharger.gap5 : 0.0066
[2019-09-11 16:46:28,017]: postivecharger.aromatic.gap4 : 0.0066
[2019-09-11 16:46:28,017]: postivecharger.negativecharger.gap0 : 0.0066
[2019-09-11 16:46:28,017]: uncharger.negativecharger.gap5 : 0.0066
[2019-09-11 16:46:28,017]: negativecharger.aromatic.gap5 : 0.0066
[2019-09-11 16:46:28,017]: postivecharger.aromatic.gap2 : 0.0065
[2019-09-11 16:46:28,017]: alphaticr.postivecharger.gap2 : 0.0065
[2019-09-11 16:46:28,017]: aromatic.aromatic.gap5 : 0.0065
[2019-09-11 16:46:28,017]: aromatic.negativecharger.gap3 : 0.0065
[2019-09-11 16:46:28,017]: aromatic.postivecharger.gap0 : 0.0065
[2019-09-11 16:46:28,017]: alphaticr.negativecharger.gap1 : 0.0065
[2019-09-11 16:46:28,018]: alphaticr.uncharger.gap5 : 0.0065
[2019-09-11 16:46:28,018]: negativecharger.negativecharger.gap2 : 0.0065
[2019-09-11 16:46:28,018]: postivecharger.postivecharger.gap0 : 0.0065
[2019-09-11 16:46:28,018]: uncharger.alphaticr.gap3 : 0.0065
[2019-09-11 16:46:28,018]: alphaticr.aromatic.gap5 : 0.0065
[2019-09-11 16:46:28,018]: alphaticr.uncharger.gap3 : 0.0065
[2019-09-11 16:46:28,018]: uncharger.aromatic.gap2 : 0.0065
[2019-09-11 16:46:28,018]: negativecharger.postivecharger.gap0 : 0.0065
[2019-09-11 16:46:28,018]: negativecharger.aromatic.gap0 : 0.0065
[2019-09-11 16:46:28,018]: negativecharger.alphaticr.gap2 : 0.0065
[2019-09-11 16:46:28,018]: aromatic.postivecharger.gap3 : 0.0065
[2019-09-11 16:46:28,018]: postivecharger.negativecharger.gap4 : 0.0065
[2019-09-11 16:46:28,019]: aromatic.negativecharger.gap4 : 0.0064
[2019-09-11 16:46:28,019]: uncharger.alphaticr.gap4 : 0.0064
[2019-09-11 16:46:28,019]: uncharger.negativecharger.gap4 : 0.0064
[2019-09-11 16:46:28,019]: negativecharger.negativecharger.gap1 : 0.0064
[2019-09-11 16:46:28,019]: aromatic.aromatic.gap3 : 0.0064
[2019-09-11 16:46:28,019]: postivecharger.postivecharger.gap2 : 0.0064
[2019-09-11 16:46:28,019]: postivecharger.aromatic.gap1 : 0.0064
[2019-09-11 16:46:28,019]: negativecharger.uncharger.gap0 : 0.0064
[2019-09-11 16:46:28,019]: postivecharger.alphaticr.gap2 : 0.0064
[2019-09-11 16:46:28,019]: alphaticr.aromatic.gap3 : 0.0064
[2019-09-11 16:46:28,019]: postivecharger.alphaticr.gap3 : 0.0064
[2019-09-11 16:46:28,020]: alphaticr.uncharger.gap0 : 0.0064
[2019-09-11 16:46:28,020]: negativecharger.aromatic.gap1 : 0.0064
[2019-09-11 16:46:28,020]: alphaticr.postivecharger.gap1 : 0.0064
[2019-09-11 16:46:28,020]: alphaticr.postivecharger.gap4 : 0.0064
[2019-09-11 16:46:28,020]: uncharger.uncharger.gap4 : 0.0064
[2019-09-11 16:46:28,020]: postivecharger.uncharger.gap1 : 0.0064
[2019-09-11 16:46:28,020]: negativecharger.postivecharger.gap4 : 0.0064
[2019-09-11 16:46:28,020]: postivecharger.postivecharger.gap5 : 0.0064
[2019-09-11 16:46:28,020]: alphaticr.alphaticr.gap3 : 0.0064
[2019-09-11 16:46:28,020]: postivecharger.negativecharger.gap1 : 0.0064
[2019-09-11 16:46:28,020]: negativecharger.negativecharger.gap4 : 0.0063
[2019-09-11 16:46:28,020]: aromatic.uncharger.gap3 : 0.0063
[2019-09-11 16:46:28,021]: alphaticr.negativecharger.gap4 : 0.0063
[2019-09-11 16:46:28,021]: postivecharger.negativecharger.gap2 : 0.0063
[2019-09-11 16:46:28,021]: postivecharger.aromatic.gap0 : 0.0063
[2019-09-11 16:46:28,021]: uncharger.negativecharger.gap3 : 0.0063
[2019-09-11 16:46:28,021]: uncharger.negativecharger.gap2 : 0.0063
[2019-09-11 16:46:28,021]: negativecharger.negativecharger.gap0 : 0.0063
[2019-09-11 16:46:28,021]: uncharger.negativecharger.gap0 : 0.0063
[2019-09-11 16:46:28,021]: alphaticr.aromatic.gap4 : 0.0063
[2019-09-11 16:46:28,021]: aromatic.postivecharger.gap2 : 0.0063
[2019-09-11 16:46:28,021]: negativecharger.postivecharger.gap3 : 0.0063
[2019-09-11 16:46:28,021]: postivecharger.alphaticr.gap4 : 0.0063
[2019-09-11 16:46:28,021]: postivecharger.aromatic.gap5 : 0.0063
[2019-09-11 16:46:28,022]: aromatic.aromatic.gap2 : 0.0063
[2019-09-11 16:46:28,022]: aromatic.negativecharger.gap2 : 0.0062
[2019-09-11 16:46:28,022]: alphaticr.negativecharger.gap2 : 0.0062
[2019-09-11 16:46:28,022]: negativecharger.uncharger.gap4 : 0.0062
[2019-09-11 16:46:28,022]: alphaticr.uncharger.gap2 : 0.0062
[2019-09-11 16:46:28,022]: negativecharger.uncharger.gap3 : 0.0062
[2019-09-11 16:46:28,022]: uncharger.uncharger.gap0 : 0.0061
[2019-09-11 16:46:28,022]: negativecharger.aromatic.gap4 : 0.0060
[2019-09-11 16:46:28,022]: uncharger.postivecharger.gap3 : 0.0060
[2019-09-11 16:46:28,022]: uncharger.uncharger.gap1 : 0.0059
[2019-09-11 16:46:28,022]: alphaticr.postivecharger.gap5 : 0.0059
[2019-09-11 16:46:28,022]: aromatic.alphaticr.gap2 : 0.0058
[2019-09-11 16:46:28,023]: aromatic.alphaticr.gap5 : 0.0058
[2019-09-11 16:46:28,023]: alphaticr.uncharger.gap1 : 0.0058
[2019-09-11 16:46:28,023]: postivecharger.negativecharger.gap3 : 0.0056
[2019-09-11 16:46:28,023]: negativecharger.negativecharger.gap5 : 0.0056
[2019-09-11 16:46:28,023]: alphaticr.postivecharger.gap0 : 0.0056
[2019-09-11 16:46:28,023]: negativecharger.postivecharger.gap5 : 0.0054
[2019-09-11 16:46:28,023]: aromatic.postivecharger.gap1 : 0.0054
[2019-09-11 16:46:28,023]: postivecharger.postivecharger.gap3 : 0.0054
[2019-09-11 16:46:28,023]: negativecharger.negativecharger.gap3 : 0.0053
[2019-09-11 16:46:28,023]: uncharger.uncharger.gap5 : 0.0048
[2019-09-11 16:46:28,023]: aromatic.alphaticr.gap0 : 0.0048
[2019-09-11 16:46:28,023]: aromatic.alphaticr.gap3 : 0.0046
[2019-09-11 16:46:28,024]: feature_rank end
[2019-09-11 16:46:28,074]: Start dimension reduction ...
[2019-09-11 16:46:32,606]: length=1 f1=0.5254 accuarcy=0.5273 precision=0.5249 recall=0.5273 auc=0.5221 
