[2019-08-13 20:41:24,603]: ---mrmd 2.0 start----
[2019-08-13 20:41:24,694]: ANOVA start...
[2019-08-13 20:41:24,711]: ANOVA end.
[2019-08-13 20:41:24,712]: mic start...
[2019-08-13 20:41:30,035]: mic end.
[2019-08-13 20:41:30,035]: mrmd start...
[2019-08-13 20:41:30,227]: mrmd end.
[2019-08-13 20:41:30,228]: mRMR start...
[2019-08-13 20:41:30,341]: mRMR end.
[2019-08-13 20:41:30,341]: lasso start...
[2019-08-13 20:41:30,367]: lasso end.
[2019-08-13 20:41:30,368]: lasso2 start...
[2019-08-13 20:41:31,046]: lasso2 end.
[2019-08-13 20:41:31,049]: rank start ...
[2019-08-13 20:41:31,059]: The final  rank is
[2019-08-13 20:41:31,060]: uncharger.uncharger.gap3 : 0.0091
[2019-08-13 20:41:31,060]: alphaticr.alphaticr.gap4 : 0.0086
[2019-08-13 20:41:31,060]: aromatic.uncharger.gap0 : 0.0082
[2019-08-13 20:41:31,060]: postivecharger.aromatic.gap3 : 0.0081
[2019-08-13 20:41:31,060]: uncharger.postivecharger.gap2 : 0.0080
[2019-08-13 20:41:31,060]: aromatic.uncharger.gap4 : 0.0080
[2019-08-13 20:41:31,060]: uncharger.aromatic.gap5 : 0.0080
[2019-08-13 20:41:31,060]: aromatic.negativecharger.gap0 : 0.0079
[2019-08-13 20:41:31,060]: negativecharger.alphaticr.gap4 : 0.0079
[2019-08-13 20:41:31,060]: postivecharger.negativecharger.gap5 : 0.0079
[2019-08-13 20:41:31,060]: alphaticr.alphaticr.gap0 : 0.0078
[2019-08-13 20:41:31,060]: alphaticr.postivecharger.gap3 : 0.0078
[2019-08-13 20:41:31,061]: postivecharger.uncharger.gap5 : 0.0077
[2019-08-13 20:41:31,061]: uncharger.alphaticr.gap3 : 0.0077
[2019-08-13 20:41:31,061]: alphaticr.aromatic.gap2 : 0.0077
[2019-08-13 20:41:31,061]: uncharger.uncharger.gap2 : 0.0076
[2019-08-13 20:41:31,061]: aromatic.postivecharger.gap5 : 0.0076
[2019-08-13 20:41:31,061]: alphaticr.negativecharger.gap4 : 0.0076
[2019-08-13 20:41:31,061]: postivecharger.postivecharger.gap4 : 0.0076
[2019-08-13 20:41:31,061]: uncharger.negativecharger.gap1 : 0.0076
[2019-08-13 20:41:31,062]: uncharger.aromatic.gap1 : 0.0076
[2019-08-13 20:41:31,062]: uncharger.negativecharger.gap5 : 0.0076
[2019-08-13 20:41:31,062]: aromatic.uncharger.gap5 : 0.0075
[2019-08-13 20:41:31,062]: alphaticr.alphaticr.gap5 : 0.0075
[2019-08-13 20:41:31,062]: uncharger.alphaticr.gap2 : 0.0075
[2019-08-13 20:41:31,062]: postivecharger.alphaticr.gap1 : 0.0075
[2019-08-13 20:41:31,062]: alphaticr.postivecharger.gap2 : 0.0075
[2019-08-13 20:41:31,062]: alphaticr.alphaticr.gap1 : 0.0074
[2019-08-13 20:41:31,062]: postivecharger.uncharger.gap0 : 0.0074
[2019-08-13 20:41:31,062]: alphaticr.negativecharger.gap3 : 0.0074
[2019-08-13 20:41:31,062]: postivecharger.uncharger.gap2 : 0.0074
[2019-08-13 20:41:31,062]: uncharger.postivecharger.gap5 : 0.0074
[2019-08-13 20:41:31,062]: aromatic.uncharger.gap2 : 0.0074
[2019-08-13 20:41:31,063]: aromatic.negativecharger.gap5 : 0.0074
[2019-08-13 20:41:31,063]: postivecharger.postivecharger.gap1 : 0.0074
[2019-08-13 20:41:31,063]: alphaticr.negativecharger.gap5 : 0.0074
[2019-08-13 20:41:31,063]: postivecharger.uncharger.gap3 : 0.0074
[2019-08-13 20:41:31,063]: negativecharger.uncharger.gap2 : 0.0073
[2019-08-13 20:41:31,063]: postivecharger.uncharger.gap4 : 0.0073
[2019-08-13 20:41:31,063]: postivecharger.alphaticr.gap3 : 0.0073
[2019-08-13 20:41:31,063]: postivecharger.alphaticr.gap0 : 0.0073
[2019-08-13 20:41:31,063]: uncharger.alphaticr.gap0 : 0.0073
[2019-08-13 20:41:31,063]: negativecharger.alphaticr.gap0 : 0.0073
[2019-08-13 20:41:31,063]: uncharger.alphaticr.gap5 : 0.0073
[2019-08-13 20:41:31,063]: aromatic.uncharger.gap1 : 0.0073
[2019-08-13 20:41:31,063]: uncharger.aromatic.gap0 : 0.0073
[2019-08-13 20:41:31,064]: uncharger.postivecharger.gap4 : 0.0073
[2019-08-13 20:41:31,064]: uncharger.postivecharger.gap0 : 0.0073
[2019-08-13 20:41:31,064]: uncharger.alphaticr.gap1 : 0.0072
[2019-08-13 20:41:31,064]: aromatic.alphaticr.gap4 : 0.0072
[2019-08-13 20:41:31,064]: alphaticr.postivecharger.gap4 : 0.0072
[2019-08-13 20:41:31,064]: uncharger.negativecharger.gap3 : 0.0071
[2019-08-13 20:41:31,064]: negativecharger.postivecharger.gap2 : 0.0071
[2019-08-13 20:41:31,064]: uncharger.postivecharger.gap1 : 0.0071
[2019-08-13 20:41:31,064]: negativecharger.alphaticr.gap3 : 0.0070
[2019-08-13 20:41:31,064]: negativecharger.alphaticr.gap5 : 0.0070
[2019-08-13 20:41:31,064]: alphaticr.aromatic.gap4 : 0.0070
[2019-08-13 20:41:31,064]: postivecharger.aromatic.gap5 : 0.0069
[2019-08-13 20:41:31,064]: postivecharger.negativecharger.gap0 : 0.0068
[2019-08-13 20:41:31,065]: negativecharger.aromatic.gap2 : 0.0068
[2019-08-13 20:41:31,065]: negativecharger.aromatic.gap3 : 0.0068
[2019-08-13 20:41:31,065]: aromatic.postivecharger.gap4 : 0.0068
[2019-08-13 20:41:31,065]: postivecharger.postivecharger.gap5 : 0.0068
[2019-08-13 20:41:31,065]: uncharger.aromatic.gap4 : 0.0067
[2019-08-13 20:41:31,065]: negativecharger.uncharger.gap5 : 0.0067
[2019-08-13 20:41:31,065]: aromatic.alphaticr.gap5 : 0.0066
[2019-08-13 20:41:31,065]: negativecharger.negativecharger.gap2 : 0.0066
[2019-08-13 20:41:31,065]: negativecharger.postivecharger.gap4 : 0.0066
[2019-08-13 20:41:31,065]: alphaticr.uncharger.gap4 : 0.0066
[2019-08-13 20:41:31,065]: uncharger.aromatic.gap3 : 0.0066
[2019-08-13 20:41:31,065]: aromatic.negativecharger.gap2 : 0.0065
[2019-08-13 20:41:31,065]: postivecharger.aromatic.gap1 : 0.0065
[2019-08-13 20:41:31,065]: aromatic.aromatic.gap0 : 0.0065
[2019-08-13 20:41:31,066]: aromatic.postivecharger.gap2 : 0.0065
[2019-08-13 20:41:31,066]: alphaticr.negativecharger.gap0 : 0.0065
[2019-08-13 20:41:31,066]: negativecharger.uncharger.gap3 : 0.0065
[2019-08-13 20:41:31,066]: alphaticr.postivecharger.gap5 : 0.0065
[2019-08-13 20:41:31,066]: alphaticr.negativecharger.gap1 : 0.0064
[2019-08-13 20:41:31,066]: aromatic.alphaticr.gap1 : 0.0064
[2019-08-13 20:41:31,066]: uncharger.postivecharger.gap3 : 0.0064
[2019-08-13 20:41:31,066]: aromatic.postivecharger.gap0 : 0.0064
[2019-08-13 20:41:31,066]: postivecharger.negativecharger.gap1 : 0.0064
[2019-08-13 20:41:31,066]: alphaticr.uncharger.gap0 : 0.0064
[2019-08-13 20:41:31,066]: alphaticr.uncharger.gap2 : 0.0063
[2019-08-13 20:41:31,066]: aromatic.postivecharger.gap3 : 0.0063
[2019-08-13 20:41:31,066]: negativecharger.negativecharger.gap4 : 0.0063
[2019-08-13 20:41:31,066]: uncharger.negativecharger.gap0 : 0.0063
[2019-08-13 20:41:31,067]: postivecharger.negativecharger.gap2 : 0.0063
[2019-08-13 20:41:31,067]: uncharger.negativecharger.gap4 : 0.0063
[2019-08-13 20:41:31,067]: postivecharger.aromatic.gap2 : 0.0063
[2019-08-13 20:41:31,067]: alphaticr.uncharger.gap5 : 0.0063
[2019-08-13 20:41:31,067]: alphaticr.aromatic.gap1 : 0.0062
[2019-08-13 20:41:31,067]: aromatic.aromatic.gap5 : 0.0062
[2019-08-13 20:41:31,067]: alphaticr.negativecharger.gap2 : 0.0062
[2019-08-13 20:41:31,067]: postivecharger.postivecharger.gap2 : 0.0062
[2019-08-13 20:41:31,067]: postivecharger.negativecharger.gap4 : 0.0062
[2019-08-13 20:41:31,067]: negativecharger.negativecharger.gap5 : 0.0062
[2019-08-13 20:41:31,067]: aromatic.negativecharger.gap1 : 0.0062
[2019-08-13 20:41:31,067]: uncharger.uncharger.gap5 : 0.0062
[2019-08-13 20:41:31,067]: negativecharger.uncharger.gap1 : 0.0062
[2019-08-13 20:41:31,067]: negativecharger.postivecharger.gap0 : 0.0062
[2019-08-13 20:41:31,068]: negativecharger.aromatic.gap5 : 0.0062
[2019-08-13 20:41:31,068]: negativecharger.uncharger.gap4 : 0.0062
[2019-08-13 20:41:31,068]: postivecharger.postivecharger.gap0 : 0.0062
[2019-08-13 20:41:31,068]: postivecharger.aromatic.gap0 : 0.0062
[2019-08-13 20:41:31,068]: negativecharger.alphaticr.gap1 : 0.0062
[2019-08-13 20:41:31,068]: aromatic.negativecharger.gap3 : 0.0062
[2019-08-13 20:41:31,068]: aromatic.aromatic.gap1 : 0.0062
[2019-08-13 20:41:31,068]: alphaticr.aromatic.gap5 : 0.0061
[2019-08-13 20:41:31,068]: postivecharger.aromatic.gap4 : 0.0061
[2019-08-13 20:41:31,068]: negativecharger.negativecharger.gap0 : 0.0061
[2019-08-13 20:41:31,068]: aromatic.aromatic.gap4 : 0.0061
[2019-08-13 20:41:31,068]: aromatic.negativecharger.gap4 : 0.0061
[2019-08-13 20:41:31,068]: postivecharger.uncharger.gap1 : 0.0061
[2019-08-13 20:41:31,068]: negativecharger.postivecharger.gap3 : 0.0061
[2019-08-13 20:41:31,069]: alphaticr.aromatic.gap0 : 0.0061
[2019-08-13 20:41:31,069]: uncharger.negativecharger.gap2 : 0.0061
[2019-08-13 20:41:31,069]: negativecharger.aromatic.gap4 : 0.0061
[2019-08-13 20:41:31,069]: alphaticr.alphaticr.gap3 : 0.0061
[2019-08-13 20:41:31,069]: negativecharger.aromatic.gap0 : 0.0061
[2019-08-13 20:41:31,069]: postivecharger.alphaticr.gap4 : 0.0061
[2019-08-13 20:41:31,069]: aromatic.aromatic.gap2 : 0.0061
[2019-08-13 20:41:31,069]: negativecharger.postivecharger.gap1 : 0.0060
[2019-08-13 20:41:31,069]: uncharger.aromatic.gap2 : 0.0060
[2019-08-13 20:41:31,069]: negativecharger.negativecharger.gap3 : 0.0060
[2019-08-13 20:41:31,069]: postivecharger.alphaticr.gap2 : 0.0060
[2019-08-13 20:41:31,069]: alphaticr.postivecharger.gap1 : 0.0060
[2019-08-13 20:41:31,069]: uncharger.uncharger.gap1 : 0.0060
[2019-08-13 20:41:31,069]: negativecharger.uncharger.gap0 : 0.0060
[2019-08-13 20:41:31,069]: alphaticr.alphaticr.gap2 : 0.0060
[2019-08-13 20:41:31,070]: negativecharger.negativecharger.gap1 : 0.0060
[2019-08-13 20:41:31,070]: alphaticr.uncharger.gap1 : 0.0059
[2019-08-13 20:41:31,070]: negativecharger.alphaticr.gap2 : 0.0059
[2019-08-13 20:41:31,070]: aromatic.uncharger.gap3 : 0.0059
[2019-08-13 20:41:31,070]: postivecharger.alphaticr.gap5 : 0.0059
[2019-08-13 20:41:31,070]: negativecharger.aromatic.gap1 : 0.0059
[2019-08-13 20:41:31,070]: uncharger.uncharger.gap0 : 0.0059
[2019-08-13 20:41:31,070]: negativecharger.postivecharger.gap5 : 0.0058
[2019-08-13 20:41:31,070]: alphaticr.aromatic.gap3 : 0.0058
[2019-08-13 20:41:31,070]: aromatic.postivecharger.gap1 : 0.0058
[2019-08-13 20:41:31,070]: alphaticr.postivecharger.gap0 : 0.0056
[2019-08-13 20:41:31,070]: uncharger.alphaticr.gap4 : 0.0055
[2019-08-13 20:41:31,070]: uncharger.uncharger.gap4 : 0.0055
[2019-08-13 20:41:31,070]: postivecharger.postivecharger.gap3 : 0.0052
[2019-08-13 20:41:31,071]: alphaticr.uncharger.gap3 : 0.0052
[2019-08-13 20:41:31,071]: aromatic.alphaticr.gap2 : 0.0052
[2019-08-13 20:41:31,071]: aromatic.alphaticr.gap0 : 0.0051
[2019-08-13 20:41:31,071]: postivecharger.negativecharger.gap3 : 0.0050
[2019-08-13 20:41:31,071]: aromatic.aromatic.gap3 : 0.0047
[2019-08-13 20:41:31,071]: aromatic.alphaticr.gap3 : 0.0047
[2019-08-13 20:41:31,071]: feature_rank end
[2019-08-13 20:41:31,098]: Start dimension reduction ...
[2019-08-13 20:41:39,500]: length=1 accuarcy=0.5820 f1=0.5811 precision=0.5808 recall=0.5818 roc=0.5783 
[2019-08-13 20:41:47,483]: length=31 accuarcy=0.7573 f1=0.7627 precision=0.7638 recall=0.7636 roc=0.7597 
[2019-08-13 20:41:55,137]: length=61 accuarcy=0.7209 f1=0.7268 precision=0.7268 recall=0.7273 roc=0.7245 
[2019-08-13 20:42:03,321]: length=91 accuarcy=0.7655 f1=0.7715 precision=0.7735 recall=0.7727 roc=0.7682 
[2019-08-13 20:42:11,164]: length=121 accuarcy=0.7573 f1=0.7627 precision=0.7638 recall=0.7636 roc=0.7597 
[2019-08-13 20:42:19,233]: length=150 accuarcy=0.7300 f1=0.7356 precision=0.7360 recall=0.7364 roc=0.7330 
[2019-08-13 20:42:19,234]: ----------
[2019-08-13 20:42:19,234]: the max acc = 0.7655
[2019-08-13 20:42:19,235]: ['uncharger.uncharger.gap3' 'alphaticr.alphaticr.gap4'
 'aromatic.uncharger.gap0' 'postivecharger.aromatic.gap3'
 'uncharger.postivecharger.gap2' 'aromatic.uncharger.gap4'
 'uncharger.aromatic.gap5' 'aromatic.negativecharger.gap0'
 'negativecharger.alphaticr.gap4' 'postivecharger.negativecharger.gap5'
 'alphaticr.alphaticr.gap0' 'alphaticr.postivecharger.gap3'
 'postivecharger.uncharger.gap5' 'uncharger.alphaticr.gap3'
 'alphaticr.aromatic.gap2' 'uncharger.uncharger.gap2'
 'aromatic.postivecharger.gap5' 'alphaticr.negativecharger.gap4'
 'postivecharger.postivecharger.gap4' 'uncharger.negativecharger.gap1'
 'uncharger.aromatic.gap1' 'uncharger.negativecharger.gap5'
 'aromatic.uncharger.gap5' 'alphaticr.alphaticr.gap5'
 'uncharger.alphaticr.gap2' 'postivecharger.alphaticr.gap1'
 'alphaticr.postivecharger.gap2' 'alphaticr.alphaticr.gap1'
 'postivecharger.uncharger.gap0' 'alphaticr.negativecharger.gap3'
 'postivecharger.uncharger.gap2' 'uncharger.postivecharger.gap5'
 'aromatic.uncharger.gap2' 'aromatic.negativecharger.gap5'
 'postivecharger.postivecharger.gap1' 'alphaticr.negativecharger.gap5'
 'postivecharger.uncharger.gap3' 'negativecharger.uncharger.gap2'
 'postivecharger.uncharger.gap4' 'postivecharger.alphaticr.gap3'
 'postivecharger.alphaticr.gap0' 'uncharger.alphaticr.gap0'
 'negativecharger.alphaticr.gap0' 'uncharger.alphaticr.gap5'
 'aromatic.uncharger.gap1' 'uncharger.aromatic.gap0'
 'uncharger.postivecharger.gap4' 'uncharger.postivecharger.gap0'
 'uncharger.alphaticr.gap1' 'aromatic.alphaticr.gap4'
 'alphaticr.postivecharger.gap4' 'uncharger.negativecharger.gap3'
 'negativecharger.postivecharger.gap2' 'uncharger.postivecharger.gap1'
 'negativecharger.alphaticr.gap3' 'negativecharger.alphaticr.gap5'
 'alphaticr.aromatic.gap4' 'postivecharger.aromatic.gap5'
 'postivecharger.negativecharger.gap0' 'negativecharger.aromatic.gap2'
 'negativecharger.aromatic.gap3' 'aromatic.postivecharger.gap4'
 'postivecharger.postivecharger.gap5' 'uncharger.aromatic.gap4'
 'negativecharger.uncharger.gap5' 'aromatic.alphaticr.gap5'
 'negativecharger.negativecharger.gap2'
 'negativecharger.postivecharger.gap4' 'alphaticr.uncharger.gap4'
 'uncharger.aromatic.gap3' 'aromatic.negativecharger.gap2'
 'postivecharger.aromatic.gap1' 'aromatic.aromatic.gap0'
 'aromatic.postivecharger.gap2' 'alphaticr.negativecharger.gap0'
 'negativecharger.uncharger.gap3' 'alphaticr.postivecharger.gap5'
 'alphaticr.negativecharger.gap1' 'aromatic.alphaticr.gap1'
 'uncharger.postivecharger.gap3' 'aromatic.postivecharger.gap0'
 'postivecharger.negativecharger.gap1' 'alphaticr.uncharger.gap0'
 'alphaticr.uncharger.gap2' 'aromatic.postivecharger.gap3'
 'negativecharger.negativecharger.gap4' 'uncharger.negativecharger.gap0'
 'postivecharger.negativecharger.gap2' 'uncharger.negativecharger.gap4'
 'postivecharger.aromatic.gap2' 'alphaticr.uncharger.gap5'],length = 91
[2019-08-13 20:42:19,235]: -----------
[2019-08-13 20:42:22,950]: ***confusion matrix***
[2019-08-13 20:42:22,950]:                pos_class      neg_class      
[2019-08-13 20:42:22,950]: pos_class      TP:49             FN:10             
[2019-08-13 20:42:22,950]: neg_class      FP:15             TN:36             
[2019-08-13 20:42:22,950]: accuarcy = 0.7727272727272727 
[2019-08-13 20:42:22,951]: precision =0.7734992588932806 
[2019-08-13 20:42:22,952]: recall =0.7727272727272727
[2019-08-13 20:42:22,952]: f1 =0.7714890925853963 
[2019-08-13 20:42:22,953]: roc area = 0.7681954137587238
