[2019-08-15 19:01:18,221]: ---mrmd 2.0 start----
[2019-08-15 19:01:18,263]: ANOVA start...
[2019-08-15 19:01:18,277]: ANOVA end.
[2019-08-15 19:01:18,277]: mic start...
[2019-08-15 19:01:23,699]: mic end.
[2019-08-15 19:01:23,699]: mrmd start...
[2019-08-15 19:01:23,951]: mrmd end.
[2019-08-15 19:01:23,951]: mRMR start...
[2019-08-15 19:01:24,071]: mRMR end.
[2019-08-15 19:01:24,071]: lasso start...
[2019-08-15 19:01:24,098]: lasso end.
[2019-08-15 19:01:24,098]: lasso2 start...
[2019-08-15 19:01:24,869]: lasso2 end.
[2019-08-15 19:01:24,872]: rank start ...
[2019-08-15 19:01:24,886]: The final  rank is
[2019-08-15 19:01:24,886]: Janin_P : 0.0092
[2019-08-15 19:01:24,886]: Engelman_GES_R : 0.0075
[2019-08-15 19:01:24,886]: Cornette_C : 0.0072
[2019-08-15 19:01:24,886]: Janin_D : 0.0072
[2019-08-15 19:01:24,887]: Rose_I : 0.0071
[2019-08-15 19:01:24,887]: Hopp_Woods_R : 0.0070
[2019-08-15 19:01:24,887]: Cornette_T : 0.0070
[2019-08-15 19:01:24,887]: Cornette_P : 0.0070
[2019-08-15 19:01:24,887]: hydrophily : 0.0069
[2019-08-15 19:01:24,887]: Cornette_V : 0.0068
[2019-08-15 19:01:24,887]: Rose_S : 0.0068
[2019-08-15 19:01:24,887]: Janin_Q : 0.0068
[2019-08-15 19:01:24,887]: polar : 0.0068
[2019-08-15 19:01:24,887]: Engelman_GES_D : 0.0068
[2019-08-15 19:01:24,888]: Kyte_Doolittle_I : 0.0067
[2019-08-15 19:01:24,888]: Eisenberg_R : 0.0067
[2019-08-15 19:01:24,888]: Cornette_F : 0.0066
[2019-08-15 19:01:24,888]: Cornette_L : 0.0066
[2019-08-15 19:01:24,888]: Kyte_Doolittle_A : 0.0066
[2019-08-15 19:01:24,888]: basic_polar : 0.0066
[2019-08-15 19:01:24,888]: Janin_R : 0.0066
[2019-08-15 19:01:24,888]: Engelman_GES_S : 0.0065
[2019-08-15 19:01:24,888]: Hopp_Woods_A : 0.0065
[2019-08-15 19:01:24,888]: Eisenberg_N : 0.0065
[2019-08-15 19:01:24,888]: Hopp_Woods_D : 0.0065
[2019-08-15 19:01:24,888]: Janin_T : 0.0064
[2019-08-15 19:01:24,888]: Hopp_Woods_I : 0.0064
[2019-08-15 19:01:24,889]: Engelman_GES_Q : 0.0064
[2019-08-15 19:01:24,889]: Rose_L : 0.0064
[2019-08-15 19:01:24,889]: Rose_H : 0.0063
[2019-08-15 19:01:24,889]: Rose_T : 0.0063
[2019-08-15 19:01:24,889]: Rose_R : 0.0062
[2019-08-15 19:01:24,889]: Janin_N : 0.0062
[2019-08-15 19:01:24,889]: Cornette_K : 0.0062
[2019-08-15 19:01:24,889]: Engelman_GES_N : 0.0062
[2019-08-15 19:01:24,889]: Engelman_GES_W : 0.0062
[2019-08-15 19:01:24,889]: Rose_W : 0.0061
[2019-08-15 19:01:24,889]: Engelman_GES_G : 0.0061
[2019-08-15 19:01:24,889]: Janin_V : 0.0060
[2019-08-15 19:01:24,890]: Kyte_Doolittle_C : 0.0060
[2019-08-15 19:01:24,890]: Cornette_W : 0.0059
[2019-08-15 19:01:24,890]: Janin_S : 0.0059
[2019-08-15 19:01:24,890]: Eisenberg_S : 0.0059
[2019-08-15 19:01:24,890]: Janin_M : 0.0059
[2019-08-15 19:01:24,890]: Hopp_Woods_T : 0.0059
[2019-08-15 19:01:24,890]: Cornette_Y : 0.0059
[2019-08-15 19:01:24,890]: Kyte_Doolittle_Y : 0.0059
[2019-08-15 19:01:24,890]: Kyte_Doolittle_Q : 0.0059
[2019-08-15 19:01:24,890]: Eisenberg_W : 0.0059
[2019-08-15 19:01:24,890]: moderate : 0.0058
[2019-08-15 19:01:24,890]: Engelman_GES_L : 0.0058
[2019-08-15 19:01:24,891]: nonpolar : 0.0058
[2019-08-15 19:01:24,891]: C : 0.0058
[2019-08-15 19:01:24,891]: alphatic : 0.0058
[2019-08-15 19:01:24,891]: Hopp_Woods_E : 0.0057
[2019-08-15 19:01:24,891]: G : 0.0057
[2019-08-15 19:01:24,891]: W : 0.0057
[2019-08-15 19:01:24,891]: Hopp_Woods_N : 0.0057
[2019-08-15 19:01:24,891]: aliphatic : 0.0057
[2019-08-15 19:01:24,891]: negative : 0.0057
[2019-08-15 19:01:24,891]: Kyte_Doolittle_W : 0.0057
[2019-08-15 19:01:24,891]: Kyte_Doolittle_K : 0.0057
[2019-08-15 19:01:24,892]: P : 0.0057
[2019-08-15 19:01:24,892]: D : 0.0057
[2019-08-15 19:01:24,892]: Eisenberg_L : 0.0057
[2019-08-15 19:01:24,892]: Eisenberg_Y : 0.0057
[2019-08-15 19:01:24,892]: Rose_M : 0.0057
[2019-08-15 19:01:24,892]: postivecharge : 0.0057
[2019-08-15 19:01:24,892]: Engelman_GES_K : 0.0057
[2019-08-15 19:01:24,892]: Kyte_Doolittle_H : 0.0057
[2019-08-15 19:01:24,892]: Hopp_Woods_H : 0.0056
[2019-08-15 19:01:24,892]: Hopp_Woods_F : 0.0056
[2019-08-15 19:01:24,892]: Eisenberg_I : 0.0056
[2019-08-15 19:01:24,892]: Cornette_I : 0.0056
[2019-08-15 19:01:24,893]: Cornette_H : 0.0056
[2019-08-15 19:01:24,893]: Janin_W : 0.0056
[2019-08-15 19:01:24,893]: Kyte_Doolittle_F : 0.0056
[2019-08-15 19:01:24,893]: Engelman_GES_I : 0.0056
[2019-08-15 19:01:24,893]: Engelman_GES_M : 0.0056
[2019-08-15 19:01:24,893]: Engelman_GES_V : 0.0056
[2019-08-15 19:01:24,893]: Kyte_Doolittle_L : 0.0056
[2019-08-15 19:01:24,893]: positve : 0.0056
[2019-08-15 19:01:24,893]: Janin_L : 0.0056
[2019-08-15 19:01:24,893]: Janin_F : 0.0055
[2019-08-15 19:01:24,893]: Hopp_Woods_V : 0.0055
[2019-08-15 19:01:24,893]: Cornette_A : 0.0055
[2019-08-15 19:01:24,893]: T : 0.0055
[2019-08-15 19:01:24,894]: I : 0.0055
[2019-08-15 19:01:24,894]: Hopp_Woods_S : 0.0055
[2019-08-15 19:01:24,894]: Eisenberg_D : 0.0055
[2019-08-15 19:01:24,894]: Cornette_D : 0.0055
[2019-08-15 19:01:24,894]: H : 0.0055
[2019-08-15 19:01:24,894]: Kyte_Doolittle_N : 0.0055
[2019-08-15 19:01:24,894]: Cornette_E : 0.0055
[2019-08-15 19:01:24,894]: Rose_F : 0.0055
[2019-08-15 19:01:24,894]: A : 0.0055
[2019-08-15 19:01:24,894]: S : 0.0055
[2019-08-15 19:01:24,894]: Janin_E : 0.0055
[2019-08-15 19:01:24,895]: Kyte_Doolittle_D : 0.0055
[2019-08-15 19:01:24,895]: aromatic : 0.0055
[2019-08-15 19:01:24,895]: Engelman_GES_A : 0.0055
[2019-08-15 19:01:24,895]: Eisenberg_G : 0.0055
[2019-08-15 19:01:24,895]: Engelman_GES_F : 0.0055
[2019-08-15 19:01:24,895]: Rose_C : 0.0055
[2019-08-15 19:01:24,895]: Kyte_Doolittle_E : 0.0055
[2019-08-15 19:01:24,895]: Kyte_Doolittle_V : 0.0055
[2019-08-15 19:01:24,895]: Rose_A : 0.0055
[2019-08-15 19:01:24,895]: R : 0.0055
[2019-08-15 19:01:24,895]: Engelman_GES_E : 0.0055
[2019-08-15 19:01:24,895]: Eisenberg_K : 0.0055
[2019-08-15 19:01:24,896]: Hopp_Woods_L : 0.0054
[2019-08-15 19:01:24,896]: Janin_Y : 0.0054
[2019-08-15 19:01:24,896]: Rose_D : 0.0054
[2019-08-15 19:01:24,896]: Rose_P : 0.0054
[2019-08-15 19:01:24,896]: Eisenberg_F : 0.0054
[2019-08-15 19:01:24,896]: Kyte_Doolittle_S : 0.0054
[2019-08-15 19:01:24,896]: Q : 0.0054
[2019-08-15 19:01:24,896]: Kyte_Doolittle_G : 0.0054
[2019-08-15 19:01:24,896]: Hopp_Woods_C : 0.0054
[2019-08-15 19:01:24,896]: F : 0.0054
[2019-08-15 19:01:24,896]: Janin_H : 0.0054
[2019-08-15 19:01:24,897]: Cornette_S : 0.0054
[2019-08-15 19:01:24,897]: Cornette_M : 0.0054
[2019-08-15 19:01:24,897]: Engelman_GES_Y : 0.0054
[2019-08-15 19:01:24,897]: hydrophobicity : 0.0054
[2019-08-15 19:01:24,897]: E : 0.0054
[2019-08-15 19:01:24,897]: L : 0.0054
[2019-08-15 19:01:24,897]: Rose_E : 0.0054
[2019-08-15 19:01:24,897]: V : 0.0054
[2019-08-15 19:01:24,897]: negativecharge : 0.0054
[2019-08-15 19:01:24,897]: Eisenberg_V : 0.0054
[2019-08-15 19:01:24,897]: K : 0.0053
[2019-08-15 19:01:24,897]: Hopp_Woods_K : 0.0053
[2019-08-15 19:01:24,898]: Janin_I : 0.0053
[2019-08-15 19:01:24,898]: Eisenberg_H : 0.0053
[2019-08-15 19:01:24,898]: Rose_N : 0.0053
[2019-08-15 19:01:24,898]: Janin_K : 0.0053
[2019-08-15 19:01:24,898]: Hopp_Woods_Y : 0.0053
[2019-08-15 19:01:24,898]: Eisenberg_P : 0.0053
[2019-08-15 19:01:24,898]: N : 0.0053
[2019-08-15 19:01:24,898]: Hopp_Woods_W : 0.0053
[2019-08-15 19:01:24,898]: Engelman_GES_P : 0.0053
[2019-08-15 19:01:24,898]: uncharge : 0.0053
[2019-08-15 19:01:24,898]: Rose_Q : 0.0053
[2019-08-15 19:01:24,898]: Hopp_Woods_Q : 0.0053
[2019-08-15 19:01:24,899]: Rose_V : 0.0053
[2019-08-15 19:01:24,899]: Janin_A : 0.0052
[2019-08-15 19:01:24,899]: Kyte_Doolittle_R : 0.0052
[2019-08-15 19:01:24,899]: Janin_C : 0.0052
[2019-08-15 19:01:24,899]: Y : 0.0052
[2019-08-15 19:01:24,899]: Eisenberg_A : 0.0052
[2019-08-15 19:01:24,899]: Cornette_Q : 0.0052
[2019-08-15 19:01:24,900]: heterocyclics : 0.0052
[2019-08-15 19:01:24,900]: Kyte_Doolittle_M : 0.0051
[2019-08-15 19:01:24,900]: Kyte_Doolittle_P : 0.0051
[2019-08-15 19:01:24,900]: Engelman_GES_H : 0.0051
[2019-08-15 19:01:24,900]: Engelman_GES_T : 0.0051
[2019-08-15 19:01:24,900]: Rose_K : 0.0050
[2019-08-15 19:01:24,900]: neutral : 0.0050
[2019-08-15 19:01:24,901]: Eisenberg_C : 0.0050
[2019-08-15 19:01:24,901]: Eisenberg_E : 0.0050
[2019-08-15 19:01:24,901]: Engelman_GES_C : 0.0050
[2019-08-15 19:01:24,901]: Eisenberg_M : 0.0049
[2019-08-15 19:01:24,901]: Hopp_Woods_M : 0.0048
[2019-08-15 19:01:24,901]: Kyte_Doolittle_T : 0.0046
[2019-08-15 19:01:24,901]: acidic_polar : 0.0045
[2019-08-15 19:01:24,901]: Cornette_R : 0.0045
[2019-08-15 19:01:24,901]: Eisenberg_Q : 0.0044
[2019-08-15 19:01:24,902]: M : 0.0044
[2019-08-15 19:01:24,902]: Janin_G : 0.0044
[2019-08-15 19:01:24,902]: Rose_Y : 0.0044
[2019-08-15 19:01:24,902]: Rose_G : 0.0043
[2019-08-15 19:01:24,902]: aromatic.1 : 0.0043
[2019-08-15 19:01:24,902]: Eisenberg_T : 0.0039
[2019-08-15 19:01:24,902]: Cornette_N : 0.0035
[2019-08-15 19:01:24,902]: Cornette_G : 0.0030
[2019-08-15 19:01:24,902]: Hopp_Woods_G : 0.0025
[2019-08-15 19:01:24,902]: Hopp_Woods_P : 0.0020
[2019-08-15 19:01:24,902]: feature_rank end
[2019-08-15 19:01:24,923]: Start dimension reduction ...
[2019-08-15 19:01:29,222]: length=1 f1=0.7382 accuarcy=0.7609 precision=0.8329 recall=0.7609 roc=0.7317 
[2019-08-15 19:01:33,606]: length=6 f1=0.8910 accuarcy=0.8913 precision=0.8915 recall=0.8913 roc=0.8876 
[2019-08-15 19:01:37,911]: length=11 f1=0.8143 accuarcy=0.8152 precision=0.8152 recall=0.8152 roc=0.8094 
[2019-08-15 19:01:42,071]: length=16 f1=0.8696 accuarcy=0.8696 precision=0.8696 recall=0.8696 roc=0.8680 
