[2019-08-15 16:55:14,741]: ---mrmd 2.0 start----
[2019-08-15 16:55:14,776]: ANOVA start...
[2019-08-15 16:55:14,788]: ANOVA end.
[2019-08-15 16:55:14,789]: mic start...
[2019-08-15 16:55:19,994]: mic end.
[2019-08-15 16:55:19,995]: mrmd start...
[2019-08-15 16:55:20,258]: mrmd end.
[2019-08-15 16:55:20,259]: mRMR start...
[2019-08-15 16:55:20,388]: mRMR end.
[2019-08-15 16:55:20,389]: lasso start...
[2019-08-15 16:55:20,415]: lasso end.
[2019-08-15 16:55:20,415]: lasso2 start...
[2019-08-15 16:55:21,183]: lasso2 end.
[2019-08-15 16:55:21,186]: rank start ...
[2019-08-15 16:55:21,201]: The final  rank is
[2019-08-15 16:55:21,201]: Janin_P : 0.0092
[2019-08-15 16:55:21,201]: Engelman_GES_R : 0.0075
[2019-08-15 16:55:21,202]: Cornette_C : 0.0072
[2019-08-15 16:55:21,202]: Janin_D : 0.0072
[2019-08-15 16:55:21,202]: Rose_I : 0.0071
[2019-08-15 16:55:21,202]: Hopp_Woods_R : 0.0070
[2019-08-15 16:55:21,202]: Cornette_T : 0.0070
[2019-08-15 16:55:21,202]: Cornette_P : 0.0070
[2019-08-15 16:55:21,202]: hydrophily : 0.0069
[2019-08-15 16:55:21,202]: Cornette_V : 0.0068
[2019-08-15 16:55:21,202]: Rose_S : 0.0068
[2019-08-15 16:55:21,202]: Janin_Q : 0.0068
[2019-08-15 16:55:21,202]: polar : 0.0068
[2019-08-15 16:55:21,202]: Engelman_GES_D : 0.0068
[2019-08-15 16:55:21,203]: Kyte_Doolittle_I : 0.0067
[2019-08-15 16:55:21,203]: Eisenberg_R : 0.0067
[2019-08-15 16:55:21,203]: Cornette_F : 0.0066
[2019-08-15 16:55:21,203]: Cornette_L : 0.0066
[2019-08-15 16:55:21,203]: Kyte_Doolittle_A : 0.0066
[2019-08-15 16:55:21,203]: basic_polar : 0.0066
[2019-08-15 16:55:21,203]: Janin_R : 0.0066
[2019-08-15 16:55:21,203]: Engelman_GES_S : 0.0065
[2019-08-15 16:55:21,203]: Hopp_Woods_A : 0.0065
[2019-08-15 16:55:21,203]: Eisenberg_N : 0.0065
[2019-08-15 16:55:21,203]: Hopp_Woods_D : 0.0065
[2019-08-15 16:55:21,204]: Janin_T : 0.0064
[2019-08-15 16:55:21,204]: Hopp_Woods_I : 0.0064
[2019-08-15 16:55:21,204]: Engelman_GES_Q : 0.0064
[2019-08-15 16:55:21,204]: Rose_L : 0.0064
[2019-08-15 16:55:21,204]: Rose_H : 0.0063
[2019-08-15 16:55:21,204]: Rose_T : 0.0063
[2019-08-15 16:55:21,204]: Rose_R : 0.0062
[2019-08-15 16:55:21,204]: Janin_N : 0.0062
[2019-08-15 16:55:21,205]: Cornette_K : 0.0062
[2019-08-15 16:55:21,205]: Engelman_GES_N : 0.0062
[2019-08-15 16:55:21,205]: Engelman_GES_W : 0.0062
[2019-08-15 16:55:21,205]: Rose_W : 0.0061
[2019-08-15 16:55:21,205]: Engelman_GES_G : 0.0061
[2019-08-15 16:55:21,205]: Janin_V : 0.0060
[2019-08-15 16:55:21,205]: Kyte_Doolittle_C : 0.0060
[2019-08-15 16:55:21,205]: Cornette_W : 0.0059
[2019-08-15 16:55:21,205]: Janin_S : 0.0059
[2019-08-15 16:55:21,205]: Eisenberg_S : 0.0059
[2019-08-15 16:55:21,206]: Janin_M : 0.0059
[2019-08-15 16:55:21,206]: Hopp_Woods_T : 0.0059
[2019-08-15 16:55:21,206]: Cornette_Y : 0.0059
[2019-08-15 16:55:21,206]: Kyte_Doolittle_Y : 0.0059
[2019-08-15 16:55:21,206]: Kyte_Doolittle_Q : 0.0059
[2019-08-15 16:55:21,206]: Eisenberg_W : 0.0059
[2019-08-15 16:55:21,206]: moderate : 0.0058
[2019-08-15 16:55:21,206]: Engelman_GES_L : 0.0058
[2019-08-15 16:55:21,206]: nonpolar : 0.0058
[2019-08-15 16:55:21,206]: C : 0.0058
[2019-08-15 16:55:21,206]: alphatic : 0.0058
[2019-08-15 16:55:21,207]: Hopp_Woods_E : 0.0057
[2019-08-15 16:55:21,207]: G : 0.0057
[2019-08-15 16:55:21,207]: W : 0.0057
[2019-08-15 16:55:21,207]: Hopp_Woods_N : 0.0057
[2019-08-15 16:55:21,207]: aliphatic : 0.0057
[2019-08-15 16:55:21,207]: negative : 0.0057
[2019-08-15 16:55:21,207]: Kyte_Doolittle_W : 0.0057
[2019-08-15 16:55:21,207]: Kyte_Doolittle_K : 0.0057
[2019-08-15 16:55:21,207]: P : 0.0057
[2019-08-15 16:55:21,207]: D : 0.0057
[2019-08-15 16:55:21,207]: Eisenberg_L : 0.0057
[2019-08-15 16:55:21,208]: Eisenberg_Y : 0.0057
[2019-08-15 16:55:21,208]: Rose_M : 0.0057
[2019-08-15 16:55:21,208]: postivecharge : 0.0057
[2019-08-15 16:55:21,208]: Engelman_GES_K : 0.0057
[2019-08-15 16:55:21,208]: Kyte_Doolittle_H : 0.0057
[2019-08-15 16:55:21,208]: Hopp_Woods_H : 0.0056
[2019-08-15 16:55:21,208]: Hopp_Woods_F : 0.0056
[2019-08-15 16:55:21,208]: Eisenberg_I : 0.0056
[2019-08-15 16:55:21,208]: Cornette_I : 0.0056
[2019-08-15 16:55:21,209]: Cornette_H : 0.0056
[2019-08-15 16:55:21,209]: Janin_W : 0.0056
[2019-08-15 16:55:21,209]: Kyte_Doolittle_F : 0.0056
[2019-08-15 16:55:21,209]: Engelman_GES_I : 0.0056
[2019-08-15 16:55:21,209]: Engelman_GES_M : 0.0056
[2019-08-15 16:55:21,209]: Engelman_GES_V : 0.0056
[2019-08-15 16:55:21,209]: Kyte_Doolittle_L : 0.0056
[2019-08-15 16:55:21,209]: positve : 0.0056
[2019-08-15 16:55:21,209]: Janin_L : 0.0056
[2019-08-15 16:55:21,209]: Janin_F : 0.0055
[2019-08-15 16:55:21,209]: Hopp_Woods_V : 0.0055
[2019-08-15 16:55:21,209]: Cornette_A : 0.0055
[2019-08-15 16:55:21,210]: T : 0.0055
[2019-08-15 16:55:21,210]: I : 0.0055
[2019-08-15 16:55:21,210]: Hopp_Woods_S : 0.0055
[2019-08-15 16:55:21,210]: Eisenberg_D : 0.0055
[2019-08-15 16:55:21,210]: Cornette_D : 0.0055
[2019-08-15 16:55:21,210]: H : 0.0055
[2019-08-15 16:55:21,210]: Kyte_Doolittle_N : 0.0055
[2019-08-15 16:55:21,210]: Cornette_E : 0.0055
[2019-08-15 16:55:21,210]: Rose_F : 0.0055
[2019-08-15 16:55:21,210]: A : 0.0055
[2019-08-15 16:55:21,210]: S : 0.0055
[2019-08-15 16:55:21,210]: Janin_E : 0.0055
[2019-08-15 16:55:21,211]: Kyte_Doolittle_D : 0.0055
[2019-08-15 16:55:21,211]: aromatic : 0.0055
[2019-08-15 16:55:21,211]: Engelman_GES_A : 0.0055
[2019-08-15 16:55:21,211]: Eisenberg_G : 0.0055
[2019-08-15 16:55:21,211]: Engelman_GES_F : 0.0055
[2019-08-15 16:55:21,211]: Rose_C : 0.0055
[2019-08-15 16:55:21,211]: Kyte_Doolittle_E : 0.0055
[2019-08-15 16:55:21,211]: Kyte_Doolittle_V : 0.0055
[2019-08-15 16:55:21,211]: Rose_A : 0.0055
[2019-08-15 16:55:21,211]: R : 0.0055
[2019-08-15 16:55:21,212]: Engelman_GES_E : 0.0055
[2019-08-15 16:55:21,212]: Eisenberg_K : 0.0055
[2019-08-15 16:55:21,212]: Hopp_Woods_L : 0.0054
[2019-08-15 16:55:21,212]: Janin_Y : 0.0054
[2019-08-15 16:55:21,212]: Rose_D : 0.0054
[2019-08-15 16:55:21,212]: Rose_P : 0.0054
[2019-08-15 16:55:21,212]: Eisenberg_F : 0.0054
[2019-08-15 16:55:21,212]: Kyte_Doolittle_S : 0.0054
[2019-08-15 16:55:21,212]: Q : 0.0054
[2019-08-15 16:55:21,213]: Kyte_Doolittle_G : 0.0054
[2019-08-15 16:55:21,213]: Hopp_Woods_C : 0.0054
[2019-08-15 16:55:21,213]: F : 0.0054
[2019-08-15 16:55:21,213]: Janin_H : 0.0054
[2019-08-15 16:55:21,213]: Cornette_S : 0.0054
[2019-08-15 16:55:21,213]: Cornette_M : 0.0054
[2019-08-15 16:55:21,213]: Engelman_GES_Y : 0.0054
[2019-08-15 16:55:21,213]: hydrophobicity : 0.0054
[2019-08-15 16:55:21,213]: E : 0.0054
[2019-08-15 16:55:21,213]: L : 0.0054
[2019-08-15 16:55:21,213]: Rose_E : 0.0054
[2019-08-15 16:55:21,214]: V : 0.0054
[2019-08-15 16:55:21,214]: negativecharge : 0.0054
[2019-08-15 16:55:21,214]: Eisenberg_V : 0.0054
[2019-08-15 16:55:21,214]: K : 0.0053
[2019-08-15 16:55:21,214]: Hopp_Woods_K : 0.0053
[2019-08-15 16:55:21,214]: Janin_I : 0.0053
[2019-08-15 16:55:21,214]: Eisenberg_H : 0.0053
[2019-08-15 16:55:21,214]: Rose_N : 0.0053
[2019-08-15 16:55:21,214]: Janin_K : 0.0053
[2019-08-15 16:55:21,214]: Hopp_Woods_Y : 0.0053
[2019-08-15 16:55:21,214]: Eisenberg_P : 0.0053
[2019-08-15 16:55:21,214]: N : 0.0053
[2019-08-15 16:55:21,215]: Hopp_Woods_W : 0.0053
[2019-08-15 16:55:21,215]: Engelman_GES_P : 0.0053
[2019-08-15 16:55:21,215]: uncharge : 0.0053
[2019-08-15 16:55:21,215]: Rose_Q : 0.0053
[2019-08-15 16:55:21,215]: Hopp_Woods_Q : 0.0053
[2019-08-15 16:55:21,215]: Rose_V : 0.0053
[2019-08-15 16:55:21,215]: Janin_A : 0.0052
[2019-08-15 16:55:21,215]: Kyte_Doolittle_R : 0.0052
[2019-08-15 16:55:21,215]: Janin_C : 0.0052
[2019-08-15 16:55:21,215]: Y : 0.0052
[2019-08-15 16:55:21,215]: Eisenberg_A : 0.0052
[2019-08-15 16:55:21,216]: Cornette_Q : 0.0052
[2019-08-15 16:55:21,216]: heterocyclics : 0.0052
[2019-08-15 16:55:21,216]: Kyte_Doolittle_M : 0.0051
[2019-08-15 16:55:21,216]: Kyte_Doolittle_P : 0.0051
[2019-08-15 16:55:21,216]: Engelman_GES_H : 0.0051
[2019-08-15 16:55:21,216]: Engelman_GES_T : 0.0051
[2019-08-15 16:55:21,216]: Rose_K : 0.0050
[2019-08-15 16:55:21,216]: neutral : 0.0050
[2019-08-15 16:55:21,216]: Eisenberg_C : 0.0050
[2019-08-15 16:55:21,216]: Eisenberg_E : 0.0050
[2019-08-15 16:55:21,216]: Engelman_GES_C : 0.0050
[2019-08-15 16:55:21,217]: Eisenberg_M : 0.0049
[2019-08-15 16:55:21,217]: Hopp_Woods_M : 0.0048
[2019-08-15 16:55:21,217]: Kyte_Doolittle_T : 0.0046
[2019-08-15 16:55:21,217]: acidic_polar : 0.0045
[2019-08-15 16:55:21,217]: Cornette_R : 0.0045
[2019-08-15 16:55:21,217]: Eisenberg_Q : 0.0044
[2019-08-15 16:55:21,217]: M : 0.0044
[2019-08-15 16:55:21,217]: Janin_G : 0.0044
[2019-08-15 16:55:21,218]: Rose_Y : 0.0044
[2019-08-15 16:55:21,218]: Rose_G : 0.0043
[2019-08-15 16:55:21,218]: aromatic.1 : 0.0043
[2019-08-15 16:55:21,218]: Eisenberg_T : 0.0039
[2019-08-15 16:55:21,218]: Cornette_N : 0.0035
[2019-08-15 16:55:21,218]: Cornette_G : 0.0030
[2019-08-15 16:55:21,218]: Hopp_Woods_G : 0.0025
[2019-08-15 16:55:21,218]: Hopp_Woods_P : 0.0020
[2019-08-15 16:55:21,218]: feature_rank end
[2019-08-15 16:55:21,242]: Start dimension reduction ...
[2019-08-15 16:55:25,879]: length=1 f1=0.7382 accuarcy=0.7609 precision=0.8329 recall=0.7609 roc=0.7317 
[2019-08-15 16:55:30,527]: length=6 f1=0.8910 accuarcy=0.8913 precision=0.8915 recall=0.8913 roc=0.8876 
[2019-08-15 16:55:35,249]: length=11 f1=0.8143 accuarcy=0.8152 precision=0.8152 recall=0.8152 roc=0.8094 
[2019-08-15 16:55:39,948]: length=16 f1=0.8696 accuarcy=0.8696 precision=0.8696 recall=0.8696 roc=0.8680 
[2019-08-15 16:55:44,537]: length=21 f1=0.8803 accuarcy=0.8804 precision=0.8803 recall=0.8804 roc=0.8778 
[2019-08-15 16:55:49,096]: length=26 f1=0.8692 accuarcy=0.8696 precision=0.8696 recall=0.8696 roc=0.8656 
[2019-08-15 16:55:53,701]: length=31 f1=0.8478 accuarcy=0.8478 precision=0.8478 recall=0.8478 roc=0.8460 
[2019-08-15 16:55:58,238]: length=36 f1=0.8696 accuarcy=0.8696 precision=0.8696 recall=0.8696 roc=0.8680 
[2019-08-15 16:56:02,587]: length=41 f1=0.8910 accuarcy=0.8913 precision=0.8915 recall=0.8913 roc=0.8876 
[2019-08-15 16:56:07,111]: length=46 f1=0.8692 accuarcy=0.8696 precision=0.8696 recall=0.8696 roc=0.8656 
[2019-08-15 16:56:11,832]: length=51 f1=0.8478 accuarcy=0.8478 precision=0.8478 recall=0.8478 roc=0.8460 
[2019-08-15 16:56:16,415]: length=56 f1=0.8474 accuarcy=0.8478 precision=0.8478 recall=0.8478 roc=0.8436 
[2019-08-15 16:56:20,704]: length=61 f1=0.8478 accuarcy=0.8478 precision=0.8478 recall=0.8478 roc=0.8460 
[2019-08-15 16:56:25,076]: length=66 f1=0.8367 accuarcy=0.8370 precision=0.8367 recall=0.8370 roc=0.8338 
[2019-08-15 16:56:29,529]: length=71 f1=0.8474 accuarcy=0.8478 precision=0.8478 recall=0.8478 roc=0.8436 
[2019-08-15 16:56:33,939]: length=76 f1=0.8580 accuarcy=0.8587 precision=0.8592 recall=0.8587 roc=0.8534 
[2019-08-15 16:56:38,928]: length=81 f1=0.8362 accuarcy=0.8370 precision=0.8372 recall=0.8370 roc=0.8314 
[2019-08-15 16:56:43,869]: length=86 f1=0.8574 accuarcy=0.8587 precision=0.8614 recall=0.8587 roc=0.8510 
[2019-08-15 16:56:48,003]: length=91 f1=0.8585 accuarcy=0.8587 precision=0.8585 recall=0.8587 roc=0.8558 
[2019-08-15 16:56:52,677]: length=96 f1=0.8580 accuarcy=0.8587 precision=0.8592 recall=0.8587 roc=0.8534 
[2019-08-15 16:56:57,096]: length=101 f1=0.8474 accuarcy=0.8478 precision=0.8478 recall=0.8478 roc=0.8436 
[2019-08-15 16:57:01,352]: length=106 f1=0.8367 accuarcy=0.8370 precision=0.8367 recall=0.8370 roc=0.8338 
[2019-08-15 16:57:06,324]: length=111 f1=0.8474 accuarcy=0.8478 precision=0.8478 recall=0.8478 roc=0.8436 
[2019-08-15 16:57:11,178]: length=116 f1=0.8478 accuarcy=0.8478 precision=0.8478 recall=0.8478 roc=0.8460 
[2019-08-15 16:57:15,465]: length=121 f1=0.8580 accuarcy=0.8587 precision=0.8592 recall=0.8587 roc=0.8534 
[2019-08-15 16:57:19,712]: length=126 f1=0.8580 accuarcy=0.8587 precision=0.8592 recall=0.8587 roc=0.8534 
[2019-08-15 16:57:24,181]: length=131 f1=0.8574 accuarcy=0.8587 precision=0.8614 recall=0.8587 roc=0.8510 
[2019-08-15 16:57:28,920]: length=136 f1=0.8355 accuarcy=0.8370 precision=0.8391 recall=0.8370 roc=0.8290 
[2019-08-15 16:57:33,528]: length=141 f1=0.8474 accuarcy=0.8478 precision=0.8478 recall=0.8478 roc=0.8436 
[2019-08-15 16:57:37,958]: length=146 f1=0.8580 accuarcy=0.8587 precision=0.8592 recall=0.8587 roc=0.8534 
[2019-08-15 16:57:42,689]: length=151 f1=0.8362 accuarcy=0.8370 precision=0.8372 recall=0.8370 roc=0.8314 
[2019-08-15 16:57:47,113]: length=156 f1=0.8474 accuarcy=0.8478 precision=0.8478 recall=0.8478 roc=0.8436 
[2019-08-15 16:57:51,916]: length=161 f1=0.8460 accuarcy=0.8478 precision=0.8518 recall=0.8478 roc=0.8388 
[2019-08-15 16:57:56,368]: length=166 f1=0.8362 accuarcy=0.8370 precision=0.8372 recall=0.8370 roc=0.8314 
[2019-08-15 16:58:00,682]: length=171 f1=0.8687 accuarcy=0.8696 precision=0.8712 recall=0.8696 roc=0.8632 
[2019-08-15 16:58:05,028]: length=176 f1=0.8362 accuarcy=0.8370 precision=0.8372 recall=0.8370 roc=0.8314 
[2019-08-15 16:58:09,664]: length=178 f1=0.8468 accuarcy=0.8478 precision=0.8491 recall=0.8478 roc=0.8412 
[2019-08-15 16:58:09,665]: ----------
[2019-08-15 16:58:09,665]: the max f1 = 0.8910
[2019-08-15 16:58:09,666]: ['Janin_P' 'Engelman_GES_R' 'Cornette_C' 'Janin_D' 'Rose_I' 'Hopp_Woods_R'],length = 6
[2019-08-15 16:58:09,666]: -----------
[2019-08-15 16:58:14,494]: ***confusion matrix***
[2019-08-15 16:58:14,494]:                pos_class      neg_class      
[2019-08-15 16:58:14,494]: pos_class      TP:35             FN:6              
[2019-08-15 16:58:14,495]: neg_class      FP:4              TN:47             
[2019-08-15 16:58:14,499]: f1 =0.8910 
[2019-08-15 16:58:14,499]: accuarcy = 0.8913 
[2019-08-15 16:58:14,501]: precision =0.8915 
[2019-08-15 16:58:14,502]: recall =0.8913
[2019-08-15 16:58:14,504]: roc area = 0.8876
[2019-08-15 16:58:14,513]: -----------
[2019-08-15 16:58:14,514]: The output by the terminal's log has been saved in the J:\多设备共享\work\MRMD2.0-github\Logs\201908151655.log.
[2019-08-15 16:58:14,514]: metrics have been saved in the J:\多设备共享\work\MRMD2.0-github\Results\meteixa.csv.
[2019-08-15 16:58:14,514]: reduced dimensional dataset has been saved in the J:\多设备共享\work\MRMD2.0-github\Results\rd.csv.
[2019-08-15 16:58:14,514]: ---mrmd 2.0 end---
